
          -------------------------------------------------------
          GBNSR6 2015                       
          -------------------------------------------------------

| Run on 09/26/2021 at 22:16:02
  [-O]verwriting output

File Assignments:
|  MDIN: ../../../scripts/gbnsr6.in                                            
| MDOUT: lig-gb.out                                                            
|INPCRD: ../top_crd/lig.crd                                                    
|  PARM: ../top_crd/lig.top                                                    
|

 Here is the input file:

compute                                                                        
&cntrl                                                                         
inp=1                                                                          
/                                                                              
&gb                                                                            
epsin=1.0, epsout=80, istrng=0, space=0.5,                                     
arcres=0.2, B=0.028, alpb=1, rbornstat=0, cavity_surften=0.005                 
/                                                                              

--------------------------------------------------------------------------------
   1.  RESOURCE   USE: 
--------------------------------------------------------------------------------

| Flags:                                                                        
| New format PARM file being parsed.
| Version =    1.000 Date = 09/26/21 Time = 22:06:52
 NATOM  =      64 NTYPES =      10 NBONH =      37 MBONA  =      26
 NTHETH =      87 MTHETA =      31 NPHIH =     135 MPHIA  =      64
 NHPARM =       0 NPARM  =       0 NNB   =     344 NRES   =       1
 NBONA  =      26 NTHETA =      31 NPHIA =      64 NUMBND =      12
 NUMANG =      28 NPTRA  =      33 NATYP =      10 NPHB   =       0
 IFBOX  =       0 NMXRS  =      64 IFCAP =       0 NEXTRA =       0
 NCOPY  =       0


|     Memory Use     Allocated
|     Real                2406
|     Hollerith            387
|     Integer            20768
|     Max Pairs              1
|     Max Rstack             1
|     Max Istack             1
|       Total              101 kbytes

| Note: 1-4 EEL scale factors are being read from the topology file.

--------------------------------------------------------------------------------
   2.  ATOMIC COORDINATES AND VELOCITIES
--------------------------------------------------------------------------------

default_name                                                                    
 begin time read from input coords =     0.000 ps

 Number of triangulated 3-point waters found:        0

--------------------------------------------------------------------------------
   3.  RESULTS
--------------------------------------------------------------------------------

 Cavity solvation energy      3.9300

 NSTEP =        1   TIME(PS) =       0.000  TEMP(K) =     0.00  PRESS =     0.0
 Etot   =        27.5524  EKtot   =         0.0000  EPtot      =         0.0000
 BOND   =         0.0000  ANGLE   =         0.0000  DIHED      =         0.0000
 1-4 NB =         0.0000  1-4 EEL =       366.7118  VDWAALS    =         0.0000
 EELEC  =      -306.2006  EGB     =       -36.8889  RESTRAINT  =         0.0000
 ESURF  =         3.9300
 ------------------------------------------------------------------------------



  Maximum number of minimization cycles reached.


                    FINAL RESULTS


 NSTEP =        1   TIME(PS) =       0.000  TEMP(K) =     0.00  PRESS =     0.0
 Etot   =        27.5524  EKtot   =         0.0000  EPtot      =         0.0000
 BOND   =         0.0000  ANGLE   =         0.0000  DIHED      =         0.0000
 1-4 NB =         0.0000  1-4 EEL =       366.7118  VDWAALS    =         0.0000
 EELEC  =      -306.2006  EGB     =       -36.8889  RESTRAINT  =         0.0000
 ESURF  =         3.9300
 ------------------------------------------------------------------------------

|           Job began  at 22:16:02.444  on 09/26/2021
|           Setup done at 22:16:02.451  on 09/26/2021
|           Run   done at 22:16:02.475  on 09/26/2021
|     wallclock() was called      72 times
