
          -------------------------------------------------------
          PBSA VERSION 2019                       UC Irvine
          -------------------------------------------------------

| Run on 08/29/2021 at 20:57:02

File Assignments:
|  MDIN: ../pbsa-script/mdin.in                                                
| MDOUT: complex-pb.out                                                        
|INPCRD: complex.crd                                                           
|  PARM: complex.prmtop                                                        
|

 Here is the input file:

Sample single point PB calculation                                             
&cntrl                                                                         
ipb=1, inp=1                                                                   
/                                                                              
&pb                                                                            
npbverb=1, fillratio=1.5, saopt=1, radiopt=0, epsin=1.0, epsout=80             
/                                                                              
 PBSA Warning in pb_read(): sprob=0.557 is optimized for inp=2 and  should not be used with inp=1. It has been reset to 1.4.
 PBSA Warning in pb_read(): cavity_surften=0.0378 is optimized for inp=2  and should not be used with inp=1. It has been reset to 0.005000.
 PBSA Warning in pb_read(): cavity_offset=-0.5692 is optimized for inp=2  and should not be used with inp=1. It has been reset to 0.000.

--------------------------------------------------------------------------------
   1.  RESOURCE   USE: 
--------------------------------------------------------------------------------

| Flags:                                                                        
| New format PARM file being parsed.
| Version =    1.000 Date = 08/29/21 Time = 16:02:29
 NATOM  =     226 NTYPES =       9 NBONH =      82 MBONA  =     164
 NTHETH =     182 MTHETA =     248 NPHIH =     360 MPHIA  =     391
 NHPARM =       0 NPARM  =       0 NNB   =    1329 NRES   =       2
 NBONA  =     164 NTHETA =     248 NPHIA =     391 NUMBND =      13
 NUMANG =      27 NPTRA  =      12 NATYP =      13 NPHB   =       0
 IFBOX  =       1 NMXRS  =     196 IFCAP =       0 NEXTRA =       0
 NCOPY  =       0


|     Memory Use     Allocated
|     Real                8463
|     Hollerith            682
|     Integer            29861
|     Max Pairs              1
|     Max Rstack             1
|     Max Istack             1
|       Total              185 kbytes

     BOX TYPE: RECTILINEAR

--------------------------------------------------------------------------------
   2.  CONTROL  DATA  FOR  THE  RUN
--------------------------------------------------------------------------------

default_name                                                                    

General flags:
     imin    =       1, nmropt  =       0

Nature and format of input:
     ntx     =       1, irest   =       0, ntrx    =       1

Nature and format of output:
     ntxo    =       1, ntpr    =      50, ntrx    =       1, ntwr    =     500
     iwrap   =       0, ntwx    =       0, ntwv    =       0, ntwe    =       0
     ioutfm  =       0, ntwprt  =       0, idecomp =       0, rbornstat=      0

Potential function:
     ntf     =       1, ntb     =       1, ipb     =       1, nsnb    =      25
     ipol    =       0, gbsa    =       0, iesp    =       0
     dielc   =   1.00000, cut     =   8.00000, intdiel =   1.00000

Frozen or restrained atoms:
     ibelly  =       0, ntr     =       0

Energy minimization:
     maxcyc  =       1, ncyc    =      10, ntmin   =       1
     dx0     =   0.01000, drms    =   0.00010

======== Implicit Solvent Initialization ========

     Max Nonbonded Pairs:    25538    25538

 no. of atoms processed in PB initialization:   226
  NUM  RESI  NAME  TYPE    CHARGE ATM CRG/H   GRP CRG   PB RADI   NP RADI
    1  OCB   C1    ca    0.009882  0.009882  0.145598  1.700000  1.699835
    2  OCB   C2    ca    0.035332  0.035332 -0.168894  1.700000  1.699835
    3  OCB   C3    ca   -0.255530 -0.082514 -0.062750  1.700000  1.699835
    4  OCB   C4    ca    0.035332  0.035332 -0.168894  1.700000  1.699835
    5  OCB   C5    ca   -0.071425  0.047507  0.118171  1.700000  1.699835
    6  OCB   C6    ca    0.009882  0.009882  0.145598  1.700000  1.699835
    7  OCB   O1    os   -0.261615 -0.261615  0.004318  1.500000  1.500006
    8  OCB   C7    c3    0.054418  0.182898  0.209997  1.700000  1.699835
    9  OCB   C8    c3    0.088961  0.230601 -0.291758  1.700000  1.699835
   10  OCB   O2    os   -0.261615 -0.261615  0.004318  1.500000  1.500006
   11  OCB   C9    ca    0.035332  0.035332 -0.168894  1.700000  1.699835
   12  OCB   C10   ca    0.009882  0.009882  0.145598  1.700000  1.699835
   13  OCB   C11   ca   -0.255530 -0.082514 -0.062750  1.700000  1.699835
   14  OCB   C12   ca   -0.071425  0.047507  0.118171  1.700000  1.699835
   15  OCB   C13   ca    0.009882  0.009882  0.145598  1.700000  1.699835
   16  OCB   C14   ca    0.035332  0.035332 -0.168894  1.700000  1.699835
   17  OCB   O3    os   -0.261615 -0.261615  0.004318  1.500000  1.500006
   18  OCB   C15   c3    0.054418  0.182898  0.209997  1.700000  1.699835
   19  OCB   C16   ca    0.009882  0.009882  0.145598  1.700000  1.699835
   20  OCB   C17   ca    0.035332  0.035332 -0.168894  1.700000  1.699835
   21  OCB   C18   c3    0.088961  0.230601 -0.291758  1.700000  1.699835
   22  OCB   O4    os   -0.261615 -0.261615  0.004318  1.500000  1.500006
   23  OCB   O5    os   -0.261615 -0.261615  0.004318  1.500000  1.500006
   24  OCB   C19   c3    0.054418  0.182898  0.209997  1.700000  1.699835
   25  OCB   C20   ca    0.009882  0.009882  0.145598  1.700000  1.699835
   26  OCB   O6    os   -0.261615 -0.261615  0.004318  1.500000  1.500006
   27  OCB   C21   ca    0.035332  0.035332 -0.168894  1.700000  1.699835
   28  OCB   C22   ca   -0.071425  0.047507  0.118171  1.700000  1.699835
   29  OCB   C23   ca    0.035332  0.035332 -0.168894  1.700000  1.699835
   30  OCB   C24   ca   -0.071425  0.047507  0.118171  1.700000  1.699835
   31  OCB   C25   ca    0.035332  0.035332 -0.168894  1.700000  1.699835
   32  OCB   O7    os   -0.261615 -0.261615  0.004318  1.500000  1.500006
   33  OCB   O8    os   -0.261615 -0.261615  0.004318  1.500000  1.500006
   34  OCB   C26   c3    0.088961  0.230601 -0.291758  1.700000  1.699835
   35  OCB   C27   ca   -0.255530 -0.082514 -0.062750  1.700000  1.699835
   36  OCB   C28   ca    0.009882  0.009882  0.145598  1.700000  1.699835
   37  OCB   C29   ca   -0.255530 -0.082514 -0.062750  1.700000  1.699835
   38  OCB   C30   c3    0.054418  0.182898  0.209997  1.700000  1.699835
   39  OCB   C31   ca    0.009882  0.009882  0.145598  1.700000  1.699835
   40  OCB   C32   c3    0.088961  0.230601 -0.291758  1.700000  1.699835
   41  OCB   C33   c3   -0.038039  0.007335  0.129843  1.700000  1.699835
   42  OCB   C34   c3    0.037236 -0.060390  0.744436  1.700000  1.699835
   43  OCB   C35   c     0.797491  0.797491 -0.938987  1.700000  1.699835
   44  OCB   O9    o    -0.838044 -0.838044 -0.040553  1.500000  1.479961
   45  OCB   C36   c3   -0.038039  0.007335  0.129843  1.700000  1.699835
   46  OCB   C37   c3    0.037236 -0.060390  0.744436  1.700000  1.699835
   47  OCB   C38   c     0.797491  0.797491 -0.938987  1.700000  1.699835
   48  OCB   O10   o    -0.838044 -0.838044 -0.040553  1.500000  1.479961
   49  OCB   C39   c3   -0.038039  0.007335  0.129843  1.700000  1.699835
   50  OCB   C40   c3    0.037236 -0.060390  0.744436  1.700000  1.699835
   51  OCB   C41   c     0.797491  0.797491 -0.938987  1.700000  1.699835
   52  OCB   O11   o    -0.838044 -0.838044 -0.040553  1.500000  1.479961
   53  OCB   C42   c3   -0.038039  0.007335  0.129843  1.700000  1.699835
   54  OCB   C43   c3    0.037236 -0.060390  0.744436  1.700000  1.699835
   55  OCB   C44   c     0.797491  0.797491 -0.938987  1.700000  1.699835
   56  OCB   O12   o    -0.838044 -0.838044 -0.040553  1.500000  1.479961
   57  OCB   C45   ca    0.000871  0.000871  0.300938  1.700000  1.699835
   58  OCB   C46   ca   -0.200215 -0.085046  0.189710  1.700000  1.699835
   59  OCB   C47   ca   -0.116374  0.034733  0.172982  1.700000  1.699835
   60  OCB   C48   ca   -0.116374  0.034733  0.172982  1.700000  1.699835
   61  OCB   C49   ca    0.137378  0.137378 -0.179000  1.700000  1.699835
   62  OCB   C50   ca    0.137378  0.137378 -0.179000  1.700000  1.699835
   63  OCB   C51   ca    0.000871  0.000871  0.300938  1.700000  1.699835
   64  OCB   C52   ca   -0.200215 -0.085046  0.189710  1.700000  1.699835
   65  OCB   C53   ca   -0.116374  0.034733  0.172982  1.700000  1.699835
   66  OCB   C54   ca   -0.116374  0.034733  0.172982  1.700000  1.699835
   67  OCB   C55   ca    0.137378  0.137378 -0.179000  1.700000  1.699835
   68  OCB   C56   ca    0.137378  0.137378 -0.179000  1.700000  1.699835
   69  OCB   C57   ca    0.000871  0.000871  0.300938  1.700000  1.699835
   70  OCB   C58   ca   -0.200215 -0.085046  0.189710  1.700000  1.699835
   71  OCB   C59   ca   -0.116374  0.034733  0.172982  1.700000  1.699835
   72  OCB   C60   ca   -0.116374  0.034733  0.172982  1.700000  1.699835
   73  OCB   C61   ca    0.137378  0.137378 -0.179000  1.700000  1.699835
   74  OCB   C62   ca    0.137378  0.137378 -0.179000  1.700000  1.699835
   75  OCB   C63   ca    0.000871  0.000871  0.300938  1.700000  1.699835
   76  OCB   C64   ca   -0.200215 -0.085046  0.189710  1.700000  1.699835
   77  OCB   C65   ca   -0.116374  0.034733  0.172982  1.700000  1.699835
   78  OCB   C66   ca   -0.116374  0.034733  0.172982  1.700000  1.699835
   79  OCB   C67   ca    0.137378  0.137378 -0.179000  1.700000  1.699835
   80  OCB   C68   ca    0.137378  0.137378 -0.179000  1.700000  1.699835
   81  OCB   O13   os   -0.266065 -0.266065 -0.088151  1.500000  1.500006
   82  OCB   O14   os   -0.266065 -0.266065 -0.088151  1.500000  1.500006
   83  OCB   O15   os   -0.266065 -0.266065 -0.088151  1.500000  1.500006
   84  OCB   O16   os   -0.266065 -0.266065 -0.088151  1.500000  1.500006
   85  OCB   O17   os   -0.266065 -0.266065 -0.088151  1.500000  1.500006
   86  OCB   O18   os   -0.266065 -0.266065 -0.088151  1.500000  1.500006
   87  OCB   O19   os   -0.266065 -0.266065 -0.088151  1.500000  1.500006
   88  OCB   C69   ca    0.040536  0.040536 -0.168260  1.700000  1.699835
   89  OCB   C70   ca   -0.180276 -0.017150 -0.036629  1.700000  1.699835
   90  OCB   C71   ca    0.074419  0.074419  0.154155  1.700000  1.699835
   91  OCB   C72   ca   -0.180276 -0.017150 -0.036629  1.700000  1.699835
   92  OCB   C73   ca   -0.060015 -0.060015  0.729671  1.700000  1.699835
   93  OCB   C74   ca    0.040536  0.040536 -0.168260  1.700000  1.699835
   94  OCB   O20   os   -0.266065 -0.266065 -0.088151  1.500000  1.500006
   95  OCB   C75   ca    0.040536  0.040536 -0.168260  1.700000  1.699835
   96  OCB   C76   ca   -0.180276 -0.017150 -0.036629  1.700000  1.699835
   97  OCB   C77   ca   -0.180276 -0.017150 -0.036629  1.700000  1.699835
   98  OCB   C78   ca    0.074419  0.074419  0.154155  1.700000  1.699835
   99  OCB   C79   ca    0.040536  0.040536 -0.168260  1.700000  1.699835
  100  OCB   C80   ca   -0.060015 -0.060015  0.729671  1.700000  1.699835
  101  OCB   C81   ca    0.040536  0.040536 -0.168260  1.700000  1.699835
  102  OCB   C82   ca   -0.180276 -0.017150 -0.036629  1.700000  1.699835
  103  OCB   C83   ca   -0.180276 -0.017150 -0.036629  1.700000  1.699835
  104  OCB   C84   ca    0.074419  0.074419  0.154155  1.700000  1.699835
  105  OCB   C85   ca    0.040536  0.040536 -0.168260  1.700000  1.699835
  106  OCB   C86   ca   -0.060015 -0.060015  0.729671  1.700000  1.699835
  107  OCB   C87   c     0.823986  0.823986 -0.861811  1.700000  1.699835
  108  OCB   O21   o    -0.812891 -0.812891  0.011095  1.500000  1.479961
  109  OCB   C88   c     0.823986  0.823986 -0.861811  1.700000  1.699835
  110  OCB   O22   o    -0.812891 -0.812891  0.011095  1.500000  1.479961
  111  OCB   C89   c     0.823986  0.823986 -0.861811  1.700000  1.699835
  112  OCB   O23   o    -0.812891 -0.812891  0.011095  1.500000  1.479961
  113  OCB   O24   o    -0.838044 -0.838044 -0.040553  1.500000  1.479961
  114  OCB   O25   o    -0.838044 -0.838044 -0.040553  1.500000  1.479961
  115  OCB   O26   o    -0.838044 -0.838044 -0.040553  1.500000  1.479961
  116  OCB   C90   c     0.823986  0.823986 -0.861811  1.700000  1.699835
  117  OCB   O27   o    -0.812891 -0.812891  0.011095  1.500000  1.479961
  118  OCB   O28   o    -0.812891 -0.812891  0.011095  1.500000  1.479961
  119  OCB   O29   o    -0.812891 -0.812891  0.011095  1.500000  1.479961
  120  OCB   O30   o    -0.812891 -0.812891  0.011095  1.500000  1.479961
  121  OCB   O31   o    -0.812891 -0.812891  0.011095  1.500000  1.479961
  122  OCB   O32   o    -0.838044 -0.838044 -0.040553  1.500000  1.479961
  123  OCB   C91   ca    0.040536  0.040536 -0.168260  1.700000  1.699835
  124  OCB   C92   ca   -0.180276 -0.017150 -0.036629  1.700000  1.699835
  125  OCB   C93   ca    0.074419  0.074419  0.154155  1.700000  1.699835
  126  OCB   C94   ca   -0.180276 -0.017150 -0.036629  1.700000  1.699835
  127  OCB   C95   ca   -0.060015 -0.060015  0.729671  1.700000  1.699835
  128  OCB   C96   ca    0.040536  0.040536 -0.168260  1.700000  1.699835
  129  OCB   C97   c3   -0.198625 -0.001336  0.073083  1.700000  1.699835
  130  OCB   C98   c3   -0.198625 -0.001336  0.073083  1.700000  1.699835
  131  OCB   C99   c3   -0.198625 -0.001336  0.073083  1.700000  1.699835
  132  OCB   C     c3   -0.198625 -0.001336  0.073083  1.700000  1.699835
  133  OCB   H1    ha    0.173016  0.173016  0.173016  1.300000  1.299821
  134  OCB   H2    ha    0.118932  0.118932  0.118932  1.300000  1.299821
  135  OCB   H3    hc    0.128480  0.128480  0.128480  1.300000  1.324766
  136  OCB   H4    h2    0.141640  0.141640  0.141640  1.300000  1.146587
  137  OCB   H5    ha    0.173016  0.173016  0.173016  1.300000  1.299821
  138  OCB   H6    ha    0.118932  0.118932  0.118932  1.300000  1.299821
  139  OCB   H7    hc    0.128480  0.128480  0.128480  1.300000  1.324766
  140  OCB   H8    h2    0.141640  0.141640  0.141640  1.300000  1.146587
  141  OCB   H9    hc    0.128480  0.128480  0.128480  1.300000  1.324766
  142  OCB   H10   ha    0.118932  0.118932  0.118932  1.300000  1.299821
  143  OCB   H11   ha    0.118932  0.118932  0.118932  1.300000  1.299821
  144  OCB   H12   h2    0.141640  0.141640  0.141640  1.300000  1.146587
  145  OCB   H13   ha    0.173016  0.173016  0.173016  1.300000  1.299821
  146  OCB   H14   ha    0.173016  0.173016  0.173016  1.300000  1.299821
  147  OCB   H15   hc    0.128480  0.128480  0.128480  1.300000  1.324766
  148  OCB   H16   h2    0.141640  0.141640  0.141640  1.300000  1.146587
  149  OCB   H17   hc    0.022687  0.022687  0.022687  1.300000  1.324766
  150  OCB   H18   hc    0.022687  0.022687  0.022687  1.300000  1.324766
  151  OCB   H19   hc   -0.048813 -0.048813 -0.048813  1.300000  1.324766
  152  OCB   H20   hc   -0.048813 -0.048813 -0.048813  1.300000  1.324766
  153  OCB   H21   hc    0.022687  0.022687  0.022687  1.300000  1.324766
  154  OCB   H22   hc    0.022687  0.022687  0.022687  1.300000  1.324766
  155  OCB   H23   hc   -0.048813 -0.048813 -0.048813  1.300000  1.324766
  156  OCB   H24   hc   -0.048813 -0.048813 -0.048813  1.300000  1.324766
  157  OCB   H25   hc    0.022687  0.022687  0.022687  1.300000  1.324766
  158  OCB   H26   hc    0.022687  0.022687  0.022687  1.300000  1.324766
  159  OCB   H27   hc   -0.048813 -0.048813 -0.048813  1.300000  1.324766
  160  OCB   H28   hc   -0.048813 -0.048813 -0.048813  1.300000  1.324766
  161  OCB   H29   hc    0.022687  0.022687  0.022687  1.300000  1.324766
  162  OCB   H30   hc    0.022687  0.022687  0.022687  1.300000  1.324766
  163  OCB   H31   hc   -0.048813 -0.048813 -0.048813  1.300000  1.324766
  164  OCB   H32   hc   -0.048813 -0.048813 -0.048813  1.300000  1.324766
  165  OCB   H33   ha    0.115169  0.115169  0.115169  1.300000  1.299821
  166  OCB   H34   ha    0.151107  0.151107  0.151107  1.300000  1.299821
  167  OCB   H35   ha    0.151107  0.151107  0.151107  1.300000  1.299821
  168  OCB   H36   ha    0.115169  0.115169  0.115169  1.300000  1.299821
  169  OCB   H37   ha    0.151107  0.151107  0.151107  1.300000  1.299821
  170  OCB   H38   ha    0.151107  0.151107  0.151107  1.300000  1.299821
  171  OCB   H39   ha    0.115169  0.115169  0.115169  1.300000  1.299821
  172  OCB   H40   ha    0.151107  0.151107  0.151107  1.300000  1.299821
  173  OCB   H41   ha    0.151107  0.151107  0.151107  1.300000  1.299821
  174  OCB   H42   ha    0.115169  0.115169  0.115169  1.300000  1.299821
  175  OCB   H43   ha    0.151107  0.151107  0.151107  1.300000  1.299821
  176  OCB   H44   ha    0.151107  0.151107  0.151107  1.300000  1.299821
  177  OCB   H45   ha    0.163126  0.163126  0.163126  1.300000  1.299821
  178  OCB   H46   ha    0.163126  0.163126  0.163126  1.300000  1.299821
  179  OCB   H47   ha    0.163126  0.163126  0.163126  1.300000  1.299821
  180  OCB   H48   ha    0.163126  0.163126  0.163126  1.300000  1.299821
  181  OCB   H49   ha    0.163126  0.163126  0.163126  1.300000  1.299821
  182  OCB   H50   ha    0.163126  0.163126  0.163126  1.300000  1.299821
  183  OCB   H51   ha    0.163126  0.163126  0.163126  1.300000  1.299821
  184  OCB   H52   ha    0.163126  0.163126  0.163126  1.300000  1.299821
  185  OCB   H53   hc    0.065763  0.065763  0.065763  1.300000  1.324766
  186  OCB   H54   hc    0.065763  0.065763  0.065763  1.300000  1.324766
  187  OCB   H55   hc    0.065763  0.065763  0.065763  1.300000  1.324766
  188  OCB   H56   hc    0.065763  0.065763  0.065763  1.300000  1.324766
  189  OCB   H57   hc    0.065763  0.065763  0.065763  1.300000  1.324766
  190  OCB   H58   hc    0.065763  0.065763  0.065763  1.300000  1.324766
  191  OCB   H59   hc    0.065763  0.065763  0.065763  1.300000  1.324766
  192  OCB   H60   hc    0.065763  0.065763  0.065763  1.300000  1.324766
  193  OCB   H61   hc    0.065763  0.065763  0.065763  1.300000  1.324766
  194  OCB   H62   hc    0.065763  0.065763  0.065763  1.300000  1.324766
  195  OCB   H63   hc    0.065763  0.065763  0.065763  1.300000  1.324766
  196  OCB   H64   hc    0.065763  0.065763  0.065763  1.300000  1.324766
  197  MOL   C1    ca   -0.101785  0.055026  0.062316  1.700000  1.699835
  198  MOL   C2    ca   -0.160016  0.003645  0.071404  1.700000  1.699835
  199  MOL   C3    ca   -0.121077  0.012733  0.017847  1.700000  1.699835
  200  MOL   C4    ca    0.001469  0.001469  0.087043  1.700000  1.699835
  201  MOL   C5    ca   -0.121077  0.012733  0.017847  1.700000  1.699835
  202  MOL   C6    ca   -0.160016  0.003645  0.071404  1.700000  1.699835
  203  MOL   C7    c3   -0.183884  0.060108  0.224796  1.700000  1.699835
  204  MOL   C8    c3   -0.104383  0.163219  0.269330  1.700000  1.699835
  205  MOL   N1    n4    0.046003  0.046003  0.850637  1.550000  1.624999
  206  MOL   C9    c3   -0.125378  0.213805  0.259808  1.700000  1.699835
  207  MOL   C10   c3   -0.125378  0.213805  0.259808  1.700000  1.699835
  208  MOL   C11   c3   -0.125378  0.213805  0.259808  1.700000  1.699835
  209  MOL   H1    hx    0.113061  0.113061  0.113061  1.300000  0.979989
  210  MOL   H2    hx    0.113061  0.113061  0.113061  1.300000  0.979989
  211  MOL   H3    hx    0.113061  0.113061  0.113061  1.300000  0.979989
  212  MOL   H4    hx    0.113061  0.113061  0.113061  1.300000  0.979989
  213  MOL   H5    hx    0.113061  0.113061  0.113061  1.300000  0.979989
  214  MOL   H6    hx    0.113061  0.113061  0.113061  1.300000  0.979989
  215  MOL   H7    hx    0.113061  0.113061  0.113061  1.300000  0.979989
  216  MOL   H8    hx    0.113061  0.113061  0.113061  1.300000  0.979989
  217  MOL   H9    hx    0.113061  0.113061  0.113061  1.300000  0.979989
  218  MOL   H10   ha    0.156811  0.156811  0.156811  1.300000  1.299821
  219  MOL   H11   ha    0.163661  0.163661  0.163661  1.300000  1.299821
  220  MOL   H12   ha    0.133810  0.133810  0.133810  1.300000  1.299821
  221  MOL   H13   ha    0.133810  0.133810  0.133810  1.300000  1.299821
  222  MOL   H14   ha    0.163661  0.163661  0.163661  1.300000  1.299821
  223  MOL   H15   hc    0.121996  0.121996  0.121996  1.300000  1.324766
  224  MOL   H16   hc    0.121996  0.121996  0.121996  1.300000  1.324766
  225  MOL   H17   hx    0.133801  0.133801  0.133801  1.300000  0.979989
  226  MOL   H18   hx    0.133801  0.133801  0.133801  1.300000  0.979989

 total system charges (+/-) for PB       -7.0000       17.8164      -24.8164
 cavity_surften =        0.0050 cavity_offset =        0.0000

   SAS Surface: surface dots generated:    366

--------------------------------------------------------------------------------
   3.  ATOMIC COORDINATES AND VELOCITIES
--------------------------------------------------------------------------------

Cpptraj Generated Restart                                                       
 begin time read from input coords =     1.000 ps

 Number of triangulated 3-point waters found:        0

--------------------------------------------------------------------------------
   4.  RESULTS
--------------------------------------------------------------------------------

  NB-update: atom-based nb list    13500


======== Setting up Grid Parameters ========
Using bounding box for grid setup
 Bounding Box at level:           2
 Bounding Box Center:      20.000    20.000    20.500
 Xmin, Xmax, Xmax-Xmin:    10.419    29.852    19.433
 Ymin, Ymax, Ymax-Ymin:     8.550    31.286    22.736
 Zmin, Zmax, Zmax-Zmin:    10.852    30.530    19.678
 Grid dimension at level     2    57   63   57
 Grid origin corrected at level     2      5.500     4.000     6.000
 Bounding Box at level:           1
 Bounding Box Center:      20.000    20.000    20.500
 Xmin, Xmax, Xmax-Xmin:    10.419    29.852    19.433
 Ymin, Ymax, Ymax-Ymin:     8.550    31.286    22.736
 Zmin, Zmax, Zmax-Zmin:    10.852    30.530    19.678
 Grid dimension at level     1     9   11    9
 Grid origin corrected at level     1      0.000    -4.000     0.500
------- VMD goodie --------
#First Level Geometric Box
draw materials off
draw color green
draw line "    0.000   -4.000    0.500" "   36.000   -4.000    0.500"
draw line "    0.000   -4.000    0.500" "    0.000   40.000    0.500"
draw line "    0.000   -4.000    0.500" "    0.000   -4.000   36.500"
draw line "   36.000   -4.000    0.500" "   36.000   40.000    0.500"
draw line "   36.000   -4.000    0.500" "   36.000   -4.000   36.500"
draw line "    0.000   40.000    0.500" "   36.000   40.000    0.500"
draw line "    0.000   40.000    0.500" "    0.000   40.000   36.500"
draw line "    0.000   -4.000   36.500" "   36.000   -4.000   36.500"
draw line "    0.000   -4.000   36.500" "    0.000   40.000   36.500"
draw line "   36.000   40.000   36.500" "   36.000   40.000    0.500"
draw line "   36.000   40.000   36.500" "    0.000   40.000   36.500"
draw line "   36.000   40.000   36.500" "   36.000   -4.000   36.500"
#2nd Level Geometric Box
draw color blue
draw line "    5.500    4.000    6.000" "   34.500    4.000    6.000"
draw line "    5.500    4.000    6.000" "    5.500   36.000    6.000"
draw line "    5.500    4.000    6.000" "    5.500    4.000   35.000"
draw line "   34.500    4.000    6.000" "   34.500   36.000    6.000"
draw line "   34.500    4.000    6.000" "   34.500    4.000   35.000"
draw line "    5.500   36.000    6.000" "   34.500   36.000    6.000"
draw line "    5.500   36.000    6.000" "    5.500   36.000   35.000"
draw line "    5.500    4.000   35.000" "   34.500    4.000   35.000"
draw line "    5.500    4.000   35.000" "    5.500   36.000   35.000"
draw line "   34.500   36.000   35.000" "   34.500   36.000    6.000"
draw line "   34.500   36.000   35.000" "    5.500   36.000   35.000"
draw line "   34.500   36.000   35.000" "   34.500    4.000   35.000"
--- End VMD goodie --------

======== Setting up Solvent Accessibility Data ========
Setting up working radii
Number of SA srf points exposed  6089
 Number of SA arcs generated  5376
 Number of SA arc points exposed        4073 Number of trimer arc points exposed         416
 with resolution (A) = .250000E+00

Atomic solvent accessible surface area:
           1    0.0000000000000
           2    4.6193429028849
           3    0.3299530644918
           4    5.2792490318685
           5    4.9492959673767
           6    0.6599061289836
           7    9.2400591796075
           8    0.0000000000000
           9    0.3299530644918
          10    7.5075480834311
          11    2.3096714514425
          12    0.0000000000000
          13    0.0000000000000
          14    6.5990612898356
          15    0.6599061289836
          16    4.2893898383931
          17    9.2400591796075
          18    0.0000000000000
          19    0.0000000000000
          20    3.6294837094096
          21    0.0000000000000
          22    6.9300443847056
          23    8.9513073302448
          24    0.0000000000000
          25    0.0000000000000
          26    3.7537740417155
          27    0.6599061289836
          28    5.2792490318685
          29    4.6193429028849
          30    4.6193429028849
          31    2.3096714514425
          32    9.8175628783330
          33    7.7962999327938
          34    0.0000000000000
          35    0.0000000000000
          36    0.0000000000000
          37    0.3299530644918
          38    0.0000000000000
          39    1.6497653224589
          40    0.0000000000000
          41    0.0000000000000
          42    0.0000000000000
          43    6.9290143543274
          44   43.8902811031356
          45    0.0000000000000
          46    0.6599061289836
          47    7.2589674188192
          48   38.6927478146064
          49    0.0000000000000
          50    0.3299530644918
          51    7.5889204833109
          52   30.3189441830871
          53    0.0000000000000
          54    0.0000000000000
          55    2.9695775804260
          56   31.1851997311753
          57    1.9797183869507
          58    4.6193429028849
          59    3.6294837094096
          60    1.9797183869507
          61    0.0000000000000
          62    3.2995306449178
          63    2.9695775804260
          64    7.5889204833109
          65    4.6193429028849
          66    2.3096714514425
          67    2.6396245159342
          68    3.6294837094096
          69    2.3096714514425
          70    4.9492959673767
          71    0.0000000000000
          72    3.6294837094096
          73    2.9695775804260
          74    0.0000000000000
          75    1.9797183869507
          76    6.5990612898356
          77    4.6193429028849
          78    1.9797183869507
          79    2.9695775804260
          80    2.6396245159342
          81    6.6412925353429
          82   10.3950665770584
          83    2.5987666442646
          84    4.0425258910783
          85    8.6625554808820
          86   10.1063147276957
          87    8.0850517821566
          88    4.6193429028849
          89    4.2893898383931
          90    1.6497653224589
          91    4.2893898383931
          92    4.6193429028849
          93    2.6396245159342
          94   10.6838184264212
          95    0.9898591934753
          96    4.6193429028849
          97    4.9492959673767
          98    1.6497653224589
          99    3.9594367739014
         100    2.6396245159342
         101    4.9492959673767
         102    5.6092020963603
         103    3.6294837094096
         104    1.9797183869507
         105    5.9391551608520
         106    2.3096714514425
         107    8.2488266122945
         108   38.6927478146064
         109    8.5787796767863
         110   41.5802663082337
         111    9.8985919347534
         112   39.8477552120573
         113   43.3127774044101
         114   46.2002958980374
         115   42.7352737056846
         116    8.9087327412781
         117   43.6015292537728
         118   39.8477552120573
         119   42.1577700069592
         120   37.8264922665182
         121   41.8690181575964
         122   45.9115440486747
         123    3.9594367739014
         124    4.2893898383931
         125    2.6396245159342
         126    6.2691082253438
         127    1.9797183869507
         128    2.6396245159342
         129    1.6497653224589
         130    1.3198122579671
         131    0.9898591934753
         132    0.9898591934753
         133    0.0000000000000
         134    2.7532712009985
         135    7.2586240753598
         136    0.0000000000000
         137    0.0000000000000
         138    0.0000000000000
         139    4.0047581105433
         140    0.0000000000000
         141    0.5005947638179
         142    0.5005947638179
         143    0.0000000000000
         144    0.0000000000000
         145    0.0000000000000
         146    0.2502973819090
         147    8.5101109849045
         148    0.0000000000000
         149    6.7580293115418
         150   12.7651664773568
         151   19.7734931708076
         152    8.0095162210866
         153   15.5184376783554
         154    3.0035685829075
         155   18.2717088793539
         156   10.0118952763583
         157   18.0214114974449
         158    3.7544607286344
         159   15.7687350602643
         160    4.7556502562702
         161    1.7520816733627
         162   16.0190324421733
         163   19.5231957888987
         164    4.2550554924523
         165   23.5279538994420
         166    0.5005947638179
         167    0.2502973819090
         168   20.2740879346255
         169    0.7508921457269
         170    0.2502973819090
         171   11.2633821859031
         172    0.0000000000000
         173    0.5005947638179
         174   22.7770617537151
         175    1.7520816733627
         176    0.0000000000000
         177   17.2705193517181
         178   12.7651664773568
         179   17.5208167336270
         180   17.7711141155360
         181   20.0237905527166
         182   10.5124900401762
         183   17.0202219698091
         184   18.5220062612628
         185   15.7687350602643
         186    0.0000000000000
         187   14.7675455326285
         188    0.2502973819090
         189   24.0285486632599
         190   12.2645717135389
         191    0.5005947638179
         192    0.0000000000000
         193   14.7675455326285
         194    5.2562450200881
         195    0.0000000000000
         196    9.2610031306314
         197    0.0000000000000
         198    0.0000000000000
         199    0.0000000000000
         200    0.0000000000000
         201    0.0000000000000
         202    0.0000000000000
         203    0.0000000000000
         204    0.0000000000000
         205    0.0000000000000
         206    2.6396245159342
         207    2.6396245159342
         208    2.9695775804260
         209    5.2562450200881
         210    4.2550554924523
         211   22.2764669898972
         212    6.7580293115418
         213   20.2740879346255
         214    4.0047581105433
         215   20.2740879346255
         216   21.0249800803524
         217   15.2681402964464
         218    0.0000000000000
         219    0.0000000000000
         220    0.0000000000000
         221    0.7508921457269
         222    0.0000000000000
         223    3.7544607286344
         224    0.0000000000000
         225    0.0000000000000
         226    0.0000000000000

 ======== FDPB Summary ========

 Do FDPB every           1 steps
 Nonbonded Update
   residue cutoff is set to   99.9000000000000
   fdpb cutoff is set to    5.0000000000000
   sas cutoff is set to    9.0000000000000
   nonbonded cutoff is set to    0.0000000000000
 Grid Constants
   Grid dimension       9      11       9
   Grid spacing set to     4.000
   Grid boundary
         0.000    40.000
        -4.000    44.000
         0.500    40.500

 Dielectric Map
   Use cavity radii in the prmtop file

   Use probe-based SES definition
     Compute SAS/SAR every           1 steps
     Solvent probe radius   1.40000000000000
     Surface dots per atom     366
     Buried atom radii increment   0.79800000000000
     Threshhold for exposed atom   0.08000000000000
     Current SAS1696.58672667500991

 Boundary conditions
   sum of grid charges as independent DH spheres

 Physical constants
   Solute dielectric constant  :   1.00000000000000
   Solvent dielectric constant :   80.0000000000000
   Temperature (K)             :   300.000000000000
   Ionic strength (mM)         :   0.00000000000000
   Debye-Huckel parameter (1/A):   0.00000000000000

FD Solver Option
   Use Modified ICCG solver

 Iteration data
   Maximum iterations  :         100
   Convergence criteria:  1.000000000000000E-03
   Iterations required        :     6
   Norm of the constant vector:      2689.5732971052
   Norm of the residual vector:      1.0053789295316
   Convergence achieved       :  3.7380610917491658E-04

 Total molecular surface   1166.2092

 ======== FDPB Summary ========

 Do FDPB every           1 steps
 Nonbonded Update
   residue cutoff is set to   99.9000000000000
   fdpb cutoff is set to    5.0000000000000
   sas cutoff is set to    9.0000000000000
   nonbonded cutoff is set to    0.0000000000000
 Grid Constants
   Grid dimension      57      63      57
   Grid spacing set to     0.500
   Grid boundary
         5.500    34.500
         4.000    36.000
         6.000    35.000

 Dielectric Map
   Use cavity radii in the prmtop file

   Use probe-based SES definition
     Compute SAS/SAR every           1 steps
     Solvent probe radius   1.40000000000000
     Surface dots per atom     366
     Buried atom radii increment   0.79800000000000
     Threshhold for exposed atom   0.08000000000000
     Current SAS1696.58672667500991

 Boundary conditions
   sum of grid charges as independent DH spheres

 Physical constants
   Solute dielectric constant  :   1.00000000000000
   Solvent dielectric constant :   80.0000000000000
   Temperature (K)             :   300.000000000000
   Ionic strength (mM)         :   0.00000000000000
   Debye-Huckel parameter (1/A):   0.00000000000000

FD Solver Option
   Use Modified ICCG solver

 Iteration data
   Maximum iterations  :         100
   Convergence criteria:  1.000000000000000E-03
   Iterations required        :    20
   Norm of the constant vector:    268858.1074362266
   Norm of the residual vector:    242.1070348175847
   Convergence achieved       :  9.0050114957017857E-04

 Total surface charge       6.9120
 Reaction field energy  -1208.1792
 Nonpolar SAS/SAV   1696.5867      0.0000
 Cavity solvation energy      8.4829

 NSTEP =        1   TIME(PS) =       0.000  TEMP(K) =     0.00  PRESS =     0.0
 Etot   =      -987.4511  EKtot   =         0.0000  EPtot      =         0.0000
 BOND   =         0.0000  ANGLE   =         0.0000  DIHED      =         0.0000
 1-4 NB =         0.0000  1-4 EEL =         0.0000  VDWAALS    =       -66.8279
 EELEC  =       279.0731  EPB     =     -1208.1792  RESTRAINT  =         0.0000
 ECAVITY=         8.4829  EDISPER =         0.0000
 ------------------------------------------------------------------------------



  Maximum number of minimization cycles reached.


                    FINAL RESULTS


 NSTEP =        1   TIME(PS) =       0.000  TEMP(K) =     0.00  PRESS =     0.0
 Etot   =      -987.4511  EKtot   =         0.0000  EPtot      =         0.0000
 BOND   =         0.0000  ANGLE   =         0.0000  DIHED      =         0.0000
 1-4 NB =         0.0000  1-4 EEL =         0.0000  VDWAALS    =       -66.8279
 EELEC  =       279.0731  EPB     =     -1208.1792  RESTRAINT  =         0.0000
 ECAVITY=         8.4829  EDISPER =         0.0000
 ------------------------------------------------------------------------------


--------------------------------------------------------------------------------
   5.  TIMINGS
--------------------------------------------------------------------------------

| Total time                     0.27
| Read prm/crd time              0.01
| Force time                     0.26
| Nonbond force                  0.26
| PB Nonbond                     0.26
| PB NB list                     0.00
| PB FD grid                     0.00
| PB Sasa                        0.05
| PB FD force                    0.26
| PB Set linear sys              0.10
| PB Solver                      0.16
| PB Direct                      0.00
| PB SA srf                      0.00
| PB SA arc                      0.04
| PB SA arc setup                0.00
| PB circle                      0.03
| PB exclude                     0.01
| PB exmol                       0.09
| PB exmol setup                 0.01
| PB exmol part b                0.01
| PB exmol part c                0.00
| PB exmol part d                0.00
| PB exmol part e                0.00
| PB exmol part f                0.02
| PB epsbnd                      0.00
| PB epsmap                      0.00
|           Job began  at 20:57:02.487  on 08/29/2021
|           Setup done at 20:57:02.498  on 08/29/2021
|           Run   done at 20:57:02.761  on 08/29/2021
|     wallclock() was called     110 times
