
          -------------------------------------------------------
          GBNSR6 2015                       
          -------------------------------------------------------

| Run on 08/29/2021 at 16:24:57

File Assignments:
|  MDIN: ../scripts/gbnsr6.in                                                  
| MDOUT: complex-gb.out                                                        
|INPCRD: complex.crd                                                           
|  PARM: complex.prmtop                                                        
|

 Here is the input file:

compute                                                                        
&cntrl                                                                         
inp=1                                                                          
/                                                                              
&gb                                                                            
epsin=1.0, epsout=80, istrng=0, space=0.5,                                     
arcres=0.2, B=0.028, alpb=1, rbornstat=0, cavity_surften=0.005                 
/                                                                              

--------------------------------------------------------------------------------
   1.  RESOURCE   USE: 
--------------------------------------------------------------------------------

| Flags:                                                                        
| New format PARM file being parsed.
| Version =    1.000 Date = 08/29/21 Time = 16:02:29
 NATOM  =     226 NTYPES =       9 NBONH =      82 MBONA  =     164
 NTHETH =     182 MTHETA =     248 NPHIH =     360 MPHIA  =     391
 NHPARM =       0 NPARM  =       0 NNB   =    1329 NRES   =       2
 NBONA  =     164 NTHETA =     248 NPHIA =     391 NUMBND =      13
 NUMANG =      27 NPTRA  =      12 NATYP =      13 NPHB   =       0
 IFBOX  =       1 NMXRS  =     196 IFCAP =       0 NEXTRA =       0
 NCOPY  =       0


|     Memory Use     Allocated
|     Real                8463
|     Hollerith           1360
|     Integer            27922
|     Max Pairs              1
|     Max Rstack             1
|     Max Istack             1
|       Total              180 kbytes

| Note: 1-4 EEL scale factors are being read from the topology file.

     BOX TYPE: RECTILINEAR

--------------------------------------------------------------------------------
   2.  ATOMIC COORDINATES AND VELOCITIES
--------------------------------------------------------------------------------

Cpptraj Generated Restart                                                       
 begin time read from input coords =     1.000 ps

 Number of triangulated 3-point waters found:        0

--------------------------------------------------------------------------------
   3.  RESULTS
--------------------------------------------------------------------------------

 Cavity solvation energy      8.4829

 NSTEP =        1   TIME(PS) =       0.000  TEMP(K) =     0.00  PRESS =     0.0
 Etot   =      -618.0049  EKtot   =         0.0000  EPtot      =         0.0000
 BOND   =         0.0000  ANGLE   =         0.0000  DIHED      =         0.0000
 1-4 NB =         0.0000  1-4 EEL =       318.0976  VDWAALS    =         0.0000
 EELEC  =       279.0731  EGB     =     -1223.6585  RESTRAINT  =         0.0000
 ESURF  =         8.4829
 ------------------------------------------------------------------------------



  Maximum number of minimization cycles reached.


                    FINAL RESULTS


 NSTEP =        1   TIME(PS) =       0.000  TEMP(K) =     0.00  PRESS =     0.0
 Etot   =      -618.0049  EKtot   =         0.0000  EPtot      =         0.0000
 BOND   =         0.0000  ANGLE   =         0.0000  DIHED      =         0.0000
 1-4 NB =         0.0000  1-4 EEL =       318.0976  VDWAALS    =         0.0000
 EELEC  =       279.0731  EGB     =     -1223.6585  RESTRAINT  =         0.0000
 ESURF  =         8.4829
 ------------------------------------------------------------------------------

|           Job began  at 16:24:57.350  on 08/29/2021
|           Setup done at 16:24:57.355  on 08/29/2021
|           Run   done at 16:24:57.496  on 08/29/2021
|     wallclock() was called      72 times
