
          -------------------------------------------------------
          GBNSR6 2015                       
          -------------------------------------------------------

| Run on 11/07/2021 at 11:49:01
  [-O]verwriting output

File Assignments:
|  MDIN: ../scripts/gbnsr6.in                                                  
| MDOUT: host-gb-radii.out                                                     
|INPCRD: host.crd                                                              
|  PARM: host.prmtop                                                           
|

 Here is the input file:

compute                                                                        
&cntrl                                                                         
inp=1                                                                          
/                                                                              
&gb                                                                            
epsin=1.0, epsout=80, istrng=0, space=0.5,                                     
arcres=0.2, B=0.028, alpb=1, rbornstat=1, cavity_surften=0.005                 
/                                                                              

--------------------------------------------------------------------------------
   1.  RESOURCE   USE: 
--------------------------------------------------------------------------------

| Flags:                                                                        
| New format PARM file being parsed.
| Version =    1.000 Date = 08/29/21 Time = 13:42:32
 NATOM  =     147 NTYPES =       6 NBONH =      70 MBONA  =      84
 NTHETH =     161 MTHETA =     126 NPHIH =     294 MPHIA  =     252
 NHPARM =       0 NPARM  =       0 NNB   =     889 NRES   =       7
 NBONA  =      84 NTHETA =     126 NPHIA =     252 NUMBND =       6
 NUMANG =      12 NPTRA  =      20 NATYP =      14 NPHB   =       0
 IFBOX  =       1 NMXRS  =      21 IFCAP =       0 NEXTRA =       0
 NCOPY  =       0


|     Memory Use     Allocated
|     Real                5501
|     Hollerith            891
|     Integer            24794
|     Max Pairs              1
|     Max Rstack             1
|     Max Istack             1
|       Total              143 kbytes

| Note: 1-4 EEL scale factors are being read from the topology file.

     BOX TYPE: RECTILINEAR

--------------------------------------------------------------------------------
   2.  ATOMIC COORDINATES AND VELOCITIES
--------------------------------------------------------------------------------

Cpptraj Generated Restart                                                       
 begin time read from input coords =   551.000 ps

 Number of triangulated 3-point waters found:        0

--------------------------------------------------------------------------------
   3.  RESULTS
--------------------------------------------------------------------------------

Print:    Atom number      Inverse Effective Born Radii
rinv           1            0.36045174
rinv           2            0.55942419
rinv           3            0.36444731
rinv           4            0.39392307
rinv           5            0.59866494
rinv           6            0.53983431
rinv           7            0.55622630
rinv           8            0.37780337
rinv           9            0.55218084
rinv          10            0.54812122
rinv          11            0.88024437
rinv          12            0.33946725
rinv          13            0.52089898
rinv          14            0.34708756
rinv          15            0.51075598
rinv          16            0.45139704
rinv          17            0.42502792
rinv          18            0.51704002
rinv          19            0.62536545
rinv          20            0.55201629
rinv          21            0.59453226
rinv          22            0.37642193
rinv          23            0.58956072
rinv          24            0.35258584
rinv          25            0.39613896
rinv          26            0.61185667
rinv          27            0.53570827
rinv          28            0.53175063
rinv          29            0.37255040
rinv          30            0.56737416
rinv          31            0.52686785
rinv          32            0.92894074
rinv          33            0.33429258
rinv          34            0.51314661
rinv          35            0.33632331
rinv          36            0.47510391
rinv          37            0.44639216
rinv          38            0.42721893
rinv          39            0.55622332
rinv          40            0.58839815
rinv          41            0.56388696
rinv          42            0.85638388
rinv          43            0.36854269
rinv          44            0.57578825
rinv          45            0.36940797
rinv          46            0.39060353
rinv          47            0.60049721
rinv          48            0.53827507
rinv          49            0.57789285
rinv          50            0.37195939
rinv          51            0.56102924
rinv          52            0.53491315
rinv          53            0.88347840
rinv          54            0.33526829
rinv          55            0.51828544
rinv          56            0.34776290
rinv          57            0.51072117
rinv          58            0.45442979
rinv          59            0.42956646
rinv          60            0.51309963
rinv          61            0.62310896
rinv          62            0.55687257
rinv          63            0.72740909
rinv          64            0.36450314
rinv          65            0.56404445
rinv          66            0.36592549
rinv          67            0.39375570
rinv          68            0.59893036
rinv          69            0.55293979
rinv          70            0.65425494
rinv          71            0.38072730
rinv          72            0.55788011
rinv          73            0.54115258
rinv          74            0.86531623
rinv          75            0.33404221
rinv          76            0.50861504
rinv          77            0.33655504
rinv          78            0.51080621
rinv          79            0.41334028
rinv          80            0.42923632
rinv          81            0.49919257
rinv          82            0.60626461
rinv          83            0.57406672
rinv          84            0.78425914
rinv          85            0.36760773
rinv          86            0.57320187
rinv          87            0.37314877
rinv          88            0.39159751
rinv          89            0.59354603
rinv          90            0.55135329
rinv          91            0.58969659
rinv          92            0.38479507
rinv          93            0.56805097
rinv          94            0.55000013
rinv          95            0.91263652
rinv          96            0.33809748
rinv          97            0.52211301
rinv          98            0.34654914
rinv          99            0.50440984
rinv         100            0.44308509
rinv         101            0.42885746
rinv         102            0.51546894
rinv         103            0.61094266
rinv         104            0.56339838
rinv         105            0.80908747
rinv         106            0.36418688
rinv         107            0.56268467
rinv         108            0.37060234
rinv         109            0.38687793
rinv         110            0.60190681
rinv         111            0.52888755
rinv         112            0.87625801
rinv         113            0.37467202
rinv         114            0.55992811
rinv         115            0.54060921
rinv         116            0.85375146
rinv         117            0.33939558
rinv         118            0.51329409
rinv         119            0.35091220
rinv         120            0.51737520
rinv         121            0.44411101
rinv         122            0.43823602
rinv         123            0.54195449
rinv         124            0.63093487
rinv         125            0.56705288
rinv         126            0.82441251
rinv         127            0.36356602
rinv         128            0.57449598
rinv         129            0.38739281
rinv         130            0.39919702
rinv         131            0.60675851
rinv         132            0.55663442
rinv         133            0.67999150
rinv         134            0.37032448
rinv         135            0.54608138
rinv         136            0.53723862
rinv         137            0.59614431
rinv         138            0.33492170
rinv         139            0.51053237
rinv         140            0.33938771
rinv         141            0.49148019
rinv         142            0.43423622
rinv         143            0.43516472
rinv         144            0.52083526
rinv         145            0.59102405
rinv         146            0.56629887
rinv         147            0.98182013

 Cavity solvation energy      5.8232

 NSTEP =        1   TIME(PS) =       0.000  TEMP(K) =     0.00  PRESS =     0.0
 Etot   =      -113.3984  EKtot   =         0.0000  EPtot      =         0.0000
 BOND   =         0.0000  ANGLE   =         0.0000  DIHED      =         0.0000
 1-4 NB =         0.0000  1-4 EEL =       484.9983  VDWAALS    =         0.0000
 EELEC  =      -490.1633  EGB     =      -114.0566  RESTRAINT  =         0.0000
 ESURF  =         5.8232
 ------------------------------------------------------------------------------



  Maximum number of minimization cycles reached.


                    FINAL RESULTS


 NSTEP =        1   TIME(PS) =       0.000  TEMP(K) =     0.00  PRESS =     0.0
 Etot   =      -113.3984  EKtot   =         0.0000  EPtot      =         0.0000
 BOND   =         0.0000  ANGLE   =         0.0000  DIHED      =         0.0000
 1-4 NB =         0.0000  1-4 EEL =       484.9983  VDWAALS    =         0.0000
 EELEC  =      -490.1633  EGB     =      -114.0566  RESTRAINT  =         0.0000
 ESURF  =         5.8232
 ------------------------------------------------------------------------------

|           Job began  at 11:49:01.977  on 11/07/2021
|           Setup done at 11:49:01.983  on 11/07/2021
|           Run   done at 11:49:02.065  on 11/07/2021
|     wallclock() was called      72 times
