
          -------------------------------------------------------
          GBNSR6 2015                       
          -------------------------------------------------------

| Run on 09/26/2021 at 22:08:11
  [-O]verwriting output

File Assignments:
|  MDIN: ../../../scripts/gbnsr6.in                                            
| MDOUT: lig-gb.out                                                            
|INPCRD: ../top_crd/lig.crd                                                    
|  PARM: ../top_crd/lig.top                                                    
|

 Here is the input file:

compute                                                                        
&cntrl                                                                         
inp=1                                                                          
/                                                                              
&gb                                                                            
epsin=1.0, epsout=80, istrng=0, space=0.5,                                     
arcres=0.2, B=0.028, alpb=1, rbornstat=0, cavity_surften=0.005                 
/                                                                              

--------------------------------------------------------------------------------
   1.  RESOURCE   USE: 
--------------------------------------------------------------------------------

| Flags:                                                                        
| New format PARM file being parsed.
| Version =    1.000 Date = 09/26/21 Time = 22:06:30
 NATOM  =      31 NTYPES =      12 NBONH =      12 MBONA  =      21
 NTHETH =      26 MTHETA =      31 NPHIH =      57 MPHIA  =      66
 NHPARM =       0 NPARM  =       0 NNB   =     167 NRES   =       1
 NBONA  =      21 NTHETA =      31 NPHIA =      66 NUMBND =      20
 NUMANG =      35 NPTRA  =      28 NATYP =      15 NPHB   =       0
 IFBOX  =       0 NMXRS  =      31 IFCAP =       0 NEXTRA =       0
 NCOPY  =       0

GB Warning in  gb_read(): B=0 is recommended for molecules with more than 50 atoms

|     Memory Use     Allocated
|     Real                1194
|     Hollerith            189
|     Integer            19544
|     Max Pairs              1
|     Max Rstack             1
|     Max Istack             1
|       Total               86 kbytes

| Note: 1-4 EEL scale factors are being read from the topology file.

--------------------------------------------------------------------------------
   2.  ATOMIC COORDINATES AND VELOCITIES
--------------------------------------------------------------------------------

default_name                                                                    
 begin time read from input coords =     0.000 ps

 Number of triangulated 3-point waters found:        0

--------------------------------------------------------------------------------
   3.  RESULTS
--------------------------------------------------------------------------------

 Cavity solvation energy      2.1890

 NSTEP =        1   TIME(PS) =       0.000  TEMP(K) =     0.00  PRESS =     0.0
 Etot   =       -73.4878  EKtot   =         0.0000  EPtot      =         0.0000
 BOND   =         0.0000  ANGLE   =         0.0000  DIHED      =         0.0000
 1-4 NB =         0.0000  1-4 EEL =        18.8228  VDWAALS    =         0.0000
 EELEC  =       -43.8491  EGB     =       -50.6504  RESTRAINT  =         0.0000
 ESURF  =         2.1890
 ------------------------------------------------------------------------------



  Maximum number of minimization cycles reached.


                    FINAL RESULTS


 NSTEP =        1   TIME(PS) =       0.000  TEMP(K) =     0.00  PRESS =     0.0
 Etot   =       -73.4878  EKtot   =         0.0000  EPtot      =         0.0000
 BOND   =         0.0000  ANGLE   =         0.0000  DIHED      =         0.0000
 1-4 NB =         0.0000  1-4 EEL =        18.8228  VDWAALS    =         0.0000
 EELEC  =       -43.8491  EGB     =       -50.6504  RESTRAINT  =         0.0000
 ESURF  =         2.1890
 ------------------------------------------------------------------------------

|           Job began  at 22:08:11.856  on 09/26/2021
|           Setup done at 22:08:11.872  on 09/26/2021
|           Run   done at 22:08:11.885  on 09/26/2021
|     wallclock() was called      72 times
