
          -------------------------------------------------------
          GBNSR6 2015                       
          -------------------------------------------------------

| Run on 09/26/2021 at 22:07:37
  [-O]verwriting output

File Assignments:
|  MDIN: ../../../scripts/gbnsr6.in                                            
| MDOUT: pro-gb.out                                                            
|INPCRD: ../top_crd/pro.crd                                                    
|  PARM: ../top_crd/pro.top                                                    
|

 Here is the input file:

compute                                                                        
&cntrl                                                                         
inp=1                                                                          
/                                                                              
&gb                                                                            
epsin=1.0, epsout=80, istrng=0, space=0.5,                                     
arcres=0.2, B=0.028, alpb=1, rbornstat=0, cavity_surften=0.005                 
/                                                                              

--------------------------------------------------------------------------------
   1.  RESOURCE   USE: 
--------------------------------------------------------------------------------

| Flags:                                                                        
| New format PARM file being parsed.
| Version =    1.000 Date = 09/26/21 Time = 22:06:30
 NATOM  =   21474 NTYPES =      14 NBONH =   10756 MBONA  =   10890
 NTHETH =   24472 MTHETA =   14680 NPHIH =   48654 MPHIA  =   47118
 NHPARM =       0 NPARM  =       0 NNB   =  118004 NRES   =    1414
 NBONA  =   10890 NTHETA =   14680 NPHIA =   47118 NUMBND =      62
 NUMANG =     142 NPTRA  =     185 NATYP =      31 NPHB   =       0
 IFBOX  =       0 NMXRS  =      24 IFCAP =       0 NEXTRA =       0
 NCOPY  =       0


|     Memory Use     Allocated
|     Real              795095
|     Hollerith         130260
|     Integer          1037753
|     Max Pairs              1
|     Max Rstack             1
|     Max Istack             1
|       Total            10774 kbytes

| Note: 1-4 EEL scale factors are being read from the topology file.

--------------------------------------------------------------------------------
   2.  ATOMIC COORDINATES AND VELOCITIES
--------------------------------------------------------------------------------

default_name                                                                    
 begin time read from input coords =     0.000 ps

 Number of triangulated 3-point waters found:        0

--------------------------------------------------------------------------------
   3.  RESULTS
--------------------------------------------------------------------------------

 Cavity solvation energy    219.8700

 NSTEP =        1   TIME(PS) =       0.000  TEMP(K) =     0.00  PRESS =     0.0
 Etot   =    -50847.0705  EKtot   =         0.0000  EPtot      =         0.0000
 BOND   =         0.0000  ANGLE   =         0.0000  DIHED      =         0.0000
 1-4 NB =         0.0000  1-4 EEL =     63655.6987  VDWAALS    =         0.0000
 EELEC  =    -98137.7363  EGB     =    -16584.9029  RESTRAINT  =         0.0000
 ESURF  =       219.8700
 ------------------------------------------------------------------------------



  Maximum number of minimization cycles reached.


                    FINAL RESULTS


 NSTEP =        1   TIME(PS) =       0.000  TEMP(K) =     0.00  PRESS =     0.0
 Etot   =    -50847.0705  EKtot   =         0.0000  EPtot      =         0.0000
 BOND   =         0.0000  ANGLE   =         0.0000  DIHED      =         0.0000
 1-4 NB =         0.0000  1-4 EEL =     63655.6987  VDWAALS    =         0.0000
 EELEC  =    -98137.7363  EGB     =    -16584.9029  RESTRAINT  =         0.0000
 ESURF  =       219.8700
 ------------------------------------------------------------------------------

|           Job began  at 22:07:37.966  on 09/26/2021
|           Setup done at 22:07:38.156  on 09/26/2021
|           Run   done at 22:08:11.827  on 09/26/2021
|     wallclock() was called      72 times
