
          -------------------------------------------------------
          GBNSR6 2015                       
          -------------------------------------------------------

| Run on 11/07/2021 at 11:48:57
  [-O]verwriting output

File Assignments:
|  MDIN: ../scripts/gbnsr6.in                                                  
| MDOUT: guest-gb-radii.out                                                    
|INPCRD: guest.crd                                                             
|  PARM: guest.prmtop                                                          
|

 Here is the input file:

compute                                                                        
&cntrl                                                                         
inp=1                                                                          
/                                                                              
&gb                                                                            
epsin=1.0, epsout=80, istrng=0, space=0.5,                                     
arcres=0.2, B=0.028, alpb=1, rbornstat=1, cavity_surften=0.005                 
/                                                                              

--------------------------------------------------------------------------------
   1.  RESOURCE   USE: 
--------------------------------------------------------------------------------

| Flags:                                                                        
| New format PARM file being parsed.
| Version =    1.000 Date = 08/29/21 Time = 13:42:28
 NATOM  =      22 NTYPES =       5 NBONH =      14 MBONA  =       8
 NTHETH =      33 MTHETA =      10 NPHIH =      62 MPHIA  =      26
 NHPARM =       0 NPARM  =       0 NNB   =     130 NRES   =       1
 NBONA  =       8 NTHETA =      10 NPHIA =      26 NUMBND =       5
 NUMANG =       7 NPTRA  =       9 NATYP =      15 NPHB   =       0
 IFBOX  =       1 NMXRS  =      22 IFCAP =       0 NEXTRA =       0
 NCOPY  =       0

GB Warning in  gb_read(): B=0 is recommended for molecules with more than 50 atoms

|     Memory Use     Allocated
|     Real                 855
|     Hollerith            135
|     Integer            19073
|     Max Pairs              1
|     Max Rstack             1
|     Max Istack             1
|       Total               81 kbytes

| Note: 1-4 EEL scale factors are being read from the topology file.

     BOX TYPE: RECTILINEAR

--------------------------------------------------------------------------------
   2.  ATOMIC COORDINATES AND VELOCITIES
--------------------------------------------------------------------------------

Cpptraj Generated Restart                                                       
 begin time read from input coords =   551.000 ps

 Number of triangulated 3-point waters found:        0

--------------------------------------------------------------------------------
   3.  RESULTS
--------------------------------------------------------------------------------

Print:    Atom number      Inverse Effective Born Radii
rinv           1            0.47882450
rinv           2            0.64645976
rinv           3            0.64693519
rinv           4            0.63475301
rinv           5            0.38933362
rinv           6            0.58887787
rinv           7            0.43012835
rinv           8            0.59763100
rinv           9            0.62521362
rinv          10            0.42668925
rinv          11            0.60965043
rinv          12            0.62185101
rinv          13            0.41213387
rinv          14            0.60854835
rinv          15            0.43280728
rinv          16            0.60934049
rinv          17            0.63593192
rinv          18            0.42241958
rinv          19            0.61907542
rinv          20            0.58475330
rinv          21            0.58183141
rinv          22            0.88471528

 Cavity solvation energy      1.5627

 NSTEP =        1   TIME(PS) =       0.000  TEMP(K) =     0.00  PRESS =     0.0
 Etot   =       -19.4122  EKtot   =         0.0000  EPtot      =         0.0000
 BOND   =         0.0000  ANGLE   =         0.0000  DIHED      =         0.0000
 1-4 NB =         0.0000  1-4 EEL =       -14.3757  VDWAALS    =         0.0000
 EELEC  =         1.9234  EGB     =        -8.5225  RESTRAINT  =         0.0000
 ESURF  =         1.5627
 ------------------------------------------------------------------------------



  Maximum number of minimization cycles reached.


                    FINAL RESULTS


 NSTEP =        1   TIME(PS) =       0.000  TEMP(K) =     0.00  PRESS =     0.0
 Etot   =       -19.4122  EKtot   =         0.0000  EPtot      =         0.0000
 BOND   =         0.0000  ANGLE   =         0.0000  DIHED      =         0.0000
 1-4 NB =         0.0000  1-4 EEL =       -14.3757  VDWAALS    =         0.0000
 EELEC  =         1.9234  EGB     =        -8.5225  RESTRAINT  =         0.0000
 ESURF  =         1.5627
 ------------------------------------------------------------------------------

|           Job began  at 11:48:57.693  on 11/07/2021
|           Setup done at 11:48:57.697  on 11/07/2021
|           Run   done at 11:48:57.710  on 11/07/2021
|     wallclock() was called      72 times
