
          -------------------------------------------------------
          PBSA VERSION 2019                       UC Irvine
          -------------------------------------------------------

| Run on 08/29/2021 at 20:53:14

File Assignments:
|  MDIN: ../pbsa-script/mdin.in                                                
| MDOUT: guest-pb.out                                                          
|INPCRD: guest.crd                                                             
|  PARM: guest.prmtop                                                          
|

 Here is the input file:

Sample single point PB calculation                                             
&cntrl                                                                         
ipb=1, inp=1                                                                   
/                                                                              
&pb                                                                            
npbverb=1, fillratio=1.5, saopt=1, radiopt=0, epsin=1.0, epsout=80             
/                                                                              
 PBSA Warning in pb_read(): sprob=0.557 is optimized for inp=2 and  should not be used with inp=1. It has been reset to 1.4.
 PBSA Warning in pb_read(): cavity_surften=0.0378 is optimized for inp=2  and should not be used with inp=1. It has been reset to 0.005000.
 PBSA Warning in pb_read(): cavity_offset=-0.5692 is optimized for inp=2  and should not be used with inp=1. It has been reset to 0.000.

--------------------------------------------------------------------------------
   1.  RESOURCE   USE: 
--------------------------------------------------------------------------------

| Flags:                                                                        
| New format PARM file being parsed.
| Version =    1.000 Date = 08/29/21 Time = 13:42:28
 NATOM  =      22 NTYPES =       5 NBONH =      14 MBONA  =       8
 NTHETH =      33 MTHETA =      10 NPHIH =      62 MPHIA  =      26
 NHPARM =       0 NPARM  =       0 NNB   =     130 NRES   =       1
 NBONA  =       8 NTHETA =      10 NPHIA =      26 NUMBND =       5
 NUMANG =       7 NPTRA  =       9 NATYP =      15 NPHB   =       0
 IFBOX  =       1 NMXRS  =      22 IFCAP =       0 NEXTRA =       0
 NCOPY  =       0


|     Memory Use     Allocated
|     Real                 855
|     Hollerith             69
|     Integer            21055
|     Max Pairs              1
|     Max Rstack             1
|     Max Istack             1
|       Total               89 kbytes

     BOX TYPE: RECTILINEAR

--------------------------------------------------------------------------------
   2.  CONTROL  DATA  FOR  THE  RUN
--------------------------------------------------------------------------------

default_name                                                                    

General flags:
     imin    =       1, nmropt  =       0

Nature and format of input:
     ntx     =       1, irest   =       0, ntrx    =       1

Nature and format of output:
     ntxo    =       1, ntpr    =      50, ntrx    =       1, ntwr    =     500
     iwrap   =       0, ntwx    =       0, ntwv    =       0, ntwe    =       0
     ioutfm  =       0, ntwprt  =       0, idecomp =       0, rbornstat=      0

Potential function:
     ntf     =       1, ntb     =       1, ipb     =       1, nsnb    =      25
     ipol    =       0, gbsa    =       0, iesp    =       0
     dielc   =   1.00000, cut     =   8.00000, intdiel =   1.00000

Frozen or restrained atoms:
     ibelly  =       0, ntr     =       0

Energy minimization:
     maxcyc  =       1, ncyc    =      10, ntmin   =       1
     dx0     =   0.01000, drms    =   0.00010

======== Implicit Solvent Initialization ========

     Max Nonbonded Pairs:      242      242

 no. of atoms processed in PB initialization:    22
  NUM  RESI  NAME  TYPE    CHARGE ATM CRG/H   GRP CRG   PB RADI   NP RADI
    1  MOL   C1    c3   -0.127200 -0.057900  0.059100  1.700000  1.699835
    2  MOL   H2    hc    0.023100  0.023100  0.023100  1.300000  1.324766
    3  MOL   H3    hc    0.023100  0.023100  0.023100  1.300000  1.324766
    4  MOL   H4    hc    0.023100  0.023100  0.023100  1.300000  1.324766
    5  MOL   C2    c3    0.123000  0.117000 -0.004500  1.700000  1.699835
    6  MOL   H5    hc   -0.006000 -0.006000 -0.006000  1.300000  1.324766
    7  MOL   C3    c3   -0.046400 -0.031800  0.087000  1.700000  1.699835
    8  MOL   H6    hc    0.007300  0.007300  0.007300  1.300000  1.324766
    9  MOL   H7    hc    0.007300  0.007300  0.007300  1.300000  1.324766
   10  MOL   C4    c3   -0.107000  0.001800  0.270700  1.700000  1.699835
   11  MOL   H8    hc    0.054400  0.054400  0.054400  1.300000  1.324766
   12  MOL   H9    hc    0.054400  0.054400  0.054400  1.300000  1.324766
   13  MOL   C5    c3    0.297900  0.300700  0.004500  1.700000  1.699835
   14  MOL   H10   h1    0.002800  0.002800  0.002800  1.300000  1.235677
   15  MOL   C6    c3   -0.107000  0.001800  0.270700  1.700000  1.699835
   16  MOL   H11   hc    0.054400  0.054400  0.054400  1.300000  1.324766
   17  MOL   H12   hc    0.054400  0.054400  0.054400  1.300000  1.324766
   18  MOL   C7    c3   -0.046400 -0.031800  0.087000  1.700000  1.699835
   19  MOL   H13   hc    0.007300  0.007300  0.007300  1.300000  1.324766
   20  MOL   H14   hc    0.007300  0.007300  0.007300  1.300000  1.324766
   21  MOL   O1    oh   -0.731100 -0.299800  0.000900  1.500000  1.533237
   22  MOL   H1    ho    0.431300  0.431300  0.431300  0.800000  0.000000

 total system charges (+/-) for PB        0.0000        1.1711       -1.1711
 cavity_surften =        0.0050 cavity_offset =        0.0000

   SAS Surface: surface dots generated:    366

--------------------------------------------------------------------------------
   3.  ATOMIC COORDINATES AND VELOCITIES
--------------------------------------------------------------------------------

Cpptraj Generated Restart                                                       
 begin time read from input coords =   551.000 ps

 Number of triangulated 3-point waters found:        0

--------------------------------------------------------------------------------
   4.  RESULTS
--------------------------------------------------------------------------------

  NB-update: atom-based nb list      231


======== Setting up Grid Parameters ========
Using bounding box for grid setup
 Bounding Box at level:           2
 Bounding Box Center:      18.000    18.000    18.500
 Xmin, Xmax, Xmax-Xmin:    14.594    21.778     7.184
 Ymin, Ymax, Ymax-Ymin:    14.939    21.149     6.210
 Zmin, Zmax, Zmax-Zmin:    14.063    22.769     8.706
 Grid dimension at level     2    33   31   35
 Grid origin corrected at level     2      9.500    10.000     9.500
 Bounding Box at level:           1
 Bounding Box Center:      18.000    18.000    18.500
 Xmin, Xmax, Xmax-Xmin:    14.594    21.778     7.184
 Ymin, Ymax, Ymax-Ymin:    14.939    21.149     6.210
 Zmin, Zmax, Zmax-Zmin:    14.063    22.769     8.706
PB Warn in setgrd(): focusing grid too large    2
 fillratio is automatically increased to 2.500
PB Warn in setgrd(): focusing grid too large    2
 fillratio is automatically increased to 3.500
 Grid dimension at level     1     7    7    9
 Grid origin corrected at level     1      2.000     2.000    -1.500
------- VMD goodie --------
#First Level Geometric Box
draw materials off
draw color green
draw line "    2.000    2.000   -1.500" "   30.000    2.000   -1.500"
draw line "    2.000    2.000   -1.500" "    2.000   30.000   -1.500"
draw line "    2.000    2.000   -1.500" "    2.000    2.000   34.500"
draw line "   30.000    2.000   -1.500" "   30.000   30.000   -1.500"
draw line "   30.000    2.000   -1.500" "   30.000    2.000   34.500"
draw line "    2.000   30.000   -1.500" "   30.000   30.000   -1.500"
draw line "    2.000   30.000   -1.500" "    2.000   30.000   34.500"
draw line "    2.000    2.000   34.500" "   30.000    2.000   34.500"
draw line "    2.000    2.000   34.500" "    2.000   30.000   34.500"
draw line "   30.000   30.000   34.500" "   30.000   30.000   -1.500"
draw line "   30.000   30.000   34.500" "    2.000   30.000   34.500"
draw line "   30.000   30.000   34.500" "   30.000    2.000   34.500"
#2nd Level Geometric Box
draw color blue
draw line "    9.500   10.000    9.500" "   26.500   10.000    9.500"
draw line "    9.500   10.000    9.500" "    9.500   26.000    9.500"
draw line "    9.500   10.000    9.500" "    9.500   10.000   27.500"
draw line "   26.500   10.000    9.500" "   26.500   26.000    9.500"
draw line "   26.500   10.000    9.500" "   26.500   10.000   27.500"
draw line "    9.500   26.000    9.500" "   26.500   26.000    9.500"
draw line "    9.500   26.000    9.500" "    9.500   26.000   27.500"
draw line "    9.500   10.000   27.500" "   26.500   10.000   27.500"
draw line "    9.500   10.000   27.500" "    9.500   26.000   27.500"
draw line "   26.500   26.000   27.500" "   26.500   26.000    9.500"
draw line "   26.500   26.000   27.500" "    9.500   26.000   27.500"
draw line "   26.500   26.000   27.500" "   26.500   10.000   27.500"
--- End VMD goodie --------

======== Setting up Solvent Accessibility Data ========
Setting up working radii
Number of SA srf points exposed  1237
 Number of SA arcs generated   220
 Number of SA arc points exposed         516 Number of trimer arc points exposed          42
 with resolution (A) = .250000E+00

Atomic solvent accessible surface area:
           1    2.3096714514425
           2   25.7806303366226
           3   24.0285486632599
           4   23.5279538994420
           5    0.0000000000000
           6   15.0178429145374
           7    0.6599061289836
           8   16.7699245879001
           9   21.2752774622614
          10    0.3299530644918
          11   19.7734931708076
          12   23.2776565175330
          13    0.0000000000000
          14   18.5220062612628
          15    0.0000000000000
          16   19.2728984069897
          17   24.7794408089868
          18    0.9898591934753
          19   21.0249800803524
          20   14.7675455326285
          21   34.9389737728908
          22    5.4838817336761

 ======== FDPB Summary ========

 Do FDPB every           1 steps
 Nonbonded Update
   residue cutoff is set to   99.9000000000000
   fdpb cutoff is set to    5.0000000000000
   sas cutoff is set to    9.0000000000000
   nonbonded cutoff is set to    0.0000000000000
 Grid Constants
   Grid dimension       7       7       9
   Grid spacing set to     4.000
   Grid boundary
         2.000    34.000
         2.000    34.000
        -1.500    38.500

 Dielectric Map
   Use cavity radii in the prmtop file

   Use probe-based SES definition
     Compute SAS/SAR every           1 steps
     Solvent probe radius   1.40000000000000
     Surface dots per atom     366
     Buried atom radii increment   0.79800000000000
     Threshhold for exposed atom   0.08000000000000
     Current SAS 312.53044398754446

 Boundary conditions
   sum of grid charges as independent DH spheres

 Physical constants
   Solute dielectric constant  :   1.00000000000000
   Solvent dielectric constant :   80.0000000000000
   Temperature (K)             :   300.000000000000
   Ionic strength (mM)         :   0.00000000000000
   Debye-Huckel parameter (1/A):   0.00000000000000

FD Solver Option
   Use Modified ICCG solver

 Iteration data
   Maximum iterations  :         100
   Convergence criteria:  1.000000000000000E-03
   Iterations required        :     6
   Norm of the constant vector:        14.5017872448
   Norm of the residual vector:      0.0031100852673
   Convergence achieved       :  2.1446220488811028E-04

 Total molecular surface    153.1000

 ======== FDPB Summary ========

 Do FDPB every           1 steps
 Nonbonded Update
   residue cutoff is set to   99.9000000000000
   fdpb cutoff is set to    5.0000000000000
   sas cutoff is set to    9.0000000000000
   nonbonded cutoff is set to    0.0000000000000
 Grid Constants
   Grid dimension      33      31      35
   Grid spacing set to     0.500
   Grid boundary
         9.500    26.500
        10.000    26.000
         9.500    27.500

 Dielectric Map
   Use cavity radii in the prmtop file

   Use probe-based SES definition
     Compute SAS/SAR every           1 steps
     Solvent probe radius   1.40000000000000
     Surface dots per atom     366
     Buried atom radii increment   0.79800000000000
     Threshhold for exposed atom   0.08000000000000
     Current SAS 312.53044398754446

 Boundary conditions
   sum of grid charges as independent DH spheres

 Physical constants
   Solute dielectric constant  :   1.00000000000000
   Solvent dielectric constant :   80.0000000000000
   Temperature (K)             :   300.000000000000
   Ionic strength (mM)         :   0.00000000000000
   Debye-Huckel parameter (1/A):   0.00000000000000

FD Solver Option
   Use Modified ICCG solver

 Iteration data
   Maximum iterations  :         100
   Convergence criteria:  1.000000000000000E-03
   Iterations required        :    11
   Norm of the constant vector:      8120.1868268378
   Norm of the residual vector:      7.1315524342809
   Convergence achieved       :  8.7824979724735049E-04

 Total surface charge       0.0000
 Reaction field energy     -9.9248
 Nonpolar SAS/SAV    312.5304      0.0000
 Cavity solvation energy      1.5627

 NSTEP =        1   TIME(PS) =       0.000  TEMP(K) =     0.00  PRESS =     0.0
 Etot   =        -7.3841  EKtot   =         0.0000  EPtot      =         0.0000
 BOND   =         0.0000  ANGLE   =         0.0000  DIHED      =         0.0000
 1-4 NB =         0.0000  1-4 EEL =         0.0000  VDWAALS    =        -0.9454
 EELEC  =         1.9234  EPB     =        -9.9248  RESTRAINT  =         0.0000
 ECAVITY=         1.5627  EDISPER =         0.0000
 ------------------------------------------------------------------------------



  Maximum number of minimization cycles reached.


                    FINAL RESULTS


 NSTEP =        1   TIME(PS) =       0.000  TEMP(K) =     0.00  PRESS =     0.0
 Etot   =        -7.3841  EKtot   =         0.0000  EPtot      =         0.0000
 BOND   =         0.0000  ANGLE   =         0.0000  DIHED      =         0.0000
 1-4 NB =         0.0000  1-4 EEL =         0.0000  VDWAALS    =        -0.9454
 EELEC  =         1.9234  EPB     =        -9.9248  RESTRAINT  =         0.0000
 ECAVITY=         1.5627  EDISPER =         0.0000
 ------------------------------------------------------------------------------


--------------------------------------------------------------------------------
   5.  TIMINGS
--------------------------------------------------------------------------------

| Total time                     0.03
| Read prm/crd time              0.00
| Force time                     0.03
| Nonbond force                  0.03
| PB Nonbond                     0.03
| PB Sasa                        0.00
| PB FD force                    0.03
| PB Set linear sys              0.01
| PB Solver                      0.02
| PB SA arc                      0.00
| PB circle                      0.00
| PB exmol                       0.01
| PB exmol setup                 0.00
| PB exmol part b                0.00
| PB exmol part d                0.00
| PB exmol part f                0.00
| PB epsbnd                      0.00
|           Job began  at 20:53:14.906  on 08/29/2021
|           Setup done at 20:53:14.910  on 08/29/2021
|           Run   done at 20:53:14.939  on 08/29/2021
|     wallclock() was called     110 times
