
          -------------------------------------------------------
          PBSA VERSION 2019                       UC Irvine
          -------------------------------------------------------

| Run on 08/29/2021 at 20:51:39

File Assignments:
|  MDIN: ../pbsa-script/mdin.in                                                
| MDOUT: complex-pb.out                                                        
|INPCRD: complex.crd                                                           
|  PARM: complex.prmtop                                                        
|

 Here is the input file:

Sample single point PB calculation                                             
&cntrl                                                                         
ipb=1, inp=1                                                                   
/                                                                              
&pb                                                                            
npbverb=1, fillratio=1.5, saopt=1, radiopt=0, epsin=1.0, epsout=80             
/                                                                              
 PBSA Warning in pb_read(): sprob=0.557 is optimized for inp=2 and  should not be used with inp=1. It has been reset to 1.4.
 PBSA Warning in pb_read(): cavity_surften=0.0378 is optimized for inp=2  and should not be used with inp=1. It has been reset to 0.005000.
 PBSA Warning in pb_read(): cavity_offset=-0.5692 is optimized for inp=2  and should not be used with inp=1. It has been reset to 0.000.

--------------------------------------------------------------------------------
   1.  RESOURCE   USE: 
--------------------------------------------------------------------------------

| Flags:                                                                        
| New format PARM file being parsed.
| Version =    1.000 Date = 08/29/21 Time = 13:29:56
 NATOM  =     145 NTYPES =       9 NBONH =      71 MBONA  =      79
 NTHETH =     164 MTHETA =     115 NPHIH =     295 MPHIA  =     226
 NHPARM =       0 NPARM  =       0 NNB   =     856 NRES   =       7
 NBONA  =      79 NTHETA =     115 NPHIA =     226 NUMBND =      10
 NUMANG =      19 NPTRA  =      28 NATYP =      14 NPHB   =       0
 IFBOX  =       1 NMXRS  =      21 IFCAP =       0 NEXTRA =       0
 NCOPY  =       0


|     Memory Use     Allocated
|     Real                5421
|     Hollerith            444
|     Integer            26554
|     Max Pairs              1
|     Max Rstack             1
|     Max Istack             1
|       Total              147 kbytes

     BOX TYPE: RECTILINEAR

--------------------------------------------------------------------------------
   2.  CONTROL  DATA  FOR  THE  RUN
--------------------------------------------------------------------------------

default_name                                                                    

General flags:
     imin    =       1, nmropt  =       0

Nature and format of input:
     ntx     =       1, irest   =       0, ntrx    =       1

Nature and format of output:
     ntxo    =       1, ntpr    =      50, ntrx    =       1, ntwr    =     500
     iwrap   =       0, ntwx    =       0, ntwv    =       0, ntwe    =       0
     ioutfm  =       0, ntwprt  =       0, idecomp =       0, rbornstat=      0

Potential function:
     ntf     =       1, ntb     =       1, ipb     =       1, nsnb    =      25
     ipol    =       0, gbsa    =       0, iesp    =       0
     dielc   =   1.00000, cut     =   8.00000, intdiel =   1.00000

Frozen or restrained atoms:
     ibelly  =       0, ntr     =       0

Energy minimization:
     maxcyc  =       1, ncyc    =      10, ntmin   =       1
     dx0     =   0.01000, drms    =   0.00010

======== Implicit Solvent Initialization ========

     Max Nonbonded Pairs:    10513    10513

 no. of atoms processed in PB initialization:   145
  NUM  RESI  NAME  TYPE    CHARGE ATM CRG/H   GRP CRG   PB RADI   NP RADI
    1  MGO   C1    CG    0.042700  0.203700 -0.283400  1.700000  1.699835
    2  MGO   H1    H2    0.161000  0.000000  0.000000  1.300000  1.146587
    3  MGO   O1    OS   -0.322900 -0.322900  0.080400  1.500000  1.500006
    4  MGO   C2    CG    0.137600  0.202600  0.508600  1.700000  1.699835
    5  MGO   H2    H1    0.065000  0.000000  0.000000  1.300000  1.235677
    6  MGO   O2    OH   -0.634600 -0.198000  0.004600  1.500000  1.533237
    7  MGO   HO2   HO    0.436600  0.000000  0.000000  0.800000  0.000000
    8  MGO   C3    CG    0.122400  0.300300  0.504500  1.700000  1.699835
    9  MGO   H3    H1    0.177900  0.000000  0.000000  1.300000  1.235677
   10  MGO   O3    OH   -0.620000 -0.198000  0.102300  1.500000  1.533237
   11  MGO   HO3   HO    0.422000  0.000000  0.000000  0.800000  0.000000
   12  MGO   C4    CG    0.040100  0.199600  0.311900  1.700000  1.699835
   13  MGO   H4    H1    0.159500  0.000000  0.000000  1.300000  1.235677
   14  MGO   C5    CG    0.019300  0.134900  0.210300  1.700000  1.699835
   15  MGO   H5    H1    0.115600  0.000000  0.000000  1.300000  1.235677
   16  MGO   O5    OS   -0.366800 -0.366800 -0.028200  1.500000  1.500006
   17  MGO   C6    CG    0.191800  0.242600  0.179500  1.700000  1.699835
   18  MGO   H61   H1    0.025400  0.000000  0.000000  1.300000  1.235677
   19  MGO   H62   H1    0.025400  0.000000  0.000000  1.300000  1.235677
   20  MGO   O6    OH   -0.607700 -0.198000  0.044600  1.500000  1.533237
   21  MGO   HO6   HO    0.409700  0.000000  0.000000  0.800000  0.000000
   22  MGO   C1    CG    0.042700  0.203700 -0.283400  1.700000  1.699835
   23  MGO   H1    H2    0.161000  0.000000  0.000000  1.300000  1.146587
   24  MGO   O1    OS   -0.322900 -0.322900  0.080400  1.500000  1.500006
   25  MGO   C2    CG    0.137600  0.202600  0.508600  1.700000  1.699835
   26  MGO   H2    H1    0.065000  0.000000  0.000000  1.300000  1.235677
   27  MGO   O2    OH   -0.634600 -0.198000  0.004600  1.500000  1.533237
   28  MGO   HO2   HO    0.436600  0.000000  0.000000  0.800000  0.000000
   29  MGO   C3    CG    0.122400  0.300300  0.504500  1.700000  1.699835
   30  MGO   H3    H1    0.177900  0.000000  0.000000  1.300000  1.235677
   31  MGO   O3    OH   -0.620000 -0.198000  0.102300  1.500000  1.533237
   32  MGO   HO3   HO    0.422000  0.000000  0.000000  0.800000  0.000000
   33  MGO   C4    CG    0.040100  0.199600  0.311900  1.700000  1.699835
   34  MGO   H4    H1    0.159500  0.000000  0.000000  1.300000  1.235677
   35  MGO   C5    CG    0.019300  0.134900  0.210300  1.700000  1.699835
   36  MGO   H5    H1    0.115600  0.000000  0.000000  1.300000  1.235677
   37  MGO   O5    OS   -0.366800 -0.366800 -0.028200  1.500000  1.500006
   38  MGO   C6    CG    0.191800  0.242600  0.179500  1.700000  1.699835
   39  MGO   H61   H1    0.025400  0.000000  0.000000  1.300000  1.235677
   40  MGO   H62   H1    0.025400  0.000000  0.000000  1.300000  1.235677
   41  MGO   O6    OH   -0.607700 -0.198000  0.044600  1.500000  1.533237
   42  MGO   HO6   HO    0.409700  0.000000  0.000000  0.800000  0.000000
   43  MGO   C1    CG    0.042700  0.203700 -0.283400  1.700000  1.699835
   44  MGO   H1    H2    0.161000  0.000000  0.000000  1.300000  1.146587
   45  MGO   O1    OS   -0.322900 -0.322900  0.080400  1.500000  1.500006
   46  MGO   C2    CG    0.137600  0.202600  0.508600  1.700000  1.699835
   47  MGO   H2    H1    0.065000  0.000000  0.000000  1.300000  1.235677
   48  MGO   O2    OH   -0.634600 -0.198000  0.004600  1.500000  1.533237
   49  MGO   HO2   HO    0.436600  0.000000  0.000000  0.800000  0.000000
   50  MGO   C3    CG    0.122400  0.300300  0.504500  1.700000  1.699835
   51  MGO   H3    H1    0.177900  0.000000  0.000000  1.300000  1.235677
   52  MGO   O3    OH   -0.620000 -0.198000  0.102300  1.500000  1.533237
   53  MGO   HO3   HO    0.422000  0.000000  0.000000  0.800000  0.000000
   54  MGO   C4    CG    0.040100  0.199600  0.311900  1.700000  1.699835
   55  MGO   H4    H1    0.159500  0.000000  0.000000  1.300000  1.235677
   56  MGO   C5    CG    0.019300  0.134900  0.210300  1.700000  1.699835
   57  MGO   H5    H1    0.115600  0.000000  0.000000  1.300000  1.235677
   58  MGO   O5    OS   -0.366800 -0.366800 -0.028200  1.500000  1.500006
   59  MGO   C6    CG    0.191800  0.242600  0.179500  1.700000  1.699835
   60  MGO   H61   H1    0.025400  0.000000  0.000000  1.300000  1.235677
   61  MGO   H62   H1    0.025400  0.000000  0.000000  1.300000  1.235677
   62  MGO   O6    OH   -0.607700 -0.198000  0.044600  1.500000  1.533237
   63  MGO   HO6   HO    0.409700  0.000000  0.000000  0.800000  0.000000
   64  MGO   C1    CG    0.042700  0.203700 -0.283400  1.700000  1.699835
   65  MGO   H1    H2    0.161000  0.000000  0.000000  1.300000  1.146587
   66  MGO   O1    OS   -0.322900 -0.322900  0.080400  1.500000  1.500006
   67  MGO   C2    CG    0.137600  0.202600  0.508600  1.700000  1.699835
   68  MGO   H2    H1    0.065000  0.000000  0.000000  1.300000  1.235677
   69  MGO   O2    OH   -0.634600 -0.198000  0.004600  1.500000  1.533237
   70  MGO   HO2   HO    0.436600  0.000000  0.000000  0.800000  0.000000
   71  MGO   C3    CG    0.122400  0.300300  0.504500  1.700000  1.699835
   72  MGO   H3    H1    0.177900  0.000000  0.000000  1.300000  1.235677
   73  MGO   O3    OH   -0.620000 -0.198000  0.102300  1.500000  1.533237
   74  MGO   HO3   HO    0.422000  0.000000  0.000000  0.800000  0.000000
   75  MGO   C4    CG    0.040100  0.199600  0.311900  1.700000  1.699835
   76  MGO   H4    H1    0.159500  0.000000  0.000000  1.300000  1.235677
   77  MGO   C5    CG    0.019300  0.134900  0.210300  1.700000  1.699835
   78  MGO   H5    H1    0.115600  0.000000  0.000000  1.300000  1.235677
   79  MGO   O5    OS   -0.366800 -0.366800 -0.028200  1.500000  1.500006
   80  MGO   C6    CG    0.191800  0.242600  0.179500  1.700000  1.699835
   81  MGO   H61   H1    0.025400  0.000000  0.000000  1.300000  1.235677
   82  MGO   H62   H1    0.025400  0.000000  0.000000  1.300000  1.235677
   83  MGO   O6    OH   -0.607700 -0.198000  0.044600  1.500000  1.533237
   84  MGO   HO6   HO    0.409700  0.000000  0.000000  0.800000  0.000000
   85  MGO   C1    CG    0.042700  0.203700 -0.283400  1.700000  1.699835
   86  MGO   H1    H2    0.161000  0.000000  0.000000  1.300000  1.146587
   87  MGO   O1    OS   -0.322900 -0.322900  0.080400  1.500000  1.500006
   88  MGO   C2    CG    0.137600  0.202600  0.508600  1.700000  1.699835
   89  MGO   H2    H1    0.065000  0.000000  0.000000  1.300000  1.235677
   90  MGO   O2    OH   -0.634600 -0.198000  0.004600  1.500000  1.533237
   91  MGO   HO2   HO    0.436600  0.000000  0.000000  0.800000  0.000000
   92  MGO   C3    CG    0.122400  0.300300  0.504500  1.700000  1.699835
   93  MGO   H3    H1    0.177900  0.000000  0.000000  1.300000  1.235677
   94  MGO   O3    OH   -0.620000 -0.198000  0.102300  1.500000  1.533237
   95  MGO   HO3   HO    0.422000  0.000000  0.000000  0.800000  0.000000
   96  MGO   C4    CG    0.040100  0.199600  0.311900  1.700000  1.699835
   97  MGO   H4    H1    0.159500  0.000000  0.000000  1.300000  1.235677
   98  MGO   C5    CG    0.019300  0.134900  0.210300  1.700000  1.699835
   99  MGO   H5    H1    0.115600  0.000000  0.000000  1.300000  1.235677
  100  MGO   O5    OS   -0.366800 -0.366800 -0.028200  1.500000  1.500006
  101  MGO   C6    CG    0.191800  0.242600  0.179500  1.700000  1.699835
  102  MGO   H61   H1    0.025400  0.000000  0.000000  1.300000  1.235677
  103  MGO   H62   H1    0.025400  0.000000  0.000000  1.300000  1.235677
  104  MGO   O6    OH   -0.607700 -0.198000  0.044600  1.500000  1.533237
  105  MGO   HO6   HO    0.409700  0.000000  0.000000  0.800000  0.000000
  106  MGO   C1    CG    0.042700  0.203700 -0.283400  1.700000  1.699835
  107  MGO   H1    H2    0.161000  0.000000  0.000000  1.300000  1.146587
  108  MGO   O1    OS   -0.322900 -0.322900  0.080400  1.500000  1.500006
  109  MGO   C2    CG    0.137600  0.202600  0.508600  1.700000  1.699835
  110  MGO   H2    H1    0.065000  0.000000  0.000000  1.300000  1.235677
  111  MGO   O2    OH   -0.634600 -0.198000  0.004600  1.500000  1.533237
  112  MGO   HO2   HO    0.436600  0.000000  0.000000  0.800000  0.000000
  113  MGO   C3    CG    0.122400  0.300300  0.504500  1.700000  1.699835
  114  MGO   H3    H1    0.177900  0.000000  0.000000  1.300000  1.235677
  115  MGO   O3    OH   -0.620000 -0.198000  0.102300  1.500000  1.533237
  116  MGO   HO3   HO    0.422000  0.000000  0.000000  0.800000  0.000000
  117  MGO   C4    CG    0.040100  0.199600  0.311900  1.700000  1.699835
  118  MGO   H4    H1    0.159500  0.000000  0.000000  1.300000  1.235677
  119  MGO   C5    CG    0.019300  0.134900  0.210300  1.700000  1.699835
  120  MGO   H5    H1    0.115600  0.000000  0.000000  1.300000  1.235677
  121  MGO   O5    OS   -0.366800 -0.366800 -0.028200  1.500000  1.500006
  122  MGO   C6    CG    0.191800  0.242600  0.179500  1.700000  1.699835
  123  MGO   H61   H1    0.025400  0.000000  0.000000  1.300000  1.235677
  124  MGO   H62   H1    0.025400  0.000000  0.000000  1.300000  1.235677
  125  MGO   O6    OH   -0.607700 -0.198000  0.044600  1.500000  1.533237
  126  MGO   HO6   HO    0.409700  0.000000  0.000000  0.800000  0.000000
  127  MOL   C1    c     0.846400  0.846400 -0.936800  1.700000  1.699835
  128  MOL   O1    o    -0.835900 -0.835900  0.010500  1.500000  1.479961
  129  MOL   O2    o    -0.835900 -0.835900  0.010500  1.500000  1.479961
  130  MOL   C2    c3   -0.026400 -0.111400  0.738400  1.700000  1.699835
  131  MOL   H1    hc   -0.042500 -0.042500 -0.042500  1.300000  1.324766
  132  MOL   H2    hc   -0.042500 -0.042500 -0.042500  1.300000  1.324766
  133  MOL   C3    c3    0.019000  0.003400 -0.121000  1.700000  1.699835
  134  MOL   H3    hc   -0.007800 -0.007800 -0.007800  1.300000  1.324766
  135  MOL   H4    hc   -0.007800 -0.007800 -0.007800  1.300000  1.324766
  136  MOL   C4    c3    0.010000 -0.013000  0.002700  1.700000  1.699835
  137  MOL   H5    hc   -0.011500 -0.011500 -0.011500  1.300000  1.324766
  138  MOL   H6    hc   -0.011500 -0.011500 -0.011500  1.300000  1.324766
  139  MOL   C5    c3    0.036100  0.012300 -0.066600  1.700000  1.699835
  140  MOL   H7    hc   -0.011900 -0.011900 -0.011900  1.300000  1.324766
  141  MOL   H8    hc   -0.011900 -0.011900 -0.011900  1.300000  1.324766
  142  MOL   C6    c3   -0.069200 -0.065900 -0.053600  1.700000  1.699835
  143  MOL   H9    hc    0.001100  0.001100  0.001100  1.300000  1.324766
  144  MOL   H10   hc    0.001100  0.001100  0.001100  1.300000  1.324766
  145  MOL   H11   hc    0.001100  0.001100  0.001100  1.300000  1.324766

 total system charges (+/-) for PB       -1.0000       16.2268      -17.2268
 cavity_surften =        0.0050 cavity_offset =        0.0000

   SAS Surface: surface dots generated:    366

--------------------------------------------------------------------------------
   3.  ATOMIC COORDINATES AND VELOCITIES
--------------------------------------------------------------------------------

Cpptraj Generated Restart                                                       
 begin time read from input coords =   551.000 ps

 Number of triangulated 3-point waters found:        0

--------------------------------------------------------------------------------
   4.  RESULTS
--------------------------------------------------------------------------------

  NB-update: atom-based nb list     7756


======== Setting up Grid Parameters ========
Using bounding box for grid setup
 Bounding Box at level:           2
 Bounding Box Center:      17.500    17.000    19.500
 Xmin, Xmax, Xmax-Xmin:     9.795    25.634    15.839
 Ymin, Ymax, Ymax-Ymin:     9.191    24.408    15.217
 Zmin, Zmax, Zmax-Zmin:    14.169    24.840    10.671
 Grid dimension at level     2    51   49   39
 Grid origin corrected at level     2      4.500     4.500     9.500
 Bounding Box at level:           1
 Bounding Box Center:      17.500    17.000    19.500
 Xmin, Xmax, Xmax-Xmin:     9.795    25.634    15.839
 Ymin, Ymax, Ymax-Ymin:     9.191    24.408    15.217
 Zmin, Zmax, Zmax-Zmin:    14.169    24.840    10.671
PB Warn in setgrd(): focusing grid too large    2
 fillratio is automatically increased to 2.500
 Grid dimension at level     1    11   11    9
 Grid origin corrected at level     1     -6.500    -7.000    -0.500
------- VMD goodie --------
#First Level Geometric Box
draw materials off
draw color green
draw line "   -6.500   -7.000   -0.500" "   37.500   -7.000   -0.500"
draw line "   -6.500   -7.000   -0.500" "   -6.500   37.000   -0.500"
draw line "   -6.500   -7.000   -0.500" "   -6.500   -7.000   35.500"
draw line "   37.500   -7.000   -0.500" "   37.500   37.000   -0.500"
draw line "   37.500   -7.000   -0.500" "   37.500   -7.000   35.500"
draw line "   -6.500   37.000   -0.500" "   37.500   37.000   -0.500"
draw line "   -6.500   37.000   -0.500" "   -6.500   37.000   35.500"
draw line "   -6.500   -7.000   35.500" "   37.500   -7.000   35.500"
draw line "   -6.500   -7.000   35.500" "   -6.500   37.000   35.500"
draw line "   37.500   37.000   35.500" "   37.500   37.000   -0.500"
draw line "   37.500   37.000   35.500" "   -6.500   37.000   35.500"
draw line "   37.500   37.000   35.500" "   37.500   -7.000   35.500"
#2nd Level Geometric Box
draw color blue
draw line "    4.500    4.500    9.500" "   30.500    4.500    9.500"
draw line "    4.500    4.500    9.500" "    4.500   29.500    9.500"
draw line "    4.500    4.500    9.500" "    4.500    4.500   29.500"
draw line "   30.500    4.500    9.500" "   30.500   29.500    9.500"
draw line "   30.500    4.500    9.500" "   30.500    4.500   29.500"
draw line "    4.500   29.500    9.500" "   30.500   29.500    9.500"
draw line "    4.500   29.500    9.500" "    4.500   29.500   29.500"
draw line "    4.500    4.500   29.500" "   30.500    4.500   29.500"
draw line "    4.500    4.500   29.500" "    4.500   29.500   29.500"
draw line "   30.500   29.500   29.500" "   30.500   29.500    9.500"
draw line "   30.500   29.500   29.500" "    4.500   29.500   29.500"
draw line "   30.500   29.500   29.500" "   30.500    4.500   29.500"
--- End VMD goodie --------

======== Setting up Solvent Accessibility Data ========
Setting up working radii
Number of SA srf points exposed  3749
 Number of SA arcs generated  3507
 Number of SA arc points exposed        2088 Number of trimer arc points exposed         186
 with resolution (A) = .250000E+00

Atomic solvent accessible surface area:
           1    0.0000000000000
           2   13.5160586230837
           3    0.0000000000000
           4    0.0000000000000
           5   18.7723036431718
           6   24.2551553464697
           7    0.0000000000000
           8    0.0000000000000
           9    0.7508921457269
          10   19.6351257566659
          11    7.8103770146296
          12    0.0000000000000
          13    6.0071371658150
          14    0.0000000000000
          15    0.0000000000000
          16    6.9300443847056
          17    0.6599061289836
          18    1.0011895276358
          19   15.5184376783554
          20   23.3888997983815
          21    8.8074464207525
          22    0.0000000000000
          23   11.0130848039941
          24    0.0000000000000
          25    0.0000000000000
          26   20.0237905527166
          27   26.2764182920088
          28    0.8308911717691
          29    0.0000000000000
          30    1.0011895276358
          31   19.3463739073032
          32    4.6529905619070
          33    0.0000000000000
          34    6.2574345477239
          35    0.0000000000000
          36    0.0000000000000
          37    3.7537740417155
          38    1.6497653224589
          39    5.7568397839060
          40   14.2669507688106
          41   25.1214108945579
          42    8.3089117176910
          43    0.0000000000000
          44   14.7675455326285
          45    0.0000000000000
          46    0.0000000000000
          47   21.0249800803524
          48   25.9876664426461
          49    0.9970694061229
          50    0.0000000000000
          51    1.0011895276358
          52   22.5226442502933
          53    4.1544558588455
          54    0.0000000000000
          55    5.7568397839060
          56    0.0000000000000
          57    0.0000000000000
          58    4.0425258910783
          59    0.9898591934753
          60    4.0047581105433
          61   15.2681402964464
          62   33.4952145260771
          63    5.4838817336761
          64    0.0000000000000
          65   13.7663560049927
          66    0.0000000000000
          67    0.0000000000000
          68   18.5220062612628
          69   27.7201775388225
          70    0.0000000000000
          71    0.0000000000000
          72    1.5017842914537
          73   23.3888997983815
          74    5.6500599680299
          75    0.0000000000000
          76    3.7544607286344
          77    0.0000000000000
          78    0.0000000000000
          79    6.6412925353429
          80    0.0000000000000
          81    0.2502973819090
          82   14.7675455326285
          83   23.3888997983815
          84    5.3177034993223
          85    0.0000000000000
          86   11.0130848039941
          87    0.0000000000000
          88    0.0000000000000
          89   19.2728984069897
          90   24.8326590451951
          91    0.3323564687076
          92    0.0000000000000
          93    0.0000000000000
          94   17.3251109617640
          95    3.9882776244917
          96    0.0000000000000
          97    5.7568397839060
          98    0.0000000000000
          99    0.0000000000000
         100    5.1975332885292
         101    0.9898591934753
         102    0.2502973819090
         103   12.0142743316300
         104   31.4739515805380
         105    4.4868123275532
         106    0.0000000000000
         107   15.0178429145374
         108    0.0000000000000
         109    0.0000000000000
         110   19.2728984069897
         111   26.8539219907343
         112    0.0000000000000
         113    0.0000000000000
         114    0.0000000000000
         115   24.5439071958324
         116    1.1632476404767
         117    0.0000000000000
         118    7.0083266934508
         119    0.0000000000000
         120    0.0000000000000
         121    5.7750369872547
         122    0.9898591934753
         123    3.7544607286344
         124   15.5184376783554
         125   28.8751849362734
         126    3.9882776244917
         127    6.5990612898356
         128   25.4101627439206
         129   33.7839663754399
         130    0.3299530644918
         131    6.5077319296329
         132    0.5005947638179
         133    0.0000000000000
         134    0.0000000000000
         135    0.0000000000000
         136    0.0000000000000
         137    0.0000000000000
         138    0.0000000000000
         139    0.0000000000000
         140    0.0000000000000
         141    0.0000000000000
         142    0.9898591934753
         143    0.2502973819090
         144   14.2669507688106
         145    2.2526764371806

 ======== FDPB Summary ========

 Do FDPB every           1 steps
 Nonbonded Update
   residue cutoff is set to   99.9000000000000
   fdpb cutoff is set to    5.0000000000000
   sas cutoff is set to    9.0000000000000
   nonbonded cutoff is set to    0.0000000000000
 Grid Constants
   Grid dimension      11      11       9
   Grid spacing set to     4.000
   Grid boundary
        -6.500    41.500
        -7.000    41.000
        -0.500    39.500

 Dielectric Map
   Use cavity radii in the prmtop file

   Use probe-based SES definition
     Compute SAS/SAR every           1 steps
     Solvent probe radius   1.40000000000000
     Surface dots per atom     366
     Buried atom radii increment   0.79800000000000
     Threshhold for exposed atom   0.08000000000000
     Current SAS 980.06566463916749

 Boundary conditions
   sum of grid charges as independent DH spheres

 Physical constants
   Solute dielectric constant  :   1.00000000000000
   Solvent dielectric constant :   80.0000000000000
   Temperature (K)             :   300.000000000000
   Ionic strength (mM)         :   0.00000000000000
   Debye-Huckel parameter (1/A):   0.00000000000000

FD Solver Option
   Use Modified ICCG solver

 Iteration data
   Maximum iterations  :         100
   Convergence criteria:  1.000000000000000E-03
   Iterations required        :     7
   Norm of the constant vector:       543.1016736300
   Norm of the residual vector:      0.1647010231372
   Convergence achieved       :  3.0326001766189074E-04

 Total molecular surface    661.6630

 ======== FDPB Summary ========

 Do FDPB every           1 steps
 Nonbonded Update
   residue cutoff is set to   99.9000000000000
   fdpb cutoff is set to    5.0000000000000
   sas cutoff is set to    9.0000000000000
   nonbonded cutoff is set to    0.0000000000000
 Grid Constants
   Grid dimension      51      49      39
   Grid spacing set to     0.500
   Grid boundary
         4.500    30.500
         4.500    29.500
         9.500    29.500

 Dielectric Map
   Use cavity radii in the prmtop file

   Use probe-based SES definition
     Compute SAS/SAR every           1 steps
     Solvent probe radius   1.40000000000000
     Surface dots per atom     366
     Buried atom radii increment   0.79800000000000
     Threshhold for exposed atom   0.08000000000000
     Current SAS 980.06566463916749

 Boundary conditions
   sum of grid charges as independent DH spheres

 Physical constants
   Solute dielectric constant  :   1.00000000000000
   Solvent dielectric constant :   80.0000000000000
   Temperature (K)             :   300.000000000000
   Ionic strength (mM)         :   0.00000000000000
   Debye-Huckel parameter (1/A):   0.00000000000000

FD Solver Option
   Use Modified ICCG solver

 Iteration data
   Maximum iterations  :         100
   Convergence criteria:  1.000000000000000E-03
   Iterations required        :    14
   Norm of the constant vector:    137209.4010729535
   Norm of the residual vector:    110.1292565709282
   Convergence achieved       :  8.0263637702472808E-04

 Total surface charge       0.9878
 Reaction field energy   -182.1048
 Nonpolar SAS/SAV    980.0657      0.0000
 Cavity solvation energy      4.9003

 NSTEP =        1   TIME(PS) =       0.000  TEMP(K) =     0.00  PRESS =     0.0
 Etot   =      -640.8398  EKtot   =         0.0000  EPtot      =         0.0000
 BOND   =         0.0000  ANGLE   =         0.0000  DIHED      =         0.0000
 1-4 NB =         0.0000  1-4 EEL =         0.0000  VDWAALS    =       -50.3230
 EELEC  =      -413.3124  EPB     =      -182.1048  RESTRAINT  =         0.0000
 ECAVITY=         4.9003  EDISPER =         0.0000
 ------------------------------------------------------------------------------



  Maximum number of minimization cycles reached.


                    FINAL RESULTS


 NSTEP =        1   TIME(PS) =       0.000  TEMP(K) =     0.00  PRESS =     0.0
 Etot   =      -640.8398  EKtot   =         0.0000  EPtot      =         0.0000
 BOND   =         0.0000  ANGLE   =         0.0000  DIHED      =         0.0000
 1-4 NB =         0.0000  1-4 EEL =         0.0000  VDWAALS    =       -50.3230
 EELEC  =      -413.3124  EPB     =      -182.1048  RESTRAINT  =         0.0000
 ECAVITY=         4.9003  EDISPER =         0.0000
 ------------------------------------------------------------------------------


--------------------------------------------------------------------------------
   5.  TIMINGS
--------------------------------------------------------------------------------

| Total time                     0.12
| Read prm/crd time              0.01
| Force time                     0.11
| Nonbond force                  0.11
| PB Nonbond                     0.11
| PB FD grid                     0.00
| PB Sasa                        0.02
| PB FD force                    0.11
| PB Set linear sys              0.05
| PB Solver                      0.06
| PB SA srf                      0.00
| PB SA arc                      0.02
| PB SA arc setup                0.00
| PB circle                      0.02
| PB exclude                     0.00
| PB exmol                       0.05
| PB exmol setup                 0.00
| PB exmol part b                0.00
| PB exmol part c                0.00
| PB exmol part e                0.00
| PB exmol part f                0.01
| PB epsmap                      0.00
|           Job began  at 20:51:39.723  on 08/29/2021
|           Setup done at 20:51:39.730  on 08/29/2021
|           Run   done at 20:51:39.841  on 08/29/2021
|     wallclock() was called     110 times
