
          -------------------------------------------------------
          GBNSR6 2015                       
          -------------------------------------------------------

| Run on 09/12/2021 at 11:27:55

File Assignments:
|  MDIN: ../scripts/gbnsr6.in                                                  
| MDOUT: complex-gb.out                                                        
|INPCRD: complex.crd                                                           
|  PARM: complex.prmtop                                                        
|

 Here is the input file:

compute                                                                        
&cntrl                                                                         
inp=1                                                                          
/                                                                              
&gb                                                                            
epsin=1.0, epsout=80, istrng=0, space=0.5,                                     
arcres=0.2, B=0.028, alpb=1, rbornstat=0, cavity_surften=0.005                 
/                                                                              

--------------------------------------------------------------------------------
   1.  RESOURCE   USE: 
--------------------------------------------------------------------------------

| Flags:                                                                        
| New format PARM file being parsed.
| Version =    1.000 Date = 09/12/21 Time = 11:22:34
 NATOM  =     211 NTYPES =       9 NBONH =      68 MBONA  =     163
 NTHETH =     152 MTHETA =     246 NPHIH =     312 MPHIA  =     395
 NHPARM =       0 NPARM  =       0 NNB   =    1235 NRES   =       2
 NBONA  =     163 NTHETA =     246 NPHIA =     395 NUMBND =      13
 NUMANG =      24 NPTRA  =      12 NATYP =      13 NPHB   =       0
 IFBOX  =       1 NMXRS  =     196 IFCAP =       0 NEXTRA =       0
 NCOPY  =       0


|     Memory Use     Allocated
|     Real                7908
|     Hollerith           1270
|     Integer            27247
|     Max Pairs              1
|     Max Rstack             1
|     Max Istack             1
|       Total              173 kbytes

| Note: 1-4 EEL scale factors are being read from the topology file.

     BOX TYPE: RECTILINEAR

--------------------------------------------------------------------------------
   2.  ATOMIC COORDINATES AND VELOCITIES
--------------------------------------------------------------------------------

Cpptraj Generated Restart                                                       
 begin time read from input coords =  1051.000 ps

 Number of triangulated 3-point waters found:        0

--------------------------------------------------------------------------------
   3.  RESULTS
--------------------------------------------------------------------------------

 Cavity solvation energy      8.3416

 NSTEP =        1   TIME(PS) =       0.000  TEMP(K) =     0.00  PRESS =     0.0
 Etot   =      -626.6331  EKtot   =         0.0000  EPtot      =         0.0000
 BOND   =         0.0000  ANGLE   =         0.0000  DIHED      =         0.0000
 1-4 NB =         0.0000  1-4 EEL =       402.6449  VDWAALS    =         0.0000
 EELEC  =       610.1913  EGB     =     -1647.8109  RESTRAINT  =         0.0000
 ESURF  =         8.3416
 ------------------------------------------------------------------------------



  Maximum number of minimization cycles reached.


                    FINAL RESULTS


 NSTEP =        1   TIME(PS) =       0.000  TEMP(K) =     0.00  PRESS =     0.0
 Etot   =      -626.6331  EKtot   =         0.0000  EPtot      =         0.0000
 BOND   =         0.0000  ANGLE   =         0.0000  DIHED      =         0.0000
 1-4 NB =         0.0000  1-4 EEL =       402.6449  VDWAALS    =         0.0000
 EELEC  =       610.1913  EGB     =     -1647.8109  RESTRAINT  =         0.0000
 ESURF  =         8.3416
 ------------------------------------------------------------------------------

|           Job began  at 11:27:55.625  on 09/12/2021
|           Setup done at 11:27:55.628  on 09/12/2021
|           Run   done at 11:27:55.737  on 09/12/2021
|     wallclock() was called      72 times
