
          -------------------------------------------------------
          PBSA VERSION 2019                       UC Irvine
          -------------------------------------------------------

| Run on 09/12/2021 at 11:37:52

File Assignments:
|  MDIN: ../scripts/pbsa.in                                                    
| MDOUT: complex-pb.out                                                        
|INPCRD: complex.crd                                                           
|  PARM: complex.prmtop                                                        
|

 Here is the input file:

Sample single point PB calculation                                             
&cntrl                                                                         
ipb=1, inp=1                                                                   
/                                                                              
&pb                                                                            
npbverb=1, fillratio=1.5, saopt=1, radiopt=0, epsin=1.0, epsout=80             
/                                                                              
 PBSA Warning in pb_read(): sprob=0.557 is optimized for inp=2 and  should not be used with inp=1. It has been reset to 1.4.
 PBSA Warning in pb_read(): cavity_surften=0.0378 is optimized for inp=2  and should not be used with inp=1. It has been reset to 0.005000.
 PBSA Warning in pb_read(): cavity_offset=-0.5692 is optimized for inp=2  and should not be used with inp=1. It has been reset to 0.000.

--------------------------------------------------------------------------------
   1.  RESOURCE   USE: 
--------------------------------------------------------------------------------

| Flags:                                                                        
| New format PARM file being parsed.
| Version =    1.000 Date = 09/12/21 Time = 11:22:34
 NATOM  =     211 NTYPES =       9 NBONH =      68 MBONA  =     163
 NTHETH =     152 MTHETA =     246 NPHIH =     312 MPHIA  =     395
 NHPARM =       0 NPARM  =       0 NNB   =    1235 NRES   =       2
 NBONA  =     163 NTHETA =     246 NPHIA =     395 NUMBND =      13
 NUMANG =      24 NPTRA  =      12 NATYP =      13 NPHB   =       0
 IFBOX  =       1 NMXRS  =     196 IFCAP =       0 NEXTRA =       0
 NCOPY  =       0


|     Memory Use     Allocated
|     Real                7908
|     Hollerith            637
|     Integer            29220
|     Max Pairs              1
|     Max Rstack             1
|     Max Istack             1
|       Total              178 kbytes

     BOX TYPE: RECTILINEAR

--------------------------------------------------------------------------------
   2.  CONTROL  DATA  FOR  THE  RUN
--------------------------------------------------------------------------------

default_name                                                                    

General flags:
     imin    =       1, nmropt  =       0

Nature and format of input:
     ntx     =       1, irest   =       0, ntrx    =       1

Nature and format of output:
     ntxo    =       1, ntpr    =      50, ntrx    =       1, ntwr    =     500
     iwrap   =       0, ntwx    =       0, ntwv    =       0, ntwe    =       0
     ioutfm  =       0, ntwprt  =       0, idecomp =       0, rbornstat=      0

Potential function:
     ntf     =       1, ntb     =       1, ipb     =       1, nsnb    =      25
     ipol    =       0, gbsa    =       0, iesp    =       0
     dielc   =   1.00000, cut     =   8.00000, intdiel =   1.00000

Frozen or restrained atoms:
     ibelly  =       0, ntr     =       0

Energy minimization:
     maxcyc  =       1, ncyc    =      10, ntmin   =       1
     dx0     =   0.01000, drms    =   0.00010

======== Implicit Solvent Initialization ========

     Max Nonbonded Pairs:    22261    22261

 no. of atoms processed in PB initialization:   211
  NUM  RESI  NAME  TYPE    CHARGE ATM CRG/H   GRP CRG   PB RADI   NP RADI
    1  OCB   C1    ca    0.009882  0.009882  0.145598  1.700000  1.699835
    2  OCB   C2    ca    0.035332  0.035332 -0.168894  1.700000  1.699835
    3  OCB   C3    ca   -0.255530 -0.082514 -0.062750  1.700000  1.699835
    4  OCB   C4    ca    0.035332  0.035332 -0.168894  1.700000  1.699835
    5  OCB   C5    ca   -0.071425  0.047507  0.118171  1.700000  1.699835
    6  OCB   C6    ca    0.009882  0.009882  0.145598  1.700000  1.699835
    7  OCB   O1    os   -0.261615 -0.261615  0.004318  1.500000  1.500006
    8  OCB   C7    c3    0.054418  0.182898  0.209997  1.700000  1.699835
    9  OCB   C8    c3    0.088961  0.230601 -0.291758  1.700000  1.699835
   10  OCB   O2    os   -0.261615 -0.261615  0.004318  1.500000  1.500006
   11  OCB   C9    ca    0.035332  0.035332 -0.168894  1.700000  1.699835
   12  OCB   C10   ca    0.009882  0.009882  0.145598  1.700000  1.699835
   13  OCB   C11   ca   -0.255530 -0.082514 -0.062750  1.700000  1.699835
   14  OCB   C12   ca   -0.071425  0.047507  0.118171  1.700000  1.699835
   15  OCB   C13   ca    0.009882  0.009882  0.145598  1.700000  1.699835
   16  OCB   C14   ca    0.035332  0.035332 -0.168894  1.700000  1.699835
   17  OCB   O3    os   -0.261615 -0.261615  0.004318  1.500000  1.500006
   18  OCB   C15   c3    0.054418  0.182898  0.209997  1.700000  1.699835
   19  OCB   C16   ca    0.009882  0.009882  0.145598  1.700000  1.699835
   20  OCB   C17   ca    0.035332  0.035332 -0.168894  1.700000  1.699835
   21  OCB   C18   c3    0.088961  0.230601 -0.291758  1.700000  1.699835
   22  OCB   O4    os   -0.261615 -0.261615  0.004318  1.500000  1.500006
   23  OCB   O5    os   -0.261615 -0.261615  0.004318  1.500000  1.500006
   24  OCB   C19   c3    0.054418  0.182898  0.209997  1.700000  1.699835
   25  OCB   C20   ca    0.009882  0.009882  0.145598  1.700000  1.699835
   26  OCB   O6    os   -0.261615 -0.261615  0.004318  1.500000  1.500006
   27  OCB   C21   ca    0.035332  0.035332 -0.168894  1.700000  1.699835
   28  OCB   C22   ca   -0.071425  0.047507  0.118171  1.700000  1.699835
   29  OCB   C23   ca    0.035332  0.035332 -0.168894  1.700000  1.699835
   30  OCB   C24   ca   -0.071425  0.047507  0.118171  1.700000  1.699835
   31  OCB   C25   ca    0.035332  0.035332 -0.168894  1.700000  1.699835
   32  OCB   O7    os   -0.261615 -0.261615  0.004318  1.500000  1.500006
   33  OCB   O8    os   -0.261615 -0.261615  0.004318  1.500000  1.500006
   34  OCB   C26   c3    0.088961  0.230601 -0.291758  1.700000  1.699835
   35  OCB   C27   ca   -0.255530 -0.082514 -0.062750  1.700000  1.699835
   36  OCB   C28   ca    0.009882  0.009882  0.145598  1.700000  1.699835
   37  OCB   C29   ca   -0.255530 -0.082514 -0.062750  1.700000  1.699835
   38  OCB   C30   c3    0.054418  0.182898  0.209997  1.700000  1.699835
   39  OCB   C31   ca    0.009882  0.009882  0.145598  1.700000  1.699835
   40  OCB   C32   c3    0.088961  0.230601 -0.291758  1.700000  1.699835
   41  OCB   C33   c3   -0.038039  0.007335  0.129843  1.700000  1.699835
   42  OCB   C34   c3    0.037236 -0.060390  0.744436  1.700000  1.699835
   43  OCB   C35   c     0.797491  0.797491 -0.938987  1.700000  1.699835
   44  OCB   O9    o    -0.838044 -0.838044 -0.040553  1.500000  1.479961
   45  OCB   C36   c3   -0.038039  0.007335  0.129843  1.700000  1.699835
   46  OCB   C37   c3    0.037236 -0.060390  0.744436  1.700000  1.699835
   47  OCB   C38   c     0.797491  0.797491 -0.938987  1.700000  1.699835
   48  OCB   O10   o    -0.838044 -0.838044 -0.040553  1.500000  1.479961
   49  OCB   C39   c3   -0.038039  0.007335  0.129843  1.700000  1.699835
   50  OCB   C40   c3    0.037236 -0.060390  0.744436  1.700000  1.699835
   51  OCB   C41   c     0.797491  0.797491 -0.938987  1.700000  1.699835
   52  OCB   O11   o    -0.838044 -0.838044 -0.040553  1.500000  1.479961
   53  OCB   C42   c3   -0.038039  0.007335  0.129843  1.700000  1.699835
   54  OCB   C43   c3    0.037236 -0.060390  0.744436  1.700000  1.699835
   55  OCB   C44   c     0.797491  0.797491 -0.938987  1.700000  1.699835
   56  OCB   O12   o    -0.838044 -0.838044 -0.040553  1.500000  1.479961
   57  OCB   C45   ca    0.000871  0.000871  0.300938  1.700000  1.699835
   58  OCB   C46   ca   -0.200215 -0.085046  0.189710  1.700000  1.699835
   59  OCB   C47   ca   -0.116374  0.034733  0.172982  1.700000  1.699835
   60  OCB   C48   ca   -0.116374  0.034733  0.172982  1.700000  1.699835
   61  OCB   C49   ca    0.137378  0.137378 -0.179000  1.700000  1.699835
   62  OCB   C50   ca    0.137378  0.137378 -0.179000  1.700000  1.699835
   63  OCB   C51   ca    0.000871  0.000871  0.300938  1.700000  1.699835
   64  OCB   C52   ca   -0.200215 -0.085046  0.189710  1.700000  1.699835
   65  OCB   C53   ca   -0.116374  0.034733  0.172982  1.700000  1.699835
   66  OCB   C54   ca   -0.116374  0.034733  0.172982  1.700000  1.699835
   67  OCB   C55   ca    0.137378  0.137378 -0.179000  1.700000  1.699835
   68  OCB   C56   ca    0.137378  0.137378 -0.179000  1.700000  1.699835
   69  OCB   C57   ca    0.000871  0.000871  0.300938  1.700000  1.699835
   70  OCB   C58   ca   -0.200215 -0.085046  0.189710  1.700000  1.699835
   71  OCB   C59   ca   -0.116374  0.034733  0.172982  1.700000  1.699835
   72  OCB   C60   ca   -0.116374  0.034733  0.172982  1.700000  1.699835
   73  OCB   C61   ca    0.137378  0.137378 -0.179000  1.700000  1.699835
   74  OCB   C62   ca    0.137378  0.137378 -0.179000  1.700000  1.699835
   75  OCB   C63   ca    0.000871  0.000871  0.300938  1.700000  1.699835
   76  OCB   C64   ca   -0.200215 -0.085046  0.189710  1.700000  1.699835
   77  OCB   C65   ca   -0.116374  0.034733  0.172982  1.700000  1.699835
   78  OCB   C66   ca   -0.116374  0.034733  0.172982  1.700000  1.699835
   79  OCB   C67   ca    0.137378  0.137378 -0.179000  1.700000  1.699835
   80  OCB   C68   ca    0.137378  0.137378 -0.179000  1.700000  1.699835
   81  OCB   O13   os   -0.266065 -0.266065 -0.088151  1.500000  1.500006
   82  OCB   O14   os   -0.266065 -0.266065 -0.088151  1.500000  1.500006
   83  OCB   O15   os   -0.266065 -0.266065 -0.088151  1.500000  1.500006
   84  OCB   O16   os   -0.266065 -0.266065 -0.088151  1.500000  1.500006
   85  OCB   O17   os   -0.266065 -0.266065 -0.088151  1.500000  1.500006
   86  OCB   O18   os   -0.266065 -0.266065 -0.088151  1.500000  1.500006
   87  OCB   O19   os   -0.266065 -0.266065 -0.088151  1.500000  1.500006
   88  OCB   C69   ca    0.040536  0.040536 -0.168260  1.700000  1.699835
   89  OCB   C70   ca   -0.180276 -0.017150 -0.036629  1.700000  1.699835
   90  OCB   C71   ca    0.074419  0.074419  0.154155  1.700000  1.699835
   91  OCB   C72   ca   -0.180276 -0.017150 -0.036629  1.700000  1.699835
   92  OCB   C73   ca   -0.060015 -0.060015  0.729671  1.700000  1.699835
   93  OCB   C74   ca    0.040536  0.040536 -0.168260  1.700000  1.699835
   94  OCB   O20   os   -0.266065 -0.266065 -0.088151  1.500000  1.500006
   95  OCB   C75   ca    0.040536  0.040536 -0.168260  1.700000  1.699835
   96  OCB   C76   ca   -0.180276 -0.017150 -0.036629  1.700000  1.699835
   97  OCB   C77   ca   -0.180276 -0.017150 -0.036629  1.700000  1.699835
   98  OCB   C78   ca    0.074419  0.074419  0.154155  1.700000  1.699835
   99  OCB   C79   ca    0.040536  0.040536 -0.168260  1.700000  1.699835
  100  OCB   C80   ca   -0.060015 -0.060015  0.729671  1.700000  1.699835
  101  OCB   C81   ca    0.040536  0.040536 -0.168260  1.700000  1.699835
  102  OCB   C82   ca   -0.180276 -0.017150 -0.036629  1.700000  1.699835
  103  OCB   C83   ca   -0.180276 -0.017150 -0.036629  1.700000  1.699835
  104  OCB   C84   ca    0.074419  0.074419  0.154155  1.700000  1.699835
  105  OCB   C85   ca    0.040536  0.040536 -0.168260  1.700000  1.699835
  106  OCB   C86   ca   -0.060015 -0.060015  0.729671  1.700000  1.699835
  107  OCB   C87   c     0.823986  0.823986 -0.861811  1.700000  1.699835
  108  OCB   O21   o    -0.812891 -0.812891  0.011095  1.500000  1.479961
  109  OCB   C88   c     0.823986  0.823986 -0.861811  1.700000  1.699835
  110  OCB   O22   o    -0.812891 -0.812891  0.011095  1.500000  1.479961
  111  OCB   C89   c     0.823986  0.823986 -0.861811  1.700000  1.699835
  112  OCB   O23   o    -0.812891 -0.812891  0.011095  1.500000  1.479961
  113  OCB   O24   o    -0.838044 -0.838044 -0.040553  1.500000  1.479961
  114  OCB   O25   o    -0.838044 -0.838044 -0.040553  1.500000  1.479961
  115  OCB   O26   o    -0.838044 -0.838044 -0.040553  1.500000  1.479961
  116  OCB   C90   c     0.823986  0.823986 -0.861811  1.700000  1.699835
  117  OCB   O27   o    -0.812891 -0.812891  0.011095  1.500000  1.479961
  118  OCB   O28   o    -0.812891 -0.812891  0.011095  1.500000  1.479961
  119  OCB   O29   o    -0.812891 -0.812891  0.011095  1.500000  1.479961
  120  OCB   O30   o    -0.812891 -0.812891  0.011095  1.500000  1.479961
  121  OCB   O31   o    -0.812891 -0.812891  0.011095  1.500000  1.479961
  122  OCB   O32   o    -0.838044 -0.838044 -0.040553  1.500000  1.479961
  123  OCB   C91   ca    0.040536  0.040536 -0.168260  1.700000  1.699835
  124  OCB   C92   ca   -0.180276 -0.017150 -0.036629  1.700000  1.699835
  125  OCB   C93   ca    0.074419  0.074419  0.154155  1.700000  1.699835
  126  OCB   C94   ca   -0.180276 -0.017150 -0.036629  1.700000  1.699835
  127  OCB   C95   ca   -0.060015 -0.060015  0.729671  1.700000  1.699835
  128  OCB   C96   ca    0.040536  0.040536 -0.168260  1.700000  1.699835
  129  OCB   C97   c3   -0.198625 -0.001336  0.073083  1.700000  1.699835
  130  OCB   C98   c3   -0.198625 -0.001336  0.073083  1.700000  1.699835
  131  OCB   C99   c3   -0.198625 -0.001336  0.073083  1.700000  1.699835
  132  OCB   C     c3   -0.198625 -0.001336  0.073083  1.700000  1.699835
  133  OCB   H1    ha    0.173016  0.173016  0.173016  1.300000  1.299821
  134  OCB   H2    ha    0.118932  0.118932  0.118932  1.300000  1.299821
  135  OCB   H3    hc    0.128480  0.128480  0.128480  1.300000  1.324766
  136  OCB   H4    h2    0.141640  0.141640  0.141640  1.300000  1.146587
  137  OCB   H5    ha    0.173016  0.173016  0.173016  1.300000  1.299821
  138  OCB   H6    ha    0.118932  0.118932  0.118932  1.300000  1.299821
  139  OCB   H7    hc    0.128480  0.128480  0.128480  1.300000  1.324766
  140  OCB   H8    h2    0.141640  0.141640  0.141640  1.300000  1.146587
  141  OCB   H9    hc    0.128480  0.128480  0.128480  1.300000  1.324766
  142  OCB   H10   ha    0.118932  0.118932  0.118932  1.300000  1.299821
  143  OCB   H11   ha    0.118932  0.118932  0.118932  1.300000  1.299821
  144  OCB   H12   h2    0.141640  0.141640  0.141640  1.300000  1.146587
  145  OCB   H13   ha    0.173016  0.173016  0.173016  1.300000  1.299821
  146  OCB   H14   ha    0.173016  0.173016  0.173016  1.300000  1.299821
  147  OCB   H15   hc    0.128480  0.128480  0.128480  1.300000  1.324766
  148  OCB   H16   h2    0.141640  0.141640  0.141640  1.300000  1.146587
  149  OCB   H17   hc    0.022687  0.022687  0.022687  1.300000  1.324766
  150  OCB   H18   hc    0.022687  0.022687  0.022687  1.300000  1.324766
  151  OCB   H19   hc   -0.048813 -0.048813 -0.048813  1.300000  1.324766
  152  OCB   H20   hc   -0.048813 -0.048813 -0.048813  1.300000  1.324766
  153  OCB   H21   hc    0.022687  0.022687  0.022687  1.300000  1.324766
  154  OCB   H22   hc    0.022687  0.022687  0.022687  1.300000  1.324766
  155  OCB   H23   hc   -0.048813 -0.048813 -0.048813  1.300000  1.324766
  156  OCB   H24   hc   -0.048813 -0.048813 -0.048813  1.300000  1.324766
  157  OCB   H25   hc    0.022687  0.022687  0.022687  1.300000  1.324766
  158  OCB   H26   hc    0.022687  0.022687  0.022687  1.300000  1.324766
  159  OCB   H27   hc   -0.048813 -0.048813 -0.048813  1.300000  1.324766
  160  OCB   H28   hc   -0.048813 -0.048813 -0.048813  1.300000  1.324766
  161  OCB   H29   hc    0.022687  0.022687  0.022687  1.300000  1.324766
  162  OCB   H30   hc    0.022687  0.022687  0.022687  1.300000  1.324766
  163  OCB   H31   hc   -0.048813 -0.048813 -0.048813  1.300000  1.324766
  164  OCB   H32   hc   -0.048813 -0.048813 -0.048813  1.300000  1.324766
  165  OCB   H33   ha    0.115169  0.115169  0.115169  1.300000  1.299821
  166  OCB   H34   ha    0.151107  0.151107  0.151107  1.300000  1.299821
  167  OCB   H35   ha    0.151107  0.151107  0.151107  1.300000  1.299821
  168  OCB   H36   ha    0.115169  0.115169  0.115169  1.300000  1.299821
  169  OCB   H37   ha    0.151107  0.151107  0.151107  1.300000  1.299821
  170  OCB   H38   ha    0.151107  0.151107  0.151107  1.300000  1.299821
  171  OCB   H39   ha    0.115169  0.115169  0.115169  1.300000  1.299821
  172  OCB   H40   ha    0.151107  0.151107  0.151107  1.300000  1.299821
  173  OCB   H41   ha    0.151107  0.151107  0.151107  1.300000  1.299821
  174  OCB   H42   ha    0.115169  0.115169  0.115169  1.300000  1.299821
  175  OCB   H43   ha    0.151107  0.151107  0.151107  1.300000  1.299821
  176  OCB   H44   ha    0.151107  0.151107  0.151107  1.300000  1.299821
  177  OCB   H45   ha    0.163126  0.163126  0.163126  1.300000  1.299821
  178  OCB   H46   ha    0.163126  0.163126  0.163126  1.300000  1.299821
  179  OCB   H47   ha    0.163126  0.163126  0.163126  1.300000  1.299821
  180  OCB   H48   ha    0.163126  0.163126  0.163126  1.300000  1.299821
  181  OCB   H49   ha    0.163126  0.163126  0.163126  1.300000  1.299821
  182  OCB   H50   ha    0.163126  0.163126  0.163126  1.300000  1.299821
  183  OCB   H51   ha    0.163126  0.163126  0.163126  1.300000  1.299821
  184  OCB   H52   ha    0.163126  0.163126  0.163126  1.300000  1.299821
  185  OCB   H53   hc    0.065763  0.065763  0.065763  1.300000  1.324766
  186  OCB   H54   hc    0.065763  0.065763  0.065763  1.300000  1.324766
  187  OCB   H55   hc    0.065763  0.065763  0.065763  1.300000  1.324766
  188  OCB   H56   hc    0.065763  0.065763  0.065763  1.300000  1.324766
  189  OCB   H57   hc    0.065763  0.065763  0.065763  1.300000  1.324766
  190  OCB   H58   hc    0.065763  0.065763  0.065763  1.300000  1.324766
  191  OCB   H59   hc    0.065763  0.065763  0.065763  1.300000  1.324766
  192  OCB   H60   hc    0.065763  0.065763  0.065763  1.300000  1.324766
  193  OCB   H61   hc    0.065763  0.065763  0.065763  1.300000  1.324766
  194  OCB   H62   hc    0.065763  0.065763  0.065763  1.300000  1.324766
  195  OCB   H63   hc    0.065763  0.065763  0.065763  1.300000  1.324766
  196  OCB   H64   hc    0.065763  0.065763  0.065763  1.300000  1.324766
  197  MOL   C1    ca   -0.117189  0.003303  0.013325  1.700000  1.699835
  198  MOL   C2    ca   -0.194555 -0.043839 -0.049322  1.700000  1.699835
  199  MOL   C3    ca   -0.008786 -0.008786  0.272890  1.700000  1.699835
  200  MOL   C4    ca   -0.194555 -0.043839 -0.049322  1.700000  1.699835
  201  MOL   C5    ca   -0.117189  0.003303  0.013325  1.700000  1.699835
  202  MOL   C6    ca    0.053861  0.053861  0.791779  1.700000  1.699835
  203  MOL   C7    cg    0.369354  0.369354 -0.168674  1.700000  1.699835
  204  MOL   N1    n1   -0.529242 -0.529242 -0.159888  1.550000  1.624999
  205  MOL   C8    c     0.731312  0.731312 -0.750253  1.700000  1.699835
  206  MOL   O1    o    -0.767713 -0.767713 -0.036401  1.500000  1.479961
  207  MOL   O2    o    -0.767713 -0.767713 -0.036401  1.500000  1.479961
  208  MOL   H1    ha    0.120492  0.120492  0.120492  1.300000  1.299821
  209  MOL   H2    ha    0.150716  0.150716  0.150716  1.300000  1.299821
  210  MOL   H3    ha    0.150716  0.150716  0.150716  1.300000  1.299821
  211  MOL   H4    ha    0.120492  0.120492  0.120492  1.300000  1.299821

 total system charges (+/-) for PB       -9.0000       17.1850      -26.1850
 cavity_surften =        0.0050 cavity_offset =        0.0000

   SAS Surface: surface dots generated:    366

--------------------------------------------------------------------------------
   3.  ATOMIC COORDINATES AND VELOCITIES
--------------------------------------------------------------------------------

Cpptraj Generated Restart                                                       
 begin time read from input coords =  1051.000 ps

 Number of triangulated 3-point waters found:        0

--------------------------------------------------------------------------------
   4.  RESULTS
--------------------------------------------------------------------------------

  NB-update: atom-based nb list    11837


======== Setting up Grid Parameters ========
Using bounding box for grid setup
 Bounding Box at level:           2
 Bounding Box Center:      22.500    22.500    22.500
 Xmin, Xmax, Xmax-Xmin:    11.532    33.174    21.642
 Ymin, Ymax, Ymax-Ymin:    13.759    31.602    17.843
 Zmin, Zmax, Zmax-Zmin:    11.669    32.987    21.317
 Grid dimension at level     2    61   55   61
 Grid origin corrected at level     2      7.000     8.500     7.000
 Bounding Box at level:           1
 Bounding Box Center:      22.500    22.500    22.500
 Xmin, Xmax, Xmax-Xmin:    11.532    33.174    21.642
 Ymin, Ymax, Ymax-Ymin:    13.759    31.602    17.843
 Zmin, Zmax, Zmax-Zmin:    11.669    32.987    21.317
 Grid dimension at level     1     9    9    9
 Grid origin corrected at level     1      2.500     2.500     2.500
------- VMD goodie --------
#First Level Geometric Box
draw materials off
draw color green
draw line "    2.500    2.500    2.500" "   38.500    2.500    2.500"
draw line "    2.500    2.500    2.500" "    2.500   38.500    2.500"
draw line "    2.500    2.500    2.500" "    2.500    2.500   38.500"
draw line "   38.500    2.500    2.500" "   38.500   38.500    2.500"
draw line "   38.500    2.500    2.500" "   38.500    2.500   38.500"
draw line "    2.500   38.500    2.500" "   38.500   38.500    2.500"
draw line "    2.500   38.500    2.500" "    2.500   38.500   38.500"
draw line "    2.500    2.500   38.500" "   38.500    2.500   38.500"
draw line "    2.500    2.500   38.500" "    2.500   38.500   38.500"
draw line "   38.500   38.500   38.500" "   38.500   38.500    2.500"
draw line "   38.500   38.500   38.500" "    2.500   38.500   38.500"
draw line "   38.500   38.500   38.500" "   38.500    2.500   38.500"
#2nd Level Geometric Box
draw color blue
draw line "    7.000    8.500    7.000" "   38.000    8.500    7.000"
draw line "    7.000    8.500    7.000" "    7.000   36.500    7.000"
draw line "    7.000    8.500    7.000" "    7.000    8.500   38.000"
draw line "   38.000    8.500    7.000" "   38.000   36.500    7.000"
draw line "   38.000    8.500    7.000" "   38.000    8.500   38.000"
draw line "    7.000   36.500    7.000" "   38.000   36.500    7.000"
draw line "    7.000   36.500    7.000" "    7.000   36.500   38.000"
draw line "    7.000    8.500   38.000" "   38.000    8.500   38.000"
draw line "    7.000    8.500   38.000" "    7.000   36.500   38.000"
draw line "   38.000   36.500   38.000" "   38.000   36.500    7.000"
draw line "   38.000   36.500   38.000" "    7.000   36.500   38.000"
draw line "   38.000   36.500   38.000" "   38.000    8.500   38.000"
--- End VMD goodie --------

======== Setting up Solvent Accessibility Data ========
Setting up working radii
Number of SA srf points exposed  5930
 Number of SA arcs generated  4883
 Number of SA arc points exposed        4106 Number of trimer arc points exposed         420
 with resolution (A) = .250000E+00

Atomic solvent accessible surface area:
           1    0.9898591934753
           2    4.6193429028849
           3    0.6599061289836
           4    2.3096714514425
           5    5.9391551608520
           6    0.6599061289836
           7    8.9513073302448
           8    0.0000000000000
           9    0.0000000000000
          10    5.7750369872547
          11    1.9797183869507
          12    0.0000000000000
          13    0.0000000000000
          14    5.9391551608520
          15    0.3299530644918
          16    3.9594367739014
          17    8.6625554808820
          18    0.0000000000000
          19    0.0000000000000
          20    4.6193429028849
          21    0.0000000000000
          22    8.0850517821566
          23    8.9513073302448
          24    0.0000000000000
          25    0.0000000000000
          26    7.5075480834311
          27    1.6497653224589
          28    7.5889204833109
          29    3.9594367739014
          30    5.6092020963603
          31    2.9695775804260
          32    9.2400591796075
          33    6.9300443847056
          34    0.0000000000000
          35    0.0000000000000
          36    0.6599061289836
          37    0.0000000000000
          38    0.0000000000000
          39    0.0000000000000
          40    0.0000000000000
          41    0.0000000000000
          42    0.0000000000000
          43    7.5889204833109
          44   39.5590033626946
          45    0.0000000000000
          46    1.6497653224589
          47    6.2691082253438
          48   41.8690181575964
          49    0.3299530644918
          50    0.3299530644918
          51    6.2691082253438
          52   41.0027626095082
          53    0.0000000000000
          54    0.6599061289836
          55    6.5990612898356
          56   39.8477552120573
          57    1.6497653224589
          58    4.9492959673767
          59    4.6193429028849
          60    3.6294837094096
          61    4.9492959673767
          62    3.6294837094096
          63    2.3096714514425
          64    6.5990612898356
          65    3.2995306449178
          66    2.9695775804260
          67    1.3198122579671
          68    2.6396245159342
          69    2.6396245159342
          70    6.9290143543274
          71    2.9695775804260
          72    3.2995306449178
          73    0.9898591934753
          74    2.9695775804260
          75    3.2995306449178
          76    5.6092020963603
          77    3.6294837094096
          78    2.3096714514425
          79    0.6599061289836
          80    1.9797183869507
          81    7.2187962340683
          82    6.3525406859801
          83    8.3738036315193
          84    9.8175628783330
          85    8.3738036315193
          86    7.7962999327938
          87    4.9087814391665
          88    3.2995306449178
          89    4.6193429028849
          90    2.3096714514425
          91    4.6193429028849
          92    1.9797183869507
          93    3.2995306449178
          94    7.7962999327938
          95    3.2995306449178
          96    5.2792490318685
          97    6.5990612898356
          98    2.3096714514425
          99    2.3096714514425
         100    3.2995306449178
         101    4.2893898383931
         102    5.6092020963603
         103    5.9391551608520
         104    3.2995306449178
         105    2.9695775804260
         106    4.9492959673767
         107   10.5584980637370
         108   40.1365070614200
         109    9.5686388702616
         110   41.5802663082337
         111   11.2184041927205
         112   40.1365070614200
         113   47.3553032954884
         114   46.4890477474002
         115   38.1152441158809
         116   10.8884511282288
         117   40.4252589107828
         118   40.7140107601455
         119   40.7140107601455
         120   41.5802663082337
         121   41.2915144588710
         122   37.2489885677927
         123    2.3096714514425
         124    6.9290143543274
         125    2.6396245159342
         126    8.2488266122945
         127    4.9492959673767
         128    1.9797183869507
         129    0.3299530644918
         130    1.9797183869507
         131    0.3299530644918
         132    0.3299530644918
         133    0.0000000000000
         134    3.2538659648164
         135    0.7508921457269
         136    0.0000000000000
         137    0.0000000000000
         138    3.7544607286344
         139    6.7580293115418
         140    0.0000000000000
         141    3.5041633467254
         142    0.7508921457269
         143    2.0023790552717
         144    0.0000000000000
         145    0.0000000000000
         146    0.0000000000000
         147    7.0083266934508
         148    0.0000000000000
         149    4.2550554924523
         150    9.5113005125404
         151   19.0226010250808
         152    6.0071371658150
         153   12.7651664773568
         154    6.2574345477239
         155   11.2633821859031
         156   24.0285486632599
         157   14.5172481507195
         158    8.7604083668135
         159   20.5243853165345
         160    7.7592188391777
         161   10.0118952763583
         162    3.5041633467254
         163    7.5089214572687
         164   16.2693298240822
         165   21.7758722260793
         166    3.7544607286344
         167    0.7508921457269
         168   19.5231957888987
         169    0.7508921457269
         170    0.0000000000000
         171   21.2752774622614
         172    2.0023790552717
         173    0.2502973819090
         174   20.2740879346255
         175    2.7532712009985
         176    0.5005947638179
         177   16.2693298240822
         178   16.7699245879001
         179   17.0202219698091
         180   18.0214114974449
         181   15.5184376783554
         182   17.7711141155360
         183   16.5196272059912
         184   19.7734931708076
         185    9.7615978944493
         186    0.0000000000000
         187    5.5065424019971
         188    0.0000000000000
         189   15.5184376783554
         190   16.2693298240822
         191   13.0154638592658
         192    0.7508921457269
         193   17.7711141155360
         194    0.0000000000000
         195    9.0107057487225
         196   10.2621926582673
         197    0.0000000000000
         198    0.0000000000000
         199    0.0000000000000
         200    0.0000000000000
         201    0.3299530644918
         202    0.3299530644918
         203    0.0000000000000
         204    0.0000000000000
         205    3.6294837094096
         206   20.7901331541168
         207   15.0150961668622
         208    0.0000000000000
         209    0.0000000000000
         210    0.0000000000000
         211    0.0000000000000

 ======== FDPB Summary ========

 Do FDPB every           1 steps
 Nonbonded Update
   residue cutoff is set to   99.9000000000000
   fdpb cutoff is set to    5.0000000000000
   sas cutoff is set to    9.0000000000000
   nonbonded cutoff is set to    0.0000000000000
 Grid Constants
   Grid dimension       9       9       9
   Grid spacing set to     4.000
   Grid boundary
         2.500    42.500
         2.500    42.500
         2.500    42.500

 Dielectric Map
   Use cavity radii in the prmtop file

   Use probe-based SES definition
     Compute SAS/SAR every           1 steps
     Solvent probe radius   1.40000000000000
     Surface dots per atom     366
     Buried atom radii increment   0.79800000000000
     Threshhold for exposed atom   0.08000000000000
     Current SAS1668.31754294459233

 Boundary conditions
   sum of grid charges as independent DH spheres

 Physical constants
   Solute dielectric constant  :   1.00000000000000
   Solvent dielectric constant :   80.0000000000000
   Temperature (K)             :   300.000000000000
   Ionic strength (mM)         :   0.00000000000000
   Debye-Huckel parameter (1/A):   0.00000000000000

FD Solver Option
   Use Modified ICCG solver

 Iteration data
   Maximum iterations  :         100
   Convergence criteria:  1.000000000000000E-03
   Iterations required        :     5
   Norm of the constant vector:      3125.8461827073
   Norm of the residual vector:      3.0212753904466
   Convergence achieved       :  9.6654640498972880E-04

 Total molecular surface   1157.5934

 ======== FDPB Summary ========

 Do FDPB every           1 steps
 Nonbonded Update
   residue cutoff is set to   99.9000000000000
   fdpb cutoff is set to    5.0000000000000
   sas cutoff is set to    9.0000000000000
   nonbonded cutoff is set to    0.0000000000000
 Grid Constants
   Grid dimension      61      55      61
   Grid spacing set to     0.500
   Grid boundary
         7.000    38.000
         8.500    36.500
         7.000    38.000

 Dielectric Map
   Use cavity radii in the prmtop file

   Use probe-based SES definition
     Compute SAS/SAR every           1 steps
     Solvent probe radius   1.40000000000000
     Surface dots per atom     366
     Buried atom radii increment   0.79800000000000
     Threshhold for exposed atom   0.08000000000000
     Current SAS1668.31754294459233

 Boundary conditions
   sum of grid charges as independent DH spheres

 Physical constants
   Solute dielectric constant  :   1.00000000000000
   Solvent dielectric constant :   80.0000000000000
   Temperature (K)             :   300.000000000000
   Ionic strength (mM)         :   0.00000000000000
   Debye-Huckel parameter (1/A):   0.00000000000000

FD Solver Option
   Use Modified ICCG solver

 Iteration data
   Maximum iterations  :         100
   Convergence criteria:  1.000000000000000E-03
   Iterations required        :    22
   Norm of the constant vector:    303571.7833541346
   Norm of the residual vector:    298.4649966252330
   Convergence achieved       :  9.8317766337675653E-04

 Total surface charge       8.8879
 Reaction field energy  -1630.8018
 Nonpolar SAS/SAV   1668.3175      0.0000
 Cavity solvation energy      8.3416

 NSTEP =        1   TIME(PS) =       0.000  TEMP(K) =     0.00  PRESS =     0.0
 Etot   =     -1077.5351  EKtot   =         0.0000  EPtot      =         0.0000
 BOND   =         0.0000  ANGLE   =         0.0000  DIHED      =         0.0000
 1-4 NB =         0.0000  1-4 EEL =         0.0000  VDWAALS    =       -65.2661
 EELEC  =       610.1913  EPB     =     -1630.8018  RESTRAINT  =         0.0000
 ECAVITY=         8.3416  EDISPER =         0.0000
 ------------------------------------------------------------------------------



  Maximum number of minimization cycles reached.


                    FINAL RESULTS


 NSTEP =        1   TIME(PS) =       0.000  TEMP(K) =     0.00  PRESS =     0.0
 Etot   =     -1077.5351  EKtot   =         0.0000  EPtot      =         0.0000
 BOND   =         0.0000  ANGLE   =         0.0000  DIHED      =         0.0000
 1-4 NB =         0.0000  1-4 EEL =         0.0000  VDWAALS    =       -65.2661
 EELEC  =       610.1913  EPB     =     -1630.8018  RESTRAINT  =         0.0000
 ECAVITY=         8.3416  EDISPER =         0.0000
 ------------------------------------------------------------------------------


--------------------------------------------------------------------------------
   5.  TIMINGS
--------------------------------------------------------------------------------

| Total time                     0.26
| Read prm/crd time              0.00
| Force time                     0.25
| Nonbond force                  0.25
| PB Nonbond                     0.25
| PB NB list                     0.00
| PB FD grid                     0.00
| PB Sasa                        0.04
| PB FD force                    0.25
| PB Set linear sys              0.09
| PB Solver                      0.16
| PB SA srf                      0.00
| PB SA arc                      0.03
| PB SA arc setup                0.00
| PB circle                      0.02
| PB exclude                     0.01
| PB exmol                       0.09
| PB exmol setup                 0.01
| PB exmol part a                0.00
| PB exmol part b                0.01
| PB exmol part c                0.00
| PB exmol part d                0.00
| PB exmol part e                0.00
| PB exmol part f                0.02
| PB epsmap                      0.00
| PB calsa                       0.00
|           Job began  at 11:37:52.636  on 09/12/2021
|           Setup done at 11:37:52.641  on 09/12/2021
|           Run   done at 11:37:52.892  on 09/12/2021
|     wallclock() was called     110 times
