
          -------------------------------------------------------
          PBSA VERSION 2019                       UC Irvine
          -------------------------------------------------------

| Run on 08/29/2021 at 20:51:41

File Assignments:
|  MDIN: ../pbsa-script/mdin.in                                                
| MDOUT: complex-pb.out                                                        
|INPCRD: complex.crd                                                           
|  PARM: complex.prmtop                                                        
|

 Here is the input file:

Sample single point PB calculation                                             
&cntrl                                                                         
ipb=1, inp=1                                                                   
/                                                                              
&pb                                                                            
npbverb=1, fillratio=1.5, saopt=1, radiopt=0, epsin=1.0, epsout=80             
/                                                                              
 PBSA Warning in pb_read(): sprob=0.557 is optimized for inp=2 and  should not be used with inp=1. It has been reset to 1.4.
 PBSA Warning in pb_read(): cavity_surften=0.0378 is optimized for inp=2  and should not be used with inp=1. It has been reset to 0.005000.
 PBSA Warning in pb_read(): cavity_offset=-0.5692 is optimized for inp=2  and should not be used with inp=1. It has been reset to 0.000.

--------------------------------------------------------------------------------
   1.  RESOURCE   USE: 
--------------------------------------------------------------------------------

| Flags:                                                                        
| New format PARM file being parsed.
| Version =    1.000 Date = 08/29/21 Time = 13:29:57
 NATOM  =     146 NTYPES =      10 NBONH =      74 MBONA  =      77
 NTHETH =     169 MTHETA =     113 NPHIH =     294 MPHIA  =     223
 NHPARM =       0 NPARM  =       0 NNB   =     863 NRES   =       7
 NBONA  =      77 NTHETA =     113 NPHIA =     223 NUMBND =      11
 NUMANG =      20 NPTRA  =      24 NATYP =      15 NPHB   =       0
 IFBOX  =       1 NMXRS  =      21 IFCAP =       0 NEXTRA =       0
 NCOPY  =       0


|     Memory Use     Allocated
|     Real                5458
|     Hollerith            447
|     Integer            26586
|     Max Pairs              1
|     Max Rstack             1
|     Max Istack             1
|       Total              148 kbytes

     BOX TYPE: RECTILINEAR

--------------------------------------------------------------------------------
   2.  CONTROL  DATA  FOR  THE  RUN
--------------------------------------------------------------------------------

default_name                                                                    

General flags:
     imin    =       1, nmropt  =       0

Nature and format of input:
     ntx     =       1, irest   =       0, ntrx    =       1

Nature and format of output:
     ntxo    =       1, ntpr    =      50, ntrx    =       1, ntwr    =     500
     iwrap   =       0, ntwx    =       0, ntwv    =       0, ntwe    =       0
     ioutfm  =       0, ntwprt  =       0, idecomp =       0, rbornstat=      0

Potential function:
     ntf     =       1, ntb     =       1, ipb     =       1, nsnb    =      25
     ipol    =       0, gbsa    =       0, iesp    =       0
     dielc   =   1.00000, cut     =   8.00000, intdiel =   1.00000

Frozen or restrained atoms:
     ibelly  =       0, ntr     =       0

Energy minimization:
     maxcyc  =       1, ncyc    =      10, ntmin   =       1
     dx0     =   0.01000, drms    =   0.00010

======== Implicit Solvent Initialization ========

     Max Nonbonded Pairs:    10658    10658

 no. of atoms processed in PB initialization:   146
  NUM  RESI  NAME  TYPE    CHARGE ATM CRG/H   GRP CRG   PB RADI   NP RADI
    1  MGO   C1    CG    0.042700  0.203700 -0.283400  1.700000  1.699835
    2  MGO   H1    H2    0.161000  0.000000  0.000000  1.300000  1.146587
    3  MGO   O1    OS   -0.322900 -0.322900  0.080400  1.500000  1.500006
    4  MGO   C2    CG    0.137600  0.202600  0.508600  1.700000  1.699835
    5  MGO   H2    H1    0.065000  0.000000  0.000000  1.300000  1.235677
    6  MGO   O2    OH   -0.634600 -0.198000  0.004600  1.500000  1.533237
    7  MGO   HO2   HO    0.436600  0.000000  0.000000  0.800000  0.000000
    8  MGO   C3    CG    0.122400  0.300300  0.504500  1.700000  1.699835
    9  MGO   H3    H1    0.177900  0.000000  0.000000  1.300000  1.235677
   10  MGO   O3    OH   -0.620000 -0.198000  0.102300  1.500000  1.533237
   11  MGO   HO3   HO    0.422000  0.000000  0.000000  0.800000  0.000000
   12  MGO   C4    CG    0.040100  0.199600  0.311900  1.700000  1.699835
   13  MGO   H4    H1    0.159500  0.000000  0.000000  1.300000  1.235677
   14  MGO   C5    CG    0.019300  0.134900  0.210300  1.700000  1.699835
   15  MGO   H5    H1    0.115600  0.000000  0.000000  1.300000  1.235677
   16  MGO   O5    OS   -0.366800 -0.366800 -0.028200  1.500000  1.500006
   17  MGO   C6    CG    0.191800  0.242600  0.179500  1.700000  1.699835
   18  MGO   H61   H1    0.025400  0.000000  0.000000  1.300000  1.235677
   19  MGO   H62   H1    0.025400  0.000000  0.000000  1.300000  1.235677
   20  MGO   O6    OH   -0.607700 -0.198000  0.044600  1.500000  1.533237
   21  MGO   HO6   HO    0.409700  0.000000  0.000000  0.800000  0.000000
   22  MGO   C1    CG    0.042700  0.203700 -0.283400  1.700000  1.699835
   23  MGO   H1    H2    0.161000  0.000000  0.000000  1.300000  1.146587
   24  MGO   O1    OS   -0.322900 -0.322900  0.080400  1.500000  1.500006
   25  MGO   C2    CG    0.137600  0.202600  0.508600  1.700000  1.699835
   26  MGO   H2    H1    0.065000  0.000000  0.000000  1.300000  1.235677
   27  MGO   O2    OH   -0.634600 -0.198000  0.004600  1.500000  1.533237
   28  MGO   HO2   HO    0.436600  0.000000  0.000000  0.800000  0.000000
   29  MGO   C3    CG    0.122400  0.300300  0.504500  1.700000  1.699835
   30  MGO   H3    H1    0.177900  0.000000  0.000000  1.300000  1.235677
   31  MGO   O3    OH   -0.620000 -0.198000  0.102300  1.500000  1.533237
   32  MGO   HO3   HO    0.422000  0.000000  0.000000  0.800000  0.000000
   33  MGO   C4    CG    0.040100  0.199600  0.311900  1.700000  1.699835
   34  MGO   H4    H1    0.159500  0.000000  0.000000  1.300000  1.235677
   35  MGO   C5    CG    0.019300  0.134900  0.210300  1.700000  1.699835
   36  MGO   H5    H1    0.115600  0.000000  0.000000  1.300000  1.235677
   37  MGO   O5    OS   -0.366800 -0.366800 -0.028200  1.500000  1.500006
   38  MGO   C6    CG    0.191800  0.242600  0.179500  1.700000  1.699835
   39  MGO   H61   H1    0.025400  0.000000  0.000000  1.300000  1.235677
   40  MGO   H62   H1    0.025400  0.000000  0.000000  1.300000  1.235677
   41  MGO   O6    OH   -0.607700 -0.198000  0.044600  1.500000  1.533237
   42  MGO   HO6   HO    0.409700  0.000000  0.000000  0.800000  0.000000
   43  MGO   C1    CG    0.042700  0.203700 -0.283400  1.700000  1.699835
   44  MGO   H1    H2    0.161000  0.000000  0.000000  1.300000  1.146587
   45  MGO   O1    OS   -0.322900 -0.322900  0.080400  1.500000  1.500006
   46  MGO   C2    CG    0.137600  0.202600  0.508600  1.700000  1.699835
   47  MGO   H2    H1    0.065000  0.000000  0.000000  1.300000  1.235677
   48  MGO   O2    OH   -0.634600 -0.198000  0.004600  1.500000  1.533237
   49  MGO   HO2   HO    0.436600  0.000000  0.000000  0.800000  0.000000
   50  MGO   C3    CG    0.122400  0.300300  0.504500  1.700000  1.699835
   51  MGO   H3    H1    0.177900  0.000000  0.000000  1.300000  1.235677
   52  MGO   O3    OH   -0.620000 -0.198000  0.102300  1.500000  1.533237
   53  MGO   HO3   HO    0.422000  0.000000  0.000000  0.800000  0.000000
   54  MGO   C4    CG    0.040100  0.199600  0.311900  1.700000  1.699835
   55  MGO   H4    H1    0.159500  0.000000  0.000000  1.300000  1.235677
   56  MGO   C5    CG    0.019300  0.134900  0.210300  1.700000  1.699835
   57  MGO   H5    H1    0.115600  0.000000  0.000000  1.300000  1.235677
   58  MGO   O5    OS   -0.366800 -0.366800 -0.028200  1.500000  1.500006
   59  MGO   C6    CG    0.191800  0.242600  0.179500  1.700000  1.699835
   60  MGO   H61   H1    0.025400  0.000000  0.000000  1.300000  1.235677
   61  MGO   H62   H1    0.025400  0.000000  0.000000  1.300000  1.235677
   62  MGO   O6    OH   -0.607700 -0.198000  0.044600  1.500000  1.533237
   63  MGO   HO6   HO    0.409700  0.000000  0.000000  0.800000  0.000000
   64  MGO   C1    CG    0.042700  0.203700 -0.283400  1.700000  1.699835
   65  MGO   H1    H2    0.161000  0.000000  0.000000  1.300000  1.146587
   66  MGO   O1    OS   -0.322900 -0.322900  0.080400  1.500000  1.500006
   67  MGO   C2    CG    0.137600  0.202600  0.508600  1.700000  1.699835
   68  MGO   H2    H1    0.065000  0.000000  0.000000  1.300000  1.235677
   69  MGO   O2    OH   -0.634600 -0.198000  0.004600  1.500000  1.533237
   70  MGO   HO2   HO    0.436600  0.000000  0.000000  0.800000  0.000000
   71  MGO   C3    CG    0.122400  0.300300  0.504500  1.700000  1.699835
   72  MGO   H3    H1    0.177900  0.000000  0.000000  1.300000  1.235677
   73  MGO   O3    OH   -0.620000 -0.198000  0.102300  1.500000  1.533237
   74  MGO   HO3   HO    0.422000  0.000000  0.000000  0.800000  0.000000
   75  MGO   C4    CG    0.040100  0.199600  0.311900  1.700000  1.699835
   76  MGO   H4    H1    0.159500  0.000000  0.000000  1.300000  1.235677
   77  MGO   C5    CG    0.019300  0.134900  0.210300  1.700000  1.699835
   78  MGO   H5    H1    0.115600  0.000000  0.000000  1.300000  1.235677
   79  MGO   O5    OS   -0.366800 -0.366800 -0.028200  1.500000  1.500006
   80  MGO   C6    CG    0.191800  0.242600  0.179500  1.700000  1.699835
   81  MGO   H61   H1    0.025400  0.000000  0.000000  1.300000  1.235677
   82  MGO   H62   H1    0.025400  0.000000  0.000000  1.300000  1.235677
   83  MGO   O6    OH   -0.607700 -0.198000  0.044600  1.500000  1.533237
   84  MGO   HO6   HO    0.409700  0.000000  0.000000  0.800000  0.000000
   85  MGO   C1    CG    0.042700  0.203700 -0.283400  1.700000  1.699835
   86  MGO   H1    H2    0.161000  0.000000  0.000000  1.300000  1.146587
   87  MGO   O1    OS   -0.322900 -0.322900  0.080400  1.500000  1.500006
   88  MGO   C2    CG    0.137600  0.202600  0.508600  1.700000  1.699835
   89  MGO   H2    H1    0.065000  0.000000  0.000000  1.300000  1.235677
   90  MGO   O2    OH   -0.634600 -0.198000  0.004600  1.500000  1.533237
   91  MGO   HO2   HO    0.436600  0.000000  0.000000  0.800000  0.000000
   92  MGO   C3    CG    0.122400  0.300300  0.504500  1.700000  1.699835
   93  MGO   H3    H1    0.177900  0.000000  0.000000  1.300000  1.235677
   94  MGO   O3    OH   -0.620000 -0.198000  0.102300  1.500000  1.533237
   95  MGO   HO3   HO    0.422000  0.000000  0.000000  0.800000  0.000000
   96  MGO   C4    CG    0.040100  0.199600  0.311900  1.700000  1.699835
   97  MGO   H4    H1    0.159500  0.000000  0.000000  1.300000  1.235677
   98  MGO   C5    CG    0.019300  0.134900  0.210300  1.700000  1.699835
   99  MGO   H5    H1    0.115600  0.000000  0.000000  1.300000  1.235677
  100  MGO   O5    OS   -0.366800 -0.366800 -0.028200  1.500000  1.500006
  101  MGO   C6    CG    0.191800  0.242600  0.179500  1.700000  1.699835
  102  MGO   H61   H1    0.025400  0.000000  0.000000  1.300000  1.235677
  103  MGO   H62   H1    0.025400  0.000000  0.000000  1.300000  1.235677
  104  MGO   O6    OH   -0.607700 -0.198000  0.044600  1.500000  1.533237
  105  MGO   HO6   HO    0.409700  0.000000  0.000000  0.800000  0.000000
  106  MGO   C1    CG    0.042700  0.203700 -0.283400  1.700000  1.699835
  107  MGO   H1    H2    0.161000  0.000000  0.000000  1.300000  1.146587
  108  MGO   O1    OS   -0.322900 -0.322900  0.080400  1.500000  1.500006
  109  MGO   C2    CG    0.137600  0.202600  0.508600  1.700000  1.699835
  110  MGO   H2    H1    0.065000  0.000000  0.000000  1.300000  1.235677
  111  MGO   O2    OH   -0.634600 -0.198000  0.004600  1.500000  1.533237
  112  MGO   HO2   HO    0.436600  0.000000  0.000000  0.800000  0.000000
  113  MGO   C3    CG    0.122400  0.300300  0.504500  1.700000  1.699835
  114  MGO   H3    H1    0.177900  0.000000  0.000000  1.300000  1.235677
  115  MGO   O3    OH   -0.620000 -0.198000  0.102300  1.500000  1.533237
  116  MGO   HO3   HO    0.422000  0.000000  0.000000  0.800000  0.000000
  117  MGO   C4    CG    0.040100  0.199600  0.311900  1.700000  1.699835
  118  MGO   H4    H1    0.159500  0.000000  0.000000  1.300000  1.235677
  119  MGO   C5    CG    0.019300  0.134900  0.210300  1.700000  1.699835
  120  MGO   H5    H1    0.115600  0.000000  0.000000  1.300000  1.235677
  121  MGO   O5    OS   -0.366800 -0.366800 -0.028200  1.500000  1.500006
  122  MGO   C6    CG    0.191800  0.242600  0.179500  1.700000  1.699835
  123  MGO   H61   H1    0.025400  0.000000  0.000000  1.300000  1.235677
  124  MGO   H62   H1    0.025400  0.000000  0.000000  1.300000  1.235677
  125  MGO   O6    OH   -0.607700 -0.198000  0.044600  1.500000  1.533237
  126  MGO   HO6   HO    0.409700  0.000000  0.000000  0.800000  0.000000
  127  MOL   N1    n4   -0.365600  0.596800  0.819700  1.550000  1.624999
  128  MOL   H1    hn    0.320800  0.320800  0.320800  1.300000  0.534539
  129  MOL   H2    hn    0.320800  0.320800  0.320800  1.300000  0.534539
  130  MOL   HN11  hn    0.320800  0.320800  0.320800  1.300000  0.534539
  131  MOL   C1    c3    0.138700  0.222900  0.881400  1.700000  1.699835
  132  MOL   H3    hx    0.084200  0.084200  0.084200  1.300000  0.979989
  133  MOL   C2    c3   -0.239300  0.088000  0.310900  1.700000  1.699835
  134  MOL   H4    hc    0.109100  0.109100  0.109100  1.300000  1.324766
  135  MOL   H5    hc    0.109100  0.109100  0.109100  1.300000  1.324766
  136  MOL   H6    hc    0.109100  0.109100  0.109100  1.300000  1.324766
  137  MOL   C3    c3   -0.285100 -0.026300  0.266400  1.700000  1.699835
  138  MOL   H7    hc    0.129400  0.129400  0.129400  1.300000  1.324766
  139  MOL   H8    hc    0.129400  0.129400  0.129400  1.300000  1.324766
  140  MOL   C4    c3    0.030200  0.069800  0.092300  1.700000  1.699835
  141  MOL   H9    hc    0.019800  0.019800  0.019800  1.300000  1.324766
  142  MOL   H10   hc    0.019800  0.019800  0.019800  1.300000  1.324766
  143  MOL   C5    c3   -0.067600  0.048800  0.118600  1.700000  1.699835
  144  MOL   H11   hc    0.038800  0.038800  0.038800  1.300000  1.324766
  145  MOL   H12   hc    0.038800  0.038800  0.038800  1.300000  1.324766
  146  MOL   H13   hc    0.038800  0.038800  0.038800  1.300000  1.324766

 total system charges (+/-) for PB        1.0000       17.2696      -16.2696
 cavity_surften =        0.0050 cavity_offset =        0.0000

   SAS Surface: surface dots generated:    366

--------------------------------------------------------------------------------
   3.  ATOMIC COORDINATES AND VELOCITIES
--------------------------------------------------------------------------------

Cpptraj Generated Restart                                                       
 begin time read from input coords =   551.000 ps

 Number of triangulated 3-point waters found:        0

--------------------------------------------------------------------------------
   4.  RESULTS
--------------------------------------------------------------------------------

  NB-update: atom-based nb list     7824


======== Setting up Grid Parameters ========
Using bounding box for grid setup
 Bounding Box at level:           2
 Bounding Box Center:      16.500    17.500    20.000
 Xmin, Xmax, Xmax-Xmin:     8.976    24.165    15.189
 Ymin, Ymax, Ymax-Ymin:     9.432    25.560    16.127
 Zmin, Zmax, Zmax-Zmin:    14.301    25.436    11.135
 Grid dimension at level     2    49   51   41
 Grid origin corrected at level     2      4.000     4.500     9.500
 Bounding Box at level:           1
 Bounding Box Center:      16.500    17.500    20.000
 Xmin, Xmax, Xmax-Xmin:     8.976    24.165    15.189
 Ymin, Ymax, Ymax-Ymin:     9.432    25.560    16.127
 Zmin, Zmax, Zmax-Zmin:    14.301    25.436    11.135
PB Warn in setgrd(): focusing grid too large    2
 fillratio is automatically increased to 2.500
 Grid dimension at level     1    11   11    9
 Grid origin corrected at level     1     -7.500    -6.500     0.000
------- VMD goodie --------
#First Level Geometric Box
draw materials off
draw color green
draw line "   -7.500   -6.500    0.000" "   36.500   -6.500    0.000"
draw line "   -7.500   -6.500    0.000" "   -7.500   37.500    0.000"
draw line "   -7.500   -6.500    0.000" "   -7.500   -6.500   36.000"
draw line "   36.500   -6.500    0.000" "   36.500   37.500    0.000"
draw line "   36.500   -6.500    0.000" "   36.500   -6.500   36.000"
draw line "   -7.500   37.500    0.000" "   36.500   37.500    0.000"
draw line "   -7.500   37.500    0.000" "   -7.500   37.500   36.000"
draw line "   -7.500   -6.500   36.000" "   36.500   -6.500   36.000"
draw line "   -7.500   -6.500   36.000" "   -7.500   37.500   36.000"
draw line "   36.500   37.500   36.000" "   36.500   37.500    0.000"
draw line "   36.500   37.500   36.000" "   -7.500   37.500   36.000"
draw line "   36.500   37.500   36.000" "   36.500   -6.500   36.000"
#2nd Level Geometric Box
draw color blue
draw line "    4.000    4.500    9.500" "   29.000    4.500    9.500"
draw line "    4.000    4.500    9.500" "    4.000   30.500    9.500"
draw line "    4.000    4.500    9.500" "    4.000    4.500   30.500"
draw line "   29.000    4.500    9.500" "   29.000   30.500    9.500"
draw line "   29.000    4.500    9.500" "   29.000    4.500   30.500"
draw line "    4.000   30.500    9.500" "   29.000   30.500    9.500"
draw line "    4.000   30.500    9.500" "    4.000   30.500   30.500"
draw line "    4.000    4.500   30.500" "   29.000    4.500   30.500"
draw line "    4.000    4.500   30.500" "    4.000   30.500   30.500"
draw line "   29.000   30.500   30.500" "   29.000   30.500    9.500"
draw line "   29.000   30.500   30.500" "    4.000   30.500   30.500"
draw line "   29.000   30.500   30.500" "   29.000    4.500   30.500"
--- End VMD goodie --------

======== Setting up Solvent Accessibility Data ========
Setting up working radii
Number of SA srf points exposed  3855
 Number of SA arcs generated  3416
 Number of SA arc points exposed        2169 Number of trimer arc points exposed         192
 with resolution (A) = .250000E+00

Atomic solvent accessible surface area:
           1    0.0000000000000
           2    9.5113005125404
           3    0.0000000000000
           4    0.0000000000000
           5   20.0237905527166
           6   23.9664034971069
           7    0.6647129374153
           8    0.0000000000000
           9    0.2502973819090
          10   18.1913665098522
          11    6.1485946710914
          12    0.0000000000000
          13    7.0083266934508
          14    0.0000000000000
          15    0.0000000000000
          16    3.1762703429901
          17    0.9898591934753
          18    5.7568397839060
          19   16.2693298240822
          20   33.4952145260771
          21    3.1573864527226
          22    0.0000000000000
          23   13.7663560049927
          24    0.0000000000000
          25    0.0000000000000
          26   19.0226010250808
          27   25.6989145932833
          28    0.0000000000000
          29    0.0000000000000
          30    0.2502973819090
          31   22.8113960996560
          32    6.1485946710914
          33    0.0000000000000
          34    6.5077319296329
          35    0.0000000000000
          36    0.0000000000000
          37    6.6412925353429
          38    0.0000000000000
          39    5.7568397839060
          40   16.0190324421733
          41   29.4526886349989
          42    5.3177034993223
          43    0.0000000000000
          44   12.0142743316300
          45    0.0000000000000
          46    0.0000000000000
          47   20.2740879346255
          48   22.2338924009305
          49    0.0000000000000
          50    0.0000000000000
          51    0.0000000000000
          52   19.6351257566659
          53    5.8162382023837
          54    0.0000000000000
          55    5.7568397839060
          56    0.0000000000000
          57    0.0000000000000
          58    4.9087814391665
          59    0.3299530644918
          60    0.2502973819090
          61   19.5231957888987
          62   28.5864330869107
          63    7.1456640772143
          64    0.0000000000000
          65   12.7651664773568
          66    0.0000000000000
          67    0.0000000000000
          68   20.2740879346255
          69   25.6989145932833
          70    0.0000000000000
          71    0.0000000000000
          72    0.0000000000000
          73   15.5925998655876
          74    5.4838817336761
          75    0.0000000000000
          76    4.5053528743612
          77    0.0000000000000
          78    0.0000000000000
          79    5.1975332885292
          80    0.6599061289836
          81    3.7544607286344
          82   17.5208167336270
          83   22.5226442502933
          84    9.9706940612292
          85    0.0000000000000
          86   10.5124900401762
          87    0.0000000000000
          88    0.0000000000000
          89   19.2728984069897
          90   21.6563887022050
          91    7.9765552489834
          92    0.0000000000000
          93    0.0000000000000
          94   21.0788850034796
          95    2.9912082183688
          96    0.0000000000000
          97    5.5065424019971
          98    0.0000000000000
          99    0.0000000000000
         100    3.1762703429901
         101    0.6599061289836
         102    2.2526764371806
         103   15.2681402964464
         104   28.5864330869107
         105    9.1398028894601
         106    0.0000000000000
         107   13.7663560049927
         108    0.0000000000000
         109    0.0000000000000
         110   19.0226010250808
         111   20.7901331541168
         112    0.0000000000000
         113    0.0000000000000
         114    0.0000000000000
         115   21.6563887022050
         116    3.6559211557841
         117    0.0000000000000
         118    7.2586240753598
         119    0.0000000000000
         120    0.0000000000000
         121    6.3525406859801
         122    0.9898591934753
         123    6.0071371658150
         124   20.5243853165345
         125   25.6989145932833
         126    7.1456640772143
         127    0.0000000000000
         128   24.5291434270778
         129    5.5065424019971
         130    6.0071371658150
         131    0.0000000000000
         132   13.2657612411747
         133    1.3198122579671
         134    4.2550554924523
         135    5.2562450200881
         136   24.7794408089868
         137    0.0000000000000
         138    0.0000000000000
         139    0.0000000000000
         140    0.0000000000000
         141    0.0000000000000
         142    0.0000000000000
         143    0.6599061289836
         144    1.0011895276358
         145    0.0000000000000
         146    2.2526764371806

 ======== FDPB Summary ========

 Do FDPB every           1 steps
 Nonbonded Update
   residue cutoff is set to   99.9000000000000
   fdpb cutoff is set to    5.0000000000000
   sas cutoff is set to    9.0000000000000
   nonbonded cutoff is set to    0.0000000000000
 Grid Constants
   Grid dimension      11      11       9
   Grid spacing set to     4.000
   Grid boundary
        -7.500    40.500
        -6.500    41.500
         0.000    40.000

 Dielectric Map
   Use cavity radii in the prmtop file

   Use probe-based SES definition
     Compute SAS/SAR every           1 steps
     Solvent probe radius   1.40000000000000
     Surface dots per atom     366
     Buried atom radii increment   0.79800000000000
     Threshhold for exposed atom   0.08000000000000
     Current SAS 986.20361566301699

 Boundary conditions
   sum of grid charges as independent DH spheres

 Physical constants
   Solute dielectric constant  :   1.00000000000000
   Solvent dielectric constant :   80.0000000000000
   Temperature (K)             :   300.000000000000
   Ionic strength (mM)         :   0.00000000000000
   Debye-Huckel parameter (1/A):   0.00000000000000

FD Solver Option
   Use Modified ICCG solver

 Iteration data
   Maximum iterations  :         100
   Convergence criteria:  1.000000000000000E-03
   Iterations required        :     7
   Norm of the constant vector:       571.5562910873
   Norm of the residual vector:      0.1573039110467
   Convergence achieved       :  2.7522033000013633E-04

 Total molecular surface    676.6469

 ======== FDPB Summary ========

 Do FDPB every           1 steps
 Nonbonded Update
   residue cutoff is set to   99.9000000000000
   fdpb cutoff is set to    5.0000000000000
   sas cutoff is set to    9.0000000000000
   nonbonded cutoff is set to    0.0000000000000
 Grid Constants
   Grid dimension      49      51      41
   Grid spacing set to     0.500
   Grid boundary
         4.000    29.000
         4.500    30.500
         9.500    30.500

 Dielectric Map
   Use cavity radii in the prmtop file

   Use probe-based SES definition
     Compute SAS/SAR every           1 steps
     Solvent probe radius   1.40000000000000
     Surface dots per atom     366
     Buried atom radii increment   0.79800000000000
     Threshhold for exposed atom   0.08000000000000
     Current SAS 986.20361566301699

 Boundary conditions
   sum of grid charges as independent DH spheres

 Physical constants
   Solute dielectric constant  :   1.00000000000000
   Solvent dielectric constant :   80.0000000000000
   Temperature (K)             :   300.000000000000
   Ionic strength (mM)         :   0.00000000000000
   Debye-Huckel parameter (1/A):   0.00000000000000

FD Solver Option
   Use Modified ICCG solver

 Iteration data
   Maximum iterations  :         100
   Convergence criteria:  1.000000000000000E-03
   Iterations required        :    15
   Norm of the constant vector:    134999.2716944908
   Norm of the residual vector:    133.1180368817526
   Convergence achieved       :  9.8606485213493969E-04

 Total surface charge      -0.9859
 Reaction field energy   -192.2877
 Nonpolar SAS/SAV    986.2036      0.0000
 Cavity solvation energy      4.9310

 NSTEP =        1   TIME(PS) =       0.000  TEMP(K) =     0.00  PRESS =     0.0
 Etot   =      -545.9490  EKtot   =         0.0000  EPtot      =         0.0000
 BOND   =         0.0000  ANGLE   =         0.0000  DIHED      =         0.0000
 1-4 NB =         0.0000  1-4 EEL =         0.0000  VDWAALS    =       -45.5654
 EELEC  =      -313.0269  EPB     =      -192.2877  RESTRAINT  =         0.0000
 ECAVITY=         4.9310  EDISPER =         0.0000
 ------------------------------------------------------------------------------



  Maximum number of minimization cycles reached.


                    FINAL RESULTS


 NSTEP =        1   TIME(PS) =       0.000  TEMP(K) =     0.00  PRESS =     0.0
 Etot   =      -545.9490  EKtot   =         0.0000  EPtot      =         0.0000
 BOND   =         0.0000  ANGLE   =         0.0000  DIHED      =         0.0000
 1-4 NB =         0.0000  1-4 EEL =         0.0000  VDWAALS    =       -45.5654
 EELEC  =      -313.0269  EPB     =      -192.2877  RESTRAINT  =         0.0000
 ECAVITY=         4.9310  EDISPER =         0.0000
 ------------------------------------------------------------------------------


--------------------------------------------------------------------------------
   5.  TIMINGS
--------------------------------------------------------------------------------

| Total time                     0.12
| Read prm/crd time              0.01
| Force time                     0.12
| Nonbond force                  0.12
| PB Nonbond                     0.12
| PB FD grid                     0.00
| PB Sasa                        0.02
| PB FD force                    0.12
| PB Set linear sys              0.05
| PB Solver                      0.06
| PB Direct                      0.00
| PB SA srf                      0.00
| PB SA arc                      0.02
| PB circle                      0.02
| PB exclude                     0.01
| PB exmol                       0.05
| PB exmol setup                 0.00
| PB exmol part a                0.00
| PB exmol part b                0.00
| PB exmol part c                0.00
| PB exmol part d                0.00
| PB exmol part e                0.00
| PB exmol part f                0.01
| PB epsbnd                      0.00
| PB epsmap                      0.00
|           Job began  at 20:51:41.007  on 08/29/2021
|           Setup done at 20:51:41.013  on 08/29/2021
|           Run   done at 20:51:41.132  on 08/29/2021
|     wallclock() was called     110 times
