
          -------------------------------------------------------
          PBSA VERSION 2019                       UC Irvine
          -------------------------------------------------------

| Run on 09/29/2021 at 22:28:53

File Assignments:
|  MDIN: ../../../scripts/pbsa.in                                              
| MDOUT: complex-pb.out                                                        
|INPCRD: complex.crd                                                           
|  PARM: complex.prmtop                                                        
|

 Here is the input file:

Sample single point PB calculation                                             
&cntrl                                                                         
ipb=1, inp=1                                                                   
/                                                                              
&pb                                                                            
npbverb=1, fillratio=1.5, saopt=1, radiopt=0, epsin=1.0, epsout=80             
/                                                                              
 PBSA Warning in pb_read(): sprob=0.557 is optimized for inp=2 and  should not be used with inp=1. It has been reset to 1.4.
 PBSA Warning in pb_read(): cavity_surften=0.0378 is optimized for inp=2  and should not be used with inp=1. It has been reset to 0.005000.
 PBSA Warning in pb_read(): cavity_offset=-0.5692 is optimized for inp=2  and should not be used with inp=1. It has been reset to 0.000.

--------------------------------------------------------------------------------
   1.  RESOURCE   USE: 
--------------------------------------------------------------------------------

| Flags:                                                                        
| New format PARM file being parsed.
| Version =    1.000 Date = 09/29/21 Time = 22:19:40
 NATOM  =     221 NTYPES =       7 NBONH =      77 MBONA  =     164
 NTHETH =     173 MTHETA =     248 NPHIH =     367 MPHIA  =     399
 NHPARM =       0 NPARM  =       0 NNB   =    1301 NRES   =       2
 NBONA  =     164 NTHETA =     248 NPHIA =     399 NUMBND =      17
 NUMANG =      37 NPTRA  =      20 NATYP =      15 NPHB   =       0
 IFBOX  =       1 NMXRS  =     196 IFCAP =       0 NEXTRA =       0
 NCOPY  =       0


|     Memory Use     Allocated
|     Real                8278
|     Hollerith            667
|     Integer            29777
|     Max Pairs              1
|     Max Rstack             1
|     Max Istack             1
|       Total              183 kbytes

     BOX TYPE: RECTILINEAR

--------------------------------------------------------------------------------
   2.  CONTROL  DATA  FOR  THE  RUN
--------------------------------------------------------------------------------

HST1                                                                            

General flags:
     imin    =       1, nmropt  =       0

Nature and format of input:
     ntx     =       1, irest   =       0, ntrx    =       1

Nature and format of output:
     ntxo    =       1, ntpr    =      50, ntrx    =       1, ntwr    =     500
     iwrap   =       0, ntwx    =       0, ntwv    =       0, ntwe    =       0
     ioutfm  =       0, ntwprt  =       0, idecomp =       0, rbornstat=      0

Potential function:
     ntf     =       1, ntb     =       1, ipb     =       1, nsnb    =      25
     ipol    =       0, gbsa    =       0, iesp    =       0
     dielc   =   1.00000, cut     =   8.00000, intdiel =   1.00000

Frozen or restrained atoms:
     ibelly  =       0, ntr     =       0

Energy minimization:
     maxcyc  =       1, ncyc    =      10, ntmin   =       1
     dx0     =   0.01000, drms    =   0.00010

======== Implicit Solvent Initialization ========

     Max Nonbonded Pairs:    24421    24421

 no. of atoms processed in PB initialization:   221
  NUM  RESI  NAME  TYPE    CHARGE ATM CRG/H   GRP CRG   PB RADI   NP RADI
    1  HST   C1    ca   -0.079985 -0.079985  0.177830  1.700000  1.699835
    2  HST   C2    ca    0.097203  0.097203 -0.321185  1.700000  1.699835
    3  HST   C3    ca   -0.090297  0.073206 -0.085776  1.700000  1.699835
    4  HST   C4    ca    0.097203  0.097203 -0.322173  1.700000  1.699835
    5  HST   C5    ca   -0.143597  0.014206  0.208612  1.700000  1.699835
    6  HST   C6    ca   -0.078997 -0.078997  0.178818  1.700000  1.699835
    7  HST   O1    os   -0.353597 -0.353597  0.197412  1.500000  1.500006
    8  HST   C7    c3    0.030803  0.087406 -0.022579  1.700000  1.699835
    9  HST   C8    c3    0.386003  0.453806 -0.327285  1.700000  1.699835
   10  HST   O2    os   -0.353597 -0.353597  0.197412  1.500000  1.500006
   11  HST   C9    ca    0.097203  0.097203 -0.321185  1.700000  1.699835
   12  HST   C10   ca   -0.078997 -0.078997  0.178818  1.700000  1.699835
   13  HST   C11   ca   -0.090297  0.073206 -0.084788  1.700000  1.699835
   14  HST   C12   ca   -0.143597  0.014206  0.208612  1.700000  1.699835
   15  HST   C13   ca   -0.078997 -0.078997  0.178818  1.700000  1.699835
   16  HST   C14   ca    0.097203  0.097203 -0.321185  1.700000  1.699835
   17  HST   O3    os   -0.353597 -0.353597  0.197412  1.500000  1.500006
   18  HST   C15   c3    0.030803  0.087406 -0.022579  1.700000  1.699835
   19  HST   C16   ca   -0.078997 -0.078997  0.178818  1.700000  1.699835
   20  HST   C17   ca    0.097203  0.097203 -0.321185  1.700000  1.699835
   21  HST   C18   c3    0.386003  0.453806 -0.327285  1.700000  1.699835
   22  HST   O4    os   -0.353597 -0.353597  0.197412  1.500000  1.500006
   23  HST   O5    os   -0.353597 -0.353597  0.197412  1.500000  1.500006
   24  HST   C19   c3    0.030803  0.087406 -0.023567  1.700000  1.699835
   25  HST   C20   ca   -0.078997 -0.078997  0.178818  1.700000  1.699835
   26  HST   O6    os   -0.353597 -0.353597  0.197412  1.500000  1.500006
   27  HST   C21   ca    0.097203  0.097203 -0.321185  1.700000  1.699835
   28  HST   C22   ca   -0.143597  0.014206  0.208612  1.700000  1.699835
   29  HST   C23   ca    0.097203  0.097203 -0.321185  1.700000  1.699835
   30  HST   C24   ca   -0.143597  0.014206  0.208612  1.700000  1.699835
   31  HST   C25   ca    0.097203  0.097203 -0.321185  1.700000  1.699835
   32  HST   O7    os   -0.353597 -0.353597  0.197412  1.500000  1.500006
   33  HST   O8    os   -0.353597 -0.353597  0.197412  1.500000  1.500006
   34  HST   C26   c3    0.386003  0.453806 -0.327285  1.700000  1.699835
   35  HST   C27   ca   -0.090297  0.073206 -0.084788  1.700000  1.699835
   36  HST   C28   ca   -0.078997 -0.078997  0.178818  1.700000  1.699835
   37  HST   C29   ca   -0.090297  0.073206 -0.084788  1.700000  1.699835
   38  HST   C30   c3    0.030803  0.087406 -0.022579  1.700000  1.699835
   39  HST   C31   ca   -0.078997 -0.078997  0.178818  1.700000  1.699835
   40  HST   C32   c3    0.386003  0.453806 -0.327285  1.700000  1.699835
   41  HST   C33   c3   -0.060397  0.048009  0.003824  1.700000  1.699835
   42  HST   C34   c3   -0.183997 -0.131591  0.821921  1.700000  1.699835
   43  HST   C35   c     0.905503  0.905503 -0.966682  1.700000  1.699835
   44  HST   O9    o    -0.870297 -0.870297  0.035206  1.500000  1.479961
   45  HST   C36   c3   -0.060397  0.048009  0.003824  1.700000  1.699835
   46  HST   C37   c3   -0.183997 -0.131591  0.821921  1.700000  1.699835
   47  HST   C38   c     0.905503  0.905503 -0.966682  1.700000  1.699835
   48  HST   O10   o    -0.870297 -0.870297  0.035206  1.500000  1.479961
   49  HST   C39   c3   -0.060397  0.048009  0.003824  1.700000  1.699835
   50  HST   C40   c3   -0.183997 -0.131591  0.821921  1.700000  1.699835
   51  HST   C41   c     0.905503  0.905503 -0.966682  1.700000  1.699835
   52  HST   O11   o    -0.870297 -0.870297  0.035206  1.500000  1.479961
   53  HST   C42   c3   -0.060397  0.048009  0.003824  1.700000  1.699835
   54  HST   C43   c3   -0.183997 -0.131591  0.821921  1.700000  1.699835
   55  HST   C44   c     0.905503  0.905503 -0.966682  1.700000  1.699835
   56  HST   O12   o    -0.870297 -0.870297  0.035206  1.500000  1.479961
   57  HST   C45   ca   -0.073897 -0.073897  0.425321  1.700000  1.699835
   58  HST   C46   ca   -0.144697  0.012406  0.234812  1.700000  1.699835
   59  HST   C47   ca   -0.130397  0.022706  0.060012  1.700000  1.699835
   60  HST   C48   ca   -0.130397  0.022706  0.060012  1.700000  1.699835
   61  HST   C49   ca    0.111203  0.111203 -0.154382  1.700000  1.699835
   62  HST   C50   ca    0.111203  0.111203 -0.154382  1.700000  1.699835
   63  HST   C51   ca   -0.073897 -0.073897  0.425321  1.700000  1.699835
   64  HST   C52   ca   -0.144697  0.012406  0.234812  1.700000  1.699835
   65  HST   C53   ca   -0.130397  0.022706  0.060012  1.700000  1.699835
   66  HST   C54   ca   -0.130397  0.022706  0.060012  1.700000  1.699835
   67  HST   C55   ca    0.111203  0.111203 -0.154382  1.700000  1.699835
   68  HST   C56   ca    0.111203  0.111203 -0.154382  1.700000  1.699835
   69  HST   C57   ca   -0.073897 -0.073897  0.425321  1.700000  1.699835
   70  HST   C58   ca   -0.144697  0.012406  0.234812  1.700000  1.699835
   71  HST   C59   ca   -0.130397  0.022706  0.060012  1.700000  1.699835
   72  HST   C60   ca   -0.130397  0.022706  0.060012  1.700000  1.699835
   73  HST   C61   ca    0.111203  0.111203 -0.154382  1.700000  1.699835
   74  HST   C62   ca    0.111203  0.111203 -0.154382  1.700000  1.699835
   75  HST   C63   ca   -0.073897 -0.073897  0.425321  1.700000  1.699835
   76  HST   C64   ca   -0.144697  0.012406  0.234812  1.700000  1.699835
   77  HST   C65   ca   -0.130397  0.022706  0.060012  1.700000  1.699835
   78  HST   C66   ca   -0.130397  0.022706  0.060012  1.700000  1.699835
   79  HST   C67   ca    0.111203  0.111203 -0.154382  1.700000  1.699835
   80  HST   C68   ca    0.111203  0.111203 -0.154382  1.700000  1.699835
   81  HST   O13   os   -0.300697 -0.300697 -0.121991  1.500000  1.500006
   82  HST   O14   os   -0.300697 -0.300697 -0.121991  1.500000  1.500006
   83  HST   O15   os   -0.300697 -0.300697 -0.121991  1.500000  1.500006
   84  HST   O16   os   -0.300697 -0.300697 -0.121991  1.500000  1.500006
   85  HST   O17   os   -0.300697 -0.300697 -0.121991  1.500000  1.500006
   86  HST   O18   os   -0.300697 -0.300697 -0.121991  1.500000  1.500006
   87  HST   O19   os   -0.300697 -0.300697 -0.121991  1.500000  1.500006
   88  HST   C69   ca    0.067503  0.067503 -0.288485  1.700000  1.699835
   89  HST   C70   ca   -0.103297  0.062406  0.038712  1.700000  1.699835
   90  HST   C71   ca   -0.117697 -0.117697  0.083221  1.700000  1.699835
   91  HST   C72   ca   -0.103297  0.062406  0.038712  1.700000  1.699835
   92  HST   C73   ca   -0.091197 -0.091197  0.951118  1.700000  1.699835
   93  HST   C74   ca    0.067503  0.067503 -0.288485  1.700000  1.699835
   94  HST   O20   os   -0.300697 -0.300697 -0.121991  1.500000  1.500006
   95  HST   C75   ca    0.067503  0.067503 -0.288485  1.700000  1.699835
   96  HST   C76   ca   -0.103297  0.062406  0.038712  1.700000  1.699835
   97  HST   C77   ca   -0.103297  0.062406  0.038712  1.700000  1.699835
   98  HST   C78   ca   -0.117697 -0.117697  0.083221  1.700000  1.699835
   99  HST   C79   ca    0.067503  0.067503 -0.288485  1.700000  1.699835
  100  HST   C80   ca   -0.091197 -0.091197  0.951118  1.700000  1.699835
  101  HST   C81   ca    0.067503  0.067503 -0.288485  1.700000  1.699835
  102  HST   C82   ca   -0.103297  0.062406  0.038712  1.700000  1.699835
  103  HST   C83   ca   -0.103297  0.062406  0.038712  1.700000  1.699835
  104  HST   C84   ca   -0.117697 -0.117697  0.083221  1.700000  1.699835
  105  HST   C85   ca    0.067503  0.067503 -0.288485  1.700000  1.699835
  106  HST   C86   ca   -0.091197 -0.091197  0.951118  1.700000  1.699835
  107  HST   C87   c     0.917503  0.917503 -0.851888  1.700000  1.699835
  108  HST   O21   o    -0.839097 -0.839097  0.078406  1.500000  1.479961
  109  HST   C88   c     0.917503  0.917503 -0.851888  1.700000  1.699835
  110  HST   O22   o    -0.839097 -0.839097  0.078406  1.500000  1.479961
  111  HST   C89   c     0.917503  0.917503 -0.851888  1.700000  1.699835
  112  HST   O23   o    -0.839097 -0.839097  0.078406  1.500000  1.479961
  113  HST   O24   o    -0.870297 -0.870297  0.035206  1.500000  1.479961
  114  HST   O25   o    -0.870297 -0.870297  0.035206  1.500000  1.479961
  115  HST   O26   o    -0.870297 -0.870297  0.035206  1.500000  1.479961
  116  HST   C90   c     0.917503  0.917503 -0.851888  1.700000  1.699835
  117  HST   O27   o    -0.839097 -0.839097  0.078406  1.500000  1.479961
  118  HST   O28   o    -0.839097 -0.839097  0.078406  1.500000  1.479961
  119  HST   O29   o    -0.839097 -0.839097  0.078406  1.500000  1.479961
  120  HST   O30   o    -0.839097 -0.839097  0.078406  1.500000  1.479961
  121  HST   O31   o    -0.839097 -0.839097  0.078406  1.500000  1.479961
  122  HST   O32   o    -0.870297 -0.870297  0.035206  1.500000  1.479961
  123  HST   C91   ca    0.067503  0.067503 -0.288485  1.700000  1.699835
  124  HST   C92   ca   -0.103297  0.062406  0.038712  1.700000  1.699835
  125  HST   C93   ca   -0.117697 -0.117697  0.083221  1.700000  1.699835
  126  HST   C94   ca   -0.103297  0.062406  0.038712  1.700000  1.699835
  127  HST   C95   ca   -0.091197 -0.091197  0.951118  1.700000  1.699835
  128  HST   C96   ca    0.067503  0.067503 -0.288485  1.700000  1.699835
  129  HST   C97   c3   -0.037897  0.065912 -0.051785  1.700000  1.699835
  130  HST   C98   c3   -0.037897  0.065912 -0.051785  1.700000  1.699835
  131  HST   C99   c3   -0.037897  0.065912 -0.051785  1.700000  1.699835
  132  HST   C100  c3   -0.037897  0.065912 -0.051785  1.700000  1.699835
  133  HST   H1    ha    0.163503  0.163503  0.163503  1.300000  1.299821
  134  HST   H2    ha    0.157803  0.157803  0.157803  1.300000  1.299821
  135  HST   H3    hc    0.056603  0.056603  0.056603  1.300000  1.324766
  136  HST   H4    h2    0.067803  0.067803  0.067803  1.300000  1.146587
  137  HST   H5    ha    0.163503  0.163503  0.163503  1.300000  1.299821
  138  HST   H6    ha    0.157803  0.157803  0.157803  1.300000  1.299821
  139  HST   H7    hc    0.056603  0.056603  0.056603  1.300000  1.324766
  140  HST   H8    h2    0.067803  0.067803  0.067803  1.300000  1.146587
  141  HST   H9    hc    0.056603  0.056603  0.056603  1.300000  1.324766
  142  HST   H10   ha    0.157803  0.157803  0.157803  1.300000  1.299821
  143  HST   H11   ha    0.157803  0.157803  0.157803  1.300000  1.299821
  144  HST   H12   h2    0.067803  0.067803  0.067803  1.300000  1.146587
  145  HST   H13   ha    0.163503  0.163503  0.163503  1.300000  1.299821
  146  HST   H14   ha    0.163503  0.163503  0.163503  1.300000  1.299821
  147  HST   H15   hc    0.056603  0.056603  0.056603  1.300000  1.324766
  148  HST   H16   h2    0.067803  0.067803  0.067803  1.300000  1.146587
  149  HST   H17   hc    0.054203  0.054203  0.054203  1.300000  1.324766
  150  HST   H18   hc    0.054203  0.054203  0.054203  1.300000  1.324766
  151  HST   H19   hc    0.026203  0.026203  0.026203  1.300000  1.324766
  152  HST   H20   hc    0.026203  0.026203  0.026203  1.300000  1.324766
  153  HST   H21   hc    0.054203  0.054203  0.054203  1.300000  1.324766
  154  HST   H22   hc    0.054203  0.054203  0.054203  1.300000  1.324766
  155  HST   H23   hc    0.026203  0.026203  0.026203  1.300000  1.324766
  156  HST   H24   hc    0.026203  0.026203  0.026203  1.300000  1.324766
  157  HST   H25   hc    0.054203  0.054203  0.054203  1.300000  1.324766
  158  HST   H26   hc    0.054203  0.054203  0.054203  1.300000  1.324766
  159  HST   H27   hc    0.026203  0.026203  0.026203  1.300000  1.324766
  160  HST   H28   hc    0.026203  0.026203  0.026203  1.300000  1.324766
  161  HST   H29   hc    0.054203  0.054203  0.054203  1.300000  1.324766
  162  HST   H30   hc    0.054203  0.054203  0.054203  1.300000  1.324766
  163  HST   H31   hc    0.026203  0.026203  0.026203  1.300000  1.324766
  164  HST   H32   hc    0.026203  0.026203  0.026203  1.300000  1.324766
  165  HST   H33   ha    0.157103  0.157103  0.157103  1.300000  1.299821
  166  HST   H34   ha    0.153103  0.153103  0.153103  1.300000  1.299821
  167  HST   H35   ha    0.153103  0.153103  0.153103  1.300000  1.299821
  168  HST   H36   ha    0.157103  0.157103  0.157103  1.300000  1.299821
  169  HST   H37   ha    0.153103  0.153103  0.153103  1.300000  1.299821
  170  HST   H38   ha    0.153103  0.153103  0.153103  1.300000  1.299821
  171  HST   H39   ha    0.157103  0.157103  0.157103  1.300000  1.299821
  172  HST   H40   ha    0.153103  0.153103  0.153103  1.300000  1.299821
  173  HST   H41   ha    0.153103  0.153103  0.153103  1.300000  1.299821
  174  HST   H42   ha    0.157103  0.157103  0.157103  1.300000  1.299821
  175  HST   H43   ha    0.153103  0.153103  0.153103  1.300000  1.299821
  176  HST   H44   ha    0.153103  0.153103  0.153103  1.300000  1.299821
  177  HST   H45   ha    0.165703  0.165703  0.165703  1.300000  1.299821
  178  HST   H46   ha    0.165703  0.165703  0.165703  1.300000  1.299821
  179  HST   H47   ha    0.165703  0.165703  0.165703  1.300000  1.299821
  180  HST   H48   ha    0.165703  0.165703  0.165703  1.300000  1.299821
  181  HST   H49   ha    0.165703  0.165703  0.165703  1.300000  1.299821
  182  HST   H50   ha    0.165703  0.165703  0.165703  1.300000  1.299821
  183  HST   H51   ha    0.165703  0.165703  0.165703  1.300000  1.299821
  184  HST   H52   ha    0.165703  0.165703  0.165703  1.300000  1.299821
  185  HST   H53   hc    0.034603  0.034603  0.034603  1.300000  1.324766
  186  HST   H54   hc    0.034603  0.034603  0.034603  1.300000  1.324766
  187  HST   H55   hc    0.034603  0.034603  0.034603  1.300000  1.324766
  188  HST   H56   hc    0.034603  0.034603  0.034603  1.300000  1.324766
  189  HST   H57   hc    0.034603  0.034603  0.034603  1.300000  1.324766
  190  HST   H58   hc    0.034603  0.034603  0.034603  1.300000  1.324766
  191  HST   H59   hc    0.034603  0.034603  0.034603  1.300000  1.324766
  192  HST   H60   hc    0.034603  0.034603  0.034603  1.300000  1.324766
  193  HST   H61   hc    0.034603  0.034603  0.034603  1.300000  1.324766
  194  HST   H62   hc    0.034603  0.034603  0.034603  1.300000  1.324766
  195  HST   H63   hc    0.034603  0.034603  0.034603  1.300000  1.324766
  196  HST   H64   hc    0.034603  0.034603  0.034603  1.300000  1.324766
  197  GST   C1    c2   -0.221496 -0.090692 -0.206976  1.700000  1.699835
  198  GST   C2    ce   -0.137496 -0.137496  0.742528  1.700000  1.699835
  199  GST   C3    c2   -0.245696 -0.030288 -0.125284  1.700000  1.699835
  200  GST   C4    c     0.900004  0.900004 -0.912884  1.700000  1.699835
  201  GST   C5    c2   -0.094996 -0.094996 -0.070960  1.700000  1.699835
  202  GST   C6    c3   -0.025396  0.021212 -0.054472  1.700000  1.699835
  203  GST   C7    c3   -0.039496  0.070712 -0.084172  1.700000  1.699835
  204  GST   C8    c3   -0.066796 -0.017388  0.068332  1.700000  1.699835
  205  GST   C9    c3   -0.029096  0.015008 -0.076164  1.700000  1.699835
  206  GST   C10   c3   -0.062096  0.039316 -0.055680  1.700000  1.699835
  207  GST   O1    o    -0.837696 -0.837696  0.062308  1.500000  1.479961
  208  GST   O2    o    -0.837696 -0.837696  0.062308  1.500000  1.479961
  209  GST   H1    ha    0.130804  0.130804  0.130804  1.300000  1.299821
  210  GST   H2    ha    0.107704  0.107704  0.107704  1.300000  1.299821
  211  GST   H3    ha    0.107704  0.107704  0.107704  1.300000  1.299821
  212  GST   H4    hc    0.023304  0.023304  0.023304  1.300000  1.324766
  213  GST   H5    hc    0.023304  0.023304  0.023304  1.300000  1.324766
  214  GST   H6    hc    0.055104  0.055104  0.055104  1.300000  1.324766
  215  GST   H7    hc    0.055104  0.055104  0.055104  1.300000  1.324766
  216  GST   H8    hc    0.024704  0.024704  0.024704  1.300000  1.324766
  217  GST   H9    hc    0.024704  0.024704  0.024704  1.300000  1.324766
  218  GST   H10   hc    0.044104  0.044104  0.044104  1.300000  1.324766
  219  GST   H11   hc    0.033804  0.033804  0.033804  1.300000  1.324766
  220  GST   H12   hc    0.033804  0.033804  0.033804  1.300000  1.324766
  221  GST   H13   hc    0.033804  0.033804  0.033804  1.300000  1.324766

 total system charges (+/-) for PB       -9.0000       18.7847      -27.7847
 cavity_surften =        0.0050 cavity_offset =        0.0000

   SAS Surface: surface dots generated:    366

--------------------------------------------------------------------------------
   3.  ATOMIC COORDINATES AND VELOCITIES
--------------------------------------------------------------------------------

Cpptraj Generated Restart                                                       
 begin time read from input coords =     0.000 ps

 Number of triangulated 3-point waters found:        0

--------------------------------------------------------------------------------
   4.  RESULTS
--------------------------------------------------------------------------------

  NB-update: atom-based nb list    13659


======== Setting up Grid Parameters ========
Using bounding box for grid setup
 Bounding Box at level:           2
 Bounding Box Center:      24.500    24.500    24.500
 Xmin, Xmax, Xmax-Xmin:    13.478    35.660    22.182
 Ymin, Ymax, Ymax-Ymin:    13.883    35.505    21.622
 Zmin, Zmax, Zmax-Zmin:    15.666    33.354    17.688
 Grid dimension at level     2    63   61   53
 Grid origin corrected at level     2      8.500     9.000    11.000
 Bounding Box at level:           1
 Bounding Box Center:      24.500    24.500    24.500
 Xmin, Xmax, Xmax-Xmin:    13.478    35.660    22.182
 Ymin, Ymax, Ymax-Ymin:    13.883    35.505    21.622
 Zmin, Zmax, Zmax-Zmin:    15.666    33.354    17.688
 Grid dimension at level     1     9    9    9
 Grid origin corrected at level     1      4.500     4.500     4.500
------- VMD goodie --------
#First Level Geometric Box
draw materials off
draw color green
draw line "    4.500    4.500    4.500" "   40.500    4.500    4.500"
draw line "    4.500    4.500    4.500" "    4.500   40.500    4.500"
draw line "    4.500    4.500    4.500" "    4.500    4.500   40.500"
draw line "   40.500    4.500    4.500" "   40.500   40.500    4.500"
draw line "   40.500    4.500    4.500" "   40.500    4.500   40.500"
draw line "    4.500   40.500    4.500" "   40.500   40.500    4.500"
draw line "    4.500   40.500    4.500" "    4.500   40.500   40.500"
draw line "    4.500    4.500   40.500" "   40.500    4.500   40.500"
draw line "    4.500    4.500   40.500" "    4.500   40.500   40.500"
draw line "   40.500   40.500   40.500" "   40.500   40.500    4.500"
draw line "   40.500   40.500   40.500" "    4.500   40.500   40.500"
draw line "   40.500   40.500   40.500" "   40.500    4.500   40.500"
#2nd Level Geometric Box
draw color blue
draw line "    8.500    9.000   11.000" "   40.500    9.000   11.000"
draw line "    8.500    9.000   11.000" "    8.500   40.000   11.000"
draw line "    8.500    9.000   11.000" "    8.500    9.000   38.000"
draw line "   40.500    9.000   11.000" "   40.500   40.000   11.000"
draw line "   40.500    9.000   11.000" "   40.500    9.000   38.000"
draw line "    8.500   40.000   11.000" "   40.500   40.000   11.000"
draw line "    8.500   40.000   11.000" "    8.500   40.000   38.000"
draw line "    8.500    9.000   38.000" "   40.500    9.000   38.000"
draw line "    8.500    9.000   38.000" "    8.500   40.000   38.000"
draw line "   40.500   40.000   38.000" "   40.500   40.000   11.000"
draw line "   40.500   40.000   38.000" "    8.500   40.000   38.000"
draw line "   40.500   40.000   38.000" "   40.500    9.000   38.000"
--- End VMD goodie --------

======== Setting up Solvent Accessibility Data ========
Setting up working radii
Number of SA srf points exposed  5976
 Number of SA arcs generated  5668
 Number of SA arc points exposed        4025 Number of trimer arc points exposed         402
 with resolution (A) = .250000E+00

Atomic solvent accessible surface area:
           1    0.9898591934753
           2    3.6294837094096
           3    0.6599061289836
           4    3.9594367739014
           5    5.6092020963603
           6    0.6599061289836
           7    8.6625554808820
           8    0.0000000000000
           9    0.0000000000000
          10    5.7750369872547
          11    1.6497653224589
          12    0.0000000000000
          13    0.0000000000000
          14    4.9492959673767
          15    0.6599061289836
          16    3.6294837094096
          17   10.6838184264212
          18    0.0000000000000
          19    0.0000000000000
          20    2.9695775804260
          21    0.0000000000000
          22    9.5288110289702
          23    9.5288110289702
          24    0.0000000000000
          25    0.0000000000000
          26    7.5075480834311
          27    1.3198122579671
          28    6.2691082253438
          29    2.9695775804260
          30    6.2691082253438
          31    3.6294837094096
          32    8.0850517821566
          33    9.5288110289702
          34    0.0000000000000
          35    0.0000000000000
          36    0.0000000000000
          37    0.0000000000000
          38    0.0000000000000
          39    0.0000000000000
          40    0.0000000000000
          41    0.0000000000000
          42    0.0000000000000
          43    8.5787796767863
          44   40.1365070614200
          45    0.0000000000000
          46    0.6599061289836
          47    6.5990612898356
          48   42.7352737056846
          49    0.0000000000000
          50    0.3299530644918
          51    5.6092020963603
          52   43.0240255550474
          53    0.0000000000000
          54    0.0000000000000
          55    7.2589674188192
          56   40.1365070614200
          57    2.3096714514425
          58    5.2792490318685
          59    4.2893898383931
          60    3.6294837094096
          61    2.9695775804260
          62    3.6294837094096
          63    2.9695775804260
          64    5.9391551608520
          65    2.9695775804260
          66    2.3096714514425
          67    1.9797183869507
          68    2.6396245159342
          69    2.3096714514425
          70    6.5990612898356
          71    4.6193429028849
          72    2.3096714514425
          73    1.9797183869507
          74    3.6294837094096
          75    2.3096714514425
          76    4.9492959673767
          77    4.6193429028849
          78    2.6396245159342
          79    0.3299530644918
          80    2.9695775804260
          81    6.9300443847056
          82    7.2187962340683
          83    9.5288110289702
          84    8.6625554808820
          85    8.3738036315193
          86    8.6625554808820
          87    5.1975332885292
          88    2.6396245159342
          89    4.6193429028849
          90    2.6396245159342
          91    4.9492959673767
          92    3.2995306449178
          93    2.6396245159342
          94    8.6625554808820
          95    2.3096714514425
          96    4.6193429028849
          97    5.6092020963603
          98    2.6396245159342
          99    2.3096714514425
         100    4.2893898383931
         101    2.9695775804260
         102    4.9492959673767
         103    6.2691082253438
         104    2.9695775804260
         105    1.9797183869507
         106    2.6396245159342
         107   10.2285449992452
         108   42.1577700069592
         109   10.5584980637370
         110   41.8690181575964
         111   11.2184041927205
         112   41.5802663082337
         113   47.3553032954884
         114   47.6440551448511
         115   38.9814996639691
         116   10.5584980637370
         117   41.2915144588710
         118   41.2915144588710
         119   41.8690181575964
         120   41.2915144588710
         121   41.2915144588710
         122   39.8477552120573
         123    2.9695775804260
         124    6.2691082253438
         125    2.6396245159342
         126    6.5990612898356
         127    4.9492959673767
         128    1.9797183869507
         129    0.9898591934753
         130    0.6599061289836
         131    0.6599061289836
         132    0.9898591934753
         133    0.0000000000000
         134    2.7532712009985
         135    1.2514869095448
         136    0.0000000000000
         137    0.0000000000000
         138    4.5053528743612
         139    6.5077319296329
         140    0.0000000000000
         141    3.2538659648164
         142    2.5029738190896
         143    1.7520816733627
         144    0.0000000000000
         145    0.0000000000000
         146    0.0000000000000
         147    6.2574345477239
         148    0.0000000000000
         149    4.5053528743612
         150   10.2621926582673
         151   17.0202219698091
         152    7.2586240753598
         153   14.0166533869016
         154    7.7592188391777
         155   12.2645717135389
         156   23.5279538994420
         157   14.7675455326285
         158    7.0083266934508
         159   20.7746826984435
         160    9.0107057487225
         161   10.2621926582673
         162    3.0035685829075
         163    8.7604083668135
         164   16.5196272059912
         165   21.7758722260793
         166    3.5041633467254
         167    1.7520816733627
         168   21.5255748441703
         169    0.7508921457269
         170    0.5005947638179
         171   21.2752774622614
         172    2.5029738190896
         173    0.2502973819090
         174   18.5220062612628
         175    2.7532712009985
         176    0.5005947638179
         177   18.0214114974449
         178   17.2705193517181
         179   16.2693298240822
         180   17.5208167336270
         181   17.5208167336270
         182   18.2717088793539
         183   16.5196272059912
         184   18.7723036431718
         185    8.2598136029956
         186    0.0000000000000
         187    5.7568397839060
         188    0.0000000000000
         189   13.0154638592658
         190   11.5136795678120
         191   16.2693298240822
         192    0.0000000000000
         193   13.0154638592658
         194    0.0000000000000
         195   12.2645717135389
         196    8.0095162210866
         197    0.0000000000000
         198    0.0000000000000
         199    0.0000000000000
         200    1.9797183869507
         201    0.0000000000000
         202    0.0000000000000
         203    0.0000000000000
         204    0.0000000000000
         205    0.0000000000000
         206    0.0000000000000
         207   22.8113960996560
         208   15.8813517149504
         209    0.0000000000000
         210    0.0000000000000
         211    0.0000000000000
         212    0.0000000000000
         213    0.0000000000000
         214    0.0000000000000
         215    0.0000000000000
         216    0.0000000000000
         217    0.0000000000000
         218    0.0000000000000
         219    0.0000000000000
         220    0.0000000000000
         221    0.0000000000000

 ======== FDPB Summary ========

 Do FDPB every           1 steps
 Nonbonded Update
   residue cutoff is set to   99.9000000000000
   fdpb cutoff is set to    5.0000000000000
   sas cutoff is set to    9.0000000000000
   nonbonded cutoff is set to    0.0000000000000
 Grid Constants
   Grid dimension       9       9       9
   Grid spacing set to     4.000
   Grid boundary
         4.500    44.500
         4.500    44.500
         4.500    44.500

 Dielectric Map
   Use cavity radii in the prmtop file

   Use probe-based SES definition
     Compute SAS/SAR every           1 steps
     Solvent probe radius   1.40000000000000
     Surface dots per atom     366
     Buried atom radii increment   0.79800000000000
     Threshhold for exposed atom   0.08000000000000
     Current SAS1679.75156682982197

 Boundary conditions
   sum of grid charges as independent DH spheres

 Physical constants
   Solute dielectric constant  :   1.00000000000000
   Solvent dielectric constant :   80.0000000000000
   Temperature (K)             :   300.000000000000
   Ionic strength (mM)         :   0.00000000000000
   Debye-Huckel parameter (1/A):   0.00000000000000

FD Solver Option
   Use Modified ICCG solver

 Iteration data
   Maximum iterations  :         100
   Convergence criteria:  1.000000000000000E-03
   Iterations required        :     6
   Norm of the constant vector:      3185.7665133109
   Norm of the residual vector:      0.9309011259648
   Convergence achieved       :  2.9220632525179592E-04

 Total molecular surface   1145.3616

 ======== FDPB Summary ========

 Do FDPB every           1 steps
 Nonbonded Update
   residue cutoff is set to   99.9000000000000
   fdpb cutoff is set to    5.0000000000000
   sas cutoff is set to    9.0000000000000
   nonbonded cutoff is set to    0.0000000000000
 Grid Constants
   Grid dimension      63      61      53
   Grid spacing set to     0.500
   Grid boundary
         8.500    40.500
         9.000    40.000
        11.000    38.000

 Dielectric Map
   Use cavity radii in the prmtop file

   Use probe-based SES definition
     Compute SAS/SAR every           1 steps
     Solvent probe radius   1.40000000000000
     Surface dots per atom     366
     Buried atom radii increment   0.79800000000000
     Threshhold for exposed atom   0.08000000000000
     Current SAS1679.75156682982197

 Boundary conditions
   sum of grid charges as independent DH spheres

 Physical constants
   Solute dielectric constant  :   1.00000000000000
   Solvent dielectric constant :   80.0000000000000
   Temperature (K)             :   300.000000000000
   Ionic strength (mM)         :   0.00000000000000
   Debye-Huckel parameter (1/A):   0.00000000000000

FD Solver Option
   Use Modified ICCG solver

 Iteration data
   Maximum iterations  :         100
   Convergence criteria:  1.000000000000000E-03
   Iterations required        :    22
   Norm of the constant vector:    314837.2809047690
   Norm of the residual vector:    246.5487348775980
   Convergence achieved       :  7.8309892071572467E-04

 Total surface charge       8.8884
 Reaction field energy  -1632.5780
 Nonpolar SAS/SAV   1679.7516      0.0000
 Cavity solvation energy      8.3988

 NSTEP =        1   TIME(PS) =       0.000  TEMP(K) =     0.00  PRESS =     0.0
 Etot   =      -894.7087  EKtot   =         0.0000  EPtot      =         0.0000
 BOND   =         0.0000  ANGLE   =         0.0000  DIHED      =         0.0000
 1-4 NB =         0.0000  1-4 EEL =         0.0000  VDWAALS    =        98.7695
 EELEC  =       630.7010  EPB     =     -1632.5780  RESTRAINT  =         0.0000
 ECAVITY=         8.3988  EDISPER =         0.0000
 ------------------------------------------------------------------------------



  Maximum number of minimization cycles reached.


                    FINAL RESULTS


 NSTEP =        1   TIME(PS) =       0.000  TEMP(K) =     0.00  PRESS =     0.0
 Etot   =      -894.7087  EKtot   =         0.0000  EPtot      =         0.0000
 BOND   =         0.0000  ANGLE   =         0.0000  DIHED      =         0.0000
 1-4 NB =         0.0000  1-4 EEL =         0.0000  VDWAALS    =        98.7695
 EELEC  =       630.7010  EPB     =     -1632.5780  RESTRAINT  =         0.0000
 ECAVITY=         8.3988  EDISPER =         0.0000
 ------------------------------------------------------------------------------


--------------------------------------------------------------------------------
   5.  TIMINGS
--------------------------------------------------------------------------------

| Total time                     0.27
| Read prm/crd time              0.00
| Force time                     0.27
| Nonbond force                  0.27
| PB Nonbond                     0.27
| PB NB list                     0.00
| PB FD grid                     0.00
| PB Sasa                        0.04
| PB FD force                    0.26
| PB Set linear sys              0.09
| PB Solver                      0.16
| PB Direct                      0.00
| PB SA srf                      0.00
| PB SA arc                      0.04
| PB SA arc setup                0.00
| PB circle                      0.03
| PB exclude                     0.01
| PB exmol                       0.09
| PB exmol setup                 0.01
| PB exmol part a                0.00
| PB exmol part b                0.01
| PB exmol part c                0.00
| PB exmol part d                0.00
| PB exmol part e                0.00
| PB exmol part f                0.02
| PB epsmap                      0.00
|           Job began  at 22:28:53.312  on 09/29/2021
|           Setup done at 22:28:53.317  on 09/29/2021
|           Run   done at 22:28:53.583  on 09/29/2021
|     wallclock() was called     110 times
