
          -------------------------------------------------------
          GBNSR6 2015                       
          -------------------------------------------------------

| Run on 09/12/2021 at 11:27:54

File Assignments:
|  MDIN: ../scripts/gbnsr6.in                                                  
| MDOUT: complex-gb.out                                                        
|INPCRD: complex.crd                                                           
|  PARM: complex.prmtop                                                        
|

 Here is the input file:

compute                                                                        
&cntrl                                                                         
inp=1                                                                          
/                                                                              
&gb                                                                            
epsin=1.0, epsout=80, istrng=0, space=0.5,                                     
arcres=0.2, B=0.028, alpb=1, rbornstat=0, cavity_surften=0.005                 
/                                                                              

--------------------------------------------------------------------------------
   1.  RESOURCE   USE: 
--------------------------------------------------------------------------------

| Flags:                                                                        
| New format PARM file being parsed.
| Version =    1.000 Date = 09/12/21 Time = 11:22:33
 NATOM  =     212 NTYPES =       9 NBONH =      70 MBONA  =     164
 NTHETH =     165 MTHETA =     250 NPHIH =     369 MPHIA  =     442
 NHPARM =       0 NPARM  =       0 NNB   =    1306 NRES   =       2
 NBONA  =     164 NTHETA =     250 NPHIA =     442 NUMBND =      13
 NUMANG =      25 NPTRA  =      17 NATYP =      13 NPHB   =       0
 IFBOX  =       1 NMXRS  =     184 IFCAP =       0 NEXTRA =       0
 NCOPY  =       0


|     Memory Use     Allocated
|     Real                7951
|     Hollerith           1276
|     Integer            27945
|     Max Pairs              1
|     Max Rstack             1
|     Max Istack             1
|       Total              176 kbytes

| Note: 1-4 EEL scale factors are being read from the topology file.

     BOX TYPE: RECTILINEAR

--------------------------------------------------------------------------------
   2.  ATOMIC COORDINATES AND VELOCITIES
--------------------------------------------------------------------------------

Cpptraj Generated Restart                                                       
 begin time read from input coords =  1051.000 ps

 Number of triangulated 3-point waters found:        0

--------------------------------------------------------------------------------
   3.  RESULTS
--------------------------------------------------------------------------------

 Cavity solvation energy      8.0727

 NSTEP =        1   TIME(PS) =       0.000  TEMP(K) =     0.00  PRESS =     0.0
 Etot   =      -834.1847  EKtot   =         0.0000  EPtot      =         0.0000
 BOND   =         0.0000  ANGLE   =         0.0000  DIHED      =         0.0000
 1-4 NB =         0.0000  1-4 EEL =       -69.8434  VDWAALS    =         0.0000
 EELEC  =       923.0019  EGB     =     -1695.4159  RESTRAINT  =         0.0000
 ESURF  =         8.0727
 ------------------------------------------------------------------------------



  Maximum number of minimization cycles reached.


                    FINAL RESULTS


 NSTEP =        1   TIME(PS) =       0.000  TEMP(K) =     0.00  PRESS =     0.0
 Etot   =      -834.1847  EKtot   =         0.0000  EPtot      =         0.0000
 BOND   =         0.0000  ANGLE   =         0.0000  DIHED      =         0.0000
 1-4 NB =         0.0000  1-4 EEL =       -69.8434  VDWAALS    =         0.0000
 EELEC  =       923.0019  EGB     =     -1695.4159  RESTRAINT  =         0.0000
 ESURF  =         8.0727
 ------------------------------------------------------------------------------

|           Job began  at 11:27:54.468  on 09/12/2021
|           Setup done at 11:27:54.472  on 09/12/2021
|           Run   done at 11:27:54.585  on 09/12/2021
|     wallclock() was called      72 times
