
          -------------------------------------------------------
          PBSA VERSION 2019                       UC Irvine
          -------------------------------------------------------

| Run on 09/12/2021 at 11:37:50

File Assignments:
|  MDIN: ../scripts/pbsa.in                                                    
| MDOUT: host-pb.out                                                           
|INPCRD: host.crd                                                              
|  PARM: host.prmtop                                                           
|

 Here is the input file:

Sample single point PB calculation                                             
&cntrl                                                                         
ipb=1, inp=1                                                                   
/                                                                              
&pb                                                                            
npbverb=1, fillratio=1.5, saopt=1, radiopt=0, epsin=1.0, epsout=80             
/                                                                              
 PBSA Warning in pb_read(): sprob=0.557 is optimized for inp=2 and  should not be used with inp=1. It has been reset to 1.4.
 PBSA Warning in pb_read(): cavity_surften=0.0378 is optimized for inp=2  and should not be used with inp=1. It has been reset to 0.005000.
 PBSA Warning in pb_read(): cavity_offset=-0.5692 is optimized for inp=2  and should not be used with inp=1. It has been reset to 0.000.

--------------------------------------------------------------------------------
   1.  RESOURCE   USE: 
--------------------------------------------------------------------------------

| Flags:                                                                        
| New format PARM file being parsed.
| Version =    1.000 Date = 09/12/21 Time = 11:22:33
 NATOM  =     184 NTYPES =       7 NBONH =      56 MBONA  =     148
 NTHETH =     128 MTHETA =     224 NPHIH =     290 MPHIA  =     356
 NHPARM =       0 NPARM  =       0 NNB   =    1107 NRES   =       1
 NBONA  =     148 NTHETA =     224 NPHIA =     356 NUMBND =      11
 NUMANG =      22 NPTRA  =      12 NATYP =      13 NPHB   =       0
 IFBOX  =       1 NMXRS  =     184 IFCAP =       0 NEXTRA =       0
 NCOPY  =       0


|     Memory Use     Allocated
|     Real                6909
|     Hollerith            555
|     Integer            28253
|     Max Pairs              1
|     Max Rstack             1
|     Max Istack             1
|       Total              166 kbytes

     BOX TYPE: RECTILINEAR

--------------------------------------------------------------------------------
   2.  CONTROL  DATA  FOR  THE  RUN
--------------------------------------------------------------------------------

default_name                                                                    

General flags:
     imin    =       1, nmropt  =       0

Nature and format of input:
     ntx     =       1, irest   =       0, ntrx    =       1

Nature and format of output:
     ntxo    =       1, ntpr    =      50, ntrx    =       1, ntwr    =     500
     iwrap   =       0, ntwx    =       0, ntwv    =       0, ntwe    =       0
     ioutfm  =       0, ntwprt  =       0, idecomp =       0, rbornstat=      0

Potential function:
     ntf     =       1, ntb     =       1, ipb     =       1, nsnb    =      25
     ipol    =       0, gbsa    =       0, iesp    =       0
     dielc   =   1.00000, cut     =   8.00000, intdiel =   1.00000

Frozen or restrained atoms:
     ibelly  =       0, ntr     =       0

Energy minimization:
     maxcyc  =       1, ncyc    =      10, ntmin   =       1
     dx0     =   0.01000, drms    =   0.00010

======== Implicit Solvent Initialization ========

     Max Nonbonded Pairs:    16928    16928

 no. of atoms processed in PB initialization:   184
  NUM  RESI  NAME  TYPE    CHARGE ATM CRG/H   GRP CRG   PB RADI   NP RADI
    1  CLP   C1    ca    0.007966  0.007966  0.096735  1.700000  1.699835
    2  CLP   C2    ca    0.023462  0.023462 -0.147830  1.700000  1.699835
    3  CLP   C3    ca   -0.215113 -0.071988 -0.056056  1.700000  1.699835
    4  CLP   C4    ca    0.023462  0.023462 -0.147830  1.700000  1.699835
    5  CLP   C5    ca   -0.124092  0.070573  0.117497  1.700000  1.699835
    6  CLP   C6    ca    0.007966  0.007966  0.096735  1.700000  1.699835
    7  CLP   O1    os   -0.249831 -0.249831 -0.014133  1.500000  1.500006
    8  CLP   C7    c3    0.014967  0.137295  0.282939  1.700000  1.699835
    9  CLP   C8    c3    0.068147  0.212236 -0.292992  1.700000  1.699835
   10  CLP   O2    os   -0.249831 -0.249831 -0.014133  1.500000  1.500006
   11  CLP   C9    ca    0.023462  0.023462 -0.147830  1.700000  1.699835
   12  CLP   C10   ca    0.007966  0.007966  0.096735  1.700000  1.699835
   13  CLP   C11   ca   -0.215113 -0.071988 -0.056056  1.700000  1.699835
   14  CLP   C12   ca   -0.124092  0.070573  0.117497  1.700000  1.699835
   15  CLP   C13   ca    0.007966  0.007966  0.096735  1.700000  1.699835
   16  CLP   C14   ca    0.023462  0.023462 -0.147830  1.700000  1.699835
   17  CLP   O3    os   -0.249831 -0.249831 -0.014133  1.500000  1.500006
   18  CLP   C15   c3    0.014967  0.137295  0.282939  1.700000  1.699835
   19  CLP   C16   ca    0.007966  0.007966  0.096735  1.700000  1.699835
   20  CLP   C17   ca    0.023462  0.023462 -0.147830  1.700000  1.699835
   21  CLP   C18   c3    0.068147  0.212236 -0.292992  1.700000  1.699835
   22  CLP   O4    os   -0.249831 -0.249831 -0.014133  1.500000  1.500006
   23  CLP   O5    os   -0.249831 -0.249831 -0.014133  1.500000  1.500006
   24  CLP   C19   c3    0.014967  0.137295  0.282939  1.700000  1.699835
   25  CLP   C20   ca    0.007966  0.007966  0.096735  1.700000  1.699835
   26  CLP   O6    os   -0.249831 -0.249831 -0.014133  1.500000  1.500006
   27  CLP   C21   ca    0.023462  0.023462 -0.147830  1.700000  1.699835
   28  CLP   C22   ca   -0.124092  0.070573  0.117497  1.700000  1.699835
   29  CLP   C23   ca    0.023462  0.023462 -0.147830  1.700000  1.699835
   30  CLP   C24   ca   -0.124092  0.070573  0.117497  1.700000  1.699835
   31  CLP   C25   ca    0.023462  0.023462 -0.147830  1.700000  1.699835
   32  CLP   O7    os   -0.249831 -0.249831 -0.014133  1.500000  1.500006
   33  CLP   O8    os   -0.249831 -0.249831 -0.014133  1.500000  1.500006
   34  CLP   C26   c3    0.068147  0.212236 -0.292992  1.700000  1.699835
   35  CLP   C27   ca   -0.215113 -0.071988 -0.056056  1.700000  1.699835
   36  CLP   C28   ca    0.007966  0.007966  0.096735  1.700000  1.699835
   37  CLP   C29   ca   -0.215113 -0.071988 -0.056056  1.700000  1.699835
   38  CLP   C30   c3    0.014967  0.137295  0.282939  1.700000  1.699835
   39  CLP   C31   ca    0.007966  0.007966  0.096735  1.700000  1.699835
   40  CLP   C32   c3    0.068147  0.212236 -0.292992  1.700000  1.699835
   41  CLP   C33   c3    0.142268  0.129712  0.083089  1.700000  1.699835
   42  CLP   C34   c3   -0.082342 -0.183918  0.828892  1.700000  1.699835
   43  CLP   C35   c     0.883098  0.883098 -1.002556  1.700000  1.699835
   44  CLP   O9    o    -0.850868 -0.850868  0.032230  1.500000  1.479961
   45  CLP   C36   c3    0.142268  0.129712  0.083089  1.700000  1.699835
   46  CLP   C37   c3   -0.082342 -0.183918  0.828892  1.700000  1.699835
   47  CLP   C38   c     0.883098  0.883098 -1.002556  1.700000  1.699835
   48  CLP   O10   o    -0.850868 -0.850868  0.032230  1.500000  1.479961
   49  CLP   C39   c3    0.142268  0.129712  0.083089  1.700000  1.699835
   50  CLP   C40   c3   -0.082342 -0.183918  0.828892  1.700000  1.699835
   51  CLP   C41   c     0.883098  0.883098 -1.002556  1.700000  1.699835
   52  CLP   O11   o    -0.850868 -0.850868  0.032230  1.500000  1.479961
   53  CLP   C42   c3    0.142268  0.129712  0.083089  1.700000  1.699835
   54  CLP   C43   c3   -0.082342 -0.183918  0.828892  1.700000  1.699835
   55  CLP   C44   c     0.883098  0.883098 -1.002556  1.700000  1.699835
   56  CLP   O12   o    -0.850868 -0.850868  0.032230  1.500000  1.479961
   57  CLP   C45   ca   -0.005566 -0.005566  0.219000  1.700000  1.699835
   58  CLP   C46   ca   -0.283538 -0.171031  0.288973  1.700000  1.699835
   59  CLP   C47   ca   -0.137849  0.006165  0.230601  1.700000  1.699835
   60  CLP   C48   ca   -0.137849  0.006165  0.230601  1.700000  1.699835
   61  CLP   C49   ca    0.230002  0.230002 -0.226710  1.700000  1.699835
   62  CLP   C50   ca    0.230002  0.230002 -0.226710  1.700000  1.699835
   63  CLP   C51   ca   -0.005566 -0.005566  0.219000  1.700000  1.699835
   64  CLP   C52   ca   -0.283538 -0.171031  0.288973  1.700000  1.699835
   65  CLP   C53   ca   -0.137849  0.006165  0.230601  1.700000  1.699835
   66  CLP   C54   ca   -0.137849  0.006165  0.230601  1.700000  1.699835
   67  CLP   C55   ca    0.230002  0.230002 -0.226710  1.700000  1.699835
   68  CLP   C56   ca    0.230002  0.230002 -0.226710  1.700000  1.699835
   69  CLP   C57   ca   -0.005566 -0.005566  0.219000  1.700000  1.699835
   70  CLP   C58   ca   -0.283538 -0.171031  0.288973  1.700000  1.699835
   71  CLP   C59   ca   -0.137849  0.006165  0.230601  1.700000  1.699835
   72  CLP   C60   ca   -0.137849  0.006165  0.230601  1.700000  1.699835
   73  CLP   C61   ca    0.230002  0.230002 -0.226710  1.700000  1.699835
   74  CLP   C62   ca    0.230002  0.230002 -0.226710  1.700000  1.699835
   75  CLP   C63   ca   -0.005566 -0.005566  0.219000  1.700000  1.699835
   76  CLP   C64   ca   -0.283538 -0.171031  0.288973  1.700000  1.699835
   77  CLP   C65   ca   -0.137849  0.006165  0.230601  1.700000  1.699835
   78  CLP   C66   ca   -0.137849  0.006165  0.230601  1.700000  1.699835
   79  CLP   C67   ca    0.230002  0.230002 -0.226710  1.700000  1.699835
   80  CLP   C68   ca    0.230002  0.230002 -0.226710  1.700000  1.699835
   81  CLP   O13   os   -0.291846 -0.291846 -0.022080  1.500000  1.500006
   82  CLP   O14   os   -0.291846 -0.291846 -0.022080  1.500000  1.500006
   83  CLP   O15   os   -0.291846 -0.291846 -0.022080  1.500000  1.500006
   84  CLP   O16   os   -0.291846 -0.291846 -0.022080  1.500000  1.500006
   85  CLP   O17   os   -0.291846 -0.291846 -0.022080  1.500000  1.500006
   86  CLP   O18   os   -0.291846 -0.291846 -0.022080  1.500000  1.500006
   87  CLP   O19   os   -0.291846 -0.291846 -0.022080  1.500000  1.500006
   88  CLP   C69   ca    0.039764  0.039764 -0.212515  1.700000  1.699835
   89  CLP   C70   ca   -0.099238  0.028350 -0.087706  1.700000  1.699835
   90  CLP   C71   ca   -0.122366  0.011217  0.090745  1.700000  1.699835
   91  CLP   C72   ca   -0.099238  0.028350 -0.087706  1.700000  1.699835
   92  CLP   C73   ca   -0.155820 -0.155820  0.780593  1.700000  1.699835
   93  CLP   C74   ca    0.039764  0.039764 -0.212515  1.700000  1.699835
   94  CLP   O20   os   -0.291846 -0.291846 -0.022080  1.500000  1.500006
   95  CLP   C75   ca    0.039764  0.039764 -0.212515  1.700000  1.699835
   96  CLP   C76   ca   -0.099238  0.028350 -0.087706  1.700000  1.699835
   97  CLP   C77   ca   -0.099238  0.028350 -0.087706  1.700000  1.699835
   98  CLP   C78   ca   -0.122366  0.011217  0.090745  1.700000  1.699835
   99  CLP   C79   ca    0.039764  0.039764 -0.212515  1.700000  1.699835
  100  CLP   C80   ca   -0.155820 -0.155820  0.780593  1.700000  1.699835
  101  CLP   C81   ca    0.039764  0.039764 -0.212515  1.700000  1.699835
  102  CLP   C82   ca   -0.099238  0.028350 -0.087706  1.700000  1.699835
  103  CLP   C83   ca   -0.099238  0.028350 -0.087706  1.700000  1.699835
  104  CLP   C84   ca   -0.122366  0.011217  0.090745  1.700000  1.699835
  105  CLP   C85   ca    0.039764  0.039764 -0.212515  1.700000  1.699835
  106  CLP   C86   ca   -0.155820 -0.155820  0.780593  1.700000  1.699835
  107  CLP   C87   c     0.879713  0.879713 -0.897957  1.700000  1.699835
  108  CLP   O21   o    -0.810925 -0.810925  0.068788  1.500000  1.479961
  109  CLP   C88   c     0.879713  0.879713 -0.897957  1.700000  1.699835
  110  CLP   O22   o    -0.810925 -0.810925  0.068788  1.500000  1.479961
  111  CLP   C89   c     0.879713  0.879713 -0.897957  1.700000  1.699835
  112  CLP   O23   o    -0.810925 -0.810925  0.068788  1.500000  1.479961
  113  CLP   O24   o    -0.850868 -0.850868  0.032230  1.500000  1.479961
  114  CLP   O25   o    -0.850868 -0.850868  0.032230  1.500000  1.479961
  115  CLP   O26   o    -0.850868 -0.850868  0.032230  1.500000  1.479961
  116  CLP   C90   c     0.879713  0.879713 -0.897957  1.700000  1.699835
  117  CLP   O27   o    -0.810925 -0.810925  0.068788  1.500000  1.479961
  118  CLP   O28   o    -0.810925 -0.810925  0.068788  1.500000  1.479961
  119  CLP   O29   o    -0.810925 -0.810925  0.068788  1.500000  1.479961
  120  CLP   O30   o    -0.810925 -0.810925  0.068788  1.500000  1.479961
  121  CLP   O31   o    -0.810925 -0.810925  0.068788  1.500000  1.479961
  122  CLP   O32   o    -0.850868 -0.850868  0.032230  1.500000  1.479961
  123  CLP   C91   ca    0.039764  0.039764 -0.212515  1.700000  1.699835
  124  CLP   C92   ca   -0.099238  0.028350 -0.087706  1.700000  1.699835
  125  CLP   C93   ca   -0.122366  0.011217  0.090745  1.700000  1.699835
  126  CLP   C94   ca   -0.099238  0.028350 -0.087706  1.700000  1.699835
  127  CLP   C95   ca   -0.155820 -0.155820  0.780593  1.700000  1.699835
  128  CLP   C96   ca    0.039764  0.039764 -0.212515  1.700000  1.699835
  129  CLP   H1    ha    0.143125  0.143125  0.143125  1.300000  1.299821
  130  CLP   H2    ha    0.194665  0.194665  0.194665  1.300000  1.299821
  131  CLP   H3    hc    0.122328  0.122328  0.122328  1.300000  1.324766
  132  CLP   H4    h2    0.144089  0.144089  0.144089  1.300000  1.146587
  133  CLP   H5    ha    0.143125  0.143125  0.143125  1.300000  1.299821
  134  CLP   H6    ha    0.194665  0.194665  0.194665  1.300000  1.299821
  135  CLP   H7    hc    0.122328  0.122328  0.122328  1.300000  1.324766
  136  CLP   H8    h2    0.144089  0.144089  0.144089  1.300000  1.146587
  137  CLP   H9    hc    0.122328  0.122328  0.122328  1.300000  1.324766
  138  CLP   H10   ha    0.194665  0.194665  0.194665  1.300000  1.299821
  139  CLP   H11   ha    0.194665  0.194665  0.194665  1.300000  1.299821
  140  CLP   H12   h2    0.144089  0.144089  0.144089  1.300000  1.146587
  141  CLP   H13   ha    0.143125  0.143125  0.143125  1.300000  1.299821
  142  CLP   H14   ha    0.143125  0.143125  0.143125  1.300000  1.299821
  143  CLP   H15   hc    0.122328  0.122328  0.122328  1.300000  1.324766
  144  CLP   H16   h2    0.144089  0.144089  0.144089  1.300000  1.146587
  145  CLP   H17   hc   -0.006278 -0.006278 -0.006278  1.300000  1.324766
  146  CLP   H18   hc   -0.006278 -0.006278 -0.006278  1.300000  1.324766
  147  CLP   H19   hc   -0.050788 -0.050788 -0.050788  1.300000  1.324766
  148  CLP   H20   hc   -0.050788 -0.050788 -0.050788  1.300000  1.324766
  149  CLP   H21   hc   -0.006278 -0.006278 -0.006278  1.300000  1.324766
  150  CLP   H22   hc   -0.006278 -0.006278 -0.006278  1.300000  1.324766
  151  CLP   H23   hc   -0.050788 -0.050788 -0.050788  1.300000  1.324766
  152  CLP   H24   hc   -0.050788 -0.050788 -0.050788  1.300000  1.324766
  153  CLP   H25   hc   -0.006278 -0.006278 -0.006278  1.300000  1.324766
  154  CLP   H26   hc   -0.006278 -0.006278 -0.006278  1.300000  1.324766
  155  CLP   H27   hc   -0.050788 -0.050788 -0.050788  1.300000  1.324766
  156  CLP   H28   hc   -0.050788 -0.050788 -0.050788  1.300000  1.324766
  157  CLP   H29   hc   -0.006278 -0.006278 -0.006278  1.300000  1.324766
  158  CLP   H30   hc   -0.006278 -0.006278 -0.006278  1.300000  1.324766
  159  CLP   H31   hc   -0.050788 -0.050788 -0.050788  1.300000  1.324766
  160  CLP   H32   hc   -0.050788 -0.050788 -0.050788  1.300000  1.324766
  161  CLP   H33   ha    0.112507  0.112507  0.112507  1.300000  1.299821
  162  CLP   H34   ha    0.144014  0.144014  0.144014  1.300000  1.299821
  163  CLP   H35   ha    0.144014  0.144014  0.144014  1.300000  1.299821
  164  CLP   H36   ha    0.112507  0.112507  0.112507  1.300000  1.299821
  165  CLP   H37   ha    0.144014  0.144014  0.144014  1.300000  1.299821
  166  CLP   H38   ha    0.144014  0.144014  0.144014  1.300000  1.299821
  167  CLP   H39   ha    0.112507  0.112507  0.112507  1.300000  1.299821
  168  CLP   H40   ha    0.144014  0.144014  0.144014  1.300000  1.299821
  169  CLP   H41   ha    0.144014  0.144014  0.144014  1.300000  1.299821
  170  CLP   H42   ha    0.112507  0.112507  0.112507  1.300000  1.299821
  171  CLP   H43   ha    0.144014  0.144014  0.144014  1.300000  1.299821
  172  CLP   H44   ha    0.144014  0.144014  0.144014  1.300000  1.299821
  173  CLP   H45   ha    0.127588  0.127588  0.127588  1.300000  1.299821
  174  CLP   H46   ha    0.133583  0.133583  0.133583  1.300000  1.299821
  175  CLP   H47   ha    0.127588  0.127588  0.127588  1.300000  1.299821
  176  CLP   H48   ha    0.127588  0.127588  0.127588  1.300000  1.299821
  177  CLP   H49   ha    0.127588  0.127588  0.127588  1.300000  1.299821
  178  CLP   H50   ha    0.133583  0.133583  0.133583  1.300000  1.299821
  179  CLP   H51   ha    0.127588  0.127588  0.127588  1.300000  1.299821
  180  CLP   H52   ha    0.127588  0.127588  0.127588  1.300000  1.299821
  181  CLP   H53   ha    0.133583  0.133583  0.133583  1.300000  1.299821
  182  CLP   H54   ha    0.127588  0.127588  0.127588  1.300000  1.299821
  183  CLP   H55   ha    0.133583  0.133583  0.133583  1.300000  1.299821
  184  CLP   H56   ha    0.127588  0.127588  0.127588  1.300000  1.299821

 total system charges (+/-) for PB       -8.0000       15.9363      -23.9363
 cavity_surften =        0.0050 cavity_offset =        0.0000

   SAS Surface: surface dots generated:    366

--------------------------------------------------------------------------------
   3.  ATOMIC COORDINATES AND VELOCITIES
--------------------------------------------------------------------------------

Cpptraj Generated Restart                                                       
 begin time read from input coords =  1051.000 ps

 Number of triangulated 3-point waters found:        0

--------------------------------------------------------------------------------
   4.  RESULTS
--------------------------------------------------------------------------------

  NB-update: atom-based nb list     8502


======== Setting up Grid Parameters ========
Using bounding box for grid setup
 Bounding Box at level:           2
 Bounding Box Center:      22.500    22.500    22.500
 Xmin, Xmax, Xmax-Xmin:    12.428    32.308    19.880
 Ymin, Ymax, Ymax-Ymin:    13.996    31.192    17.196
 Zmin, Zmax, Zmax-Zmin:    11.961    32.718    20.758
 Grid dimension at level     2    59   53   61
 Grid origin corrected at level     2      7.500     9.000     7.000
 Bounding Box at level:           1
 Bounding Box Center:      22.500    22.500    22.500
 Xmin, Xmax, Xmax-Xmin:    12.428    32.308    19.880
 Ymin, Ymax, Ymax-Ymin:    13.996    31.192    17.196
 Zmin, Zmax, Zmax-Zmin:    11.961    32.718    20.758
PB Warn in setgrd(): focusing grid too large    2
 fillratio is automatically increased to 2.500
 Grid dimension at level     1    13   13   15
 Grid origin corrected at level     1     -5.500    -5.500    -9.500
------- VMD goodie --------
#First Level Geometric Box
draw materials off
draw color green
draw line "   -5.500   -5.500   -9.500" "   46.500   -5.500   -9.500"
draw line "   -5.500   -5.500   -9.500" "   -5.500   46.500   -9.500"
draw line "   -5.500   -5.500   -9.500" "   -5.500   -5.500   50.500"
draw line "   46.500   -5.500   -9.500" "   46.500   46.500   -9.500"
draw line "   46.500   -5.500   -9.500" "   46.500   -5.500   50.500"
draw line "   -5.500   46.500   -9.500" "   46.500   46.500   -9.500"
draw line "   -5.500   46.500   -9.500" "   -5.500   46.500   50.500"
draw line "   -5.500   -5.500   50.500" "   46.500   -5.500   50.500"
draw line "   -5.500   -5.500   50.500" "   -5.500   46.500   50.500"
draw line "   46.500   46.500   50.500" "   46.500   46.500   -9.500"
draw line "   46.500   46.500   50.500" "   -5.500   46.500   50.500"
draw line "   46.500   46.500   50.500" "   46.500   -5.500   50.500"
#2nd Level Geometric Box
draw color blue
draw line "    7.500    9.000    7.000" "   37.500    9.000    7.000"
draw line "    7.500    9.000    7.000" "    7.500   36.000    7.000"
draw line "    7.500    9.000    7.000" "    7.500    9.000   38.000"
draw line "   37.500    9.000    7.000" "   37.500   36.000    7.000"
draw line "   37.500    9.000    7.000" "   37.500    9.000   38.000"
draw line "    7.500   36.000    7.000" "   37.500   36.000    7.000"
draw line "    7.500   36.000    7.000" "    7.500   36.000   38.000"
draw line "    7.500    9.000   38.000" "   37.500    9.000   38.000"
draw line "    7.500    9.000   38.000" "    7.500   36.000   38.000"
draw line "   37.500   36.000   38.000" "   37.500   36.000    7.000"
draw line "   37.500   36.000   38.000" "    7.500   36.000   38.000"
draw line "   37.500   36.000   38.000" "   37.500    9.000   38.000"
--- End VMD goodie --------

======== Setting up Solvent Accessibility Data ========
Setting up working radii
Number of SA srf points exposed  5966
 Number of SA arcs generated  3571
 Number of SA arc points exposed        4188 Number of trimer arc points exposed         434
 with resolution (A) = .250000E+00

Atomic solvent accessible surface area:
           1    0.6599061289836
           2    3.9594367739014
           3    0.9898591934753
           4    4.6193429028849
           5    6.2691082253438
           6    0.3299530644918
           7    5.7750369872547
           8    0.0000000000000
           9    0.0000000000000
          10    4.3312777404410
          11    2.6396245159342
          12    0.0000000000000
          13    0.6599061289836
          14    5.9391551608520
          15    1.9797183869507
          16    3.2995306449178
          17    8.6625554808820
          18    0.0000000000000
          19    0.0000000000000
          20    3.2995306449178
          21    0.0000000000000
          22    8.9513073302448
          23   10.9725702757839
          24    0.0000000000000
          25    0.0000000000000
          26    2.5987666442646
          27    0.3299530644918
          28    6.2691082253438
          29    2.6396245159342
          30    3.9594367739014
          31    3.6294837094096
          32    9.8175628783330
          33    8.3738036315193
          34    0.0000000000000
          35    0.9898591934753
          36    0.3299530644918
          37    0.6599061289836
          38    0.0000000000000
          39    0.0000000000000
          40    0.3299530644918
          41    0.0000000000000
          42    0.0000000000000
          43    4.6193429028849
          44   28.5864330869107
          45    0.3299530644918
          46    0.9898591934753
          47    5.6092020963603
          48   42.7352737056846
          49    0.0000000000000
          50    0.9898591934753
          51    8.9087327412781
          52   40.4252589107828
          53    0.0000000000000
          54    0.6599061289836
          55    5.2792490318685
          56   25.6989145932833
          57    3.2995306449178
          58    7.2589674188192
          59    5.2792490318685
          60    3.9594367739014
          61    4.6193429028849
          62    3.6294837094096
          63    3.2995306449178
          64    9.8985919347534
          65    4.2893898383931
          66    3.9594367739014
          67    3.6294837094096
          68    3.9594367739014
          69    4.2893898383931
          70    7.9188735478027
          71    5.2792490318685
          72    5.2792490318685
          73    2.9695775804260
          74    3.2995306449178
          75    5.2792490318685
          76    9.5686388702616
          77    5.9391551608520
          78    5.9391551608520
          79    3.2995306449178
          80    3.6294837094096
          81    9.5288110289702
          82   10.6838184264212
          83   12.4163295225976
          84   11.2613221251466
          85    7.5075480834311
          86    8.9513073302448
          87    8.6625554808820
          88    3.6294837094096
          89    6.5990612898356
          90    6.9290143543274
          91    4.9492959673767
          92    2.6396245159342
          93    5.6092020963603
          94   11.5500739745094
          95    3.9594367739014
          96    5.6092020963603
          97    5.2792490318685
          98    5.6092020963603
          99    3.2995306449178
         100    2.6396245159342
         101    4.9492959673767
         102    8.2488266122945
         103    4.9492959673767
         104    5.2792490318685
         105    1.9797183869507
         106    2.3096714514425
         107    9.5686388702616
         108   41.5802663082337
         109    9.5686388702616
         110   40.7140107601455
         111    9.8985919347534
         112   40.1365070614200
         113   43.3127774044101
         114   46.4890477474002
         115   29.7414404843616
         116    6.2691082253438
         117   36.3827330197045
         118   39.8477552120573
         119   40.1365070614200
         120   41.0027626095082
         121   40.7140107601455
         122   34.9389737728908
         123    3.2995306449178
         124    7.5889204833109
         125    6.9290143543274
         126    8.2488266122945
         127    4.9492959673767
         128    2.6396245159342
         129    0.0000000000000
         130    1.0011895276358
         131    0.7508921457269
         132    9.2610031306314
         133    0.0000000000000
         134    4.0047581105433
         135    7.5089214572687
         136    5.7568397839060
         137    2.0023790552717
         138    3.5041633467254
         139    0.2502973819090
         140    6.7580293115418
         141    0.0000000000000
         142    0.0000000000000
         143    6.5077319296329
         144    6.5077319296329
         145    1.0011895276358
         146   14.5172481507195
         147   20.5243853165345
         148    5.7568397839060
         149   11.5136795678120
         150    7.0083266934508
         151   11.0130848039941
         152   27.0321172461674
         153   15.5184376783554
         154    7.7592188391777
         155   20.7746826984435
         156    7.7592188391777
         157   13.0154638592658
         158    1.2514869095448
         159    6.0071371658150
         160   20.0237905527166
         161   27.5327120099853
         162    3.0035685829075
         163    1.0011895276358
         164   26.2812251004405
         165    0.0000000000000
         166    0.0000000000000
         167   26.2812251004405
         168    2.0023790552717
         169    0.2502973819090
         170   25.7806303366226
         171    2.7532712009985
         172    0.7508921457269
         173   11.0130848039941
         174   21.5255748441703
         175   18.0214114974449
         176   13.7663560049927
         177   20.7746826984435
         178   19.2728984069897
         179   17.7711141155360
         180   20.2740879346255
         181   17.5208167336270
         182   15.0178429145374
         183   14.7675455326285
         184   22.5267643718062

 ======== FDPB Summary ========

 Do FDPB every           1 steps
 Nonbonded Update
   residue cutoff is set to   99.9000000000000
   fdpb cutoff is set to    5.0000000000000
   sas cutoff is set to    9.0000000000000
   nonbonded cutoff is set to    0.0000000000000
 Grid Constants
   Grid dimension      13      13      15
   Grid spacing set to     4.000
   Grid boundary
        -5.500    50.500
        -5.500    50.500
        -9.500    54.500

 Dielectric Map
   Use cavity radii in the prmtop file

   Use probe-based SES definition
     Compute SAS/SAR every           1 steps
     Solvent probe radius   1.40000000000000
     Surface dots per atom     366
     Buried atom radii increment   0.79800000000000
     Threshhold for exposed atom   0.08000000000000
     Current SAS1679.03672574733355

 Boundary conditions
   sum of grid charges as independent DH spheres

 Physical constants
   Solute dielectric constant  :   1.00000000000000
   Solvent dielectric constant :   80.0000000000000
   Temperature (K)             :   300.000000000000
   Ionic strength (mM)         :   0.00000000000000
   Debye-Huckel parameter (1/A):   0.00000000000000

FD Solver Option
   Use Modified ICCG solver

 Iteration data
   Maximum iterations  :         100
   Convergence criteria:  1.000000000000000E-03
   Iterations required        :     7
   Norm of the constant vector:      4098.1500566553
   Norm of the residual vector:      3.6837049308967
   Convergence achieved       :  8.9887019264080876E-04

 Total molecular surface   1219.4062

 ======== FDPB Summary ========

 Do FDPB every           1 steps
 Nonbonded Update
   residue cutoff is set to   99.9000000000000
   fdpb cutoff is set to    5.0000000000000
   sas cutoff is set to    9.0000000000000
   nonbonded cutoff is set to    0.0000000000000
 Grid Constants
   Grid dimension      59      53      61
   Grid spacing set to     0.500
   Grid boundary
         7.500    37.500
         9.000    36.000
         7.000    38.000

 Dielectric Map
   Use cavity radii in the prmtop file

   Use probe-based SES definition
     Compute SAS/SAR every           1 steps
     Solvent probe radius   1.40000000000000
     Surface dots per atom     366
     Buried atom radii increment   0.79800000000000
     Threshhold for exposed atom   0.08000000000000
     Current SAS1679.03672574733355

 Boundary conditions
   sum of grid charges as independent DH spheres

 Physical constants
   Solute dielectric constant  :   1.00000000000000
   Solvent dielectric constant :   80.0000000000000
   Temperature (K)             :   300.000000000000
   Ionic strength (mM)         :   0.00000000000000
   Debye-Huckel parameter (1/A):   0.00000000000000

FD Solver Option
   Use Modified ICCG solver

 Iteration data
   Maximum iterations  :         100
   Convergence criteria:  1.000000000000000E-03
   Iterations required        :    25
   Norm of the constant vector:    267971.1902140177
   Norm of the residual vector:    227.8614314922898
   Convergence achieved       :  8.5032063077492080E-04

 Total surface charge       7.9000
 Reaction field energy  -1382.9906
 Nonpolar SAS/SAV   1679.0367      0.0000
 Cavity solvation energy      8.3952

 NSTEP =        1   TIME(PS) =       0.000  TEMP(K) =     0.00  PRESS =     0.0
 Etot   =      -733.3951  EKtot   =         0.0000  EPtot      =         0.0000
 BOND   =         0.0000  ANGLE   =         0.0000  DIHED      =         0.0000
 1-4 NB =         0.0000  1-4 EEL =         0.0000  VDWAALS    =       -41.3311
 EELEC  =       682.5314  EPB     =     -1382.9906  RESTRAINT  =         0.0000
 ECAVITY=         8.3952  EDISPER =         0.0000
 ------------------------------------------------------------------------------



  Maximum number of minimization cycles reached.


                    FINAL RESULTS


 NSTEP =        1   TIME(PS) =       0.000  TEMP(K) =     0.00  PRESS =     0.0
 Etot   =      -733.3951  EKtot   =         0.0000  EPtot      =         0.0000
 BOND   =         0.0000  ANGLE   =         0.0000  DIHED      =         0.0000
 1-4 NB =         0.0000  1-4 EEL =         0.0000  VDWAALS    =       -41.3311
 EELEC  =       682.5314  EPB     =     -1382.9906  RESTRAINT  =         0.0000
 ECAVITY=         8.3952  EDISPER =         0.0000
 ------------------------------------------------------------------------------


--------------------------------------------------------------------------------
   5.  TIMINGS
--------------------------------------------------------------------------------

| Total time                     0.25
| Read prm/crd time              0.00
| Force time                     0.24
| Nonbond force                  0.24
| PB Nonbond                     0.24
| PB FD grid                     0.00
| PB Sasa                        0.02
| PB FD force                    0.24
| PB Set linear sys              0.08
| PB Solver                      0.16
| PB SA srf                      0.00
| PB SA arc                      0.02
| PB SA arc setup                0.00
| PB circle                      0.01
| PB exclude                     0.01
| PB exmol                       0.07
| PB exmol setup                 0.01
| PB exmol part a                0.00
| PB exmol part b                0.01
| PB exmol part c                0.00
| PB exmol part d                0.00
| PB exmol part e                0.00
| PB exmol part f                0.03
| PB epsmap                      0.00
|           Job began  at 11:37:50.603  on 09/12/2021
|           Setup done at 11:37:50.607  on 09/12/2021
|           Run   done at 11:37:50.854  on 09/12/2021
|     wallclock() was called     110 times
