            --------------------------------------------------------
                             AMBER SQM VERSION 19
 
                                     By
              Ross C. Walker, Michael F. Crowley, Scott Brozell,
                         Tim Giese, Andreas W. Goetz,
                        Tai-Sung Lee and David A. Case
 
            --------------------------------------------------------
 

--------------------------------------------------------------------------------
  QM CALCULATION INFO
--------------------------------------------------------------------------------

| QMMM: Citation for AMBER QMMM Run:
| QMMM: R.C. Walker, M.F. Crowley and D.A. Case, J. COMP. CHEM. 29:1019, 2008

QMMM: SINGLET STATE CALCULATION
QMMM: RHF CALCULATION, NO. OF DOUBLY OCCUPIED LEVELS = 87

| QMMM: *** Selected Hamiltonian *** 
| QMMM: AM1         

| QMMM: *** Parameter sets in use ***
| QMMM: P : M.J.S.DEWAR et al. THEOCHEM, 187,1, (1989)
| QMMM: O : M.J.S.DEWAR et al. JACS, 107, 3902, (1985)
| QMMM: C : M.J.S.DEWAR et al. JACS, 107, 3902, (1985)
| QMMM: N : M.J.S.DEWAR et al. JACS, 107, 3902, (1985)
| QMMM: H : M.J.S.DEWAR et al. JACS, 107, 3902, (1985)

| QMMM: *** SCF convergence criteria ***
| QMMM: Energy change                :  0.1D-09 kcal/mol
| QMMM: Error matrix |FP-PF|         :  0.1D+00 au
| QMMM: Density matrix change        :  0.5D-06
| QMMM: Maximum number of SCF cycles :     1000

| QMMM: *** Diagonalization Routine Information ***
| QMMM: Pseudo diagonalizations are allowed.
| QMMM: Auto diagonalization routine selection is in use.
| QMMM:
| QMMM: Timing diagonalization routines:
| QMMM:                              norbs =      140
| QMMM:    diag iterations used for timing =       10
| QMMM:
| QMMM:              Internal diag routine = 0.040318 seconds
| QMMM:                 Dspev diag routine = 5.911441 seconds
| QMMM:                Dspevd diag routine = 3.956682 seconds
| QMMM:                Dspevx diag routine = 2.561204 seconds
| QMMM:                 Dsyev diag routine = 6.403554 seconds
| QMMM:                Dsyevd diag routine = 2.846370 seconds
| QMMM:                Dsyevr diag routine = 1.045187 seconds
| QMMM:
| QMMM:                Pseudo diag routine = 0.023718 seconds
| QMMM:
| QMMM: Using internal diagonalization routine (diag_routine=1).

  QMMM: QM Region Cartesian Coordinates (*=link atom) 
  QMMM: QM_NO.   MM_NO.  ATOM         X         Y         Z
  QMMM:     1        1      P       37.4190   -2.8450   23.1360
  QMMM:     2        2      O       38.1360   -2.3590   24.5060
  QMMM:     3        3      O       36.0060   -2.4110   22.9660
  QMMM:     4        4      O       38.4510   -2.3190   22.0040
  QMMM:     5        5      P       38.9230   -5.4050   22.8320
  QMMM:     6        6      O       38.6870   -6.8660   22.9850
  QMMM:     7        7      O       40.0870   -4.7880   23.7770
  QMMM:     8        8      O       37.6390   -4.4590   23.1610
  QMMM:     9        9      O       39.3820   -4.9320   21.3520
  QMMM:    10       10      C       38.4320   -4.8540   20.3140
  QMMM:    11       11      C       37.9680   -6.1910   19.7180
  QMMM:    12       12      O       36.9540   -5.8220   18.8050
  QMMM:    13       13      C       38.9830   -6.8970   18.8290
  QMMM:    14       14      O       39.7670   -7.8500   19.5190
  QMMM:    15       15      C       38.1360   -7.5420   17.7370
  QMMM:    16       16      O       37.7300   -8.8470   18.1300
  QMMM:    17       17      P       37.1250   -9.9130   17.0580
  QMMM:    18       18      O       35.8570   -9.1330   16.4300
  QMMM:    19       19      O       38.2110   -9.8660   15.8570
  QMMM:    20       20      O       36.8250  -11.2720   17.5800
  QMMM:    21       21      C       36.8960   -6.6420   17.7060
  QMMM:    22       22      N       36.7890   -5.7890   16.4760
  QMMM:    23       23      C       36.0490   -6.0710   15.3520
  QMMM:    24       24      N       36.0430   -5.1610   14.4210
  QMMM:    25       25      C       36.8220   -4.1510   14.9560
  QMMM:    26       26      C       37.1860   -2.8610   14.5070
  QMMM:    27       27      N       36.7890   -2.3650   13.3320
  QMMM:    28       28      N       37.9660   -2.0950   15.3000
  QMMM:    29       29      C       38.3930   -2.5840   16.4660
  QMMM:    30       30      N       38.1400   -3.7750   17.0190
  QMMM:    31       31      C       37.3280   -4.5380   16.2290
  QMMM:    32       32      H       38.9580   -1.9200   24.3450
  QMMM:    33       33      H       38.0160   -2.0310   21.2120
  QMMM:    34       34      H       40.8060   -4.4180   23.2870
  QMMM:    35       35      H       38.1060   -9.1410   15.2530
  QMMM:    36       36      H       38.8090   -4.1930   19.5410
  QMMM:    37       37      H       37.5680   -4.3440   20.7200
  QMMM:    38       38      H       37.5400   -6.8630   20.4620
  QMMM:    39       39      H       39.6360   -6.1520   18.3790
  QMMM:    40       40      H       39.2070   -8.5760   19.7510
  QMMM:    41       41      H       38.6450   -7.5510   16.7730
  QMMM:    42       42      H       35.6450   -9.4140   15.5450
  QMMM:    43       43      H       35.9490   -7.1720   17.7570
  QMMM:    44       44      H       35.4780   -6.9760   15.2530
  QMMM:    45       45      H       37.1110   -1.4530   13.0370
  QMMM:    46       46      H       36.1640   -2.8970   12.7390
  QMMM:    47       47      H       39.0180   -1.9190   17.0440

--------------------------------------------------------------------------------
  RESULTS
--------------------------------------------------------------------------------

      iter         sqm energy              rms gradient
      ----    -------------------    -----------------------
xmin    10     -751.9527 kcal/mol        1.2576 kcal/(mol*A)
xmin    20     -755.8100 kcal/mol        0.5171 kcal/(mol*A)
xmin    30     -759.0720 kcal/mol        0.6005 kcal/(mol*A)
xmin    40     -760.2727 kcal/mol        0.3696 kcal/(mol*A)
xmin    50     -760.4630 kcal/mol        0.1879 kcal/(mol*A)
xmin    60     -760.6002 kcal/mol        0.2305 kcal/(mol*A)
xmin    70     -760.7913 kcal/mol        0.1142 kcal/(mol*A)
xmin    80     -760.8411 kcal/mol        0.1210 kcal/(mol*A)
xmin    90     -760.8739 kcal/mol        0.2487 kcal/(mol*A)
xmin   100     -760.8868 kcal/mol        0.0568 kcal/(mol*A)
xmin   110     -760.9031 kcal/mol        0.1088 kcal/(mol*A)
xmin   120     -760.9092 kcal/mol        0.0640 kcal/(mol*A)
xmin   130     -760.9130 kcal/mol        0.0220 kcal/(mol*A)
xmin   140     -760.9143 kcal/mol        0.0253 kcal/(mol*A)
xmin   150     -760.9156 kcal/mol        0.0304 kcal/(mol*A)
xmin   160     -760.9163 kcal/mol        0.0072 kcal/(mol*A)
xmin   170     -760.9164 kcal/mol        0.0009 kcal/(mol*A)
xmin   180     -760.9164 kcal/mol        0.0010 kcal/(mol*A)
xmin   190     -760.9164 kcal/mol        0.0008 kcal/(mol*A)
  ... geometry converged !
 
 Final MO eigenvalues (eV):
 -42.4972  -41.4568  -39.4586  -39.2103  -38.7546  -38.4493  -38.1741  -37.7960
 -37.6727  -37.3549  -37.3487  -36.8863  -36.6580  -35.1382  -35.0878  -35.0364
 -34.3650  -32.7730  -31.8679  -30.5666  -29.7145  -26.8956  -24.9137  -24.7335
 -23.6537  -23.4735  -22.8959  -22.1746  -21.7764  -20.9084  -20.3475  -20.2347
 -20.1309  -20.0113  -19.8828  -19.4285  -19.2558  -18.9773  -18.1188  -17.9388
 -17.7210  -17.3928  -17.0971  -16.9271  -16.7584  -16.5645  -16.3656  -16.1824
 -16.0855  -16.0136  -15.8332  -15.7365  -15.4358  -15.3980  -15.2129  -15.1319
 -14.9496  -14.9026  -14.6998  -14.6648  -14.5468  -14.3704  -14.2204  -14.2045
 -14.1331  -14.0905  -13.9729  -13.7095  -13.4574  -13.2089  -13.1791  -13.1075
 -12.7834  -12.4480  -12.3955  -12.2626  -12.2046  -12.1786  -12.1764  -12.0761
 -11.8375  -11.6086  -11.3793  -11.1613  -10.6783  -10.3292   -9.0426   -0.4440
  -0.0136    0.0634    0.2266    0.7863    1.1599    1.3901    1.9204    1.9446
   2.0676    2.3669    2.4798    2.5440    2.5759    2.6880    2.8562    2.8820
   2.9542    3.0094    3.0906    3.2126    3.3028    3.3722    3.3805    3.4563
   3.4767    3.5442    3.6629    3.6786    3.9477    4.1166    4.2270    4.2812
   4.3418    4.4383    4.7476    4.8486    5.1484    5.1694    5.2525    5.4473
   5.5425    5.7441    5.7500    5.8593    5.8760    6.0220    6.0563    6.1058
   6.4669    6.8715    6.9176    7.1076

 Heat of formation   =       -760.91639412 kcal/mol  (      -32.99581085 eV)

 Total SCF energy    =    -163647.72549358 kcal/mol  (    -7096.29788359 eV)
 Electronic energy   =   -1222295.32141795 kcal/mol  (   -53002.70245947 eV)
 Core-core repulsion =    1058647.59592437 kcal/mol  (    45906.40457588 eV)
 
    Atomic Charges for Step       1 :
  Atom    Element       Mulliken Charge
     1      P                  2.788
     2      O                 -0.795
     3      O                 -1.088
     4      O                 -0.845
     5      P                  2.778
     6      O                 -1.078
     7      O                 -0.800
     8      O                 -1.280
     9      O                 -0.781
    10      C                  0.006
    11      C                 -0.023
    12      O                 -0.269
    13      C                  0.013
    14      O                 -0.304
    15      C                  0.029
    16      O                 -0.727
    17      P                  2.630
    18      O                 -0.841
    19      O                 -0.794
    20      O                 -1.049
    21      C                  0.150
    22      N                 -0.208
    23      C                 -0.035
    24      N                 -0.108
    25      C                 -0.242
    26      C                  0.245
    27      N                 -0.349
    28      N                 -0.261
    29      C                  0.034
    30      N                 -0.243
    31      C                  0.074
    32      H                  0.292
    33      H                  0.290
    34      H                  0.293
    35      H                  0.295
    36      H                  0.117
    37      H                  0.120
    38      H                  0.124
    39      H                  0.160
    40      H                  0.219
    41      H                  0.136
    42      H                  0.292
    43      H                  0.145
    44      H                  0.207
    45      H                  0.242
    46      H                  0.250
    47      H                  0.193
 Total Mulliken Charge =      -0.000
 
                  X        Y        Z     TOTAL  
  QM DIPOLE     1.751   -0.238   -2.718    3.242
 
 Final Structure

  QMMM: QM Region Cartesian Coordinates (*=link atom) 
  QMMM: QM_NO.   MM_NO.  ATOM         X         Y         Z
  QMMM:     1        1      P       39.3463   -1.7072   22.5257
  QMMM:     2        2      O       39.1649   -1.1663   23.9982
  QMMM:     3        3      O       39.1764   -0.8627   21.3683
  QMMM:     4        4      O       40.7976   -2.3445   22.6574
  QMMM:     5        5      P       37.5408   -4.3652   22.5818
  QMMM:     6        6      O       36.1279   -4.1894   22.8179
  QMMM:     7        7      O       38.4057   -5.2790   23.5406
  QMMM:     8        8      O       38.4480   -3.0387   22.5886
  QMMM:     9        9      O       37.9707   -4.9992   21.1786
  QMMM:    10       10      C       36.9892   -5.2329   20.1933
  QMMM:    11       11      C       37.0108   -6.7189   19.8185
  QMMM:    12       12      O       35.9914   -6.9565   18.8438
  QMMM:    13       13      C       38.3646   -7.1678   19.2370
  QMMM:    14       14      O       38.9357   -8.2117   19.9850
  QMMM:    15       15      C       38.0731   -7.5704   17.7693
  QMMM:    16       16      O       38.2806   -8.9517   17.6086
  QMMM:    17       17      P       39.3185   -9.4848   16.5067
  QMMM:    18       18      O       38.6748   -8.9764   15.1395
  QMMM:    19       19      O       40.5104   -8.4374   16.5466
  QMMM:    20       20      O       39.5629  -10.9106   16.5326
  QMMM:    21       21      C       36.5488   -7.2921   17.5636
  QMMM:    22       22      N       36.2369   -6.2899   16.5786
  QMMM:    23       23      C       34.9934   -6.2371   15.8816
  QMMM:    24       24      N       34.8291   -5.1295   15.1530
  QMMM:    25       25      C       35.9854   -4.3654   15.3818
  QMMM:    26       26      C       36.4130   -3.0871   14.8897
  QMMM:    27       27      N       35.6426   -2.3961   13.9949
  QMMM:    28       28      N       37.6246   -2.5868   15.3171
  QMMM:    29       29      C       38.3485   -3.3462   16.1758
  QMMM:    30       30      N       38.0769   -4.5631   16.7102
  QMMM:    31       31      C       36.8756   -5.0662   16.3004
  QMMM:    32       32      H       39.5258   -1.6890   24.7110
  QMMM:    33       33      H       41.4008   -2.2673   21.9240
  QMMM:    34       34      H       39.2344   -5.6171   23.2069
  QMMM:    35       35      H       40.5995   -7.8424   15.8025
  QMMM:    36       36      H       37.2464   -4.6095   19.2929
  QMMM:    37       37      H       35.9734   -4.9487   20.5868
  QMMM:    38       38      H       36.7306   -7.3512   20.7063
  QMMM:    39       39      H       39.1185   -6.3332   19.2822
  QMMM:    40       40      H       38.3677   -8.9902   19.8937
  QMMM:    41       41      H       38.7274   -7.0052   17.0539
  QMMM:    42       42      H       38.3501   -9.6192   14.5155
  QMMM:    43       43      H       36.0086   -8.2405   17.2565
  QMMM:    44       44      H       34.2751   -7.0632   15.9553
  QMMM:    45       45      H       35.8993   -1.4831   13.7103
  QMMM:    46       46      H       34.7387   -2.7387   13.7812
  QMMM:    47       47      H       39.3136   -2.8936   16.4943

           --------- Calculation Completed ----------

