
          -------------------------------------------------------
          PBSA VERSION 2019                       UC Irvine
          -------------------------------------------------------

| Run on 09/29/2021 at 22:28:52

File Assignments:
|  MDIN: ../../../scripts/pbsa.in                                              
| MDOUT: guest-pb.out                                                          
|INPCRD: guest.crd                                                             
|  PARM: guest.prmtop                                                          
|

 Here is the input file:

Sample single point PB calculation                                             
&cntrl                                                                         
ipb=1, inp=1                                                                   
/                                                                              
&pb                                                                            
npbverb=1, fillratio=1.5, saopt=1, radiopt=0, epsin=1.0, epsout=80             
/                                                                              
 PBSA Warning in pb_read(): sprob=0.557 is optimized for inp=2 and  should not be used with inp=1. It has been reset to 1.4.
 PBSA Warning in pb_read(): cavity_surften=0.0378 is optimized for inp=2  and should not be used with inp=1. It has been reset to 0.005000.
 PBSA Warning in pb_read(): cavity_offset=-0.5692 is optimized for inp=2  and should not be used with inp=1. It has been reset to 0.000.

--------------------------------------------------------------------------------
   1.  RESOURCE   USE: 
--------------------------------------------------------------------------------

| Flags:                                                                        
| New format PARM file being parsed.
| Version =    1.000 Date = 09/29/21 Time = 22:19:40
 NATOM  =      17 NTYPES =       5 NBONH =       9 MBONA  =       7
 NTHETH =      20 MTHETA =       7 NPHIH =      29 MPHIA  =       6
 NHPARM =       0 NPARM  =       0 NNB   =      76 NRES   =       1
 NBONA  =       7 NTHETA =       7 NPHIA =       6 NUMBND =       8
 NUMANG =      13 NPTRA  =       7 NATYP =      15 NPHB   =       0
 IFBOX  =       1 NMXRS  =      17 IFCAP =       0 NEXTRA =       0
 NCOPY  =       0


|     Memory Use     Allocated
|     Real                 667
|     Hollerith             54
|     Integer            20580
|     Max Pairs              1
|     Max Rstack             1
|     Max Istack             1
|       Total               85 kbytes

     BOX TYPE: RECTILINEAR

--------------------------------------------------------------------------------
   2.  CONTROL  DATA  FOR  THE  RUN
--------------------------------------------------------------------------------

HST1                                                                            

General flags:
     imin    =       1, nmropt  =       0

Nature and format of input:
     ntx     =       1, irest   =       0, ntrx    =       1

Nature and format of output:
     ntxo    =       1, ntpr    =      50, ntrx    =       1, ntwr    =     500
     iwrap   =       0, ntwx    =       0, ntwv    =       0, ntwe    =       0
     ioutfm  =       0, ntwprt  =       0, idecomp =       0, rbornstat=      0

Potential function:
     ntf     =       1, ntb     =       1, ipb     =       1, nsnb    =      25
     ipol    =       0, gbsa    =       0, iesp    =       0
     dielc   =   1.00000, cut     =   8.00000, intdiel =   1.00000

Frozen or restrained atoms:
     ibelly  =       0, ntr     =       0

Energy minimization:
     maxcyc  =       1, ncyc    =      10, ntmin   =       1
     dx0     =   0.01000, drms    =   0.00010

======== Implicit Solvent Initialization ========

     Max Nonbonded Pairs:      145      145

 no. of atoms processed in PB initialization:    17
  NUM  RESI  NAME  TYPE    CHARGE ATM CRG/H   GRP CRG   PB RADI   NP RADI
    1  GST   C1    ce   -0.185404 -0.090810  0.705872  1.700000  1.699835
    2  GST   C2    c2   -0.221706 -0.093912 -0.178940  1.700000  1.699835
    3  GST   C3    c     0.890594  0.890594 -0.885828  1.700000  1.699835
    4  GST   C4    c3   -0.091206 -0.007224 -0.026042  1.700000  1.699835
    5  GST   C5    c3   -0.036606  0.005782 -0.106948  1.700000  1.699835
    6  GST   C6    c3   -0.072406 -0.018818 -0.020260  1.700000  1.699835
    7  GST   O1    o    -0.842806 -0.842806  0.047788  1.500000  1.479961
    8  GST   O2    o    -0.842806 -0.842806  0.047788  1.500000  1.479961
    9  GST   H1    ha    0.094594  0.094594  0.094594  1.300000  1.299821
   10  GST   H2    ha    0.127794  0.127794  0.127794  1.300000  1.299821
   11  GST   H3    hc    0.027994  0.027994  0.027994  1.300000  1.324766
   12  GST   H4    hc    0.027994  0.027994  0.027994  1.300000  1.324766
   13  GST   H5    hc    0.027994  0.027994  0.027994  1.300000  1.324766
   14  GST   H6    hc    0.021194  0.021194  0.021194  1.300000  1.324766
   15  GST   H7    hc    0.021194  0.021194  0.021194  1.300000  1.324766
   16  GST   H8    hc    0.026794  0.026794  0.026794  1.300000  1.324766
   17  GST   H9    hc    0.026794  0.026794  0.026794  1.300000  1.324766

 total system charges (+/-) for PB       -1.0000        1.2929       -2.2929
 cavity_surften =        0.0050 cavity_offset =        0.0000

   SAS Surface: surface dots generated:    366

--------------------------------------------------------------------------------
   3.  ATOMIC COORDINATES AND VELOCITIES
--------------------------------------------------------------------------------

Cpptraj Generated Restart                                                       
 begin time read from input coords =     0.000 ps

 Number of triangulated 3-point waters found:        0

--------------------------------------------------------------------------------
   4.  RESULTS
--------------------------------------------------------------------------------

  NB-update: atom-based nb list      136


======== Setting up Grid Parameters ========
Using bounding box for grid setup
 Bounding Box at level:           2
 Bounding Box Center:      25.000    24.000    21.500
 Xmin, Xmax, Xmax-Xmin:    21.336    28.503     7.167
 Ymin, Ymax, Ymax-Ymin:    20.997    27.063     6.065
 Zmin, Zmax, Zmax-Zmin:    16.620    26.341     9.721
 Grid dimension at level     2    33   31   37
 Grid origin corrected at level     2     16.500    16.000    12.000
 Bounding Box at level:           1
 Bounding Box Center:      25.000    24.000    21.500
 Xmin, Xmax, Xmax-Xmin:    21.336    28.503     7.167
 Ymin, Ymax, Ymax-Ymin:    20.997    27.063     6.065
 Zmin, Zmax, Zmax-Zmin:    16.620    26.341     9.721
PB Warn in setgrd(): focusing grid too large    2
 fillratio is automatically increased to 2.500
PB Warn in setgrd(): focusing grid too large    2
 fillratio is automatically increased to 3.500
 Grid dimension at level     1     7    7   11
 Grid origin corrected at level     1      9.000     8.000    -2.500
------- VMD goodie --------
#First Level Geometric Box
draw materials off
draw color green
draw line "    9.000    8.000   -2.500" "   37.000    8.000   -2.500"
draw line "    9.000    8.000   -2.500" "    9.000   36.000   -2.500"
draw line "    9.000    8.000   -2.500" "    9.000    8.000   41.500"
draw line "   37.000    8.000   -2.500" "   37.000   36.000   -2.500"
draw line "   37.000    8.000   -2.500" "   37.000    8.000   41.500"
draw line "    9.000   36.000   -2.500" "   37.000   36.000   -2.500"
draw line "    9.000   36.000   -2.500" "    9.000   36.000   41.500"
draw line "    9.000    8.000   41.500" "   37.000    8.000   41.500"
draw line "    9.000    8.000   41.500" "    9.000   36.000   41.500"
draw line "   37.000   36.000   41.500" "   37.000   36.000   -2.500"
draw line "   37.000   36.000   41.500" "    9.000   36.000   41.500"
draw line "   37.000   36.000   41.500" "   37.000    8.000   41.500"
#2nd Level Geometric Box
draw color blue
draw line "   16.500   16.000   12.000" "   33.500   16.000   12.000"
draw line "   16.500   16.000   12.000" "   16.500   32.000   12.000"
draw line "   16.500   16.000   12.000" "   16.500   16.000   31.000"
draw line "   33.500   16.000   12.000" "   33.500   32.000   12.000"
draw line "   33.500   16.000   12.000" "   33.500   16.000   31.000"
draw line "   16.500   32.000   12.000" "   33.500   32.000   12.000"
draw line "   16.500   32.000   12.000" "   16.500   32.000   31.000"
draw line "   16.500   16.000   31.000" "   33.500   16.000   31.000"
draw line "   16.500   16.000   31.000" "   16.500   32.000   31.000"
draw line "   33.500   32.000   31.000" "   33.500   32.000   12.000"
draw line "   33.500   32.000   31.000" "   16.500   32.000   31.000"
draw line "   33.500   32.000   31.000" "   33.500   16.000   31.000"
--- End VMD goodie --------

======== Setting up Solvent Accessibility Data ========
Setting up working radii
Number of SA srf points exposed  1215
 Number of SA arcs generated   122
 Number of SA arc points exposed         535 Number of trimer arc points exposed          40
 with resolution (A) = .250000E+00

Atomic solvent accessible surface area:
           1    9.8985919347534
           2    4.9492959673767
           3   11.5483572572123
           4    2.3096714514425
           5    0.3299530644918
           6    0.0000000000000
           7   42.1577700069592
           8   48.2215588435766
           9   21.5255748441703
          10   16.5196272059912
          11   26.2812251004405
          12   30.2859832109838
          13   26.2812251004405
          14   22.7770617537151
          15   14.7675455326285
          16   23.5279538994420
          17   21.7758722260793

 ======== FDPB Summary ========

 Do FDPB every           1 steps
 Nonbonded Update
   residue cutoff is set to   99.9000000000000
   fdpb cutoff is set to    5.0000000000000
   sas cutoff is set to    9.0000000000000
   nonbonded cutoff is set to    0.0000000000000
 Grid Constants
   Grid dimension       7       7      11
   Grid spacing set to     4.000
   Grid boundary
         9.000    41.000
         8.000    40.000
        -2.500    45.500

 Dielectric Map
   Use cavity radii in the prmtop file

   Use probe-based SES definition
     Compute SAS/SAR every           1 steps
     Solvent probe radius   1.40000000000000
     Surface dots per atom     366
     Buried atom radii increment   0.79800000000000
     Threshhold for exposed atom   0.08000000000000
     Current SAS 323.15726739970364

 Boundary conditions
   sum of grid charges as independent DH spheres

 Physical constants
   Solute dielectric constant  :   1.00000000000000
   Solvent dielectric constant :   80.0000000000000
   Temperature (K)             :   300.000000000000
   Ionic strength (mM)         :   0.00000000000000
   Debye-Huckel parameter (1/A):   0.00000000000000

FD Solver Option
   Use Modified ICCG solver

 Iteration data
   Maximum iterations  :         100
   Convergence criteria:  1.000000000000000E-03
   Iterations required        :     5
   Norm of the constant vector:       340.5542500016
   Norm of the residual vector:      0.3176875332286
   Convergence achieved       :  9.3285440785772947E-04

 Total molecular surface    153.4537

 ======== FDPB Summary ========

 Do FDPB every           1 steps
 Nonbonded Update
   residue cutoff is set to   99.9000000000000
   fdpb cutoff is set to    5.0000000000000
   sas cutoff is set to    9.0000000000000
   nonbonded cutoff is set to    0.0000000000000
 Grid Constants
   Grid dimension      33      31      37
   Grid spacing set to     0.500
   Grid boundary
        16.500    33.500
        16.000    32.000
        12.000    31.000

 Dielectric Map
   Use cavity radii in the prmtop file

   Use probe-based SES definition
     Compute SAS/SAR every           1 steps
     Solvent probe radius   1.40000000000000
     Surface dots per atom     366
     Buried atom radii increment   0.79800000000000
     Threshhold for exposed atom   0.08000000000000
     Current SAS 323.15726739970364

 Boundary conditions
   sum of grid charges as independent DH spheres

 Physical constants
   Solute dielectric constant  :   1.00000000000000
   Solvent dielectric constant :   80.0000000000000
   Temperature (K)             :   300.000000000000
   Ionic strength (mM)         :   0.00000000000000
   Debye-Huckel parameter (1/A):   0.00000000000000

FD Solver Option
   Use Modified ICCG solver

 Iteration data
   Maximum iterations  :         100
   Convergence criteria:  1.000000000000000E-03
   Iterations required        :    15
   Norm of the constant vector:     21306.6400424999
   Norm of the residual vector:     15.3739770283674
   Convergence achieved       :  7.2155802124132442E-04

 Total surface charge       0.9874
 Reaction field energy    -78.7869
 Nonpolar SAS/SAV    323.1573      0.0000
 Cavity solvation energy      1.6158

 NSTEP =        1   TIME(PS) =       0.000  TEMP(K) =     0.00  PRESS =     0.0
 Etot   =       -97.7932  EKtot   =         0.0000  EPtot      =         0.0000
 BOND   =         0.0000  ANGLE   =         0.0000  DIHED      =         0.0000
 1-4 NB =         0.0000  1-4 EEL =         0.0000  VDWAALS    =        -0.2002
 EELEC  =       -20.4218  EPB     =       -78.7869  RESTRAINT  =         0.0000
 ECAVITY=         1.6158  EDISPER =         0.0000
 ------------------------------------------------------------------------------



  Maximum number of minimization cycles reached.


                    FINAL RESULTS


 NSTEP =        1   TIME(PS) =       0.000  TEMP(K) =     0.00  PRESS =     0.0
 Etot   =       -97.7932  EKtot   =         0.0000  EPtot      =         0.0000
 BOND   =         0.0000  ANGLE   =         0.0000  DIHED      =         0.0000
 1-4 NB =         0.0000  1-4 EEL =         0.0000  VDWAALS    =        -0.2002
 EELEC  =       -20.4218  EPB     =       -78.7869  RESTRAINT  =         0.0000
 ECAVITY=         1.6158  EDISPER =         0.0000
 ------------------------------------------------------------------------------


--------------------------------------------------------------------------------
   5.  TIMINGS
--------------------------------------------------------------------------------

| Total time                     0.04
| Read prm/crd time              0.00
| Force time                     0.03
| Nonbond force                  0.03
| PB Nonbond                     0.03
| PB Sasa                        0.00
| PB FD force                    0.03
| PB Set linear sys              0.01
| PB Solver                      0.02
| PB SA arc                      0.00
| PB circle                      0.00
| PB exmol                       0.01
| PB exmol setup                 0.00
| PB exmol part a                0.00
| PB exmol part e                0.00
| PB exmol part f                0.00
| PB epsmap                      0.00
|           Job began  at 22:28:52.969  on 09/29/2021
|           Setup done at 22:28:52.972  on 09/29/2021
|           Run   done at 22:28:53.005  on 09/29/2021
|     wallclock() was called     110 times
