
          -------------------------------------------------------
          PBSA VERSION 2019                       UC Irvine
          -------------------------------------------------------

| Run on 08/29/2021 at 20:53:18

File Assignments:
|  MDIN: ../pbsa-script/mdin.in                                                
| MDOUT: complex-pb.out                                                        
|INPCRD: complex.crd                                                           
|  PARM: complex.prmtop                                                        
|

 Here is the input file:

Sample single point PB calculation                                             
&cntrl                                                                         
ipb=1, inp=1                                                                   
/                                                                              
&pb                                                                            
npbverb=1, fillratio=1.5, saopt=1, radiopt=0, epsin=1.0, epsout=80             
/                                                                              
 PBSA Warning in pb_read(): sprob=0.557 is optimized for inp=2 and  should not be used with inp=1. It has been reset to 1.4.
 PBSA Warning in pb_read(): cavity_surften=0.0378 is optimized for inp=2  and should not be used with inp=1. It has been reset to 0.005000.
 PBSA Warning in pb_read(): cavity_offset=-0.5692 is optimized for inp=2  and should not be used with inp=1. It has been reset to 0.000.

--------------------------------------------------------------------------------
   1.  RESOURCE   USE: 
--------------------------------------------------------------------------------

| Flags:                                                                        
| New format PARM file being parsed.
| Version =    1.000 Date = 08/29/21 Time = 13:42:31
 NATOM  =     173 NTYPES =      10 NBONH =      88 MBONA  =      91
 NTHETH =     202 MTHETA =     133 NPHIH =     352 MPHIA  =     265
 NHPARM =       0 NPARM  =       0 NNB   =    1026 NRES   =       8
 NBONA  =      91 NTHETA =     133 NPHIA =     265 NUMBND =      11
 NUMANG =      20 NPTRA  =      24 NATYP =      15 NPHB   =       0
 IFBOX  =       1 NMXRS  =      26 IFCAP =       0 NEXTRA =       0
 NCOPY  =       0


|     Memory Use     Allocated
|     Real                6460
|     Hollerith            529
|     Integer            27817
|     Max Pairs              1
|     Max Rstack             1
|     Max Istack             1
|       Total              161 kbytes

     BOX TYPE: RECTILINEAR

--------------------------------------------------------------------------------
   2.  CONTROL  DATA  FOR  THE  RUN
--------------------------------------------------------------------------------

default_name                                                                    

General flags:
     imin    =       1, nmropt  =       0

Nature and format of input:
     ntx     =       1, irest   =       0, ntrx    =       1

Nature and format of output:
     ntxo    =       1, ntpr    =      50, ntrx    =       1, ntwr    =     500
     iwrap   =       0, ntwx    =       0, ntwv    =       0, ntwe    =       0
     ioutfm  =       0, ntwprt  =       0, idecomp =       0, rbornstat=      0

Potential function:
     ntf     =       1, ntb     =       1, ipb     =       1, nsnb    =      25
     ipol    =       0, gbsa    =       0, iesp    =       0
     dielc   =   1.00000, cut     =   8.00000, intdiel =   1.00000

Frozen or restrained atoms:
     ibelly  =       0, ntr     =       0

Energy minimization:
     maxcyc  =       1, ncyc    =      10, ntmin   =       1
     dx0     =   0.01000, drms    =   0.00010

======== Implicit Solvent Initialization ========

     Max Nonbonded Pairs:    14965    14965

 no. of atoms processed in PB initialization:   173
  NUM  RESI  NAME  TYPE    CHARGE ATM CRG/H   GRP CRG   PB RADI   NP RADI
    1  MGO   C1    CG    0.042700  0.203700 -0.283400  1.700000  1.699835
    2  MGO   H1    H2    0.161000  0.000000  0.000000  1.300000  1.146587
    3  MGO   O1    OS   -0.322900 -0.322900  0.080400  1.500000  1.500006
    4  MGO   C2    CG    0.137600  0.202600  0.508600  1.700000  1.699835
    5  MGO   H2    H1    0.065000  0.000000  0.000000  1.300000  1.235677
    6  MGO   O2    OH   -0.634600 -0.198000  0.004600  1.500000  1.533237
    7  MGO   HO2   HO    0.436600  0.000000  0.000000  0.800000  0.000000
    8  MGO   C3    CG    0.122400  0.300300  0.504500  1.700000  1.699835
    9  MGO   H3    H1    0.177900  0.000000  0.000000  1.300000  1.235677
   10  MGO   O3    OH   -0.620000 -0.198000  0.102300  1.500000  1.533237
   11  MGO   HO3   HO    0.422000  0.000000  0.000000  0.800000  0.000000
   12  MGO   C4    CG    0.040100  0.199600  0.311900  1.700000  1.699835
   13  MGO   H4    H1    0.159500  0.000000  0.000000  1.300000  1.235677
   14  MGO   C5    CG    0.019300  0.134900  0.210300  1.700000  1.699835
   15  MGO   H5    H1    0.115600  0.000000  0.000000  1.300000  1.235677
   16  MGO   O5    OS   -0.366800 -0.366800 -0.028200  1.500000  1.500006
   17  MGO   C6    CG    0.191800  0.242600  0.179500  1.700000  1.699835
   18  MGO   H61   H1    0.025400  0.000000  0.000000  1.300000  1.235677
   19  MGO   H62   H1    0.025400  0.000000  0.000000  1.300000  1.235677
   20  MGO   O6    OH   -0.607700 -0.198000  0.044600  1.500000  1.533237
   21  MGO   HO6   HO    0.409700  0.000000  0.000000  0.800000  0.000000
   22  MGO   C1    CG    0.042700  0.203700 -0.283400  1.700000  1.699835
   23  MGO   H1    H2    0.161000  0.000000  0.000000  1.300000  1.146587
   24  MGO   O1    OS   -0.322900 -0.322900  0.080400  1.500000  1.500006
   25  MGO   C2    CG    0.137600  0.202600  0.508600  1.700000  1.699835
   26  MGO   H2    H1    0.065000  0.000000  0.000000  1.300000  1.235677
   27  MGO   O2    OH   -0.634600 -0.198000  0.004600  1.500000  1.533237
   28  MGO   HO2   HO    0.436600  0.000000  0.000000  0.800000  0.000000
   29  MGO   C3    CG    0.122400  0.300300  0.504500  1.700000  1.699835
   30  MGO   H3    H1    0.177900  0.000000  0.000000  1.300000  1.235677
   31  MGO   O3    OH   -0.620000 -0.198000  0.102300  1.500000  1.533237
   32  MGO   HO3   HO    0.422000  0.000000  0.000000  0.800000  0.000000
   33  MGO   C4    CG    0.040100  0.199600  0.311900  1.700000  1.699835
   34  MGO   H4    H1    0.159500  0.000000  0.000000  1.300000  1.235677
   35  MGO   C5    CG    0.019300  0.134900  0.210300  1.700000  1.699835
   36  MGO   H5    H1    0.115600  0.000000  0.000000  1.300000  1.235677
   37  MGO   O5    OS   -0.366800 -0.366800 -0.028200  1.500000  1.500006
   38  MGO   C6    CG    0.191800  0.242600  0.179500  1.700000  1.699835
   39  MGO   H61   H1    0.025400  0.000000  0.000000  1.300000  1.235677
   40  MGO   H62   H1    0.025400  0.000000  0.000000  1.300000  1.235677
   41  MGO   O6    OH   -0.607700 -0.198000  0.044600  1.500000  1.533237
   42  MGO   HO6   HO    0.409700  0.000000  0.000000  0.800000  0.000000
   43  MGO   C1    CG    0.042700  0.203700 -0.283400  1.700000  1.699835
   44  MGO   H1    H2    0.161000  0.000000  0.000000  1.300000  1.146587
   45  MGO   O1    OS   -0.322900 -0.322900  0.080400  1.500000  1.500006
   46  MGO   C2    CG    0.137600  0.202600  0.508600  1.700000  1.699835
   47  MGO   H2    H1    0.065000  0.000000  0.000000  1.300000  1.235677
   48  MGO   O2    OH   -0.634600 -0.198000  0.004600  1.500000  1.533237
   49  MGO   HO2   HO    0.436600  0.000000  0.000000  0.800000  0.000000
   50  MGO   C3    CG    0.122400  0.300300  0.504500  1.700000  1.699835
   51  MGO   H3    H1    0.177900  0.000000  0.000000  1.300000  1.235677
   52  MGO   O3    OH   -0.620000 -0.198000  0.102300  1.500000  1.533237
   53  MGO   HO3   HO    0.422000  0.000000  0.000000  0.800000  0.000000
   54  MGO   C4    CG    0.040100  0.199600  0.311900  1.700000  1.699835
   55  MGO   H4    H1    0.159500  0.000000  0.000000  1.300000  1.235677
   56  MGO   C5    CG    0.019300  0.134900  0.210300  1.700000  1.699835
   57  MGO   H5    H1    0.115600  0.000000  0.000000  1.300000  1.235677
   58  MGO   O5    OS   -0.366800 -0.366800 -0.028200  1.500000  1.500006
   59  MGO   C6    CG    0.191800  0.242600  0.179500  1.700000  1.699835
   60  MGO   H61   H1    0.025400  0.000000  0.000000  1.300000  1.235677
   61  MGO   H62   H1    0.025400  0.000000  0.000000  1.300000  1.235677
   62  MGO   O6    OH   -0.607700 -0.198000  0.044600  1.500000  1.533237
   63  MGO   HO6   HO    0.409700  0.000000  0.000000  0.800000  0.000000
   64  MGO   C1    CG    0.042700  0.203700 -0.283400  1.700000  1.699835
   65  MGO   H1    H2    0.161000  0.000000  0.000000  1.300000  1.146587
   66  MGO   O1    OS   -0.322900 -0.322900  0.080400  1.500000  1.500006
   67  MGO   C2    CG    0.137600  0.202600  0.508600  1.700000  1.699835
   68  MGO   H2    H1    0.065000  0.000000  0.000000  1.300000  1.235677
   69  MGO   O2    OH   -0.634600 -0.198000  0.004600  1.500000  1.533237
   70  MGO   HO2   HO    0.436600  0.000000  0.000000  0.800000  0.000000
   71  MGO   C3    CG    0.122400  0.300300  0.504500  1.700000  1.699835
   72  MGO   H3    H1    0.177900  0.000000  0.000000  1.300000  1.235677
   73  MGO   O3    OH   -0.620000 -0.198000  0.102300  1.500000  1.533237
   74  MGO   HO3   HO    0.422000  0.000000  0.000000  0.800000  0.000000
   75  MGO   C4    CG    0.040100  0.199600  0.311900  1.700000  1.699835
   76  MGO   H4    H1    0.159500  0.000000  0.000000  1.300000  1.235677
   77  MGO   C5    CG    0.019300  0.134900  0.210300  1.700000  1.699835
   78  MGO   H5    H1    0.115600  0.000000  0.000000  1.300000  1.235677
   79  MGO   O5    OS   -0.366800 -0.366800 -0.028200  1.500000  1.500006
   80  MGO   C6    CG    0.191800  0.242600  0.179500  1.700000  1.699835
   81  MGO   H61   H1    0.025400  0.000000  0.000000  1.300000  1.235677
   82  MGO   H62   H1    0.025400  0.000000  0.000000  1.300000  1.235677
   83  MGO   O6    OH   -0.607700 -0.198000  0.044600  1.500000  1.533237
   84  MGO   HO6   HO    0.409700  0.000000  0.000000  0.800000  0.000000
   85  MGO   C1    CG    0.042700  0.203700 -0.283400  1.700000  1.699835
   86  MGO   H1    H2    0.161000  0.000000  0.000000  1.300000  1.146587
   87  MGO   O1    OS   -0.322900 -0.322900  0.080400  1.500000  1.500006
   88  MGO   C2    CG    0.137600  0.202600  0.508600  1.700000  1.699835
   89  MGO   H2    H1    0.065000  0.000000  0.000000  1.300000  1.235677
   90  MGO   O2    OH   -0.634600 -0.198000  0.004600  1.500000  1.533237
   91  MGO   HO2   HO    0.436600  0.000000  0.000000  0.800000  0.000000
   92  MGO   C3    CG    0.122400  0.300300  0.504500  1.700000  1.699835
   93  MGO   H3    H1    0.177900  0.000000  0.000000  1.300000  1.235677
   94  MGO   O3    OH   -0.620000 -0.198000  0.102300  1.500000  1.533237
   95  MGO   HO3   HO    0.422000  0.000000  0.000000  0.800000  0.000000
   96  MGO   C4    CG    0.040100  0.199600  0.311900  1.700000  1.699835
   97  MGO   H4    H1    0.159500  0.000000  0.000000  1.300000  1.235677
   98  MGO   C5    CG    0.019300  0.134900  0.210300  1.700000  1.699835
   99  MGO   H5    H1    0.115600  0.000000  0.000000  1.300000  1.235677
  100  MGO   O5    OS   -0.366800 -0.366800 -0.028200  1.500000  1.500006
  101  MGO   C6    CG    0.191800  0.242600  0.179500  1.700000  1.699835
  102  MGO   H61   H1    0.025400  0.000000  0.000000  1.300000  1.235677
  103  MGO   H62   H1    0.025400  0.000000  0.000000  1.300000  1.235677
  104  MGO   O6    OH   -0.607700 -0.198000  0.044600  1.500000  1.533237
  105  MGO   HO6   HO    0.409700  0.000000  0.000000  0.800000  0.000000
  106  MGO   C1    CG    0.042700  0.203700 -0.283400  1.700000  1.699835
  107  MGO   H1    H2    0.161000  0.000000  0.000000  1.300000  1.146587
  108  MGO   O1    OS   -0.322900 -0.322900  0.080400  1.500000  1.500006
  109  MGO   C2    CG    0.137600  0.202600  0.508600  1.700000  1.699835
  110  MGO   H2    H1    0.065000  0.000000  0.000000  1.300000  1.235677
  111  MGO   O2    OH   -0.634600 -0.198000  0.004600  1.500000  1.533237
  112  MGO   HO2   HO    0.436600  0.000000  0.000000  0.800000  0.000000
  113  MGO   C3    CG    0.122400  0.300300  0.504500  1.700000  1.699835
  114  MGO   H3    H1    0.177900  0.000000  0.000000  1.300000  1.235677
  115  MGO   O3    OH   -0.620000 -0.198000  0.102300  1.500000  1.533237
  116  MGO   HO3   HO    0.422000  0.000000  0.000000  0.800000  0.000000
  117  MGO   C4    CG    0.040100  0.199600  0.311900  1.700000  1.699835
  118  MGO   H4    H1    0.159500  0.000000  0.000000  1.300000  1.235677
  119  MGO   C5    CG    0.019300  0.134900  0.210300  1.700000  1.699835
  120  MGO   H5    H1    0.115600  0.000000  0.000000  1.300000  1.235677
  121  MGO   O5    OS   -0.366800 -0.366800 -0.028200  1.500000  1.500006
  122  MGO   C6    CG    0.191800  0.242600  0.179500  1.700000  1.699835
  123  MGO   H61   H1    0.025400  0.000000  0.000000  1.300000  1.235677
  124  MGO   H62   H1    0.025400  0.000000  0.000000  1.300000  1.235677
  125  MGO   O6    OH   -0.607700 -0.198000  0.044600  1.500000  1.533237
  126  MGO   HO6   HO    0.409700  0.000000  0.000000  0.800000  0.000000
  127  MGO   C1    CG    0.042700  0.203700 -0.283400  1.700000  1.699835
  128  MGO   H1    H2    0.161000  0.000000  0.000000  1.300000  1.146587
  129  MGO   O1    OS   -0.322900 -0.322900  0.080400  1.500000  1.500006
  130  MGO   C2    CG    0.137600  0.202600  0.508600  1.700000  1.699835
  131  MGO   H2    H1    0.065000  0.000000  0.000000  1.300000  1.235677
  132  MGO   O2    OH   -0.634600 -0.198000  0.004600  1.500000  1.533237
  133  MGO   HO2   HO    0.436600  0.000000  0.000000  0.800000  0.000000
  134  MGO   C3    CG    0.122400  0.300300  0.504500  1.700000  1.699835
  135  MGO   H3    H1    0.177900  0.000000  0.000000  1.300000  1.235677
  136  MGO   O3    OH   -0.620000 -0.198000  0.102300  1.500000  1.533237
  137  MGO   HO3   HO    0.422000  0.000000  0.000000  0.800000  0.000000
  138  MGO   C4    CG    0.040100  0.199600  0.311900  1.700000  1.699835
  139  MGO   H4    H1    0.159500  0.000000  0.000000  1.300000  1.235677
  140  MGO   C5    CG    0.019300  0.134900  0.210300  1.700000  1.699835
  141  MGO   H5    H1    0.115600  0.000000  0.000000  1.300000  1.235677
  142  MGO   O5    OS   -0.366800 -0.366800 -0.028200  1.500000  1.500006
  143  MGO   C6    CG    0.191800  0.242600  0.179500  1.700000  1.699835
  144  MGO   H61   H1    0.025400  0.000000  0.000000  1.300000  1.235677
  145  MGO   H62   H1    0.025400  0.000000  0.000000  1.300000  1.235677
  146  MGO   O6    OH   -0.607700 -0.198000  0.044600  1.500000  1.533237
  147  MGO   HO6   HO    0.409700  0.000000  0.000000  0.800000  0.000000
  148  MOL   C1    c3   -0.100400  0.001600  0.052600  1.700000  1.699835
  149  MOL   H3    hc    0.034000  0.034000  0.034000  1.300000  1.324766
  150  MOL   H4    hc    0.034000  0.034000  0.034000  1.300000  1.324766
  151  MOL   H5    hc    0.034000  0.034000  0.034000  1.300000  1.324766
  152  MOL   C2    c3    0.023600  0.051000  0.089500  1.700000  1.699835
  153  MOL   H6    hc    0.013700  0.013700  0.013700  1.300000  1.324766
  154  MOL   H7    hc    0.013700  0.013700  0.013700  1.300000  1.324766
  155  MOL   C3    c3   -0.007300  0.036900  0.062800  1.700000  1.699835
  156  MOL   H8    hc    0.022100  0.022100  0.022100  1.300000  1.324766
  157  MOL   H9    hc    0.022100  0.022100  0.022100  1.300000  1.324766
  158  MOL   C4    c3   -0.004700 -0.025100  0.052300  1.700000  1.699835
  159  MOL   H10   hc   -0.010200 -0.010200 -0.010200  1.300000  1.324766
  160  MOL   H11   hc   -0.010200 -0.010200 -0.010200  1.300000  1.324766
  161  MOL   C5    c3   -0.060900  0.040500  0.331600  1.700000  1.699835
  162  MOL   H12   hc    0.050700  0.050700  0.050700  1.300000  1.324766
  163  MOL   H13   hc    0.050700  0.050700  0.050700  1.300000  1.324766
  164  MOL   C6    c3    0.251000  0.316200  0.935600  1.700000  1.699835
  165  MOL   H14   hx    0.065200  0.065200  0.065200  1.300000  0.979989
  166  MOL   C7    c3   -0.318800  0.017200  0.333400  1.700000  1.699835
  167  MOL   H15   hc    0.112000  0.112000  0.112000  1.300000  1.324766
  168  MOL   H16   hc    0.112000  0.112000  0.112000  1.300000  1.324766
  169  MOL   H17   hc    0.112000  0.112000  0.112000  1.300000  1.324766
  170  MOL   N1    n4   -0.436400  0.561700  0.877900  1.550000  1.624999
  171  MOL   H1    hn    0.332700  0.332700  0.332700  1.300000  0.534539
  172  MOL   H2    hn    0.332700  0.332700  0.332700  1.300000  0.534539
  173  MOL   HN11  hn    0.332700  0.332700  0.332700  1.300000  0.534539

 total system charges (+/-) for PB        1.0000       19.8129      -18.8129
 cavity_surften =        0.0050 cavity_offset =        0.0000

   SAS Surface: surface dots generated:    366

--------------------------------------------------------------------------------
   3.  ATOMIC COORDINATES AND VELOCITIES
--------------------------------------------------------------------------------

Cpptraj Generated Restart                                                       
 begin time read from input coords =   551.000 ps

 Number of triangulated 3-point waters found:        0

--------------------------------------------------------------------------------
   4.  RESULTS
--------------------------------------------------------------------------------

  NB-update: atom-based nb list     9367


======== Setting up Grid Parameters ========
Using bounding box for grid setup
 Bounding Box at level:           2
 Bounding Box Center:      17.500    18.000    18.000
 Xmin, Xmax, Xmax-Xmin:     9.094    26.349    17.256
 Ymin, Ymax, Ymax-Ymin:     9.140    26.902    17.762
 Zmin, Zmax, Zmax-Zmin:    11.839    23.681    11.842
 Grid dimension at level     2    53   55   43
 Grid origin corrected at level     2      4.000     4.000     7.000
 Bounding Box at level:           1
 Bounding Box Center:      17.500    18.000    18.000
 Xmin, Xmax, Xmax-Xmin:     9.094    26.349    17.256
 Ymin, Ymax, Ymax-Ymin:     9.140    26.902    17.762
 Zmin, Zmax, Zmax-Zmin:    11.839    23.681    11.842
PB Warn in setgrd(): focusing grid too large    2
 fillratio is automatically increased to 2.500
 Grid dimension at level     1    13   13    9
 Grid origin corrected at level     1    -10.500   -10.000    -2.000
------- VMD goodie --------
#First Level Geometric Box
draw materials off
draw color green
draw line "  -10.500  -10.000   -2.000" "   41.500  -10.000   -2.000"
draw line "  -10.500  -10.000   -2.000" "  -10.500   42.000   -2.000"
draw line "  -10.500  -10.000   -2.000" "  -10.500  -10.000   34.000"
draw line "   41.500  -10.000   -2.000" "   41.500   42.000   -2.000"
draw line "   41.500  -10.000   -2.000" "   41.500  -10.000   34.000"
draw line "  -10.500   42.000   -2.000" "   41.500   42.000   -2.000"
draw line "  -10.500   42.000   -2.000" "  -10.500   42.000   34.000"
draw line "  -10.500  -10.000   34.000" "   41.500  -10.000   34.000"
draw line "  -10.500  -10.000   34.000" "  -10.500   42.000   34.000"
draw line "   41.500   42.000   34.000" "   41.500   42.000   -2.000"
draw line "   41.500   42.000   34.000" "  -10.500   42.000   34.000"
draw line "   41.500   42.000   34.000" "   41.500  -10.000   34.000"
#2nd Level Geometric Box
draw color blue
draw line "    4.000    4.000    7.000" "   31.000    4.000    7.000"
draw line "    4.000    4.000    7.000" "    4.000   32.000    7.000"
draw line "    4.000    4.000    7.000" "    4.000    4.000   29.000"
draw line "   31.000    4.000    7.000" "   31.000   32.000    7.000"
draw line "   31.000    4.000    7.000" "   31.000    4.000   29.000"
draw line "    4.000   32.000    7.000" "   31.000   32.000    7.000"
draw line "    4.000   32.000    7.000" "    4.000   32.000   29.000"
draw line "    4.000    4.000   29.000" "   31.000    4.000   29.000"
draw line "    4.000    4.000   29.000" "    4.000   32.000   29.000"
draw line "   31.000   32.000   29.000" "   31.000   32.000    7.000"
draw line "   31.000   32.000   29.000" "    4.000   32.000   29.000"
draw line "   31.000   32.000   29.000" "   31.000    4.000   29.000"
--- End VMD goodie --------

======== Setting up Solvent Accessibility Data ========
Setting up working radii
Number of SA srf points exposed  4574
 Number of SA arcs generated  3768
 Number of SA arc points exposed        2558 Number of trimer arc points exposed         222
 with resolution (A) = .250000E+00

Atomic solvent accessible surface area:
           1    0.0000000000000
           2   11.2633821859031
           3    0.0000000000000
           4    0.0000000000000
           5   20.0237905527166
           6   15.3038480162249
           7    8.8074464207525
           8    0.0000000000000
           9    0.0000000000000
          10   18.1913665098522
          11    5.8162382023837
          12    0.0000000000000
          13    7.0083266934508
          14    0.0000000000000
          15    0.0000000000000
          16    3.7537740417155
          17    1.3198122579671
          18    1.0011895276358
          19   11.7639769497210
          20   30.8964478818125
          21    6.3147729054452
          22    0.0000000000000
          23   11.0130848039941
          24    0.0000000000000
          25    0.0000000000000
          26   20.0237905527166
          27   24.8326590451951
          28    0.0000000000000
          29    0.0000000000000
          30    0.0000000000000
          31   20.5013813047541
          32    5.3177034993223
          33    0.0000000000000
          34    5.0059476381791
          35    0.0000000000000
          36    0.0000000000000
          37    5.1975332885292
          38    1.3198122579671
          39    1.0011895276358
          40   19.2728984069897
          41   27.4314256894597
          42    7.3118423115681
          43    0.0000000000000
          44   13.0154638592658
          45    0.0000000000000
          46    0.0000000000000
          47   17.5208167336270
          48   25.6989145932833
          49    0.0000000000000
          50    0.0000000000000
          51    0.0000000000000
          52   13.5713369200485
          53    4.6529905619070
          54    0.0000000000000
          55    6.2574345477239
          56    0.0000000000000
          57    0.0000000000000
          58    6.0637888366174
          59    0.9898591934753
          60    6.7580293115418
          61   18.7723036431718
          62   25.9876664426461
          63    7.6441987802758
          64    0.0000000000000
          65   12.7651664773568
          66    0.0000000000000
          67    0.0000000000000
          68   17.5208167336270
          69   23.6776516477442
          70    0.0000000000000
          71    0.0000000000000
          72    1.7520816733627
          73   20.7901331541168
          74    4.1544558588455
          75    0.0000000000000
          76    5.5065424019971
          77    0.0000000000000
          78    0.0000000000000
          79    4.0425258910783
          80    1.9797183869507
          81    6.0071371658150
          82   17.7711141155360
          83   30.6076960324498
          84    8.9736246551063
          85    0.0000000000000
          86   13.2657612411747
          87    0.0000000000000
          88    0.0000000000000
          89   18.2717088793539
          90   16.4588554136758
          91    8.9736246551063
          92    0.0000000000000
          93    1.0011895276358
          94   20.2126294553914
          95    4.9853470306146
          96    0.0000000000000
          97    5.5065424019971
          98    0.0000000000000
          99    0.0000000000000
         100    4.3312777404410
         101    0.9898591934753
         102    3.2538659648164
         103   14.5172481507195
         104   32.9177108273517
         105    3.4897429214302
         106    0.0000000000000
         107   15.5184376783554
         108    0.0000000000000
         109    0.0000000000000
         110   19.7734931708076
         111   25.9876664426461
         112    4.1544558588455
         113    0.0000000000000
         114    4.2550554924523
         115   22.8113960996560
         116    0.0000000000000
         117    0.0000000000000
         118    3.5041633467254
         119    0.0000000000000
         120    0.0000000000000
         121    5.1975332885292
         122    0.0000000000000
         123    0.0000000000000
         124   14.2669507688106
         125   24.5439071958324
         126    6.1485946710914
         127    0.0000000000000
         128   10.7627874220852
         129    0.0000000000000
         130    0.3299530644918
         131   19.5231957888987
         132   26.8539219907343
         133    0.0000000000000
         134    0.0000000000000
         135    9.7615978944493
         136   22.5226442502933
         137    5.6500599680299
         138    0.0000000000000
         139    7.0083266934508
         140    0.0000000000000
         141    0.0000000000000
         142    6.3525406859801
         143    0.0000000000000
         144    0.0000000000000
         145   14.2669507688106
         146   25.1214108945579
         147    0.0000000000000
         148    2.6396245159342
         149    0.5005947638179
         150    5.5065424019971
         151   30.0356858290749
         152    0.3299530644918
         153    2.0023790552717
         154    0.7508921457269
         155    0.0000000000000
         156    0.0000000000000
         157    0.0000000000000
         158    0.0000000000000
         159    0.0000000000000
         160    0.0000000000000
         161    0.0000000000000
         162    0.0000000000000
         163    0.2502973819090
         164    0.0000000000000
         165    4.2550554924523
         166    0.0000000000000
         167    5.0059476381791
         168    0.0000000000000
         169   15.7687350602643
         170    1.1951785822018
         171   25.0297381908957
         172   21.5255748441703
         173   21.7758722260793

 ======== FDPB Summary ========

 Do FDPB every           1 steps
 Nonbonded Update
   residue cutoff is set to   99.9000000000000
   fdpb cutoff is set to    5.0000000000000
   sas cutoff is set to    9.0000000000000
   nonbonded cutoff is set to    0.0000000000000
 Grid Constants
   Grid dimension      13      13       9
   Grid spacing set to     4.000
   Grid boundary
       -10.500    45.500
       -10.000    46.000
        -2.000    38.000

 Dielectric Map
   Use cavity radii in the prmtop file

   Use probe-based SES definition
     Compute SAS/SAR every           1 steps
     Solvent probe radius   1.40000000000000
     Surface dots per atom     366
     Buried atom radii increment   0.79800000000000
     Threshhold for exposed atom   0.08000000000000
     Current SAS1171.23758612064557

 Boundary conditions
   sum of grid charges as independent DH spheres

 Physical constants
   Solute dielectric constant  :   1.00000000000000
   Solvent dielectric constant :   80.0000000000000
   Temperature (K)             :   300.000000000000
   Ionic strength (mM)         :   0.00000000000000
   Debye-Huckel parameter (1/A):   0.00000000000000

FD Solver Option
   Use Modified ICCG solver

 Iteration data
   Maximum iterations  :         100
   Convergence criteria:  1.000000000000000E-03
   Iterations required        :     7
   Norm of the constant vector:       686.0976132911
   Norm of the residual vector:      0.4104254979636
   Convergence achieved       :  5.9820277758276070E-04

 Total molecular surface    821.9849

 ======== FDPB Summary ========

 Do FDPB every           1 steps
 Nonbonded Update
   residue cutoff is set to   99.9000000000000
   fdpb cutoff is set to    5.0000000000000
   sas cutoff is set to    9.0000000000000
   nonbonded cutoff is set to    0.0000000000000
 Grid Constants
   Grid dimension      53      55      43
   Grid spacing set to     0.500
   Grid boundary
         4.000    31.000
         4.000    32.000
         7.000    29.000

 Dielectric Map
   Use cavity radii in the prmtop file

   Use probe-based SES definition
     Compute SAS/SAR every           1 steps
     Solvent probe radius   1.40000000000000
     Surface dots per atom     366
     Buried atom radii increment   0.79800000000000
     Threshhold for exposed atom   0.08000000000000
     Current SAS1171.23758612064557

 Boundary conditions
   sum of grid charges as independent DH spheres

 Physical constants
   Solute dielectric constant  :   1.00000000000000
   Solvent dielectric constant :   80.0000000000000
   Temperature (K)             :   300.000000000000
   Ionic strength (mM)         :   0.00000000000000
   Debye-Huckel parameter (1/A):   0.00000000000000

FD Solver Option
   Use Modified ICCG solver

 Iteration data
   Maximum iterations  :         100
   Convergence criteria:  1.000000000000000E-03
   Iterations required        :    16
   Norm of the constant vector:    155655.3487591060
   Norm of the residual vector:    135.5091548137661
   Convergence achieved       :  8.7057178499841761E-04

 Total surface charge      -0.9864
 Reaction field energy   -211.3747
 Nonpolar SAS/SAV   1171.2376      0.0000
 Cavity solvation energy      5.8562

 NSTEP =        1   TIME(PS) =       0.000  TEMP(K) =     0.00  PRESS =     0.0
 Etot   =      -669.3904  EKtot   =         0.0000  EPtot      =         0.0000
 BOND   =         0.0000  ANGLE   =         0.0000  DIHED      =         0.0000
 1-4 NB =         0.0000  1-4 EEL =         0.0000  VDWAALS    =       -47.8656
 EELEC  =      -416.0062  EPB     =      -211.3747  RESTRAINT  =         0.0000
 ECAVITY=         5.8562  EDISPER =         0.0000
 ------------------------------------------------------------------------------



  Maximum number of minimization cycles reached.


                    FINAL RESULTS


 NSTEP =        1   TIME(PS) =       0.000  TEMP(K) =     0.00  PRESS =     0.0
 Etot   =      -669.3904  EKtot   =         0.0000  EPtot      =         0.0000
 BOND   =         0.0000  ANGLE   =         0.0000  DIHED      =         0.0000
 1-4 NB =         0.0000  1-4 EEL =         0.0000  VDWAALS    =       -47.8656
 EELEC  =      -416.0062  EPB     =      -211.3747  RESTRAINT  =         0.0000
 ECAVITY=         5.8562  EDISPER =         0.0000
 ------------------------------------------------------------------------------


--------------------------------------------------------------------------------
   5.  TIMINGS
--------------------------------------------------------------------------------

| Total time                     0.15
| Read prm/crd time              0.01
| Force time                     0.15
| Nonbond force                  0.15
| PB Nonbond                     0.15
| PB NB list                     0.00
| PB FD grid                     0.00
| PB Sasa                        0.03
| PB FD force                    0.14
| PB Set linear sys              0.06
| PB Solver                      0.08
| PB Direct                      0.00
| PB SA srf                      0.00
| PB SA arc                      0.02
| PB SA arc setup                0.00
| PB circle                      0.02
| PB exclude                     0.01
| PB exmol                       0.06
| PB exmol setup                 0.01
| PB exmol part a                0.00
| PB exmol part b                0.00
| PB exmol part c                0.00
| PB exmol part d                0.00
| PB exmol part e                0.00
| PB exmol part f                0.02
| PB epsmap                      0.00
|           Job began  at 20:53:18.945  on 08/29/2021
|           Setup done at 20:53:18.952  on 08/29/2021
|           Run   done at 20:53:19.098  on 08/29/2021
|     wallclock() was called     110 times
