
          -------------------------------------------------------
          GBNSR6 2015                       
          -------------------------------------------------------

| Run on 09/26/2021 at 22:16:56
  [-O]verwriting output

File Assignments:
|  MDIN: ../../../scripts/gbnsr6.in                                            
| MDOUT: complex-gb.out                                                        
|INPCRD: ../top_crd/complex.crd                                                
|  PARM: ../top_crd/complex.top                                                
|

 Here is the input file:

compute                                                                        
&cntrl                                                                         
inp=1                                                                          
/                                                                              
&gb                                                                            
epsin=1.0, epsout=80, istrng=0, space=0.5,                                     
arcres=0.2, B=0.028, alpb=1, rbornstat=0, cavity_surften=0.005                 
/                                                                              

--------------------------------------------------------------------------------
   1.  RESOURCE   USE: 
--------------------------------------------------------------------------------

| Flags:                                                                        
| New format PARM file being parsed.
| Version =    1.000 Date = 09/26/21 Time = 22:06:56
 NATOM  =    8298 NTYPES =      23 NBONH =    4110 MBONA  =    4298
 NTHETH =    9371 MTHETA =    5858 NPHIH =   19022 MPHIA  =   18436
 NHPARM =       0 NPARM  =       0 NNB   =   46071 NRES   =     518
 NBONA  =    4298 NTHETA =    5858 NPHIA =   18436 NUMBND =      78
 NUMANG =     186 NPTRA  =     215 NATYP =      41 NPHB   =       0
 IFBOX  =       0 NMXRS  =      54 IFCAP =       0 NEXTRA =       0
 NCOPY  =       0


|     Memory Use     Allocated
|     Real              307397
|     Hollerith          50308
|     Integer           415974
|     Max Pairs              1
|     Max Rstack             1
|     Max Istack             1
|       Total             4222 kbytes

| Note: 1-4 EEL scale factors are being read from the topology file.

--------------------------------------------------------------------------------
   2.  ATOMIC COORDINATES AND VELOCITIES
--------------------------------------------------------------------------------

default_name                                                                    
 begin time read from input coords =     0.000 ps

 Number of triangulated 3-point waters found:        0

--------------------------------------------------------------------------------
   3.  RESULTS
--------------------------------------------------------------------------------

 Cavity solvation energy     99.3029

 NSTEP =        1   TIME(PS) =       0.000  TEMP(K) =     0.00  PRESS =     0.0
 Etot   =    -20039.4431  EKtot   =         0.0000  EPtot      =         0.0000
 BOND   =         0.0000  ANGLE   =         0.0000  DIHED      =         0.0000
 1-4 NB =         0.0000  1-4 EEL =     24164.7162  VDWAALS    =         0.0000
 EELEC  =    -39137.8074  EGB     =     -5165.6549  RESTRAINT  =         0.0000
 ESURF  =        99.3029
 ------------------------------------------------------------------------------



  Maximum number of minimization cycles reached.


                    FINAL RESULTS


 NSTEP =        1   TIME(PS) =       0.000  TEMP(K) =     0.00  PRESS =     0.0
 Etot   =    -20039.4431  EKtot   =         0.0000  EPtot      =         0.0000
 BOND   =         0.0000  ANGLE   =         0.0000  DIHED      =         0.0000
 1-4 NB =         0.0000  1-4 EEL =     24164.7162  VDWAALS    =         0.0000
 EELEC  =    -39137.8074  EGB     =     -5165.6549  RESTRAINT  =         0.0000
 ESURF  =        99.3029
 ------------------------------------------------------------------------------

|           Job began  at 22:16:56.143  on 09/26/2021
|           Setup done at 22:16:56.221  on 09/26/2021
|           Run   done at 22:17:03.698  on 09/26/2021
|     wallclock() was called      72 times
