
          -------------------------------------------------------
          PBSA VERSION 2019                       UC Irvine
          -------------------------------------------------------

| Run on 09/26/2021 at 23:30:13
  [-O]verwriting output

File Assignments:
|  MDIN: ../../../scripts/pbsa.in                                              
| MDOUT: lig-pb.out                                                            
|INPCRD: ../top_crd/lig.crd                                                    
|  PARM: ../top_crd/lig.top                                                    
|

 Here is the input file:

Sample single point PB calculation                                             
&cntrl                                                                         
ipb=1, inp=1                                                                   
/                                                                              
&pb                                                                            
npbverb=1, fillratio=1.5, saopt=1, radiopt=0, epsin=1.0, epsout=80             
/                                                                              
 PBSA Warning in pb_read(): sprob=0.557 is optimized for inp=2 and  should not be used with inp=1. It has been reset to 1.4.
 PBSA Warning in pb_read(): cavity_surften=0.0378 is optimized for inp=2  and should not be used with inp=1. It has been reset to 0.005000.
 PBSA Warning in pb_read(): cavity_offset=-0.5692 is optimized for inp=2  and should not be used with inp=1. It has been reset to 0.000.

--------------------------------------------------------------------------------
   1.  RESOURCE   USE: 
--------------------------------------------------------------------------------

| Flags:                                                                        
| New format PARM file being parsed.
| Version =    1.000 Date = 09/26/21 Time = 22:06:39
 NATOM  =      47 NTYPES =      14 NBONH =      16 MBONA  =      33
 NTHETH =      30 MTHETA =      52 NPHIH =      67 MPHIA  =      92
 NHPARM =       0 NPARM  =       0 NNB   =     236 NRES   =       1
 NBONA  =      33 NTHETA =      52 NPHIA =      92 NUMBND =      20
 NUMANG =      41 NPTRA  =      38 NATYP =      16 NPHB   =       0
 IFBOX  =       0 NMXRS  =      47 IFCAP =       0 NEXTRA =       0
 NCOPY  =       0


|     Memory Use     Allocated
|     Real                1786
|     Hollerith            144
|     Integer            22130
|     Max Pairs              1
|     Max Rstack             1
|     Max Istack             1
|       Total              100 kbytes

--------------------------------------------------------------------------------
   2.  CONTROL  DATA  FOR  THE  RUN
--------------------------------------------------------------------------------

default_name                                                                    

General flags:
     imin    =       1, nmropt  =       0

Nature and format of input:
     ntx     =       1, irest   =       0, ntrx    =       1

Nature and format of output:
     ntxo    =       1, ntpr    =      50, ntrx    =       1, ntwr    =     500
     iwrap   =       0, ntwx    =       0, ntwv    =       0, ntwe    =       0
     ioutfm  =       0, ntwprt  =       0, idecomp =       0, rbornstat=      0

Potential function:
     ntf     =       1, ntb     =       1, ipb     =       1, nsnb    =      25
     ipol    =       0, gbsa    =       0, iesp    =       0
     dielc   =   1.00000, cut     =   8.00000, intdiel =   1.00000

Frozen or restrained atoms:
     ibelly  =       0, ntr     =       0

Energy minimization:
     maxcyc  =       1, ncyc    =      10, ntmin   =       1
     dx0     =   0.01000, drms    =   0.00010

======== Implicit Solvent Initialization ========

     Max Nonbonded Pairs:     1105     1105

 no. of atoms processed in PB initialization:    47
  NUM  RESI  NAME  TYPE    CHARGE ATM CRG/H   GRP CRG   PB RADI   NP RADI
    1  LIG   O1B   oh   -0.787400 -0.295400  1.521100  1.500000  1.621436
    2  LIG   HO1B  ho    0.492000  0.492000  0.492000  0.800000  0.268962
    3  LIG   PB    p5    1.816500  1.816500 -0.404400  1.850000  1.847011
    4  LIG   O2B   o    -0.817300 -0.817300  0.999200  1.500000  1.524060
    5  LIG   O3B   oh   -0.787400 -0.295400  1.521100  1.500000  1.621436
    6  LIG   HO3B  ho    0.492000  0.492000  0.492000  0.800000  0.268962
    7  LIG   O3A   os   -0.812800 -0.812800  2.810200  1.500000  1.578049
    8  LIG   PA    p5    1.806500  1.806500 -0.706200  1.850000  1.847011
    9  LIG   O1A   o    -0.807300 -0.807300  0.999200  1.500000  1.524060
   10  LIG   O2A   oh   -0.767400 -0.273400  1.533100  1.500000  1.621436
   11  LIG   HO2A  ho    0.494000  0.494000  0.494000  0.800000  0.268962
   12  LIG   O5'   os   -0.619200 -0.619200  1.502100  1.500000  1.578049
   13  LIG   C5'   c3    0.156400  0.314800 -0.131600  1.700000  1.698855
   14  LIG   H5'   h1    0.079200  0.079200  0.079200  1.300000  1.210999
   15  LIG   H5''  h1    0.079200  0.079200  0.079200  1.300000  1.210999
   16  LIG   C4'   c3    0.088100  0.172800  0.319800  1.700000  1.698855
   17  LIG   C3'   c3    0.124100  0.244800  0.497600  1.700000  1.698855
   18  LIG   O3'   oh   -0.576800 -0.156800  0.088000  1.500000  1.621436
   19  LIG   HO3'  ho    0.420000  0.420000  0.420000  0.800000  0.268962
   20  LIG   C2'   c3    0.140100  0.236800  0.263900  1.700000  1.698855
   21  LIG   O2'   os   -0.565200 -0.565200  1.330100  1.500000  1.578049
   22  LIG   P2'   p5    1.658500  1.658500 -0.265800  1.850000  1.847011
   23  LIG   OP1   oh   -0.784900 -0.290400  1.368100  1.500000  1.621436
   24  LIG   HO1P  ho    0.494500  0.494500  0.494500  0.800000  0.268962
   25  LIG   OP2   oh   -0.784900 -0.290400  1.368100  1.500000  1.621436
   26  LIG   HO2P  ho    0.494500  0.494500  0.494500  0.800000  0.268962
   27  LIG   O3P   o    -0.778300 -0.778300  0.880200  1.500000  1.524060
   28  LIG   H2'   h1    0.096700  0.096700  0.096700  1.300000  1.210999
   29  LIG   H3'   h1    0.120700  0.120700  0.120700  1.300000  1.210999
   30  LIG   H4'   h1    0.084700  0.084700  0.084700  1.300000  1.210999
   31  LIG   O4'   os   -0.412600 -0.412600  0.107700  1.500000  1.578049
   32  LIG   C1'   c3    0.241800  0.347500 -0.119300  1.700000  1.698855
   33  LIG   H1'   h2    0.105700  0.105700  0.105700  1.300000  1.121909
   34  LIG   N9    na   -0.291000 -0.291000  1.020800  1.550000  1.602905
   35  LIG   C8    cc    0.420700  0.498500 -0.327600  1.700000  1.657606
   36  LIG   H8    h5    0.077800  0.077800  0.077800  1.300000  1.223649
   37  LIG   N7    nd   -0.535100 -0.535100 -0.269800  1.550000  1.692084
   38  LIG   C5    ca   -0.233200 -0.233200  0.463700  1.700000  1.657606
   39  LIG   C6    ca    0.766200  0.766200 -0.303900  1.700000  1.657606
   40  LIG   N6    nh   -0.951500 -0.049900  0.716300  1.550000  1.594976
   41  LIG   H61   hn    0.450800  0.450800  0.450800  1.300000  0.553248
   42  LIG   H62   hn    0.450800  0.450800  0.450800  1.300000  0.553248
   43  LIG   N1    nb   -0.787000 -0.787000  0.732200  1.550000  1.692084
   44  LIG   C2    ca    0.696900  0.753000 -0.803000  1.700000  1.657606
   45  LIG   H2    h5    0.056100  0.056100  0.056100  1.300000  1.223649
   46  LIG   N3    nb   -0.769000 -0.769000  0.449800  1.550000  1.692084
   47  LIG   C4    ca    0.465800  0.465800 -0.827400  1.700000  1.657606

 total system charges (+/-) for PB        0.0020       12.8703      -12.8683
 cavity_surften =        0.0050 cavity_offset =        0.0000

   SAS Surface: surface dots generated:    366

--------------------------------------------------------------------------------
   3.  ATOMIC COORDINATES AND VELOCITIES
--------------------------------------------------------------------------------

default_name                                                                    
 begin time read from input coords =     0.000 ps

 Number of triangulated 3-point waters found:        0

--------------------------------------------------------------------------------
   4.  RESULTS
--------------------------------------------------------------------------------

  NB-update: atom-based nb list      957


======== Setting up Grid Parameters ========
Using bounding box for grid setup
 Bounding Box at level:           2
 Bounding Box Center:      38.000    -6.500    18.500
 Xmin, Xmax, Xmax-Xmin:    34.178    41.606     7.428
 Ymin, Ymax, Ymax-Ymin:   -12.772    -0.153    12.619
 Zmin, Zmax, Zmax-Zmin:    11.439    26.006    14.567
 Grid dimension at level     2    33   43   47
 Grid origin corrected at level     2     29.500   -17.500     6.500
 Bounding Box at level:           1
 Bounding Box Center:      38.000    -6.500    18.500
 Xmin, Xmax, Xmax-Xmin:    34.178    41.606     7.428
 Ymin, Ymax, Ymax-Ymin:   -12.772    -0.153    12.619
 Zmin, Zmax, Zmax-Zmin:    11.439    26.006    14.567
PB Warn in setgrd(): focusing grid too large    2
 fillratio is automatically increased to 2.500
 Grid dimension at level     1     7    9   11
 Grid origin corrected at level     1     22.000   -26.500    -5.500
------- VMD goodie --------
#First Level Geometric Box
draw materials off
draw color green
draw line "   22.000  -26.500   -5.500" "   50.000  -26.500   -5.500"
draw line "   22.000  -26.500   -5.500" "   22.000    9.500   -5.500"
draw line "   22.000  -26.500   -5.500" "   22.000  -26.500   38.500"
draw line "   50.000  -26.500   -5.500" "   50.000    9.500   -5.500"
draw line "   50.000  -26.500   -5.500" "   50.000  -26.500   38.500"
draw line "   22.000    9.500   -5.500" "   50.000    9.500   -5.500"
draw line "   22.000    9.500   -5.500" "   22.000    9.500   38.500"
draw line "   22.000  -26.500   38.500" "   50.000  -26.500   38.500"
draw line "   22.000  -26.500   38.500" "   22.000    9.500   38.500"
draw line "   50.000    9.500   38.500" "   50.000    9.500   -5.500"
draw line "   50.000    9.500   38.500" "   22.000    9.500   38.500"
draw line "   50.000    9.500   38.500" "   50.000  -26.500   38.500"
#2nd Level Geometric Box
draw color blue
draw line "   29.500  -17.500    6.500" "   46.500  -17.500    6.500"
draw line "   29.500  -17.500    6.500" "   29.500    4.500    6.500"
draw line "   29.500  -17.500    6.500" "   29.500  -17.500   30.500"
draw line "   46.500  -17.500    6.500" "   46.500    4.500    6.500"
draw line "   46.500  -17.500    6.500" "   46.500  -17.500   30.500"
draw line "   29.500    4.500    6.500" "   46.500    4.500    6.500"
draw line "   29.500    4.500    6.500" "   29.500    4.500   30.500"
draw line "   29.500  -17.500   30.500" "   46.500  -17.500   30.500"
draw line "   29.500  -17.500   30.500" "   29.500    4.500   30.500"
draw line "   46.500    4.500   30.500" "   46.500    4.500    6.500"
draw line "   46.500    4.500   30.500" "   29.500    4.500   30.500"
draw line "   46.500    4.500   30.500" "   46.500  -17.500   30.500"
--- End VMD goodie --------

======== Setting up Solvent Accessibility Data ========
Setting up working radii
Number of SA srf points exposed  2337
 Number of SA arcs generated   594
 Number of SA arc points exposed        1306 Number of trimer arc points exposed         108
 with resolution (A) = .250000E+00

Atomic solvent accessible surface area:
           1   35.5164774716163
           2    7.4780205459219
           3    3.6265652900046
           4   48.5103106929393
           5   21.3676368528423
           6    5.1515252649684
           7   10.9725702757839
           8    2.9012522320037
           9   35.5164774716163
          10   31.1851997311753
          11    8.1427334833372
          12    8.0850517821566
          13    0.0000000000000
          14    3.5041633467254
          15    4.5053528743612
          16    0.0000000000000
          17    0.0000000000000
          18   28.8751849362734
          19    3.8220993901379
          20    0.0000000000000
          21    4.3312777404410
          22    4.3518783480055
          23   15.8813517149504
          24    7.8103770146296
          25   34.3614700741653
          26    3.6559211557841
          27   49.9540699397530
          28    9.5113005125404
          29   12.7651664773568
          30   10.5124900401762
          31    8.9513073302448
          32    0.3299530644918
          33   11.7639769497210
          34    0.5975892911009
          35   10.2285449992452
          36   14.7675455326285
          37   20.6168305429803
          38    7.2589674188192
          39    7.9188735478027
          40    9.2626340120636
          41   33.0392544119824
          42   28.5339015376211
          43   17.6288840874759
          44   14.1879817731466
          45   28.5339015376211
          46    2.3903571644035
          47    5.2792490318685

 ======== FDPB Summary ========

 Do FDPB every           1 steps
 Nonbonded Update
   residue cutoff is set to   99.9000000000000
   fdpb cutoff is set to    5.0000000000000
   sas cutoff is set to    9.0000000000000
   nonbonded cutoff is set to    0.0000000000000
 Grid Constants
   Grid dimension       7       9      11
   Grid spacing set to     4.000
   Grid boundary
        22.000    54.000
       -26.500    13.500
        -5.500    42.500

 Dielectric Map
   Use cavity radii in the prmtop file

   Use probe-based SES definition
     Compute SAS/SAR every           1 steps
     Solvent probe radius   1.40000000000000
     Surface dots per atom     366
     Buried atom radii increment   0.79800000000000
     Threshhold for exposed atom   0.08000000000000
     Current SAS 633.58567689288293

 Boundary conditions
   sum of grid charges as independent DH spheres

 Physical constants
   Solute dielectric constant  :   1.00000000000000
   Solvent dielectric constant :   80.0000000000000
   Temperature (K)             :   300.000000000000
   Ionic strength (mM)         :   0.00000000000000
   Debye-Huckel parameter (1/A):   0.00000000000000

FD Solver Option
   Use Modified ICCG solver

 Iteration data
   Maximum iterations  :         100
   Convergence criteria:  1.000000000000000E-03
   Iterations required        :     6
   Norm of the constant vector:       139.4372269769
   Norm of the residual vector:      0.0445983098789
   Convergence achieved       :  3.1984507183479573E-04

 Total molecular surface    361.0819

 ======== FDPB Summary ========

 Do FDPB every           1 steps
 Nonbonded Update
   residue cutoff is set to   99.9000000000000
   fdpb cutoff is set to    5.0000000000000
   sas cutoff is set to    9.0000000000000
   nonbonded cutoff is set to    0.0000000000000
 Grid Constants
   Grid dimension      33      43      47
   Grid spacing set to     0.500
   Grid boundary
        29.500    46.500
       -17.500     4.500
         6.500    30.500

 Dielectric Map
   Use cavity radii in the prmtop file

   Use probe-based SES definition
     Compute SAS/SAR every           1 steps
     Solvent probe radius   1.40000000000000
     Surface dots per atom     366
     Buried atom radii increment   0.79800000000000
     Threshhold for exposed atom   0.08000000000000
     Current SAS 633.58567689288293

 Boundary conditions
   sum of grid charges as independent DH spheres

 Physical constants
   Solute dielectric constant  :   1.00000000000000
   Solvent dielectric constant :   80.0000000000000
   Temperature (K)             :   300.000000000000
   Ionic strength (mM)         :   0.00000000000000
   Debye-Huckel parameter (1/A):   0.00000000000000

FD Solver Option
   Use Modified ICCG solver

 Iteration data
   Maximum iterations  :         100
   Convergence criteria:  1.000000000000000E-03
   Iterations required        :    12
   Norm of the constant vector:     96403.0728162173
   Norm of the residual vector:     78.7897649514398
   Convergence achieved       :  8.1729516134454048E-04

 Total surface charge      -0.0017
 Reaction field energy   -108.5691
 Nonpolar SAS/SAV    633.5857      0.0000
 Cavity solvation energy      3.1679

 NSTEP =        1   TIME(PS) =       0.000  TEMP(K) =     0.00  PRESS =     0.0
 Etot   =       321.7106  EKtot   =         0.0000  EPtot      =         0.0000
 BOND   =         0.0000  ANGLE   =         0.0000  DIHED      =         0.0000
 1-4 NB =         0.0000  1-4 EEL =         0.0000  VDWAALS    =        -4.2124
 EELEC  =       431.3242  EPB     =      -108.5691  RESTRAINT  =         0.0000
 ECAVITY=         3.1679  EDISPER =         0.0000
 ------------------------------------------------------------------------------



  Maximum number of minimization cycles reached.


                    FINAL RESULTS


 NSTEP =        1   TIME(PS) =       0.000  TEMP(K) =     0.00  PRESS =     0.0
 Etot   =       321.7106  EKtot   =         0.0000  EPtot      =         0.0000
 BOND   =         0.0000  ANGLE   =         0.0000  DIHED      =         0.0000
 1-4 NB =         0.0000  1-4 EEL =         0.0000  VDWAALS    =        -4.2124
 EELEC  =       431.3242  EPB     =      -108.5691  RESTRAINT  =         0.0000
 ECAVITY=         3.1679  EDISPER =         0.0000
 ------------------------------------------------------------------------------


--------------------------------------------------------------------------------
   5.  TIMINGS
--------------------------------------------------------------------------------

| Total time                     0.05
| Read prm/crd time              0.01
| Force time                     0.04
| Nonbond force                  0.04
| PB Nonbond                     0.04
| PB FD grid                     0.00
| PB Sasa                        0.00
| PB FD force                    0.04
| PB Set linear sys              0.02
| PB Solver                      0.03
| PB SA arc                      0.00
| PB circle                      0.00
| PB exclude                     0.00
| PB exmol                       0.02
| PB exmol setup                 0.00
| PB exmol part b                0.00
| PB exmol part c                0.00
| PB exmol part f                0.01
| PB epsmap                      0.00
|           Job began  at 23:30:13.590  on 09/26/2021
|           Setup done at 23:30:13.597  on 09/26/2021
|           Run   done at 23:30:13.642  on 09/26/2021
|     wallclock() was called     110 times
