
          -------------------------------------------------------
          PBSA VERSION 2019                       UC Irvine
          -------------------------------------------------------

| Run on 09/29/2021 at 22:28:42

File Assignments:
|  MDIN: ../../../scripts/pbsa.in                                              
| MDOUT: complex-pb.out                                                        
|INPCRD: complex.crd                                                           
|  PARM: complex.prmtop                                                        
|

 Here is the input file:

Sample single point PB calculation                                             
&cntrl                                                                         
ipb=1, inp=1                                                                   
/                                                                              
&pb                                                                            
npbverb=1, fillratio=1.5, saopt=1, radiopt=0, epsin=1.0, epsout=80             
/                                                                              
 PBSA Warning in pb_read(): sprob=0.557 is optimized for inp=2 and  should not be used with inp=1. It has been reset to 1.4.
 PBSA Warning in pb_read(): cavity_surften=0.0378 is optimized for inp=2  and should not be used with inp=1. It has been reset to 0.005000.
 PBSA Warning in pb_read(): cavity_offset=-0.5692 is optimized for inp=2  and should not be used with inp=1. It has been reset to 0.000.

--------------------------------------------------------------------------------
   1.  RESOURCE   USE: 
--------------------------------------------------------------------------------

| Flags:                                                                        
| New format PARM file being parsed.
| Version =    1.000 Date = 09/29/21 Time = 22:19:36
 NATOM  =     168 NTYPES =       8 NBONH =      64 MBONA  =     128
 NTHETH =     166 MTHETA =     218 NPHIH =     294 MPHIA  =     518
 NHPARM =       0 NPARM  =       0 NNB   =    1176 NRES   =       2
 NBONA  =     128 NTHETA =     218 NPHIA =     518 NUMBND =       9
 NUMANG =      17 NPTRA  =      13 NATYP =      14 NPHB   =       0
 IFBOX  =       1 NMXRS  =     144 IFCAP =       0 NEXTRA =       0
 NCOPY  =       0


|     Memory Use     Allocated
|     Real                6329
|     Hollerith            508
|     Integer            29265
|     Max Pairs              1
|     Max Rstack             1
|     Max Istack             1
|       Total              165 kbytes

     BOX TYPE: RECTILINEAR

--------------------------------------------------------------------------------
   2.  CONTROL  DATA  FOR  THE  RUN
--------------------------------------------------------------------------------

HST1                                                                            

General flags:
     imin    =       1, nmropt  =       0

Nature and format of input:
     ntx     =       1, irest   =       0, ntrx    =       1

Nature and format of output:
     ntxo    =       1, ntpr    =      50, ntrx    =       1, ntwr    =     500
     iwrap   =       0, ntwx    =       0, ntwv    =       0, ntwe    =       0
     ioutfm  =       0, ntwprt  =       0, idecomp =       0, rbornstat=      0

Potential function:
     ntf     =       1, ntb     =       1, ipb     =       1, nsnb    =      25
     ipol    =       0, gbsa    =       0, iesp    =       0
     dielc   =   1.00000, cut     =   8.00000, intdiel =   1.00000

Frozen or restrained atoms:
     ibelly  =       0, ntr     =       0

Energy minimization:
     maxcyc  =       1, ncyc    =      10, ntmin   =       1
     dx0     =   0.01000, drms    =   0.00010

======== Implicit Solvent Initialization ========

     Max Nonbonded Pairs:    14112    14112

 no. of atoms processed in PB initialization:   168
  NUM  RESI  NAME  TYPE    CHARGE ATM CRG/H   GRP CRG   PB RADI   NP RADI
    1  HST   O1    o    -0.582429 -0.582429  0.221474  1.500000  1.479961
    2  HST   C1    c     0.803903  0.803903 -0.794120  1.700000  1.699835
    3  HST   N1    n    -0.507797 -0.507797  1.089821  1.550000  1.624999
    4  HST   C2    c3    0.235003  0.324106 -0.367382  1.700000  1.699835
    5  HST   C3    c3    0.293003  0.469609 -0.545985  1.700000  1.699835
    6  HST   N2    n    -0.507797 -0.507797  1.089821  1.550000  1.624999
    7  HST   C4    c3    0.235003  0.324106 -0.367382  1.700000  1.699835
    8  HST   C5    c     0.803903  0.803903 -0.793688  1.700000  1.699835
    9  HST   O2    o    -0.581997 -0.581997  0.221906  1.500000  1.479961
   10  HST   N3    n    -0.507797 -0.507797  1.089821  1.550000  1.624999
   11  HST   C6    c3    0.235003  0.324106 -0.367382  1.700000  1.699835
   12  HST   C7    c3    0.293003  0.469609 -0.545985  1.700000  1.699835
   13  HST   N4    n    -0.507797 -0.507797  1.089821  1.550000  1.624999
   14  HST   C8    c3    0.235003  0.324106 -0.367382  1.700000  1.699835
   15  HST   C9    c     0.803903  0.803903 -0.793688  1.700000  1.699835
   16  HST   O3    o    -0.581997 -0.581997  0.221906  1.500000  1.479961
   17  HST   N5    n    -0.507797 -0.507797  1.089821  1.550000  1.624999
   18  HST   C10   c3    0.235003  0.324106 -0.367382  1.700000  1.699835
   19  HST   C11   c3    0.293003  0.469609 -0.545985  1.700000  1.699835
   20  HST   N6    n    -0.507797 -0.507797  1.089821  1.550000  1.624999
   21  HST   C12   c3    0.235003  0.324106 -0.367382  1.700000  1.699835
   22  HST   C13   c     0.803903  0.803903 -0.793688  1.700000  1.699835
   23  HST   O4    o    -0.581997 -0.581997  0.221906  1.500000  1.479961
   24  HST   N7    n    -0.507797 -0.507797  1.089821  1.550000  1.624999
   25  HST   C14   c3    0.235003  0.324106 -0.367382  1.700000  1.699835
   26  HST   C15   c3    0.293003  0.469609 -0.545985  1.700000  1.699835
   27  HST   N8    n    -0.507797 -0.507797  1.089821  1.550000  1.624999
   28  HST   C16   c3    0.235003  0.324106 -0.367382  1.700000  1.699835
   29  HST   C17   c     0.803903  0.803903 -0.793688  1.700000  1.699835
   30  HST   O5    o    -0.581997 -0.581997  0.221906  1.500000  1.479961
   31  HST   N9    n    -0.507797 -0.507797  1.089821  1.550000  1.624999
   32  HST   C18   c3    0.235003  0.324106 -0.367382  1.700000  1.699835
   33  HST   C19   c3    0.293003  0.469609 -0.545985  1.700000  1.699835
   34  HST   N10   n    -0.507797 -0.507797  1.089821  1.550000  1.624999
   35  HST   C20   c3    0.235003  0.324106 -0.367382  1.700000  1.699835
   36  HST   C21   c     0.803903  0.803903 -0.793688  1.700000  1.699835
   37  HST   O6    o    -0.581997 -0.581997  0.221906  1.500000  1.479961
   38  HST   N11   n    -0.507797 -0.507797  1.089821  1.550000  1.624999
   39  HST   C22   c3    0.235003  0.324106 -0.367382  1.700000  1.699835
   40  HST   C23   c3    0.293003  0.469609 -0.545985  1.700000  1.699835
   41  HST   N12   n    -0.507797 -0.507797  1.089821  1.550000  1.624999
   42  HST   C24   c3    0.235003  0.324106 -0.367382  1.700000  1.699835
   43  HST   C25   c     0.803903  0.803903 -0.793688  1.700000  1.699835
   44  HST   O7    o    -0.581997 -0.581997  0.221906  1.500000  1.479961
   45  HST   N13   n    -0.507797 -0.507797  1.089821  1.550000  1.624999
   46  HST   C26   c3    0.235003  0.324106 -0.367382  1.700000  1.699835
   47  HST   C27   c3    0.293003  0.469609 -0.545985  1.700000  1.699835
   48  HST   N14   n    -0.507797 -0.507797  1.089821  1.550000  1.624999
   49  HST   C28   c3    0.235003  0.324106 -0.367382  1.700000  1.699835
   50  HST   C29   c     0.803903  0.803903 -0.793688  1.700000  1.699835
   51  HST   O8    o    -0.581997 -0.581997  0.221906  1.500000  1.479961
   52  HST   N15   n    -0.507797 -0.507797  1.089821  1.550000  1.624999
   53  HST   C30   c3    0.293003  0.469609 -0.545985  1.700000  1.699835
   54  HST   C31   c3    0.235003  0.324106 -0.367382  1.700000  1.699835
   55  HST   N16   n    -0.507797 -0.507797  1.089821  1.550000  1.624999
   56  HST   C32   c3    0.235003  0.324106 -0.367382  1.700000  1.699835
   57  HST   N17   n    -0.507797 -0.507797  1.089821  1.550000  1.624999
   58  HST   C33   c3    0.293003  0.469609 -0.545985  1.700000  1.699835
   59  HST   C34   c     0.803903  0.803903 -0.793688  1.700000  1.699835
   60  HST   O9    o    -0.581997 -0.581997  0.221906  1.500000  1.479961
   61  HST   N18   n    -0.507797 -0.507797  1.089821  1.550000  1.624999
   62  HST   C35   c3    0.293003  0.469609 -0.545985  1.700000  1.699835
   63  HST   N19   n    -0.507797 -0.507797  1.089821  1.550000  1.624999
   64  HST   C36   c     0.803903  0.803903 -0.793688  1.700000  1.699835
   65  HST   O10   o    -0.581997 -0.581997  0.221906  1.500000  1.479961
   66  HST   N20   n    -0.507797 -0.507797  1.089821  1.550000  1.624999
   67  HST   C37   c3    0.293003  0.469609 -0.545985  1.700000  1.699835
   68  HST   N21   n    -0.507797 -0.507797  1.089821  1.550000  1.624999
   69  HST   C38   c     0.803903  0.803903 -0.793688  1.700000  1.699835
   70  HST   O11   o    -0.581997 -0.581997  0.221906  1.500000  1.479961
   71  HST   N22   n    -0.507797 -0.507797  1.089821  1.550000  1.624999
   72  HST   C39   c3    0.293003  0.469609 -0.545985  1.700000  1.699835
   73  HST   N23   n    -0.507797 -0.507797  1.089821  1.550000  1.624999
   74  HST   C40   c     0.803903  0.803903 -0.793688  1.700000  1.699835
   75  HST   O12   o    -0.581997 -0.581997  0.221906  1.500000  1.479961
   76  HST   N24   n    -0.507797 -0.507797  1.089821  1.550000  1.624999
   77  HST   C41   c3    0.293003  0.469609 -0.545985  1.700000  1.699835
   78  HST   N25   n    -0.507797 -0.507797  1.089821  1.550000  1.624999
   79  HST   C42   c     0.803903  0.803903 -0.793688  1.700000  1.699835
   80  HST   O13   o    -0.581997 -0.581997  0.221906  1.500000  1.479961
   81  HST   N26   n    -0.507797 -0.507797  1.089821  1.550000  1.624999
   82  HST   C43   c3    0.293003  0.469609 -0.545985  1.700000  1.699835
   83  HST   N27   n    -0.507797 -0.507797  1.089821  1.550000  1.624999
   84  HST   C44   c     0.803903  0.803903 -0.793688  1.700000  1.699835
   85  HST   O14   o    -0.581997 -0.581997  0.221906  1.500000  1.479961
   86  HST   N28   n    -0.507797 -0.507797  1.089821  1.550000  1.624999
   87  HST   C45   c3    0.293003  0.469609 -0.545985  1.700000  1.699835
   88  HST   N29   n    -0.507797 -0.507797  1.089821  1.550000  1.624999
   89  HST   C46   c     0.803903  0.803903 -0.793688  1.700000  1.699835
   90  HST   O15   o    -0.581997 -0.581997  0.221906  1.500000  1.479961
   91  HST   N30   n    -0.507797 -0.507797  1.089821  1.550000  1.624999
   92  HST   C47   c3    0.293003  0.469609 -0.545985  1.700000  1.699835
   93  HST   N31   n    -0.507797 -0.507797  1.089821  1.550000  1.624999
   94  HST   C48   c     0.803903  0.803903 -0.793688  1.700000  1.699835
   95  HST   N32   n    -0.507797 -0.507797  1.089821  1.550000  1.624999
   96  HST   O16   o    -0.581997 -0.581997  0.221906  1.500000  1.479961
   97  HST   H1    h2    0.089103  0.089103  0.089103  1.300000  1.146587
   98  HST   H2    h2    0.088303  0.088303  0.088303  1.300000  1.146587
   99  HST   H3    h2    0.088303  0.088303  0.088303  1.300000  1.146587
  100  HST   H4    h2    0.089103  0.089103  0.089103  1.300000  1.146587
  101  HST   H5    h2    0.089103  0.089103  0.089103  1.300000  1.146587
  102  HST   H6    h2    0.088303  0.088303  0.088303  1.300000  1.146587
  103  HST   H7    h2    0.088303  0.088303  0.088303  1.300000  1.146587
  104  HST   H8    h2    0.089103  0.089103  0.089103  1.300000  1.146587
  105  HST   H9    h2    0.089103  0.089103  0.089103  1.300000  1.146587
  106  HST   H10   h2    0.088303  0.088303  0.088303  1.300000  1.146587
  107  HST   H11   h2    0.088303  0.088303  0.088303  1.300000  1.146587
  108  HST   H12   h2    0.089103  0.089103  0.089103  1.300000  1.146587
  109  HST   H13   h2    0.089103  0.089103  0.089103  1.300000  1.146587
  110  HST   H14   h2    0.088303  0.088303  0.088303  1.300000  1.146587
  111  HST   H15   h2    0.088303  0.088303  0.088303  1.300000  1.146587
  112  HST   H16   h2    0.089103  0.089103  0.089103  1.300000  1.146587
  113  HST   H17   h2    0.089103  0.089103  0.089103  1.300000  1.146587
  114  HST   H18   h2    0.088303  0.088303  0.088303  1.300000  1.146587
  115  HST   H19   h2    0.088303  0.088303  0.088303  1.300000  1.146587
  116  HST   H20   h2    0.089103  0.089103  0.089103  1.300000  1.146587
  117  HST   H21   h2    0.089103  0.089103  0.089103  1.300000  1.146587
  118  HST   H22   h2    0.088303  0.088303  0.088303  1.300000  1.146587
  119  HST   H23   h2    0.088303  0.088303  0.088303  1.300000  1.146587
  120  HST   H24   h2    0.089103  0.089103  0.089103  1.300000  1.146587
  121  HST   H25   h2    0.089103  0.089103  0.089103  1.300000  1.146587
  122  HST   H26   h2    0.088303  0.088303  0.088303  1.300000  1.146587
  123  HST   H27   h2    0.088303  0.088303  0.088303  1.300000  1.146587
  124  HST   H28   h2    0.089103  0.089103  0.089103  1.300000  1.146587
  125  HST   H29   h2    0.088303  0.088303  0.088303  1.300000  1.146587
  126  HST   H30   h2    0.088303  0.088303  0.088303  1.300000  1.146587
  127  HST   H31   h2    0.089103  0.089103  0.089103  1.300000  1.146587
  128  HST   H32   h2    0.089103  0.089103  0.089103  1.300000  1.146587
  129  HST   H33   h2    0.088303  0.088303  0.088303  1.300000  1.146587
  130  HST   H34   h2    0.088303  0.088303  0.088303  1.300000  1.146587
  131  HST   H35   h2    0.088303  0.088303  0.088303  1.300000  1.146587
  132  HST   H36   h2    0.088303  0.088303  0.088303  1.300000  1.146587
  133  HST   H37   h2    0.088303  0.088303  0.088303  1.300000  1.146587
  134  HST   H38   h2    0.088303  0.088303  0.088303  1.300000  1.146587
  135  HST   H39   h2    0.088303  0.088303  0.088303  1.300000  1.146587
  136  HST   H40   h2    0.088303  0.088303  0.088303  1.300000  1.146587
  137  HST   H41   h2    0.088303  0.088303  0.088303  1.300000  1.146587
  138  HST   H42   h2    0.088303  0.088303  0.088303  1.300000  1.146587
  139  HST   H43   h2    0.088303  0.088303  0.088303  1.300000  1.146587
  140  HST   H44   h2    0.088303  0.088303  0.088303  1.300000  1.146587
  141  HST   H45   h2    0.088303  0.088303  0.088303  1.300000  1.146587
  142  HST   H46   h2    0.088303  0.088303  0.088303  1.300000  1.146587
  143  HST   H47   h2    0.088303  0.088303  0.088303  1.300000  1.146587
  144  HST   H48   h2    0.088303  0.088303  0.088303  1.300000  1.146587
  145  GST   C1    c3   -0.113701  0.086473  0.423108  1.700000  1.699835
  146  GST   C2    c3   -0.113613  0.086561  0.423108  1.700000  1.699835
  147  GST   C3    c3   -0.113613  0.086561  0.423196  1.700000  1.699835
  148  GST   C4    c3   -0.113613  0.086561  0.423196  1.700000  1.699835
  149  GST   C5    c3    0.117187  0.250074  0.999956  1.700000  1.699835
  150  GST   C6    c3    0.117187  0.250074  1.000044  1.700000  1.699835
  151  GST   N1    n4   -0.841213  0.576848  0.826922  1.550000  1.624999
  152  GST   N2    n4   -0.841213  0.576848  0.826922  1.550000  1.624999
  153  GST   H1    hc    0.100087  0.100087  0.100087  1.300000  1.324766
  154  GST   H2    hc    0.100087  0.100087  0.100087  1.300000  1.324766
  155  GST   H3    hc    0.100087  0.100087  0.100087  1.300000  1.324766
  156  GST   H4    hc    0.100087  0.100087  0.100087  1.300000  1.324766
  157  GST   H5    hc    0.100087  0.100087  0.100087  1.300000  1.324766
  158  GST   H6    hc    0.100087  0.100087  0.100087  1.300000  1.324766
  159  GST   H7    hc    0.100087  0.100087  0.100087  1.300000  1.324766
  160  GST   H8    hc    0.100087  0.100087  0.100087  1.300000  1.324766
  161  GST   H9    hx    0.132887  0.132887  0.132887  1.300000  0.979989
  162  GST   H10   hx    0.132887  0.132887  0.132887  1.300000  0.979989
  163  GST   H11   hn    0.472687  0.472687  0.472687  1.300000  0.534539
  164  GST   H12   hn    0.472687  0.472687  0.472687  1.300000  0.534539
  165  GST   H13   hn    0.472687  0.472687  0.472687  1.300000  0.534539
  166  GST   H14   hn    0.472687  0.472687  0.472687  1.300000  0.534539
  167  GST   H15   hn    0.472687  0.472687  0.472687  1.300000  0.534539
  168  GST   H16   hn    0.472687  0.472687  0.472687  1.300000  0.534539

 total system charges (+/-) for PB        2.0000       29.6989      -27.6989
 cavity_surften =        0.0050 cavity_offset =        0.0000

   SAS Surface: surface dots generated:    366

--------------------------------------------------------------------------------
   3.  ATOMIC COORDINATES AND VELOCITIES
--------------------------------------------------------------------------------

Cpptraj Generated Restart                                                       
 begin time read from input coords =     0.000 ps

 Number of triangulated 3-point waters found:        0

--------------------------------------------------------------------------------
   4.  RESULTS
--------------------------------------------------------------------------------

  NB-update: atom-based nb list     8273


======== Setting up Grid Parameters ========
Using bounding box for grid setup
 Bounding Box at level:           2
 Bounding Box Center:      22.500    22.500    22.500
 Xmin, Xmax, Xmax-Xmin:    17.672    27.063     9.391
 Ymin, Ymax, Ymax-Ymin:    14.010    31.308    17.299
 Zmin, Zmax, Zmax-Zmin:    13.528    31.783    18.255
 Grid dimension at level     2    37   53   55
 Grid origin corrected at level     2     13.000     9.000     8.500
 Bounding Box at level:           1
 Bounding Box Center:      22.500    22.500    22.500
 Xmin, Xmax, Xmax-Xmin:    17.672    27.063     9.391
 Ymin, Ymax, Ymax-Ymin:    14.010    31.308    17.299
 Zmin, Zmax, Zmax-Zmin:    13.528    31.783    18.255
PB Warn in setgrd(): focusing grid too large    2
 fillratio is automatically increased to 2.500
 Grid dimension at level     1     7   13   13
 Grid origin corrected at level     1      6.500    -5.500    -5.500
------- VMD goodie --------
#First Level Geometric Box
draw materials off
draw color green
draw line "    6.500   -5.500   -5.500" "   34.500   -5.500   -5.500"
draw line "    6.500   -5.500   -5.500" "    6.500   46.500   -5.500"
draw line "    6.500   -5.500   -5.500" "    6.500   -5.500   46.500"
draw line "   34.500   -5.500   -5.500" "   34.500   46.500   -5.500"
draw line "   34.500   -5.500   -5.500" "   34.500   -5.500   46.500"
draw line "    6.500   46.500   -5.500" "   34.500   46.500   -5.500"
draw line "    6.500   46.500   -5.500" "    6.500   46.500   46.500"
draw line "    6.500   -5.500   46.500" "   34.500   -5.500   46.500"
draw line "    6.500   -5.500   46.500" "    6.500   46.500   46.500"
draw line "   34.500   46.500   46.500" "   34.500   46.500   -5.500"
draw line "   34.500   46.500   46.500" "    6.500   46.500   46.500"
draw line "   34.500   46.500   46.500" "   34.500   -5.500   46.500"
#2nd Level Geometric Box
draw color blue
draw line "   13.000    9.000    8.500" "   32.000    9.000    8.500"
draw line "   13.000    9.000    8.500" "   13.000   36.000    8.500"
draw line "   13.000    9.000    8.500" "   13.000    9.000   36.500"
draw line "   32.000    9.000    8.500" "   32.000   36.000    8.500"
draw line "   32.000    9.000    8.500" "   32.000    9.000   36.500"
draw line "   13.000   36.000    8.500" "   32.000   36.000    8.500"
draw line "   13.000   36.000    8.500" "   13.000   36.000   36.500"
draw line "   13.000    9.000   36.500" "   32.000    9.000   36.500"
draw line "   13.000    9.000   36.500" "   13.000   36.000   36.500"
draw line "   32.000   36.000   36.500" "   32.000   36.000    8.500"
draw line "   32.000   36.000   36.500" "   13.000   36.000   36.500"
draw line "   32.000   36.000   36.500" "   32.000    9.000   36.500"
--- End VMD goodie --------

======== Setting up Solvent Accessibility Data ========
Setting up working radii
Number of SA srf points exposed  4533
 Number of SA arcs generated  3757
 Number of SA arc points exposed        3105 Number of trimer arc points exposed         402
 with resolution (A) = .250000E+00

Atomic solvent accessible surface area:
           1   13.8600887694112
           2    2.3096714514425
           3    0.0000000000000
           4    0.0000000000000
           5    0.6599061289836
           6    0.0000000000000
           7    0.0000000000000
           8    3.9594367739014
           9   14.1488406187740
          10    0.2987946455504
          11    0.0000000000000
          12    1.3198122579671
          13    0.2987946455504
          14    0.0000000000000
          15    3.6294837094096
          16   16.4588554136758
          17    0.0000000000000
          18    0.0000000000000
          19    1.3198122579671
          20    0.0000000000000
          21    0.0000000000000
          22    3.2995306449178
          23   15.3038480162249
          24    0.0000000000000
          25    0.0000000000000
          26    1.3198122579671
          27    0.2987946455504
          28    0.0000000000000
          29    3.9594367739014
          30   20.2126294553914
          31    0.0000000000000
          32    0.0000000000000
          33    0.3299530644918
          34    0.0000000000000
          35    0.0000000000000
          36    6.5990612898356
          37   23.3888997983815
          38    0.0000000000000
          39    0.0000000000000
          40    1.3198122579671
          41    0.2987946455504
          42    0.0000000000000
          43    7.2589674188192
          44   21.3676368528423
          45    0.0000000000000
          46    0.0000000000000
          47    0.9898591934753
          48    0.2987946455504
          49    0.0000000000000
          50    5.2792490318685
          51   17.6138628111268
          52    0.0000000000000
          53    0.9898591934753
          54    0.0000000000000
          55    0.0000000000000
          56    0.0000000000000
          57    0.2987946455504
          58    1.3198122579671
          59    2.9695775804260
          60   19.6351257566659
          61    0.0000000000000
          62    0.9898591934753
          63    0.0000000000000
          64    2.6396245159342
          65   17.9026146604895
          66    0.0000000000000
          67    1.3198122579671
          68    0.2987946455504
          69    3.6294837094096
          70   15.5925998655876
          71    0.0000000000000
          72    1.6497653224589
          73    0.2987946455504
          74    3.6294837094096
          75   16.1701035643131
          76    0.2987946455504
          77    1.3198122579671
          78    0.2987946455504
          79    3.6294837094096
          80   17.9026146604895
          81    0.0000000000000
          82    0.9898591934753
          83    0.0000000000000
          84    6.9290143543274
          85   20.7901331541168
          86    0.2987946455504
          87    1.3198122579671
          88    0.2987946455504
          89    6.9290143543274
          90   20.2126294553914
          91    0.2987946455504
          92    1.9797183869507
          93    0.0000000000000
          94    3.9594367739014
          95    0.2987946455504
          96   18.4801183592150
          97   14.2669507688106
          98   10.5124900401762
          99   19.5231957888987
         100   14.2669507688106
         101   16.5196272059912
         102   13.2657612411747
         103   17.5208167336270
         104   16.2693298240822
         105   15.7687350602643
         106   11.7639769497210
         107   17.5208167336270
         108   15.7687350602643
         109   15.5184376783554
         110   19.2728984069897
         111   12.0142743316300
         112   15.2681402964464
         113   14.7675455326285
         114   18.7723036431718
         115   11.5136795678120
         116   16.0190324421733
         117   15.5184376783554
         118   18.2717088793539
         119   12.2645717135389
         120   15.2681402964464
         121   16.0190324421733
         122   18.0214114974449
         123   13.0154638592658
         124   16.7699245879001
         125   11.5136795678120
         126   18.5220062612628
         127   16.5196272059912
         128   15.2681402964464
         129   18.5220062612628
         130   13.0154638592658
         131   19.2728984069897
         132   10.0118952763583
         133   17.7711141155360
         134   12.0142743316300
         135   18.0214114974449
         136   13.0154638592658
         137   12.0142743316300
         138   18.2717088793539
         139   11.2633821859031
         140   19.5231957888987
         141   11.7639769497210
         142   18.2717088793539
         143   13.2657612411747
         144   17.7711141155360
         145    0.0000000000000
         146    0.0000000000000
         147    0.0000000000000
         148    0.0000000000000
         149    0.0000000000000
         150    0.0000000000000
         151    0.0000000000000
         152    0.0000000000000
         153    0.0000000000000
         154    0.2502973819090
         155    8.2598136029956
         156    2.7532712009985
         157    6.0071371658150
         158    0.0000000000000
         159    0.0000000000000
         160    3.0035685829075
         161   11.0130848039941
         162    0.0000000000000
         163    0.0000000000000
         164    1.0011895276358
         165   22.5267643718062
         166   11.5136795678120
         167    0.0000000000000
         168    9.2610031306314

 ======== FDPB Summary ========

 Do FDPB every           1 steps
 Nonbonded Update
   residue cutoff is set to   99.9000000000000
   fdpb cutoff is set to    5.0000000000000
   sas cutoff is set to    9.0000000000000
   nonbonded cutoff is set to    0.0000000000000
 Grid Constants
   Grid dimension       7      13      13
   Grid spacing set to     4.000
   Grid boundary
         6.500    38.500
        -5.500    50.500
        -5.500    50.500

 Dielectric Map
   Use cavity radii in the prmtop file

   Use probe-based SES definition
     Compute SAS/SAR every           1 steps
     Solvent probe radius   1.40000000000000
     Surface dots per atom     366
     Buried atom radii increment   0.79800000000000
     Threshhold for exposed atom   0.08000000000000
     Current SAS1195.43626146804240

 Boundary conditions
   sum of grid charges as independent DH spheres

 Physical constants
   Solute dielectric constant  :   1.00000000000000
   Solvent dielectric constant :   80.0000000000000
   Temperature (K)             :   300.000000000000
   Ionic strength (mM)         :   0.00000000000000
   Debye-Huckel parameter (1/A):   0.00000000000000

FD Solver Option
   Use Modified ICCG solver

 Iteration data
   Maximum iterations  :         100
   Convergence criteria:  1.000000000000000E-03
   Iterations required        :     6
   Norm of the constant vector:      1058.1918490934
   Norm of the residual vector:      0.5977966827065
   Convergence achieved       :  5.6492278145846904E-04

 Total molecular surface    881.9912

 ======== FDPB Summary ========

 Do FDPB every           1 steps
 Nonbonded Update
   residue cutoff is set to   99.9000000000000
   fdpb cutoff is set to    5.0000000000000
   sas cutoff is set to    9.0000000000000
   nonbonded cutoff is set to    0.0000000000000
 Grid Constants
   Grid dimension      37      53      55
   Grid spacing set to     0.500
   Grid boundary
        13.000    32.000
         9.000    36.000
         8.500    36.500

 Dielectric Map
   Use cavity radii in the prmtop file

   Use probe-based SES definition
     Compute SAS/SAR every           1 steps
     Solvent probe radius   1.40000000000000
     Surface dots per atom     366
     Buried atom radii increment   0.79800000000000
     Threshhold for exposed atom   0.08000000000000
     Current SAS1195.43626146804240

 Boundary conditions
   sum of grid charges as independent DH spheres

 Physical constants
   Solute dielectric constant  :   1.00000000000000
   Solvent dielectric constant :   80.0000000000000
   Temperature (K)             :   300.000000000000
   Ionic strength (mM)         :   0.00000000000000
   Debye-Huckel parameter (1/A):   0.00000000000000

FD Solver Option
   Use Modified ICCG solver

 Iteration data
   Maximum iterations  :         100
   Convergence criteria:  1.000000000000000E-03
   Iterations required        :    15
   Norm of the constant vector:    234665.8024885795
   Norm of the residual vector:    234.1670526133947
   Convergence achieved       :  9.9787463759143575E-04

 Total surface charge      -1.9742
 Reaction field energy   -228.7908
 Nonpolar SAS/SAV   1195.4363      0.0000
 Cavity solvation energy      5.9772

 NSTEP =        1   TIME(PS) =       0.000  TEMP(K) =     0.00  PRESS =     0.0
 Etot   =      1449.6802  EKtot   =         0.0000  EPtot      =         0.0000
 BOND   =         0.0000  ANGLE   =         0.0000  DIHED      =         0.0000
 1-4 NB =         0.0000  1-4 EEL =         0.0000  VDWAALS    =       -70.6514
 EELEC  =      1743.1452  EPB     =      -228.7908  RESTRAINT  =         0.0000
 ECAVITY=         5.9772  EDISPER =         0.0000
 ------------------------------------------------------------------------------



  Maximum number of minimization cycles reached.


                    FINAL RESULTS


 NSTEP =        1   TIME(PS) =       0.000  TEMP(K) =     0.00  PRESS =     0.0
 Etot   =      1449.6802  EKtot   =         0.0000  EPtot      =         0.0000
 BOND   =         0.0000  ANGLE   =         0.0000  DIHED      =         0.0000
 1-4 NB =         0.0000  1-4 EEL =         0.0000  VDWAALS    =       -70.6514
 EELEC  =      1743.1452  EPB     =      -228.7908  RESTRAINT  =         0.0000
 ECAVITY=         5.9772  EDISPER =         0.0000
 ------------------------------------------------------------------------------


--------------------------------------------------------------------------------
   5.  TIMINGS
--------------------------------------------------------------------------------

| Total time                     0.15
| Read prm/crd time              0.00
| Force time                     0.14
| Nonbond force                  0.14
| PB Nonbond                     0.14
| PB NB list                     0.00
| PB Sasa                        0.03
| PB FD force                    0.14
| PB Set linear sys              0.07
| PB Solver                      0.07
| PB SA srf                      0.00
| PB SA arc                      0.03
| PB SA arc setup                0.00
| PB circle                      0.02
| PB exclude                     0.01
| PB exmol                       0.07
| PB exmol setup                 0.01
| PB exmol part a                0.00
| PB exmol part b                0.00
| PB exmol part c                0.00
| PB exmol part e                0.00
| PB exmol part f                0.02
| PB epsbnd                      0.00
| PB epsmap                      0.00
|           Job began  at 22:28:42.384  on 09/29/2021
|           Setup done at 22:28:42.389  on 09/29/2021
|           Run   done at 22:28:42.530  on 09/29/2021
|     wallclock() was called     110 times
