
          -------------------------------------------------------
          PBSA VERSION 2019                       UC Irvine
          -------------------------------------------------------

| Run on 08/29/2021 at 20:51:47

File Assignments:
|  MDIN: ../pbsa-script/mdin.in                                                
| MDOUT: complex-pb.out                                                        
|INPCRD: complex.crd                                                           
|  PARM: complex.prmtop                                                        
|

 Here is the input file:

Sample single point PB calculation                                             
&cntrl                                                                         
ipb=1, inp=1                                                                   
/                                                                              
&pb                                                                            
npbverb=1, fillratio=1.5, saopt=1, radiopt=0, epsin=1.0, epsout=80             
/                                                                              
 PBSA Warning in pb_read(): sprob=0.557 is optimized for inp=2 and  should not be used with inp=1. It has been reset to 1.4.
 PBSA Warning in pb_read(): cavity_surften=0.0378 is optimized for inp=2  and should not be used with inp=1. It has been reset to 0.005000.
 PBSA Warning in pb_read(): cavity_offset=-0.5692 is optimized for inp=2  and should not be used with inp=1. It has been reset to 0.000.

--------------------------------------------------------------------------------
   1.  RESOURCE   USE: 
--------------------------------------------------------------------------------

| Flags:                                                                        
| New format PARM file being parsed.
| Version =    1.000 Date = 08/29/21 Time = 13:30:02
 NATOM  =     148 NTYPES =       9 NBONH =      73 MBONA  =      80
 NTHETH =     169 MTHETA =     116 NPHIH =     303 MPHIA  =     229
 NHPARM =       0 NPARM  =       0 NNB   =     874 NRES   =       7
 NBONA  =      80 NTHETA =     116 NPHIA =     229 NUMBND =      10
 NUMANG =      19 NPTRA  =      28 NATYP =      14 NPHB   =       0
 IFBOX  =       1 NMXRS  =      22 IFCAP =       0 NEXTRA =       0
 NCOPY  =       0


|     Memory Use     Allocated
|     Real                5532
|     Hollerith            453
|     Integer            26690
|     Max Pairs              1
|     Max Rstack             1
|     Max Istack             1
|       Total              149 kbytes

     BOX TYPE: RECTILINEAR

--------------------------------------------------------------------------------
   2.  CONTROL  DATA  FOR  THE  RUN
--------------------------------------------------------------------------------

default_name                                                                    

General flags:
     imin    =       1, nmropt  =       0

Nature and format of input:
     ntx     =       1, irest   =       0, ntrx    =       1

Nature and format of output:
     ntxo    =       1, ntpr    =      50, ntrx    =       1, ntwr    =     500
     iwrap   =       0, ntwx    =       0, ntwv    =       0, ntwe    =       0
     ioutfm  =       0, ntwprt  =       0, idecomp =       0, rbornstat=      0

Potential function:
     ntf     =       1, ntb     =       1, ipb     =       1, nsnb    =      25
     ipol    =       0, gbsa    =       0, iesp    =       0
     dielc   =   1.00000, cut     =   8.00000, intdiel =   1.00000

Frozen or restrained atoms:
     ibelly  =       0, ntr     =       0

Energy minimization:
     maxcyc  =       1, ncyc    =      10, ntmin   =       1
     dx0     =   0.01000, drms    =   0.00010

======== Implicit Solvent Initialization ========

     Max Nonbonded Pairs:    10952    10952

 no. of atoms processed in PB initialization:   148
  NUM  RESI  NAME  TYPE    CHARGE ATM CRG/H   GRP CRG   PB RADI   NP RADI
    1  MGO   C1    CG    0.042700  0.203700 -0.283400  1.700000  1.699835
    2  MGO   H1    H2    0.161000  0.000000  0.000000  1.300000  1.146587
    3  MGO   O1    OS   -0.322900 -0.322900  0.080400  1.500000  1.500006
    4  MGO   C2    CG    0.137600  0.202600  0.508600  1.700000  1.699835
    5  MGO   H2    H1    0.065000  0.000000  0.000000  1.300000  1.235677
    6  MGO   O2    OH   -0.634600 -0.198000  0.004600  1.500000  1.533237
    7  MGO   HO2   HO    0.436600  0.000000  0.000000  0.800000  0.000000
    8  MGO   C3    CG    0.122400  0.300300  0.504500  1.700000  1.699835
    9  MGO   H3    H1    0.177900  0.000000  0.000000  1.300000  1.235677
   10  MGO   O3    OH   -0.620000 -0.198000  0.102300  1.500000  1.533237
   11  MGO   HO3   HO    0.422000  0.000000  0.000000  0.800000  0.000000
   12  MGO   C4    CG    0.040100  0.199600  0.311900  1.700000  1.699835
   13  MGO   H4    H1    0.159500  0.000000  0.000000  1.300000  1.235677
   14  MGO   C5    CG    0.019300  0.134900  0.210300  1.700000  1.699835
   15  MGO   H5    H1    0.115600  0.000000  0.000000  1.300000  1.235677
   16  MGO   O5    OS   -0.366800 -0.366800 -0.028200  1.500000  1.500006
   17  MGO   C6    CG    0.191800  0.242600  0.179500  1.700000  1.699835
   18  MGO   H61   H1    0.025400  0.000000  0.000000  1.300000  1.235677
   19  MGO   H62   H1    0.025400  0.000000  0.000000  1.300000  1.235677
   20  MGO   O6    OH   -0.607700 -0.198000  0.044600  1.500000  1.533237
   21  MGO   HO6   HO    0.409700  0.000000  0.000000  0.800000  0.000000
   22  MGO   C1    CG    0.042700  0.203700 -0.283400  1.700000  1.699835
   23  MGO   H1    H2    0.161000  0.000000  0.000000  1.300000  1.146587
   24  MGO   O1    OS   -0.322900 -0.322900  0.080400  1.500000  1.500006
   25  MGO   C2    CG    0.137600  0.202600  0.508600  1.700000  1.699835
   26  MGO   H2    H1    0.065000  0.000000  0.000000  1.300000  1.235677
   27  MGO   O2    OH   -0.634600 -0.198000  0.004600  1.500000  1.533237
   28  MGO   HO2   HO    0.436600  0.000000  0.000000  0.800000  0.000000
   29  MGO   C3    CG    0.122400  0.300300  0.504500  1.700000  1.699835
   30  MGO   H3    H1    0.177900  0.000000  0.000000  1.300000  1.235677
   31  MGO   O3    OH   -0.620000 -0.198000  0.102300  1.500000  1.533237
   32  MGO   HO3   HO    0.422000  0.000000  0.000000  0.800000  0.000000
   33  MGO   C4    CG    0.040100  0.199600  0.311900  1.700000  1.699835
   34  MGO   H4    H1    0.159500  0.000000  0.000000  1.300000  1.235677
   35  MGO   C5    CG    0.019300  0.134900  0.210300  1.700000  1.699835
   36  MGO   H5    H1    0.115600  0.000000  0.000000  1.300000  1.235677
   37  MGO   O5    OS   -0.366800 -0.366800 -0.028200  1.500000  1.500006
   38  MGO   C6    CG    0.191800  0.242600  0.179500  1.700000  1.699835
   39  MGO   H61   H1    0.025400  0.000000  0.000000  1.300000  1.235677
   40  MGO   H62   H1    0.025400  0.000000  0.000000  1.300000  1.235677
   41  MGO   O6    OH   -0.607700 -0.198000  0.044600  1.500000  1.533237
   42  MGO   HO6   HO    0.409700  0.000000  0.000000  0.800000  0.000000
   43  MGO   C1    CG    0.042700  0.203700 -0.283400  1.700000  1.699835
   44  MGO   H1    H2    0.161000  0.000000  0.000000  1.300000  1.146587
   45  MGO   O1    OS   -0.322900 -0.322900  0.080400  1.500000  1.500006
   46  MGO   C2    CG    0.137600  0.202600  0.508600  1.700000  1.699835
   47  MGO   H2    H1    0.065000  0.000000  0.000000  1.300000  1.235677
   48  MGO   O2    OH   -0.634600 -0.198000  0.004600  1.500000  1.533237
   49  MGO   HO2   HO    0.436600  0.000000  0.000000  0.800000  0.000000
   50  MGO   C3    CG    0.122400  0.300300  0.504500  1.700000  1.699835
   51  MGO   H3    H1    0.177900  0.000000  0.000000  1.300000  1.235677
   52  MGO   O3    OH   -0.620000 -0.198000  0.102300  1.500000  1.533237
   53  MGO   HO3   HO    0.422000  0.000000  0.000000  0.800000  0.000000
   54  MGO   C4    CG    0.040100  0.199600  0.311900  1.700000  1.699835
   55  MGO   H4    H1    0.159500  0.000000  0.000000  1.300000  1.235677
   56  MGO   C5    CG    0.019300  0.134900  0.210300  1.700000  1.699835
   57  MGO   H5    H1    0.115600  0.000000  0.000000  1.300000  1.235677
   58  MGO   O5    OS   -0.366800 -0.366800 -0.028200  1.500000  1.500006
   59  MGO   C6    CG    0.191800  0.242600  0.179500  1.700000  1.699835
   60  MGO   H61   H1    0.025400  0.000000  0.000000  1.300000  1.235677
   61  MGO   H62   H1    0.025400  0.000000  0.000000  1.300000  1.235677
   62  MGO   O6    OH   -0.607700 -0.198000  0.044600  1.500000  1.533237
   63  MGO   HO6   HO    0.409700  0.000000  0.000000  0.800000  0.000000
   64  MGO   C1    CG    0.042700  0.203700 -0.283400  1.700000  1.699835
   65  MGO   H1    H2    0.161000  0.000000  0.000000  1.300000  1.146587
   66  MGO   O1    OS   -0.322900 -0.322900  0.080400  1.500000  1.500006
   67  MGO   C2    CG    0.137600  0.202600  0.508600  1.700000  1.699835
   68  MGO   H2    H1    0.065000  0.000000  0.000000  1.300000  1.235677
   69  MGO   O2    OH   -0.634600 -0.198000  0.004600  1.500000  1.533237
   70  MGO   HO2   HO    0.436600  0.000000  0.000000  0.800000  0.000000
   71  MGO   C3    CG    0.122400  0.300300  0.504500  1.700000  1.699835
   72  MGO   H3    H1    0.177900  0.000000  0.000000  1.300000  1.235677
   73  MGO   O3    OH   -0.620000 -0.198000  0.102300  1.500000  1.533237
   74  MGO   HO3   HO    0.422000  0.000000  0.000000  0.800000  0.000000
   75  MGO   C4    CG    0.040100  0.199600  0.311900  1.700000  1.699835
   76  MGO   H4    H1    0.159500  0.000000  0.000000  1.300000  1.235677
   77  MGO   C5    CG    0.019300  0.134900  0.210300  1.700000  1.699835
   78  MGO   H5    H1    0.115600  0.000000  0.000000  1.300000  1.235677
   79  MGO   O5    OS   -0.366800 -0.366800 -0.028200  1.500000  1.500006
   80  MGO   C6    CG    0.191800  0.242600  0.179500  1.700000  1.699835
   81  MGO   H61   H1    0.025400  0.000000  0.000000  1.300000  1.235677
   82  MGO   H62   H1    0.025400  0.000000  0.000000  1.300000  1.235677
   83  MGO   O6    OH   -0.607700 -0.198000  0.044600  1.500000  1.533237
   84  MGO   HO6   HO    0.409700  0.000000  0.000000  0.800000  0.000000
   85  MGO   C1    CG    0.042700  0.203700 -0.283400  1.700000  1.699835
   86  MGO   H1    H2    0.161000  0.000000  0.000000  1.300000  1.146587
   87  MGO   O1    OS   -0.322900 -0.322900  0.080400  1.500000  1.500006
   88  MGO   C2    CG    0.137600  0.202600  0.508600  1.700000  1.699835
   89  MGO   H2    H1    0.065000  0.000000  0.000000  1.300000  1.235677
   90  MGO   O2    OH   -0.634600 -0.198000  0.004600  1.500000  1.533237
   91  MGO   HO2   HO    0.436600  0.000000  0.000000  0.800000  0.000000
   92  MGO   C3    CG    0.122400  0.300300  0.504500  1.700000  1.699835
   93  MGO   H3    H1    0.177900  0.000000  0.000000  1.300000  1.235677
   94  MGO   O3    OH   -0.620000 -0.198000  0.102300  1.500000  1.533237
   95  MGO   HO3   HO    0.422000  0.000000  0.000000  0.800000  0.000000
   96  MGO   C4    CG    0.040100  0.199600  0.311900  1.700000  1.699835
   97  MGO   H4    H1    0.159500  0.000000  0.000000  1.300000  1.235677
   98  MGO   C5    CG    0.019300  0.134900  0.210300  1.700000  1.699835
   99  MGO   H5    H1    0.115600  0.000000  0.000000  1.300000  1.235677
  100  MGO   O5    OS   -0.366800 -0.366800 -0.028200  1.500000  1.500006
  101  MGO   C6    CG    0.191800  0.242600  0.179500  1.700000  1.699835
  102  MGO   H61   H1    0.025400  0.000000  0.000000  1.300000  1.235677
  103  MGO   H62   H1    0.025400  0.000000  0.000000  1.300000  1.235677
  104  MGO   O6    OH   -0.607700 -0.198000  0.044600  1.500000  1.533237
  105  MGO   HO6   HO    0.409700  0.000000  0.000000  0.800000  0.000000
  106  MGO   C1    CG    0.042700  0.203700 -0.283400  1.700000  1.699835
  107  MGO   H1    H2    0.161000  0.000000  0.000000  1.300000  1.146587
  108  MGO   O1    OS   -0.322900 -0.322900  0.080400  1.500000  1.500006
  109  MGO   C2    CG    0.137600  0.202600  0.508600  1.700000  1.699835
  110  MGO   H2    H1    0.065000  0.000000  0.000000  1.300000  1.235677
  111  MGO   O2    OH   -0.634600 -0.198000  0.004600  1.500000  1.533237
  112  MGO   HO2   HO    0.436600  0.000000  0.000000  0.800000  0.000000
  113  MGO   C3    CG    0.122400  0.300300  0.504500  1.700000  1.699835
  114  MGO   H3    H1    0.177900  0.000000  0.000000  1.300000  1.235677
  115  MGO   O3    OH   -0.620000 -0.198000  0.102300  1.500000  1.533237
  116  MGO   HO3   HO    0.422000  0.000000  0.000000  0.800000  0.000000
  117  MGO   C4    CG    0.040100  0.199600  0.311900  1.700000  1.699835
  118  MGO   H4    H1    0.159500  0.000000  0.000000  1.300000  1.235677
  119  MGO   C5    CG    0.019300  0.134900  0.210300  1.700000  1.699835
  120  MGO   H5    H1    0.115600  0.000000  0.000000  1.300000  1.235677
  121  MGO   O5    OS   -0.366800 -0.366800 -0.028200  1.500000  1.500006
  122  MGO   C6    CG    0.191800  0.242600  0.179500  1.700000  1.699835
  123  MGO   H61   H1    0.025400  0.000000  0.000000  1.300000  1.235677
  124  MGO   H62   H1    0.025400  0.000000  0.000000  1.300000  1.235677
  125  MGO   O6    OH   -0.607700 -0.198000  0.044600  1.500000  1.533237
  126  MGO   HO6   HO    0.409700  0.000000  0.000000  0.800000  0.000000
  127  MOL   C1    c     0.838600  0.838600 -0.933700  1.700000  1.699835
  128  MOL   O1    o    -0.834000 -0.834000  0.004600  1.500000  1.479961
  129  MOL   O2    o    -0.834000 -0.834000  0.004600  1.500000  1.479961
  130  MOL   C2    c3   -0.020900 -0.104300  0.746200  1.700000  1.699835
  131  MOL   H1    hc   -0.041700 -0.041700 -0.041700  1.300000  1.324766
  132  MOL   H2    hc   -0.041700 -0.041700 -0.041700  1.300000  1.324766
  133  MOL   C3    c3    0.038300  0.011900 -0.133600  1.700000  1.699835
  134  MOL   H3    hc   -0.013200 -0.013200 -0.013200  1.300000  1.324766
  135  MOL   H4    hc   -0.013200 -0.013200 -0.013200  1.300000  1.324766
  136  MOL   C4    c3   -0.008600 -0.041200 -0.026000  1.700000  1.699835
  137  MOL   H5    hc   -0.016300 -0.016300 -0.016300  1.300000  1.324766
  138  MOL   H6    hc   -0.016300 -0.016300 -0.016300  1.300000  1.324766
  139  MOL   C5    c3    0.012700  0.003300 -0.019400  1.700000  1.699835
  140  MOL   H7    hc   -0.004700 -0.004700 -0.004700  1.300000  1.324766
  141  MOL   H8    hc   -0.004700 -0.004700 -0.004700  1.300000  1.324766
  142  MOL   C6    c3    0.053900  0.018500 -0.037000  1.700000  1.699835
  143  MOL   H9    hc   -0.017700 -0.017700 -0.017700  1.300000  1.324766
  144  MOL   H10   hc   -0.017700 -0.017700 -0.017700  1.300000  1.324766
  145  MOL   C7    c3   -0.075900 -0.058800 -0.040300  1.700000  1.699835
  146  MOL   H11   hc    0.005700  0.005700  0.005700  1.300000  1.324766
  147  MOL   H12   hc    0.005700  0.005700  0.005700  1.300000  1.324766
  148  MOL   H13   hc    0.005700  0.005700  0.005700  1.300000  1.324766

 total system charges (+/-) for PB       -1.0000       16.2726      -17.2726
 cavity_surften =        0.0050 cavity_offset =        0.0000

   SAS Surface: surface dots generated:    366

--------------------------------------------------------------------------------
   3.  ATOMIC COORDINATES AND VELOCITIES
--------------------------------------------------------------------------------

Cpptraj Generated Restart                                                       
 begin time read from input coords =   551.000 ps

 Number of triangulated 3-point waters found:        0

--------------------------------------------------------------------------------
   4.  RESULTS
--------------------------------------------------------------------------------

  NB-update: atom-based nb list     8191


======== Setting up Grid Parameters ========
Using bounding box for grid setup
 Bounding Box at level:           2
 Bounding Box Center:      18.000    17.000    19.500
 Xmin, Xmax, Xmax-Xmin:     9.854    25.693    15.839
 Ymin, Ymax, Ymax-Ymin:     9.405    24.590    15.185
 Zmin, Zmax, Zmax-Zmin:    13.370    25.343    11.972
 Grid dimension at level     2    51   49   43
 Grid origin corrected at level     2      5.000     4.500     8.500
 Bounding Box at level:           1
 Bounding Box Center:      18.000    17.000    19.500
 Xmin, Xmax, Xmax-Xmin:     9.854    25.693    15.839
 Ymin, Ymax, Ymax-Ymin:     9.405    24.590    15.185
 Zmin, Zmax, Zmax-Zmin:    13.370    25.343    11.972
PB Warn in setgrd(): focusing grid too large    2
 fillratio is automatically increased to 2.500
 Grid dimension at level     1    11   11    9
 Grid origin corrected at level     1     -6.000    -7.000    -0.500
------- VMD goodie --------
#First Level Geometric Box
draw materials off
draw color green
draw line "   -6.000   -7.000   -0.500" "   38.000   -7.000   -0.500"
draw line "   -6.000   -7.000   -0.500" "   -6.000   37.000   -0.500"
draw line "   -6.000   -7.000   -0.500" "   -6.000   -7.000   35.500"
draw line "   38.000   -7.000   -0.500" "   38.000   37.000   -0.500"
draw line "   38.000   -7.000   -0.500" "   38.000   -7.000   35.500"
draw line "   -6.000   37.000   -0.500" "   38.000   37.000   -0.500"
draw line "   -6.000   37.000   -0.500" "   -6.000   37.000   35.500"
draw line "   -6.000   -7.000   35.500" "   38.000   -7.000   35.500"
draw line "   -6.000   -7.000   35.500" "   -6.000   37.000   35.500"
draw line "   38.000   37.000   35.500" "   38.000   37.000   -0.500"
draw line "   38.000   37.000   35.500" "   -6.000   37.000   35.500"
draw line "   38.000   37.000   35.500" "   38.000   -7.000   35.500"
#2nd Level Geometric Box
draw color blue
draw line "    5.000    4.500    8.500" "   31.000    4.500    8.500"
draw line "    5.000    4.500    8.500" "    5.000   29.500    8.500"
draw line "    5.000    4.500    8.500" "    5.000    4.500   30.500"
draw line "   31.000    4.500    8.500" "   31.000   29.500    8.500"
draw line "   31.000    4.500    8.500" "   31.000    4.500   30.500"
draw line "    5.000   29.500    8.500" "   31.000   29.500    8.500"
draw line "    5.000   29.500    8.500" "    5.000   29.500   30.500"
draw line "    5.000    4.500   30.500" "   31.000    4.500   30.500"
draw line "    5.000    4.500   30.500" "    5.000   29.500   30.500"
draw line "   31.000   29.500   30.500" "   31.000   29.500    8.500"
draw line "   31.000   29.500   30.500" "    5.000   29.500   30.500"
draw line "   31.000   29.500   30.500" "   31.000    4.500   30.500"
--- End VMD goodie --------

======== Setting up Solvent Accessibility Data ========
Setting up working radii
Number of SA srf points exposed  3761
 Number of SA arcs generated  3646
 Number of SA arc points exposed        2074 Number of trimer arc points exposed         186
 with resolution (A) = .250000E+00

Atomic solvent accessible surface area:
           1    0.0000000000000
           2   14.0166533869016
           3    0.0000000000000
           4    0.0000000000000
           5   21.0249800803524
           6   22.5226442502933
           7    0.3323564687076
           8    0.0000000000000
           9    0.0000000000000
          10   23.9664034971069
          11    3.4897429214302
          12    0.0000000000000
          13    5.7568397839060
          14    0.0000000000000
          15    0.0000000000000
          16    7.2187962340683
          17    0.6599061289836
          18    0.5005947638179
          19   13.5160586230837
          20   27.7201775388225
          21    6.9794858428605
          22    0.0000000000000
          23   13.2657612411747
          24    0.0000000000000
          25    0.0000000000000
          26   19.5231957888987
          27   25.6989145932833
          28    0.4985347030615
          29    0.0000000000000
          30    1.2514869095448
          31   19.0576220579404
          32    7.6441987802758
          33    0.0000000000000
          34    5.5065424019971
          35    0.0000000000000
          36    0.0000000000000
          37    4.3312777404410
          38    0.6599061289836
          39    1.0011895276358
          40   10.7627874220852
          41   32.9177108273517
          42    6.3147729054452
          43    0.0000000000000
          44   14.7675455326285
          45    0.0000000000000
          46    0.0000000000000
          47   18.0214114974449
          48   28.8751849362734
          49    2.6588517496611
          50    0.0000000000000
          51    0.0000000000000
          52   17.9026146604895
          53    7.1456640772143
          54    0.0000000000000
          55    6.2574345477239
          56    0.0000000000000
          57    0.0000000000000
          58    2.5987666442646
          59    0.3299530644918
          60    1.5017842914537
          61    8.7604083668135
          62   31.4739515805380
          63    4.4868123275532
          64    0.0000000000000
          65   15.2681402964464
          66    0.0000000000000
          67    0.0000000000000
          68   19.5231957888987
          69   15.0150961668622
          70    7.9765552489834
          71    0.0000000000000
          72    2.5029738190896
          73   18.7688702085777
          74    6.9794858428605
          75    0.0000000000000
          76    5.2562450200881
          77    0.0000000000000
          78    0.0000000000000
          79    7.5075480834311
          80    0.9898591934753
          81    0.0000000000000
          82    9.7615978944493
          83   29.1639367856361
          84    7.1456640772143
          85    0.0000000000000
          86   15.0178429145374
          87    0.0000000000000
          88    0.0000000000000
          89   19.0226010250808
          90   24.5439071958324
          91    0.9970694061229
          92    0.0000000000000
          93    0.0000000000000
          94   20.5013813047541
          95    0.0000000000000
          96    0.0000000000000
          97    8.2598136029956
          98    0.0000000000000
          99    0.0000000000000
         100    6.0637888366174
         101    0.9898591934753
         102    0.0000000000000
         103    8.2598136029956
         104   32.6289589779889
         105    0.8308911717691
         106    0.0000000000000
         107   13.0154638592658
         108    0.0000000000000
         109    0.0000000000000
         110   16.7699245879001
         111   23.9664034971069
         112    3.6559211557841
         113    0.0000000000000
         114    0.7508921457269
         115   24.5439071958324
         116    2.6588517496611
         117    0.0000000000000
         118    8.0095162210866
         119    0.0000000000000
         120    0.0000000000000
         121    5.1975332885292
         122    0.9898591934753
         123    0.5005947638179
         124   14.0166533869016
         125   30.0301923337243
         126    0.0000000000000
         127    7.5889204833109
         128   28.2976812375479
         129   36.0939811703418
         130    0.0000000000000
         131    3.2538659648164
         132    3.5041633467254
         133    0.0000000000000
         134    0.0000000000000
         135    0.0000000000000
         136    0.0000000000000
         137    0.0000000000000
         138    0.0000000000000
         139    0.0000000000000
         140    0.0000000000000
         141    0.0000000000000
         142    0.0000000000000
         143    0.0000000000000
         144    0.0000000000000
         145    0.6599061289836
         146   26.5315224823495
         147    2.7532712009985
         148    5.2562450200881

 ======== FDPB Summary ========

 Do FDPB every           1 steps
 Nonbonded Update
   residue cutoff is set to   99.9000000000000
   fdpb cutoff is set to    5.0000000000000
   sas cutoff is set to    9.0000000000000
   nonbonded cutoff is set to    0.0000000000000
 Grid Constants
   Grid dimension      11      11       9
   Grid spacing set to     4.000
   Grid boundary
        -6.000    42.000
        -7.000    41.000
        -0.500    39.500

 Dielectric Map
   Use cavity radii in the prmtop file

   Use probe-based SES definition
     Compute SAS/SAR every           1 steps
     Solvent probe radius   1.40000000000000
     Surface dots per atom     366
     Buried atom radii increment   0.79800000000000
     Threshhold for exposed atom   0.08000000000000
     Current SAS 981.93928989716107

 Boundary conditions
   sum of grid charges as independent DH spheres

 Physical constants
   Solute dielectric constant  :   1.00000000000000
   Solvent dielectric constant :   80.0000000000000
   Temperature (K)             :   300.000000000000
   Ionic strength (mM)         :   0.00000000000000
   Debye-Huckel parameter (1/A):   0.00000000000000

FD Solver Option
   Use Modified ICCG solver

 Iteration data
   Maximum iterations  :         100
   Convergence criteria:  1.000000000000000E-03
   Iterations required        :     7
   Norm of the constant vector:       523.2923964487
   Norm of the residual vector:      0.1295487836883
   Convergence achieved       :  2.4756481188625422E-04

 Total molecular surface    667.2730

 ======== FDPB Summary ========

 Do FDPB every           1 steps
 Nonbonded Update
   residue cutoff is set to   99.9000000000000
   fdpb cutoff is set to    5.0000000000000
   sas cutoff is set to    9.0000000000000
   nonbonded cutoff is set to    0.0000000000000
 Grid Constants
   Grid dimension      51      49      43
   Grid spacing set to     0.500
   Grid boundary
         5.000    31.000
         4.500    29.500
         8.500    30.500

 Dielectric Map
   Use cavity radii in the prmtop file

   Use probe-based SES definition
     Compute SAS/SAR every           1 steps
     Solvent probe radius   1.40000000000000
     Surface dots per atom     366
     Buried atom radii increment   0.79800000000000
     Threshhold for exposed atom   0.08000000000000
     Current SAS 981.93928989716107

 Boundary conditions
   sum of grid charges as independent DH spheres

 Physical constants
   Solute dielectric constant  :   1.00000000000000
   Solvent dielectric constant :   80.0000000000000
   Temperature (K)             :   300.000000000000
   Ionic strength (mM)         :   0.00000000000000
   Debye-Huckel parameter (1/A):   0.00000000000000

FD Solver Option
   Use Modified ICCG solver

 Iteration data
   Maximum iterations  :         100
   Convergence criteria:  1.000000000000000E-03
   Iterations required        :    14
   Norm of the constant vector:    136372.7500201423
   Norm of the residual vector:    126.0174966864584
   Convergence achieved       :  9.2406655044974630E-04

 Total surface charge       0.9892
 Reaction field energy   -187.7786
 Nonpolar SAS/SAV    981.9393      0.0000
 Cavity solvation energy      4.9097

 NSTEP =        1   TIME(PS) =       0.000  TEMP(K) =     0.00  PRESS =     0.0
 Etot   =      -644.1034  EKtot   =         0.0000  EPtot      =         0.0000
 BOND   =         0.0000  ANGLE   =         0.0000  DIHED      =         0.0000
 1-4 NB =         0.0000  1-4 EEL =         0.0000  VDWAALS    =       -49.1928
 EELEC  =      -412.0417  EPB     =      -187.7786  RESTRAINT  =         0.0000
 ECAVITY=         4.9097  EDISPER =         0.0000
 ------------------------------------------------------------------------------



  Maximum number of minimization cycles reached.


                    FINAL RESULTS


 NSTEP =        1   TIME(PS) =       0.000  TEMP(K) =     0.00  PRESS =     0.0
 Etot   =      -644.1034  EKtot   =         0.0000  EPtot      =         0.0000
 BOND   =         0.0000  ANGLE   =         0.0000  DIHED      =         0.0000
 1-4 NB =         0.0000  1-4 EEL =         0.0000  VDWAALS    =       -49.1928
 EELEC  =      -412.0417  EPB     =      -187.7786  RESTRAINT  =         0.0000
 ECAVITY=         4.9097  EDISPER =         0.0000
 ------------------------------------------------------------------------------


--------------------------------------------------------------------------------
   5.  TIMINGS
--------------------------------------------------------------------------------

| Total time                     0.12
| Read prm/crd time              0.01
| Force time                     0.12
| Nonbond force                  0.12
| PB Nonbond                     0.12
| PB NB list                     0.00
| PB FD grid                     0.00
| PB Sasa                        0.03
| PB FD force                    0.11
| PB Set linear sys              0.05
| PB Solver                      0.06
| PB SA srf                      0.00
| PB SA arc                      0.02
| PB circle                      0.02
| PB exclude                     0.01
| PB exmol                       0.05
| PB exmol setup                 0.00
| PB exmol part a                0.00
| PB exmol part b                0.00
| PB exmol part c                0.00
| PB exmol part d                0.00
| PB exmol part e                0.00
| PB exmol part f                0.01
| PB epsmap                      0.00
|           Job began  at 20:51:47.879  on 08/29/2021
|           Setup done at 20:51:47.885  on 08/29/2021
|           Run   done at 20:51:48.001  on 08/29/2021
|     wallclock() was called     110 times
