
          -------------------------------------------------------
          GBNSR6 2015                       
          -------------------------------------------------------

| Run on 11/06/2021 at 09:46:52
  [-O]verwriting output

File Assignments:
|  MDIN: ../scripts/gbnsr6.in                                                  
| MDOUT: complex-gb-radii.out                                                  
|INPCRD: complex.crd                                                           
|  PARM: complex.prmtop                                                        
|

 Here is the input file:

compute                                                                        
&cntrl                                                                         
inp=1                                                                          
/                                                                              
&gb                                                                            
epsin=1.0, epsout=80, istrng=0, space=0.5,                                     
arcres=0.2, B=0.028, alpb=1, rbornstat=0, rbornstat=1, cavity_surften=0.005    
/                                                                              

--------------------------------------------------------------------------------
   1.  RESOURCE   USE: 
--------------------------------------------------------------------------------

| Flags:                                                                        
| New format PARM file being parsed.
| Version =    1.000 Date = 08/29/21 Time = 13:30:02
 NATOM  =     148 NTYPES =       9 NBONH =      73 MBONA  =      80
 NTHETH =     169 MTHETA =     116 NPHIH =     303 MPHIA  =     229
 NHPARM =       0 NPARM  =       0 NNB   =     874 NRES   =       7
 NBONA  =      80 NTHETA =     116 NPHIA =     229 NUMBND =      10
 NUMANG =      19 NPTRA  =      28 NATYP =      14 NPHB   =       0
 IFBOX  =       1 NMXRS  =      22 IFCAP =       0 NEXTRA =       0
 NCOPY  =       0


|     Memory Use     Allocated
|     Real                5532
|     Hollerith            897
|     Integer            24757
|     Max Pairs              1
|     Max Rstack             1
|     Max Istack             1
|       Total              143 kbytes

| Note: 1-4 EEL scale factors are being read from the topology file.

     BOX TYPE: RECTILINEAR

--------------------------------------------------------------------------------
   2.  ATOMIC COORDINATES AND VELOCITIES
--------------------------------------------------------------------------------

Cpptraj Generated Restart                                                       
 begin time read from input coords =   551.000 ps

 Number of triangulated 3-point waters found:        0

--------------------------------------------------------------------------------
   3.  RESULTS
--------------------------------------------------------------------------------

Print:    Atom number      Inverse Effective Born Radii
rinv           1            0.37000781
rinv           2            0.57461922
rinv           3            0.27699079
rinv           4            0.39925390
rinv           5            0.61735616
rinv           6            0.54185226
rinv           7            0.69252343
rinv           8            0.34595959
rinv           9            0.39716102
rinv          10            0.54151301
rinv          11            0.81856518
rinv          12            0.30940098
rinv          13            0.50660341
rinv          14            0.29028716
rinv          15            0.25065220
rinv          16            0.44696584
rinv          17            0.38758747
rinv          18            0.41317737
rinv          19            0.57478352
rinv          20            0.56204847
rinv          21            0.93336238
rinv          22            0.35519246
rinv          23            0.56897644
rinv          24            0.27783325
rinv          25            0.38937885
rinv          26            0.60542089
rinv          27            0.54889201
rinv          28            0.68896600
rinv          29            0.34845245
rinv          30            0.43301578
rinv          31            0.53568375
rinv          32            0.90107754
rinv          33            0.30812174
rinv          34            0.50713824
rinv          35            0.29383009
rinv          36            0.24380824
rinv          37            0.42697326
rinv          38            0.39846989
rinv          39            0.47571711
rinv          40            0.55836641
rinv          41            0.57171967
rinv          42            0.89482917
rinv          43            0.35458072
rinv          44            0.57685943
rinv          45            0.28380127
rinv          46            0.38719501
rinv          47            0.59477290
rinv          48            0.55765976
rinv          49            0.79877093
rinv          50            0.34144902
rinv          51            0.38419700
rinv          52            0.53202015
rinv          53            0.93287374
rinv          54            0.30899931
rinv          55            0.51350043
rinv          56            0.28303265
rinv          57            0.23678892
rinv          58            0.41566696
rinv          59            0.37873347
rinv          60            0.45041366
rinv          61            0.54531415
rinv          62            0.56494499
rinv          63            0.87396667
rinv          64            0.36281790
rinv          65            0.57814774
rinv          66            0.27265287
rinv          67            0.39175993
rinv          68            0.60220085
rinv          69            0.53149337
rinv          70            0.94409580
rinv          71            0.35370272
rinv          72            0.47981373
rinv          73            0.53432807
rinv          74            0.89768380
rinv          75            0.30963151
rinv          76            0.50068489
rinv          77            0.28976722
rinv          78            0.24474798
rinv          79            0.44944086
rinv          80            0.39252028
rinv          81            0.40077081
rinv          82            0.54868126
rinv          83            0.56843113
rinv          84            0.91505993
rinv          85            0.35741929
rinv          86            0.57629775
rinv          87            0.28186729
rinv          88            0.38651447
rinv          89            0.60321570
rinv          90            0.53887812
rinv          91            0.77019266
rinv          92            0.33514271
rinv          93            0.36745940
rinv          94            0.52741949
rinv          95            0.53687691
rinv          96            0.31783772
rinv          97            0.52552651
rinv          98            0.29042915
rinv          99            0.23874476
rinv         100            0.43168337
rinv         101            0.38559983
rinv         102            0.39556070
rinv         103            0.53721447
rinv         104            0.56408601
rinv         105            0.77610602
rinv         106            0.35189100
rinv         107            0.56145881
rinv         108            0.27324543
rinv         109            0.37716264
rinv         110            0.58700816
rinv         111            0.54825431
rinv         112            0.82388774
rinv         113            0.34572047
rinv         114            0.41071688
rinv         115            0.54662840
rinv         116            0.86748870
rinv         117            0.31757521
rinv         118            0.52488520
rinv         119            0.30009218
rinv         120            0.24552386
rinv         121            0.42300850
rinv         122            0.39951052
rinv         123            0.43370805
rinv         124            0.58380495
rinv         125            0.55576319
rinv         126            0.64450100
rinv         127            0.44824736
rinv         128            0.55819936
rinv         129            0.57846710
rinv         130            0.35195644
rinv         131            0.47155231
rinv         132            0.48060950
rinv         133            0.24253112
rinv         134            0.26648093
rinv         135            0.26048348
rinv         136            0.20732538
rinv         137            0.21777307
rinv         138            0.21528350
rinv         139            0.21282449
rinv         140            0.21746406
rinv         141            0.21405382
rinv         142            0.29261618
rinv         143            0.31734828
rinv         144            0.37268114
rinv         145            0.39922086
rinv         146            0.63568702
rinv         147            0.46889903
rinv         148            0.50536100

 Cavity solvation energy      4.9097

 NSTEP =        1   TIME(PS) =       0.000  TEMP(K) =     0.00  PRESS =     0.0
 Etot   =      -143.8768  EKtot   =         0.0000  EPtot      =         0.0000
 BOND   =         0.0000  ANGLE   =         0.0000  DIHED      =         0.0000
 1-4 NB =         0.0000  1-4 EEL =       426.4795  VDWAALS    =         0.0000
 EELEC  =      -412.0417  EGB     =      -163.2243  RESTRAINT  =         0.0000
 ESURF  =         4.9097
 ------------------------------------------------------------------------------



  Maximum number of minimization cycles reached.


                    FINAL RESULTS


 NSTEP =        1   TIME(PS) =       0.000  TEMP(K) =     0.00  PRESS =     0.0
 Etot   =      -143.8768  EKtot   =         0.0000  EPtot      =         0.0000
 BOND   =         0.0000  ANGLE   =         0.0000  DIHED      =         0.0000
 1-4 NB =         0.0000  1-4 EEL =       426.4795  VDWAALS    =         0.0000
 EELEC  =      -412.0417  EGB     =      -163.2243  RESTRAINT  =         0.0000
 ESURF  =         4.9097
 ------------------------------------------------------------------------------

|           Job began  at 09:46:52.363  on 11/06/2021
|           Setup done at 09:46:52.367  on 11/06/2021
|           Run   done at 09:46:52.432  on 11/06/2021
|     wallclock() was called      72 times
