
          -------------------------------------------------------
          PBSA VERSION 2019                       UC Irvine
          -------------------------------------------------------

| Run on 08/29/2021 at 20:51:48

File Assignments:
|  MDIN: ../pbsa-script/mdin.in                                                
| MDOUT: guest-pb.out                                                          
|INPCRD: guest.crd                                                             
|  PARM: guest.prmtop                                                          
|

 Here is the input file:

Sample single point PB calculation                                             
&cntrl                                                                         
ipb=1, inp=1                                                                   
/                                                                              
&pb                                                                            
npbverb=1, fillratio=1.5, saopt=1, radiopt=0, epsin=1.0, epsout=80             
/                                                                              
 PBSA Warning in pb_read(): sprob=0.557 is optimized for inp=2 and  should not be used with inp=1. It has been reset to 1.4.
 PBSA Warning in pb_read(): cavity_surften=0.0378 is optimized for inp=2  and should not be used with inp=1. It has been reset to 0.005000.
 PBSA Warning in pb_read(): cavity_offset=-0.5692 is optimized for inp=2  and should not be used with inp=1. It has been reset to 0.000.

--------------------------------------------------------------------------------
   1.  RESOURCE   USE: 
--------------------------------------------------------------------------------

| Flags:                                                                        
| New format PARM file being parsed.
| Version =    1.000 Date = 08/29/21 Time = 13:30:02
 NATOM  =      22 NTYPES =       4 NBONH =      13 MBONA  =       8
 NTHETH =      31 MTHETA =       8 NPHIH =      51 MPHIA  =      13
 NHPARM =       0 NPARM  =       0 NNB   =     112 NRES   =       1
 NBONA  =       8 NTHETA =       8 NPHIA =      13 NUMBND =       4
 NUMANG =       7 NPTRA  =      10 NATYP =      14 NPHB   =       0
 IFBOX  =       1 NMXRS  =      22 IFCAP =       0 NEXTRA =       0
 NCOPY  =       0


|     Memory Use     Allocated
|     Real                 852
|     Hollerith             69
|     Integer            20871
|     Max Pairs              1
|     Max Rstack             1
|     Max Istack             1
|       Total               88 kbytes

     BOX TYPE: RECTILINEAR

--------------------------------------------------------------------------------
   2.  CONTROL  DATA  FOR  THE  RUN
--------------------------------------------------------------------------------

default_name                                                                    

General flags:
     imin    =       1, nmropt  =       0

Nature and format of input:
     ntx     =       1, irest   =       0, ntrx    =       1

Nature and format of output:
     ntxo    =       1, ntpr    =      50, ntrx    =       1, ntwr    =     500
     iwrap   =       0, ntwx    =       0, ntwv    =       0, ntwe    =       0
     ioutfm  =       0, ntwprt  =       0, idecomp =       0, rbornstat=      0

Potential function:
     ntf     =       1, ntb     =       1, ipb     =       1, nsnb    =      25
     ipol    =       0, gbsa    =       0, iesp    =       0
     dielc   =   1.00000, cut     =   8.00000, intdiel =   1.00000

Frozen or restrained atoms:
     ibelly  =       0, ntr     =       0

Energy minimization:
     maxcyc  =       1, ncyc    =      10, ntmin   =       1
     dx0     =   0.01000, drms    =   0.00010

======== Implicit Solvent Initialization ========

     Max Nonbonded Pairs:      242      242

 no. of atoms processed in PB initialization:    22
  NUM  RESI  NAME  TYPE    CHARGE ATM CRG/H   GRP CRG   PB RADI   NP RADI
    1  MOL   C1    c     0.838600  0.838600 -0.933700  1.700000  1.699835
    2  MOL   O1    o    -0.834000 -0.834000  0.004600  1.500000  1.479961
    3  MOL   O2    o    -0.834000 -0.834000  0.004600  1.500000  1.479961
    4  MOL   C2    c3   -0.020900 -0.104300  0.746200  1.700000  1.699835
    5  MOL   H1    hc   -0.041700 -0.041700 -0.041700  1.300000  1.324766
    6  MOL   H2    hc   -0.041700 -0.041700 -0.041700  1.300000  1.324766
    7  MOL   C3    c3    0.038300  0.011900 -0.133600  1.700000  1.699835
    8  MOL   H3    hc   -0.013200 -0.013200 -0.013200  1.300000  1.324766
    9  MOL   H4    hc   -0.013200 -0.013200 -0.013200  1.300000  1.324766
   10  MOL   C4    c3   -0.008600 -0.041200 -0.026000  1.700000  1.699835
   11  MOL   H5    hc   -0.016300 -0.016300 -0.016300  1.300000  1.324766
   12  MOL   H6    hc   -0.016300 -0.016300 -0.016300  1.300000  1.324766
   13  MOL   C5    c3    0.012700  0.003300 -0.019400  1.700000  1.699835
   14  MOL   H7    hc   -0.004700 -0.004700 -0.004700  1.300000  1.324766
   15  MOL   H8    hc   -0.004700 -0.004700 -0.004700  1.300000  1.324766
   16  MOL   C6    c3    0.053900  0.018500 -0.037000  1.700000  1.699835
   17  MOL   H9    hc   -0.017700 -0.017700 -0.017700  1.300000  1.324766
   18  MOL   H10   hc   -0.017700 -0.017700 -0.017700  1.300000  1.324766
   19  MOL   C7    c3   -0.075900 -0.058800 -0.040300  1.700000  1.699835
   20  MOL   H11   hc    0.005700  0.005700  0.005700  1.300000  1.324766
   21  MOL   H12   hc    0.005700  0.005700  0.005700  1.300000  1.324766
   22  MOL   H13   hc    0.005700  0.005700  0.005700  1.300000  1.324766

 total system charges (+/-) for PB       -1.0000        0.9606       -1.9606
 cavity_surften =        0.0050 cavity_offset =        0.0000

   SAS Surface: surface dots generated:    366

--------------------------------------------------------------------------------
   3.  ATOMIC COORDINATES AND VELOCITIES
--------------------------------------------------------------------------------

Cpptraj Generated Restart                                                       
 begin time read from input coords =   551.000 ps

 Number of triangulated 3-point waters found:        0

--------------------------------------------------------------------------------
   4.  RESULTS
--------------------------------------------------------------------------------

  NB-update: atom-based nb list      229


======== Setting up Grid Parameters ========
Using bounding box for grid setup
 Bounding Box at level:           2
 Bounding Box Center:      18.000    17.000    19.500
 Xmin, Xmax, Xmax-Xmin:    15.091    20.650     5.559
 Ymin, Ymax, Ymax-Ymin:    14.126    19.711     5.586
 Zmin, Zmax, Zmax-Zmin:    13.370    25.343    11.972
 Grid dimension at level     2    29   29   43
 Grid origin corrected at level     2     10.500     9.500     8.500
 Bounding Box at level:           1
 Bounding Box Center:      18.000    17.000    19.500
 Xmin, Xmax, Xmax-Xmin:    15.091    20.650     5.559
 Ymin, Ymax, Ymax-Ymin:    14.126    19.711     5.586
 Zmin, Zmax, Zmax-Zmin:    13.370    25.343    11.972
PB Warn in setgrd(): focusing grid too large    2
 fillratio is automatically increased to 2.500
 Grid dimension at level     1     5    5    9
 Grid origin corrected at level     1      6.000     5.000    -0.500
------- VMD goodie --------
#First Level Geometric Box
draw materials off
draw color green
draw line "    6.000    5.000   -0.500" "   26.000    5.000   -0.500"
draw line "    6.000    5.000   -0.500" "    6.000   25.000   -0.500"
draw line "    6.000    5.000   -0.500" "    6.000    5.000   35.500"
draw line "   26.000    5.000   -0.500" "   26.000   25.000   -0.500"
draw line "   26.000    5.000   -0.500" "   26.000    5.000   35.500"
draw line "    6.000   25.000   -0.500" "   26.000   25.000   -0.500"
draw line "    6.000   25.000   -0.500" "    6.000   25.000   35.500"
draw line "    6.000    5.000   35.500" "   26.000    5.000   35.500"
draw line "    6.000    5.000   35.500" "    6.000   25.000   35.500"
draw line "   26.000   25.000   35.500" "   26.000   25.000   -0.500"
draw line "   26.000   25.000   35.500" "    6.000   25.000   35.500"
draw line "   26.000   25.000   35.500" "   26.000    5.000   35.500"
#2nd Level Geometric Box
draw color blue
draw line "   10.500    9.500    8.500" "   25.500    9.500    8.500"
draw line "   10.500    9.500    8.500" "   10.500   24.500    8.500"
draw line "   10.500    9.500    8.500" "   10.500    9.500   30.500"
draw line "   25.500    9.500    8.500" "   25.500   24.500    8.500"
draw line "   25.500    9.500    8.500" "   25.500    9.500   30.500"
draw line "   10.500   24.500    8.500" "   25.500   24.500    8.500"
draw line "   10.500   24.500    8.500" "   10.500   24.500   30.500"
draw line "   10.500    9.500   30.500" "   25.500    9.500   30.500"
draw line "   10.500    9.500   30.500" "   10.500   24.500   30.500"
draw line "   25.500   24.500   30.500" "   25.500   24.500    8.500"
draw line "   25.500   24.500   30.500" "   10.500   24.500   30.500"
draw line "   25.500   24.500   30.500" "   25.500    9.500   30.500"
--- End VMD goodie --------

======== Setting up Solvent Accessibility Data ========
Setting up working radii
Number of SA srf points exposed  1396
 Number of SA arcs generated   189
 Number of SA arc points exposed         572 Number of trimer arc points exposed          40
 with resolution (A) = .250000E+00

Atomic solvent accessible surface area:
           1    7.9188735478027
           2   41.2915144588710
           3   44.4677848018610
           4    0.0000000000000
           5   20.2740879346255
           6   20.7746826984435
           7    0.0000000000000
           8   16.2693298240822
           9   17.5208167336270
          10    0.0000000000000
          11   15.7687350602643
          12   16.0190324421733
          13    0.0000000000000
          14   16.5196272059912
          15   15.5184376783554
          16    0.3299530644918
          17   20.7746826984435
          18   25.2800355728047
          19    1.3198122579671
          20   31.2871727386197
          21   25.0297381908957
          22   26.7818198642584

 ======== FDPB Summary ========

 Do FDPB every           1 steps
 Nonbonded Update
   residue cutoff is set to   99.9000000000000
   fdpb cutoff is set to    5.0000000000000
   sas cutoff is set to    9.0000000000000
   nonbonded cutoff is set to    0.0000000000000
 Grid Constants
   Grid dimension       5       5       9
   Grid spacing set to     4.000
   Grid boundary
         6.000    30.000
         5.000    29.000
        -0.500    39.500

 Dielectric Map
   Use cavity radii in the prmtop file

   Use probe-based SES definition
     Compute SAS/SAR every           1 steps
     Solvent probe radius   1.40000000000000
     Surface dots per atom     366
     Buried atom radii increment   0.79800000000000
     Threshhold for exposed atom   0.08000000000000
     Current SAS 363.14613677357795

 Boundary conditions
   sum of grid charges as independent DH spheres

 Physical constants
   Solute dielectric constant  :   1.00000000000000
   Solvent dielectric constant :   80.0000000000000
   Temperature (K)             :   300.000000000000
   Ionic strength (mM)         :   0.00000000000000
   Debye-Huckel parameter (1/A):   0.00000000000000

FD Solver Option
   Use Modified ICCG solver

 Iteration data
   Maximum iterations  :         100
   Convergence criteria:  1.000000000000000E-03
   Iterations required        :     5
   Norm of the constant vector:       234.4149015472
   Norm of the residual vector:      0.0561841040003
   Convergence achieved       :  2.3967803936292438E-04

 Total molecular surface    180.2365

 ======== FDPB Summary ========

 Do FDPB every           1 steps
 Nonbonded Update
   residue cutoff is set to   99.9000000000000
   fdpb cutoff is set to    5.0000000000000
   sas cutoff is set to    9.0000000000000
   nonbonded cutoff is set to    0.0000000000000
 Grid Constants
   Grid dimension      29      29      43
   Grid spacing set to     0.500
   Grid boundary
        10.500    25.500
         9.500    24.500
         8.500    30.500

 Dielectric Map
   Use cavity radii in the prmtop file

   Use probe-based SES definition
     Compute SAS/SAR every           1 steps
     Solvent probe radius   1.40000000000000
     Surface dots per atom     366
     Buried atom radii increment   0.79800000000000
     Threshhold for exposed atom   0.08000000000000
     Current SAS 363.14613677357795

 Boundary conditions
   sum of grid charges as independent DH spheres

 Physical constants
   Solute dielectric constant  :   1.00000000000000
   Solvent dielectric constant :   80.0000000000000
   Temperature (K)             :   300.000000000000
   Ionic strength (mM)         :   0.00000000000000
   Debye-Huckel parameter (1/A):   0.00000000000000

FD Solver Option
   Use Modified ICCG solver

 Iteration data
   Maximum iterations  :         100
   Convergence criteria:  1.000000000000000E-03
   Iterations required        :    14
   Norm of the constant vector:     18785.0579834846
   Norm of the residual vector:     16.0189511994115
   Convergence achieved       :  8.5274962757607550E-04

 Total surface charge       0.9875
 Reaction field energy    -79.7147
 Nonpolar SAS/SAV    363.1461      0.0000
 Cavity solvation energy      1.8157

 NSTEP =        1   TIME(PS) =       0.000  TEMP(K) =     0.00  PRESS =     0.0
 Etot   =       -70.0187  EKtot   =         0.0000  EPtot      =         0.0000
 BOND   =         0.0000  ANGLE   =         0.0000  DIHED      =         0.0000
 1-4 NB =         0.0000  1-4 EEL =         0.0000  VDWAALS    =        -0.8065
 EELEC  =         8.6868  EPB     =       -79.7147  RESTRAINT  =         0.0000
 ECAVITY=         1.8157  EDISPER =         0.0000
 ------------------------------------------------------------------------------



  Maximum number of minimization cycles reached.


                    FINAL RESULTS


 NSTEP =        1   TIME(PS) =       0.000  TEMP(K) =     0.00  PRESS =     0.0
 Etot   =       -70.0187  EKtot   =         0.0000  EPtot      =         0.0000
 BOND   =         0.0000  ANGLE   =         0.0000  DIHED      =         0.0000
 1-4 NB =         0.0000  1-4 EEL =         0.0000  VDWAALS    =        -0.8065
 EELEC  =         8.6868  EPB     =       -79.7147  RESTRAINT  =         0.0000
 ECAVITY=         1.8157  EDISPER =         0.0000
 ------------------------------------------------------------------------------


--------------------------------------------------------------------------------
   5.  TIMINGS
--------------------------------------------------------------------------------

| Total time                     0.03
| Read prm/crd time              0.00
| Force time                     0.03
| Nonbond force                  0.03
| PB Nonbond                     0.03
| PB Sasa                        0.00
| PB FD force                    0.03
| PB Set linear sys              0.01
| PB Solver                      0.02
| PB SA srf                      0.00
| PB SA arc                      0.00
| PB exclude                     0.00
| PB exmol                       0.01
| PB exmol setup                 0.00
| PB exmol part e                0.00
| PB exmol part f                0.00
| PB epsmap                      0.00
|           Job began  at 20:51:48.019  on 08/29/2021
|           Setup done at 20:51:48.023  on 08/29/2021
|           Run   done at 20:51:48.051  on 08/29/2021
|     wallclock() was called     110 times
