
          -------------------------------------------------------
          GBNSR6 2015                       
          -------------------------------------------------------

| Run on 11/06/2021 at 09:46:52
  [-O]verwriting output

File Assignments:
|  MDIN: ../scripts/gbnsr6.in                                                  
| MDOUT: guest-gb-radii.out                                                    
|INPCRD: guest.crd                                                             
|  PARM: guest.prmtop                                                          
|

 Here is the input file:

compute                                                                        
&cntrl                                                                         
inp=1                                                                          
/                                                                              
&gb                                                                            
epsin=1.0, epsout=80, istrng=0, space=0.5,                                     
arcres=0.2, B=0.028, alpb=1, rbornstat=0, rbornstat=1, cavity_surften=0.005    
/                                                                              

--------------------------------------------------------------------------------
   1.  RESOURCE   USE: 
--------------------------------------------------------------------------------

| Flags:                                                                        
| New format PARM file being parsed.
| Version =    1.000 Date = 08/29/21 Time = 13:30:02
 NATOM  =      22 NTYPES =       4 NBONH =      13 MBONA  =       8
 NTHETH =      31 MTHETA =       8 NPHIH =      51 MPHIA  =      13
 NHPARM =       0 NPARM  =       0 NNB   =     112 NRES   =       1
 NBONA  =       8 NTHETA =       8 NPHIA =      13 NUMBND =       4
 NUMANG =       7 NPTRA  =      10 NATYP =      14 NPHB   =       0
 IFBOX  =       1 NMXRS  =      22 IFCAP =       0 NEXTRA =       0
 NCOPY  =       0

GB Warning in  gb_read(): B=0 is recommended for molecules with more than 50 atoms

|     Memory Use     Allocated
|     Real                 852
|     Hollerith            135
|     Integer            18902
|     Max Pairs              1
|     Max Rstack             1
|     Max Istack             1
|       Total               81 kbytes

| Note: 1-4 EEL scale factors are being read from the topology file.

     BOX TYPE: RECTILINEAR

--------------------------------------------------------------------------------
   2.  ATOMIC COORDINATES AND VELOCITIES
--------------------------------------------------------------------------------

Cpptraj Generated Restart                                                       
 begin time read from input coords =   551.000 ps

 Number of triangulated 3-point waters found:        0

--------------------------------------------------------------------------------
   3.  RESULTS
--------------------------------------------------------------------------------

Print:    Atom number      Inverse Effective Born Radii
rinv           1            0.48124371
rinv           2            0.59880752
rinv           3            0.60316283
rinv           4            0.44346592
rinv           5            0.62330627
rinv           6            0.62245818
rinv           7            0.42506424
rinv           8            0.59952709
rinv           9            0.60684154
rinv          10            0.42278816
rinv          11            0.60223059
rinv          12            0.59695541
rinv          13            0.42644158
rinv          14            0.60140932
rinv          15            0.60560004
rinv          16            0.44869161
rinv          17            0.62287649
rinv          18            0.63738064
rinv          19            0.48936537
rinv          20            0.66879898
rinv          21            0.64223905
rinv          22            0.65231829

 Cavity solvation energy      1.8157

 NSTEP =        1   TIME(PS) =       0.000  TEMP(K) =     0.00  PRESS =     0.0
 Etot   =       -65.4863  EKtot   =         0.0000  EPtot      =         0.0000
 BOND   =         0.0000  ANGLE   =         0.0000  DIHED      =         0.0000
 1-4 NB =         0.0000  1-4 EEL =         5.7365  VDWAALS    =         0.0000
 EELEC  =         8.6868  EGB     =       -81.7253  RESTRAINT  =         0.0000
 ESURF  =         1.8157
 ------------------------------------------------------------------------------



  Maximum number of minimization cycles reached.


                    FINAL RESULTS


 NSTEP =        1   TIME(PS) =       0.000  TEMP(K) =     0.00  PRESS =     0.0
 Etot   =       -65.4863  EKtot   =         0.0000  EPtot      =         0.0000
 BOND   =         0.0000  ANGLE   =         0.0000  DIHED      =         0.0000
 1-4 NB =         0.0000  1-4 EEL =         5.7365  VDWAALS    =         0.0000
 EELEC  =         8.6868  EGB     =       -81.7253  RESTRAINT  =         0.0000
 ESURF  =         1.8157
 ------------------------------------------------------------------------------

|           Job began  at 09:46:52.447  on 11/06/2021
|           Setup done at 09:46:52.449  on 11/06/2021
|           Run   done at 09:46:52.458  on 11/06/2021
|     wallclock() was called      72 times
