
          -------------------------------------------------------
          GBNSR6 2015                       
          -------------------------------------------------------

| Run on 09/26/2021 at 22:14:12
  [-O]verwriting output

File Assignments:
|  MDIN: ../../../scripts/gbnsr6.in                                            
| MDOUT: pro-gb.out                                                            
|INPCRD: ../top_crd/pro.crd                                                    
|  PARM: ../top_crd/pro.top                                                    
|

 Here is the input file:

compute                                                                        
&cntrl                                                                         
inp=1                                                                          
/                                                                              
&gb                                                                            
epsin=1.0, epsout=80, istrng=0, space=0.5,                                     
arcres=0.2, B=0.028, alpb=1, rbornstat=0, cavity_surften=0.005                 
/                                                                              

--------------------------------------------------------------------------------
   1.  RESOURCE   USE: 
--------------------------------------------------------------------------------

| Flags:                                                                        
| New format PARM file being parsed.
| Version =    1.000 Date = 09/26/21 Time = 22:06:45
 NATOM  =    3128 NTYPES =      14 NBONH =    1612 MBONA  =    1542
 NTHETH =    3682 MTHETA =    2090 NPHIH =    7254 MPHIA  =    6773
 NHPARM =       0 NPARM  =       0 NNB   =   17394 NRES   =     198
 NBONA  =    1542 NTHETA =    2090 NPHIA =    6773 NUMBND =      71
 NUMANG =     167 NPTRA  =     202 NATYP =      34 NPHB   =       0
 IFBOX  =       0 NMXRS  =      24 IFCAP =       0 NEXTRA =       0
 NCOPY  =       0


|     Memory Use     Allocated
|     Real              115855
|     Hollerith          18968
|     Integer           167865
|     Max Pairs              1
|     Max Rstack             1
|     Max Istack             1
|       Total             1634 kbytes

| Note: 1-4 EEL scale factors are being read from the topology file.

--------------------------------------------------------------------------------
   2.  ATOMIC COORDINATES AND VELOCITIES
--------------------------------------------------------------------------------

default_name                                                                    
 begin time read from input coords =     0.000 ps

 Number of triangulated 3-point waters found:        0

--------------------------------------------------------------------------------
   3.  RESULTS
--------------------------------------------------------------------------------

 Cavity solvation energy     49.0092

 NSTEP =        1   TIME(PS) =       0.000  TEMP(K) =     0.00  PRESS =     0.0
 Etot   =     -7142.5274  EKtot   =         0.0000  EPtot      =         0.0000
 BOND   =         0.0000  ANGLE   =         0.0000  DIHED      =         0.0000
 1-4 NB =         0.0000  1-4 EEL =      8673.5864  VDWAALS    =         0.0000
 EELEC  =    -13861.7579  EGB     =     -2003.3651  RESTRAINT  =         0.0000
 ESURF  =        49.0092
 ------------------------------------------------------------------------------



  Maximum number of minimization cycles reached.


                    FINAL RESULTS


 NSTEP =        1   TIME(PS) =       0.000  TEMP(K) =     0.00  PRESS =     0.0
 Etot   =     -7142.5274  EKtot   =         0.0000  EPtot      =         0.0000
 BOND   =         0.0000  ANGLE   =         0.0000  DIHED      =         0.0000
 1-4 NB =         0.0000  1-4 EEL =      8673.5864  VDWAALS    =         0.0000
 EELEC  =    -13861.7579  EGB     =     -2003.3651  RESTRAINT  =         0.0000
 ESURF  =        49.0092
 ------------------------------------------------------------------------------

|           Job began  at 22:14:12.851  on 09/26/2021
|           Setup done at 22:14:12.893  on 09/26/2021
|           Run   done at 22:14:14.856  on 09/26/2021
|     wallclock() was called      72 times
