
          -------------------------------------------------------
          PBSA VERSION 2019                       UC Irvine
          -------------------------------------------------------

| Run on 09/29/2021 at 22:28:43

File Assignments:
|  MDIN: ../../../scripts/pbsa.in                                              
| MDOUT: complex-pb.out                                                        
|INPCRD: complex.crd                                                           
|  PARM: complex.prmtop                                                        
|

 Here is the input file:

Sample single point PB calculation                                             
&cntrl                                                                         
ipb=1, inp=1                                                                   
/                                                                              
&pb                                                                            
npbverb=1, fillratio=1.5, saopt=1, radiopt=0, epsin=1.0, epsout=80             
/                                                                              
 PBSA Warning in pb_read(): sprob=0.557 is optimized for inp=2 and  should not be used with inp=1. It has been reset to 1.4.
 PBSA Warning in pb_read(): cavity_surften=0.0378 is optimized for inp=2  and should not be used with inp=1. It has been reset to 0.005000.
 PBSA Warning in pb_read(): cavity_offset=-0.5692 is optimized for inp=2  and should not be used with inp=1. It has been reset to 0.000.

--------------------------------------------------------------------------------
   1.  RESOURCE   USE: 
--------------------------------------------------------------------------------

| Flags:                                                                        
| New format PARM file being parsed.
| Version =    1.000 Date = 09/29/21 Time = 22:19:36
 NATOM  =     193 NTYPES =      14 NBONH =      73 MBONA  =     147
 NTHETH =     185 MTHETA =     247 NPHIH =     340 MPHIA  =     571
 NHPARM =       0 NPARM  =       0 NNB   =    1328 NRES   =       2
 NBONA  =     147 NTHETA =     247 NPHIA =     571 NUMBND =      22
 NUMANG =      42 NPTRA  =      24 NATYP =      23 NPHB   =       0
 IFBOX  =       1 NMXRS  =     144 IFCAP =       0 NEXTRA =       0
 NCOPY  =       0


|     Memory Use     Allocated
|     Real                7263
|     Hollerith            583
|     Integer            30572
|     Max Pairs              1
|     Max Rstack             1
|     Max Istack             1
|       Total              178 kbytes

     BOX TYPE: RECTILINEAR

--------------------------------------------------------------------------------
   2.  CONTROL  DATA  FOR  THE  RUN
--------------------------------------------------------------------------------

HST1                                                                            

General flags:
     imin    =       1, nmropt  =       0

Nature and format of input:
     ntx     =       1, irest   =       0, ntrx    =       1

Nature and format of output:
     ntxo    =       1, ntpr    =      50, ntrx    =       1, ntwr    =     500
     iwrap   =       0, ntwx    =       0, ntwv    =       0, ntwe    =       0
     ioutfm  =       0, ntwprt  =       0, idecomp =       0, rbornstat=      0

Potential function:
     ntf     =       1, ntb     =       1, ipb     =       1, nsnb    =      25
     ipol    =       0, gbsa    =       0, iesp    =       0
     dielc   =   1.00000, cut     =   8.00000, intdiel =   1.00000

Frozen or restrained atoms:
     ibelly  =       0, ntr     =       0

Energy minimization:
     maxcyc  =       1, ncyc    =      10, ntmin   =       1
     dx0     =   0.01000, drms    =   0.00010

======== Implicit Solvent Initialization ========

     Max Nonbonded Pairs:    18625    18625

 no. of atoms processed in PB initialization:   193
  NUM  RESI  NAME  TYPE    CHARGE ATM CRG/H   GRP CRG   PB RADI   NP RADI
    1  HST   O1    o    -0.582429 -0.582429  0.221474  1.500000  1.479961
    2  HST   C1    c     0.803903  0.803903 -0.794120  1.700000  1.699835
    3  HST   N1    n    -0.507797 -0.507797  1.089821  1.550000  1.624999
    4  HST   C2    c3    0.235003  0.324106 -0.367382  1.700000  1.699835
    5  HST   C3    c3    0.293003  0.469609 -0.545985  1.700000  1.699835
    6  HST   N2    n    -0.507797 -0.507797  1.089821  1.550000  1.624999
    7  HST   C4    c3    0.235003  0.324106 -0.367382  1.700000  1.699835
    8  HST   C5    c     0.803903  0.803903 -0.793688  1.700000  1.699835
    9  HST   O2    o    -0.581997 -0.581997  0.221906  1.500000  1.479961
   10  HST   N3    n    -0.507797 -0.507797  1.089821  1.550000  1.624999
   11  HST   C6    c3    0.235003  0.324106 -0.367382  1.700000  1.699835
   12  HST   C7    c3    0.293003  0.469609 -0.545985  1.700000  1.699835
   13  HST   N4    n    -0.507797 -0.507797  1.089821  1.550000  1.624999
   14  HST   C8    c3    0.235003  0.324106 -0.367382  1.700000  1.699835
   15  HST   C9    c     0.803903  0.803903 -0.793688  1.700000  1.699835
   16  HST   O3    o    -0.581997 -0.581997  0.221906  1.500000  1.479961
   17  HST   N5    n    -0.507797 -0.507797  1.089821  1.550000  1.624999
   18  HST   C10   c3    0.235003  0.324106 -0.367382  1.700000  1.699835
   19  HST   C11   c3    0.293003  0.469609 -0.545985  1.700000  1.699835
   20  HST   N6    n    -0.507797 -0.507797  1.089821  1.550000  1.624999
   21  HST   C12   c3    0.235003  0.324106 -0.367382  1.700000  1.699835
   22  HST   C13   c     0.803903  0.803903 -0.793688  1.700000  1.699835
   23  HST   O4    o    -0.581997 -0.581997  0.221906  1.500000  1.479961
   24  HST   N7    n    -0.507797 -0.507797  1.089821  1.550000  1.624999
   25  HST   C14   c3    0.235003  0.324106 -0.367382  1.700000  1.699835
   26  HST   C15   c3    0.293003  0.469609 -0.545985  1.700000  1.699835
   27  HST   N8    n    -0.507797 -0.507797  1.089821  1.550000  1.624999
   28  HST   C16   c3    0.235003  0.324106 -0.367382  1.700000  1.699835
   29  HST   C17   c     0.803903  0.803903 -0.793688  1.700000  1.699835
   30  HST   O5    o    -0.581997 -0.581997  0.221906  1.500000  1.479961
   31  HST   N9    n    -0.507797 -0.507797  1.089821  1.550000  1.624999
   32  HST   C18   c3    0.235003  0.324106 -0.367382  1.700000  1.699835
   33  HST   C19   c3    0.293003  0.469609 -0.545985  1.700000  1.699835
   34  HST   N10   n    -0.507797 -0.507797  1.089821  1.550000  1.624999
   35  HST   C20   c3    0.235003  0.324106 -0.367382  1.700000  1.699835
   36  HST   C21   c     0.803903  0.803903 -0.793688  1.700000  1.699835
   37  HST   O6    o    -0.581997 -0.581997  0.221906  1.500000  1.479961
   38  HST   N11   n    -0.507797 -0.507797  1.089821  1.550000  1.624999
   39  HST   C22   c3    0.235003  0.324106 -0.367382  1.700000  1.699835
   40  HST   C23   c3    0.293003  0.469609 -0.545985  1.700000  1.699835
   41  HST   N12   n    -0.507797 -0.507797  1.089821  1.550000  1.624999
   42  HST   C24   c3    0.235003  0.324106 -0.367382  1.700000  1.699835
   43  HST   C25   c     0.803903  0.803903 -0.793688  1.700000  1.699835
   44  HST   O7    o    -0.581997 -0.581997  0.221906  1.500000  1.479961
   45  HST   N13   n    -0.507797 -0.507797  1.089821  1.550000  1.624999
   46  HST   C26   c3    0.235003  0.324106 -0.367382  1.700000  1.699835
   47  HST   C27   c3    0.293003  0.469609 -0.545985  1.700000  1.699835
   48  HST   N14   n    -0.507797 -0.507797  1.089821  1.550000  1.624999
   49  HST   C28   c3    0.235003  0.324106 -0.367382  1.700000  1.699835
   50  HST   C29   c     0.803903  0.803903 -0.793688  1.700000  1.699835
   51  HST   O8    o    -0.581997 -0.581997  0.221906  1.500000  1.479961
   52  HST   N15   n    -0.507797 -0.507797  1.089821  1.550000  1.624999
   53  HST   C30   c3    0.293003  0.469609 -0.545985  1.700000  1.699835
   54  HST   C31   c3    0.235003  0.324106 -0.367382  1.700000  1.699835
   55  HST   N16   n    -0.507797 -0.507797  1.089821  1.550000  1.624999
   56  HST   C32   c3    0.235003  0.324106 -0.367382  1.700000  1.699835
   57  HST   N17   n    -0.507797 -0.507797  1.089821  1.550000  1.624999
   58  HST   C33   c3    0.293003  0.469609 -0.545985  1.700000  1.699835
   59  HST   C34   c     0.803903  0.803903 -0.793688  1.700000  1.699835
   60  HST   O9    o    -0.581997 -0.581997  0.221906  1.500000  1.479961
   61  HST   N18   n    -0.507797 -0.507797  1.089821  1.550000  1.624999
   62  HST   C35   c3    0.293003  0.469609 -0.545985  1.700000  1.699835
   63  HST   N19   n    -0.507797 -0.507797  1.089821  1.550000  1.624999
   64  HST   C36   c     0.803903  0.803903 -0.793688  1.700000  1.699835
   65  HST   O10   o    -0.581997 -0.581997  0.221906  1.500000  1.479961
   66  HST   N20   n    -0.507797 -0.507797  1.089821  1.550000  1.624999
   67  HST   C37   c3    0.293003  0.469609 -0.545985  1.700000  1.699835
   68  HST   N21   n    -0.507797 -0.507797  1.089821  1.550000  1.624999
   69  HST   C38   c     0.803903  0.803903 -0.793688  1.700000  1.699835
   70  HST   O11   o    -0.581997 -0.581997  0.221906  1.500000  1.479961
   71  HST   N22   n    -0.507797 -0.507797  1.089821  1.550000  1.624999
   72  HST   C39   c3    0.293003  0.469609 -0.545985  1.700000  1.699835
   73  HST   N23   n    -0.507797 -0.507797  1.089821  1.550000  1.624999
   74  HST   C40   c     0.803903  0.803903 -0.793688  1.700000  1.699835
   75  HST   O12   o    -0.581997 -0.581997  0.221906  1.500000  1.479961
   76  HST   N24   n    -0.507797 -0.507797  1.089821  1.550000  1.624999
   77  HST   C41   c3    0.293003  0.469609 -0.545985  1.700000  1.699835
   78  HST   N25   n    -0.507797 -0.507797  1.089821  1.550000  1.624999
   79  HST   C42   c     0.803903  0.803903 -0.793688  1.700000  1.699835
   80  HST   O13   o    -0.581997 -0.581997  0.221906  1.500000  1.479961
   81  HST   N26   n    -0.507797 -0.507797  1.089821  1.550000  1.624999
   82  HST   C43   c3    0.293003  0.469609 -0.545985  1.700000  1.699835
   83  HST   N27   n    -0.507797 -0.507797  1.089821  1.550000  1.624999
   84  HST   C44   c     0.803903  0.803903 -0.793688  1.700000  1.699835
   85  HST   O14   o    -0.581997 -0.581997  0.221906  1.500000  1.479961
   86  HST   N28   n    -0.507797 -0.507797  1.089821  1.550000  1.624999
   87  HST   C45   c3    0.293003  0.469609 -0.545985  1.700000  1.699835
   88  HST   N29   n    -0.507797 -0.507797  1.089821  1.550000  1.624999
   89  HST   C46   c     0.803903  0.803903 -0.793688  1.700000  1.699835
   90  HST   O15   o    -0.581997 -0.581997  0.221906  1.500000  1.479961
   91  HST   N30   n    -0.507797 -0.507797  1.089821  1.550000  1.624999
   92  HST   C47   c3    0.293003  0.469609 -0.545985  1.700000  1.699835
   93  HST   N31   n    -0.507797 -0.507797  1.089821  1.550000  1.624999
   94  HST   C48   c     0.803903  0.803903 -0.793688  1.700000  1.699835
   95  HST   N32   n    -0.507797 -0.507797  1.089821  1.550000  1.624999
   96  HST   O16   o    -0.581997 -0.581997  0.221906  1.500000  1.479961
   97  HST   H1    h2    0.089103  0.089103  0.089103  1.300000  1.146587
   98  HST   H2    h2    0.088303  0.088303  0.088303  1.300000  1.146587
   99  HST   H3    h2    0.088303  0.088303  0.088303  1.300000  1.146587
  100  HST   H4    h2    0.089103  0.089103  0.089103  1.300000  1.146587
  101  HST   H5    h2    0.089103  0.089103  0.089103  1.300000  1.146587
  102  HST   H6    h2    0.088303  0.088303  0.088303  1.300000  1.146587
  103  HST   H7    h2    0.088303  0.088303  0.088303  1.300000  1.146587
  104  HST   H8    h2    0.089103  0.089103  0.089103  1.300000  1.146587
  105  HST   H9    h2    0.089103  0.089103  0.089103  1.300000  1.146587
  106  HST   H10   h2    0.088303  0.088303  0.088303  1.300000  1.146587
  107  HST   H11   h2    0.088303  0.088303  0.088303  1.300000  1.146587
  108  HST   H12   h2    0.089103  0.089103  0.089103  1.300000  1.146587
  109  HST   H13   h2    0.089103  0.089103  0.089103  1.300000  1.146587
  110  HST   H14   h2    0.088303  0.088303  0.088303  1.300000  1.146587
  111  HST   H15   h2    0.088303  0.088303  0.088303  1.300000  1.146587
  112  HST   H16   h2    0.089103  0.089103  0.089103  1.300000  1.146587
  113  HST   H17   h2    0.089103  0.089103  0.089103  1.300000  1.146587
  114  HST   H18   h2    0.088303  0.088303  0.088303  1.300000  1.146587
  115  HST   H19   h2    0.088303  0.088303  0.088303  1.300000  1.146587
  116  HST   H20   h2    0.089103  0.089103  0.089103  1.300000  1.146587
  117  HST   H21   h2    0.089103  0.089103  0.089103  1.300000  1.146587
  118  HST   H22   h2    0.088303  0.088303  0.088303  1.300000  1.146587
  119  HST   H23   h2    0.088303  0.088303  0.088303  1.300000  1.146587
  120  HST   H24   h2    0.089103  0.089103  0.089103  1.300000  1.146587
  121  HST   H25   h2    0.089103  0.089103  0.089103  1.300000  1.146587
  122  HST   H26   h2    0.088303  0.088303  0.088303  1.300000  1.146587
  123  HST   H27   h2    0.088303  0.088303  0.088303  1.300000  1.146587
  124  HST   H28   h2    0.089103  0.089103  0.089103  1.300000  1.146587
  125  HST   H29   h2    0.088303  0.088303  0.088303  1.300000  1.146587
  126  HST   H30   h2    0.088303  0.088303  0.088303  1.300000  1.146587
  127  HST   H31   h2    0.089103  0.089103  0.089103  1.300000  1.146587
  128  HST   H32   h2    0.089103  0.089103  0.089103  1.300000  1.146587
  129  HST   H33   h2    0.088303  0.088303  0.088303  1.300000  1.146587
  130  HST   H34   h2    0.088303  0.088303  0.088303  1.300000  1.146587
  131  HST   H35   h2    0.088303  0.088303  0.088303  1.300000  1.146587
  132  HST   H36   h2    0.088303  0.088303  0.088303  1.300000  1.146587
  133  HST   H37   h2    0.088303  0.088303  0.088303  1.300000  1.146587
  134  HST   H38   h2    0.088303  0.088303  0.088303  1.300000  1.146587
  135  HST   H39   h2    0.088303  0.088303  0.088303  1.300000  1.146587
  136  HST   H40   h2    0.088303  0.088303  0.088303  1.300000  1.146587
  137  HST   H41   h2    0.088303  0.088303  0.088303  1.300000  1.146587
  138  HST   H42   h2    0.088303  0.088303  0.088303  1.300000  1.146587
  139  HST   H43   h2    0.088303  0.088303  0.088303  1.300000  1.146587
  140  HST   H44   h2    0.088303  0.088303  0.088303  1.300000  1.146587
  141  HST   H45   h2    0.088303  0.088303  0.088303  1.300000  1.146587
  142  HST   H46   h2    0.088303  0.088303  0.088303  1.300000  1.146587
  143  HST   H47   h2    0.088303  0.088303  0.088303  1.300000  1.146587
  144  HST   H48   h2    0.088303  0.088303  0.088303  1.300000  1.146587
  145  GST   C1    ca   -0.117588  0.054718  0.430036  1.700000  1.699835
  146  GST   C2    ca   -0.155594  0.010712  0.232936  1.700000  1.699835
  147  GST   C3    ca   -0.240594 -0.103588  0.198630  1.700000  1.699835
  148  GST   C4    ca   -0.222794 -0.084188 -0.006476  1.700000  1.699835
  149  GST   C5    ca    0.393806  0.437012 -0.270870  1.700000  1.699835
  150  GST   C6    ca   -0.089794 -0.089794  0.055830  1.700000  1.699835
  151  GST   C7    ca   -0.134794 -0.134794 -0.045864  1.700000  1.699835
  152  GST   C8    ca    0.364606  0.364606 -0.274764  1.700000  1.699835
  153  GST   C9    ca    0.167506  0.167506 -0.221064  1.700000  1.699835
  154  GST   C10   c2   -0.158994  0.104418  0.023930  1.700000  1.699835
  155  GST   C11   c2   -0.212394 -0.080488  0.072542  1.700000  1.699835
  156  GST   C12   c3   -0.098594  0.073818  0.431648  1.700000  1.699835
  157  GST   C13   c3   -0.088494  0.093518  0.329442  1.700000  1.699835
  158  GST   C14   c3    0.114206  0.317418  0.166748  1.700000  1.699835
  159  GST   C15   c3    0.115206  0.314818  0.138942  1.700000  1.699835
  160  GST   C16   c3   -0.039494  0.048612  0.323354  1.700000  1.699835
  161  GST   C17   c3   -0.071194  0.040412  0.256360  1.700000  1.699835
  162  GST   C18   c3    0.097006  0.195512  0.346854  1.700000  1.699835
  163  GST   C19   c3    0.108506  0.274724 -0.040370  1.700000  1.699835
  164  GST   C20   c3    0.186806  0.282312  0.199642  1.700000  1.699835
  165  GST   N1    nb   -0.604294 -0.604294  0.197324  1.550000  1.624999
  166  GST   N2    n4   -0.682794 -0.224488  0.603260  1.550000  1.624999
  167  GST   O1    oh   -0.571294 -0.143388  0.138924  1.500000  1.533237
  168  GST   O2    os   -0.315094 -0.315094  0.127136  1.500000  1.500006
  169  GST   H1    ha    0.172306  0.172306  0.172306  1.300000  1.299821
  170  GST   H2    ha    0.166306  0.166306  0.166306  1.300000  1.299821
  171  GST   H3    ha    0.137006  0.137006  0.137006  1.300000  1.299821
  172  GST   H4    ha    0.138606  0.138606  0.138606  1.300000  1.299821
  173  GST   H5    h4    0.043206  0.043206  0.043206  1.300000  1.255276
  174  GST   H6    ha    0.131706  0.131706  0.131706  1.300000  1.299821
  175  GST   H7    ha    0.131706  0.131706  0.131706  1.300000  1.299821
  176  GST   H8    ha    0.131906  0.131906  0.131906  1.300000  1.299821
  177  GST   H9    hc    0.086206  0.086206  0.086206  1.300000  1.324766
  178  GST   H10   hc    0.086206  0.086206  0.086206  1.300000  1.324766
  179  GST   H11   hc    0.091006  0.091006  0.091006  1.300000  1.324766
  180  GST   H12   hc    0.091006  0.091006  0.091006  1.300000  1.324766
  181  GST   H13   hx    0.101606  0.101606  0.101606  1.300000  0.979989
  182  GST   H14   hx    0.101606  0.101606  0.101606  1.300000  0.979989
  183  GST   H15   hx    0.099806  0.099806  0.099806  1.300000  0.979989
  184  GST   H16   hx    0.099806  0.099806  0.099806  1.300000  0.979989
  185  GST   H17   hc    0.088106  0.088106  0.088106  1.300000  1.324766
  186  GST   H18   hc    0.111606  0.111606  0.111606  1.300000  1.324766
  187  GST   H19   hx    0.098506  0.098506  0.098506  1.300000  0.979989
  188  GST   H20   h1    0.055406  0.055406  0.055406  1.300000  1.235677
  189  GST   H21   h1    0.055406  0.055406  0.055406  1.300000  1.235677
  190  GST   H22   h1    0.055406  0.055406  0.055406  1.300000  1.235677
  191  GST   H23   h1    0.095506  0.095506  0.095506  1.300000  1.235677
  192  GST   H24   hn    0.458306  0.458306  0.458306  1.300000  0.534539
  193  GST   H25   ho    0.427906  0.427906  0.427906  0.800000  0.000000

 total system charges (+/-) for PB        1.0000       30.3657      -29.3657
 cavity_surften =        0.0050 cavity_offset =        0.0000

   SAS Surface: surface dots generated:    366

--------------------------------------------------------------------------------
   3.  ATOMIC COORDINATES AND VELOCITIES
--------------------------------------------------------------------------------

Cpptraj Generated Restart                                                       
 begin time read from input coords =     0.000 ps

 Number of triangulated 3-point waters found:        0

--------------------------------------------------------------------------------
   4.  RESULTS
--------------------------------------------------------------------------------

  NB-update: atom-based nb list    11626


======== Setting up Grid Parameters ========
Using bounding box for grid setup
 Bounding Box at level:           2
 Bounding Box Center:      22.500    22.500    22.500
 Xmin, Xmax, Xmax-Xmin:    13.614    30.937    17.323
 Ymin, Ymax, Ymax-Ymin:    13.518    31.801    18.283
 Zmin, Zmax, Zmax-Zmin:    15.551    29.832    14.281
 Grid dimension at level     2    53   55   47
 Grid origin corrected at level     2      9.000     8.500    10.500
 Bounding Box at level:           1
 Bounding Box Center:      22.500    22.500    22.500
 Xmin, Xmax, Xmax-Xmin:    13.614    30.937    17.323
 Ymin, Ymax, Ymax-Ymin:    13.518    31.801    18.283
 Zmin, Zmax, Zmax-Zmin:    15.551    29.832    14.281
PB Warn in setgrd(): focusing grid too large    2
 fillratio is automatically increased to 2.500
 Grid dimension at level     1    13   13   11
 Grid origin corrected at level     1     -5.500    -5.500    -1.500
------- VMD goodie --------
#First Level Geometric Box
draw materials off
draw color green
draw line "   -5.500   -5.500   -1.500" "   46.500   -5.500   -1.500"
draw line "   -5.500   -5.500   -1.500" "   -5.500   46.500   -1.500"
draw line "   -5.500   -5.500   -1.500" "   -5.500   -5.500   42.500"
draw line "   46.500   -5.500   -1.500" "   46.500   46.500   -1.500"
draw line "   46.500   -5.500   -1.500" "   46.500   -5.500   42.500"
draw line "   -5.500   46.500   -1.500" "   46.500   46.500   -1.500"
draw line "   -5.500   46.500   -1.500" "   -5.500   46.500   42.500"
draw line "   -5.500   -5.500   42.500" "   46.500   -5.500   42.500"
draw line "   -5.500   -5.500   42.500" "   -5.500   46.500   42.500"
draw line "   46.500   46.500   42.500" "   46.500   46.500   -1.500"
draw line "   46.500   46.500   42.500" "   -5.500   46.500   42.500"
draw line "   46.500   46.500   42.500" "   46.500   -5.500   42.500"
#2nd Level Geometric Box
draw color blue
draw line "    9.000    8.500   10.500" "   36.000    8.500   10.500"
draw line "    9.000    8.500   10.500" "    9.000   36.500   10.500"
draw line "    9.000    8.500   10.500" "    9.000    8.500   34.500"
draw line "   36.000    8.500   10.500" "   36.000   36.500   10.500"
draw line "   36.000    8.500   10.500" "   36.000    8.500   34.500"
draw line "    9.000   36.500   10.500" "   36.000   36.500   10.500"
draw line "    9.000   36.500   10.500" "    9.000   36.500   34.500"
draw line "    9.000    8.500   34.500" "   36.000    8.500   34.500"
draw line "    9.000    8.500   34.500" "    9.000   36.500   34.500"
draw line "   36.000   36.500   34.500" "   36.000   36.500   10.500"
draw line "   36.000   36.500   34.500" "    9.000   36.500   34.500"
draw line "   36.000   36.500   34.500" "   36.000    8.500   34.500"
--- End VMD goodie --------

======== Setting up Solvent Accessibility Data ========
Setting up working radii
Number of SA srf points exposed  4495
 Number of SA arcs generated  4777
 Number of SA arc points exposed        3044 Number of trimer arc points exposed         386
 with resolution (A) = .250000E+00

Atomic solvent accessible surface area:
           1   12.9938332213230
           2    3.2995306449178
           3    0.0000000000000
           4    0.0000000000000
           5    0.6599061289836
           6    0.0000000000000
           7    0.0000000000000
           8    3.6294837094096
           9   10.6838184264212
          10    0.0000000000000
          11    0.0000000000000
          12    1.6497653224589
          13    0.2987946455504
          14    0.0000000000000
          15    2.9695775804260
          16    4.3312777404410
          17    0.0000000000000
          18    0.0000000000000
          19    0.9898591934753
          20    0.0000000000000
          21    0.0000000000000
          22    3.6294837094096
          23    6.3525406859801
          24    0.0000000000000
          25    0.0000000000000
          26    0.6599061289836
          27    0.0000000000000
          28    0.0000000000000
          29    2.9695775804260
          30   14.1488406187740
          31    0.0000000000000
          32    0.0000000000000
          33    1.3198122579671
          34    0.2987946455504
          35    0.0000000000000
          36    2.6396245159342
          37   13.8600887694112
          38    0.0000000000000
          39    0.0000000000000
          40    0.9898591934753
          41    0.0000000000000
          42    0.0000000000000
          43    2.9695775804260
          44   11.8388258238721
          45    0.0000000000000
          46    0.0000000000000
          47    0.6599061289836
          48    0.2987946455504
          49    0.0000000000000
          50    4.2893898383931
          51   12.7050813719603
          52    0.0000000000000
          53    0.9898591934753
          54    0.0000000000000
          55    0.0000000000000
          56    0.0000000000000
          57    0.0000000000000
          58    0.9898591934753
          59    2.9695775804260
          60   15.5925998655876
          61    0.0000000000000
          62    0.6599061289836
          63    0.0000000000000
          64    2.6396245159342
          65   12.9938332213230
          66    0.0000000000000
          67    0.6599061289836
          68    0.0000000000000
          69    2.9695775804260
          70   14.7263443174994
          71    0.2987946455504
          72    1.3198122579671
          73    0.2987946455504
          74    2.9695775804260
          75   13.5713369200485
          76    0.0000000000000
          77    0.6599061289836
          78    0.0000000000000
          79    2.9695775804260
          80   15.0150961668622
          81    0.2987946455504
          82    1.3198122579671
          83    0.0000000000000
          84    2.6396245159342
          85   15.3038480162249
          86    0.0000000000000
          87    0.9898591934753
          88    0.0000000000000
          89    3.9594367739014
          90    8.6625554808820
          91    0.2987946455504
          92    0.9898591934753
          93    0.0000000000000
          94    2.9695775804260
          95    0.0000000000000
          96   11.2613221251466
          97   14.5172481507195
          98   10.2621926582673
          99   19.5231957888987
         100   14.7675455326285
         101   16.2693298240822
         102   13.0154638592658
         103   18.0214114974449
         104   15.7687350602643
         105   16.5196272059912
         106    8.2598136029956
         107   18.0214114974449
         108   16.2693298240822
         109   15.5184376783554
         110   19.0226010250808
         111   10.5124900401762
         112   16.0190324421733
         113   15.0178429145374
         114   18.7723036431718
         115   11.2633821859031
         116   14.7675455326285
         117   15.0178429145374
         118   19.0226010250808
         119   12.0142743316300
         120   15.0178429145374
         121   15.7687350602643
         122   18.5220062612628
         123   12.7651664773568
         124   16.7699245879001
         125   11.0130848039941
         126   18.2717088793539
         127   15.7687350602643
         128   15.7687350602643
         129   18.5220062612628
         130   12.7651664773568
         131   18.2717088793539
         132    9.0107057487225
         133   17.7711141155360
         134   11.5136795678120
         135   18.0214114974449
         136   12.2645717135389
         137   11.2633821859031
         138   18.7723036431718
         139   10.7627874220852
         140   19.0226010250808
         141   11.5136795678120
         142   18.2717088793539
         143   12.2645717135389
         144   17.5208167336270
         145    6.2691082253438
         146    5.2792490318685
         147    0.3299530644918
         148    0.0000000000000
         149    0.0000000000000
         150    0.0000000000000
         151    0.0000000000000
         152    0.9898591934753
         153    0.9898591934753
         154    0.9898591934753
         155    1.3198122579671
         156    0.0000000000000
         157    0.0000000000000
         158    0.0000000000000
         159    0.0000000000000
         160    0.0000000000000
         161    0.0000000000000
         162    0.0000000000000
         163    2.6396245159342
         164    0.0000000000000
         165    3.8843303921557
         166    0.0000000000000
         167    0.0000000000000
         168    0.2887518493627
         169   26.2812251004405
         170   13.5160586230837
         171    0.0000000000000
         172    0.0000000000000
         173    0.0000000000000
         174   15.2681402964464
         175    0.0000000000000
         176   27.2824146280763
         177    0.0000000000000
         178    0.0000000000000
         179    1.2514869095448
         180    0.0000000000000
         181    0.0000000000000
         182    0.0000000000000
         183    0.0000000000000
         184    0.2502973819090
         185    3.7544607286344
         186   10.5124900401762
         187    0.0000000000000
         188   24.0285486632599
         189   23.5279538994420
         190   16.2693298240822
         191    0.0000000000000
         192    0.0000000000000
         193    0.0000000000000

 ======== FDPB Summary ========

 Do FDPB every           1 steps
 Nonbonded Update
   residue cutoff is set to   99.9000000000000
   fdpb cutoff is set to    5.0000000000000
   sas cutoff is set to    9.0000000000000
   nonbonded cutoff is set to    0.0000000000000
 Grid Constants
   Grid dimension      13      13      11
   Grid spacing set to     4.000
   Grid boundary
        -5.500    50.500
        -5.500    50.500
        -1.500    46.500

 Dielectric Map
   Use cavity radii in the prmtop file

   Use probe-based SES definition
     Compute SAS/SAR every           1 steps
     Solvent probe radius   1.40000000000000
     Surface dots per atom     366
     Buried atom radii increment   0.79800000000000
     Threshhold for exposed atom   0.08000000000000
     Current SAS1172.40804397377019

 Boundary conditions
   sum of grid charges as independent DH spheres

 Physical constants
   Solute dielectric constant  :   1.00000000000000
   Solvent dielectric constant :   80.0000000000000
   Temperature (K)             :   300.000000000000
   Ionic strength (mM)         :   0.00000000000000
   Debye-Huckel parameter (1/A):   0.00000000000000

FD Solver Option
   Use Modified ICCG solver

 Iteration data
   Maximum iterations  :         100
   Convergence criteria:  1.000000000000000E-03
   Iterations required        :     7
   Norm of the constant vector:       821.9587557545
   Norm of the residual vector:      0.5095169640363
   Convergence achieved       :  6.1988142406074710E-04

 Total molecular surface    866.6190

 ======== FDPB Summary ========

 Do FDPB every           1 steps
 Nonbonded Update
   residue cutoff is set to   99.9000000000000
   fdpb cutoff is set to    5.0000000000000
   sas cutoff is set to    9.0000000000000
   nonbonded cutoff is set to    0.0000000000000
 Grid Constants
   Grid dimension      53      55      47
   Grid spacing set to     0.500
   Grid boundary
         9.000    36.000
         8.500    36.500
        10.500    34.500

 Dielectric Map
   Use cavity radii in the prmtop file

   Use probe-based SES definition
     Compute SAS/SAR every           1 steps
     Solvent probe radius   1.40000000000000
     Surface dots per atom     366
     Buried atom radii increment   0.79800000000000
     Threshhold for exposed atom   0.08000000000000
     Current SAS1172.40804397377019

 Boundary conditions
   sum of grid charges as independent DH spheres

 Physical constants
   Solute dielectric constant  :   1.00000000000000
   Solvent dielectric constant :   80.0000000000000
   Temperature (K)             :   300.000000000000
   Ionic strength (mM)         :   0.00000000000000
   Debye-Huckel parameter (1/A):   0.00000000000000

FD Solver Option
   Use Modified ICCG solver

 Iteration data
   Maximum iterations  :         100
   Convergence criteria:  1.000000000000000E-03
   Iterations required        :    16
   Norm of the constant vector:    238951.4523510888
   Norm of the residual vector:    209.7438682741452
   Convergence achieved       :  8.7776770641247582E-04

 Total surface charge      -0.9904
 Reaction field energy   -154.9384
 Nonpolar SAS/SAV   1172.4080      0.0000
 Cavity solvation energy      5.8620

 NSTEP =        1   TIME(PS) =       0.000  TEMP(K) =     0.00  PRESS =     0.0
 Etot   =      1840.2225  EKtot   =         0.0000  EPtot      =         0.0000
 BOND   =         0.0000  ANGLE   =         0.0000  DIHED      =         0.0000
 1-4 NB =         0.0000  1-4 EEL =         0.0000  VDWAALS    =       351.3125
 EELEC  =      1637.9863  EPB     =      -154.9384  RESTRAINT  =         0.0000
 ECAVITY=         5.8620  EDISPER =         0.0000
 ------------------------------------------------------------------------------



  Maximum number of minimization cycles reached.


                    FINAL RESULTS


 NSTEP =        1   TIME(PS) =       0.000  TEMP(K) =     0.00  PRESS =     0.0
 Etot   =      1840.2225  EKtot   =         0.0000  EPtot      =         0.0000
 BOND   =         0.0000  ANGLE   =         0.0000  DIHED      =         0.0000
 1-4 NB =         0.0000  1-4 EEL =         0.0000  VDWAALS    =       351.3125
 EELEC  =      1637.9863  EPB     =      -154.9384  RESTRAINT  =         0.0000
 ECAVITY=         5.8620  EDISPER =         0.0000
 ------------------------------------------------------------------------------


--------------------------------------------------------------------------------
   5.  TIMINGS
--------------------------------------------------------------------------------

| Total time                     0.17
| Read prm/crd time              0.00
| Force time                     0.17
| Nonbond force                  0.17
| PB Nonbond                     0.17
| PB NB list                     0.00
| PB FD grid                     0.00
| PB Sasa                        0.04
| PB FD force                    0.17
| PB Set linear sys              0.08
| PB Solver                      0.08
| PB Direct                      0.00
| PB SA srf                      0.00
| PB SA arc                      0.03
| PB SA arc setup                0.00
| PB circle                      0.03
| PB exclude                     0.01
| PB exmol                       0.08
| PB exmol setup                 0.01
| PB exmol part b                0.01
| PB exmol part c                0.00
| PB exmol part e                0.00
| PB exmol part f                0.02
| PB epsbnd                      0.00
| PB epsmap                      0.00
| PB calsa                       0.00
|           Job began  at 22:28:43.877  on 09/29/2021
|           Setup done at 22:28:43.882  on 09/29/2021
|           Run   done at 22:28:44.050  on 09/29/2021
|     wallclock() was called     110 times
