
          -------------------------------------------------------
          PBSA VERSION 2019                       UC Irvine
          -------------------------------------------------------

| Run on 09/29/2021 at 22:28:44

File Assignments:
|  MDIN: ../../../scripts/pbsa.in                                              
| MDOUT: guest-pb.out                                                          
|INPCRD: guest.crd                                                             
|  PARM: guest.prmtop                                                          
|

 Here is the input file:

Sample single point PB calculation                                             
&cntrl                                                                         
ipb=1, inp=1                                                                   
/                                                                              
&pb                                                                            
npbverb=1, fillratio=1.5, saopt=1, radiopt=0, epsin=1.0, epsout=80             
/                                                                              
 PBSA Warning in pb_read(): sprob=0.557 is optimized for inp=2 and  should not be used with inp=1. It has been reset to 1.4.
 PBSA Warning in pb_read(): cavity_surften=0.0378 is optimized for inp=2  and should not be used with inp=1. It has been reset to 0.005000.
 PBSA Warning in pb_read(): cavity_offset=-0.5692 is optimized for inp=2  and should not be used with inp=1. It has been reset to 0.000.

--------------------------------------------------------------------------------
   1.  RESOURCE   USE: 
--------------------------------------------------------------------------------

| Flags:                                                                        
| New format PARM file being parsed.
| Version =    1.000 Date = 09/29/21 Time = 22:19:36
 NATOM  =      49 NTYPES =      12 NBONH =      25 MBONA  =      27
 NTHETH =      57 MTHETA =      39 NPHIH =     108 MPHIA  =      75
 NHPARM =       0 NPARM  =       0 NNB   =     295 NRES   =       1
 NBONA  =      27 NTHETA =      39 NPHIA =      75 NUMBND =      18
 NUMANG =      33 NPTRA  =      19 NATYP =      23 NPHB   =       0
 IFBOX  =       1 NMXRS  =      49 IFCAP =       0 NEXTRA =       0
 NCOPY  =       0


|     Memory Use     Allocated
|     Real                1863
|     Hollerith            150
|     Integer            22389
|     Max Pairs              1
|     Max Rstack             1
|     Max Istack             1
|       Total              102 kbytes

     BOX TYPE: RECTILINEAR

--------------------------------------------------------------------------------
   2.  CONTROL  DATA  FOR  THE  RUN
--------------------------------------------------------------------------------

HST1                                                                            

General flags:
     imin    =       1, nmropt  =       0

Nature and format of input:
     ntx     =       1, irest   =       0, ntrx    =       1

Nature and format of output:
     ntxo    =       1, ntpr    =      50, ntrx    =       1, ntwr    =     500
     iwrap   =       0, ntwx    =       0, ntwv    =       0, ntwe    =       0
     ioutfm  =       0, ntwprt  =       0, idecomp =       0, rbornstat=      0

Potential function:
     ntf     =       1, ntb     =       1, ipb     =       1, nsnb    =      25
     ipol    =       0, gbsa    =       0, iesp    =       0
     dielc   =   1.00000, cut     =   8.00000, intdiel =   1.00000

Frozen or restrained atoms:
     ibelly  =       0, ntr     =       0

Energy minimization:
     maxcyc  =       1, ncyc    =      10, ntmin   =       1
     dx0     =   0.01000, drms    =   0.00010

======== Implicit Solvent Initialization ========

     Max Nonbonded Pairs:     1201     1201

 no. of atoms processed in PB initialization:    49
  NUM  RESI  NAME  TYPE    CHARGE ATM CRG/H   GRP CRG   PB RADI   NP RADI
    1  GST   C1    ca   -0.117588  0.054718  0.430036  1.700000  1.699835
    2  GST   C2    ca   -0.155594  0.010712  0.232936  1.700000  1.699835
    3  GST   C3    ca   -0.240594 -0.103588  0.198630  1.700000  1.699835
    4  GST   C4    ca   -0.222794 -0.084188 -0.006476  1.700000  1.699835
    5  GST   C5    ca    0.393806  0.437012 -0.270870  1.700000  1.699835
    6  GST   C6    ca   -0.089794 -0.089794  0.055830  1.700000  1.699835
    7  GST   C7    ca   -0.134794 -0.134794 -0.045864  1.700000  1.699835
    8  GST   C8    ca    0.364606  0.364606 -0.274764  1.700000  1.699835
    9  GST   C9    ca    0.167506  0.167506 -0.221064  1.700000  1.699835
   10  GST   C10   c2   -0.158994  0.104418  0.023930  1.700000  1.699835
   11  GST   C11   c2   -0.212394 -0.080488  0.072542  1.700000  1.699835
   12  GST   C12   c3   -0.098594  0.073818  0.431648  1.700000  1.699835
   13  GST   C13   c3   -0.088494  0.093518  0.329442  1.700000  1.699835
   14  GST   C14   c3    0.114206  0.317418  0.166748  1.700000  1.699835
   15  GST   C15   c3    0.115206  0.314818  0.138942  1.700000  1.699835
   16  GST   C16   c3   -0.039494  0.048612  0.323354  1.700000  1.699835
   17  GST   C17   c3   -0.071194  0.040412  0.256360  1.700000  1.699835
   18  GST   C18   c3    0.097006  0.195512  0.346854  1.700000  1.699835
   19  GST   C19   c3    0.108506  0.274724 -0.040370  1.700000  1.699835
   20  GST   C20   c3    0.186806  0.282312  0.199642  1.700000  1.699835
   21  GST   N1    nb   -0.604294 -0.604294  0.197324  1.550000  1.624999
   22  GST   N2    n4   -0.682794 -0.224488  0.603260  1.550000  1.624999
   23  GST   O1    oh   -0.571294 -0.143388  0.138924  1.500000  1.533237
   24  GST   O2    os   -0.315094 -0.315094  0.127136  1.500000  1.500006
   25  GST   H1    ha    0.172306  0.172306  0.172306  1.300000  1.299821
   26  GST   H2    ha    0.166306  0.166306  0.166306  1.300000  1.299821
   27  GST   H3    ha    0.137006  0.137006  0.137006  1.300000  1.299821
   28  GST   H4    ha    0.138606  0.138606  0.138606  1.300000  1.299821
   29  GST   H5    h4    0.043206  0.043206  0.043206  1.300000  1.255276
   30  GST   H6    ha    0.131706  0.131706  0.131706  1.300000  1.299821
   31  GST   H7    ha    0.131706  0.131706  0.131706  1.300000  1.299821
   32  GST   H8    ha    0.131906  0.131906  0.131906  1.300000  1.299821
   33  GST   H9    hc    0.086206  0.086206  0.086206  1.300000  1.324766
   34  GST   H10   hc    0.086206  0.086206  0.086206  1.300000  1.324766
   35  GST   H11   hc    0.091006  0.091006  0.091006  1.300000  1.324766
   36  GST   H12   hc    0.091006  0.091006  0.091006  1.300000  1.324766
   37  GST   H13   hx    0.101606  0.101606  0.101606  1.300000  0.979989
   38  GST   H14   hx    0.101606  0.101606  0.101606  1.300000  0.979989
   39  GST   H15   hx    0.099806  0.099806  0.099806  1.300000  0.979989
   40  GST   H16   hx    0.099806  0.099806  0.099806  1.300000  0.979989
   41  GST   H17   hc    0.088106  0.088106  0.088106  1.300000  1.324766
   42  GST   H18   hc    0.111606  0.111606  0.111606  1.300000  1.324766
   43  GST   H19   hx    0.098506  0.098506  0.098506  1.300000  0.979989
   44  GST   H20   h1    0.055406  0.055406  0.055406  1.300000  1.235677
   45  GST   H21   h1    0.055406  0.055406  0.055406  1.300000  1.235677
   46  GST   H22   h1    0.055406  0.055406  0.055406  1.300000  1.235677
   47  GST   H23   h1    0.095506  0.095506  0.095506  1.300000  1.235677
   48  GST   H24   hn    0.458306  0.458306  0.458306  1.300000  0.534539
   49  GST   H25   ho    0.427906  0.427906  0.427906  0.800000  0.000000

 total system charges (+/-) for PB        1.0000        4.8038       -3.8038
 cavity_surften =        0.0050 cavity_offset =        0.0000

   SAS Surface: surface dots generated:    366

--------------------------------------------------------------------------------
   3.  ATOMIC COORDINATES AND VELOCITIES
--------------------------------------------------------------------------------

Cpptraj Generated Restart                                                       
 begin time read from input coords =     0.000 ps

 Number of triangulated 3-point waters found:        0

--------------------------------------------------------------------------------
   4.  RESULTS
--------------------------------------------------------------------------------

  NB-update: atom-based nb list     1089


======== Setting up Grid Parameters ========
Using bounding box for grid setup
 Bounding Box at level:           2
 Bounding Box Center:      22.500    23.000    22.500
 Xmin, Xmax, Xmax-Xmin:    18.440    26.697     8.258
 Ymin, Ymax, Ymax-Ymin:    17.488    28.629    11.140
 Zmin, Zmax, Zmax-Zmin:    15.551    29.832    14.281
 Grid dimension at level     2    35   41   47
 Grid origin corrected at level     2     13.500    12.500    10.500
 Bounding Box at level:           1
 Bounding Box Center:      22.500    23.000    22.500
 Xmin, Xmax, Xmax-Xmin:    18.440    26.697     8.258
 Ymin, Ymax, Ymax-Ymin:    17.488    28.629    11.140
 Zmin, Zmax, Zmax-Zmin:    15.551    29.832    14.281
PB Warn in setgrd(): focusing grid too large    2
 fillratio is automatically increased to 2.500
 Grid dimension at level     1     7    9   11
 Grid origin corrected at level     1      6.500     3.000    -1.500
------- VMD goodie --------
#First Level Geometric Box
draw materials off
draw color green
draw line "    6.500    3.000   -1.500" "   34.500    3.000   -1.500"
draw line "    6.500    3.000   -1.500" "    6.500   39.000   -1.500"
draw line "    6.500    3.000   -1.500" "    6.500    3.000   42.500"
draw line "   34.500    3.000   -1.500" "   34.500   39.000   -1.500"
draw line "   34.500    3.000   -1.500" "   34.500    3.000   42.500"
draw line "    6.500   39.000   -1.500" "   34.500   39.000   -1.500"
draw line "    6.500   39.000   -1.500" "    6.500   39.000   42.500"
draw line "    6.500    3.000   42.500" "   34.500    3.000   42.500"
draw line "    6.500    3.000   42.500" "    6.500   39.000   42.500"
draw line "   34.500   39.000   42.500" "   34.500   39.000   -1.500"
draw line "   34.500   39.000   42.500" "    6.500   39.000   42.500"
draw line "   34.500   39.000   42.500" "   34.500    3.000   42.500"
#2nd Level Geometric Box
draw color blue
draw line "   13.500   12.500   10.500" "   31.500   12.500   10.500"
draw line "   13.500   12.500   10.500" "   13.500   33.500   10.500"
draw line "   13.500   12.500   10.500" "   13.500   12.500   34.500"
draw line "   31.500   12.500   10.500" "   31.500   33.500   10.500"
draw line "   31.500   12.500   10.500" "   31.500   12.500   34.500"
draw line "   13.500   33.500   10.500" "   31.500   33.500   10.500"
draw line "   13.500   33.500   10.500" "   13.500   33.500   34.500"
draw line "   13.500   12.500   34.500" "   31.500   12.500   34.500"
draw line "   13.500   12.500   34.500" "   13.500   33.500   34.500"
draw line "   31.500   33.500   34.500" "   31.500   33.500   10.500"
draw line "   31.500   33.500   34.500" "   13.500   33.500   34.500"
draw line "   31.500   33.500   34.500" "   31.500   12.500   34.500"
--- End VMD goodie --------

======== Setting up Solvent Accessibility Data ========
Setting up working radii
Number of SA srf points exposed  2193
 Number of SA arcs generated   727
 Number of SA arc points exposed        1283 Number of trimer arc points exposed         108
 with resolution (A) = .250000E+00

Atomic solvent accessible surface area:
           1   11.2184041927205
           2    7.9188735478027
           3    4.6193429028849
           4    6.5990612898356
           5   12.8681695151794
           6    3.6294837094096
           7    0.9898591934753
           8    6.9290143543274
           9    6.9290143543274
          10   10.8884511282288
          11    5.2792490318685
          12    0.6599061289836
          13    0.0000000000000
          14    0.9898591934753
          15    0.6599061289836
          16    0.0000000000000
          17    0.0000000000000
          18    0.0000000000000
          19    3.9594367739014
          20    0.0000000000000
          21   19.1228573152281
          22    0.0000000000000
          23   29.1639367856361
          24   15.8813517149504
          25   27.5327120099853
          26   13.5160586230837
          27   14.7675455326285
          28    6.7580293115418
          29   32.5386596481645
          30   33.0392544119824
          31    7.7592188391777
          32   27.2824146280763
          33   21.7758722260793
          34   21.2752774622614
          35   14.5172481507195
          36   13.2657612411747
          37    7.2586240753598
          38   20.7746826984435
          39   20.0237905527166
          40   12.7651664773568
          41   15.7687350602643
          42   20.0237905527166
          43    0.0000000000000
          44   35.5422282310719
          45   23.5279538994420
          46   24.2788460451689
          47    3.2538659648164
          48    8.5101109849045
          49    2.8250299840150

 ======== FDPB Summary ========

 Do FDPB every           1 steps
 Nonbonded Update
   residue cutoff is set to   99.9000000000000
   fdpb cutoff is set to    5.0000000000000
   sas cutoff is set to    9.0000000000000
   nonbonded cutoff is set to    0.0000000000000
 Grid Constants
   Grid dimension       7       9      11
   Grid spacing set to     4.000
   Grid boundary
         6.500    38.500
         3.000    43.000
        -1.500    46.500

 Dielectric Map
   Use cavity radii in the prmtop file

   Use probe-based SES definition
     Compute SAS/SAR every           1 steps
     Solvent probe radius   1.40000000000000
     Surface dots per atom     366
     Buried atom radii increment   0.79800000000000
     Threshhold for exposed atom   0.08000000000000
     Current SAS 576.88705387237007

 Boundary conditions
   sum of grid charges as independent DH spheres

 Physical constants
   Solute dielectric constant  :   1.00000000000000
   Solvent dielectric constant :   80.0000000000000
   Temperature (K)             :   300.000000000000
   Ionic strength (mM)         :   0.00000000000000
   Debye-Huckel parameter (1/A):   0.00000000000000

FD Solver Option
   Use Modified ICCG solver

 Iteration data
   Maximum iterations  :         100
   Convergence criteria:  1.000000000000000E-03
   Iterations required        :     6
   Norm of the constant vector:       345.0877311041
   Norm of the residual vector:      0.0861330779140
   Convergence achieved       :  2.4959762446049493E-04

 Total molecular surface    324.2307

 ======== FDPB Summary ========

 Do FDPB every           1 steps
 Nonbonded Update
   residue cutoff is set to   99.9000000000000
   fdpb cutoff is set to    5.0000000000000
   sas cutoff is set to    9.0000000000000
   nonbonded cutoff is set to    0.0000000000000
 Grid Constants
   Grid dimension      35      41      47
   Grid spacing set to     0.500
   Grid boundary
        13.500    31.500
        12.500    33.500
        10.500    34.500

 Dielectric Map
   Use cavity radii in the prmtop file

   Use probe-based SES definition
     Compute SAS/SAR every           1 steps
     Solvent probe radius   1.40000000000000
     Surface dots per atom     366
     Buried atom radii increment   0.79800000000000
     Threshhold for exposed atom   0.08000000000000
     Current SAS 576.88705387237007

 Boundary conditions
   sum of grid charges as independent DH spheres

 Physical constants
   Solute dielectric constant  :   1.00000000000000
   Solvent dielectric constant :   80.0000000000000
   Temperature (K)             :   300.000000000000
   Ionic strength (mM)         :   0.00000000000000
   Debye-Huckel parameter (1/A):   0.00000000000000

FD Solver Option
   Use Modified ICCG solver

 Iteration data
   Maximum iterations  :         100
   Convergence criteria:  1.000000000000000E-03
   Iterations required        :    15
   Norm of the constant vector:     42365.2070762334
   Norm of the residual vector:     34.0888051393757
   Convergence achieved       :  8.0464153233183035E-04

 Total surface charge      -0.9876
 Reaction field energy    -59.2810
 Nonpolar SAS/SAV    576.8871      0.0000
 Cavity solvation energy      2.8844

 NSTEP =        1   TIME(PS) =       0.000  TEMP(K) =     0.00  PRESS =     0.0
 Etot   =       -88.2961  EKtot   =         0.0000  EPtot      =         0.0000
 BOND   =         0.0000  ANGLE   =         0.0000  DIHED      =         0.0000
 1-4 NB =         0.0000  1-4 EEL =         0.0000  VDWAALS    =         3.2052
 EELEC  =       -35.1047  EPB     =       -59.2810  RESTRAINT  =         0.0000
 ECAVITY=         2.8844  EDISPER =         0.0000
 ------------------------------------------------------------------------------



  Maximum number of minimization cycles reached.


                    FINAL RESULTS


 NSTEP =        1   TIME(PS) =       0.000  TEMP(K) =     0.00  PRESS =     0.0
 Etot   =       -88.2961  EKtot   =         0.0000  EPtot      =         0.0000
 BOND   =         0.0000  ANGLE   =         0.0000  DIHED      =         0.0000
 1-4 NB =         0.0000  1-4 EEL =         0.0000  VDWAALS    =         3.2052
 EELEC  =       -35.1047  EPB     =       -59.2810  RESTRAINT  =         0.0000
 ECAVITY=         2.8844  EDISPER =         0.0000
 ------------------------------------------------------------------------------


--------------------------------------------------------------------------------
   5.  TIMINGS
--------------------------------------------------------------------------------

| Total time                     0.06
| Read prm/crd time              0.00
| Force time                     0.06
| Nonbond force                  0.06
| PB Nonbond                     0.06
| PB FD grid                     0.00
| PB Sasa                        0.00
| PB FD force                    0.06
| PB Set linear sys              0.02
| PB Solver                      0.04
| PB SA arc                      0.00
| PB circle                      0.00
| PB exclude                     0.00
| PB exmol                       0.02
| PB exmol setup                 0.00
| PB exmol part b                0.00
| PB exmol part c                0.00
| PB exmol part e                0.00
| PB exmol part f                0.01
| PB epsmap                      0.00
|           Job began  at 22:28:44.070  on 09/29/2021
|           Setup done at 22:28:44.073  on 09/29/2021
|           Run   done at 22:28:44.132  on 09/29/2021
|     wallclock() was called     110 times
