
          -------------------------------------------------------
          GBNSR6 2015                       
          -------------------------------------------------------

| Run on 11/06/2021 at 09:46:48
  [-O]verwriting output

File Assignments:
|  MDIN: ../scripts/gbnsr6.in                                                  
| MDOUT: complex-gb-radii.out                                                  
|INPCRD: complex.crd                                                           
|  PARM: complex.prmtop                                                        
|

 Here is the input file:

compute                                                                        
&cntrl                                                                         
inp=1                                                                          
/                                                                              
&gb                                                                            
epsin=1.0, epsout=80, istrng=0, space=0.5,                                     
arcres=0.2, B=0.028, alpb=1, rbornstat=0, rbornstat=1, cavity_surften=0.005    
/                                                                              

--------------------------------------------------------------------------------
   1.  RESOURCE   USE: 
--------------------------------------------------------------------------------

| Flags:                                                                        
| New format PARM file being parsed.
| Version =    1.000 Date = 08/29/21 Time = 13:29:57
 NATOM  =     152 NTYPES =      10 NBONH =      78 MBONA  =      79
 NTHETH =     180 MTHETA =     114 NPHIH =     310 MPHIA  =     227
 NHPARM =       0 NPARM  =       0 NNB   =     900 NRES   =       7
 NBONA  =      79 NTHETA =     114 NPHIA =     227 NUMBND =      11
 NUMANG =      22 NPTRA  =      24 NATYP =      15 NPHB   =       0
 IFBOX  =       1 NMXRS  =      26 IFCAP =       0 NEXTRA =       0
 NCOPY  =       0


|     Memory Use     Allocated
|     Real                5680
|     Hollerith            921
|     Integer            24927
|     Max Pairs              1
|     Max Rstack             1
|     Max Istack             1
|       Total              145 kbytes

| Note: 1-4 EEL scale factors are being read from the topology file.

     BOX TYPE: RECTILINEAR

--------------------------------------------------------------------------------
   2.  ATOMIC COORDINATES AND VELOCITIES
--------------------------------------------------------------------------------

Cpptraj Generated Restart                                                       
 begin time read from input coords =   551.000 ps

 Number of triangulated 3-point waters found:        0

--------------------------------------------------------------------------------
   3.  RESULTS
--------------------------------------------------------------------------------

Print:    Atom number      Inverse Effective Born Radii
rinv           1            0.35147552
rinv           2            0.56183208
rinv           3            0.28921149
rinv           4            0.38774405
rinv           5            0.60222615
rinv           6            0.54935963
rinv           7            0.60096336
rinv           8            0.36036592
rinv           9            0.48388179
rinv          10            0.54792449
rinv          11            0.86663724
rinv          12            0.31159510
rinv          13            0.50626878
rinv          14            0.29033147
rinv          15            0.24527864
rinv          16            0.42477850
rinv          17            0.39765236
rinv          18            0.46112395
rinv          19            0.56663579
rinv          20            0.56947711
rinv          21            0.88351967
rinv          22            0.36151688
rinv          23            0.57625407
rinv          24            0.29139628
rinv          25            0.39235255
rinv          26            0.60505021
rinv          27            0.53505030
rinv          28            0.54970522
rinv          29            0.35279956
rinv          30            0.48281453
rinv          31            0.53427087
rinv          32            0.86823839
rinv          33            0.30763914
rinv          34            0.50047505
rinv          35            0.28870059
rinv          36            0.24316884
rinv          37            0.42804216
rinv          38            0.39014587
rinv          39            0.44409900
rinv          40            0.53141304
rinv          41            0.57034603
rinv          42            0.87779554
rinv          43            0.35790742
rinv          44            0.57541499
rinv          45            0.31111202
rinv          46            0.40125118
rinv          47            0.62097864
rinv          48            0.55132898
rinv          49            0.77511486
rinv          50            0.35731612
rinv          51            0.47520409
rinv          52            0.53539674
rinv          53            0.89343577
rinv          54            0.31360914
rinv          55            0.50363120
rinv          56            0.28573019
rinv          57            0.24139546
rinv          58            0.42112046
rinv          59            0.37943100
rinv          60            0.40520289
rinv          61            0.50770802
rinv          62            0.56545698
rinv          63            0.95074933
rinv          64            0.35029837
rinv          65            0.55684242
rinv          66            0.29011367
rinv          67            0.38960664
rinv          68            0.60395293
rinv          69            0.54774099
rinv          70            0.60665276
rinv          71            0.35701938
rinv          72            0.49464450
rinv          73            0.54773427
rinv          74            0.92346632
rinv          75            0.31804083
rinv          76            0.51665338
rinv          77            0.28434661
rinv          78            0.23817691
rinv          79            0.41094888
rinv          80            0.37638515
rinv          81            0.39593061
rinv          82            0.53125460
rinv          83            0.55489084
rinv          84            0.95201026
rinv          85            0.36368772
rinv          86            0.58154935
rinv          87            0.28276797
rinv          88            0.39397567
rinv          89            0.60554424
rinv          90            0.53968234
rinv          91            0.61861371
rinv          92            0.35068845
rinv          93            0.46156353
rinv          94            0.53875346
rinv          95            0.87450057
rinv          96            0.31256655
rinv          97            0.50790549
rinv          98            0.29534007
rinv          99            0.24926061
rinv         100            0.45397167
rinv         101            0.38351605
rinv         102            0.44695944
rinv         103            0.56924839
rinv         104            0.56970565
rinv         105            0.84754665
rinv         106            0.35583633
rinv         107            0.56055582
rinv         108            0.29462913
rinv         109            0.39326262
rinv         110            0.60356031
rinv         111            0.55360056
rinv         112            0.66335831
rinv         113            0.34843975
rinv         114            0.47247699
rinv         115            0.53504567
rinv         116            0.85889422
rinv         117            0.31135580
rinv         118            0.50329877
rinv         119            0.29248600
rinv         120            0.24526993
rinv         121            0.43009279
rinv         122            0.39552193
rinv         123            0.43112422
rinv         124            0.55813954
rinv         125            0.56487798
rinv         126            0.96751002
rinv         127            0.42929223
rinv         128            0.55675449
rinv         129            0.60182221
rinv         130            0.36737256
rinv         131            0.47302289
rinv         132            0.55541749
rinv         133            0.30683749
rinv         134            0.34863196
rinv         135            0.46944399
rinv         136            0.23518369
rinv         137            0.24047251
rinv         138            0.27006252
rinv         139            0.21025346
rinv         140            0.21559548
rinv         141            0.21829955
rinv         142            0.24370931
rinv         143            0.26391426
rinv         144            0.25071095
rinv         145            0.38214401
rinv         146            0.45187955
rinv         147            0.57358328
rinv         148            0.44376518
rinv         149            0.49496709
rinv         150            0.65396807
rinv         151            0.66857523
rinv         152            0.64677612

 Cavity solvation energy      5.1426

 NSTEP =        1   TIME(PS) =       0.000  TEMP(K) =     0.00  PRESS =     0.0
 Etot   =       -98.5519  EKtot   =         0.0000  EPtot      =         0.0000
 BOND   =         0.0000  ANGLE   =         0.0000  DIHED      =         0.0000
 1-4 NB =         0.0000  1-4 EEL =       459.6365  VDWAALS    =         0.0000
 EELEC  =      -394.7760  EGB     =      -168.5550  RESTRAINT  =         0.0000
 ESURF  =         5.1426
 ------------------------------------------------------------------------------



  Maximum number of minimization cycles reached.


                    FINAL RESULTS


 NSTEP =        1   TIME(PS) =       0.000  TEMP(K) =     0.00  PRESS =     0.0
 Etot   =       -98.5519  EKtot   =         0.0000  EPtot      =         0.0000
 BOND   =         0.0000  ANGLE   =         0.0000  DIHED      =         0.0000
 1-4 NB =         0.0000  1-4 EEL =       459.6365  VDWAALS    =         0.0000
 EELEC  =      -394.7760  EGB     =      -168.5550  RESTRAINT  =         0.0000
 ESURF  =         5.1426
 ------------------------------------------------------------------------------

|           Job began  at 09:46:48.906  on 11/06/2021
|           Setup done at 09:46:48.910  on 11/06/2021
|           Run   done at 09:46:48.976  on 11/06/2021
|     wallclock() was called      72 times
