
          -------------------------------------------------------
          PBSA VERSION 2019                       UC Irvine
          -------------------------------------------------------

| Run on 08/29/2021 at 20:51:41

File Assignments:
|  MDIN: ../pbsa-script/mdin.in                                                
| MDOUT: complex-pb.out                                                        
|INPCRD: complex.crd                                                           
|  PARM: complex.prmtop                                                        
|

 Here is the input file:

Sample single point PB calculation                                             
&cntrl                                                                         
ipb=1, inp=1                                                                   
/                                                                              
&pb                                                                            
npbverb=1, fillratio=1.5, saopt=1, radiopt=0, epsin=1.0, epsout=80             
/                                                                              
 PBSA Warning in pb_read(): sprob=0.557 is optimized for inp=2 and  should not be used with inp=1. It has been reset to 1.4.
 PBSA Warning in pb_read(): cavity_surften=0.0378 is optimized for inp=2  and should not be used with inp=1. It has been reset to 0.005000.
 PBSA Warning in pb_read(): cavity_offset=-0.5692 is optimized for inp=2  and should not be used with inp=1. It has been reset to 0.000.

--------------------------------------------------------------------------------
   1.  RESOURCE   USE: 
--------------------------------------------------------------------------------

| Flags:                                                                        
| New format PARM file being parsed.
| Version =    1.000 Date = 08/29/21 Time = 13:29:57
 NATOM  =     152 NTYPES =      10 NBONH =      78 MBONA  =      79
 NTHETH =     180 MTHETA =     114 NPHIH =     310 MPHIA  =     227
 NHPARM =       0 NPARM  =       0 NNB   =     900 NRES   =       7
 NBONA  =      79 NTHETA =     114 NPHIA =     227 NUMBND =      11
 NUMANG =      22 NPTRA  =      24 NATYP =      15 NPHB   =       0
 IFBOX  =       1 NMXRS  =      26 IFCAP =       0 NEXTRA =       0
 NCOPY  =       0


|     Memory Use     Allocated
|     Real                5680
|     Hollerith            465
|     Integer            26850
|     Max Pairs              1
|     Max Rstack             1
|     Max Istack             1
|       Total              151 kbytes

     BOX TYPE: RECTILINEAR

--------------------------------------------------------------------------------
   2.  CONTROL  DATA  FOR  THE  RUN
--------------------------------------------------------------------------------

default_name                                                                    

General flags:
     imin    =       1, nmropt  =       0

Nature and format of input:
     ntx     =       1, irest   =       0, ntrx    =       1

Nature and format of output:
     ntxo    =       1, ntpr    =      50, ntrx    =       1, ntwr    =     500
     iwrap   =       0, ntwx    =       0, ntwv    =       0, ntwe    =       0
     ioutfm  =       0, ntwprt  =       0, idecomp =       0, rbornstat=      0

Potential function:
     ntf     =       1, ntb     =       1, ipb     =       1, nsnb    =      25
     ipol    =       0, gbsa    =       0, iesp    =       0
     dielc   =   1.00000, cut     =   8.00000, intdiel =   1.00000

Frozen or restrained atoms:
     ibelly  =       0, ntr     =       0

Energy minimization:
     maxcyc  =       1, ncyc    =      10, ntmin   =       1
     dx0     =   0.01000, drms    =   0.00010

======== Implicit Solvent Initialization ========

     Max Nonbonded Pairs:    11552    11552

 no. of atoms processed in PB initialization:   152
  NUM  RESI  NAME  TYPE    CHARGE ATM CRG/H   GRP CRG   PB RADI   NP RADI
    1  MGO   C1    CG    0.042700  0.203700 -0.283400  1.700000  1.699835
    2  MGO   H1    H2    0.161000  0.000000  0.000000  1.300000  1.146587
    3  MGO   O1    OS   -0.322900 -0.322900  0.080400  1.500000  1.500006
    4  MGO   C2    CG    0.137600  0.202600  0.508600  1.700000  1.699835
    5  MGO   H2    H1    0.065000  0.000000  0.000000  1.300000  1.235677
    6  MGO   O2    OH   -0.634600 -0.198000  0.004600  1.500000  1.533237
    7  MGO   HO2   HO    0.436600  0.000000  0.000000  0.800000  0.000000
    8  MGO   C3    CG    0.122400  0.300300  0.504500  1.700000  1.699835
    9  MGO   H3    H1    0.177900  0.000000  0.000000  1.300000  1.235677
   10  MGO   O3    OH   -0.620000 -0.198000  0.102300  1.500000  1.533237
   11  MGO   HO3   HO    0.422000  0.000000  0.000000  0.800000  0.000000
   12  MGO   C4    CG    0.040100  0.199600  0.311900  1.700000  1.699835
   13  MGO   H4    H1    0.159500  0.000000  0.000000  1.300000  1.235677
   14  MGO   C5    CG    0.019300  0.134900  0.210300  1.700000  1.699835
   15  MGO   H5    H1    0.115600  0.000000  0.000000  1.300000  1.235677
   16  MGO   O5    OS   -0.366800 -0.366800 -0.028200  1.500000  1.500006
   17  MGO   C6    CG    0.191800  0.242600  0.179500  1.700000  1.699835
   18  MGO   H61   H1    0.025400  0.000000  0.000000  1.300000  1.235677
   19  MGO   H62   H1    0.025400  0.000000  0.000000  1.300000  1.235677
   20  MGO   O6    OH   -0.607700 -0.198000  0.044600  1.500000  1.533237
   21  MGO   HO6   HO    0.409700  0.000000  0.000000  0.800000  0.000000
   22  MGO   C1    CG    0.042700  0.203700 -0.283400  1.700000  1.699835
   23  MGO   H1    H2    0.161000  0.000000  0.000000  1.300000  1.146587
   24  MGO   O1    OS   -0.322900 -0.322900  0.080400  1.500000  1.500006
   25  MGO   C2    CG    0.137600  0.202600  0.508600  1.700000  1.699835
   26  MGO   H2    H1    0.065000  0.000000  0.000000  1.300000  1.235677
   27  MGO   O2    OH   -0.634600 -0.198000  0.004600  1.500000  1.533237
   28  MGO   HO2   HO    0.436600  0.000000  0.000000  0.800000  0.000000
   29  MGO   C3    CG    0.122400  0.300300  0.504500  1.700000  1.699835
   30  MGO   H3    H1    0.177900  0.000000  0.000000  1.300000  1.235677
   31  MGO   O3    OH   -0.620000 -0.198000  0.102300  1.500000  1.533237
   32  MGO   HO3   HO    0.422000  0.000000  0.000000  0.800000  0.000000
   33  MGO   C4    CG    0.040100  0.199600  0.311900  1.700000  1.699835
   34  MGO   H4    H1    0.159500  0.000000  0.000000  1.300000  1.235677
   35  MGO   C5    CG    0.019300  0.134900  0.210300  1.700000  1.699835
   36  MGO   H5    H1    0.115600  0.000000  0.000000  1.300000  1.235677
   37  MGO   O5    OS   -0.366800 -0.366800 -0.028200  1.500000  1.500006
   38  MGO   C6    CG    0.191800  0.242600  0.179500  1.700000  1.699835
   39  MGO   H61   H1    0.025400  0.000000  0.000000  1.300000  1.235677
   40  MGO   H62   H1    0.025400  0.000000  0.000000  1.300000  1.235677
   41  MGO   O6    OH   -0.607700 -0.198000  0.044600  1.500000  1.533237
   42  MGO   HO6   HO    0.409700  0.000000  0.000000  0.800000  0.000000
   43  MGO   C1    CG    0.042700  0.203700 -0.283400  1.700000  1.699835
   44  MGO   H1    H2    0.161000  0.000000  0.000000  1.300000  1.146587
   45  MGO   O1    OS   -0.322900 -0.322900  0.080400  1.500000  1.500006
   46  MGO   C2    CG    0.137600  0.202600  0.508600  1.700000  1.699835
   47  MGO   H2    H1    0.065000  0.000000  0.000000  1.300000  1.235677
   48  MGO   O2    OH   -0.634600 -0.198000  0.004600  1.500000  1.533237
   49  MGO   HO2   HO    0.436600  0.000000  0.000000  0.800000  0.000000
   50  MGO   C3    CG    0.122400  0.300300  0.504500  1.700000  1.699835
   51  MGO   H3    H1    0.177900  0.000000  0.000000  1.300000  1.235677
   52  MGO   O3    OH   -0.620000 -0.198000  0.102300  1.500000  1.533237
   53  MGO   HO3   HO    0.422000  0.000000  0.000000  0.800000  0.000000
   54  MGO   C4    CG    0.040100  0.199600  0.311900  1.700000  1.699835
   55  MGO   H4    H1    0.159500  0.000000  0.000000  1.300000  1.235677
   56  MGO   C5    CG    0.019300  0.134900  0.210300  1.700000  1.699835
   57  MGO   H5    H1    0.115600  0.000000  0.000000  1.300000  1.235677
   58  MGO   O5    OS   -0.366800 -0.366800 -0.028200  1.500000  1.500006
   59  MGO   C6    CG    0.191800  0.242600  0.179500  1.700000  1.699835
   60  MGO   H61   H1    0.025400  0.000000  0.000000  1.300000  1.235677
   61  MGO   H62   H1    0.025400  0.000000  0.000000  1.300000  1.235677
   62  MGO   O6    OH   -0.607700 -0.198000  0.044600  1.500000  1.533237
   63  MGO   HO6   HO    0.409700  0.000000  0.000000  0.800000  0.000000
   64  MGO   C1    CG    0.042700  0.203700 -0.283400  1.700000  1.699835
   65  MGO   H1    H2    0.161000  0.000000  0.000000  1.300000  1.146587
   66  MGO   O1    OS   -0.322900 -0.322900  0.080400  1.500000  1.500006
   67  MGO   C2    CG    0.137600  0.202600  0.508600  1.700000  1.699835
   68  MGO   H2    H1    0.065000  0.000000  0.000000  1.300000  1.235677
   69  MGO   O2    OH   -0.634600 -0.198000  0.004600  1.500000  1.533237
   70  MGO   HO2   HO    0.436600  0.000000  0.000000  0.800000  0.000000
   71  MGO   C3    CG    0.122400  0.300300  0.504500  1.700000  1.699835
   72  MGO   H3    H1    0.177900  0.000000  0.000000  1.300000  1.235677
   73  MGO   O3    OH   -0.620000 -0.198000  0.102300  1.500000  1.533237
   74  MGO   HO3   HO    0.422000  0.000000  0.000000  0.800000  0.000000
   75  MGO   C4    CG    0.040100  0.199600  0.311900  1.700000  1.699835
   76  MGO   H4    H1    0.159500  0.000000  0.000000  1.300000  1.235677
   77  MGO   C5    CG    0.019300  0.134900  0.210300  1.700000  1.699835
   78  MGO   H5    H1    0.115600  0.000000  0.000000  1.300000  1.235677
   79  MGO   O5    OS   -0.366800 -0.366800 -0.028200  1.500000  1.500006
   80  MGO   C6    CG    0.191800  0.242600  0.179500  1.700000  1.699835
   81  MGO   H61   H1    0.025400  0.000000  0.000000  1.300000  1.235677
   82  MGO   H62   H1    0.025400  0.000000  0.000000  1.300000  1.235677
   83  MGO   O6    OH   -0.607700 -0.198000  0.044600  1.500000  1.533237
   84  MGO   HO6   HO    0.409700  0.000000  0.000000  0.800000  0.000000
   85  MGO   C1    CG    0.042700  0.203700 -0.283400  1.700000  1.699835
   86  MGO   H1    H2    0.161000  0.000000  0.000000  1.300000  1.146587
   87  MGO   O1    OS   -0.322900 -0.322900  0.080400  1.500000  1.500006
   88  MGO   C2    CG    0.137600  0.202600  0.508600  1.700000  1.699835
   89  MGO   H2    H1    0.065000  0.000000  0.000000  1.300000  1.235677
   90  MGO   O2    OH   -0.634600 -0.198000  0.004600  1.500000  1.533237
   91  MGO   HO2   HO    0.436600  0.000000  0.000000  0.800000  0.000000
   92  MGO   C3    CG    0.122400  0.300300  0.504500  1.700000  1.699835
   93  MGO   H3    H1    0.177900  0.000000  0.000000  1.300000  1.235677
   94  MGO   O3    OH   -0.620000 -0.198000  0.102300  1.500000  1.533237
   95  MGO   HO3   HO    0.422000  0.000000  0.000000  0.800000  0.000000
   96  MGO   C4    CG    0.040100  0.199600  0.311900  1.700000  1.699835
   97  MGO   H4    H1    0.159500  0.000000  0.000000  1.300000  1.235677
   98  MGO   C5    CG    0.019300  0.134900  0.210300  1.700000  1.699835
   99  MGO   H5    H1    0.115600  0.000000  0.000000  1.300000  1.235677
  100  MGO   O5    OS   -0.366800 -0.366800 -0.028200  1.500000  1.500006
  101  MGO   C6    CG    0.191800  0.242600  0.179500  1.700000  1.699835
  102  MGO   H61   H1    0.025400  0.000000  0.000000  1.300000  1.235677
  103  MGO   H62   H1    0.025400  0.000000  0.000000  1.300000  1.235677
  104  MGO   O6    OH   -0.607700 -0.198000  0.044600  1.500000  1.533237
  105  MGO   HO6   HO    0.409700  0.000000  0.000000  0.800000  0.000000
  106  MGO   C1    CG    0.042700  0.203700 -0.283400  1.700000  1.699835
  107  MGO   H1    H2    0.161000  0.000000  0.000000  1.300000  1.146587
  108  MGO   O1    OS   -0.322900 -0.322900  0.080400  1.500000  1.500006
  109  MGO   C2    CG    0.137600  0.202600  0.508600  1.700000  1.699835
  110  MGO   H2    H1    0.065000  0.000000  0.000000  1.300000  1.235677
  111  MGO   O2    OH   -0.634600 -0.198000  0.004600  1.500000  1.533237
  112  MGO   HO2   HO    0.436600  0.000000  0.000000  0.800000  0.000000
  113  MGO   C3    CG    0.122400  0.300300  0.504500  1.700000  1.699835
  114  MGO   H3    H1    0.177900  0.000000  0.000000  1.300000  1.235677
  115  MGO   O3    OH   -0.620000 -0.198000  0.102300  1.500000  1.533237
  116  MGO   HO3   HO    0.422000  0.000000  0.000000  0.800000  0.000000
  117  MGO   C4    CG    0.040100  0.199600  0.311900  1.700000  1.699835
  118  MGO   H4    H1    0.159500  0.000000  0.000000  1.300000  1.235677
  119  MGO   C5    CG    0.019300  0.134900  0.210300  1.700000  1.699835
  120  MGO   H5    H1    0.115600  0.000000  0.000000  1.300000  1.235677
  121  MGO   O5    OS   -0.366800 -0.366800 -0.028200  1.500000  1.500006
  122  MGO   C6    CG    0.191800  0.242600  0.179500  1.700000  1.699835
  123  MGO   H61   H1    0.025400  0.000000  0.000000  1.300000  1.235677
  124  MGO   H62   H1    0.025400  0.000000  0.000000  1.300000  1.235677
  125  MGO   O6    OH   -0.607700 -0.198000  0.044600  1.500000  1.533237
  126  MGO   HO6   HO    0.409700  0.000000  0.000000  0.800000  0.000000
  127  MOL   N1    n4   -0.045100  0.482500  0.872800  1.550000  1.624999
  128  MOL   H1    hn    0.263800  0.263800  0.263800  1.300000  0.534539
  129  MOL   H18   hn    0.263800  0.263800  0.263800  1.300000  0.534539
  130  MOL   C1    c3   -0.021600  0.167000  0.668400  1.700000  1.699835
  131  MOL   H2    hx    0.094300  0.094300  0.094300  1.300000  0.979989
  132  MOL   H3    hx    0.094300  0.094300  0.094300  1.300000  0.979989
  133  MOL   C2    c3   -0.021500  0.018900  0.227700  1.700000  1.699835
  134  MOL   H4    hc    0.020200  0.020200  0.020200  1.300000  1.324766
  135  MOL   H5    hc    0.020200  0.020200  0.020200  1.300000  1.324766
  136  MOL   C3    c3    0.019000  0.041800  0.079400  1.700000  1.699835
  137  MOL   H6    hc    0.011400  0.011400  0.011400  1.300000  1.324766
  138  MOL   H7    hc    0.011400  0.011400  0.011400  1.300000  1.324766
  139  MOL   C4    c3   -0.016500  0.018700  0.106700  1.700000  1.699835
  140  MOL   H8    hc    0.017600  0.017600  0.017600  1.300000  1.324766
  141  MOL   H9    hc    0.017600  0.017600  0.017600  1.300000  1.324766
  142  MOL   C5    c3    0.018200  0.046200  0.066500  1.700000  1.699835
  143  MOL   H10   hc    0.014000  0.014000  0.014000  1.300000  1.324766
  144  MOL   H11   hc    0.014000  0.014000  0.014000  1.300000  1.324766
  145  MOL   C6    c3   -0.092900  0.001600  0.047800  1.700000  1.699835
  146  MOL   H12   hc    0.031500  0.031500  0.031500  1.300000  1.324766
  147  MOL   H13   hc    0.031500  0.031500  0.031500  1.300000  1.324766
  148  MOL   H14   hc    0.031500  0.031500  0.031500  1.300000  1.324766
  149  MOL   C7    c3   -0.142700  0.223300  0.705800  1.700000  1.699835
  150  MOL   H15   hx    0.122000  0.122000  0.122000  1.300000  0.979989
  151  MOL   H16   hx    0.122000  0.122000  0.122000  1.300000  0.979989
  152  MOL   H17   hx    0.122000  0.122000  0.122000  1.300000  0.979989

 total system charges (+/-) for PB        1.0000       16.6523      -15.6523
 cavity_surften =        0.0050 cavity_offset =        0.0000

   SAS Surface: surface dots generated:    366

--------------------------------------------------------------------------------
   3.  ATOMIC COORDINATES AND VELOCITIES
--------------------------------------------------------------------------------

Cpptraj Generated Restart                                                       
 begin time read from input coords =   551.000 ps

 Number of triangulated 3-point waters found:        0

--------------------------------------------------------------------------------
   4.  RESULTS
--------------------------------------------------------------------------------

  NB-update: atom-based nb list     8339


======== Setting up Grid Parameters ========
Using bounding box for grid setup
 Bounding Box at level:           2
 Bounding Box Center:      17.500    17.000    20.000
 Xmin, Xmax, Xmax-Xmin:     9.696    25.405    15.709
 Ymin, Ymax, Ymax-Ymin:     9.372    24.516    15.145
 Zmin, Zmax, Zmax-Zmin:    13.172    26.702    13.530
 Grid dimension at level     2    49   49   45
 Grid origin corrected at level     2      5.000     4.500     8.500
 Bounding Box at level:           1
 Bounding Box Center:      17.500    17.000    20.000
 Xmin, Xmax, Xmax-Xmin:     9.696    25.405    15.709
 Ymin, Ymax, Ymax-Ymin:     9.372    24.516    15.145
 Zmin, Zmax, Zmax-Zmin:    13.172    26.702    13.530
PB Warn in setgrd(): focusing grid too large    2
 fillratio is automatically increased to 2.500
 Grid dimension at level     1    11   11    9
 Grid origin corrected at level     1     -6.500    -7.000     0.000
------- VMD goodie --------
#First Level Geometric Box
draw materials off
draw color green
draw line "   -6.500   -7.000    0.000" "   37.500   -7.000    0.000"
draw line "   -6.500   -7.000    0.000" "   -6.500   37.000    0.000"
draw line "   -6.500   -7.000    0.000" "   -6.500   -7.000   36.000"
draw line "   37.500   -7.000    0.000" "   37.500   37.000    0.000"
draw line "   37.500   -7.000    0.000" "   37.500   -7.000   36.000"
draw line "   -6.500   37.000    0.000" "   37.500   37.000    0.000"
draw line "   -6.500   37.000    0.000" "   -6.500   37.000   36.000"
draw line "   -6.500   -7.000   36.000" "   37.500   -7.000   36.000"
draw line "   -6.500   -7.000   36.000" "   -6.500   37.000   36.000"
draw line "   37.500   37.000   36.000" "   37.500   37.000    0.000"
draw line "   37.500   37.000   36.000" "   -6.500   37.000   36.000"
draw line "   37.500   37.000   36.000" "   37.500   -7.000   36.000"
#2nd Level Geometric Box
draw color blue
draw line "    5.000    4.500    8.500" "   30.000    4.500    8.500"
draw line "    5.000    4.500    8.500" "    5.000   29.500    8.500"
draw line "    5.000    4.500    8.500" "    5.000    4.500   31.500"
draw line "   30.000    4.500    8.500" "   30.000   29.500    8.500"
draw line "   30.000    4.500    8.500" "   30.000    4.500   31.500"
draw line "    5.000   29.500    8.500" "   30.000   29.500    8.500"
draw line "    5.000   29.500    8.500" "    5.000   29.500   31.500"
draw line "    5.000    4.500   31.500" "   30.000    4.500   31.500"
draw line "    5.000    4.500   31.500" "    5.000   29.500   31.500"
draw line "   30.000   29.500   31.500" "   30.000   29.500    8.500"
draw line "   30.000   29.500   31.500" "    5.000   29.500   31.500"
draw line "   30.000   29.500   31.500" "   30.000    4.500   31.500"
--- End VMD goodie --------

======== Setting up Solvent Accessibility Data ========
Setting up working radii
Number of SA srf points exposed  4002
 Number of SA arcs generated  3651
 Number of SA arc points exposed        2245 Number of trimer arc points exposed         192
 with resolution (A) = .250000E+00

Atomic solvent accessible surface area:
           1    0.0000000000000
           2   12.2645717135389
           3    0.0000000000000
           4    0.0000000000000
           5   18.5220062612628
           6   24.2551553464697
           7    0.0000000000000
           8    0.0000000000000
           9    4.7556502562702
          10   22.2338924009305
          11    5.1515252649684
          12    0.0000000000000
          13    6.2574345477239
          14    0.0000000000000
          15    0.0000000000000
          16    4.9087814391665
          17    0.6599061289836
          18    2.0023790552717
          19   12.2645717135389
          20   30.3189441830871
          21    5.6500599680299
          22    0.0000000000000
          23   15.7687350602643
          24    0.0000000000000
          25    0.0000000000000
          26   20.7746826984435
          27   21.0788850034796
          28    0.0000000000000
          29    0.0000000000000
          30    4.2550554924523
          31   19.9238776060286
          32    4.8191687962608
          33    0.0000000000000
          34    5.0059476381791
          35    0.0000000000000
          36    0.0000000000000
          37    5.4862851378919
          38    1.3198122579671
          39    1.0011895276358
          40    7.7592188391777
          41   33.7839663754399
          42    6.4809511397990
          43    0.0000000000000
          44   15.0178429145374
          45    0.0000000000000
          46    0.0000000000000
          47   22.0261696079882
          48   26.2764182920088
          49    1.6617823435382
          50    0.0000000000000
          51    4.0047581105433
          52   19.6351257566659
          53    6.3147729054452
          54    0.0000000000000
          55    5.5065424019971
          56    0.0000000000000
          57    0.0000000000000
          58    3.7537740417155
          59    0.3299530644918
          60    0.0000000000000
          61    5.2562450200881
          62   26.8539219907343
          63    9.3059811238140
          64    0.0000000000000
          65   11.0130848039941
          66    0.0000000000000
          67    0.0000000000000
          68   18.7723036431718
          69   24.8326590451951
          70    0.0000000000000
          71    0.0000000000000
          72    5.2562450200881
          73   21.3676368528423
          74    6.9794858428605
          75    0.0000000000000
          76    6.0071371658150
          77    0.0000000000000
          78    0.0000000000000
          79    4.0425258910783
          80    0.9898591934753
          81    0.0000000000000
          82    8.5101109849045
          83   23.6776516477442
          84    9.3059811238140
          85    0.0000000000000
          86   15.0178429145374
          87    0.0000000000000
          88    0.0000000000000
          89   20.7746826984435
          90   23.6776516477442
          91    0.0000000000000
          92    0.0000000000000
          93    2.5029738190896
          94   19.6351257566659
          95    3.9882776244917
          96    0.0000000000000
          97    6.5077319296329
          98    0.0000000000000
          99    0.0000000000000
         100    8.9513073302448
         101    0.3299530644918
         102    1.5017842914537
         103   13.0154638592658
         104   33.2064626767144
         105    3.8220993901379
         106    0.0000000000000
         107   12.0142743316300
         108    0.0000000000000
         109    0.0000000000000
         110   19.7734931708076
         111   25.6989145932833
         112    0.0000000000000
         113    0.0000000000000
         114    3.7544607286344
         115   20.7901331541168
         116    4.6529905619070
         117    0.0000000000000
         118    5.2562450200881
         119    0.0000000000000
         120    0.0000000000000
         121    5.4862851378919
         122    0.9898591934753
         123    0.0000000000000
         124   10.5124900401762
         125   26.2764182920088
         126    9.6383375925216
         127    0.0000000000000
         128   10.0118952763583
         129   16.5196272059912
         130    0.0000000000000
         131    1.7520816733627
         132    9.2610031306314
         133    0.0000000000000
         134    0.0000000000000
         135    1.2514869095448
         136    0.0000000000000
         137    0.0000000000000
         138    0.0000000000000
         139    0.0000000000000
         140    0.0000000000000
         141    0.0000000000000
         142    0.0000000000000
         143    0.0000000000000
         144    0.0000000000000
         145    2.6396245159342
         146    1.2514869095448
         147   15.7687350602643
         148    1.2514869095448
         149    4.2893898383931
         150   26.5315224823495
         151   31.0368753567107
         152   25.7806303366226

 ======== FDPB Summary ========

 Do FDPB every           1 steps
 Nonbonded Update
   residue cutoff is set to   99.9000000000000
   fdpb cutoff is set to    5.0000000000000
   sas cutoff is set to    9.0000000000000
   nonbonded cutoff is set to    0.0000000000000
 Grid Constants
   Grid dimension      11      11       9
   Grid spacing set to     4.000
   Grid boundary
        -6.500    41.500
        -7.000    41.000
         0.000    40.000

 Dielectric Map
   Use cavity radii in the prmtop file

   Use probe-based SES definition
     Compute SAS/SAR every           1 steps
     Solvent probe radius   1.40000000000000
     Surface dots per atom     366
     Buried atom radii increment   0.79800000000000
     Threshhold for exposed atom   0.08000000000000
     Current SAS1028.52172706552005

 Boundary conditions
   sum of grid charges as independent DH spheres

 Physical constants
   Solute dielectric constant  :   1.00000000000000
   Solvent dielectric constant :   80.0000000000000
   Temperature (K)             :   300.000000000000
   Ionic strength (mM)         :   0.00000000000000
   Debye-Huckel parameter (1/A):   0.00000000000000

FD Solver Option
   Use Modified ICCG solver

 Iteration data
   Maximum iterations  :         100
   Convergence criteria:  1.000000000000000E-03
   Iterations required        :     6
   Norm of the constant vector:       646.8966005835
   Norm of the residual vector:      0.4337401329145
   Convergence achieved       :  6.7049375823463630E-04

 Total molecular surface    694.3768

 ======== FDPB Summary ========

 Do FDPB every           1 steps
 Nonbonded Update
   residue cutoff is set to   99.9000000000000
   fdpb cutoff is set to    5.0000000000000
   sas cutoff is set to    9.0000000000000
   nonbonded cutoff is set to    0.0000000000000
 Grid Constants
   Grid dimension      49      49      45
   Grid spacing set to     0.500
   Grid boundary
         5.000    30.000
         4.500    29.500
         8.500    31.500

 Dielectric Map
   Use cavity radii in the prmtop file

   Use probe-based SES definition
     Compute SAS/SAR every           1 steps
     Solvent probe radius   1.40000000000000
     Surface dots per atom     366
     Buried atom radii increment   0.79800000000000
     Threshhold for exposed atom   0.08000000000000
     Current SAS1028.52172706552005

 Boundary conditions
   sum of grid charges as independent DH spheres

 Physical constants
   Solute dielectric constant  :   1.00000000000000
   Solvent dielectric constant :   80.0000000000000
   Temperature (K)             :   300.000000000000
   Ionic strength (mM)         :   0.00000000000000
   Debye-Huckel parameter (1/A):   0.00000000000000

FD Solver Option
   Use Modified ICCG solver

 Iteration data
   Maximum iterations  :         100
   Convergence criteria:  1.000000000000000E-03
   Iterations required        :    16
   Norm of the constant vector:    131722.7548544411
   Norm of the residual vector:    115.5725361283434
   Convergence achieved       :  8.7739234011660085E-04

 Total surface charge      -0.9870
 Reaction field energy   -185.4577
 Nonpolar SAS/SAV   1028.5217      0.0000
 Cavity solvation energy      5.1426

 NSTEP =        1   TIME(PS) =       0.000  TEMP(K) =     0.00  PRESS =     0.0
 Etot   =      -624.4807  EKtot   =         0.0000  EPtot      =         0.0000
 BOND   =         0.0000  ANGLE   =         0.0000  DIHED      =         0.0000
 1-4 NB =         0.0000  1-4 EEL =         0.0000  VDWAALS    =       -49.3896
 EELEC  =      -394.7760  EPB     =      -185.4577  RESTRAINT  =         0.0000
 ECAVITY=         5.1426  EDISPER =         0.0000
 ------------------------------------------------------------------------------



  Maximum number of minimization cycles reached.


                    FINAL RESULTS


 NSTEP =        1   TIME(PS) =       0.000  TEMP(K) =     0.00  PRESS =     0.0
 Etot   =      -624.4807  EKtot   =         0.0000  EPtot      =         0.0000
 BOND   =         0.0000  ANGLE   =         0.0000  DIHED      =         0.0000
 1-4 NB =         0.0000  1-4 EEL =         0.0000  VDWAALS    =       -49.3896
 EELEC  =      -394.7760  EPB     =      -185.4577  RESTRAINT  =         0.0000
 ECAVITY=         5.1426  EDISPER =         0.0000
 ------------------------------------------------------------------------------


--------------------------------------------------------------------------------
   5.  TIMINGS
--------------------------------------------------------------------------------

| Total time                     0.13
| Read prm/crd time              0.01
| Force time                     0.12
| Nonbond force                  0.12
| PB Nonbond                     0.12
| PB FD grid                     0.00
| PB Sasa                        0.02
| PB FD force                    0.12
| PB Set linear sys              0.05
| PB Solver                      0.07
| PB SA srf                      0.00
| PB SA arc                      0.02
| PB circle                      0.02
| PB exclude                     0.01
| PB exmol                       0.05
| PB exmol setup                 0.01
| PB exmol part b                0.00
| PB exmol part c                0.00
| PB exmol part e                0.00
| PB exmol part f                0.01
| PB epsmap                      0.00
|           Job began  at 20:51:41.934  on 08/29/2021
|           Setup done at 20:51:41.940  on 08/29/2021
|           Run   done at 20:51:42.067  on 08/29/2021
|     wallclock() was called     110 times
