
          -------------------------------------------------------
          GBNSR6 2015                       
          -------------------------------------------------------

| Run on 11/06/2021 at 09:46:52
  [-O]verwriting output

File Assignments:
|  MDIN: ../scripts/gbnsr6.in                                                  
| MDOUT: complex-gb-radii.out                                                  
|INPCRD: complex.crd                                                           
|  PARM: complex.prmtop                                                        
|

 Here is the input file:

compute                                                                        
&cntrl                                                                         
inp=1                                                                          
/                                                                              
&gb                                                                            
epsin=1.0, epsout=80, istrng=0, space=0.5,                                     
arcres=0.2, B=0.028, alpb=1, rbornstat=0, rbornstat=1, cavity_surften=0.005    
/                                                                              

--------------------------------------------------------------------------------
   1.  RESOURCE   USE: 
--------------------------------------------------------------------------------

| Flags:                                                                        
| New format PARM file being parsed.
| Version =    1.000 Date = 08/29/21 Time = 13:30:02
 NATOM  =     148 NTYPES =       9 NBONH =      73 MBONA  =      80
 NTHETH =     169 MTHETA =     116 NPHIH =     303 MPHIA  =     229
 NHPARM =       0 NPARM  =       0 NNB   =     874 NRES   =       7
 NBONA  =      80 NTHETA =     116 NPHIA =     229 NUMBND =      10
 NUMANG =      19 NPTRA  =      28 NATYP =      14 NPHB   =       0
 IFBOX  =       1 NMXRS  =      22 IFCAP =       0 NEXTRA =       0
 NCOPY  =       0


|     Memory Use     Allocated
|     Real                5532
|     Hollerith            897
|     Integer            24757
|     Max Pairs              1
|     Max Rstack             1
|     Max Istack             1
|       Total              143 kbytes

| Note: 1-4 EEL scale factors are being read from the topology file.

     BOX TYPE: RECTILINEAR

--------------------------------------------------------------------------------
   2.  ATOMIC COORDINATES AND VELOCITIES
--------------------------------------------------------------------------------

Cpptraj Generated Restart                                                       
 begin time read from input coords =   551.000 ps

 Number of triangulated 3-point waters found:        0

--------------------------------------------------------------------------------
   3.  RESULTS
--------------------------------------------------------------------------------

Print:    Atom number      Inverse Effective Born Radii
rinv           1            0.36484507
rinv           2            0.58072664
rinv           3            0.28611941
rinv           4            0.39498437
rinv           5            0.59885655
rinv           6            0.55848433
rinv           7            0.67576374
rinv           8            0.35463148
rinv           9            0.45956283
rinv          10            0.54002318
rinv          11            0.55433904
rinv          12            0.30143325
rinv          13            0.47964103
rinv          14            0.28621578
rinv          15            0.24388291
rinv          16            0.43525776
rinv          17            0.39086645
rinv          18            0.46034915
rinv          19            0.57641863
rinv          20            0.55534467
rinv          21            0.93195088
rinv          22            0.35714482
rinv          23            0.56506550
rinv          24            0.26354407
rinv          25            0.38153658
rinv          26            0.60301151
rinv          27            0.53058046
rinv          28            0.49571020
rinv          29            0.34437997
rinv          30            0.39719720
rinv          31            0.53851086
rinv          32            0.85583065
rinv          33            0.31701370
rinv          34            0.52903984
rinv          35            0.29811387
rinv          36            0.24485741
rinv          37            0.46140929
rinv          38            0.40342146
rinv          39            0.61899602
rinv          40            0.47339423
rinv          41            0.51004913
rinv          42            0.94350219
rinv          43            0.34937791
rinv          44            0.56646847
rinv          45            0.26294619
rinv          46            0.38252017
rinv          47            0.59585151
rinv          48            0.53199436
rinv          49            0.52085973
rinv          50            0.33507184
rinv          51            0.36646982
rinv          52            0.52655669
rinv          53            0.87956933
rinv          54            0.29786365
rinv          55            0.47940013
rinv          56            0.28582203
rinv          57            0.24406583
rinv          58            0.42923441
rinv          59            0.40109472
rinv          60            0.47324763
rinv          61            0.57151353
rinv          62            0.57962933
rinv          63            0.86106661
rinv          64            0.35227363
rinv          65            0.57049968
rinv          66            0.26244356
rinv          67            0.38377163
rinv          68            0.61001374
rinv          69            0.52108806
rinv          70            0.59183537
rinv          71            0.31408732
rinv          72            0.28870819
rinv          73            0.50086069
rinv          74            0.84764608
rinv          75            0.31120435
rinv          76            0.52785926
rinv          77            0.30147388
rinv          78            0.25177513
rinv          79            0.44555870
rinv          80            0.41789521
rinv          81            0.50890318
rinv          82            0.57504645
rinv          83            0.56798285
rinv          84            0.85040010
rinv          85            0.36693226
rinv          86            0.59083358
rinv          87            0.28271099
rinv          88            0.39419278
rinv          89            0.60988867
rinv          90            0.53431810
rinv          91            0.51026637
rinv          92            0.34592431
rinv          93            0.43247004
rinv          94            0.54033933
rinv          95            0.91189259
rinv          96            0.30588247
rinv          97            0.49750162
rinv          98            0.29951891
rinv          99            0.25016579
rinv         100            0.45312598
rinv         101            0.40427103
rinv         102            0.45184935
rinv         103            0.59856355
rinv         104            0.55506032
rinv         105            0.91819679
rinv         106            0.35343721
rinv         107            0.55608809
rinv         108            0.27996979
rinv         109            0.39031777
rinv         110            0.60849461
rinv         111            0.53211820
rinv         112            0.88227625
rinv         113            0.35341550
rinv         114            0.46953813
rinv         115            0.53298690
rinv         116            0.90006671
rinv         117            0.32102346
rinv         118            0.52786091
rinv         119            0.29381007
rinv         120            0.24246602
rinv         121            0.43950710
rinv         122            0.38441077
rinv         123            0.45224029
rinv         124            0.50741694
rinv         125            0.57074599
rinv         126            0.95355062
rinv         127            0.43914286
rinv         128            0.56812274
rinv         129            0.57009502
rinv         130            0.34416031
rinv         131            0.44742508
rinv         132            0.45351984
rinv         133            0.24627022
rinv         134            0.28128393
rinv         135            0.26490076
rinv         136            0.20798905
rinv         137            0.21177096
rinv         138            0.21959519
rinv         139            0.21044253
rinv         140            0.21960606
rinv         141            0.21101690
rinv         142            0.27449867
rinv         143            0.37007378
rinv         144            0.26452884
rinv         145            0.40956331
rinv         146            0.53136823
rinv         147            0.61792585
rinv         148            0.48220979

 Cavity solvation energy      4.9140

 NSTEP =        1   TIME(PS) =       0.000  TEMP(K) =     0.00  PRESS =     0.0
 Etot   =      -160.5316  EKtot   =         0.0000  EPtot      =         0.0000
 BOND   =         0.0000  ANGLE   =         0.0000  DIHED      =         0.0000
 1-4 NB =         0.0000  1-4 EEL =       428.4067  VDWAALS    =         0.0000
 EELEC  =      -417.8527  EGB     =      -175.9997  RESTRAINT  =         0.0000
 ESURF  =         4.9140
 ------------------------------------------------------------------------------



  Maximum number of minimization cycles reached.


                    FINAL RESULTS


 NSTEP =        1   TIME(PS) =       0.000  TEMP(K) =     0.00  PRESS =     0.0
 Etot   =      -160.5316  EKtot   =         0.0000  EPtot      =         0.0000
 BOND   =         0.0000  ANGLE   =         0.0000  DIHED      =         0.0000
 1-4 NB =         0.0000  1-4 EEL =       428.4067  VDWAALS    =         0.0000
 EELEC  =      -417.8527  EGB     =      -175.9997  RESTRAINT  =         0.0000
 ESURF  =         4.9140
 ------------------------------------------------------------------------------

|           Job began  at 09:46:52.182  on 11/06/2021
|           Setup done at 09:46:52.185  on 11/06/2021
|           Run   done at 09:46:52.248  on 11/06/2021
|     wallclock() was called      72 times
