
          -------------------------------------------------------
          GBNSR6 2015                       
          -------------------------------------------------------

| Run on 09/26/2021 at 22:14:36
  [-O]verwriting output

File Assignments:
|  MDIN: ../../../scripts/gbnsr6.in                                            
| MDOUT: complex-gb.out                                                        
|INPCRD: ../top_crd/complex.crd                                                
|  PARM: ../top_crd/complex.top                                                
|

 Here is the input file:

compute                                                                        
&cntrl                                                                         
inp=1                                                                          
/                                                                              
&gb                                                                            
epsin=1.0, epsout=80, istrng=0, space=0.5,                                     
arcres=0.2, B=0.028, alpb=1, rbornstat=0, cavity_surften=0.005                 
/                                                                              

--------------------------------------------------------------------------------
   1.  RESOURCE   USE: 
--------------------------------------------------------------------------------

| Flags:                                                                        
| New format PARM file being parsed.
| Version =    1.000 Date = 09/26/21 Time = 22:06:47
 NATOM  =    4629 NTYPES =      24 NBONH =    2227 MBONA  =    2455
 NTHETH =    5015 MTHETA =    3357 NPHIH =   10707 MPHIA  =   10820
 NHPARM =       0 NPARM  =       0 NNB   =   25392 NRES   =     324
 NBONA  =    2455 NTHETA =    3357 NPHIA =   10820 NUMBND =      73
 NUMANG =     169 NPTRA  =     209 NATYP =      41 NPHB   =       0
 IFBOX  =       0 NMXRS  =      80 IFCAP =       0 NEXTRA =       0
 NCOPY  =       0


|     Memory Use     Allocated
|     Real              171473
|     Hollerith          28100
|     Integer           241810
|     Max Pairs              1
|     Max Rstack             1
|     Max Istack             1
|       Total             2393 kbytes

| Note: 1-4 EEL scale factors are being read from the topology file.

--------------------------------------------------------------------------------
   2.  ATOMIC COORDINATES AND VELOCITIES
--------------------------------------------------------------------------------

default_name                                                                    
 begin time read from input coords =     0.000 ps

 Number of triangulated 3-point waters found:        0

--------------------------------------------------------------------------------
   3.  RESULTS
--------------------------------------------------------------------------------

 Cavity solvation energy     61.7734

 NSTEP =        1   TIME(PS) =       0.000  TEMP(K) =     0.00  PRESS =     0.0
 Etot   =     -9729.2644  EKtot   =         0.0000  EPtot      =         0.0000
 BOND   =         0.0000  ANGLE   =         0.0000  DIHED      =         0.0000
 1-4 NB =         0.0000  1-4 EEL =     16127.6394  VDWAALS    =         0.0000
 EELEC  =    -19939.9608  EGB     =     -5978.7164  RESTRAINT  =         0.0000
 ESURF  =        61.7734
 ------------------------------------------------------------------------------



  Maximum number of minimization cycles reached.


                    FINAL RESULTS


 NSTEP =        1   TIME(PS) =       0.000  TEMP(K) =     0.00  PRESS =     0.0
 Etot   =     -9729.2644  EKtot   =         0.0000  EPtot      =         0.0000
 BOND   =         0.0000  ANGLE   =         0.0000  DIHED      =         0.0000
 1-4 NB =         0.0000  1-4 EEL =     16127.6394  VDWAALS    =         0.0000
 EELEC  =    -19939.9608  EGB     =     -5978.7164  RESTRAINT  =         0.0000
 ESURF  =        61.7734
 ------------------------------------------------------------------------------

|           Job began  at 22:14:36.876  on 09/26/2021
|           Setup done at 22:14:36.921  on 09/26/2021
|           Run   done at 22:14:40.162  on 09/26/2021
|     wallclock() was called      72 times
