
          -------------------------------------------------------
          PBSA VERSION 2019                       UC Irvine
          -------------------------------------------------------

| Run on 08/29/2021 at 20:53:13

File Assignments:
|  MDIN: ../pbsa-script/mdin.in                                                
| MDOUT: complex-pb.out                                                        
|INPCRD: complex.crd                                                           
|  PARM: complex.prmtop                                                        
|

 Here is the input file:

Sample single point PB calculation                                             
&cntrl                                                                         
ipb=1, inp=1                                                                   
/                                                                              
&pb                                                                            
npbverb=1, fillratio=1.5, saopt=1, radiopt=0, epsin=1.0, epsout=80             
/                                                                              
 PBSA Warning in pb_read(): sprob=0.557 is optimized for inp=2 and  should not be used with inp=1. It has been reset to 1.4.
 PBSA Warning in pb_read(): cavity_surften=0.0378 is optimized for inp=2  and should not be used with inp=1. It has been reset to 0.005000.
 PBSA Warning in pb_read(): cavity_offset=-0.5692 is optimized for inp=2  and should not be used with inp=1. It has been reset to 0.000.

--------------------------------------------------------------------------------
   1.  RESOURCE   USE: 
--------------------------------------------------------------------------------

| Flags:                                                                        
| New format PARM file being parsed.
| Version =    1.000 Date = 08/29/21 Time = 13:42:27
 NATOM  =     176 NTYPES =      10 NBONH =      90 MBONA  =      92
 NTHETH =     208 MTHETA =     133 NPHIH =     360 MPHIA  =     268
 NHPARM =       0 NPARM  =       0 NNB   =    1044 NRES   =       8
 NBONA  =      92 NTHETA =     133 NPHIA =     268 NUMBND =      11
 NUMANG =      21 NPTRA  =      24 NATYP =      15 NPHB   =       0
 IFBOX  =       1 NMXRS  =      29 IFCAP =       0 NEXTRA =       0
 NCOPY  =       0


|     Memory Use     Allocated
|     Real                6571
|     Hollerith            538
|     Integer            27953
|     Max Pairs              1
|     Max Rstack             1
|     Max Istack             1
|       Total              162 kbytes

     BOX TYPE: RECTILINEAR

--------------------------------------------------------------------------------
   2.  CONTROL  DATA  FOR  THE  RUN
--------------------------------------------------------------------------------

default_name                                                                    

General flags:
     imin    =       1, nmropt  =       0

Nature and format of input:
     ntx     =       1, irest   =       0, ntrx    =       1

Nature and format of output:
     ntxo    =       1, ntpr    =      50, ntrx    =       1, ntwr    =     500
     iwrap   =       0, ntwx    =       0, ntwv    =       0, ntwe    =       0
     ioutfm  =       0, ntwprt  =       0, idecomp =       0, rbornstat=      0

Potential function:
     ntf     =       1, ntb     =       1, ipb     =       1, nsnb    =      25
     ipol    =       0, gbsa    =       0, iesp    =       0
     dielc   =   1.00000, cut     =   8.00000, intdiel =   1.00000

Frozen or restrained atoms:
     ibelly  =       0, ntr     =       0

Energy minimization:
     maxcyc  =       1, ncyc    =      10, ntmin   =       1
     dx0     =   0.01000, drms    =   0.00010

======== Implicit Solvent Initialization ========

     Max Nonbonded Pairs:    15488    15488

 no. of atoms processed in PB initialization:   176
  NUM  RESI  NAME  TYPE    CHARGE ATM CRG/H   GRP CRG   PB RADI   NP RADI
    1  MGO   C1    CG    0.042700  0.203700 -0.283400  1.700000  1.699835
    2  MGO   H1    H2    0.161000  0.000000  0.000000  1.300000  1.146587
    3  MGO   O1    OS   -0.322900 -0.322900  0.080400  1.500000  1.500006
    4  MGO   C2    CG    0.137600  0.202600  0.508600  1.700000  1.699835
    5  MGO   H2    H1    0.065000  0.000000  0.000000  1.300000  1.235677
    6  MGO   O2    OH   -0.634600 -0.198000  0.004600  1.500000  1.533237
    7  MGO   HO2   HO    0.436600  0.000000  0.000000  0.800000  0.000000
    8  MGO   C3    CG    0.122400  0.300300  0.504500  1.700000  1.699835
    9  MGO   H3    H1    0.177900  0.000000  0.000000  1.300000  1.235677
   10  MGO   O3    OH   -0.620000 -0.198000  0.102300  1.500000  1.533237
   11  MGO   HO3   HO    0.422000  0.000000  0.000000  0.800000  0.000000
   12  MGO   C4    CG    0.040100  0.199600  0.311900  1.700000  1.699835
   13  MGO   H4    H1    0.159500  0.000000  0.000000  1.300000  1.235677
   14  MGO   C5    CG    0.019300  0.134900  0.210300  1.700000  1.699835
   15  MGO   H5    H1    0.115600  0.000000  0.000000  1.300000  1.235677
   16  MGO   O5    OS   -0.366800 -0.366800 -0.028200  1.500000  1.500006
   17  MGO   C6    CG    0.191800  0.242600  0.179500  1.700000  1.699835
   18  MGO   H61   H1    0.025400  0.000000  0.000000  1.300000  1.235677
   19  MGO   H62   H1    0.025400  0.000000  0.000000  1.300000  1.235677
   20  MGO   O6    OH   -0.607700 -0.198000  0.044600  1.500000  1.533237
   21  MGO   HO6   HO    0.409700  0.000000  0.000000  0.800000  0.000000
   22  MGO   C1    CG    0.042700  0.203700 -0.283400  1.700000  1.699835
   23  MGO   H1    H2    0.161000  0.000000  0.000000  1.300000  1.146587
   24  MGO   O1    OS   -0.322900 -0.322900  0.080400  1.500000  1.500006
   25  MGO   C2    CG    0.137600  0.202600  0.508600  1.700000  1.699835
   26  MGO   H2    H1    0.065000  0.000000  0.000000  1.300000  1.235677
   27  MGO   O2    OH   -0.634600 -0.198000  0.004600  1.500000  1.533237
   28  MGO   HO2   HO    0.436600  0.000000  0.000000  0.800000  0.000000
   29  MGO   C3    CG    0.122400  0.300300  0.504500  1.700000  1.699835
   30  MGO   H3    H1    0.177900  0.000000  0.000000  1.300000  1.235677
   31  MGO   O3    OH   -0.620000 -0.198000  0.102300  1.500000  1.533237
   32  MGO   HO3   HO    0.422000  0.000000  0.000000  0.800000  0.000000
   33  MGO   C4    CG    0.040100  0.199600  0.311900  1.700000  1.699835
   34  MGO   H4    H1    0.159500  0.000000  0.000000  1.300000  1.235677
   35  MGO   C5    CG    0.019300  0.134900  0.210300  1.700000  1.699835
   36  MGO   H5    H1    0.115600  0.000000  0.000000  1.300000  1.235677
   37  MGO   O5    OS   -0.366800 -0.366800 -0.028200  1.500000  1.500006
   38  MGO   C6    CG    0.191800  0.242600  0.179500  1.700000  1.699835
   39  MGO   H61   H1    0.025400  0.000000  0.000000  1.300000  1.235677
   40  MGO   H62   H1    0.025400  0.000000  0.000000  1.300000  1.235677
   41  MGO   O6    OH   -0.607700 -0.198000  0.044600  1.500000  1.533237
   42  MGO   HO6   HO    0.409700  0.000000  0.000000  0.800000  0.000000
   43  MGO   C1    CG    0.042700  0.203700 -0.283400  1.700000  1.699835
   44  MGO   H1    H2    0.161000  0.000000  0.000000  1.300000  1.146587
   45  MGO   O1    OS   -0.322900 -0.322900  0.080400  1.500000  1.500006
   46  MGO   C2    CG    0.137600  0.202600  0.508600  1.700000  1.699835
   47  MGO   H2    H1    0.065000  0.000000  0.000000  1.300000  1.235677
   48  MGO   O2    OH   -0.634600 -0.198000  0.004600  1.500000  1.533237
   49  MGO   HO2   HO    0.436600  0.000000  0.000000  0.800000  0.000000
   50  MGO   C3    CG    0.122400  0.300300  0.504500  1.700000  1.699835
   51  MGO   H3    H1    0.177900  0.000000  0.000000  1.300000  1.235677
   52  MGO   O3    OH   -0.620000 -0.198000  0.102300  1.500000  1.533237
   53  MGO   HO3   HO    0.422000  0.000000  0.000000  0.800000  0.000000
   54  MGO   C4    CG    0.040100  0.199600  0.311900  1.700000  1.699835
   55  MGO   H4    H1    0.159500  0.000000  0.000000  1.300000  1.235677
   56  MGO   C5    CG    0.019300  0.134900  0.210300  1.700000  1.699835
   57  MGO   H5    H1    0.115600  0.000000  0.000000  1.300000  1.235677
   58  MGO   O5    OS   -0.366800 -0.366800 -0.028200  1.500000  1.500006
   59  MGO   C6    CG    0.191800  0.242600  0.179500  1.700000  1.699835
   60  MGO   H61   H1    0.025400  0.000000  0.000000  1.300000  1.235677
   61  MGO   H62   H1    0.025400  0.000000  0.000000  1.300000  1.235677
   62  MGO   O6    OH   -0.607700 -0.198000  0.044600  1.500000  1.533237
   63  MGO   HO6   HO    0.409700  0.000000  0.000000  0.800000  0.000000
   64  MGO   C1    CG    0.042700  0.203700 -0.283400  1.700000  1.699835
   65  MGO   H1    H2    0.161000  0.000000  0.000000  1.300000  1.146587
   66  MGO   O1    OS   -0.322900 -0.322900  0.080400  1.500000  1.500006
   67  MGO   C2    CG    0.137600  0.202600  0.508600  1.700000  1.699835
   68  MGO   H2    H1    0.065000  0.000000  0.000000  1.300000  1.235677
   69  MGO   O2    OH   -0.634600 -0.198000  0.004600  1.500000  1.533237
   70  MGO   HO2   HO    0.436600  0.000000  0.000000  0.800000  0.000000
   71  MGO   C3    CG    0.122400  0.300300  0.504500  1.700000  1.699835
   72  MGO   H3    H1    0.177900  0.000000  0.000000  1.300000  1.235677
   73  MGO   O3    OH   -0.620000 -0.198000  0.102300  1.500000  1.533237
   74  MGO   HO3   HO    0.422000  0.000000  0.000000  0.800000  0.000000
   75  MGO   C4    CG    0.040100  0.199600  0.311900  1.700000  1.699835
   76  MGO   H4    H1    0.159500  0.000000  0.000000  1.300000  1.235677
   77  MGO   C5    CG    0.019300  0.134900  0.210300  1.700000  1.699835
   78  MGO   H5    H1    0.115600  0.000000  0.000000  1.300000  1.235677
   79  MGO   O5    OS   -0.366800 -0.366800 -0.028200  1.500000  1.500006
   80  MGO   C6    CG    0.191800  0.242600  0.179500  1.700000  1.699835
   81  MGO   H61   H1    0.025400  0.000000  0.000000  1.300000  1.235677
   82  MGO   H62   H1    0.025400  0.000000  0.000000  1.300000  1.235677
   83  MGO   O6    OH   -0.607700 -0.198000  0.044600  1.500000  1.533237
   84  MGO   HO6   HO    0.409700  0.000000  0.000000  0.800000  0.000000
   85  MGO   C1    CG    0.042700  0.203700 -0.283400  1.700000  1.699835
   86  MGO   H1    H2    0.161000  0.000000  0.000000  1.300000  1.146587
   87  MGO   O1    OS   -0.322900 -0.322900  0.080400  1.500000  1.500006
   88  MGO   C2    CG    0.137600  0.202600  0.508600  1.700000  1.699835
   89  MGO   H2    H1    0.065000  0.000000  0.000000  1.300000  1.235677
   90  MGO   O2    OH   -0.634600 -0.198000  0.004600  1.500000  1.533237
   91  MGO   HO2   HO    0.436600  0.000000  0.000000  0.800000  0.000000
   92  MGO   C3    CG    0.122400  0.300300  0.504500  1.700000  1.699835
   93  MGO   H3    H1    0.177900  0.000000  0.000000  1.300000  1.235677
   94  MGO   O3    OH   -0.620000 -0.198000  0.102300  1.500000  1.533237
   95  MGO   HO3   HO    0.422000  0.000000  0.000000  0.800000  0.000000
   96  MGO   C4    CG    0.040100  0.199600  0.311900  1.700000  1.699835
   97  MGO   H4    H1    0.159500  0.000000  0.000000  1.300000  1.235677
   98  MGO   C5    CG    0.019300  0.134900  0.210300  1.700000  1.699835
   99  MGO   H5    H1    0.115600  0.000000  0.000000  1.300000  1.235677
  100  MGO   O5    OS   -0.366800 -0.366800 -0.028200  1.500000  1.500006
  101  MGO   C6    CG    0.191800  0.242600  0.179500  1.700000  1.699835
  102  MGO   H61   H1    0.025400  0.000000  0.000000  1.300000  1.235677
  103  MGO   H62   H1    0.025400  0.000000  0.000000  1.300000  1.235677
  104  MGO   O6    OH   -0.607700 -0.198000  0.044600  1.500000  1.533237
  105  MGO   HO6   HO    0.409700  0.000000  0.000000  0.800000  0.000000
  106  MGO   C1    CG    0.042700  0.203700 -0.283400  1.700000  1.699835
  107  MGO   H1    H2    0.161000  0.000000  0.000000  1.300000  1.146587
  108  MGO   O1    OS   -0.322900 -0.322900  0.080400  1.500000  1.500006
  109  MGO   C2    CG    0.137600  0.202600  0.508600  1.700000  1.699835
  110  MGO   H2    H1    0.065000  0.000000  0.000000  1.300000  1.235677
  111  MGO   O2    OH   -0.634600 -0.198000  0.004600  1.500000  1.533237
  112  MGO   HO2   HO    0.436600  0.000000  0.000000  0.800000  0.000000
  113  MGO   C3    CG    0.122400  0.300300  0.504500  1.700000  1.699835
  114  MGO   H3    H1    0.177900  0.000000  0.000000  1.300000  1.235677
  115  MGO   O3    OH   -0.620000 -0.198000  0.102300  1.500000  1.533237
  116  MGO   HO3   HO    0.422000  0.000000  0.000000  0.800000  0.000000
  117  MGO   C4    CG    0.040100  0.199600  0.311900  1.700000  1.699835
  118  MGO   H4    H1    0.159500  0.000000  0.000000  1.300000  1.235677
  119  MGO   C5    CG    0.019300  0.134900  0.210300  1.700000  1.699835
  120  MGO   H5    H1    0.115600  0.000000  0.000000  1.300000  1.235677
  121  MGO   O5    OS   -0.366800 -0.366800 -0.028200  1.500000  1.500006
  122  MGO   C6    CG    0.191800  0.242600  0.179500  1.700000  1.699835
  123  MGO   H61   H1    0.025400  0.000000  0.000000  1.300000  1.235677
  124  MGO   H62   H1    0.025400  0.000000  0.000000  1.300000  1.235677
  125  MGO   O6    OH   -0.607700 -0.198000  0.044600  1.500000  1.533237
  126  MGO   HO6   HO    0.409700  0.000000  0.000000  0.800000  0.000000
  127  MGO   C1    CG    0.042700  0.203700 -0.283400  1.700000  1.699835
  128  MGO   H1    H2    0.161000  0.000000  0.000000  1.300000  1.146587
  129  MGO   O1    OS   -0.322900 -0.322900  0.080400  1.500000  1.500006
  130  MGO   C2    CG    0.137600  0.202600  0.508600  1.700000  1.699835
  131  MGO   H2    H1    0.065000  0.000000  0.000000  1.300000  1.235677
  132  MGO   O2    OH   -0.634600 -0.198000  0.004600  1.500000  1.533237
  133  MGO   HO2   HO    0.436600  0.000000  0.000000  0.800000  0.000000
  134  MGO   C3    CG    0.122400  0.300300  0.504500  1.700000  1.699835
  135  MGO   H3    H1    0.177900  0.000000  0.000000  1.300000  1.235677
  136  MGO   O3    OH   -0.620000 -0.198000  0.102300  1.500000  1.533237
  137  MGO   HO3   HO    0.422000  0.000000  0.000000  0.800000  0.000000
  138  MGO   C4    CG    0.040100  0.199600  0.311900  1.700000  1.699835
  139  MGO   H4    H1    0.159500  0.000000  0.000000  1.300000  1.235677
  140  MGO   C5    CG    0.019300  0.134900  0.210300  1.700000  1.699835
  141  MGO   H5    H1    0.115600  0.000000  0.000000  1.300000  1.235677
  142  MGO   O5    OS   -0.366800 -0.366800 -0.028200  1.500000  1.500006
  143  MGO   C6    CG    0.191800  0.242600  0.179500  1.700000  1.699835
  144  MGO   H61   H1    0.025400  0.000000  0.000000  1.300000  1.235677
  145  MGO   H62   H1    0.025400  0.000000  0.000000  1.300000  1.235677
  146  MGO   O6    OH   -0.607700 -0.198000  0.044600  1.500000  1.533237
  147  MGO   HO6   HO    0.409700  0.000000  0.000000  0.800000  0.000000
  148  MOL   C1    c3   -0.078700 -0.008800  0.028300  1.700000  1.699835
  149  MOL   H3    hc    0.023300  0.023300  0.023300  1.300000  1.324766
  150  MOL   H4    hc    0.023300  0.023300  0.023300  1.300000  1.324766
  151  MOL   H5    hc    0.023300  0.023300  0.023300  1.300000  1.324766
  152  MOL   C2    c3    0.024700  0.037100  0.037800  1.700000  1.699835
  153  MOL   H6    hc    0.006200  0.006200  0.006200  1.300000  1.324766
  154  MOL   H7    hc    0.006200  0.006200  0.006200  1.300000  1.324766
  155  MOL   C3    c3   -0.006700  0.009500  0.057100  1.700000  1.699835
  156  MOL   H8    hc    0.008100  0.008100  0.008100  1.300000  1.324766
  157  MOL   H9    hc    0.008100  0.008100  0.008100  1.300000  1.324766
  158  MOL   C4    c3   -0.000300  0.010500  0.045000  1.700000  1.699835
  159  MOL   H10   hc    0.005400  0.005400  0.005400  1.300000  1.324766
  160  MOL   H11   hc    0.005400  0.005400  0.005400  1.300000  1.324766
  161  MOL   C5    c3    0.014200  0.025000  0.062100  1.700000  1.699835
  162  MOL   H12   hc    0.005400  0.005400  0.005400  1.300000  1.324766
  163  MOL   H13   hc    0.005400  0.005400  0.005400  1.300000  1.324766
  164  MOL   C6    c3   -0.006000  0.026600  0.096300  1.700000  1.699835
  165  MOL   H14   hc    0.016300  0.016300  0.016300  1.300000  1.324766
  166  MOL   H15   hc    0.016300  0.016300  0.016300  1.300000  1.324766
  167  MOL   C7    c3   -0.017900  0.044700  0.303700  1.700000  1.699835
  168  MOL   H16   hc    0.031300  0.031300  0.031300  1.300000  1.324766
  169  MOL   H17   hc    0.031300  0.031300  0.031300  1.300000  1.324766
  170  MOL   C8    c3    0.049600  0.232400  0.900100  1.700000  1.699835
  171  MOL   H18   hx    0.091400  0.091400  0.091400  1.300000  0.979989
  172  MOL   H19   hx    0.091400  0.091400  0.091400  1.300000  0.979989
  173  MOL   N1    n4   -0.324100  0.623000  0.855400  1.550000  1.624999
  174  MOL   H1    hn    0.315700  0.315700  0.315700  1.300000  0.534539
  175  MOL   H2    hn    0.315700  0.315700  0.315700  1.300000  0.534539
  176  MOL   HN11  hn    0.315700  0.315700  0.315700  1.300000  0.534539

 total system charges (+/-) for PB        1.0000       19.2977      -18.2977
 cavity_surften =        0.0050 cavity_offset =        0.0000

   SAS Surface: surface dots generated:    366

--------------------------------------------------------------------------------
   3.  ATOMIC COORDINATES AND VELOCITIES
--------------------------------------------------------------------------------

Cpptraj Generated Restart                                                       
 begin time read from input coords =   551.000 ps

 Number of triangulated 3-point waters found:        0

--------------------------------------------------------------------------------
   4.  RESULTS
--------------------------------------------------------------------------------

  NB-update: atom-based nb list     9648


======== Setting up Grid Parameters ========
Using bounding box for grid setup
 Bounding Box at level:           2
 Bounding Box Center:      18.000    18.500    17.500
 Xmin, Xmax, Xmax-Xmin:     9.394    26.268    16.874
 Ymin, Ymax, Ymax-Ymin:     9.724    27.460    17.736
 Zmin, Zmax, Zmax-Zmin:    10.544    24.164    13.620
 Grid dimension at level     2    53   53   45
 Grid origin corrected at level     2      4.500     5.000     6.000
 Bounding Box at level:           1
 Bounding Box Center:      18.000    18.500    17.500
 Xmin, Xmax, Xmax-Xmin:     9.394    26.268    16.874
 Ymin, Ymax, Ymax-Ymin:     9.724    27.460    17.736
 Zmin, Zmax, Zmax-Zmin:    10.544    24.164    13.620
PB Warn in setgrd(): focusing grid too large    2
 fillratio is automatically increased to 2.500
 Grid dimension at level     1    13   13   11
 Grid origin corrected at level     1    -10.000    -9.500    -6.500
------- VMD goodie --------
#First Level Geometric Box
draw materials off
draw color green
draw line "  -10.000   -9.500   -6.500" "   42.000   -9.500   -6.500"
draw line "  -10.000   -9.500   -6.500" "  -10.000   42.500   -6.500"
draw line "  -10.000   -9.500   -6.500" "  -10.000   -9.500   37.500"
draw line "   42.000   -9.500   -6.500" "   42.000   42.500   -6.500"
draw line "   42.000   -9.500   -6.500" "   42.000   -9.500   37.500"
draw line "  -10.000   42.500   -6.500" "   42.000   42.500   -6.500"
draw line "  -10.000   42.500   -6.500" "  -10.000   42.500   37.500"
draw line "  -10.000   -9.500   37.500" "   42.000   -9.500   37.500"
draw line "  -10.000   -9.500   37.500" "  -10.000   42.500   37.500"
draw line "   42.000   42.500   37.500" "   42.000   42.500   -6.500"
draw line "   42.000   42.500   37.500" "  -10.000   42.500   37.500"
draw line "   42.000   42.500   37.500" "   42.000   -9.500   37.500"
#2nd Level Geometric Box
draw color blue
draw line "    4.500    5.000    6.000" "   31.500    5.000    6.000"
draw line "    4.500    5.000    6.000" "    4.500   32.000    6.000"
draw line "    4.500    5.000    6.000" "    4.500    5.000   29.000"
draw line "   31.500    5.000    6.000" "   31.500   32.000    6.000"
draw line "   31.500    5.000    6.000" "   31.500    5.000   29.000"
draw line "    4.500   32.000    6.000" "   31.500   32.000    6.000"
draw line "    4.500   32.000    6.000" "    4.500   32.000   29.000"
draw line "    4.500    5.000   29.000" "   31.500    5.000   29.000"
draw line "    4.500    5.000   29.000" "    4.500   32.000   29.000"
draw line "   31.500   32.000   29.000" "   31.500   32.000    6.000"
draw line "   31.500   32.000   29.000" "    4.500   32.000   29.000"
draw line "   31.500   32.000   29.000" "   31.500    5.000   29.000"
--- End VMD goodie --------

======== Setting up Solvent Accessibility Data ========
Setting up working radii
Number of SA srf points exposed  4649
 Number of SA arcs generated  3841
 Number of SA arc points exposed        2620 Number of trimer arc points exposed         224
 with resolution (A) = .250000E+00

Atomic solvent accessible surface area:
           1    0.0000000000000
           2   14.2669507688106
           3    0.0000000000000
           4    0.0000000000000
           5   19.0226010250808
           6   21.3676368528423
           7    0.0000000000000
           8    0.0000000000000
           9    0.0000000000000
          10   16.7476072630386
          11    3.8220993901379
          12    0.0000000000000
          13    4.2550554924523
          14    0.0000000000000
          15    0.0000000000000
          16    4.6200295898037
          17    0.9898591934753
          18    5.5065424019971
          19   21.0249800803524
          20   30.0301923337243
          21    6.3147729054452
          22    0.0000000000000
          23   13.7663560049927
          24    0.0000000000000
          25    0.0000000000000
          26   18.2717088793539
          27   23.9664034971069
          28    1.9941388122458
          29    0.0000000000000
          30    0.5005947638179
          31   16.4588554136758
          32    4.9853470306146
          33    0.0000000000000
          34    6.7580293115418
          35    0.0000000000000
          36    0.0000000000000
          37    5.7750369872547
          38    0.9898591934753
          39    2.2526764371806
          40   13.2657612411747
          41   28.2976812375479
          42    0.0000000000000
          43    0.0000000000000
          44   14.2669507688106
          45    0.0000000000000
          46    0.0000000000000
          47   17.5208167336270
          48   27.7201775388225
          49    0.3323564687076
          50    0.0000000000000
          51    7.2586240753598
          52   22.8113960996560
          53    2.8250299840150
          54    0.0000000000000
          55    4.5053528743612
          56    0.0000000000000
          57    0.0000000000000
          58    3.7537740417155
          59    0.3299530644918
          60    0.0000000000000
          61    9.0107057487225
          62   24.5439071958324
          63    9.4721593581678
          64    0.0000000000000
          65   14.2669507688106
          66    0.0000000000000
          67    0.0000000000000
          68   20.2740879346255
          69   17.0363591124013
          70    7.3118423115681
          71    0.0000000000000
          72    6.0071371658150
          73   21.9451405515678
          74    6.9794858428605
          75    0.0000000000000
          76    7.2586240753598
          77    0.0000000000000
          78    0.0000000000000
          79    6.0637888366174
          80    0.3299530644918
          81    0.0000000000000
          82   11.2633821859031
          83   22.5226442502933
          84    9.4721593581678
          85    0.0000000000000
          86   12.0142743316300
          87    0.0000000000000
          88    0.0000000000000
          89   19.7734931708076
          90   23.1001479490187
          91    0.0000000000000
          92    0.0000000000000
          93    5.5065424019971
          94   24.8326590451951
          95    0.0000000000000
          96    0.0000000000000
          97    5.5065424019971
          98    0.0000000000000
          99    0.0000000000000
         100    4.9087814391665
         101    0.6599061289836
         102    1.2514869095448
         103   13.7663560049927
         104   26.2764182920088
         105    9.3059811238140
         106    0.0000000000000
         107   14.0166533869016
         108    0.0000000000000
         109    0.0000000000000
         110   17.0202219698091
         111   20.2126294553914
         112    0.0000000000000
         113    0.0000000000000
         114    0.2502973819090
         115   20.7901331541168
         116    4.4868123275532
         117    0.0000000000000
         118    6.0071371658150
         119    0.0000000000000
         120    0.0000000000000
         121    4.0425258910783
         122    1.3198122579671
         123    1.5017842914537
         124   16.0190324421733
         125   34.3614700741653
         126    3.9882776244917
         127    0.0000000000000
         128   11.2633821859031
         129    0.0000000000000
         130    0.0000000000000
         131   19.5231957888987
         132   17.3251109617640
         133    0.0000000000000
         134    0.0000000000000
         135    0.0000000000000
         136   22.8113960996560
         137    2.6588517496611
         138    0.0000000000000
         139    6.2574345477239
         140    0.0000000000000
         141    0.0000000000000
         142    5.4862851378919
         143    0.9898591934753
         144    5.2562450200881
         145   17.7711141155360
         146   29.7414404843616
         147    5.8162382023837
         148    2.9695775804260
         149    6.7580293115418
         150   18.0214114974449
         151   17.7711141155360
         152    0.0000000000000
         153    0.0000000000000
         154    0.0000000000000
         155    0.0000000000000
         156    0.0000000000000
         157    0.0000000000000
         158    0.0000000000000
         159    0.0000000000000
         160    0.0000000000000
         161    0.0000000000000
         162    0.0000000000000
         163    0.0000000000000
         164    0.0000000000000
         165    4.2550554924523
         166    2.7532712009985
         167    0.0000000000000
         168    0.0000000000000
         169    7.2586240753598
         170    0.3299530644918
         171   15.7687350602643
         172   25.2800355728047
         173    0.0000000000000
         174   21.5255748441703
         175   29.5350910652570
         176   27.2824146280763

 ======== FDPB Summary ========

 Do FDPB every           1 steps
 Nonbonded Update
   residue cutoff is set to   99.9000000000000
   fdpb cutoff is set to    5.0000000000000
   sas cutoff is set to    9.0000000000000
   nonbonded cutoff is set to    0.0000000000000
 Grid Constants
   Grid dimension      13      13      11
   Grid spacing set to     4.000
   Grid boundary
       -10.000    46.000
        -9.500    46.500
        -6.500    41.500

 Dielectric Map
   Use cavity radii in the prmtop file

   Use probe-based SES definition
     Compute SAS/SAR every           1 steps
     Solvent probe radius   1.40000000000000
     Surface dots per atom     366
     Buried atom radii increment   0.79800000000000
     Threshhold for exposed atom   0.08000000000000
     Current SAS1195.66235313606376

 Boundary conditions
   sum of grid charges as independent DH spheres

 Physical constants
   Solute dielectric constant  :   1.00000000000000
   Solvent dielectric constant :   80.0000000000000
   Temperature (K)             :   300.000000000000
   Ionic strength (mM)         :   0.00000000000000
   Debye-Huckel parameter (1/A):   0.00000000000000

FD Solver Option
   Use Modified ICCG solver

 Iteration data
   Maximum iterations  :         100
   Convergence criteria:  1.000000000000000E-03
   Iterations required        :     7
   Norm of the constant vector:       668.8929650815
   Norm of the residual vector:      0.5144644878762
   Convergence achieved       :  7.6912826824767559E-04

 Total molecular surface    842.6422

 ======== FDPB Summary ========

 Do FDPB every           1 steps
 Nonbonded Update
   residue cutoff is set to   99.9000000000000
   fdpb cutoff is set to    5.0000000000000
   sas cutoff is set to    9.0000000000000
   nonbonded cutoff is set to    0.0000000000000
 Grid Constants
   Grid dimension      53      53      45
   Grid spacing set to     0.500
   Grid boundary
         4.500    31.500
         5.000    32.000
         6.000    29.000

 Dielectric Map
   Use cavity radii in the prmtop file

   Use probe-based SES definition
     Compute SAS/SAR every           1 steps
     Solvent probe radius   1.40000000000000
     Surface dots per atom     366
     Buried atom radii increment   0.79800000000000
     Threshhold for exposed atom   0.08000000000000
     Current SAS1195.66235313606376

 Boundary conditions
   sum of grid charges as independent DH spheres

 Physical constants
   Solute dielectric constant  :   1.00000000000000
   Solvent dielectric constant :   80.0000000000000
   Temperature (K)             :   300.000000000000
   Ionic strength (mM)         :   0.00000000000000
   Debye-Huckel parameter (1/A):   0.00000000000000

FD Solver Option
   Use Modified ICCG solver

 Iteration data
   Maximum iterations  :         100
   Convergence criteria:  1.000000000000000E-03
   Iterations required        :    16
   Norm of the constant vector:    153490.8243807237
   Norm of the residual vector:    148.2946885365484
   Convergence achieved       :  9.6614692855328849E-04

 Total surface charge      -0.9873
 Reaction field energy   -193.9347
 Nonpolar SAS/SAV   1195.6624      0.0000
 Cavity solvation energy      5.9783

 NSTEP =        1   TIME(PS) =       0.000  TEMP(K) =     0.00  PRESS =     0.0
 Etot   =      -724.6922  EKtot   =         0.0000  EPtot      =         0.0000
 BOND   =         0.0000  ANGLE   =         0.0000  DIHED      =         0.0000
 1-4 NB =         0.0000  1-4 EEL =         0.0000  VDWAALS    =       -44.4014
 EELEC  =      -492.3344  EPB     =      -193.9347  RESTRAINT  =         0.0000
 ECAVITY=         5.9783  EDISPER =         0.0000
 ------------------------------------------------------------------------------



  Maximum number of minimization cycles reached.


                    FINAL RESULTS


 NSTEP =        1   TIME(PS) =       0.000  TEMP(K) =     0.00  PRESS =     0.0
 Etot   =      -724.6922  EKtot   =         0.0000  EPtot      =         0.0000
 BOND   =         0.0000  ANGLE   =         0.0000  DIHED      =         0.0000
 1-4 NB =         0.0000  1-4 EEL =         0.0000  VDWAALS    =       -44.4014
 EELEC  =      -492.3344  EPB     =      -193.9347  RESTRAINT  =         0.0000
 ECAVITY=         5.9783  EDISPER =         0.0000
 ------------------------------------------------------------------------------


--------------------------------------------------------------------------------
   5.  TIMINGS
--------------------------------------------------------------------------------

| Total time                     0.16
| Read prm/crd time              0.01
| Force time                     0.15
| Nonbond force                  0.15
| PB Nonbond                     0.15
| PB NB list                     0.00
| PB FD grid                     0.00
| PB Sasa                        0.03
| PB FD force                    0.15
| PB Set linear sys              0.06
| PB Solver                      0.08
| PB Direct                      0.00
| PB SA srf                      0.00
| PB SA arc                      0.02
| PB SA arc setup                0.00
| PB circle                      0.02
| PB exclude                     0.01
| PB exmol                       0.06
| PB exmol setup                 0.01
| PB exmol part b                0.01
| PB exmol part c                0.00
| PB exmol part e                0.00
| PB exmol part f                0.02
| PB epsmap                      0.00
|           Job began  at 20:53:13.391  on 08/29/2021
|           Setup done at 20:53:13.398  on 08/29/2021
|           Run   done at 20:53:13.549  on 08/29/2021
|     wallclock() was called     110 times
