
          -------------------------------------------------------
          PBSA VERSION 2019                       UC Irvine
          -------------------------------------------------------

| Run on 08/29/2021 at 20:53:13

File Assignments:
|  MDIN: ../pbsa-script/mdin.in                                                
| MDOUT: guest-pb.out                                                          
|INPCRD: guest.crd                                                             
|  PARM: guest.prmtop                                                          
|

 Here is the input file:

Sample single point PB calculation                                             
&cntrl                                                                         
ipb=1, inp=1                                                                   
/                                                                              
&pb                                                                            
npbverb=1, fillratio=1.5, saopt=1, radiopt=0, epsin=1.0, epsout=80             
/                                                                              
 PBSA Warning in pb_read(): sprob=0.557 is optimized for inp=2 and  should not be used with inp=1. It has been reset to 1.4.
 PBSA Warning in pb_read(): cavity_surften=0.0378 is optimized for inp=2  and should not be used with inp=1. It has been reset to 0.005000.
 PBSA Warning in pb_read(): cavity_offset=-0.5692 is optimized for inp=2  and should not be used with inp=1. It has been reset to 0.000.

--------------------------------------------------------------------------------
   1.  RESOURCE   USE: 
--------------------------------------------------------------------------------

| Flags:                                                                        
| New format PARM file being parsed.
| Version =    1.000 Date = 08/29/21 Time = 13:42:27
 NATOM  =      29 NTYPES =       5 NBONH =      20 MBONA  =       8
 NTHETH =      47 MTHETA =       7 NPHIH =      66 MPHIA  =      16
 NHPARM =       0 NPARM  =       0 NNB   =     155 NRES   =       1
 NBONA  =       8 NTHETA =       7 NPHIA =      16 NUMBND =       5
 NUMANG =       9 NPTRA  =       6 NATYP =      15 NPHB   =       0
 IFBOX  =       1 NMXRS  =      29 IFCAP =       0 NEXTRA =       0
 NCOPY  =       0


|     Memory Use     Allocated
|     Real                1111
|     Hollerith             90
|     Integer            21165
|     Max Pairs              1
|     Max Rstack             1
|     Max Istack             1
|       Total               91 kbytes

     BOX TYPE: RECTILINEAR

--------------------------------------------------------------------------------
   2.  CONTROL  DATA  FOR  THE  RUN
--------------------------------------------------------------------------------

default_name                                                                    

General flags:
     imin    =       1, nmropt  =       0

Nature and format of input:
     ntx     =       1, irest   =       0, ntrx    =       1

Nature and format of output:
     ntxo    =       1, ntpr    =      50, ntrx    =       1, ntwr    =     500
     iwrap   =       0, ntwx    =       0, ntwv    =       0, ntwe    =       0
     ioutfm  =       0, ntwprt  =       0, idecomp =       0, rbornstat=      0

Potential function:
     ntf     =       1, ntb     =       1, ipb     =       1, nsnb    =      25
     ipol    =       0, gbsa    =       0, iesp    =       0
     dielc   =   1.00000, cut     =   8.00000, intdiel =   1.00000

Frozen or restrained atoms:
     ibelly  =       0, ntr     =       0

Energy minimization:
     maxcyc  =       1, ncyc    =      10, ntmin   =       1
     dx0     =   0.01000, drms    =   0.00010

======== Implicit Solvent Initialization ========

     Max Nonbonded Pairs:      421      421

 no. of atoms processed in PB initialization:    29
  NUM  RESI  NAME  TYPE    CHARGE ATM CRG/H   GRP CRG   PB RADI   NP RADI
    1  MOL   C1    c3   -0.078700 -0.008800  0.028300  1.700000  1.699835
    2  MOL   H3    hc    0.023300  0.023300  0.023300  1.300000  1.324766
    3  MOL   H4    hc    0.023300  0.023300  0.023300  1.300000  1.324766
    4  MOL   H5    hc    0.023300  0.023300  0.023300  1.300000  1.324766
    5  MOL   C2    c3    0.024700  0.037100  0.037800  1.700000  1.699835
    6  MOL   H6    hc    0.006200  0.006200  0.006200  1.300000  1.324766
    7  MOL   H7    hc    0.006200  0.006200  0.006200  1.300000  1.324766
    8  MOL   C3    c3   -0.006700  0.009500  0.057100  1.700000  1.699835
    9  MOL   H8    hc    0.008100  0.008100  0.008100  1.300000  1.324766
   10  MOL   H9    hc    0.008100  0.008100  0.008100  1.300000  1.324766
   11  MOL   C4    c3   -0.000300  0.010500  0.045000  1.700000  1.699835
   12  MOL   H10   hc    0.005400  0.005400  0.005400  1.300000  1.324766
   13  MOL   H11   hc    0.005400  0.005400  0.005400  1.300000  1.324766
   14  MOL   C5    c3    0.014200  0.025000  0.062100  1.700000  1.699835
   15  MOL   H12   hc    0.005400  0.005400  0.005400  1.300000  1.324766
   16  MOL   H13   hc    0.005400  0.005400  0.005400  1.300000  1.324766
   17  MOL   C6    c3   -0.006000  0.026600  0.096300  1.700000  1.699835
   18  MOL   H14   hc    0.016300  0.016300  0.016300  1.300000  1.324766
   19  MOL   H15   hc    0.016300  0.016300  0.016300  1.300000  1.324766
   20  MOL   C7    c3   -0.017900  0.044700  0.303700  1.700000  1.699835
   21  MOL   H16   hc    0.031300  0.031300  0.031300  1.300000  1.324766
   22  MOL   H17   hc    0.031300  0.031300  0.031300  1.300000  1.324766
   23  MOL   C8    c3    0.049600  0.232400  0.900100  1.700000  1.699835
   24  MOL   H18   hx    0.091400  0.091400  0.091400  1.300000  0.979989
   25  MOL   H19   hx    0.091400  0.091400  0.091400  1.300000  0.979989
   26  MOL   N1    n4   -0.324100  0.623000  0.855400  1.550000  1.624999
   27  MOL   H1    hn    0.315700  0.315700  0.315700  1.300000  0.534539
   28  MOL   H2    hn    0.315700  0.315700  0.315700  1.300000  0.534539
   29  MOL   HN11  hn    0.315700  0.315700  0.315700  1.300000  0.534539

 total system charges (+/-) for PB        1.0000        1.4337       -0.4337
 cavity_surften =        0.0050 cavity_offset =        0.0000

   SAS Surface: surface dots generated:    366

--------------------------------------------------------------------------------
   3.  ATOMIC COORDINATES AND VELOCITIES
--------------------------------------------------------------------------------

Cpptraj Generated Restart                                                       
 begin time read from input coords =   551.000 ps

 Number of triangulated 3-point waters found:        0

--------------------------------------------------------------------------------
   4.  RESULTS
--------------------------------------------------------------------------------

  NB-update: atom-based nb list      379


======== Setting up Grid Parameters ========
Using bounding box for grid setup
 Bounding Box at level:           2
 Bounding Box Center:      17.500    18.000    17.500
 Xmin, Xmax, Xmax-Xmin:    14.311    20.915     6.604
 Ymin, Ymax, Ymax-Ymin:    14.457    21.492     7.035
 Zmin, Zmax, Zmax-Zmin:    10.544    24.164    13.620
 Grid dimension at level     2    31   33   45
 Grid origin corrected at level     2      9.500     9.500     6.000
 Bounding Box at level:           1
 Bounding Box Center:      17.500    18.000    17.500
 Xmin, Xmax, Xmax-Xmin:    14.311    20.915     6.604
 Ymin, Ymax, Ymax-Ymin:    14.457    21.492     7.035
 Zmin, Zmax, Zmax-Zmin:    10.544    24.164    13.620
PB Warn in setgrd(): focusing grid too large    2
 fillratio is automatically increased to 2.500
PB Warn in setgrd(): focusing grid too large    2
 fillratio is automatically increased to 3.500
 Grid dimension at level     1     7    7   13
 Grid origin corrected at level     1      1.500     2.000   -10.500
------- VMD goodie --------
#First Level Geometric Box
draw materials off
draw color green
draw line "    1.500    2.000  -10.500" "   29.500    2.000  -10.500"
draw line "    1.500    2.000  -10.500" "    1.500   30.000  -10.500"
draw line "    1.500    2.000  -10.500" "    1.500    2.000   41.500"
draw line "   29.500    2.000  -10.500" "   29.500   30.000  -10.500"
draw line "   29.500    2.000  -10.500" "   29.500    2.000   41.500"
draw line "    1.500   30.000  -10.500" "   29.500   30.000  -10.500"
draw line "    1.500   30.000  -10.500" "    1.500   30.000   41.500"
draw line "    1.500    2.000   41.500" "   29.500    2.000   41.500"
draw line "    1.500    2.000   41.500" "    1.500   30.000   41.500"
draw line "   29.500   30.000   41.500" "   29.500   30.000  -10.500"
draw line "   29.500   30.000   41.500" "    1.500   30.000   41.500"
draw line "   29.500   30.000   41.500" "   29.500    2.000   41.500"
#2nd Level Geometric Box
draw color blue
draw line "    9.500    9.500    6.000" "   25.500    9.500    6.000"
draw line "    9.500    9.500    6.000" "    9.500   26.500    6.000"
draw line "    9.500    9.500    6.000" "    9.500    9.500   29.000"
draw line "   25.500    9.500    6.000" "   25.500   26.500    6.000"
draw line "   25.500    9.500    6.000" "   25.500    9.500   29.000"
draw line "    9.500   26.500    6.000" "   25.500   26.500    6.000"
draw line "    9.500   26.500    6.000" "    9.500   26.500   29.000"
draw line "    9.500    9.500   29.000" "   25.500    9.500   29.000"
draw line "    9.500    9.500   29.000" "    9.500   26.500   29.000"
draw line "   25.500   26.500   29.000" "   25.500   26.500    6.000"
draw line "   25.500   26.500   29.000" "    9.500   26.500   29.000"
draw line "   25.500   26.500   29.000" "   25.500    9.500   29.000"
--- End VMD goodie --------

======== Setting up Solvent Accessibility Data ========
Setting up working radii
Number of SA srf points exposed  1660
 Number of SA arcs generated   277
 Number of SA arc points exposed         712 Number of trimer arc points exposed          54
 with resolution (A) = .250000E+00

Atomic solvent accessible surface area:
           1    3.6294837094096
           2   26.0309277185316
           3   30.7865779748018
           4   24.0285486632599
           5    0.3299530644918
           6   21.0249800803524
           7   21.7758722260793
           8    0.0000000000000
           9   15.0178429145374
          10   18.0214114974449
          11    0.3299530644918
          12   15.7687350602643
          13   18.0214114974449
          14    0.0000000000000
          15   15.2681402964464
          16   18.2717088793539
          17    0.0000000000000
          18   10.2621926582673
          19   17.5208167336270
          20    0.0000000000000
          21   10.5124900401762
          22   23.5279538994420
          23    0.3299530644918
          24   17.0202219698091
          25   25.2800355728047
          26    0.0000000000000
          27   27.0321172461674
          28   29.5350910652570
          29   27.2824146280763

 ======== FDPB Summary ========

 Do FDPB every           1 steps
 Nonbonded Update
   residue cutoff is set to   99.9000000000000
   fdpb cutoff is set to    5.0000000000000
   sas cutoff is set to    9.0000000000000
   nonbonded cutoff is set to    0.0000000000000
 Grid Constants
   Grid dimension       7       7      13
   Grid spacing set to     4.000
   Grid boundary
         1.500    33.500
         2.000    34.000
       -10.500    45.500

 Dielectric Map
   Use cavity radii in the prmtop file

   Use probe-based SES definition
     Compute SAS/SAR every           1 steps
     Solvent probe radius   1.40000000000000
     Surface dots per atom     366
     Buried atom radii increment   0.79800000000000
     Threshhold for exposed atom   0.08000000000000
     Current SAS 416.60883352502867

 Boundary conditions
   sum of grid charges as independent DH spheres

 Physical constants
   Solute dielectric constant  :   1.00000000000000
   Solvent dielectric constant :   80.0000000000000
   Temperature (K)             :   300.000000000000
   Ionic strength (mM)         :   0.00000000000000
   Debye-Huckel parameter (1/A):   0.00000000000000

FD Solver Option
   Use Modified ICCG solver

 Iteration data
   Maximum iterations  :         100
   Convergence criteria:  1.000000000000000E-03
   Iterations required        :     6
   Norm of the constant vector:       344.7241521015
   Norm of the residual vector:      0.0803657056925
   Convergence achieved       :  2.3313047607067172E-04

 Total molecular surface    212.2812

 ======== FDPB Summary ========

 Do FDPB every           1 steps
 Nonbonded Update
   residue cutoff is set to   99.9000000000000
   fdpb cutoff is set to    5.0000000000000
   sas cutoff is set to    9.0000000000000
   nonbonded cutoff is set to    0.0000000000000
 Grid Constants
   Grid dimension      31      33      45
   Grid spacing set to     0.500
   Grid boundary
         9.500    25.500
         9.500    26.500
         6.000    29.000

 Dielectric Map
   Use cavity radii in the prmtop file

   Use probe-based SES definition
     Compute SAS/SAR every           1 steps
     Solvent probe radius   1.40000000000000
     Surface dots per atom     366
     Buried atom radii increment   0.79800000000000
     Threshhold for exposed atom   0.08000000000000
     Current SAS 416.60883352502867

 Boundary conditions
   sum of grid charges as independent DH spheres

 Physical constants
   Solute dielectric constant  :   1.00000000000000
   Solvent dielectric constant :   80.0000000000000
   Temperature (K)             :   300.000000000000
   Ionic strength (mM)         :   0.00000000000000
   Debye-Huckel parameter (1/A):   0.00000000000000

FD Solver Option
   Use Modified ICCG solver

 Iteration data
   Maximum iterations  :         100
   Convergence criteria:  1.000000000000000E-03
   Iterations required        :    16
   Norm of the constant vector:     15480.4447900459
   Norm of the residual vector:     11.3508376741659
   Convergence achieved       :  7.3323717942940306E-04

 Total surface charge      -0.9875
 Reaction field energy    -64.3805
 Nonpolar SAS/SAV    416.6088      0.0000
 Cavity solvation energy      2.0830

 NSTEP =        1   TIME(PS) =       0.000  TEMP(K) =     0.00  PRESS =     0.0
 Etot   =       -51.3396  EKtot   =         0.0000  EPtot      =         0.0000
 BOND   =         0.0000  ANGLE   =         0.0000  DIHED      =         0.0000
 1-4 NB =         0.0000  1-4 EEL =         0.0000  VDWAALS    =        -0.5370
 EELEC  =        11.4949  EPB     =       -64.3805  RESTRAINT  =         0.0000
 ECAVITY=         2.0830  EDISPER =         0.0000
 ------------------------------------------------------------------------------



  Maximum number of minimization cycles reached.


                    FINAL RESULTS


 NSTEP =        1   TIME(PS) =       0.000  TEMP(K) =     0.00  PRESS =     0.0
 Etot   =       -51.3396  EKtot   =         0.0000  EPtot      =         0.0000
 BOND   =         0.0000  ANGLE   =         0.0000  DIHED      =         0.0000
 1-4 NB =         0.0000  1-4 EEL =         0.0000  VDWAALS    =        -0.5370
 EELEC  =        11.4949  EPB     =       -64.3805  RESTRAINT  =         0.0000
 ECAVITY=         2.0830  EDISPER =         0.0000
 ------------------------------------------------------------------------------


--------------------------------------------------------------------------------
   5.  TIMINGS
--------------------------------------------------------------------------------

| Total time                     0.05
| Read prm/crd time              0.01
| Force time                     0.04
| Nonbond force                  0.04
| PB Nonbond                     0.04
| PB FD grid                     0.00
| PB Sasa                        0.00
| PB FD force                    0.04
| PB Set linear sys              0.01
| PB Solver                      0.03
| PB SA arc                      0.00
| PB circle                      0.00
| PB exmol                       0.01
| PB exmol setup                 0.00
| PB exmol part b                0.00
| PB exmol part f                0.00
| PB epsmap                      0.00
|           Job began  at 20:53:13.568  on 08/29/2021
|           Setup done at 20:53:13.573  on 08/29/2021
|           Run   done at 20:53:13.613  on 08/29/2021
|     wallclock() was called     110 times
