
          -------------------------------------------------------
          PBSA VERSION 2019                       UC Irvine
          -------------------------------------------------------

| Run on 09/26/2021 at 23:35:42
  [-O]verwriting output

File Assignments:
|  MDIN: ../../../scripts/pbsa.in                                              
| MDOUT: lig-pb.out                                                            
|INPCRD: ../top_crd/lig.crd                                                    
|  PARM: ../top_crd/lig.top                                                    
|

 Here is the input file:

Sample single point PB calculation                                             
&cntrl                                                                         
ipb=1, inp=1                                                                   
/                                                                              
&pb                                                                            
npbverb=1, fillratio=1.5, saopt=1, radiopt=0, epsin=1.0, epsout=80             
/                                                                              
 PBSA Warning in pb_read(): sprob=0.557 is optimized for inp=2 and  should not be used with inp=1. It has been reset to 1.4.
 PBSA Warning in pb_read(): cavity_surften=0.0378 is optimized for inp=2  and should not be used with inp=1. It has been reset to 0.005000.
 PBSA Warning in pb_read(): cavity_offset=-0.5692 is optimized for inp=2  and should not be used with inp=1. It has been reset to 0.000.

--------------------------------------------------------------------------------
   1.  RESOURCE   USE: 
--------------------------------------------------------------------------------

| Flags:                                                                        
| New format PARM file being parsed.
| Version =    1.000 Date = 09/26/21 Time = 22:06:54
 NATOM  =      73 NTYPES =       9 NBONH =      43 MBONA  =      30
 NTHETH =     104 MTHETA =      37 NPHIH =     175 MPHIA  =      92
 NHPARM =       0 NPARM  =       0 NNB   =     421 NRES   =       1
 NBONA  =      30 NTHETA =      37 NPHIA =      92 NUMBND =      11
 NUMANG =      24 NPTRA  =      31 NATYP =       9 NPHB   =       0
 IFBOX  =       0 NMXRS  =      73 IFCAP =       0 NEXTRA =       0
 NCOPY  =       0


|     Memory Use     Allocated
|     Real                2742
|     Hollerith            222
|     Integer            23337
|     Max Pairs              1
|     Max Rstack             1
|     Max Istack             1
|       Total              113 kbytes

--------------------------------------------------------------------------------
   2.  CONTROL  DATA  FOR  THE  RUN
--------------------------------------------------------------------------------

default_name                                                                    

General flags:
     imin    =       1, nmropt  =       0

Nature and format of input:
     ntx     =       1, irest   =       0, ntrx    =       1

Nature and format of output:
     ntxo    =       1, ntpr    =      50, ntrx    =       1, ntwr    =     500
     iwrap   =       0, ntwx    =       0, ntwv    =       0, ntwe    =       0
     ioutfm  =       0, ntwprt  =       0, idecomp =       0, rbornstat=      0

Potential function:
     ntf     =       1, ntb     =       1, ipb     =       1, nsnb    =      25
     ipol    =       0, gbsa    =       0, iesp    =       0
     dielc   =   1.00000, cut     =   8.00000, intdiel =   1.00000

Frozen or restrained atoms:
     ibelly  =       0, ntr     =       0

Energy minimization:
     maxcyc  =       1, ncyc    =      10, ntmin   =       1
     dx0     =   0.01000, drms    =   0.00010

======== Implicit Solvent Initialization ========

     Max Nonbonded Pairs:     2665     2665

 no. of atoms processed in PB initialization:    73
  NUM  RESI  NAME  TYPE    CHARGE ATM CRG/H   GRP CRG   PB RADI   NP RADI
    1  LIG   NZ    n4   -1.122600 -0.233199 -0.025999  1.550000  1.249753
    2  LIG   H13   hn    0.296467  0.296467  0.296467  1.300000  0.553248
    3  LIG   HZ1   hn    0.296467  0.296467  0.296467  1.300000  0.553248
    4  LIG   HZ2   hn    0.296467  0.296467  0.296467  1.300000  0.553248
    5  LIG   CE    c3    0.156800  0.207200 -0.004999  1.700000  1.698855
    6  LIG   HE1   hx    0.025200  0.025200  0.025200  1.300000  0.943729
    7  LIG   HE2   hx    0.025200  0.025200  0.025200  1.300000  0.943729
    8  LIG   CD    c3   -0.085400  0.021000  0.247200  1.700000  1.698855
    9  LIG   HD1   hc    0.053200  0.053200  0.053200  1.300000  1.300089
   10  LIG   HD2   hc    0.053200  0.053200  0.053200  1.300000  1.300089
   11  LIG   CG    c3   -0.081400  0.019000  0.078000  1.700000  1.698855
   12  LIG   HG1   hc    0.050200  0.050200  0.050200  1.300000  1.300089
   13  LIG   HG2   hc    0.050200  0.050200  0.050200  1.300000  1.300089
   14  LIG   CB    c3   -0.079400  0.038000  0.238200  1.700000  1.698855
   15  LIG   HB1   hc    0.058700  0.058700  0.058700  1.300000  1.300089
   16  LIG   HB2   hc    0.058700  0.058700  0.058700  1.300000  1.300089
   17  LIG   CA    c3    0.106500  0.181200  0.669100  1.700000  1.698855
   18  LIG   N     n4   -1.088600 -0.159200  0.022000  1.550000  1.249753
   19  LIG   H1    hn    0.309800  0.309800  0.309800  1.300000  0.553248
   20  LIG   H4    hn    0.309800  0.309800  0.309800  1.300000  0.553248
   21  LIG   H2    hn    0.309800  0.309800  0.309800  1.300000  0.553248
   22  LIG   HA    hx    0.074700  0.074700  0.074700  1.300000  0.943729
   23  LIG   C     c     0.609100  0.609100 -0.047200  1.700000  1.657606
   24  LIG   O     o    -0.623100 -0.623100 -0.014000  1.500000  1.524060
   25  LIG   N1    n    -0.527900 -0.214400  0.519100  1.550000  1.590432
   26  LIG   HN1   hn    0.313500  0.313500  0.313500  1.300000  0.553248
   27  LIG   C1    c3    0.023700  0.124400  0.575100  1.700000  1.698855
   28  LIG   C5    c3   -0.081400  0.035000  0.158400  1.700000  1.698855
   29  LIG   C7    c3   -0.060700 -0.001000  0.049000  1.700000  1.698855
   30  LIG   CD2   c3   -0.073400  0.007500  0.008500  1.700000  1.698855
   31  LIG   CE2   c3   -0.076400  0.002000  0.008500  1.700000  1.698855
   32  LIG   CZ    c3   -0.076400 -0.001000  0.003000  1.700000  1.698855
   33  LIG   CE1   c3   -0.076400  0.002000  0.008500  1.700000  1.698855
   34  LIG   CD1   c3   -0.073400  0.007500  0.008500  1.700000  1.698855
   35  LIG   HD11  hc    0.040450  0.040450  0.040450  1.300000  1.300089
   36  LIG   HD12  hc    0.040450  0.040450  0.040450  1.300000  1.300089
   37  LIG   HE11  hc    0.039200  0.039200  0.039200  1.300000  1.300089
   38  LIG   HE12  hc    0.039200  0.039200  0.039200  1.300000  1.300089
   39  LIG   H14   hc    0.037700  0.037700  0.037700  1.300000  1.300089
   40  LIG   H15   hc    0.037700  0.037700  0.037700  1.300000  1.300089
   41  LIG   HE21  hc    0.039200  0.039200  0.039200  1.300000  1.300089
   42  LIG   HE22  hc    0.039200  0.039200  0.039200  1.300000  1.300089
   43  LIG   HD21  hc    0.040450  0.040450  0.040450  1.300000  1.300089
   44  LIG   HD22  hc    0.040450  0.040450  0.040450  1.300000  1.300089
   45  LIG   H7    hc    0.059700  0.059700  0.059700  1.300000  1.300089
   46  LIG   H51   hc    0.058200  0.058200  0.058200  1.300000  1.300089
   47  LIG   H52   hc    0.058200  0.058200  0.058200  1.300000  1.300089
   48  LIG   H11   h1    0.100700  0.100700  0.100700  1.300000  1.210999
   49  LIG   C3    c     0.630100  0.630100 -0.097000  1.700000  1.657606
   50  LIG   O1    o    -0.639100 -0.639100 -0.009000  1.500000  1.524060
   51  LIG   N2    n    -0.542900 -0.212400  0.524100  1.550000  1.590432
   52  LIG   HN2   hn    0.330500  0.330500  0.330500  1.300000  0.553248
   53  LIG   C2    c3    0.012700  0.106400  0.813600  1.700000  1.698855
   54  LIG   C4    c     0.899600  0.899600 -0.701600  1.700000  1.657606
   55  LIG   O2    o    -0.853800 -0.853800  0.045800  1.500000  1.524060
   56  LIG   OXT   o    -0.853800 -0.853800  0.045800  1.500000  1.524060
   57  LIG   H12   h1    0.093700  0.093700  0.093700  1.300000  1.210999
   58  LIG   C6    c3   -0.082400  0.020000  0.146400  1.700000  1.698855
   59  LIG   H61   hc    0.051200  0.051200  0.051200  1.300000  1.300089
   60  LIG   H62   hc    0.051200  0.051200  0.051200  1.300000  1.300089
   61  LIG   C8    c3   -0.088400  0.020000  0.095000  1.700000  1.698855
   62  LIG   H81   hc    0.054200  0.054200  0.054200  1.300000  1.300089
   63  LIG   H82   hc    0.054200  0.054200  0.054200  1.300000  1.300089
   64  LIG   C9    c3   -0.108400  0.055000  0.344200  1.700000  1.698855
   65  LIG   H91   hc    0.081700  0.081700  0.081700  1.300000  1.300089
   66  LIG   H92   hc    0.081700  0.081700  0.081700  1.300000  1.300089
   67  LIG   C10   c3    0.122800  0.269200  0.861000  1.700000  1.698855
   68  LIG   H101  hx    0.073200  0.073200  0.073200  1.300000  0.943729
   69  LIG   H102  hx    0.073200  0.073200  0.073200  1.300000  0.943729
   70  LIG   N3    n4   -0.884600  0.536800  0.806000  1.550000  1.249753
   71  LIG   H31   hn    0.473800  0.473800  0.473800  1.300000  0.553248
   72  LIG   H32   hn    0.473800  0.473800  0.473800  1.300000  0.553248
   73  LIG   H33   hn    0.473800  0.473800  0.473800  1.300000  0.553248

 total system charges (+/-) for PB        0.0000        8.1799       -8.1799
 cavity_surften =        0.0050 cavity_offset =        0.0000

   SAS Surface: surface dots generated:    366

--------------------------------------------------------------------------------
   3.  ATOMIC COORDINATES AND VELOCITIES
--------------------------------------------------------------------------------

default_name                                                                    
 begin time read from input coords =     0.000 ps

 Number of triangulated 3-point waters found:        0

--------------------------------------------------------------------------------
   4.  RESULTS
--------------------------------------------------------------------------------

  NB-update: atom-based nb list     1862


======== Setting up Grid Parameters ========
Using bounding box for grid setup
 Bounding Box at level:           2
 Bounding Box Center:       2.000    19.500    15.000
 Xmin, Xmax, Xmax-Xmin:    -5.727     9.873    15.600
 Ymin, Ymax, Ymax-Ymin:    12.958    26.110    13.152
 Zmin, Zmax, Zmax-Zmin:     8.122    21.684    13.562
 Grid dimension at level     2    49   45   45
 Grid origin corrected at level     2    -10.500     8.000     3.500
 Bounding Box at level:           1
 Bounding Box Center:       2.000    19.500    15.000
 Xmin, Xmax, Xmax-Xmin:    -5.727     9.873    15.600
 Ymin, Ymax, Ymax-Ymin:    12.958    26.110    13.152
 Zmin, Zmax, Zmax-Zmin:     8.122    21.684    13.562
PB Warn in setgrd(): focusing grid too large    2
 fillratio is automatically increased to 2.500
 Grid dimension at level     1    11    9    9
 Grid origin corrected at level     1    -22.000    -0.500    -5.000
------- VMD goodie --------
#First Level Geometric Box
draw materials off
draw color green
draw line "  -22.000   -0.500   -5.000" "   22.000   -0.500   -5.000"
draw line "  -22.000   -0.500   -5.000" "  -22.000   35.500   -5.000"
draw line "  -22.000   -0.500   -5.000" "  -22.000   -0.500   31.000"
draw line "   22.000   -0.500   -5.000" "   22.000   35.500   -5.000"
draw line "   22.000   -0.500   -5.000" "   22.000   -0.500   31.000"
draw line "  -22.000   35.500   -5.000" "   22.000   35.500   -5.000"
draw line "  -22.000   35.500   -5.000" "  -22.000   35.500   31.000"
draw line "  -22.000   -0.500   31.000" "   22.000   -0.500   31.000"
draw line "  -22.000   -0.500   31.000" "  -22.000   35.500   31.000"
draw line "   22.000   35.500   31.000" "   22.000   35.500   -5.000"
draw line "   22.000   35.500   31.000" "  -22.000   35.500   31.000"
draw line "   22.000   35.500   31.000" "   22.000   -0.500   31.000"
#2nd Level Geometric Box
draw color blue
draw line "  -10.500    8.000    3.500" "   14.500    8.000    3.500"
draw line "  -10.500    8.000    3.500" "  -10.500   31.000    3.500"
draw line "  -10.500    8.000    3.500" "  -10.500    8.000   26.500"
draw line "   14.500    8.000    3.500" "   14.500   31.000    3.500"
draw line "   14.500    8.000    3.500" "   14.500    8.000   26.500"
draw line "  -10.500   31.000    3.500" "   14.500   31.000    3.500"
draw line "  -10.500   31.000    3.500" "  -10.500   31.000   26.500"
draw line "  -10.500    8.000   26.500" "   14.500    8.000   26.500"
draw line "  -10.500    8.000   26.500" "  -10.500   31.000   26.500"
draw line "   14.500   31.000   26.500" "   14.500   31.000    3.500"
draw line "   14.500   31.000   26.500" "  -10.500   31.000   26.500"
draw line "   14.500   31.000   26.500" "   14.500    8.000   26.500"
--- End VMD goodie --------

======== Setting up Solvent Accessibility Data ========
Setting up working radii
Number of SA srf points exposed  3242
 Number of SA arcs generated  1014
 Number of SA arc points exposed        1537 Number of trimer arc points exposed         142
 with resolution (A) = .250000E+00

Atomic solvent accessible surface area:
           1    0.2987946455504
           2   30.7865779748018
           3   23.7782512813509
           4   15.0178429145374
           5    0.0000000000000
           6   17.2705193517181
           7   25.0297381908957
           8    0.0000000000000
           9   20.5243853165345
          10   21.2752774622614
          11    0.0000000000000
          12    7.5089214572687
          13    5.5065424019971
          14    0.0000000000000
          15   10.5124900401762
          16   12.2645717135389
          17    0.0000000000000
          18    0.2987946455504
          19   19.0226010250808
          20   14.2669507688106
          21   24.7794408089868
          22   11.7639769497210
          23    0.3299530644918
          24   15.5925998655876
          25    0.0000000000000
          26    4.2550554924523
          27    0.0000000000000
          28    0.0000000000000
          29    0.0000000000000
          30    0.0000000000000
          31    0.0000000000000
          32    0.0000000000000
          33    0.3299530644918
          34    0.0000000000000
          35   14.5172481507195
          36    3.0035685829075
          37   20.5243853165345
          38   26.5315224823495
          39   25.5303329547136
          40   20.7746826984435
          41   20.7746826984435
          42   27.0321172461674
          43   20.0237905527166
          44   17.2705193517181
          45    8.7604083668135
          46    8.2598136029956
          47   11.7639769497210
          48    5.7568397839060
          49    0.0000000000000
          50   23.1001479490187
          51    0.0000000000000
          52    8.7604083668135
          53    0.0000000000000
          54    4.2893898383931
          55   38.4039959652436
          56   35.5164774716163
          57    7.0083266934508
          58    0.0000000000000
          59   12.7651664773568
          60   10.0118952763583
          61    0.0000000000000
          62   14.2669507688106
          63    2.0023790552717
          64    0.0000000000000
          65   18.7723036431718
          66   20.7746826984435
          67    0.6599061289836
          68   26.7818198642584
          69   22.5267643718062
          70    0.2987946455504
          71   29.7853884471659
          72   24.2788460451689
          73   17.0202219698091

 ======== FDPB Summary ========

 Do FDPB every           1 steps
 Nonbonded Update
   residue cutoff is set to   99.9000000000000
   fdpb cutoff is set to    5.0000000000000
   sas cutoff is set to    9.0000000000000
   nonbonded cutoff is set to    0.0000000000000
 Grid Constants
   Grid dimension      11       9       9
   Grid spacing set to     4.000
   Grid boundary
       -22.000    26.000
        -0.500    39.500
        -5.000    35.000

 Dielectric Map
   Use cavity radii in the prmtop file

   Use probe-based SES definition
     Compute SAS/SAR every           1 steps
     Solvent probe radius   1.40000000000000
     Surface dots per atom     366
     Buried atom radii increment   0.79800000000000
     Threshhold for exposed atom   0.08000000000000
     Current SAS 827.96099285064520

 Boundary conditions
   sum of grid charges as independent DH spheres

 Physical constants
   Solute dielectric constant  :   1.00000000000000
   Solvent dielectric constant :   80.0000000000000
   Temperature (K)             :   300.000000000000
   Ionic strength (mM)         :   0.00000000000000
   Debye-Huckel parameter (1/A):   0.00000000000000

FD Solver Option
   Use Modified ICCG solver

 Iteration data
   Maximum iterations  :         100
   Convergence criteria:  1.000000000000000E-03
   Iterations required        :     6
   Norm of the constant vector:       181.1044704238
   Norm of the residual vector:      0.1139485368379
   Convergence achieved       :  6.2918677032818980E-04

 Total molecular surface    486.3955

 ======== FDPB Summary ========

 Do FDPB every           1 steps
 Nonbonded Update
   residue cutoff is set to   99.9000000000000
   fdpb cutoff is set to    5.0000000000000
   sas cutoff is set to    9.0000000000000
   nonbonded cutoff is set to    0.0000000000000
 Grid Constants
   Grid dimension      49      45      45
   Grid spacing set to     0.500
   Grid boundary
       -10.500    14.500
         8.000    31.000
         3.500    26.500

 Dielectric Map
   Use cavity radii in the prmtop file

   Use probe-based SES definition
     Compute SAS/SAR every           1 steps
     Solvent probe radius   1.40000000000000
     Surface dots per atom     366
     Buried atom radii increment   0.79800000000000
     Threshhold for exposed atom   0.08000000000000
     Current SAS 827.96099285064520

 Boundary conditions
   sum of grid charges as independent DH spheres

 Physical constants
   Solute dielectric constant  :   1.00000000000000
   Solvent dielectric constant :   80.0000000000000
   Temperature (K)             :   300.000000000000
   Ionic strength (mM)         :   0.00000000000000
   Debye-Huckel parameter (1/A):   0.00000000000000

FD Solver Option
   Use Modified ICCG solver

 Iteration data
   Maximum iterations  :         100
   Convergence criteria:  1.000000000000000E-03
   Iterations required        :    16
   Norm of the constant vector:     57736.4888268979
   Norm of the residual vector:     45.3756079867352
   Convergence achieved       :  7.8590868458900678E-04

 Total surface charge      -0.0003
 Reaction field energy    -95.5257
 Nonpolar SAS/SAV    827.9610      0.0000
 Cavity solvation energy      4.1398

 NSTEP =        1   TIME(PS) =       0.000  TEMP(K) =     0.00  PRESS =     0.0
 Etot   =      -454.7411  EKtot   =         0.0000  EPtot      =         0.0000
 BOND   =         0.0000  ANGLE   =         0.0000  DIHED      =         0.0000
 1-4 NB =         0.0000  1-4 EEL =         0.0000  VDWAALS    =       -11.5316
 EELEC  =      -351.8235  EPB     =       -95.5257  RESTRAINT  =         0.0000
 ECAVITY=         4.1398  EDISPER =         0.0000
 ------------------------------------------------------------------------------



  Maximum number of minimization cycles reached.


                    FINAL RESULTS


 NSTEP =        1   TIME(PS) =       0.000  TEMP(K) =     0.00  PRESS =     0.0
 Etot   =      -454.7411  EKtot   =         0.0000  EPtot      =         0.0000
 BOND   =         0.0000  ANGLE   =         0.0000  DIHED      =         0.0000
 1-4 NB =         0.0000  1-4 EEL =         0.0000  VDWAALS    =       -11.5316
 EELEC  =      -351.8235  EPB     =       -95.5257  RESTRAINT  =         0.0000
 ECAVITY=         4.1398  EDISPER =         0.0000
 ------------------------------------------------------------------------------


--------------------------------------------------------------------------------
   5.  TIMINGS
--------------------------------------------------------------------------------

| Total time                     0.08
| Read prm/crd time              0.01
| Force time                     0.07
| Nonbond force                  0.07
| PB Nonbond                     0.07
| PB Sasa                        0.00
| PB FD force                    0.07
| PB Set linear sys              0.02
| PB Solver                      0.05
| PB Direct                      0.00
| PB SA srf                      0.00
| PB SA arc                      0.00
| PB circle                      0.00
| PB exclude                     0.00
| PB exmol                       0.02
| PB exmol setup                 0.00
| PB exmol part b                0.00
| PB exmol part e                0.00
| PB exmol part f                0.01
| PB epsbnd                      0.00
| PB epsmap                      0.00
|           Job began  at 23:35:42.951  on 09/26/2021
|           Setup done at 23:35:42.959  on 09/26/2021
|           Run   done at 23:35:43.030  on 09/26/2021
|     wallclock() was called     110 times
