
          -------------------------------------------------------
          GBNSR6 2015                       
          -------------------------------------------------------

| Run on 11/07/2021 at 11:48:57
  [-O]verwriting output

File Assignments:
|  MDIN: ../scripts/gbnsr6.in                                                  
| MDOUT: guest-gb-radii.out                                                    
|INPCRD: guest.crd                                                             
|  PARM: guest.prmtop                                                          
|

 Here is the input file:

compute                                                                        
&cntrl                                                                         
inp=1                                                                          
/                                                                              
&gb                                                                            
epsin=1.0, epsout=80, istrng=0, space=0.5,                                     
arcres=0.2, B=0.028, alpb=1, rbornstat=1, cavity_surften=0.005                 
/                                                                              

--------------------------------------------------------------------------------
   1.  RESOURCE   USE: 
--------------------------------------------------------------------------------

| Flags:                                                                        
| New format PARM file being parsed.
| Version =    1.000 Date = 08/29/21 Time = 13:42:28
 NATOM  =      16 NTYPES =       5 NBONH =      10 MBONA  =       6
 NTHETH =      24 MTHETA =       7 NPHIH =      47 MPHIA  =      17
 NHPARM =       0 NPARM  =       0 NNB   =      91 NRES   =       1
 NBONA  =       6 NTHETA =       7 NPHIA =      17 NUMBND =       5
 NUMANG =       7 NPTRA  =       9 NATYP =      15 NPHB   =       0
 IFBOX  =       1 NMXRS  =      16 IFCAP =       0 NEXTRA =       0
 NCOPY  =       0

GB Warning in  gb_read(): B=0 is recommended for molecules with more than 50 atoms

|     Memory Use     Allocated
|     Real                 633
|     Hollerith             99
|     Integer            18782
|     Max Pairs              1
|     Max Rstack             1
|     Max Istack             1
|       Total               78 kbytes

| Note: 1-4 EEL scale factors are being read from the topology file.

     BOX TYPE: RECTILINEAR

--------------------------------------------------------------------------------
   2.  ATOMIC COORDINATES AND VELOCITIES
--------------------------------------------------------------------------------

Cpptraj Generated Restart                                                       
 begin time read from input coords =   551.000 ps

 Number of triangulated 3-point waters found:        0

--------------------------------------------------------------------------------
   3.  RESULTS
--------------------------------------------------------------------------------

Print:    Atom number      Inverse Effective Born Radii
rinv           1            0.45630929
rinv           2            0.64754034
rinv           3            0.63733018
rinv           4            0.45968759
rinv           5            0.63152553
rinv           6            0.65546825
rinv           7            0.45552155
rinv           8            0.64706596
rinv           9            0.63526266
rinv          10            0.44160710
rinv          11            0.63746843
rinv          12            0.44862366
rinv          13            0.62641780
rinv          14            0.64919760
rinv          15            0.58892516
rinv          16            0.93926403

 Cavity solvation energy      1.3453

 NSTEP =        1   TIME(PS) =       0.000  TEMP(K) =     0.00  PRESS =     0.0
 Etot   =       -27.2824  EKtot   =         0.0000  EPtot      =         0.0000
 BOND   =         0.0000  ANGLE   =         0.0000  DIHED      =         0.0000
 1-4 NB =         0.0000  1-4 EEL =       -31.1646  VDWAALS    =         0.0000
 EELEC  =        11.4711  EGB     =        -8.9343  RESTRAINT  =         0.0000
 ESURF  =         1.3453
 ------------------------------------------------------------------------------



  Maximum number of minimization cycles reached.


                    FINAL RESULTS


 NSTEP =        1   TIME(PS) =       0.000  TEMP(K) =     0.00  PRESS =     0.0
 Etot   =       -27.2824  EKtot   =         0.0000  EPtot      =         0.0000
 BOND   =         0.0000  ANGLE   =         0.0000  DIHED      =         0.0000
 1-4 NB =         0.0000  1-4 EEL =       -31.1646  VDWAALS    =         0.0000
 EELEC  =        11.4711  EGB     =        -8.9343  RESTRAINT  =         0.0000
 ESURF  =         1.3453
 ------------------------------------------------------------------------------

|           Job began  at 11:48:57.200  on 11/07/2021
|           Setup done at 11:48:57.203  on 11/07/2021
|           Run   done at 11:48:57.211  on 11/07/2021
|     wallclock() was called      72 times
