
          -------------------------------------------------------
          PBSA VERSION 2019                       UC Irvine
          -------------------------------------------------------

| Run on 08/29/2021 at 20:51:40

File Assignments:
|  MDIN: ../pbsa-script/mdin.in                                                
| MDOUT: complex-pb.out                                                        
|INPCRD: complex.crd                                                           
|  PARM: complex.prmtop                                                        
|

 Here is the input file:

Sample single point PB calculation                                             
&cntrl                                                                         
ipb=1, inp=1                                                                   
/                                                                              
&pb                                                                            
npbverb=1, fillratio=1.5, saopt=1, radiopt=0, epsin=1.0, epsout=80             
/                                                                              
 PBSA Warning in pb_read(): sprob=0.557 is optimized for inp=2 and  should not be used with inp=1. It has been reset to 1.4.
 PBSA Warning in pb_read(): cavity_surften=0.0378 is optimized for inp=2  and should not be used with inp=1. It has been reset to 0.005000.
 PBSA Warning in pb_read(): cavity_offset=-0.5692 is optimized for inp=2  and should not be used with inp=1. It has been reset to 0.000.

--------------------------------------------------------------------------------
   1.  RESOURCE   USE: 
--------------------------------------------------------------------------------

| Flags:                                                                        
| New format PARM file being parsed.
| Version =    1.000 Date = 08/29/21 Time = 13:29:56
 NATOM  =     151 NTYPES =       9 NBONH =      75 MBONA  =      81
 NTHETH =     174 MTHETA =     117 NPHIH =     311 MPHIA  =     232
 NHPARM =       0 NPARM  =       0 NNB   =     892 NRES   =       7
 NBONA  =      81 NTHETA =     117 NPHIA =     232 NUMBND =      10
 NUMANG =      19 NPTRA  =      28 NATYP =      14 NPHB   =       0
 IFBOX  =       1 NMXRS  =      25 IFCAP =       0 NEXTRA =       0
 NCOPY  =       0


|     Memory Use     Allocated
|     Real                5643
|     Hollerith            462
|     Integer            26826
|     Max Pairs              1
|     Max Rstack             1
|     Max Istack             1
|       Total              150 kbytes

     BOX TYPE: RECTILINEAR

--------------------------------------------------------------------------------
   2.  CONTROL  DATA  FOR  THE  RUN
--------------------------------------------------------------------------------

default_name                                                                    

General flags:
     imin    =       1, nmropt  =       0

Nature and format of input:
     ntx     =       1, irest   =       0, ntrx    =       1

Nature and format of output:
     ntxo    =       1, ntpr    =      50, ntrx    =       1, ntwr    =     500
     iwrap   =       0, ntwx    =       0, ntwv    =       0, ntwe    =       0
     ioutfm  =       0, ntwprt  =       0, idecomp =       0, rbornstat=      0

Potential function:
     ntf     =       1, ntb     =       1, ipb     =       1, nsnb    =      25
     ipol    =       0, gbsa    =       0, iesp    =       0
     dielc   =   1.00000, cut     =   8.00000, intdiel =   1.00000

Frozen or restrained atoms:
     ibelly  =       0, ntr     =       0

Energy minimization:
     maxcyc  =       1, ncyc    =      10, ntmin   =       1
     dx0     =   0.01000, drms    =   0.00010

======== Implicit Solvent Initialization ========

     Max Nonbonded Pairs:    11401    11401

 no. of atoms processed in PB initialization:   151
  NUM  RESI  NAME  TYPE    CHARGE ATM CRG/H   GRP CRG   PB RADI   NP RADI
    1  MGO   C1    CG    0.042700  0.203700 -0.283400  1.700000  1.699835
    2  MGO   H1    H2    0.161000  0.000000  0.000000  1.300000  1.146587
    3  MGO   O1    OS   -0.322900 -0.322900  0.080400  1.500000  1.500006
    4  MGO   C2    CG    0.137600  0.202600  0.508600  1.700000  1.699835
    5  MGO   H2    H1    0.065000  0.000000  0.000000  1.300000  1.235677
    6  MGO   O2    OH   -0.634600 -0.198000  0.004600  1.500000  1.533237
    7  MGO   HO2   HO    0.436600  0.000000  0.000000  0.800000  0.000000
    8  MGO   C3    CG    0.122400  0.300300  0.504500  1.700000  1.699835
    9  MGO   H3    H1    0.177900  0.000000  0.000000  1.300000  1.235677
   10  MGO   O3    OH   -0.620000 -0.198000  0.102300  1.500000  1.533237
   11  MGO   HO3   HO    0.422000  0.000000  0.000000  0.800000  0.000000
   12  MGO   C4    CG    0.040100  0.199600  0.311900  1.700000  1.699835
   13  MGO   H4    H1    0.159500  0.000000  0.000000  1.300000  1.235677
   14  MGO   C5    CG    0.019300  0.134900  0.210300  1.700000  1.699835
   15  MGO   H5    H1    0.115600  0.000000  0.000000  1.300000  1.235677
   16  MGO   O5    OS   -0.366800 -0.366800 -0.028200  1.500000  1.500006
   17  MGO   C6    CG    0.191800  0.242600  0.179500  1.700000  1.699835
   18  MGO   H61   H1    0.025400  0.000000  0.000000  1.300000  1.235677
   19  MGO   H62   H1    0.025400  0.000000  0.000000  1.300000  1.235677
   20  MGO   O6    OH   -0.607700 -0.198000  0.044600  1.500000  1.533237
   21  MGO   HO6   HO    0.409700  0.000000  0.000000  0.800000  0.000000
   22  MGO   C1    CG    0.042700  0.203700 -0.283400  1.700000  1.699835
   23  MGO   H1    H2    0.161000  0.000000  0.000000  1.300000  1.146587
   24  MGO   O1    OS   -0.322900 -0.322900  0.080400  1.500000  1.500006
   25  MGO   C2    CG    0.137600  0.202600  0.508600  1.700000  1.699835
   26  MGO   H2    H1    0.065000  0.000000  0.000000  1.300000  1.235677
   27  MGO   O2    OH   -0.634600 -0.198000  0.004600  1.500000  1.533237
   28  MGO   HO2   HO    0.436600  0.000000  0.000000  0.800000  0.000000
   29  MGO   C3    CG    0.122400  0.300300  0.504500  1.700000  1.699835
   30  MGO   H3    H1    0.177900  0.000000  0.000000  1.300000  1.235677
   31  MGO   O3    OH   -0.620000 -0.198000  0.102300  1.500000  1.533237
   32  MGO   HO3   HO    0.422000  0.000000  0.000000  0.800000  0.000000
   33  MGO   C4    CG    0.040100  0.199600  0.311900  1.700000  1.699835
   34  MGO   H4    H1    0.159500  0.000000  0.000000  1.300000  1.235677
   35  MGO   C5    CG    0.019300  0.134900  0.210300  1.700000  1.699835
   36  MGO   H5    H1    0.115600  0.000000  0.000000  1.300000  1.235677
   37  MGO   O5    OS   -0.366800 -0.366800 -0.028200  1.500000  1.500006
   38  MGO   C6    CG    0.191800  0.242600  0.179500  1.700000  1.699835
   39  MGO   H61   H1    0.025400  0.000000  0.000000  1.300000  1.235677
   40  MGO   H62   H1    0.025400  0.000000  0.000000  1.300000  1.235677
   41  MGO   O6    OH   -0.607700 -0.198000  0.044600  1.500000  1.533237
   42  MGO   HO6   HO    0.409700  0.000000  0.000000  0.800000  0.000000
   43  MGO   C1    CG    0.042700  0.203700 -0.283400  1.700000  1.699835
   44  MGO   H1    H2    0.161000  0.000000  0.000000  1.300000  1.146587
   45  MGO   O1    OS   -0.322900 -0.322900  0.080400  1.500000  1.500006
   46  MGO   C2    CG    0.137600  0.202600  0.508600  1.700000  1.699835
   47  MGO   H2    H1    0.065000  0.000000  0.000000  1.300000  1.235677
   48  MGO   O2    OH   -0.634600 -0.198000  0.004600  1.500000  1.533237
   49  MGO   HO2   HO    0.436600  0.000000  0.000000  0.800000  0.000000
   50  MGO   C3    CG    0.122400  0.300300  0.504500  1.700000  1.699835
   51  MGO   H3    H1    0.177900  0.000000  0.000000  1.300000  1.235677
   52  MGO   O3    OH   -0.620000 -0.198000  0.102300  1.500000  1.533237
   53  MGO   HO3   HO    0.422000  0.000000  0.000000  0.800000  0.000000
   54  MGO   C4    CG    0.040100  0.199600  0.311900  1.700000  1.699835
   55  MGO   H4    H1    0.159500  0.000000  0.000000  1.300000  1.235677
   56  MGO   C5    CG    0.019300  0.134900  0.210300  1.700000  1.699835
   57  MGO   H5    H1    0.115600  0.000000  0.000000  1.300000  1.235677
   58  MGO   O5    OS   -0.366800 -0.366800 -0.028200  1.500000  1.500006
   59  MGO   C6    CG    0.191800  0.242600  0.179500  1.700000  1.699835
   60  MGO   H61   H1    0.025400  0.000000  0.000000  1.300000  1.235677
   61  MGO   H62   H1    0.025400  0.000000  0.000000  1.300000  1.235677
   62  MGO   O6    OH   -0.607700 -0.198000  0.044600  1.500000  1.533237
   63  MGO   HO6   HO    0.409700  0.000000  0.000000  0.800000  0.000000
   64  MGO   C1    CG    0.042700  0.203700 -0.283400  1.700000  1.699835
   65  MGO   H1    H2    0.161000  0.000000  0.000000  1.300000  1.146587
   66  MGO   O1    OS   -0.322900 -0.322900  0.080400  1.500000  1.500006
   67  MGO   C2    CG    0.137600  0.202600  0.508600  1.700000  1.699835
   68  MGO   H2    H1    0.065000  0.000000  0.000000  1.300000  1.235677
   69  MGO   O2    OH   -0.634600 -0.198000  0.004600  1.500000  1.533237
   70  MGO   HO2   HO    0.436600  0.000000  0.000000  0.800000  0.000000
   71  MGO   C3    CG    0.122400  0.300300  0.504500  1.700000  1.699835
   72  MGO   H3    H1    0.177900  0.000000  0.000000  1.300000  1.235677
   73  MGO   O3    OH   -0.620000 -0.198000  0.102300  1.500000  1.533237
   74  MGO   HO3   HO    0.422000  0.000000  0.000000  0.800000  0.000000
   75  MGO   C4    CG    0.040100  0.199600  0.311900  1.700000  1.699835
   76  MGO   H4    H1    0.159500  0.000000  0.000000  1.300000  1.235677
   77  MGO   C5    CG    0.019300  0.134900  0.210300  1.700000  1.699835
   78  MGO   H5    H1    0.115600  0.000000  0.000000  1.300000  1.235677
   79  MGO   O5    OS   -0.366800 -0.366800 -0.028200  1.500000  1.500006
   80  MGO   C6    CG    0.191800  0.242600  0.179500  1.700000  1.699835
   81  MGO   H61   H1    0.025400  0.000000  0.000000  1.300000  1.235677
   82  MGO   H62   H1    0.025400  0.000000  0.000000  1.300000  1.235677
   83  MGO   O6    OH   -0.607700 -0.198000  0.044600  1.500000  1.533237
   84  MGO   HO6   HO    0.409700  0.000000  0.000000  0.800000  0.000000
   85  MGO   C1    CG    0.042700  0.203700 -0.283400  1.700000  1.699835
   86  MGO   H1    H2    0.161000  0.000000  0.000000  1.300000  1.146587
   87  MGO   O1    OS   -0.322900 -0.322900  0.080400  1.500000  1.500006
   88  MGO   C2    CG    0.137600  0.202600  0.508600  1.700000  1.699835
   89  MGO   H2    H1    0.065000  0.000000  0.000000  1.300000  1.235677
   90  MGO   O2    OH   -0.634600 -0.198000  0.004600  1.500000  1.533237
   91  MGO   HO2   HO    0.436600  0.000000  0.000000  0.800000  0.000000
   92  MGO   C3    CG    0.122400  0.300300  0.504500  1.700000  1.699835
   93  MGO   H3    H1    0.177900  0.000000  0.000000  1.300000  1.235677
   94  MGO   O3    OH   -0.620000 -0.198000  0.102300  1.500000  1.533237
   95  MGO   HO3   HO    0.422000  0.000000  0.000000  0.800000  0.000000
   96  MGO   C4    CG    0.040100  0.199600  0.311900  1.700000  1.699835
   97  MGO   H4    H1    0.159500  0.000000  0.000000  1.300000  1.235677
   98  MGO   C5    CG    0.019300  0.134900  0.210300  1.700000  1.699835
   99  MGO   H5    H1    0.115600  0.000000  0.000000  1.300000  1.235677
  100  MGO   O5    OS   -0.366800 -0.366800 -0.028200  1.500000  1.500006
  101  MGO   C6    CG    0.191800  0.242600  0.179500  1.700000  1.699835
  102  MGO   H61   H1    0.025400  0.000000  0.000000  1.300000  1.235677
  103  MGO   H62   H1    0.025400  0.000000  0.000000  1.300000  1.235677
  104  MGO   O6    OH   -0.607700 -0.198000  0.044600  1.500000  1.533237
  105  MGO   HO6   HO    0.409700  0.000000  0.000000  0.800000  0.000000
  106  MGO   C1    CG    0.042700  0.203700 -0.283400  1.700000  1.699835
  107  MGO   H1    H2    0.161000  0.000000  0.000000  1.300000  1.146587
  108  MGO   O1    OS   -0.322900 -0.322900  0.080400  1.500000  1.500006
  109  MGO   C2    CG    0.137600  0.202600  0.508600  1.700000  1.699835
  110  MGO   H2    H1    0.065000  0.000000  0.000000  1.300000  1.235677
  111  MGO   O2    OH   -0.634600 -0.198000  0.004600  1.500000  1.533237
  112  MGO   HO2   HO    0.436600  0.000000  0.000000  0.800000  0.000000
  113  MGO   C3    CG    0.122400  0.300300  0.504500  1.700000  1.699835
  114  MGO   H3    H1    0.177900  0.000000  0.000000  1.300000  1.235677
  115  MGO   O3    OH   -0.620000 -0.198000  0.102300  1.500000  1.533237
  116  MGO   HO3   HO    0.422000  0.000000  0.000000  0.800000  0.000000
  117  MGO   C4    CG    0.040100  0.199600  0.311900  1.700000  1.699835
  118  MGO   H4    H1    0.159500  0.000000  0.000000  1.300000  1.235677
  119  MGO   C5    CG    0.019300  0.134900  0.210300  1.700000  1.699835
  120  MGO   H5    H1    0.115600  0.000000  0.000000  1.300000  1.235677
  121  MGO   O5    OS   -0.366800 -0.366800 -0.028200  1.500000  1.500006
  122  MGO   C6    CG    0.191800  0.242600  0.179500  1.700000  1.699835
  123  MGO   H61   H1    0.025400  0.000000  0.000000  1.300000  1.235677
  124  MGO   H62   H1    0.025400  0.000000  0.000000  1.300000  1.235677
  125  MGO   O6    OH   -0.607700 -0.198000  0.044600  1.500000  1.533237
  126  MGO   HO6   HO    0.409700  0.000000  0.000000  0.800000  0.000000
  127  MOL   C1    c     0.845400  0.845400 -0.944500  1.700000  1.699835
  128  MOL   O1    o    -0.834900 -0.834900  0.010500  1.500000  1.479961
  129  MOL   O2    o    -0.834900 -0.834900  0.010500  1.500000  1.479961
  130  MOL   C2    c3   -0.050300 -0.120100  0.753000  1.700000  1.699835
  131  MOL   H1    hc   -0.034900 -0.034900 -0.034900  1.300000  1.324766
  132  MOL   H2    hc   -0.034900 -0.034900 -0.034900  1.300000  1.324766
  133  MOL   C3    c3    0.052300  0.027700 -0.126600  1.700000  1.699835
  134  MOL   H3    hc   -0.012300 -0.012300 -0.012300  1.300000  1.324766
  135  MOL   H4    hc   -0.012300 -0.012300 -0.012300  1.300000  1.324766
  136  MOL   C4    c3    0.006800 -0.034200 -0.030400  1.700000  1.699835
  137  MOL   H5    hc   -0.020500 -0.020500 -0.020500  1.300000  1.324766
  138  MOL   H6    hc   -0.020500 -0.020500 -0.020500  1.300000  1.324766
  139  MOL   C5    c3   -0.002700 -0.023900 -0.054700  1.700000  1.699835
  140  MOL   H7    hc   -0.010600 -0.010600 -0.010600  1.300000  1.324766
  141  MOL   H8    hc   -0.010600 -0.010600 -0.010600  1.300000  1.324766
  142  MOL   C6    c3    0.019400  0.003400  0.007300  1.700000  1.699835
  143  MOL   H9    hc   -0.008000 -0.008000 -0.008000  1.300000  1.324766
  144  MOL   H10   hc   -0.008000 -0.008000 -0.008000  1.300000  1.324766
  145  MOL   C7    c3    0.051400  0.027800 -0.025100  1.700000  1.699835
  146  MOL   H11   hc   -0.011800 -0.011800 -0.011800  1.300000  1.324766
  147  MOL   H12   hc   -0.011800 -0.011800 -0.011800  1.300000  1.324766
  148  MOL   C8    c3   -0.082100 -0.056300 -0.028500  1.700000  1.699835
  149  MOL   H13   hc    0.008600  0.008600  0.008600  1.300000  1.324766
  150  MOL   H14   hc    0.008600  0.008600  0.008600  1.300000  1.324766
  151  MOL   H15   hc    0.008600  0.008600  0.008600  1.300000  1.324766

 total system charges (+/-) for PB       -1.0000       16.3131      -17.3131
 cavity_surften =        0.0050 cavity_offset =        0.0000

   SAS Surface: surface dots generated:    366

--------------------------------------------------------------------------------
   3.  ATOMIC COORDINATES AND VELOCITIES
--------------------------------------------------------------------------------

Cpptraj Generated Restart                                                       
 begin time read from input coords =   551.000 ps

 Number of triangulated 3-point waters found:        0

--------------------------------------------------------------------------------
   4.  RESULTS
--------------------------------------------------------------------------------

  NB-update: atom-based nb list     8319


======== Setting up Grid Parameters ========
Using bounding box for grid setup
 Bounding Box at level:           2
 Bounding Box Center:      17.500    17.500    18.500
 Xmin, Xmax, Xmax-Xmin:     9.310    25.268    15.958
 Ymin, Ymax, Ymax-Ymin:     9.301    25.272    15.971
 Zmin, Zmax, Zmax-Zmin:    12.091    25.278    13.188
 Grid dimension at level     2    51   51   45
 Grid origin corrected at level     2      4.500     4.500     7.000
 Bounding Box at level:           1
 Bounding Box Center:      17.500    17.500    18.500
 Xmin, Xmax, Xmax-Xmin:     9.310    25.268    15.958
 Ymin, Ymax, Ymax-Ymin:     9.301    25.272    15.971
 Zmin, Zmax, Zmax-Zmin:    12.091    25.278    13.188
PB Warn in setgrd(): focusing grid too large    2
 fillratio is automatically increased to 2.500
 Grid dimension at level     1    11   11    9
 Grid origin corrected at level     1     -6.500    -6.500    -1.500
------- VMD goodie --------
#First Level Geometric Box
draw materials off
draw color green
draw line "   -6.500   -6.500   -1.500" "   37.500   -6.500   -1.500"
draw line "   -6.500   -6.500   -1.500" "   -6.500   37.500   -1.500"
draw line "   -6.500   -6.500   -1.500" "   -6.500   -6.500   34.500"
draw line "   37.500   -6.500   -1.500" "   37.500   37.500   -1.500"
draw line "   37.500   -6.500   -1.500" "   37.500   -6.500   34.500"
draw line "   -6.500   37.500   -1.500" "   37.500   37.500   -1.500"
draw line "   -6.500   37.500   -1.500" "   -6.500   37.500   34.500"
draw line "   -6.500   -6.500   34.500" "   37.500   -6.500   34.500"
draw line "   -6.500   -6.500   34.500" "   -6.500   37.500   34.500"
draw line "   37.500   37.500   34.500" "   37.500   37.500   -1.500"
draw line "   37.500   37.500   34.500" "   -6.500   37.500   34.500"
draw line "   37.500   37.500   34.500" "   37.500   -6.500   34.500"
#2nd Level Geometric Box
draw color blue
draw line "    4.500    4.500    7.000" "   30.500    4.500    7.000"
draw line "    4.500    4.500    7.000" "    4.500   30.500    7.000"
draw line "    4.500    4.500    7.000" "    4.500    4.500   30.000"
draw line "   30.500    4.500    7.000" "   30.500   30.500    7.000"
draw line "   30.500    4.500    7.000" "   30.500    4.500   30.000"
draw line "    4.500   30.500    7.000" "   30.500   30.500    7.000"
draw line "    4.500   30.500    7.000" "    4.500   30.500   30.000"
draw line "    4.500    4.500   30.000" "   30.500    4.500   30.000"
draw line "    4.500    4.500   30.000" "    4.500   30.500   30.000"
draw line "   30.500   30.500   30.000" "   30.500   30.500    7.000"
draw line "   30.500   30.500   30.000" "    4.500   30.500   30.000"
draw line "   30.500   30.500   30.000" "   30.500    4.500   30.000"
--- End VMD goodie --------

======== Setting up Solvent Accessibility Data ========
Setting up working radii
Number of SA srf points exposed  3967
 Number of SA arcs generated  3593
 Number of SA arc points exposed        2222 Number of trimer arc points exposed         190
 with resolution (A) = .250000E+00

Atomic solvent accessible surface area:
           1    0.0000000000000
           2   14.2669507688106
           3    0.0000000000000
           4    0.0000000000000
           5   18.5220062612628
           6   29.1639367856361
           7    1.4956041091844
           8    0.0000000000000
           9    0.7508921457269
          10   17.3251109617640
          11    6.4809511397990
          12    0.0000000000000
          13    5.5065424019971
          14    0.0000000000000
          15    0.0000000000000
          16    2.0212629455391
          17    0.6599061289836
          18    5.7568397839060
          19   14.5172481507195
          20   34.3614700741653
          21    3.3235646870764
          22    0.0000000000000
          23   11.2633821859031
          24    0.0000000000000
          25    0.0000000000000
          26   20.2740879346255
          27   22.5226442502933
          28    0.0000000000000
          29    0.0000000000000
          30    0.0000000000000
          31   20.7901331541168
          32    3.6559211557841
          33    0.0000000000000
          34    5.7568397839060
          35    0.0000000000000
          36    0.0000000000000
          37    5.7750369872547
          38    0.9898591934753
          39    1.5017842914537
          40   15.7687350602643
          41   25.1214108945579
          42    7.9765552489834
          43    0.0000000000000
          44   14.5172481507195
          45    0.0000000000000
          46    0.0000000000000
          47   18.5220062612628
          48   23.1001479490187
          49    0.0000000000000
          50    0.0000000000000
          51    0.0000000000000
          52   11.2613221251466
          53    5.9824164367375
          54    0.0000000000000
          55    5.0059476381791
          56    0.0000000000000
          57    0.0000000000000
          58    6.0637888366174
          59    0.6599061289836
          60    3.7544607286344
          61   12.5148690954479
          62   26.2764182920088
          63    9.6383375925216
          64    0.0000000000000
          65    9.5113005125404
          66    0.0000000000000
          67    0.0000000000000
          68   21.5255748441703
          69   22.5226442502933
          70    0.0000000000000
          71    0.0000000000000
          72    0.0000000000000
          73   19.9238776060286
          74    6.9794858428605
          75    0.0000000000000
          76    5.7568397839060
          77    0.0000000000000
          78    0.0000000000000
          79    4.9087814391665
          80    0.9898591934753
          81    0.0000000000000
          82   13.5160586230837
          83   31.1851997311753
          84    6.8133076085067
          85    0.0000000000000
          86   12.0142743316300
          87    0.0000000000000
          88    0.0000000000000
          89   17.2705193517181
          90   23.9664034971069
          91    0.0000000000000
          92    0.0000000000000
          93    0.0000000000000
          94   20.7901331541168
          95    3.9882776244917
          96    0.0000000000000
          97    6.2574345477239
          98    0.0000000000000
          99    0.0000000000000
         100    6.6412925353429
         101    0.9898591934753
         102    4.2550554924523
         103   17.5208167336270
         104   29.7414404843616
         105    6.9794858428605
         106    0.0000000000000
         107   14.0166533869016
         108    0.0000000000000
         109    0.0000000000000
         110   18.5220062612628
         111   27.7201775388225
         112    0.1661782343538
         113    0.0000000000000
         114    0.0000000000000
         115   15.3038480162249
         116    5.1515252649684
         117    0.0000000000000
         118    3.5041633467254
         119    0.0000000000000
         120    0.0000000000000
         121    7.2187962340683
         122    0.9898591934753
         123    4.5053528743612
         124   20.7746826984435
         125   28.2976812375479
         126    9.4721593581678
         127    6.5990612898356
         128   33.4952145260771
         129   44.1790329524983
         130    0.3299530644918
         131    5.5065424019971
         132   18.0214114974449
         133    0.0000000000000
         134    0.0000000000000
         135    1.2514869095448
         136    0.0000000000000
         137    0.0000000000000
         138    0.0000000000000
         139    0.0000000000000
         140    0.0000000000000
         141    0.0000000000000
         142    0.0000000000000
         143    0.0000000000000
         144    0.0000000000000
         145    0.0000000000000
         146    0.0000000000000
         147    0.7508921457269
         148    0.9898591934753
         149   24.7794408089868
         150    2.7532712009985
         151    7.2586240753598

 ======== FDPB Summary ========

 Do FDPB every           1 steps
 Nonbonded Update
   residue cutoff is set to   99.9000000000000
   fdpb cutoff is set to    5.0000000000000
   sas cutoff is set to    9.0000000000000
   nonbonded cutoff is set to    0.0000000000000
 Grid Constants
   Grid dimension      11      11       9
   Grid spacing set to     4.000
   Grid boundary
        -6.500    41.500
        -6.500    41.500
        -1.500    38.500

 Dielectric Map
   Use cavity radii in the prmtop file

   Use probe-based SES definition
     Compute SAS/SAR every           1 steps
     Solvent probe radius   1.40000000000000
     Surface dots per atom     366
     Buried atom radii increment   0.79800000000000
     Threshhold for exposed atom   0.08000000000000
     Current SAS1028.45134165634136

 Boundary conditions
   sum of grid charges as independent DH spheres

 Physical constants
   Solute dielectric constant  :   1.00000000000000
   Solvent dielectric constant :   80.0000000000000
   Temperature (K)             :   300.000000000000
   Ionic strength (mM)         :   0.00000000000000
   Debye-Huckel parameter (1/A):   0.00000000000000

FD Solver Option
   Use Modified ICCG solver

 Iteration data
   Maximum iterations  :         100
   Convergence criteria:  1.000000000000000E-03
   Iterations required        :     6
   Norm of the constant vector:       515.2924138721
   Norm of the residual vector:      0.2599788062138
   Convergence achieved       :  5.0452674872543293E-04

 Total molecular surface    702.9000

 ======== FDPB Summary ========

 Do FDPB every           1 steps
 Nonbonded Update
   residue cutoff is set to   99.9000000000000
   fdpb cutoff is set to    5.0000000000000
   sas cutoff is set to    9.0000000000000
   nonbonded cutoff is set to    0.0000000000000
 Grid Constants
   Grid dimension      51      51      45
   Grid spacing set to     0.500
   Grid boundary
         4.500    30.500
         4.500    30.500
         7.000    30.000

 Dielectric Map
   Use cavity radii in the prmtop file

   Use probe-based SES definition
     Compute SAS/SAR every           1 steps
     Solvent probe radius   1.40000000000000
     Surface dots per atom     366
     Buried atom radii increment   0.79800000000000
     Threshhold for exposed atom   0.08000000000000
     Current SAS1028.45134165634136

 Boundary conditions
   sum of grid charges as independent DH spheres

 Physical constants
   Solute dielectric constant  :   1.00000000000000
   Solvent dielectric constant :   80.0000000000000
   Temperature (K)             :   300.000000000000
   Ionic strength (mM)         :   0.00000000000000
   Debye-Huckel parameter (1/A):   0.00000000000000

FD Solver Option
   Use Modified ICCG solver

 Iteration data
   Maximum iterations  :         100
   Convergence criteria:  1.000000000000000E-03
   Iterations required        :    15
   Norm of the constant vector:    136701.7569270145
   Norm of the residual vector:    116.3368192237780
   Convergence achieved       :  8.5102651084353355E-04

 Total surface charge       0.9878
 Reaction field energy   -178.6633
 Nonpolar SAS/SAV   1028.4513      0.0000
 Cavity solvation energy      5.1423

 NSTEP =        1   TIME(PS) =       0.000  TEMP(K) =     0.00  PRESS =     0.0
 Etot   =      -646.9127  EKtot   =         0.0000  EPtot      =         0.0000
 BOND   =         0.0000  ANGLE   =         0.0000  DIHED      =         0.0000
 1-4 NB =         0.0000  1-4 EEL =         0.0000  VDWAALS    =       -50.1526
 EELEC  =      -423.2391  EPB     =      -178.6633  RESTRAINT  =         0.0000
 ECAVITY=         5.1423  EDISPER =         0.0000
 ------------------------------------------------------------------------------



  Maximum number of minimization cycles reached.


                    FINAL RESULTS


 NSTEP =        1   TIME(PS) =       0.000  TEMP(K) =     0.00  PRESS =     0.0
 Etot   =      -646.9127  EKtot   =         0.0000  EPtot      =         0.0000
 BOND   =         0.0000  ANGLE   =         0.0000  DIHED      =         0.0000
 1-4 NB =         0.0000  1-4 EEL =         0.0000  VDWAALS    =       -50.1526
 EELEC  =      -423.2391  EPB     =      -178.6633  RESTRAINT  =         0.0000
 ECAVITY=         5.1423  EDISPER =         0.0000
 ------------------------------------------------------------------------------


--------------------------------------------------------------------------------
   5.  TIMINGS
--------------------------------------------------------------------------------

| Total time                     0.14
| Read prm/crd time              0.01
| Force time                     0.13
| Nonbond force                  0.13
| PB Nonbond                     0.13
| PB FD grid                     0.00
| PB Sasa                        0.03
| PB FD force                    0.13
| PB Set linear sys              0.06
| PB Solver                      0.07
| PB Direct                      0.00
| PB SA srf                      0.00
| PB SA arc                      0.02
| PB SA arc setup                0.00
| PB circle                      0.02
| PB exclude                     0.01
| PB exmol                       0.06
| PB exmol setup                 0.00
| PB exmol part a                0.00
| PB exmol part b                0.01
| PB exmol part c                0.00
| PB exmol part e                0.00
| PB exmol part f                0.01
| PB epsmap                      0.00
|           Job began  at 20:51:40.362  on 08/29/2021
|           Setup done at 20:51:40.368  on 08/29/2021
|           Run   done at 20:51:40.499  on 08/29/2021
|     wallclock() was called     110 times
