
          -------------------------------------------------------
          GBNSR6 2015                       
          -------------------------------------------------------

| Run on 09/26/2021 at 22:12:26
  [-O]verwriting output

File Assignments:
|  MDIN: ../../../scripts/gbnsr6.in                                            
| MDOUT: complex-gb.out                                                        
|INPCRD: ../top_crd/complex.crd                                                
|  PARM: ../top_crd/complex.top                                                
|

 Here is the input file:

compute                                                                        
&cntrl                                                                         
inp=1                                                                          
/                                                                              
&gb                                                                            
epsin=1.0, epsout=80, istrng=0, space=0.5,                                     
arcres=0.2, B=0.028, alpb=1, rbornstat=0, cavity_surften=0.005                 
/                                                                              

--------------------------------------------------------------------------------
   1.  RESOURCE   USE: 
--------------------------------------------------------------------------------

| Flags:                                                                        
| New format PARM file being parsed.
| Version =    1.000 Date = 09/26/21 Time = 22:06:39
 NATOM  =    1904 NTYPES =      28 NBONH =     922 MBONA  =    1000
 NTHETH =    2086 MTHETA =    1358 NPHIH =    4335 MPHIA  =    4281
 NHPARM =       0 NPARM  =       0 NNB   =   10408 NRES   =     125
 NBONA  =    1000 NTHETA =    1358 NPHIA =    4281 NUMBND =      80
 NUMANG =     183 NPTRA  =     208 NATYP =      45 NPHB   =       0
 IFBOX  =       0 NMXRS  =      47 IFCAP =       0 NEXTRA =       0
 NCOPY  =       0


|     Memory Use     Allocated
|     Real               70543
|     Hollerith          11551
|     Integer           109493
|     Max Pairs              1
|     Max Rstack             1
|     Max Istack             1
|       Total             1023 kbytes

| Note: 1-4 EEL scale factors are being read from the topology file.

--------------------------------------------------------------------------------
   2.  ATOMIC COORDINATES AND VELOCITIES
--------------------------------------------------------------------------------

default_name                                                                    
 begin time read from input coords =     0.000 ps

 Number of triangulated 3-point waters found:        0

--------------------------------------------------------------------------------
   3.  RESULTS
--------------------------------------------------------------------------------

 Cavity solvation energy     35.0705

 NSTEP =        1   TIME(PS) =       0.000  TEMP(K) =     0.00  PRESS =     0.0
 Etot   =     -5804.8170  EKtot   =         0.0000  EPtot      =         0.0000
 BOND   =         0.0000  ANGLE   =         0.0000  DIHED      =         0.0000
 1-4 NB =         0.0000  1-4 EEL =      4197.6715  VDWAALS    =         0.0000
 EELEC  =     -8275.5757  EGB     =     -1761.9833  RESTRAINT  =         0.0000
 ESURF  =        35.0705
 ------------------------------------------------------------------------------



  Maximum number of minimization cycles reached.


                    FINAL RESULTS


 NSTEP =        1   TIME(PS) =       0.000  TEMP(K) =     0.00  PRESS =     0.0
 Etot   =     -5804.8170  EKtot   =         0.0000  EPtot      =         0.0000
 BOND   =         0.0000  ANGLE   =         0.0000  DIHED      =         0.0000
 1-4 NB =         0.0000  1-4 EEL =      4197.6715  VDWAALS    =         0.0000
 EELEC  =     -8275.5757  EGB     =     -1761.9833  RESTRAINT  =         0.0000
 ESURF  =        35.0705
 ------------------------------------------------------------------------------

|           Job began  at 22:12:26.032  on 09/26/2021
|           Setup done at 22:12:26.055  on 09/26/2021
|           Run   done at 22:12:27.091  on 09/26/2021
|     wallclock() was called      72 times
