
          -------------------------------------------------------
          PBSA VERSION 2019                       UC Irvine
          -------------------------------------------------------

| Run on 09/29/2021 at 22:28:41

File Assignments:
|  MDIN: ../../../scripts/pbsa.in                                              
| MDOUT: complex-pb.out                                                        
|INPCRD: complex.crd                                                           
|  PARM: complex.prmtop                                                        
|

 Here is the input file:

Sample single point PB calculation                                             
&cntrl                                                                         
ipb=1, inp=1                                                                   
/                                                                              
&pb                                                                            
npbverb=1, fillratio=1.5, saopt=1, radiopt=0, epsin=1.0, epsout=80             
/                                                                              
 PBSA Warning in pb_read(): sprob=0.557 is optimized for inp=2 and  should not be used with inp=1. It has been reset to 1.4.
 PBSA Warning in pb_read(): cavity_surften=0.0378 is optimized for inp=2  and should not be used with inp=1. It has been reset to 0.005000.
 PBSA Warning in pb_read(): cavity_offset=-0.5692 is optimized for inp=2  and should not be used with inp=1. It has been reset to 0.000.

--------------------------------------------------------------------------------
   1.  RESOURCE   USE: 
--------------------------------------------------------------------------------

| Flags:                                                                        
| New format PARM file being parsed.
| Version =    1.000 Date = 09/29/21 Time = 22:19:35
 NATOM  =     200 NTYPES =      11 NBONH =      80 MBONA  =     145
 NTHETH =     197 MTHETA =     242 NPHIH =     347 MPHIA  =     542
 NHPARM =       0 NPARM  =       0 NNB   =    1344 NRES   =       2
 NBONA  =     145 NTHETA =     242 NPHIA =     542 NUMBND =      14
 NUMANG =      26 NPTRA  =      12 NATYP =      18 NPHB   =       0
 IFBOX  =       1 NMXRS  =     144 IFCAP =       0 NEXTRA =       0
 NCOPY  =       0


|     Memory Use     Allocated
|     Real                7516
|     Hollerith            604
|     Integer            30490
|     Max Pairs              1
|     Max Rstack             1
|     Max Istack             1
|       Total              180 kbytes

     BOX TYPE: RECTILINEAR

--------------------------------------------------------------------------------
   2.  CONTROL  DATA  FOR  THE  RUN
--------------------------------------------------------------------------------

HST1                                                                            

General flags:
     imin    =       1, nmropt  =       0

Nature and format of input:
     ntx     =       1, irest   =       0, ntrx    =       1

Nature and format of output:
     ntxo    =       1, ntpr    =      50, ntrx    =       1, ntwr    =     500
     iwrap   =       0, ntwx    =       0, ntwv    =       0, ntwe    =       0
     ioutfm  =       0, ntwprt  =       0, idecomp =       0, rbornstat=      0

Potential function:
     ntf     =       1, ntb     =       1, ipb     =       1, nsnb    =      25
     ipol    =       0, gbsa    =       0, iesp    =       0
     dielc   =   1.00000, cut     =   8.00000, intdiel =   1.00000

Frozen or restrained atoms:
     ibelly  =       0, ntr     =       0

Energy minimization:
     maxcyc  =       1, ncyc    =      10, ntmin   =       1
     dx0     =   0.01000, drms    =   0.00010

======== Implicit Solvent Initialization ========

     Max Nonbonded Pairs:    20000    20000

 no. of atoms processed in PB initialization:   200
  NUM  RESI  NAME  TYPE    CHARGE ATM CRG/H   GRP CRG   PB RADI   NP RADI
    1  HST   O1    o    -0.582429 -0.582429  0.221474  1.500000  1.479961
    2  HST   C1    c     0.803903  0.803903 -0.794120  1.700000  1.699835
    3  HST   N1    n    -0.507797 -0.507797  1.089821  1.550000  1.624999
    4  HST   C2    c3    0.235003  0.324106 -0.367382  1.700000  1.699835
    5  HST   C3    c3    0.293003  0.469609 -0.545985  1.700000  1.699835
    6  HST   N2    n    -0.507797 -0.507797  1.089821  1.550000  1.624999
    7  HST   C4    c3    0.235003  0.324106 -0.367382  1.700000  1.699835
    8  HST   C5    c     0.803903  0.803903 -0.793688  1.700000  1.699835
    9  HST   O2    o    -0.581997 -0.581997  0.221906  1.500000  1.479961
   10  HST   N3    n    -0.507797 -0.507797  1.089821  1.550000  1.624999
   11  HST   C6    c3    0.235003  0.324106 -0.367382  1.700000  1.699835
   12  HST   C7    c3    0.293003  0.469609 -0.545985  1.700000  1.699835
   13  HST   N4    n    -0.507797 -0.507797  1.089821  1.550000  1.624999
   14  HST   C8    c3    0.235003  0.324106 -0.367382  1.700000  1.699835
   15  HST   C9    c     0.803903  0.803903 -0.793688  1.700000  1.699835
   16  HST   O3    o    -0.581997 -0.581997  0.221906  1.500000  1.479961
   17  HST   N5    n    -0.507797 -0.507797  1.089821  1.550000  1.624999
   18  HST   C10   c3    0.235003  0.324106 -0.367382  1.700000  1.699835
   19  HST   C11   c3    0.293003  0.469609 -0.545985  1.700000  1.699835
   20  HST   N6    n    -0.507797 -0.507797  1.089821  1.550000  1.624999
   21  HST   C12   c3    0.235003  0.324106 -0.367382  1.700000  1.699835
   22  HST   C13   c     0.803903  0.803903 -0.793688  1.700000  1.699835
   23  HST   O4    o    -0.581997 -0.581997  0.221906  1.500000  1.479961
   24  HST   N7    n    -0.507797 -0.507797  1.089821  1.550000  1.624999
   25  HST   C14   c3    0.235003  0.324106 -0.367382  1.700000  1.699835
   26  HST   C15   c3    0.293003  0.469609 -0.545985  1.700000  1.699835
   27  HST   N8    n    -0.507797 -0.507797  1.089821  1.550000  1.624999
   28  HST   C16   c3    0.235003  0.324106 -0.367382  1.700000  1.699835
   29  HST   C17   c     0.803903  0.803903 -0.793688  1.700000  1.699835
   30  HST   O5    o    -0.581997 -0.581997  0.221906  1.500000  1.479961
   31  HST   N9    n    -0.507797 -0.507797  1.089821  1.550000  1.624999
   32  HST   C18   c3    0.235003  0.324106 -0.367382  1.700000  1.699835
   33  HST   C19   c3    0.293003  0.469609 -0.545985  1.700000  1.699835
   34  HST   N10   n    -0.507797 -0.507797  1.089821  1.550000  1.624999
   35  HST   C20   c3    0.235003  0.324106 -0.367382  1.700000  1.699835
   36  HST   C21   c     0.803903  0.803903 -0.793688  1.700000  1.699835
   37  HST   O6    o    -0.581997 -0.581997  0.221906  1.500000  1.479961
   38  HST   N11   n    -0.507797 -0.507797  1.089821  1.550000  1.624999
   39  HST   C22   c3    0.235003  0.324106 -0.367382  1.700000  1.699835
   40  HST   C23   c3    0.293003  0.469609 -0.545985  1.700000  1.699835
   41  HST   N12   n    -0.507797 -0.507797  1.089821  1.550000  1.624999
   42  HST   C24   c3    0.235003  0.324106 -0.367382  1.700000  1.699835
   43  HST   C25   c     0.803903  0.803903 -0.793688  1.700000  1.699835
   44  HST   O7    o    -0.581997 -0.581997  0.221906  1.500000  1.479961
   45  HST   N13   n    -0.507797 -0.507797  1.089821  1.550000  1.624999
   46  HST   C26   c3    0.235003  0.324106 -0.367382  1.700000  1.699835
   47  HST   C27   c3    0.293003  0.469609 -0.545985  1.700000  1.699835
   48  HST   N14   n    -0.507797 -0.507797  1.089821  1.550000  1.624999
   49  HST   C28   c3    0.235003  0.324106 -0.367382  1.700000  1.699835
   50  HST   C29   c     0.803903  0.803903 -0.793688  1.700000  1.699835
   51  HST   O8    o    -0.581997 -0.581997  0.221906  1.500000  1.479961
   52  HST   N15   n    -0.507797 -0.507797  1.089821  1.550000  1.624999
   53  HST   C30   c3    0.293003  0.469609 -0.545985  1.700000  1.699835
   54  HST   C31   c3    0.235003  0.324106 -0.367382  1.700000  1.699835
   55  HST   N16   n    -0.507797 -0.507797  1.089821  1.550000  1.624999
   56  HST   C32   c3    0.235003  0.324106 -0.367382  1.700000  1.699835
   57  HST   N17   n    -0.507797 -0.507797  1.089821  1.550000  1.624999
   58  HST   C33   c3    0.293003  0.469609 -0.545985  1.700000  1.699835
   59  HST   C34   c     0.803903  0.803903 -0.793688  1.700000  1.699835
   60  HST   O9    o    -0.581997 -0.581997  0.221906  1.500000  1.479961
   61  HST   N18   n    -0.507797 -0.507797  1.089821  1.550000  1.624999
   62  HST   C35   c3    0.293003  0.469609 -0.545985  1.700000  1.699835
   63  HST   N19   n    -0.507797 -0.507797  1.089821  1.550000  1.624999
   64  HST   C36   c     0.803903  0.803903 -0.793688  1.700000  1.699835
   65  HST   O10   o    -0.581997 -0.581997  0.221906  1.500000  1.479961
   66  HST   N20   n    -0.507797 -0.507797  1.089821  1.550000  1.624999
   67  HST   C37   c3    0.293003  0.469609 -0.545985  1.700000  1.699835
   68  HST   N21   n    -0.507797 -0.507797  1.089821  1.550000  1.624999
   69  HST   C38   c     0.803903  0.803903 -0.793688  1.700000  1.699835
   70  HST   O11   o    -0.581997 -0.581997  0.221906  1.500000  1.479961
   71  HST   N22   n    -0.507797 -0.507797  1.089821  1.550000  1.624999
   72  HST   C39   c3    0.293003  0.469609 -0.545985  1.700000  1.699835
   73  HST   N23   n    -0.507797 -0.507797  1.089821  1.550000  1.624999
   74  HST   C40   c     0.803903  0.803903 -0.793688  1.700000  1.699835
   75  HST   O12   o    -0.581997 -0.581997  0.221906  1.500000  1.479961
   76  HST   N24   n    -0.507797 -0.507797  1.089821  1.550000  1.624999
   77  HST   C41   c3    0.293003  0.469609 -0.545985  1.700000  1.699835
   78  HST   N25   n    -0.507797 -0.507797  1.089821  1.550000  1.624999
   79  HST   C42   c     0.803903  0.803903 -0.793688  1.700000  1.699835
   80  HST   O13   o    -0.581997 -0.581997  0.221906  1.500000  1.479961
   81  HST   N26   n    -0.507797 -0.507797  1.089821  1.550000  1.624999
   82  HST   C43   c3    0.293003  0.469609 -0.545985  1.700000  1.699835
   83  HST   N27   n    -0.507797 -0.507797  1.089821  1.550000  1.624999
   84  HST   C44   c     0.803903  0.803903 -0.793688  1.700000  1.699835
   85  HST   O14   o    -0.581997 -0.581997  0.221906  1.500000  1.479961
   86  HST   N28   n    -0.507797 -0.507797  1.089821  1.550000  1.624999
   87  HST   C45   c3    0.293003  0.469609 -0.545985  1.700000  1.699835
   88  HST   N29   n    -0.507797 -0.507797  1.089821  1.550000  1.624999
   89  HST   C46   c     0.803903  0.803903 -0.793688  1.700000  1.699835
   90  HST   O15   o    -0.581997 -0.581997  0.221906  1.500000  1.479961
   91  HST   N30   n    -0.507797 -0.507797  1.089821  1.550000  1.624999
   92  HST   C47   c3    0.293003  0.469609 -0.545985  1.700000  1.699835
   93  HST   N31   n    -0.507797 -0.507797  1.089821  1.550000  1.624999
   94  HST   C48   c     0.803903  0.803903 -0.793688  1.700000  1.699835
   95  HST   N32   n    -0.507797 -0.507797  1.089821  1.550000  1.624999
   96  HST   O16   o    -0.581997 -0.581997  0.221906  1.500000  1.479961
   97  HST   H1    h2    0.089103  0.089103  0.089103  1.300000  1.146587
   98  HST   H2    h2    0.088303  0.088303  0.088303  1.300000  1.146587
   99  HST   H3    h2    0.088303  0.088303  0.088303  1.300000  1.146587
  100  HST   H4    h2    0.089103  0.089103  0.089103  1.300000  1.146587
  101  HST   H5    h2    0.089103  0.089103  0.089103  1.300000  1.146587
  102  HST   H6    h2    0.088303  0.088303  0.088303  1.300000  1.146587
  103  HST   H7    h2    0.088303  0.088303  0.088303  1.300000  1.146587
  104  HST   H8    h2    0.089103  0.089103  0.089103  1.300000  1.146587
  105  HST   H9    h2    0.089103  0.089103  0.089103  1.300000  1.146587
  106  HST   H10   h2    0.088303  0.088303  0.088303  1.300000  1.146587
  107  HST   H11   h2    0.088303  0.088303  0.088303  1.300000  1.146587
  108  HST   H12   h2    0.089103  0.089103  0.089103  1.300000  1.146587
  109  HST   H13   h2    0.089103  0.089103  0.089103  1.300000  1.146587
  110  HST   H14   h2    0.088303  0.088303  0.088303  1.300000  1.146587
  111  HST   H15   h2    0.088303  0.088303  0.088303  1.300000  1.146587
  112  HST   H16   h2    0.089103  0.089103  0.089103  1.300000  1.146587
  113  HST   H17   h2    0.089103  0.089103  0.089103  1.300000  1.146587
  114  HST   H18   h2    0.088303  0.088303  0.088303  1.300000  1.146587
  115  HST   H19   h2    0.088303  0.088303  0.088303  1.300000  1.146587
  116  HST   H20   h2    0.089103  0.089103  0.089103  1.300000  1.146587
  117  HST   H21   h2    0.089103  0.089103  0.089103  1.300000  1.146587
  118  HST   H22   h2    0.088303  0.088303  0.088303  1.300000  1.146587
  119  HST   H23   h2    0.088303  0.088303  0.088303  1.300000  1.146587
  120  HST   H24   h2    0.089103  0.089103  0.089103  1.300000  1.146587
  121  HST   H25   h2    0.089103  0.089103  0.089103  1.300000  1.146587
  122  HST   H26   h2    0.088303  0.088303  0.088303  1.300000  1.146587
  123  HST   H27   h2    0.088303  0.088303  0.088303  1.300000  1.146587
  124  HST   H28   h2    0.089103  0.089103  0.089103  1.300000  1.146587
  125  HST   H29   h2    0.088303  0.088303  0.088303  1.300000  1.146587
  126  HST   H30   h2    0.088303  0.088303  0.088303  1.300000  1.146587
  127  HST   H31   h2    0.089103  0.089103  0.089103  1.300000  1.146587
  128  HST   H32   h2    0.089103  0.089103  0.089103  1.300000  1.146587
  129  HST   H33   h2    0.088303  0.088303  0.088303  1.300000  1.146587
  130  HST   H34   h2    0.088303  0.088303  0.088303  1.300000  1.146587
  131  HST   H35   h2    0.088303  0.088303  0.088303  1.300000  1.146587
  132  HST   H36   h2    0.088303  0.088303  0.088303  1.300000  1.146587
  133  HST   H37   h2    0.088303  0.088303  0.088303  1.300000  1.146587
  134  HST   H38   h2    0.088303  0.088303  0.088303  1.300000  1.146587
  135  HST   H39   h2    0.088303  0.088303  0.088303  1.300000  1.146587
  136  HST   H40   h2    0.088303  0.088303  0.088303  1.300000  1.146587
  137  HST   H41   h2    0.088303  0.088303  0.088303  1.300000  1.146587
  138  HST   H42   h2    0.088303  0.088303  0.088303  1.300000  1.146587
  139  HST   H43   h2    0.088303  0.088303  0.088303  1.300000  1.146587
  140  HST   H44   h2    0.088303  0.088303  0.088303  1.300000  1.146587
  141  HST   H45   h2    0.088303  0.088303  0.088303  1.300000  1.146587
  142  HST   H46   h2    0.088303  0.088303  0.088303  1.300000  1.146587
  143  HST   H47   h2    0.088303  0.088303  0.088303  1.300000  1.146587
  144  HST   H48   h2    0.088303  0.088303  0.088303  1.300000  1.146587
  145  GST   C1    ca   -0.116015  0.028578  0.068750  1.700000  1.699835
  146  GST   C2    ca   -0.122607  0.020086  0.052850  1.700000  1.699835
  147  GST   C3    ca   -0.122607  0.020086  0.052850  1.700000  1.699835
  148  GST   C4    ca   -0.127007  0.004186 -0.073435  1.700000  1.699835
  149  GST   C5    ca   -0.127007  0.004186 -0.073435  1.700000  1.699835
  150  GST   C6    ca   -0.080307  0.068786 -0.075735  1.700000  1.699835
  151  GST   C7    ca   -0.194107 -0.047714  0.144365  1.700000  1.699835
  152  GST   C8    ca   -0.106307  0.025086 -0.197628  1.700000  1.699835
  153  GST   C9    ca   -0.097707 -0.097707  0.030151  1.700000  1.699835
  154  GST   C10   ca   -0.096807 -0.096807  0.094037  1.700000  1.699835
  155  GST   C11   ca   -0.125907 -0.125907  0.141958  1.700000  1.699835
  156  GST   C12   ca    0.123293  0.123293 -0.132642  1.700000  1.699835
  157  GST   C13   c3   -0.056307  0.096972  0.000165  1.700000  1.699835
  158  GST   C14   c3   -0.128307  0.093672  0.325258  1.700000  1.699835
  159  GST   C15   c3   -0.128307  0.093672  0.325258  1.700000  1.699835
  160  GST   C16   c3   -0.128307  0.093672  0.325258  1.700000  1.699835
  161  GST   C17   c3   -0.128307  0.093672  0.325258  1.700000  1.699835
  162  GST   C18   c3   -0.110507  0.037279  0.472244  1.700000  1.699835
  163  GST   C19   c3    0.110093  0.315479  0.101844  1.700000  1.699835
  164  GST   C20   c3    0.051293  0.119486 -0.066849  1.700000  1.699835
  165  GST   C21   c3    0.132893  0.231586  0.168016  1.700000  1.699835
  166  GST   C22   c3    0.132893  0.231586  0.168016  1.700000  1.699835
  167  GST   N1    n4   -0.690007 -0.250914  0.527737  1.550000  1.624999
  168  GST   O1    oh   -0.515807 -0.082314  0.040979  1.500000  1.533237
  169  GST   H1    ha    0.144593  0.144593  0.144593  1.300000  1.299821
  170  GST   H2    ha    0.142693  0.142693  0.142693  1.300000  1.299821
  171  GST   H3    ha    0.142693  0.142693  0.142693  1.300000  1.299821
  172  GST   H4    ha    0.131193  0.131193  0.131193  1.300000  1.299821
  173  GST   H5    ha    0.131193  0.131193  0.131193  1.300000  1.299821
  174  GST   H6    ha    0.149093  0.149093  0.149093  1.300000  1.299821
  175  GST   H7    ha    0.146393  0.146393  0.146393  1.300000  1.299821
  176  GST   H8    ha    0.131393  0.131393  0.131393  1.300000  1.299821
  177  GST   H9    hc    0.051093  0.051093  0.051093  1.300000  1.324766
  178  GST   H10   hc    0.051093  0.051093  0.051093  1.300000  1.324766
  179  GST   H11   hc    0.051093  0.051093  0.051093  1.300000  1.324766
  180  GST   H12   hc    0.073993  0.073993  0.073993  1.300000  1.324766
  181  GST   H13   hc    0.073993  0.073993  0.073993  1.300000  1.324766
  182  GST   H14   hc    0.073993  0.073993  0.073993  1.300000  1.324766
  183  GST   H15   hc    0.073993  0.073993  0.073993  1.300000  1.324766
  184  GST   H16   hc    0.073993  0.073993  0.073993  1.300000  1.324766
  185  GST   H17   hc    0.073993  0.073993  0.073993  1.300000  1.324766
  186  GST   H18   hc    0.073993  0.073993  0.073993  1.300000  1.324766
  187  GST   H19   hc    0.073993  0.073993  0.073993  1.300000  1.324766
  188  GST   H20   hc    0.073993  0.073993  0.073993  1.300000  1.324766
  189  GST   H21   hc    0.073993  0.073993  0.073993  1.300000  1.324766
  190  GST   H22   hc    0.073993  0.073993  0.073993  1.300000  1.324766
  191  GST   H23   hc    0.073993  0.073993  0.073993  1.300000  1.324766
  192  GST   H24   hc    0.073893  0.073893  0.073893  1.300000  1.324766
  193  GST   H25   hc    0.073893  0.073893  0.073893  1.300000  1.324766
  194  GST   H26   hx    0.102693  0.102693  0.102693  1.300000  0.979989
  195  GST   H27   hx    0.102693  0.102693  0.102693  1.300000  0.979989
  196  GST   H28   hc    0.068193  0.068193  0.068193  1.300000  1.324766
  197  GST   H29   hx    0.098693  0.098693  0.098693  1.300000  0.979989
  198  GST   H30   hx    0.098693  0.098693  0.098693  1.300000  0.979989
  199  GST   H31   hn    0.439093  0.439093  0.439093  1.300000  0.534539
  200  GST   H32   ho    0.433493  0.433493  0.433493  0.800000  0.000000

 total system charges (+/-) for PB        1.0000       29.7641      -28.7641
 cavity_surften =        0.0050 cavity_offset =        0.0000

   SAS Surface: surface dots generated:    366

--------------------------------------------------------------------------------
   3.  ATOMIC COORDINATES AND VELOCITIES
--------------------------------------------------------------------------------

Cpptraj Generated Restart                                                       
 begin time read from input coords =     0.000 ps

 Number of triangulated 3-point waters found:        0

--------------------------------------------------------------------------------
   4.  RESULTS
--------------------------------------------------------------------------------

  NB-update: atom-based nb list    12670


======== Setting up Grid Parameters ========
Using bounding box for grid setup
 Bounding Box at level:           2
 Bounding Box Center:      22.500    22.500    22.500
 Xmin, Xmax, Xmax-Xmin:    15.296    29.228    13.932
 Ymin, Ymax, Ymax-Ymin:    14.078    31.240    17.162
 Zmin, Zmax, Zmax-Zmin:    13.605    31.707    18.102
 Grid dimension at level     2    47   53   55
 Grid origin corrected at level     2     10.500     9.000     8.500
 Bounding Box at level:           1
 Bounding Box Center:      22.500    22.500    22.500
 Xmin, Xmax, Xmax-Xmin:    15.296    29.228    13.932
 Ymin, Ymax, Ymax-Ymin:    14.078    31.240    17.162
 Zmin, Zmax, Zmax-Zmin:    13.605    31.707    18.102
PB Warn in setgrd(): focusing grid too large    2
 fillratio is automatically increased to 2.500
 Grid dimension at level     1    11   13   13
 Grid origin corrected at level     1     -1.500    -5.500    -5.500
------- VMD goodie --------
#First Level Geometric Box
draw materials off
draw color green
draw line "   -1.500   -5.500   -5.500" "   42.500   -5.500   -5.500"
draw line "   -1.500   -5.500   -5.500" "   -1.500   46.500   -5.500"
draw line "   -1.500   -5.500   -5.500" "   -1.500   -5.500   46.500"
draw line "   42.500   -5.500   -5.500" "   42.500   46.500   -5.500"
draw line "   42.500   -5.500   -5.500" "   42.500   -5.500   46.500"
draw line "   -1.500   46.500   -5.500" "   42.500   46.500   -5.500"
draw line "   -1.500   46.500   -5.500" "   -1.500   46.500   46.500"
draw line "   -1.500   -5.500   46.500" "   42.500   -5.500   46.500"
draw line "   -1.500   -5.500   46.500" "   -1.500   46.500   46.500"
draw line "   42.500   46.500   46.500" "   42.500   46.500   -5.500"
draw line "   42.500   46.500   46.500" "   -1.500   46.500   46.500"
draw line "   42.500   46.500   46.500" "   42.500   -5.500   46.500"
#2nd Level Geometric Box
draw color blue
draw line "   10.500    9.000    8.500" "   34.500    9.000    8.500"
draw line "   10.500    9.000    8.500" "   10.500   36.000    8.500"
draw line "   10.500    9.000    8.500" "   10.500    9.000   36.500"
draw line "   34.500    9.000    8.500" "   34.500   36.000    8.500"
draw line "   34.500    9.000    8.500" "   34.500    9.000   36.500"
draw line "   10.500   36.000    8.500" "   34.500   36.000    8.500"
draw line "   10.500   36.000    8.500" "   10.500   36.000   36.500"
draw line "   10.500    9.000   36.500" "   34.500    9.000   36.500"
draw line "   10.500    9.000   36.500" "   10.500   36.000   36.500"
draw line "   34.500   36.000   36.500" "   34.500   36.000    8.500"
draw line "   34.500   36.000   36.500" "   10.500   36.000   36.500"
draw line "   34.500   36.000   36.500" "   34.500    9.000   36.500"
--- End VMD goodie --------

======== Setting up Solvent Accessibility Data ========
Setting up working radii
Number of SA srf points exposed  4468
 Number of SA arcs generated  5569
 Number of SA arc points exposed        2971 Number of trimer arc points exposed         370
 with resolution (A) = .250000E+00

Atomic solvent accessible surface area:
           1   14.1488406187740
           2    2.9695775804260
           3    0.0000000000000
           4    0.0000000000000
           5    0.0000000000000
           6    0.0000000000000
           7    0.0000000000000
           8    3.2995306449178
           9   10.1063147276957
          10    0.2987946455504
          11    0.0000000000000
          12    1.6497653224589
          13    0.2987946455504
          14    0.0000000000000
          15    3.2995306449178
          16    8.9513073302448
          17    0.0000000000000
          18    0.0000000000000
          19    1.6497653224589
          20    0.0000000000000
          21    0.0000000000000
          22    2.9695775804260
          23    9.8175628783330
          24    0.0000000000000
          25    0.0000000000000
          26    0.6599061289836
          27    0.2987946455504
          28    0.0000000000000
          29    3.9594367739014
          30   13.5713369200485
          31    0.0000000000000
          32    0.0000000000000
          33    0.9898591934753
          34    0.0000000000000
          35    0.0000000000000
          36    2.9695775804260
          37   14.4375924681367
          38    0.0000000000000
          39    0.0000000000000
          40    0.6599061289836
          41    0.0000000000000
          42    0.0000000000000
          43    3.2995306449178
          44   17.3251109617640
          45    0.0000000000000
          46    0.0000000000000
          47    1.6497653224589
          48    0.2987946455504
          49    0.0000000000000
          50    3.6294837094096
          51   17.6138628111268
          52    0.0000000000000
          53    0.9898591934753
          54    0.0000000000000
          55    0.0000000000000
          56    0.0000000000000
          57    0.2987946455504
          58    1.6497653224589
          59    2.9695775804260
          60   12.1275776732348
          61    0.0000000000000
          62    0.6599061289836
          63    0.0000000000000
          64    2.6396245159342
          65   10.9725702757839
          66    0.0000000000000
          67    0.9898591934753
          68    0.2987946455504
          69    3.6294837094096
          70   10.9725702757839
          71    0.2987946455504
          72    1.6497653224589
          73    0.0000000000000
          74    3.2995306449178
          75    9.5288110289702
          76    0.0000000000000
          77    0.9898591934753
          78    0.0000000000000
          79    3.2995306449178
          80   16.1701035643131
          81    0.0000000000000
          82    0.9898591934753
          83    0.0000000000000
          84    2.6396245159342
          85   19.3463739073032
          86    0.0000000000000
          87    0.9898591934753
          88    0.2987946455504
          89    3.2995306449178
          90   16.1701035643131
          91    0.2987946455504
          92    1.6497653224589
          93    0.0000000000000
          94    3.2995306449178
          95    0.2987946455504
          96   14.1488406187740
          97   15.0178429145374
          98   10.2621926582673
          99   19.5231957888987
         100   15.0178429145374
         101   17.0202219698091
         102   12.5148690954479
         103   17.2705193517181
         104   16.2693298240822
         105   15.7687350602643
         106   12.0142743316300
         107   17.2705193517181
         108   16.2693298240822
         109   14.7675455326285
         110   19.0226010250808
         111   12.5148690954479
         112   16.0190324421733
         113   14.7675455326285
         114   18.2717088793539
         115   11.0130848039941
         116   15.7687350602643
         117   14.7675455326285
         118   18.0214114974449
         119   12.5148690954479
         120   15.2681402964464
         121   15.7687350602643
         122   17.7711141155360
         123   13.2657612411747
         124   16.2693298240822
         125   11.7639769497210
         126   18.0214114974449
         127   15.7687350602643
         128   15.0178429145374
         129   17.5208167336270
         130   12.5148690954479
         131   19.5231957888987
         132    9.2610031306314
         133   17.7711141155360
         134   12.5148690954479
         135   17.7711141155360
         136   12.2645717135389
         137   12.2645717135389
         138   18.5220062612628
         139   11.2633821859031
         140   19.0226010250808
         141   12.2645717135389
         142   18.5220062612628
         143   13.5160586230837
         144   17.0202219698091
         145    8.5787796767863
         146    6.2691082253438
         147    1.9797183869507
         148    0.6599061289836
         149    0.3299530644918
         150    0.0000000000000
         151    0.0000000000000
         152    0.0000000000000
         153    0.3299530644918
         154    0.0000000000000
         155    0.0000000000000
         156    0.0000000000000
         157    0.0000000000000
         158    0.0000000000000
         159    0.0000000000000
         160    0.0000000000000
         161    0.9898591934753
         162    0.0000000000000
         163    0.0000000000000
         164    0.0000000000000
         165    0.0000000000000
         166    0.0000000000000
         167    0.0000000000000
         168    0.0000000000000
         169   30.7865779748018
         170   21.7758722260793
         171   14.5172481507195
         172    0.0000000000000
         173    0.0000000000000
         174    0.0000000000000
         175    0.0000000000000
         176    0.0000000000000
         177    0.0000000000000
         178    0.0000000000000
         179    0.0000000000000
         180    0.0000000000000
         181    0.0000000000000
         182    0.0000000000000
         183    0.0000000000000
         184    0.0000000000000
         185    0.0000000000000
         186    1.2514869095448
         187    0.0000000000000
         188   16.5196272059912
         189    3.0035685829075
         190    9.0107057487225
         191   27.5327120099853
         192    0.0000000000000
         193    0.0000000000000
         194    0.0000000000000
         195    0.0000000000000
         196    0.0000000000000
         197    0.2502973819090
         198    5.2562450200881
         199    0.0000000000000
         200    0.0000000000000

 ======== FDPB Summary ========

 Do FDPB every           1 steps
 Nonbonded Update
   residue cutoff is set to   99.9000000000000
   fdpb cutoff is set to    5.0000000000000
   sas cutoff is set to    9.0000000000000
   nonbonded cutoff is set to    0.0000000000000
 Grid Constants
   Grid dimension      11      13      13
   Grid spacing set to     4.000
   Grid boundary
        -1.500    46.500
        -5.500    50.500
        -5.500    50.500

 Dielectric Map
   Use cavity radii in the prmtop file

   Use probe-based SES definition
     Compute SAS/SAR every           1 steps
     Solvent probe radius   1.40000000000000
     Surface dots per atom     366
     Buried atom radii increment   0.79800000000000
     Threshhold for exposed atom   0.08000000000000
     Current SAS1168.84843065835025

 Boundary conditions
   sum of grid charges as independent DH spheres

 Physical constants
   Solute dielectric constant  :   1.00000000000000
   Solvent dielectric constant :   80.0000000000000
   Temperature (K)             :   300.000000000000
   Ionic strength (mM)         :   0.00000000000000
   Debye-Huckel parameter (1/A):   0.00000000000000

FD Solver Option
   Use Modified ICCG solver

 Iteration data
   Maximum iterations  :         100
   Convergence criteria:  1.000000000000000E-03
   Iterations required        :     7
   Norm of the constant vector:       827.1586562936
   Norm of the residual vector:      0.5639288393950
   Convergence achieved       :  6.8176623082439626E-04

 Total molecular surface    830.2567

 ======== FDPB Summary ========

 Do FDPB every           1 steps
 Nonbonded Update
   residue cutoff is set to   99.9000000000000
   fdpb cutoff is set to    5.0000000000000
   sas cutoff is set to    9.0000000000000
   nonbonded cutoff is set to    0.0000000000000
 Grid Constants
   Grid dimension      47      53      55
   Grid spacing set to     0.500
   Grid boundary
        10.500    34.500
         9.000    36.000
         8.500    36.500

 Dielectric Map
   Use cavity radii in the prmtop file

   Use probe-based SES definition
     Compute SAS/SAR every           1 steps
     Solvent probe radius   1.40000000000000
     Surface dots per atom     366
     Buried atom radii increment   0.79800000000000
     Threshhold for exposed atom   0.08000000000000
     Current SAS1168.84843065835025

 Boundary conditions
   sum of grid charges as independent DH spheres

 Physical constants
   Solute dielectric constant  :   1.00000000000000
   Solvent dielectric constant :   80.0000000000000
   Temperature (K)             :   300.000000000000
   Ionic strength (mM)         :   0.00000000000000
   Debye-Huckel parameter (1/A):   0.00000000000000

FD Solver Option
   Use Modified ICCG solver

 Iteration data
   Maximum iterations  :         100
   Convergence criteria:  1.000000000000000E-03
   Iterations required        :    16
   Norm of the constant vector:    230303.2783155926
   Norm of the residual vector:    141.3484872697394
   Convergence achieved       :  6.1374934956872241E-04

 Total surface charge      -0.9890
 Reaction field energy   -160.7995
 Nonpolar SAS/SAV   1168.8484      0.0000
 Cavity solvation energy      5.8442

 NSTEP =        1   TIME(PS) =       0.000  TEMP(K) =     0.00  PRESS =     0.0
 Etot   =   1287336.3791  EKtot   =         0.0000  EPtot      =         0.0000
 BOND   =         0.0000  ANGLE   =         0.0000  DIHED      =         0.0000
 1-4 NB =         0.0000  1-4 EEL =         0.0000  VDWAALS    =   1285726.8715
 EELEC  =      1764.4629  EPB     =      -160.7995  RESTRAINT  =         0.0000
 ECAVITY=         5.8442  EDISPER =         0.0000
 ------------------------------------------------------------------------------



  Maximum number of minimization cycles reached.


                    FINAL RESULTS


 NSTEP =        1   TIME(PS) =       0.000  TEMP(K) =     0.00  PRESS =     0.0
 Etot   =   1287336.3791  EKtot   =         0.0000  EPtot      =         0.0000
 BOND   =         0.0000  ANGLE   =         0.0000  DIHED      =         0.0000
 1-4 NB =         0.0000  1-4 EEL =         0.0000  VDWAALS    =   1285726.8715
 EELEC  =      1764.4629  EPB     =      -160.7995  RESTRAINT  =         0.0000
 ECAVITY=         5.8442  EDISPER =         0.0000
 ------------------------------------------------------------------------------


--------------------------------------------------------------------------------
   5.  TIMINGS
--------------------------------------------------------------------------------

| Total time                     0.17
| Read prm/crd time              0.00
| Force time                     0.16
| Nonbond force                  0.16
| PB Nonbond                     0.16
| PB NB list                     0.00
| PB FD grid                     0.00
| PB Sasa                        0.04
| PB FD force                    0.16
| PB Set linear sys              0.08
| PB Solver                      0.08
| PB Direct                      0.00
| PB SA srf                      0.00
| PB SA arc                      0.04
| PB SA arc setup                0.00
| PB circle                      0.03
| PB exclude                     0.01
| PB exmol                       0.07
| PB exmol setup                 0.01
| PB exmol part b                0.01
| PB exmol part c                0.00
| PB exmol part d                0.00
| PB exmol part e                0.00
| PB exmol part f                0.02
| PB epsmap                      0.00
|           Job began  at 22:28:41.567  on 09/29/2021
|           Setup done at 22:28:41.572  on 09/29/2021
|           Run   done at 22:28:41.736  on 09/29/2021
|     wallclock() was called     110 times
