
          -------------------------------------------------------
          PBSA VERSION 2019                       UC Irvine
          -------------------------------------------------------

| Run on 09/29/2021 at 22:28:41

File Assignments:
|  MDIN: ../../../scripts/pbsa.in                                              
| MDOUT: guest-pb.out                                                          
|INPCRD: guest.crd                                                             
|  PARM: guest.prmtop                                                          
|

 Here is the input file:

Sample single point PB calculation                                             
&cntrl                                                                         
ipb=1, inp=1                                                                   
/                                                                              
&pb                                                                            
npbverb=1, fillratio=1.5, saopt=1, radiopt=0, epsin=1.0, epsout=80             
/                                                                              
 PBSA Warning in pb_read(): sprob=0.557 is optimized for inp=2 and  should not be used with inp=1. It has been reset to 1.4.
 PBSA Warning in pb_read(): cavity_surften=0.0378 is optimized for inp=2  and should not be used with inp=1. It has been reset to 0.005000.
 PBSA Warning in pb_read(): cavity_offset=-0.5692 is optimized for inp=2  and should not be used with inp=1. It has been reset to 0.000.

--------------------------------------------------------------------------------
   1.  RESOURCE   USE: 
--------------------------------------------------------------------------------

| Flags:                                                                        
| New format PARM file being parsed.
| Version =    1.000 Date = 09/29/21 Time = 22:19:35
 NATOM  =      56 NTYPES =       9 NBONH =      32 MBONA  =      25
 NTHETH =      69 MTHETA =      34 NPHIH =     115 MPHIA  =      46
 NHPARM =       0 NPARM  =       0 NNB   =     311 NRES   =       1
 NBONA  =      25 NTHETA =      34 NPHIA =      46 NUMBND =      10
 NUMANG =      17 NPTRA  =       7 NATYP =      18 NPHB   =       0
 IFBOX  =       1 NMXRS  =      56 IFCAP =       0 NEXTRA =       0
 NCOPY  =       0


|     Memory Use     Allocated
|     Real                2116
|     Hollerith            171
|     Integer            22319
|     Max Pairs              1
|     Max Rstack             1
|     Max Istack             1
|       Total              104 kbytes

     BOX TYPE: RECTILINEAR

--------------------------------------------------------------------------------
   2.  CONTROL  DATA  FOR  THE  RUN
--------------------------------------------------------------------------------

HST1                                                                            

General flags:
     imin    =       1, nmropt  =       0

Nature and format of input:
     ntx     =       1, irest   =       0, ntrx    =       1

Nature and format of output:
     ntxo    =       1, ntpr    =      50, ntrx    =       1, ntwr    =     500
     iwrap   =       0, ntwx    =       0, ntwv    =       0, ntwe    =       0
     ioutfm  =       0, ntwprt  =       0, idecomp =       0, rbornstat=      0

Potential function:
     ntf     =       1, ntb     =       1, ipb     =       1, nsnb    =      25
     ipol    =       0, gbsa    =       0, iesp    =       0
     dielc   =   1.00000, cut     =   8.00000, intdiel =   1.00000

Frozen or restrained atoms:
     ibelly  =       0, ntr     =       0

Energy minimization:
     maxcyc  =       1, ncyc    =      10, ntmin   =       1
     dx0     =   0.01000, drms    =   0.00010

======== Implicit Solvent Initialization ========

     Max Nonbonded Pairs:     1568     1568

 no. of atoms processed in PB initialization:    56
  NUM  RESI  NAME  TYPE    CHARGE ATM CRG/H   GRP CRG   PB RADI   NP RADI
    1  GST   C1    ca   -0.116015  0.028578  0.068750  1.700000  1.699835
    2  GST   C2    ca   -0.122607  0.020086  0.052850  1.700000  1.699835
    3  GST   C3    ca   -0.122607  0.020086  0.052850  1.700000  1.699835
    4  GST   C4    ca   -0.127007  0.004186 -0.073435  1.700000  1.699835
    5  GST   C5    ca   -0.127007  0.004186 -0.073435  1.700000  1.699835
    6  GST   C6    ca   -0.080307  0.068786 -0.075735  1.700000  1.699835
    7  GST   C7    ca   -0.194107 -0.047714  0.144365  1.700000  1.699835
    8  GST   C8    ca   -0.106307  0.025086 -0.197628  1.700000  1.699835
    9  GST   C9    ca   -0.097707 -0.097707  0.030151  1.700000  1.699835
   10  GST   C10   ca   -0.096807 -0.096807  0.094037  1.700000  1.699835
   11  GST   C11   ca   -0.125907 -0.125907  0.141958  1.700000  1.699835
   12  GST   C12   ca    0.123293  0.123293 -0.132642  1.700000  1.699835
   13  GST   C13   c3   -0.056307  0.096972  0.000165  1.700000  1.699835
   14  GST   C14   c3   -0.128307  0.093672  0.325258  1.700000  1.699835
   15  GST   C15   c3   -0.128307  0.093672  0.325258  1.700000  1.699835
   16  GST   C16   c3   -0.128307  0.093672  0.325258  1.700000  1.699835
   17  GST   C17   c3   -0.128307  0.093672  0.325258  1.700000  1.699835
   18  GST   C18   c3   -0.110507  0.037279  0.472244  1.700000  1.699835
   19  GST   C19   c3    0.110093  0.315479  0.101844  1.700000  1.699835
   20  GST   C20   c3    0.051293  0.119486 -0.066849  1.700000  1.699835
   21  GST   C21   c3    0.132893  0.231586  0.168016  1.700000  1.699835
   22  GST   C22   c3    0.132893  0.231586  0.168016  1.700000  1.699835
   23  GST   N1    n4   -0.690007 -0.250914  0.527737  1.550000  1.624999
   24  GST   O1    oh   -0.515807 -0.082314  0.040979  1.500000  1.533237
   25  GST   H1    ha    0.144593  0.144593  0.144593  1.300000  1.299821
   26  GST   H2    ha    0.142693  0.142693  0.142693  1.300000  1.299821
   27  GST   H3    ha    0.142693  0.142693  0.142693  1.300000  1.299821
   28  GST   H4    ha    0.131193  0.131193  0.131193  1.300000  1.299821
   29  GST   H5    ha    0.131193  0.131193  0.131193  1.300000  1.299821
   30  GST   H6    ha    0.149093  0.149093  0.149093  1.300000  1.299821
   31  GST   H7    ha    0.146393  0.146393  0.146393  1.300000  1.299821
   32  GST   H8    ha    0.131393  0.131393  0.131393  1.300000  1.299821
   33  GST   H9    hc    0.051093  0.051093  0.051093  1.300000  1.324766
   34  GST   H10   hc    0.051093  0.051093  0.051093  1.300000  1.324766
   35  GST   H11   hc    0.051093  0.051093  0.051093  1.300000  1.324766
   36  GST   H12   hc    0.073993  0.073993  0.073993  1.300000  1.324766
   37  GST   H13   hc    0.073993  0.073993  0.073993  1.300000  1.324766
   38  GST   H14   hc    0.073993  0.073993  0.073993  1.300000  1.324766
   39  GST   H15   hc    0.073993  0.073993  0.073993  1.300000  1.324766
   40  GST   H16   hc    0.073993  0.073993  0.073993  1.300000  1.324766
   41  GST   H17   hc    0.073993  0.073993  0.073993  1.300000  1.324766
   42  GST   H18   hc    0.073993  0.073993  0.073993  1.300000  1.324766
   43  GST   H19   hc    0.073993  0.073993  0.073993  1.300000  1.324766
   44  GST   H20   hc    0.073993  0.073993  0.073993  1.300000  1.324766
   45  GST   H21   hc    0.073993  0.073993  0.073993  1.300000  1.324766
   46  GST   H22   hc    0.073993  0.073993  0.073993  1.300000  1.324766
   47  GST   H23   hc    0.073993  0.073993  0.073993  1.300000  1.324766
   48  GST   H24   hc    0.073893  0.073893  0.073893  1.300000  1.324766
   49  GST   H25   hc    0.073893  0.073893  0.073893  1.300000  1.324766
   50  GST   H26   hx    0.102693  0.102693  0.102693  1.300000  0.979989
   51  GST   H27   hx    0.102693  0.102693  0.102693  1.300000  0.979989
   52  GST   H28   hc    0.068193  0.068193  0.068193  1.300000  1.324766
   53  GST   H29   hx    0.098693  0.098693  0.098693  1.300000  0.979989
   54  GST   H30   hx    0.098693  0.098693  0.098693  1.300000  0.979989
   55  GST   H31   hn    0.439093  0.439093  0.439093  1.300000  0.534539
   56  GST   H32   ho    0.433493  0.433493  0.433493  0.800000  0.000000

 total system charges (+/-) for PB        1.0000        4.2022       -3.2022
 cavity_surften =        0.0050 cavity_offset =        0.0000

   SAS Surface: surface dots generated:    366

--------------------------------------------------------------------------------
   3.  ATOMIC COORDINATES AND VELOCITIES
--------------------------------------------------------------------------------

Cpptraj Generated Restart                                                       
 begin time read from input coords =     0.000 ps

 Number of triangulated 3-point waters found:        0

--------------------------------------------------------------------------------
   4.  RESULTS
--------------------------------------------------------------------------------

  NB-update: atom-based nb list     1493


======== Setting up Grid Parameters ========
Using bounding box for grid setup
 Bounding Box at level:           2
 Bounding Box Center:      22.500    23.000    22.500
 Xmin, Xmax, Xmax-Xmin:    15.296    29.228    13.932
 Ymin, Ymax, Ymax-Ymin:    19.054    27.366     8.312
 Zmin, Zmax, Zmax-Zmin:    16.045    28.475    12.431
 Grid dimension at level     2    47   35   43
 Grid origin corrected at level     2     10.500    14.000    11.500
 Bounding Box at level:           1
 Bounding Box Center:      22.500    23.000    22.500
 Xmin, Xmax, Xmax-Xmin:    15.296    29.228    13.932
 Ymin, Ymax, Ymax-Ymin:    19.054    27.366     8.312
 Zmin, Zmax, Zmax-Zmin:    16.045    28.475    12.431
PB Warn in setgrd(): focusing grid too large    2
 fillratio is automatically increased to 2.500
 Grid dimension at level     1    11    7    9
 Grid origin corrected at level     1     -1.500     7.000     2.500
------- VMD goodie --------
#First Level Geometric Box
draw materials off
draw color green
draw line "   -1.500    7.000    2.500" "   42.500    7.000    2.500"
draw line "   -1.500    7.000    2.500" "   -1.500   35.000    2.500"
draw line "   -1.500    7.000    2.500" "   -1.500    7.000   38.500"
draw line "   42.500    7.000    2.500" "   42.500   35.000    2.500"
draw line "   42.500    7.000    2.500" "   42.500    7.000   38.500"
draw line "   -1.500   35.000    2.500" "   42.500   35.000    2.500"
draw line "   -1.500   35.000    2.500" "   -1.500   35.000   38.500"
draw line "   -1.500    7.000   38.500" "   42.500    7.000   38.500"
draw line "   -1.500    7.000   38.500" "   -1.500   35.000   38.500"
draw line "   42.500   35.000   38.500" "   42.500   35.000    2.500"
draw line "   42.500   35.000   38.500" "   -1.500   35.000   38.500"
draw line "   42.500   35.000   38.500" "   42.500    7.000   38.500"
#2nd Level Geometric Box
draw color blue
draw line "   10.500   14.000   11.500" "   34.500   14.000   11.500"
draw line "   10.500   14.000   11.500" "   10.500   32.000   11.500"
draw line "   10.500   14.000   11.500" "   10.500   14.000   33.500"
draw line "   34.500   14.000   11.500" "   34.500   32.000   11.500"
draw line "   34.500   14.000   11.500" "   34.500   14.000   33.500"
draw line "   10.500   32.000   11.500" "   34.500   32.000   11.500"
draw line "   10.500   32.000   11.500" "   10.500   32.000   33.500"
draw line "   10.500   14.000   33.500" "   34.500   14.000   33.500"
draw line "   10.500   14.000   33.500" "   10.500   32.000   33.500"
draw line "   34.500   32.000   33.500" "   34.500   32.000   11.500"
draw line "   34.500   32.000   33.500" "   10.500   32.000   33.500"
draw line "   34.500   32.000   33.500" "   34.500   14.000   33.500"
--- End VMD goodie --------

======== Setting up Solvent Accessibility Data ========
Setting up working radii
Number of SA srf points exposed  2335
 Number of SA arcs generated   970
 Number of SA arc points exposed        1336 Number of trimer arc points exposed         120
 with resolution (A) = .250000E+00

Atomic solvent accessible surface area:
           1   11.2184041927205
           2   11.8783103217041
           3   10.8884511282288
           4    5.6092020963603
           5    4.6193429028849
           6    7.5889204833109
           7    7.5889204833109
           8    0.0000000000000
           9    0.6599061289836
          10    1.6497653224589
          11    0.0000000000000
          12    1.3198122579671
          13    1.6497653224589
          14    1.6497653224589
          15    2.6396245159342
          16    0.3299530644918
          17    1.6497653224589
          18    0.0000000000000
          19    0.3299530644918
          20    0.0000000000000
          21    0.0000000000000
          22    0.0000000000000
          23    0.0000000000000
          24   22.2338924009305
          25   30.7865779748018
          26   31.0368753567107
          27   31.0368753567107
          28    9.5113005125404
          29   11.0130848039941
          30   24.2788460451689
          31   28.2836041557122
          32    5.0059476381791
          33   28.2836041557122
          34   25.5303329547136
          35   25.7806303366226
          36    3.5041633467254
          37   12.5148690954479
          38   25.7806303366226
          39   15.2681402964464
          40   17.2705193517181
          41   27.2824146280763
          42    3.7544607286344
          43   10.0118952763583
          44   27.0321172461674
          45   14.7675455326285
          46   17.5208167336270
          47   27.5327120099853
          48   14.5172481507195
          49    3.5041633467254
          50    1.0011895276358
          51   10.2621926582673
          52    0.0000000000000
          53   10.2621926582673
          54    9.2610031306314
          55    0.0000000000000
          56    6.3147729054452

 ======== FDPB Summary ========

 Do FDPB every           1 steps
 Nonbonded Update
   residue cutoff is set to   99.9000000000000
   fdpb cutoff is set to    5.0000000000000
   sas cutoff is set to    9.0000000000000
   nonbonded cutoff is set to    0.0000000000000
 Grid Constants
   Grid dimension      11       7       9
   Grid spacing set to     4.000
   Grid boundary
        -1.500    46.500
         7.000    39.000
         2.500    42.500

 Dielectric Map
   Use cavity radii in the prmtop file

   Use probe-based SES definition
     Compute SAS/SAR every           1 steps
     Solvent probe radius   1.40000000000000
     Surface dots per atom     366
     Buried atom radii increment   0.79800000000000
     Threshhold for exposed atom   0.08000000000000
     Current SAS 601.41448058215076

 Boundary conditions
   sum of grid charges as independent DH spheres

 Physical constants
   Solute dielectric constant  :   1.00000000000000
   Solvent dielectric constant :   80.0000000000000
   Temperature (K)             :   300.000000000000
   Ionic strength (mM)         :   0.00000000000000
   Debye-Huckel parameter (1/A):   0.00000000000000

FD Solver Option
   Use Modified ICCG solver

 Iteration data
   Maximum iterations  :         100
   Convergence criteria:  1.000000000000000E-03
   Iterations required        :     6
   Norm of the constant vector:       395.5453947442
   Norm of the residual vector:      0.1203766988500
   Convergence achieved       :  3.0433093255422433E-04

 Total molecular surface    345.6291

 ======== FDPB Summary ========

 Do FDPB every           1 steps
 Nonbonded Update
   residue cutoff is set to   99.9000000000000
   fdpb cutoff is set to    5.0000000000000
   sas cutoff is set to    9.0000000000000
   nonbonded cutoff is set to    0.0000000000000
 Grid Constants
   Grid dimension      47      35      43
   Grid spacing set to     0.500
   Grid boundary
        10.500    34.500
        14.000    32.000
        11.500    33.500

 Dielectric Map
   Use cavity radii in the prmtop file

   Use probe-based SES definition
     Compute SAS/SAR every           1 steps
     Solvent probe radius   1.40000000000000
     Surface dots per atom     366
     Buried atom radii increment   0.79800000000000
     Threshhold for exposed atom   0.08000000000000
     Current SAS 601.41448058215076

 Boundary conditions
   sum of grid charges as independent DH spheres

 Physical constants
   Solute dielectric constant  :   1.00000000000000
   Solvent dielectric constant :   80.0000000000000
   Temperature (K)             :   300.000000000000
   Ionic strength (mM)         :   0.00000000000000
   Debye-Huckel parameter (1/A):   0.00000000000000

FD Solver Option
   Use Modified ICCG solver

 Iteration data
   Maximum iterations  :         100
   Convergence criteria:  1.000000000000000E-03
   Iterations required        :    16
   Norm of the constant vector:     37861.1427659530
   Norm of the residual vector:     34.0018643315109
   Convergence achieved       :  8.9806756604524291E-04

 Total surface charge      -0.9874
 Reaction field energy    -52.1212
 Nonpolar SAS/SAV    601.4145      0.0000
 Cavity solvation energy      3.0071

 NSTEP =        1   TIME(PS) =       0.000  TEMP(K) =     0.00  PRESS =     0.0
 Etot   =       252.5077  EKtot   =         0.0000  EPtot      =         0.0000
 BOND   =         0.0000  ANGLE   =         0.0000  DIHED      =         0.0000
 1-4 NB =         0.0000  1-4 EEL =         0.0000  VDWAALS    =       197.0054
 EELEC  =       104.6164  EPB     =       -52.1212  RESTRAINT  =         0.0000
 ECAVITY=         3.0071  EDISPER =         0.0000
 ------------------------------------------------------------------------------



  Maximum number of minimization cycles reached.


                    FINAL RESULTS


 NSTEP =        1   TIME(PS) =       0.000  TEMP(K) =     0.00  PRESS =     0.0
 Etot   =       252.5077  EKtot   =         0.0000  EPtot      =         0.0000
 BOND   =         0.0000  ANGLE   =         0.0000  DIHED      =         0.0000
 1-4 NB =         0.0000  1-4 EEL =         0.0000  VDWAALS    =       197.0054
 EELEC  =       104.6164  EPB     =       -52.1212  RESTRAINT  =         0.0000
 ECAVITY=         3.0071  EDISPER =         0.0000
 ------------------------------------------------------------------------------


--------------------------------------------------------------------------------
   5.  TIMINGS
--------------------------------------------------------------------------------

| Total time                     0.07
| Read prm/crd time              0.00
| Force time                     0.07
| Nonbond force                  0.07
| PB Nonbond                     0.07
| PB FD grid                     0.00
| PB Sasa                        0.01
| PB FD force                    0.07
| PB Set linear sys              0.02
| PB Solver                      0.04
| PB SA srf                      0.00
| PB SA arc                      0.01
| PB circle                      0.00
| PB exclude                     0.00
| PB exmol                       0.02
| PB exmol setup                 0.00
| PB exmol part a                0.00
| PB exmol part b                0.00
| PB exmol part d                0.00
| PB exmol part e                0.00
| PB exmol part f                0.01
| PB epsmap                      0.00
|           Job began  at 22:28:41.754  on 09/29/2021
|           Setup done at 22:28:41.757  on 09/29/2021
|           Run   done at 22:28:41.824  on 09/29/2021
|     wallclock() was called     110 times
