
          -------------------------------------------------------
          GBNSR6 2015                       
          -------------------------------------------------------

| Run on 09/26/2021 at 22:16:25
  [-O]verwriting output

File Assignments:
|  MDIN: ../../../scripts/gbnsr6.in                                            
| MDOUT: complex-gb.out                                                        
|INPCRD: ../top_crd/complex.crd                                                
|  PARM: ../top_crd/complex.top                                                
|

 Here is the input file:

compute                                                                        
&cntrl                                                                         
inp=1                                                                          
/                                                                              
&gb                                                                            
epsin=1.0, epsout=80, istrng=0, space=0.5,                                     
arcres=0.2, B=0.028, alpb=1, rbornstat=0, cavity_surften=0.005                 
/                                                                              

--------------------------------------------------------------------------------
   1.  RESOURCE   USE: 
--------------------------------------------------------------------------------

| Flags:                                                                        
| New format PARM file being parsed.
| Version =    1.000 Date = 09/26/21 Time = 22:06:54
 NATOM  =    8311 NTYPES =      23 NBONH =    4119 MBONA  =    4302
 NTHETH =    9391 MTHETA =    5864 NPHIH =   19053 MPHIA  =   18452
 NHPARM =       0 NPARM  =       0 NNB   =   46150 NRES   =     518
 NBONA  =    4302 NTHETA =    5864 NPHIA =   18452 NUMBND =      78
 NUMANG =     185 NPTRA  =     215 NATYP =      41 NPHB   =       0
 IFBOX  =       0 NMXRS  =      66 IFCAP =       0 NEXTRA =       0
 NCOPY  =       0


|     Memory Use     Allocated
|     Real              307878
|     Hollerith          50386
|     Integer           416572
|     Max Pairs              1
|     Max Rstack             1
|     Max Istack             1
|       Total             4229 kbytes

| Note: 1-4 EEL scale factors are being read from the topology file.

--------------------------------------------------------------------------------
   2.  ATOMIC COORDINATES AND VELOCITIES
--------------------------------------------------------------------------------

default_name                                                                    
 begin time read from input coords =     0.000 ps

 Number of triangulated 3-point waters found:        0

--------------------------------------------------------------------------------
   3.  RESULTS
--------------------------------------------------------------------------------

 Cavity solvation energy     97.2888

 NSTEP =        1   TIME(PS) =       0.000  TEMP(K) =     0.00  PRESS =     0.0
 Etot   =    -20144.6279  EKtot   =         0.0000  EPtot      =         0.0000
 BOND   =         0.0000  ANGLE   =         0.0000  DIHED      =         0.0000
 1-4 NB =         0.0000  1-4 EEL =     24314.5267  VDWAALS    =         0.0000
 EELEC  =    -39683.3306  EGB     =     -4873.1128  RESTRAINT  =         0.0000
 ESURF  =        97.2888
 ------------------------------------------------------------------------------



  Maximum number of minimization cycles reached.


                    FINAL RESULTS


 NSTEP =        1   TIME(PS) =       0.000  TEMP(K) =     0.00  PRESS =     0.0
 Etot   =    -20144.6279  EKtot   =         0.0000  EPtot      =         0.0000
 BOND   =         0.0000  ANGLE   =         0.0000  DIHED      =         0.0000
 1-4 NB =         0.0000  1-4 EEL =     24314.5267  VDWAALS    =         0.0000
 EELEC  =    -39683.3306  EGB     =     -4873.1128  RESTRAINT  =         0.0000
 ESURF  =        97.2888
 ------------------------------------------------------------------------------

|           Job began  at 22:16:25.602  on 09/26/2021
|           Setup done at 22:16:25.690  on 09/26/2021
|           Run   done at 22:16:33.178  on 09/26/2021
|     wallclock() was called      72 times
