            --------------------------------------------------------
                             AMBER SQM VERSION 19
 
                                     By
              Ross C. Walker, Michael F. Crowley, Scott Brozell,
                         Tim Giese, Andreas W. Goetz,
                        Tai-Sung Lee and David A. Case
 
            --------------------------------------------------------
 

--------------------------------------------------------------------------------
  QM CALCULATION INFO
--------------------------------------------------------------------------------

| QMMM: Citation for AMBER QMMM Run:
| QMMM: R.C. Walker, M.F. Crowley and D.A. Case, J. COMP. CHEM. 29:1019, 2008

QMMM: SINGLET STATE CALCULATION
QMMM: RHF CALCULATION, NO. OF DOUBLY OCCUPIED LEVELS = 80

| QMMM: *** Selected Hamiltonian *** 
| QMMM: AM1         

| QMMM: *** Parameter sets in use ***
| QMMM: N : M.J.S.DEWAR et al. JACS, 107, 3902, (1985)
| QMMM: C : M.J.S.DEWAR et al. JACS, 107, 3902, (1985)
| QMMM: O : M.J.S.DEWAR et al. JACS, 107, 3902, (1985)
| QMMM: H : M.J.S.DEWAR et al. JACS, 107, 3902, (1985)

| QMMM: *** SCF convergence criteria ***
| QMMM: Energy change                :  0.1D-09 kcal/mol
| QMMM: Error matrix |FP-PF|         :  0.1D+00 au
| QMMM: Density matrix change        :  0.5D-06
| QMMM: Maximum number of SCF cycles :     1000

| QMMM: *** Diagonalization Routine Information ***
| QMMM: Pseudo diagonalizations are allowed.
| QMMM: Auto diagonalization routine selection is in use.
| QMMM:
| QMMM: Timing diagonalization routines:
| QMMM:                              norbs =      147
| QMMM:    diag iterations used for timing =       10
| QMMM:
| QMMM:              Internal diag routine = 0.044845 seconds
| QMMM:                 Dspev diag routine = 6.124634 seconds
| QMMM:                Dspevd diag routine = 4.345160 seconds
| QMMM:                Dspevx diag routine = 2.723120 seconds
| QMMM:                 Dsyev diag routine = 6.532625 seconds
| QMMM:                Dsyevd diag routine = 2.860726 seconds
| QMMM:                Dsyevr diag routine = 1.085058 seconds
| QMMM:
| QMMM:                Pseudo diag routine = 0.028798 seconds
| QMMM:
| QMMM: Using internal diagonalization routine (diag_routine=1).

  QMMM: QM Region Cartesian Coordinates (*=link atom) 
  QMMM: QM_NO.   MM_NO.  ATOM         X         Y         Z
  QMMM:     1        1      N       42.7180   31.7340   22.8950
  QMMM:     2        2      C       42.7550   33.1750   22.6150
  QMMM:     3        3      C       41.9080   33.9370   23.6330
  QMMM:     4        4      O       40.8830   33.4320   24.0920
  QMMM:     5        5      C       42.3600   33.4680   21.1530
  QMMM:     6        6      C       40.9610   32.9660   20.7500
  QMMM:     7        7      C       40.6160   33.2370   19.2770
  QMMM:     8        8      C       41.3510   32.3430   18.2690
  QMMM:     9        9      N       41.0050   30.9250   18.4510
  QMMM:    10       10      N       42.3510   35.1500   23.9880
  QMMM:    11       11      C       41.7200   35.9950   24.9940
  QMMM:    12       12      C       40.4640   36.6810   24.4390
  QMMM:    13       13      O       40.4960   37.3020   23.3820
  QMMM:    14       14      C       42.7030   37.1000   25.4100
  QMMM:    15       15      C       43.8240   36.6180   26.3430
  QMMM:    16       16      C       44.4170   37.8160   27.0780
  QMMM:    17       17      C       45.4570   37.4980   28.1460
  QMMM:    18       18      N       39.3670   36.6080   25.1950
  QMMM:    19       19      C       38.1150   37.3010   24.9300
  QMMM:    20       20      C       37.8000   38.2470   26.0930
  QMMM:    21       21      O       37.1570   39.2880   25.8440
  QMMM:    22       22      C       36.9990   36.2630   24.7410
  QMMM:    23       23      C       35.8470   36.8510   23.9250
  QMMM:    24       24      C       34.5900   35.9830   23.9330
  QMMM:    25       25      C       33.4540   36.6660   23.1740
  QMMM:    26       26      N       33.7730   36.7210   21.7440
  QMMM:    27       27      O       38.1840   37.9180   27.2340
  QMMM:    28       28      H       33.0130   37.1500   21.2320
  QMMM:    29       29      H       43.1910   31.2300   22.1520
  QMMM:    30       30      H       43.1790   31.5490   23.7740
  QMMM:    31       31      H       41.7610   31.4100   22.9530
  QMMM:    32       32      H       43.7890   33.4840   22.7600
  QMMM:    33       33      H       43.1110   33.0200   20.5020
  QMMM:    34       34      H       42.4170   34.5410   20.9690
  QMMM:    35       35      H       40.2250   33.4680   21.3730
  QMMM:    36       36      H       40.8530   31.9030   20.9670
  QMMM:    37       37      H       40.8280   34.2790   19.0460
  QMMM:    38       38      H       39.5420   33.1090   19.1320
  QMMM:    39       39      H       42.4320   32.4660   18.3380
  QMMM:    40       40      H       41.0640   32.6350   17.2600
  QMMM:    41       41      H       41.4060   30.3750   17.6990
  QMMM:    42       42      H       41.3810   30.6010   19.3320
  QMMM:    43       43      H       40.0000   30.8140   18.4510
  QMMM:    44       44      H       43.1940   35.5010   23.5510
  QMMM:    45       45      H       41.4590   35.3900   25.8630
  QMMM:    46       46      H       42.1410   37.8790   25.9290
  QMMM:    47       47      H       43.1360   37.5940   24.5390
  QMMM:    48       48      H       44.5940   36.0990   25.7720
  QMMM:    49       49      H       43.4320   35.9100   27.0730
  QMMM:    50       50      H       43.5990   38.3390   27.5720
  QMMM:    51       51      H       44.8540   38.4920   26.3430
  QMMM:    52       52      H       45.7330   38.4010   28.6910
  QMMM:    53       53      H       45.0790   36.7770   28.8700
  QMMM:    54       54      H       46.3640   37.1030   27.6940
  QMMM:    55       55      H       39.4200   36.0940   26.0660
  QMMM:    56       56      H       38.2020   37.9020   24.0230
  QMMM:    57       57      H       36.6450   35.9030   25.7090
  QMMM:    58       58      H       37.3850   35.3880   24.2170
  QMMM:    59       59      H       36.1900   37.0120   22.9030
  QMMM:    60       60      H       35.5880   37.8380   24.3010
  QMMM:    61       61      H       34.2860   35.8140   24.9620
  QMMM:    62       62      H       34.7930   35.0020   23.5060
  QMMM:    63       63      H       33.3010   37.6810   23.5370
  QMMM:    64       64      H       32.5170   36.1340   23.3220
  QMMM:    65       65      H       33.9200   35.7830   21.3920
  QMMM:    66       66      H       34.6110   37.2700   21.6030

--------------------------------------------------------------------------------
  RESULTS
--------------------------------------------------------------------------------

      iter         sqm energy              rms gradient
      ----    -------------------    -----------------------
xmin    10     -136.7833 kcal/mol        8.9433 kcal/(mol*A)
xmin    20     -171.7208 kcal/mol        0.7497 kcal/(mol*A)
xmin    30     -190.3112 kcal/mol        1.8410 kcal/(mol*A)
xmin    40     -226.0514 kcal/mol        3.6505 kcal/(mol*A)
xmin    50     -239.0427 kcal/mol        0.7137 kcal/(mol*A)
xmin    60     -239.8256 kcal/mol        0.3069 kcal/(mol*A)
xmin    70     -240.1850 kcal/mol        0.0745 kcal/(mol*A)
xmin    80     -240.2550 kcal/mol        0.0910 kcal/(mol*A)
xmin    90     -240.2733 kcal/mol        0.0355 kcal/(mol*A)
xmin   100     -240.2877 kcal/mol        0.0309 kcal/(mol*A)
xmin   110     -240.2930 kcal/mol        0.0189 kcal/(mol*A)
xmin   120     -240.2965 kcal/mol        0.0058 kcal/(mol*A)
xmin   130     -240.2971 kcal/mol        0.0334 kcal/(mol*A)
xmin   140     -240.2982 kcal/mol        0.0052 kcal/(mol*A)
xmin   150     -240.2986 kcal/mol        0.0026 kcal/(mol*A)
xmin   160     -240.2987 kcal/mol        0.0033 kcal/(mol*A)
xmin   170     -240.2988 kcal/mol        0.0021 kcal/(mol*A)
xmin   180     -240.2988 kcal/mol        0.0011 kcal/(mol*A)
  ... geometry converged !
 
 Final MO eigenvalues (eV):
 -41.2576  -40.5960  -39.5024  -37.9330  -37.6016  -37.0756  -36.7084  -36.1095
 -35.8601  -35.1682  -33.9639  -33.0468  -31.9811  -30.4919  -29.3576  -27.9553
 -26.7724  -25.8487  -24.4675  -24.0198  -23.6235  -22.0703  -21.7742  -21.5353
 -21.4345  -20.9675  -20.4290  -19.2001  -18.7968  -18.1420  -17.6166  -17.4497
 -17.3285  -17.2595  -16.9911  -16.8128  -16.4088  -16.2924  -16.0217  -15.9554
 -15.7704  -15.6930  -15.4132  -15.3278  -15.1716  -14.9876  -14.7506  -14.6670
 -14.4241  -14.4052  -14.3033  -14.1730  -14.0763  -13.5522  -13.5137  -13.2892
 -13.1734  -12.8779  -12.8509  -12.7947  -12.7273  -12.5681  -12.3596  -12.2987
 -12.1227  -11.9916  -11.8876  -11.8689  -11.7668  -11.5828  -11.5004  -11.4111
 -11.3885  -11.3501  -11.1670  -10.4207  -10.1514   -9.8334   -9.8292   -9.6956
   0.8794    1.0070    1.1600    1.5358    1.9219    2.2272    3.0902    3.3013
   3.3369    3.4307    3.4785    3.5037    3.5291    3.5372    3.5586    3.7114
   3.7343    3.7381    3.7877    3.7983    3.8422    3.8678    3.9478    4.0179
   4.0388    4.1094    4.1932    4.2237    4.2334    4.2825    4.3132    4.3705
   4.3823    4.5278    4.5616    4.5971    4.6059    4.6294    4.6960    4.7246
   4.7386    4.8354    4.8859    4.8968    4.9272    4.9426    4.9899    5.0152
   5.0436    5.1019    5.1235    5.1336    5.1736    5.1878    5.1927    5.2383
   5.8871    5.9544    6.0514    6.0867    6.1824    6.1918    6.2213    6.3116
   6.5853    6.7056    6.8644

 Heat of formation   =       -240.29879976 kcal/mol  (      -10.42013788 eV)

 Total SCF energy    =    -119048.54330590 kcal/mol  (    -5162.33221915 eV)
 Electronic energy   =    -977002.86942678 kcal/mol  (   -42366.02356475 eV)
 Core-core repulsion =     857954.32612088 kcal/mol  (    37203.69134560 eV)
 
    Atomic Charges for Step       1 :
  Atom    Element       Mulliken Charge
     1      N                 -0.320
     2      C                 -0.034
     3      C                  0.256
     4      O                 -0.382
     5      C                 -0.158
     6      C                 -0.166
     7      C                 -0.156
     8      C                 -0.079
     9      N                 -0.350
    10      N                 -0.352
    11      C                  0.008
    12      C                  0.281
    13      O                 -0.373
    14      C                 -0.164
    15      C                 -0.157
    16      C                 -0.160
    17      C                 -0.211
    18      N                 -0.371
    19      C                  0.038
    20      C                  0.286
    21      O                 -0.304
    22      C                 -0.168
    23      C                 -0.163
    24      C                 -0.154
    25      C                 -0.079
    26      N                 -0.351
    27      O                 -0.365
    28      H                  0.148
    29      H                 -0.006
    30      H                  0.157
    31      H                  0.158
    32      H                  0.114
    33      H                  0.109
    34      H                  0.084
    35      H                  0.084
    36      H                  0.105
    37      H                  0.088
    38      H                  0.078
    39      H                  0.089
    40      H                  0.038
    41      H                  0.146
    42      H                  0.009
    43      H                  0.141
    44      H                  0.234
    45      H                  0.143
    46      H                  0.094
    47      H                  0.097
    48      H                  0.090
    49      H                  0.086
    50      H                  0.080
    51      H                  0.079
    52      H                  0.074
    53      H                  0.074
    54      H                  0.073
    55      H                  0.241
    56      H                  0.162
    57      H                  0.096
    58      H                  0.101
    59      H                  0.083
    60      H                  0.114
    61      H                  0.082
    62      H                  0.081
    63      H                  0.090
    64      H                  0.039
    65      H                  0.142
    66      H                  0.246
 Total Mulliken Charge =      -0.000
 
                  X        Y        Z     TOTAL  
  QM DIPOLE    -2.836    0.627   -1.271    3.170
 
 Final Structure

  QMMM: QM Region Cartesian Coordinates (*=link atom) 
  QMMM: QM_NO.   MM_NO.  ATOM         X         Y         Z
  QMMM:     1        1      N       43.7702   31.7458   22.9741
  QMMM:     2        2      C       43.4427   33.1187   22.6678
  QMMM:     3        3      C       42.5494   33.7943   23.7405
  QMMM:     4        4      O       41.9210   33.1197   24.5817
  QMMM:     5        5      C       42.7758   33.2896   21.2949
  QMMM:     6        6      C       41.4397   32.5841   21.1925
  QMMM:     7        7      C       40.6024   33.1070   20.0458
  QMMM:     8        8      C       41.1675   32.7601   18.6698
  QMMM:     9        9      N       41.1530   31.3500   18.3634
  QMMM:    10       10      N       42.5368   35.1785   23.7725
  QMMM:    11       11      C       41.6322   35.9111   24.6206
  QMMM:    12       12      C       40.4512   36.5009   23.8024
  QMMM:    13       13      O       40.6015   36.8862   22.6263
  QMMM:    14       14      C       42.2954   37.1009   25.3349
  QMMM:    15       15      C       43.3365   36.6484   26.3340
  QMMM:    16       16      C       43.8818   37.8251   27.1171
  QMMM:    17       17      C       44.9295   37.3876   28.1077
  QMMM:    18       18      N       39.2311   36.5745   24.4408
  QMMM:    19       19      C       38.0743   37.1854   23.8386
  QMMM:    20       20      C       37.6735   38.4416   24.6092
  QMMM:    21       21      O       37.2284   39.4523   23.8180
  QMMM:    22       22      C       36.8513   36.2480   23.8035
  QMMM:    23       23      C       35.8020   36.7782   22.8492
  QMMM:    24       24      C       34.5375   35.9480   22.8807
  QMMM:    25       25      C       33.6508   36.2298   24.0927
  QMMM:    26       26      N       33.0771   37.5539   24.1074
  QMMM:    27       27      O       37.7031   38.6420   25.8263
  QMMM:    28       28      H       32.4233   37.6419   24.8592
  QMMM:    29       29      H       41.6382   29.3852   22.1882
  QMMM:    30       30      H       44.0573   31.6642   23.9311
  QMMM:    31       31      H       42.9783   31.1478   22.8240
  QMMM:    32       32      H       44.4278   33.6791   22.6474
  QMMM:    33       33      H       43.4710   32.8895   20.5093
  QMMM:    34       34      H       42.6470   34.3865   21.0989
  QMMM:    35       35      H       40.8681   32.7283   22.1498
  QMMM:    36       36      H       41.6029   31.4799   21.0662
  QMMM:    37       37      H       40.5276   34.2250   20.1123
  QMMM:    38       38      H       39.5618   32.6975   20.1421
  QMMM:    39       39      H       42.2416   33.1013   18.6212
  QMMM:    40       40      H       40.5930   33.3689   17.9074
  QMMM:    41       41      H       41.4093   31.1983   17.4086
  QMMM:    42       42      H       42.1505   29.2536   21.7656
  QMMM:    43       43      H       40.2503   30.9527   18.5302
  QMMM:    44       44      H       42.8830   35.6745   22.9819
  QMMM:    45       45      H       41.2384   35.1912   25.4025
  QMMM:    46       46      H       41.4902   37.6743   25.8667
  QMMM:    47       47      H       42.7596   37.7903   24.5821
  QMMM:    48       48      H       44.1785   36.1317   25.8030
  QMMM:    49       49      H       42.8850   35.9035   27.0415
  QMMM:    50       50      H       43.0423   38.3371   27.6580
  QMMM:    51       51      H       44.3227   38.5742   26.4074
  QMMM:    52       52      H       45.3170   38.2676   28.6756
  QMMM:    53       53      H       44.5025   36.6571   28.8368
  QMMM:    54       54      H       45.7873   36.8991   27.5852
  QMMM:    55       55      H       39.1582   36.3212   25.3984
  QMMM:    56       56      H       38.3360   37.4901   22.7776
  QMMM:    57       57      H       36.4255   36.1485   24.8360
  QMMM:    58       58      H       37.1771   35.2274   23.4707
  QMMM:    59       59      H       36.2192   36.7657   21.8063
  QMMM:    60       60      H       35.5692   37.8486   23.0980
  QMMM:    61       61      H       34.8023   34.8577   22.8972
  QMMM:    62       62      H       33.9573   36.1360   21.9384
  QMMM:    63       63      H       34.2663   36.1230   25.0316
  QMMM:    64       64      H       32.8597   35.4204   24.1241
  QMMM:    65       65      H       32.6176   37.7592   23.2430
  QMMM:    66       66      H       36.9514   40.2031   24.3700

           --------- Calculation Completed ----------

