
          -------------------------------------------------------
          GBNSR6 2015                       
          -------------------------------------------------------

| Run on 09/26/2021 at 22:11:45
  [-O]verwriting output

File Assignments:
|  MDIN: ../../../scripts/gbnsr6.in                                            
| MDOUT: lig-gb.out                                                            
|INPCRD: ../top_crd/lig.crd                                                    
|  PARM: ../top_crd/lig.top                                                    
|

 Here is the input file:

compute                                                                        
&cntrl                                                                         
inp=1                                                                          
/                                                                              
&gb                                                                            
epsin=1.0, epsout=80, istrng=0, space=0.5,                                     
arcres=0.2, B=0.028, alpb=1, rbornstat=0, cavity_surften=0.005                 
/                                                                              

--------------------------------------------------------------------------------
   1.  RESOURCE   USE: 
--------------------------------------------------------------------------------

| Flags:                                                                        
| New format PARM file being parsed.
| Version =    1.000 Date = 09/26/21 Time = 22:06:37
 NATOM  =      17 NTYPES =       8 NBONH =       7 MBONA  =       9
 NTHETH =      13 MTHETA =      12 NPHIH =      25 MPHIA  =      14
 NHPARM =       0 NPARM  =       0 NNB   =      69 NRES   =       1
 NBONA  =       9 NTHETA =      12 NPHIA =      14 NUMBND =       9
 NUMANG =      15 NPTRA  =      17 NATYP =       8 NPHB   =       0
 IFBOX  =       0 NMXRS  =      17 IFCAP =       0 NEXTRA =       0
 NCOPY  =       0

GB Warning in  gb_read(): B=0 is recommended for molecules with more than 50 atoms

|     Memory Use     Allocated
|     Real                 667
|     Hollerith            105
|     Integer            18637
|     Max Pairs              1
|     Max Rstack             1
|     Max Istack             1
|       Total               78 kbytes

| Note: 1-4 EEL scale factors are being read from the topology file.

--------------------------------------------------------------------------------
   2.  ATOMIC COORDINATES AND VELOCITIES
--------------------------------------------------------------------------------

default_name                                                                    
 begin time read from input coords =     0.000 ps

 Number of triangulated 3-point waters found:        0

--------------------------------------------------------------------------------
   3.  RESULTS
--------------------------------------------------------------------------------

 Cavity solvation energy      1.5971

 NSTEP =        1   TIME(PS) =       0.000  TEMP(K) =     0.00  PRESS =     0.0
 Etot   =      -183.9027  EKtot   =         0.0000  EPtot      =         0.0000
 BOND   =         0.0000  ANGLE   =         0.0000  DIHED      =         0.0000
 1-4 NB =         0.0000  1-4 EEL =       -66.6561  VDWAALS    =         0.0000
 EELEC  =       -74.2768  EGB     =       -44.5669  RESTRAINT  =         0.0000
 ESURF  =         1.5971
 ------------------------------------------------------------------------------



  Maximum number of minimization cycles reached.


                    FINAL RESULTS


 NSTEP =        1   TIME(PS) =       0.000  TEMP(K) =     0.00  PRESS =     0.0
 Etot   =      -183.9027  EKtot   =         0.0000  EPtot      =         0.0000
 BOND   =         0.0000  ANGLE   =         0.0000  DIHED      =         0.0000
 1-4 NB =         0.0000  1-4 EEL =       -66.6561  VDWAALS    =         0.0000
 EELEC  =       -74.2768  EGB     =       -44.5669  RESTRAINT  =         0.0000
 ESURF  =         1.5971
 ------------------------------------------------------------------------------

|           Job began  at 22:11:45.100  on 09/26/2021
|           Setup done at 22:11:45.115  on 09/26/2021
|           Run   done at 22:11:45.122  on 09/26/2021
|     wallclock() was called      72 times
