
          -------------------------------------------------------
          GBNSR6 2015                       
          -------------------------------------------------------

| Run on 09/26/2021 at 22:14:10
  [-O]verwriting output

File Assignments:
|  MDIN: ../../../scripts/gbnsr6.in                                            
| MDOUT: complex-gb.out                                                        
|INPCRD: ../top_crd/complex.crd                                                
|  PARM: ../top_crd/complex.top                                                
|

 Here is the input file:

compute                                                                        
&cntrl                                                                         
inp=1                                                                          
/                                                                              
&gb                                                                            
epsin=1.0, epsout=80, istrng=0, space=0.5,                                     
arcres=0.2, B=0.028, alpb=1, rbornstat=0, cavity_surften=0.005                 
/                                                                              

--------------------------------------------------------------------------------
   1.  RESOURCE   USE: 
--------------------------------------------------------------------------------

| Flags:                                                                        
| New format PARM file being parsed.
| Version =    1.000 Date = 09/26/21 Time = 22:06:44
 NATOM  =    3205 NTYPES =      24 NBONH =    1648 MBONA  =    1587
 NTHETH =    3760 MTHETA =    2152 NPHIH =    7413 MPHIA  =    6867
 NHPARM =       0 NPARM  =       0 NNB   =   17819 NRES   =     199
 NBONA  =    1587 NTHETA =    2152 NPHIA =    6867 NUMBND =      78
 NUMANG =     180 NPTRA  =     204 NATYP =      42 NPHB   =       0
 IFBOX  =       0 NMXRS  =      75 IFCAP =       0 NEXTRA =       0
 NCOPY  =       0


|     Memory Use     Allocated
|     Real              118716
|     Hollerith          19431
|     Integer           171532
|     Max Pairs              1
|     Max Rstack             1
|     Max Istack             1
|       Total             1673 kbytes

| Note: 1-4 EEL scale factors are being read from the topology file.

--------------------------------------------------------------------------------
   2.  ATOMIC COORDINATES AND VELOCITIES
--------------------------------------------------------------------------------

default_name                                                                    
 begin time read from input coords =     0.000 ps

 Number of triangulated 3-point waters found:        0

--------------------------------------------------------------------------------
   3.  RESULTS
--------------------------------------------------------------------------------

 Cavity solvation energy     47.1622

 NSTEP =        1   TIME(PS) =       0.000  TEMP(K) =     0.00  PRESS =     0.0
 Etot   =     -7175.3771  EKtot   =         0.0000  EPtot      =         0.0000
 BOND   =         0.0000  ANGLE   =         0.0000  DIHED      =         0.0000
 1-4 NB =         0.0000  1-4 EEL =      8828.1650  VDWAALS    =         0.0000
 EELEC  =    -14133.4049  EGB     =     -1917.2993  RESTRAINT  =         0.0000
 ESURF  =        47.1622
 ------------------------------------------------------------------------------



  Maximum number of minimization cycles reached.


                    FINAL RESULTS


 NSTEP =        1   TIME(PS) =       0.000  TEMP(K) =     0.00  PRESS =     0.0
 Etot   =     -7175.3771  EKtot   =         0.0000  EPtot      =         0.0000
 BOND   =         0.0000  ANGLE   =         0.0000  DIHED      =         0.0000
 1-4 NB =         0.0000  1-4 EEL =      8828.1650  VDWAALS    =         0.0000
 EELEC  =    -14133.4049  EGB     =     -1917.2993  RESTRAINT  =         0.0000
 ESURF  =        47.1622
 ------------------------------------------------------------------------------

|           Job began  at 22:14:10.721  on 09/26/2021
|           Setup done at 22:14:10.755  on 09/26/2021
|           Run   done at 22:14:12.798  on 09/26/2021
|     wallclock() was called      72 times
