
          -------------------------------------------------------
          GBNSR6 2015                       
          -------------------------------------------------------

| Run on 09/26/2021 at 22:14:08
  [-O]verwriting output

File Assignments:
|  MDIN: ../../../scripts/gbnsr6.in                                            
| MDOUT: pro-gb.out                                                            
|INPCRD: ../top_crd/pro.crd                                                    
|  PARM: ../top_crd/pro.top                                                    
|

 Here is the input file:

compute                                                                        
&cntrl                                                                         
inp=1                                                                          
/                                                                              
&gb                                                                            
epsin=1.0, epsout=80, istrng=0, space=0.5,                                     
arcres=0.2, B=0.028, alpb=1, rbornstat=0, cavity_surften=0.005                 
/                                                                              

--------------------------------------------------------------------------------
   1.  RESOURCE   USE: 
--------------------------------------------------------------------------------

| Flags:                                                                        
| New format PARM file being parsed.
| Version =    1.000 Date = 09/26/21 Time = 22:06:44
 NATOM  =    3130 NTYPES =      14 NBONH =    1614 MBONA  =    1542
 NTHETH =    3686 MTHETA =    2090 NPHIH =    7264 MPHIA  =    6770
 NHPARM =       0 NPARM  =       0 NNB   =   17408 NRES   =     198
 NBONA  =    1542 NTHETA =    2090 NPHIA =    6770 NUMBND =      66
 NUMANG =     158 NPTRA  =     192 NATYP =      32 NPHB   =       0
 IFBOX  =       0 NMXRS  =      24 IFCAP =       0 NEXTRA =       0
 NCOPY  =       0


|     Memory Use     Allocated
|     Real              115929
|     Hollerith          18980
|     Integer           167965
|     Max Pairs              1
|     Max Rstack             1
|     Max Istack             1
|       Total             1635 kbytes

| Note: 1-4 EEL scale factors are being read from the topology file.

--------------------------------------------------------------------------------
   2.  ATOMIC COORDINATES AND VELOCITIES
--------------------------------------------------------------------------------

default_name                                                                    
 begin time read from input coords =     0.000 ps

 Number of triangulated 3-point waters found:        0

--------------------------------------------------------------------------------
   3.  RESULTS
--------------------------------------------------------------------------------

 Cavity solvation energy     48.9985

 NSTEP =        1   TIME(PS) =       0.000  TEMP(K) =     0.00  PRESS =     0.0
 Etot   =     -7116.9922  EKtot   =         0.0000  EPtot      =         0.0000
 BOND   =         0.0000  ANGLE   =         0.0000  DIHED      =         0.0000
 1-4 NB =         0.0000  1-4 EEL =      8758.3795  VDWAALS    =         0.0000
 EELEC  =    -13895.4728  EGB     =     -2028.8974  RESTRAINT  =         0.0000
 ESURF  =        48.9985
 ------------------------------------------------------------------------------



  Maximum number of minimization cycles reached.


                    FINAL RESULTS


 NSTEP =        1   TIME(PS) =       0.000  TEMP(K) =     0.00  PRESS =     0.0
 Etot   =     -7116.9922  EKtot   =         0.0000  EPtot      =         0.0000
 BOND   =         0.0000  ANGLE   =         0.0000  DIHED      =         0.0000
 1-4 NB =         0.0000  1-4 EEL =      8758.3795  VDWAALS    =         0.0000
 EELEC  =    -13895.4728  EGB     =     -2028.8974  RESTRAINT  =         0.0000
 ESURF  =        48.9985
 ------------------------------------------------------------------------------

|           Job began  at 22:14:08.528  on 09/26/2021
|           Setup done at 22:14:08.561  on 09/26/2021
|           Run   done at 22:14:10.549  on 09/26/2021
|     wallclock() was called      72 times
