
          -------------------------------------------------------
          PBSA VERSION 2019                       UC Irvine
          -------------------------------------------------------

| Run on 09/26/2021 at 23:36:04
  [-O]verwriting output

File Assignments:
|  MDIN: ../../../scripts/pbsa.in                                              
| MDOUT: lig-pb.out                                                            
|INPCRD: ../top_crd/lig.crd                                                    
|  PARM: ../top_crd/lig.top                                                    
|

 Here is the input file:

Sample single point PB calculation                                             
&cntrl                                                                         
ipb=1, inp=1                                                                   
/                                                                              
&pb                                                                            
npbverb=1, fillratio=1.5, saopt=1, radiopt=0, epsin=1.0, epsout=80             
/                                                                              
 PBSA Warning in pb_read(): sprob=0.557 is optimized for inp=2 and  should not be used with inp=1. It has been reset to 1.4.
 PBSA Warning in pb_read(): cavity_surften=0.0378 is optimized for inp=2  and should not be used with inp=1. It has been reset to 0.005000.
 PBSA Warning in pb_read(): cavity_offset=-0.5692 is optimized for inp=2  and should not be used with inp=1. It has been reset to 0.000.

--------------------------------------------------------------------------------
   1.  RESOURCE   USE: 
--------------------------------------------------------------------------------

| Flags:                                                                        
| New format PARM file being parsed.
| Version =    1.000 Date = 09/26/21 Time = 22:06:55
 NATOM  =      54 NTYPES =       9 NBONH =      31 MBONA  =      22
 NTHETH =      73 MTHETA =      26 NPHIH =     120 MPHIA  =      52
 NHPARM =       0 NPARM  =       0 NNB   =     290 NRES   =       1
 NBONA  =      22 NTHETA =      26 NPHIA =      52 NUMBND =      11
 NUMANG =      25 NPTRA  =      31 NATYP =       9 NPHB   =       0
 IFBOX  =       0 NMXRS  =      54 IFCAP =       0 NEXTRA =       0
 NCOPY  =       0


|     Memory Use     Allocated
|     Real                2036
|     Hollerith            165
|     Integer            22296
|     Max Pairs              1
|     Max Rstack             1
|     Max Istack             1
|       Total              103 kbytes

--------------------------------------------------------------------------------
   2.  CONTROL  DATA  FOR  THE  RUN
--------------------------------------------------------------------------------

default_name                                                                    

General flags:
     imin    =       1, nmropt  =       0

Nature and format of input:
     ntx     =       1, irest   =       0, ntrx    =       1

Nature and format of output:
     ntxo    =       1, ntpr    =      50, ntrx    =       1, ntwr    =     500
     iwrap   =       0, ntwx    =       0, ntwv    =       0, ntwe    =       0
     ioutfm  =       0, ntwprt  =       0, idecomp =       0, rbornstat=      0

Potential function:
     ntf     =       1, ntb     =       1, ipb     =       1, nsnb    =      25
     ipol    =       0, gbsa    =       0, iesp    =       0
     dielc   =   1.00000, cut     =   8.00000, intdiel =   1.00000

Frozen or restrained atoms:
     ibelly  =       0, ntr     =       0

Energy minimization:
     maxcyc  =       1, ncyc    =      10, ntmin   =       1
     dx0     =   0.01000, drms    =   0.00010

======== Implicit Solvent Initialization ========

     Max Nonbonded Pairs:     1458     1458

 no. of atoms processed in PB initialization:    54
  NUM  RESI  NAME  TYPE    CHARGE ATM CRG/H   GRP CRG   PB RADI   NP RADI
    1  LIG   NZ    n4   -1.122600 -0.227199 -0.020999  1.550000  1.249753
    2  LIG   HZ1   hn    0.298467  0.298467  0.298467  1.300000  0.553248
    3  LIG   HZ2   hn    0.298467  0.298467  0.298467  1.300000  0.553248
    4  LIG   HZ3   hn    0.298467  0.298467  0.298467  1.300000  0.553248
    5  LIG   CE    c3    0.157800  0.206200 -0.009999  1.700000  1.698855
    6  LIG   HE1   hx    0.024200  0.024200  0.024200  1.300000  0.943729
    7  LIG   HE2   hx    0.024200  0.024200  0.024200  1.300000  0.943729
    8  LIG   CD    c3   -0.077400  0.011000  0.240200  1.700000  1.698855
    9  LIG   HD1   hc    0.044200  0.044200  0.044200  1.300000  1.300089
   10  LIG   HD2   hc    0.044200  0.044200  0.044200  1.300000  1.300089
   11  LIG   CG    c3   -0.087400  0.023000  0.070000  1.700000  1.698855
   12  LIG   HG1   hc    0.055200  0.055200  0.055200  1.300000  1.300089
   13  LIG   HG2   hc    0.055200  0.055200  0.055200  1.300000  1.300089
   14  LIG   CB    c3   -0.079400  0.036000  0.248200  1.700000  1.698855
   15  LIG   HB1   hc    0.057700  0.057700  0.057700  1.300000  1.300089
   16  LIG   HB2   hc    0.057700  0.057700  0.057700  1.300000  1.300089
   17  LIG   CA    c3    0.113500  0.189200  0.678099  1.700000  1.698855
   18  LIG   N     n4   -1.092600 -0.153201  0.035999  1.550000  1.249753
   19  LIG   H1    hn    0.313133  0.313133  0.313133  1.300000  0.553248
   20  LIG   H2    hn    0.313133  0.313133  0.313133  1.300000  0.553248
   21  LIG   H3    hn    0.313133  0.313133  0.313133  1.300000  0.553248
   22  LIG   HA    hx    0.075700  0.075700  0.075700  1.300000  0.943729
   23  LIG   C     c     0.606100  0.606100 -0.038200  1.700000  1.657606
   24  LIG   O     o    -0.616100 -0.616100 -0.010000  1.500000  1.524060
   25  LIG   N1    n    -0.537900 -0.217400  0.578100  1.550000  1.590432
   26  LIG   HN1   hn    0.320500  0.320500  0.320500  1.300000  0.553248
   27  LIG   C1    c3    0.011000  0.189400  0.608100  1.700000  1.698855
   28  LIG   H11   h1    0.089200  0.089200  0.089200  1.300000  1.210999
   29  LIG   H12   h1    0.089200  0.089200  0.089200  1.300000  1.210999
   30  LIG   C3    c     0.636100  0.636100 -0.024000  1.700000  1.657606
   31  LIG   O1    o    -0.613100 -0.613100  0.023000  1.500000  1.524060
   32  LIG   N2    n    -0.563900 -0.236400  0.589100  1.550000  1.590432
   33  LIG   HN2   hn    0.327500  0.327500  0.327500  1.300000  0.553248
   34  LIG   C2    c3    0.065700  0.189400  0.849600  1.700000  1.698855
   35  LIG   C4    c     0.867600  0.867600 -0.141600  1.700000  1.657606
   36  LIG   O2    o    -0.599300 -0.599300  0.268300  1.500000  1.524060
   37  LIG   OXT   o    -0.599300 -0.599300  0.268300  1.500000  1.524060
   38  LIG   H4    h1    0.123700  0.123700  0.123700  1.300000  1.210999
   39  LIG   C5    c3   -0.089400  0.029000  0.252400  1.700000  1.698855
   40  LIG   H51   hc    0.059200  0.059200  0.059200  1.300000  1.300089
   41  LIG   H52   hc    0.059200  0.059200  0.059200  1.300000  1.300089
   42  LIG   C6    c3   -0.084400  0.034000  0.073000  1.700000  1.698855
   43  LIG   H61   hc    0.059200  0.059200  0.059200  1.300000  1.300089
   44  LIG   H62   hc    0.059200  0.059200  0.059200  1.300000  1.300089
   45  LIG   C7    c3   -0.075400  0.010000  0.252200  1.700000  1.698855
   46  LIG   H71   hc    0.042700  0.042700  0.042700  1.300000  1.300089
   47  LIG   H72   hc    0.042700  0.042700  0.042700  1.300000  1.300089
   48  LIG   C8    c3    0.157800  0.208200  0.245001  1.700000  1.698855
   49  LIG   H81   hx    0.025200  0.025200  0.025200  1.300000  0.943729
   50  LIG   H82   hx    0.025200  0.025200  0.025200  1.300000  0.943729
   51  LIG   N3    n4   -1.123600  0.026801  0.235001  1.550000  1.249753
   52  LIG   H29   hn    0.383467  0.383467  0.383467  1.300000  0.553248
   53  LIG   H31   hn    0.383467  0.383467  0.383467  1.300000  0.553248
   54  LIG   H32   hn    0.383467  0.383467  0.383467  1.300000  0.553248

 total system charges (+/-) for PB        0.0000        7.3618       -7.3618
 cavity_surften =        0.0050 cavity_offset =        0.0000

   SAS Surface: surface dots generated:    366

--------------------------------------------------------------------------------
   3.  ATOMIC COORDINATES AND VELOCITIES
--------------------------------------------------------------------------------

default_name                                                                    
 begin time read from input coords =     0.000 ps

 Number of triangulated 3-point waters found:        0

--------------------------------------------------------------------------------
   4.  RESULTS
--------------------------------------------------------------------------------

  NB-update: atom-based nb list     1125


======== Setting up Grid Parameters ========
Using bounding box for grid setup
 Bounding Box at level:           2
 Bounding Box Center:      54.500     3.500    89.000
 Xmin, Xmax, Xmax-Xmin:    48.257    60.413    12.156
 Ymin, Ymax, Ymax-Ymin:    -2.052     9.474    11.526
 Zmin, Zmax, Zmax-Zmin:    82.036    96.291    14.255
 Grid dimension at level     2    43   41   47
 Grid origin corrected at level     2     43.500    -7.000    77.000
 Bounding Box at level:           1
 Bounding Box Center:      54.500     3.500    89.000
 Xmin, Xmax, Xmax-Xmin:    48.257    60.413    12.156
 Ymin, Ymax, Ymax-Ymin:    -2.052     9.474    11.526
 Zmin, Zmax, Zmax-Zmin:    82.036    96.291    14.255
PB Warn in setgrd(): focusing grid too large    2
 fillratio is automatically increased to 2.500
 Grid dimension at level     1     9    9   11
 Grid origin corrected at level     1     34.500   -16.500    65.000
------- VMD goodie --------
#First Level Geometric Box
draw materials off
draw color green
draw line "   34.500  -16.500   65.000" "   70.500  -16.500   65.000"
draw line "   34.500  -16.500   65.000" "   34.500   19.500   65.000"
draw line "   34.500  -16.500   65.000" "   34.500  -16.500  109.000"
draw line "   70.500  -16.500   65.000" "   70.500   19.500   65.000"
draw line "   70.500  -16.500   65.000" "   70.500  -16.500  109.000"
draw line "   34.500   19.500   65.000" "   70.500   19.500   65.000"
draw line "   34.500   19.500   65.000" "   34.500   19.500  109.000"
draw line "   34.500  -16.500  109.000" "   70.500  -16.500  109.000"
draw line "   34.500  -16.500  109.000" "   34.500   19.500  109.000"
draw line "   70.500   19.500  109.000" "   70.500   19.500   65.000"
draw line "   70.500   19.500  109.000" "   34.500   19.500  109.000"
draw line "   70.500   19.500  109.000" "   70.500  -16.500  109.000"
#2nd Level Geometric Box
draw color blue
draw line "   43.500   -7.000   77.000" "   65.500   -7.000   77.000"
draw line "   43.500   -7.000   77.000" "   43.500   14.000   77.000"
draw line "   43.500   -7.000   77.000" "   43.500   -7.000  101.000"
draw line "   65.500   -7.000   77.000" "   65.500   14.000   77.000"
draw line "   65.500   -7.000   77.000" "   65.500   -7.000  101.000"
draw line "   43.500   14.000   77.000" "   65.500   14.000   77.000"
draw line "   43.500   14.000   77.000" "   43.500   14.000  101.000"
draw line "   43.500   -7.000  101.000" "   65.500   -7.000  101.000"
draw line "   43.500   -7.000  101.000" "   43.500   14.000  101.000"
draw line "   65.500   14.000  101.000" "   65.500   14.000   77.000"
draw line "   65.500   14.000  101.000" "   43.500   14.000  101.000"
draw line "   65.500   14.000  101.000" "   65.500   -7.000  101.000"
--- End VMD goodie --------

======== Setting up Solvent Accessibility Data ========
Setting up working radii
Number of SA srf points exposed  2604
 Number of SA arcs generated   660
 Number of SA arc points exposed        1246 Number of trimer arc points exposed         106
 with resolution (A) = .250000E+00

Atomic solvent accessible surface area:
           1    0.2987946455504
           2   29.2847936833480
           3   13.2657612411747
           4   23.2776565175330
           5    0.3299530644918
           6   17.0202219698091
           7   25.7806303366226
           8    0.0000000000000
           9   20.5243853165345
          10   20.5243853165345
          11    0.0000000000000
          12    6.7580293115418
          13    5.7568397839060
          14    0.0000000000000
          15   10.0118952763583
          16   12.5148690954479
          17    0.0000000000000
          18    0.2987946455504
          19   27.0321172461674
          20   13.2657612411747
          21   18.2717088793539
          22   15.7687350602643
          23    1.6497653224589
          24   17.9026146604895
          25    2.6891518099540
          26   16.7699245879001
          27    0.3299530644918
          28   27.0321172461674
          29   17.7711141155360
          30    2.3096714514425
          31   24.2551553464697
          32    0.8963839366513
          33   10.7627874220852
          34    0.0000000000000
          35    5.2792490318685
          36   38.4039959652436
          37   37.2489885677927
          38    8.0095162210866
          39    0.0000000000000
          40   15.0178429145374
          41    7.0083266934508
          42    0.0000000000000
          43   11.2633821859031
          44    3.7544607286344
          45    0.0000000000000
          46   20.7746826984435
          47   20.5243853165345
          48    0.0000000000000
          49   22.0261696079882
          50   27.0321172461674
          51    0.0000000000000
          52   29.7853884471659
          53   24.5291434270778
          54   17.5208167336270

 ======== FDPB Summary ========

 Do FDPB every           1 steps
 Nonbonded Update
   residue cutoff is set to   99.9000000000000
   fdpb cutoff is set to    5.0000000000000
   sas cutoff is set to    9.0000000000000
   nonbonded cutoff is set to    0.0000000000000
 Grid Constants
   Grid dimension       9       9      11
   Grid spacing set to     4.000
   Grid boundary
        34.500    74.500
       -16.500    23.500
        65.000   113.000

 Dielectric Map
   Use cavity radii in the prmtop file

   Use probe-based SES definition
     Compute SAS/SAR every           1 steps
     Solvent probe radius   1.40000000000000
     Surface dots per atom     366
     Buried atom radii increment   0.79800000000000
     Threshhold for exposed atom   0.08000000000000
     Current SAS 670.53243738053118

 Boundary conditions
   sum of grid charges as independent DH spheres

 Physical constants
   Solute dielectric constant  :   1.00000000000000
   Solvent dielectric constant :   80.0000000000000
   Temperature (K)             :   300.000000000000
   Ionic strength (mM)         :   0.00000000000000
   Debye-Huckel parameter (1/A):   0.00000000000000

FD Solver Option
   Use Modified ICCG solver

 Iteration data
   Maximum iterations  :         100
   Convergence criteria:  1.000000000000000E-03
   Iterations required        :     6
   Norm of the constant vector:       116.9635084551
   Norm of the residual vector:      0.0397303937410
   Convergence achieved       :  3.3968195949113568E-04

 Total molecular surface    379.2089

 ======== FDPB Summary ========

 Do FDPB every           1 steps
 Nonbonded Update
   residue cutoff is set to   99.9000000000000
   fdpb cutoff is set to    5.0000000000000
   sas cutoff is set to    9.0000000000000
   nonbonded cutoff is set to    0.0000000000000
 Grid Constants
   Grid dimension      43      41      47
   Grid spacing set to     0.500
   Grid boundary
        43.500    65.500
        -7.000    14.000
        77.000   101.000

 Dielectric Map
   Use cavity radii in the prmtop file

   Use probe-based SES definition
     Compute SAS/SAR every           1 steps
     Solvent probe radius   1.40000000000000
     Surface dots per atom     366
     Buried atom radii increment   0.79800000000000
     Threshhold for exposed atom   0.08000000000000
     Current SAS 670.53243738053118

 Boundary conditions
   sum of grid charges as independent DH spheres

 Physical constants
   Solute dielectric constant  :   1.00000000000000
   Solvent dielectric constant :   80.0000000000000
   Temperature (K)             :   300.000000000000
   Ionic strength (mM)         :   0.00000000000000
   Debye-Huckel parameter (1/A):   0.00000000000000

FD Solver Option
   Use Modified ICCG solver

 Iteration data
   Maximum iterations  :         100
   Convergence criteria:  1.000000000000000E-03
   Iterations required        :    13
   Norm of the constant vector:     50335.7484667915
   Norm of the residual vector:     40.5190467833151
   Convergence achieved       :  8.0497554953507997E-04

 Total surface charge      -0.0001
 Reaction field energy    -34.7471
 Nonpolar SAS/SAV    670.5324      0.0000
 Cavity solvation energy      3.3527

 NSTEP =        1   TIME(PS) =       0.000  TEMP(K) =     0.00  PRESS =     0.0
 Etot   =      -347.0570  EKtot   =         0.0000  EPtot      =         0.0000
 BOND   =         0.0000  ANGLE   =         0.0000  DIHED      =         0.0000
 1-4 NB =         0.0000  1-4 EEL =         0.0000  VDWAALS    =        -7.9891
 EELEC  =      -307.6735  EPB     =       -34.7471  RESTRAINT  =         0.0000
 ECAVITY=         3.3527  EDISPER =         0.0000
 ------------------------------------------------------------------------------



  Maximum number of minimization cycles reached.


                    FINAL RESULTS


 NSTEP =        1   TIME(PS) =       0.000  TEMP(K) =     0.00  PRESS =     0.0
 Etot   =      -347.0570  EKtot   =         0.0000  EPtot      =         0.0000
 BOND   =         0.0000  ANGLE   =         0.0000  DIHED      =         0.0000
 1-4 NB =         0.0000  1-4 EEL =         0.0000  VDWAALS    =        -7.9891
 EELEC  =      -307.6735  EPB     =       -34.7471  RESTRAINT  =         0.0000
 ECAVITY=         3.3527  EDISPER =         0.0000
 ------------------------------------------------------------------------------


--------------------------------------------------------------------------------
   5.  TIMINGS
--------------------------------------------------------------------------------

| Total time                     0.06
| Read prm/crd time              0.01
| Force time                     0.05
| Nonbond force                  0.05
| PB Nonbond                     0.05
| PB NB list                     0.00
| PB Sasa                        0.00
| PB FD force                    0.05
| PB Set linear sys              0.02
| PB Solver                      0.03
| PB SA srf                      0.00
| PB SA arc                      0.00
| PB circle                      0.00
| PB exclude                     0.00
| PB exmol                       0.02
| PB exmol setup                 0.00
| PB exmol part b                0.00
| PB exmol part e                0.00
| PB exmol part f                0.01
| PB epsmap                      0.00
|           Job began  at 23:36:04.044  on 09/26/2021
|           Setup done at 23:36:04.053  on 09/26/2021
|           Run   done at 23:36:04.105  on 09/26/2021
|     wallclock() was called     110 times
