
          -------------------------------------------------------
          GBNSR6 2015                       
          -------------------------------------------------------

| Run on 09/26/2021 at 22:14:55
  [-O]verwriting output

File Assignments:
|  MDIN: ../../../scripts/gbnsr6.in                                            
| MDOUT: complex-gb.out                                                        
|INPCRD: ../top_crd/complex.crd                                                
|  PARM: ../top_crd/complex.top                                                
|

 Here is the input file:

compute                                                                        
&cntrl                                                                         
inp=1                                                                          
/                                                                              
&gb                                                                            
epsin=1.0, epsout=80, istrng=0, space=0.5,                                     
arcres=0.2, B=0.028, alpb=1, rbornstat=0, cavity_surften=0.005                 
/                                                                              

--------------------------------------------------------------------------------
   1.  RESOURCE   USE: 
--------------------------------------------------------------------------------

| Flags:                                                                        
| New format PARM file being parsed.
| Version =    1.000 Date = 09/26/21 Time = 22:06:48
 NATOM  =    7320 NTYPES =      25 NBONH =    3595 MBONA  =    3827
 NTHETH =    8164 MTHETA =    5233 NPHIH =   16836 MPHIA  =   16775
 NHPARM =       0 NPARM  =       0 NNB   =   40540 NRES   =     479
 NBONA  =    3827 NTHETA =    5233 NPHIA =   16775 NUMBND =      79
 NUMANG =     183 NPTRA  =     211 NATYP =      43 NPHB   =       0
 IFBOX  =       0 NMXRS  =      30 IFCAP =       0 NEXTRA =       0
 NCOPY  =       0


|     Memory Use     Allocated
|     Real              271187
|     Hollerith          44401
|     Integer           371241
|     Max Pairs              1
|     Max Rstack             1
|     Max Istack             1
|       Total             3742 kbytes

| Note: 1-4 EEL scale factors are being read from the topology file.

--------------------------------------------------------------------------------
   2.  ATOMIC COORDINATES AND VELOCITIES
--------------------------------------------------------------------------------

default_name                                                                    
 begin time read from input coords =     0.000 ps

 Number of triangulated 3-point waters found:        0

--------------------------------------------------------------------------------
   3.  RESULTS
--------------------------------------------------------------------------------

 Cavity solvation energy     98.8060

 NSTEP =        1   TIME(PS) =       0.000  TEMP(K) =     0.00  PRESS =     0.0
 Etot   =    -15546.2482  EKtot   =         0.0000  EPtot      =         0.0000
 BOND   =         0.0000  ANGLE   =         0.0000  DIHED      =         0.0000
 1-4 NB =         0.0000  1-4 EEL =     22429.1265  VDWAALS    =         0.0000
 EELEC  =    -31696.8482  EGB     =     -6377.3325  RESTRAINT  =         0.0000
 ESURF  =        98.8060
 ------------------------------------------------------------------------------



  Maximum number of minimization cycles reached.


                    FINAL RESULTS


 NSTEP =        1   TIME(PS) =       0.000  TEMP(K) =     0.00  PRESS =     0.0
 Etot   =    -15546.2482  EKtot   =         0.0000  EPtot      =         0.0000
 BOND   =         0.0000  ANGLE   =         0.0000  DIHED      =         0.0000
 1-4 NB =         0.0000  1-4 EEL =     22429.1265  VDWAALS    =         0.0000
 EELEC  =    -31696.8482  EGB     =     -6377.3325  RESTRAINT  =         0.0000
 ESURF  =        98.8060
 ------------------------------------------------------------------------------

|           Job began  at 22:14:55.102  on 09/26/2021
|           Setup done at 22:14:55.170  on 09/26/2021
|           Run   done at 22:15:01.426  on 09/26/2021
|     wallclock() was called      72 times
