
          -------------------------------------------------------
          GBNSR6 2015                       
          -------------------------------------------------------

| Run on 11/07/2021 at 11:48:59
  [-O]verwriting output

File Assignments:
|  MDIN: ../scripts/gbnsr6.in                                                  
| MDOUT: complex-gb-radii.out                                                  
|INPCRD: complex.crd                                                           
|  PARM: complex.prmtop                                                        
|

 Here is the input file:

compute                                                                        
&cntrl                                                                         
inp=1                                                                          
/                                                                              
&gb                                                                            
epsin=1.0, epsout=80, istrng=0, space=0.5,                                     
arcres=0.2, B=0.028, alpb=1, rbornstat=1, cavity_surften=0.005                 
/                                                                              

--------------------------------------------------------------------------------
   1.  RESOURCE   USE: 
--------------------------------------------------------------------------------

| Flags:                                                                        
| New format PARM file being parsed.
| Version =    1.000 Date = 08/29/21 Time = 13:42:30
 NATOM  =     169 NTYPES =       9 NBONH =      83 MBONA  =      92
 NTHETH =     192 MTHETA =     134 NPHIH =     345 MPHIA  =     265
 NHPARM =       0 NPARM  =       0 NNB   =    1001 NRES   =       8
 NBONA  =      92 NTHETA =     134 NPHIA =     265 NUMBND =      10
 NUMANG =      19 NPTRA  =      28 NATYP =      14 NPHB   =       0
 IFBOX  =       1 NMXRS  =      22 IFCAP =       0 NEXTRA =       0
 NCOPY  =       0


|     Memory Use     Allocated
|     Real                6312
|     Hollerith           1024
|     Integer            25722
|     Max Pairs              1
|     Max Rstack             1
|     Max Istack             1
|       Total              153 kbytes

| Note: 1-4 EEL scale factors are being read from the topology file.

     BOX TYPE: RECTILINEAR

--------------------------------------------------------------------------------
   2.  ATOMIC COORDINATES AND VELOCITIES
--------------------------------------------------------------------------------

Cpptraj Generated Restart                                                       
 begin time read from input coords =   551.000 ps

 Number of triangulated 3-point waters found:        0

--------------------------------------------------------------------------------
   3.  RESULTS
--------------------------------------------------------------------------------

Print:    Atom number      Inverse Effective Born Radii
rinv           1            0.35694637
rinv           2            0.56652974
rinv           3            0.32275006
rinv           4            0.38831405
rinv           5            0.60278556
rinv           6            0.54634591
rinv           7            0.85062313
rinv           8            0.35755640
rinv           9            0.48223300
rinv          10            0.52852757
rinv          11            0.85336628
rinv          12            0.31241721
rinv          13            0.49615808
rinv          14            0.29934021
rinv          15            0.30237875
rinv          16            0.42224979
rinv          17            0.41902086
rinv          18            0.49811648
rinv          19            0.59858752
rinv          20            0.55896588
rinv          21            0.88282533
rinv          22            0.34795112
rinv          23            0.55361340
rinv          24            0.30634350
rinv          25            0.39445581
rinv          26            0.60180543
rinv          27            0.53959706
rinv          28            0.75562122
rinv          29            0.36958439
rinv          30            0.49892493
rinv          31            0.55750728
rinv          32            0.83311733
rinv          33            0.32335779
rinv          34            0.51249188
rinv          35            0.29610617
rinv          36            0.28118063
rinv          37            0.40883118
rinv          38            0.40946955
rinv          39            0.50123389
rinv          40            0.59368389
rinv          41            0.55587716
rinv          42            0.92292778
rinv          43            0.35691440
rinv          44            0.56872374
rinv          45            0.27873087
rinv          46            0.38467015
rinv          47            0.59619906
rinv          48            0.53702706
rinv          49            0.62579842
rinv          50            0.36131885
rinv          51            0.47172825
rinv          52            0.53474654
rinv          53            0.87380351
rinv          54            0.31080860
rinv          55            0.49202957
rinv          56            0.28790325
rinv          57            0.25114374
rinv          58            0.42131731
rinv          59            0.39589090
rinv          60            0.44995210
rinv          61            0.58757876
rinv          62            0.56337753
rinv          63            0.84308910
rinv          64            0.35301784
rinv          65            0.56297007
rinv          66            0.27126959
rinv          67            0.39126251
rinv          68            0.61195061
rinv          69            0.53350023
rinv          70            0.52324510
rinv          71            0.35458272
rinv          72            0.47172023
rinv          73            0.53322989
rinv          74            0.87730114
rinv          75            0.31543568
rinv          76            0.51670947
rinv          77            0.30198455
rinv          78            0.25696611
rinv          79            0.43690125
rinv          80            0.40927445
rinv          81            0.46298405
rinv          82            0.59916062
rinv          83            0.57114610
rinv          84            0.96247964
rinv          85            0.35501799
rinv          86            0.56718939
rinv          87            0.27271435
rinv          88            0.38714081
rinv          89            0.59726648
rinv          90            0.53780525
rinv          91            0.54405416
rinv          92            0.33333645
rinv          93            0.37912882
rinv          94            0.51832887
rinv          95            0.88520059
rinv          96            0.30963076
rinv          97            0.51702754
rinv          98            0.29383739
rinv          99            0.26603460
rinv         100            0.42488567
rinv         101            0.41039159
rinv         102            0.46336645
rinv         103            0.59926845
rinv         104            0.55612945
rinv         105            0.88094325
rinv         106            0.36146132
rinv         107            0.55949222
rinv         108            0.27059353
rinv         109            0.39635885
rinv         110            0.61489599
rinv         111            0.53464471
rinv         112            0.53758740
rinv         113            0.34013366
rinv         114            0.38186679
rinv         115            0.53121051
rinv         116            0.88031341
rinv         117            0.31556016
rinv         118            0.52011987
rinv         119            0.30880819
rinv         120            0.28095035
rinv         121            0.44703348
rinv         122            0.41335815
rinv         123            0.48241600
rinv         124            0.61052198
rinv         125            0.54298511
rinv         126            0.62605052
rinv         127            0.35882958
rinv         128            0.57692173
rinv         129            0.28500785
rinv         130            0.39187225
rinv         131            0.58744885
rinv         132            0.54081029
rinv         133            0.53768950
rinv         134            0.33684483
rinv         135            0.39209224
rinv         136            0.51902154
rinv         137            0.86089054
rinv         138            0.30157078
rinv         139            0.49655062
rinv         140            0.31269760
rinv         141            0.37632408
rinv         142            0.44254139
rinv         143            0.42550678
rinv         144            0.53208735
rinv         145            0.62111781
rinv         146            0.55204770
rinv         147            0.91645254
rinv         148            0.46114829
rinv         149            0.58715266
rinv         150            0.59691144
rinv         151            0.35960522
rinv         152            0.45620094
rinv         153            0.49388002
rinv         154            0.30596880
rinv         155            0.45905903
rinv         156            0.37314610
rinv         157            0.24545863
rinv         158            0.33197362
rinv         159            0.23731714
rinv         160            0.23365518
rinv         161            0.24002366
rinv         162            0.23327151
rinv         163            0.34123786
rinv         164            0.44368918
rinv         165            0.47686001
rinv         166            0.42777701
rinv         167            0.50741766
rinv         168            0.65473198
rinv         169            0.47795900

 Cavity solvation energy      5.7662

 NSTEP =        1   TIME(PS) =       0.000  TEMP(K) =     0.00  PRESS =     0.0
 Etot   =      -168.6486  EKtot   =         0.0000  EPtot      =         0.0000
 BOND   =         0.0000  ANGLE   =         0.0000  DIHED      =         0.0000
 1-4 NB =         0.0000  1-4 EEL =       504.7287  VDWAALS    =         0.0000
 EELEC  =      -505.7685  EGB     =      -173.3749  RESTRAINT  =         0.0000
 ESURF  =         5.7662
 ------------------------------------------------------------------------------



  Maximum number of minimization cycles reached.


                    FINAL RESULTS


 NSTEP =        1   TIME(PS) =       0.000  TEMP(K) =     0.00  PRESS =     0.0
 Etot   =      -168.6486  EKtot   =         0.0000  EPtot      =         0.0000
 BOND   =         0.0000  ANGLE   =         0.0000  DIHED      =         0.0000
 1-4 NB =         0.0000  1-4 EEL =       504.7287  VDWAALS    =         0.0000
 EELEC  =      -505.7685  EGB     =      -173.3749  RESTRAINT  =         0.0000
 ESURF  =         5.7662
 ------------------------------------------------------------------------------

|           Job began  at 11:48:59.089  on 11/07/2021
|           Setup done at 11:48:59.096  on 11/07/2021
|           Run   done at 11:48:59.183  on 11/07/2021
|     wallclock() was called      72 times
