
          -------------------------------------------------------
          PBSA VERSION 2019                       UC Irvine
          -------------------------------------------------------

| Run on 08/29/2021 at 20:53:19

File Assignments:
|  MDIN: ../pbsa-script/mdin.in                                                
| MDOUT: host-pb.out                                                           
|INPCRD: host.crd                                                              
|  PARM: host.prmtop                                                           
|

 Here is the input file:

Sample single point PB calculation                                             
&cntrl                                                                         
ipb=1, inp=1                                                                   
/                                                                              
&pb                                                                            
npbverb=1, fillratio=1.5, saopt=1, radiopt=0, epsin=1.0, epsout=80             
/                                                                              
 PBSA Warning in pb_read(): sprob=0.557 is optimized for inp=2 and  should not be used with inp=1. It has been reset to 1.4.
 PBSA Warning in pb_read(): cavity_surften=0.0378 is optimized for inp=2  and should not be used with inp=1. It has been reset to 0.005000.
 PBSA Warning in pb_read(): cavity_offset=-0.5692 is optimized for inp=2  and should not be used with inp=1. It has been reset to 0.000.

--------------------------------------------------------------------------------
   1.  RESOURCE   USE: 
--------------------------------------------------------------------------------

| Flags:                                                                        
| New format PARM file being parsed.
| Version =    1.000 Date = 08/29/21 Time = 13:42:32
 NATOM  =     147 NTYPES =       6 NBONH =      70 MBONA  =      84
 NTHETH =     161 MTHETA =     126 NPHIH =     294 MPHIA  =     252
 NHPARM =       0 NPARM  =       0 NNB   =     889 NRES   =       7
 NBONA  =      84 NTHETA =     126 NPHIA =     252 NUMBND =       6
 NUMANG =      12 NPTRA  =      20 NATYP =      15 NPHB   =       0
 IFBOX  =       1 NMXRS  =      21 IFCAP =       0 NEXTRA =       0
 NCOPY  =       0


|     Memory Use     Allocated
|     Real                5501
|     Hollerith            450
|     Integer            26752
|     Max Pairs              1
|     Max Rstack             1
|     Max Istack             1
|       Total              149 kbytes

     BOX TYPE: RECTILINEAR

--------------------------------------------------------------------------------
   2.  CONTROL  DATA  FOR  THE  RUN
--------------------------------------------------------------------------------

default_name                                                                    

General flags:
     imin    =       1, nmropt  =       0

Nature and format of input:
     ntx     =       1, irest   =       0, ntrx    =       1

Nature and format of output:
     ntxo    =       1, ntpr    =      50, ntrx    =       1, ntwr    =     500
     iwrap   =       0, ntwx    =       0, ntwv    =       0, ntwe    =       0
     ioutfm  =       0, ntwprt  =       0, idecomp =       0, rbornstat=      0

Potential function:
     ntf     =       1, ntb     =       1, ipb     =       1, nsnb    =      25
     ipol    =       0, gbsa    =       0, iesp    =       0
     dielc   =   1.00000, cut     =   8.00000, intdiel =   1.00000

Frozen or restrained atoms:
     ibelly  =       0, ntr     =       0

Energy minimization:
     maxcyc  =       1, ncyc    =      10, ntmin   =       1
     dx0     =   0.01000, drms    =   0.00010

======== Implicit Solvent Initialization ========

     Max Nonbonded Pairs:    10805    10805

 no. of atoms processed in PB initialization:   147
  NUM  RESI  NAME  TYPE    CHARGE ATM CRG/H   GRP CRG   PB RADI   NP RADI
    1  MGO   C1    CG    0.042700  0.203700 -0.283400  1.700000  1.699835
    2  MGO   H1    H2    0.161000  0.000000  0.000000  1.300000  1.146587
    3  MGO   O1    OS   -0.322900 -0.322900  0.080400  1.500000  1.500006
    4  MGO   C2    CG    0.137600  0.202600  0.508600  1.700000  1.699835
    5  MGO   H2    H1    0.065000  0.000000  0.000000  1.300000  1.235677
    6  MGO   O2    OH   -0.634600 -0.198000  0.004600  1.500000  1.533237
    7  MGO   HO2   HO    0.436600  0.000000  0.000000  0.800000  0.000000
    8  MGO   C3    CG    0.122400  0.300300  0.504500  1.700000  1.699835
    9  MGO   H3    H1    0.177900  0.000000  0.000000  1.300000  1.235677
   10  MGO   O3    OH   -0.620000 -0.198000  0.102300  1.500000  1.533237
   11  MGO   HO3   HO    0.422000  0.000000  0.000000  0.800000  0.000000
   12  MGO   C4    CG    0.040100  0.199600  0.311900  1.700000  1.699835
   13  MGO   H4    H1    0.159500  0.000000  0.000000  1.300000  1.235677
   14  MGO   C5    CG    0.019300  0.134900  0.210300  1.700000  1.699835
   15  MGO   H5    H1    0.115600  0.000000  0.000000  1.300000  1.235677
   16  MGO   O5    OS   -0.366800 -0.366800 -0.028200  1.500000  1.500006
   17  MGO   C6    CG    0.191800  0.242600  0.179500  1.700000  1.699835
   18  MGO   H61   H1    0.025400  0.000000  0.000000  1.300000  1.235677
   19  MGO   H62   H1    0.025400  0.000000  0.000000  1.300000  1.235677
   20  MGO   O6    OH   -0.607700 -0.198000  0.044600  1.500000  1.533237
   21  MGO   HO6   HO    0.409700  0.000000  0.000000  0.800000  0.000000
   22  MGO   C1    CG    0.042700  0.203700 -0.283400  1.700000  1.699835
   23  MGO   H1    H2    0.161000  0.000000  0.000000  1.300000  1.146587
   24  MGO   O1    OS   -0.322900 -0.322900  0.080400  1.500000  1.500006
   25  MGO   C2    CG    0.137600  0.202600  0.508600  1.700000  1.699835
   26  MGO   H2    H1    0.065000  0.000000  0.000000  1.300000  1.235677
   27  MGO   O2    OH   -0.634600 -0.198000  0.004600  1.500000  1.533237
   28  MGO   HO2   HO    0.436600  0.000000  0.000000  0.800000  0.000000
   29  MGO   C3    CG    0.122400  0.300300  0.504500  1.700000  1.699835
   30  MGO   H3    H1    0.177900  0.000000  0.000000  1.300000  1.235677
   31  MGO   O3    OH   -0.620000 -0.198000  0.102300  1.500000  1.533237
   32  MGO   HO3   HO    0.422000  0.000000  0.000000  0.800000  0.000000
   33  MGO   C4    CG    0.040100  0.199600  0.311900  1.700000  1.699835
   34  MGO   H4    H1    0.159500  0.000000  0.000000  1.300000  1.235677
   35  MGO   C5    CG    0.019300  0.134900  0.210300  1.700000  1.699835
   36  MGO   H5    H1    0.115600  0.000000  0.000000  1.300000  1.235677
   37  MGO   O5    OS   -0.366800 -0.366800 -0.028200  1.500000  1.500006
   38  MGO   C6    CG    0.191800  0.242600  0.179500  1.700000  1.699835
   39  MGO   H61   H1    0.025400  0.000000  0.000000  1.300000  1.235677
   40  MGO   H62   H1    0.025400  0.000000  0.000000  1.300000  1.235677
   41  MGO   O6    OH   -0.607700 -0.198000  0.044600  1.500000  1.533237
   42  MGO   HO6   HO    0.409700  0.000000  0.000000  0.800000  0.000000
   43  MGO   C1    CG    0.042700  0.203700 -0.283400  1.700000  1.699835
   44  MGO   H1    H2    0.161000  0.000000  0.000000  1.300000  1.146587
   45  MGO   O1    OS   -0.322900 -0.322900  0.080400  1.500000  1.500006
   46  MGO   C2    CG    0.137600  0.202600  0.508600  1.700000  1.699835
   47  MGO   H2    H1    0.065000  0.000000  0.000000  1.300000  1.235677
   48  MGO   O2    OH   -0.634600 -0.198000  0.004600  1.500000  1.533237
   49  MGO   HO2   HO    0.436600  0.000000  0.000000  0.800000  0.000000
   50  MGO   C3    CG    0.122400  0.300300  0.504500  1.700000  1.699835
   51  MGO   H3    H1    0.177900  0.000000  0.000000  1.300000  1.235677
   52  MGO   O3    OH   -0.620000 -0.198000  0.102300  1.500000  1.533237
   53  MGO   HO3   HO    0.422000  0.000000  0.000000  0.800000  0.000000
   54  MGO   C4    CG    0.040100  0.199600  0.311900  1.700000  1.699835
   55  MGO   H4    H1    0.159500  0.000000  0.000000  1.300000  1.235677
   56  MGO   C5    CG    0.019300  0.134900  0.210300  1.700000  1.699835
   57  MGO   H5    H1    0.115600  0.000000  0.000000  1.300000  1.235677
   58  MGO   O5    OS   -0.366800 -0.366800 -0.028200  1.500000  1.500006
   59  MGO   C6    CG    0.191800  0.242600  0.179500  1.700000  1.699835
   60  MGO   H61   H1    0.025400  0.000000  0.000000  1.300000  1.235677
   61  MGO   H62   H1    0.025400  0.000000  0.000000  1.300000  1.235677
   62  MGO   O6    OH   -0.607700 -0.198000  0.044600  1.500000  1.533237
   63  MGO   HO6   HO    0.409700  0.000000  0.000000  0.800000  0.000000
   64  MGO   C1    CG    0.042700  0.203700 -0.283400  1.700000  1.699835
   65  MGO   H1    H2    0.161000  0.000000  0.000000  1.300000  1.146587
   66  MGO   O1    OS   -0.322900 -0.322900  0.080400  1.500000  1.500006
   67  MGO   C2    CG    0.137600  0.202600  0.508600  1.700000  1.699835
   68  MGO   H2    H1    0.065000  0.000000  0.000000  1.300000  1.235677
   69  MGO   O2    OH   -0.634600 -0.198000  0.004600  1.500000  1.533237
   70  MGO   HO2   HO    0.436600  0.000000  0.000000  0.800000  0.000000
   71  MGO   C3    CG    0.122400  0.300300  0.504500  1.700000  1.699835
   72  MGO   H3    H1    0.177900  0.000000  0.000000  1.300000  1.235677
   73  MGO   O3    OH   -0.620000 -0.198000  0.102300  1.500000  1.533237
   74  MGO   HO3   HO    0.422000  0.000000  0.000000  0.800000  0.000000
   75  MGO   C4    CG    0.040100  0.199600  0.311900  1.700000  1.699835
   76  MGO   H4    H1    0.159500  0.000000  0.000000  1.300000  1.235677
   77  MGO   C5    CG    0.019300  0.134900  0.210300  1.700000  1.699835
   78  MGO   H5    H1    0.115600  0.000000  0.000000  1.300000  1.235677
   79  MGO   O5    OS   -0.366800 -0.366800 -0.028200  1.500000  1.500006
   80  MGO   C6    CG    0.191800  0.242600  0.179500  1.700000  1.699835
   81  MGO   H61   H1    0.025400  0.000000  0.000000  1.300000  1.235677
   82  MGO   H62   H1    0.025400  0.000000  0.000000  1.300000  1.235677
   83  MGO   O6    OH   -0.607700 -0.198000  0.044600  1.500000  1.533237
   84  MGO   HO6   HO    0.409700  0.000000  0.000000  0.800000  0.000000
   85  MGO   C1    CG    0.042700  0.203700 -0.283400  1.700000  1.699835
   86  MGO   H1    H2    0.161000  0.000000  0.000000  1.300000  1.146587
   87  MGO   O1    OS   -0.322900 -0.322900  0.080400  1.500000  1.500006
   88  MGO   C2    CG    0.137600  0.202600  0.508600  1.700000  1.699835
   89  MGO   H2    H1    0.065000  0.000000  0.000000  1.300000  1.235677
   90  MGO   O2    OH   -0.634600 -0.198000  0.004600  1.500000  1.533237
   91  MGO   HO2   HO    0.436600  0.000000  0.000000  0.800000  0.000000
   92  MGO   C3    CG    0.122400  0.300300  0.504500  1.700000  1.699835
   93  MGO   H3    H1    0.177900  0.000000  0.000000  1.300000  1.235677
   94  MGO   O3    OH   -0.620000 -0.198000  0.102300  1.500000  1.533237
   95  MGO   HO3   HO    0.422000  0.000000  0.000000  0.800000  0.000000
   96  MGO   C4    CG    0.040100  0.199600  0.311900  1.700000  1.699835
   97  MGO   H4    H1    0.159500  0.000000  0.000000  1.300000  1.235677
   98  MGO   C5    CG    0.019300  0.134900  0.210300  1.700000  1.699835
   99  MGO   H5    H1    0.115600  0.000000  0.000000  1.300000  1.235677
  100  MGO   O5    OS   -0.366800 -0.366800 -0.028200  1.500000  1.500006
  101  MGO   C6    CG    0.191800  0.242600  0.179500  1.700000  1.699835
  102  MGO   H61   H1    0.025400  0.000000  0.000000  1.300000  1.235677
  103  MGO   H62   H1    0.025400  0.000000  0.000000  1.300000  1.235677
  104  MGO   O6    OH   -0.607700 -0.198000  0.044600  1.500000  1.533237
  105  MGO   HO6   HO    0.409700  0.000000  0.000000  0.800000  0.000000
  106  MGO   C1    CG    0.042700  0.203700 -0.283400  1.700000  1.699835
  107  MGO   H1    H2    0.161000  0.000000  0.000000  1.300000  1.146587
  108  MGO   O1    OS   -0.322900 -0.322900  0.080400  1.500000  1.500006
  109  MGO   C2    CG    0.137600  0.202600  0.508600  1.700000  1.699835
  110  MGO   H2    H1    0.065000  0.000000  0.000000  1.300000  1.235677
  111  MGO   O2    OH   -0.634600 -0.198000  0.004600  1.500000  1.533237
  112  MGO   HO2   HO    0.436600  0.000000  0.000000  0.800000  0.000000
  113  MGO   C3    CG    0.122400  0.300300  0.504500  1.700000  1.699835
  114  MGO   H3    H1    0.177900  0.000000  0.000000  1.300000  1.235677
  115  MGO   O3    OH   -0.620000 -0.198000  0.102300  1.500000  1.533237
  116  MGO   HO3   HO    0.422000  0.000000  0.000000  0.800000  0.000000
  117  MGO   C4    CG    0.040100  0.199600  0.311900  1.700000  1.699835
  118  MGO   H4    H1    0.159500  0.000000  0.000000  1.300000  1.235677
  119  MGO   C5    CG    0.019300  0.134900  0.210300  1.700000  1.699835
  120  MGO   H5    H1    0.115600  0.000000  0.000000  1.300000  1.235677
  121  MGO   O5    OS   -0.366800 -0.366800 -0.028200  1.500000  1.500006
  122  MGO   C6    CG    0.191800  0.242600  0.179500  1.700000  1.699835
  123  MGO   H61   H1    0.025400  0.000000  0.000000  1.300000  1.235677
  124  MGO   H62   H1    0.025400  0.000000  0.000000  1.300000  1.235677
  125  MGO   O6    OH   -0.607700 -0.198000  0.044600  1.500000  1.533237
  126  MGO   HO6   HO    0.409700  0.000000  0.000000  0.800000  0.000000
  127  MGO   C1    CG    0.042700  0.203700 -0.283400  1.700000  1.699835
  128  MGO   H1    H2    0.161000  0.000000  0.000000  1.300000  1.146587
  129  MGO   O1    OS   -0.322900 -0.322900  0.080400  1.500000  1.500006
  130  MGO   C2    CG    0.137600  0.202600  0.508600  1.700000  1.699835
  131  MGO   H2    H1    0.065000  0.000000  0.000000  1.300000  1.235677
  132  MGO   O2    OH   -0.634600 -0.198000  0.004600  1.500000  1.533237
  133  MGO   HO2   HO    0.436600  0.000000  0.000000  0.800000  0.000000
  134  MGO   C3    CG    0.122400  0.300300  0.504500  1.700000  1.699835
  135  MGO   H3    H1    0.177900  0.000000  0.000000  1.300000  1.235677
  136  MGO   O3    OH   -0.620000 -0.198000  0.102300  1.500000  1.533237
  137  MGO   HO3   HO    0.422000  0.000000  0.000000  0.800000  0.000000
  138  MGO   C4    CG    0.040100  0.199600  0.311900  1.700000  1.699835
  139  MGO   H4    H1    0.159500  0.000000  0.000000  1.300000  1.235677
  140  MGO   C5    CG    0.019300  0.134900  0.210300  1.700000  1.699835
  141  MGO   H5    H1    0.115600  0.000000  0.000000  1.300000  1.235677
  142  MGO   O5    OS   -0.366800 -0.366800 -0.028200  1.500000  1.500006
  143  MGO   C6    CG    0.191800  0.242600  0.179500  1.700000  1.699835
  144  MGO   H61   H1    0.025400  0.000000  0.000000  1.300000  1.235677
  145  MGO   H62   H1    0.025400  0.000000  0.000000  1.300000  1.235677
  146  MGO   O6    OH   -0.607700 -0.198000  0.044600  1.500000  1.533237
  147  MGO   HO6   HO    0.409700  0.000000  0.000000  0.800000  0.000000

 total system charges (+/-) for PB       -0.0000       17.8640      -17.8640
 cavity_surften =        0.0050 cavity_offset =        0.0000

   SAS Surface: surface dots generated:    366

--------------------------------------------------------------------------------
   3.  ATOMIC COORDINATES AND VELOCITIES
--------------------------------------------------------------------------------

Cpptraj Generated Restart                                                       
 begin time read from input coords =   551.000 ps

 Number of triangulated 3-point waters found:        0

--------------------------------------------------------------------------------
   4.  RESULTS
--------------------------------------------------------------------------------

  NB-update: atom-based nb list     5732


======== Setting up Grid Parameters ========
Using bounding box for grid setup
 Bounding Box at level:           2
 Bounding Box Center:      18.000    18.500    18.000
 Xmin, Xmax, Xmax-Xmin:     9.252    26.567    17.315
 Ymin, Ymax, Ymax-Ymin:     9.724    26.826    17.103
 Zmin, Zmax, Zmax-Zmin:    13.374    22.487     9.113
 Grid dimension at level     2    53   53   37
 Grid origin corrected at level     2      4.500     5.000     8.500
 Bounding Box at level:           1
 Bounding Box Center:      18.000    18.500    18.000
 Xmin, Xmax, Xmax-Xmin:     9.252    26.567    17.315
 Ymin, Ymax, Ymax-Ymin:     9.724    26.826    17.103
 Zmin, Zmax, Zmax-Zmin:    13.374    22.487     9.113
PB Warn in setgrd(): focusing grid too large    2
 fillratio is automatically increased to 2.500
 Grid dimension at level     1    13   13    7
 Grid origin corrected at level     1    -10.000    -9.500     2.000
------- VMD goodie --------
#First Level Geometric Box
draw materials off
draw color green
draw line "  -10.000   -9.500    2.000" "   42.000   -9.500    2.000"
draw line "  -10.000   -9.500    2.000" "  -10.000   42.500    2.000"
draw line "  -10.000   -9.500    2.000" "  -10.000   -9.500   30.000"
draw line "   42.000   -9.500    2.000" "   42.000   42.500    2.000"
draw line "   42.000   -9.500    2.000" "   42.000   -9.500   30.000"
draw line "  -10.000   42.500    2.000" "   42.000   42.500    2.000"
draw line "  -10.000   42.500    2.000" "  -10.000   42.500   30.000"
draw line "  -10.000   -9.500   30.000" "   42.000   -9.500   30.000"
draw line "  -10.000   -9.500   30.000" "  -10.000   42.500   30.000"
draw line "   42.000   42.500   30.000" "   42.000   42.500    2.000"
draw line "   42.000   42.500   30.000" "  -10.000   42.500   30.000"
draw line "   42.000   42.500   30.000" "   42.000   -9.500   30.000"
#2nd Level Geometric Box
draw color blue
draw line "    4.500    5.000    8.500" "   31.500    5.000    8.500"
draw line "    4.500    5.000    8.500" "    4.500   32.000    8.500"
draw line "    4.500    5.000    8.500" "    4.500    5.000   27.500"
draw line "   31.500    5.000    8.500" "   31.500   32.000    8.500"
draw line "   31.500    5.000    8.500" "   31.500    5.000   27.500"
draw line "    4.500   32.000    8.500" "   31.500   32.000    8.500"
draw line "    4.500   32.000    8.500" "    4.500   32.000   27.500"
draw line "    4.500    5.000   27.500" "   31.500    5.000   27.500"
draw line "    4.500    5.000   27.500" "    4.500   32.000   27.500"
draw line "   31.500   32.000   27.500" "   31.500   32.000    8.500"
draw line "   31.500   32.000   27.500" "    4.500   32.000   27.500"
draw line "   31.500   32.000   27.500" "   31.500    5.000   27.500"
--- End VMD goodie --------

======== Setting up Solvent Accessibility Data ========
Setting up working radii
Number of SA srf points exposed  4594
 Number of SA arcs generated  2734
 Number of SA arc points exposed        2710 Number of trimer arc points exposed         242
 with resolution (A) = .250000E+00

Atomic solvent accessible surface area:
           1    0.0000000000000
           2   15.2681402964464
           3    0.5775036987255
           4    0.0000000000000
           5   18.7723036431718
           6   22.5226442502933
           7    0.0000000000000
           8    0.0000000000000
           9   15.0178429145374
          10   21.0788850034796
          11    5.1515252649684
          12    0.0000000000000
          13    4.0047581105433
          14    0.0000000000000
          15    6.5077319296329
          16    4.6200295898037
          17    2.3096714514425
          18    0.5005947638179
          19   16.5196272059912
          20   25.4101627439206
          21    9.8045158268754
          22    0.0000000000000
          23   13.2657612411747
          24    0.0000000000000
          25    0.0000000000000
          26   18.0214114974449
          27   24.5439071958324
          28    2.6588517496611
          29    0.0000000000000
          30    9.7615978944493
          31   20.2126294553914
          32    4.6529905619070
          33    0.0000000000000
          34    8.0095162210866
          35    0.0000000000000
          36    4.2550554924523
          37    7.5075480834311
          38    1.3198122579671
          39    5.7568397839060
          40   14.5172481507195
          41   30.0301923337243
          42    0.3323564687076
          43    0.0000000000000
          44   15.5184376783554
          45    0.2887518493627
          46    0.0000000000000
          47   20.2740879346255
          48   24.2551553464697
          49    2.1603170465997
          50    0.0000000000000
          51   12.0142743316300
          52   15.8813517149504
          53    9.1398028894601
          54    0.0000000000000
          55    7.0083266934508
          56    0.0000000000000
          57    6.2574345477239
          58    6.3525406859801
          59    0.6599061289836
          60    0.5005947638179
          61   16.7699245879001
          62   27.4314256894597
          63    6.6471293741528
          64    0.0000000000000
          65   14.2669507688106
          66    0.5775036987255
          67    0.3299530644918
          68   20.7746826984435
          69   21.6563887022050
          70    0.0000000000000
          71    0.0000000000000
          72   10.5124900401762
          73   19.3463739073032
          74    5.6500599680299
          75    0.0000000000000
          76    4.5053528743612
          77    0.0000000000000
          78    5.7568397839060
          79    5.1975332885292
          80    0.3299530644918
          81    6.0071371658150
          82   20.2740879346255
          83   28.0089293881852
          84    7.9765552489834
          85    0.0000000000000
          86   12.0142743316300
          87    0.2887518493627
          88    0.0000000000000
          89   17.7711141155360
          90   21.6563887022050
          91    4.6529905619070
          92    0.0000000000000
          93   14.0166533869016
          94   17.9026146604895
          95    4.4868123275532
          96    0.0000000000000
          97    5.5065424019971
          98    0.0000000000000
          99    6.7580293115418
         100    2.5987666442646
         101    1.3198122579671
         102    3.7544607286344
         103   16.2693298240822
         104   32.3402071286262
         105    4.1544558588455
         106    0.0000000000000
         107   12.7651664773568
         108    0.0000000000000
         109    0.0000000000000
         110   18.0214114974449
         111   22.2338924009305
         112    0.0000000000000
         113    0.0000000000000
         114   12.5148690954479
         115   21.9451405515678
         116    6.6471293741528
         117    0.0000000000000
         118    7.2586240753598
         119    0.0000000000000
         120    4.5053528743612
         121    6.0637888366174
         122    0.9898591934753
         123    6.7580293115418
         124   16.0190324421733
         125   22.5226442502933
         126    8.4750899520449
         127    0.0000000000000
         128   11.0130848039941
         129    0.5775036987255
         130    0.0000000000000
         131   19.0226010250808
         132   23.1001479490187
         133    0.0000000000000
         134    0.0000000000000
         135    9.7615978944493
         136   17.9026146604895
         137    5.8162382023837
         138    0.0000000000000
         139    6.0071371658150
         140    0.0000000000000
         141    6.2574345477239
         142    4.3312777404410
         143    1.3198122579671
         144    8.2598136029956
         145   21.2752774622614
         146   30.0301923337243
         147    3.6559211557841

 ======== FDPB Summary ========

 Do FDPB every           1 steps
 Nonbonded Update
   residue cutoff is set to   99.9000000000000
   fdpb cutoff is set to    5.0000000000000
   sas cutoff is set to    9.0000000000000
   nonbonded cutoff is set to    0.0000000000000
 Grid Constants
   Grid dimension      13      13       7
   Grid spacing set to     4.000
   Grid boundary
       -10.000    46.000
        -9.500    46.500
         2.000    34.000

 Dielectric Map
   Use cavity radii in the prmtop file

   Use probe-based SES definition
     Compute SAS/SAR every           1 steps
     Solvent probe radius   1.40000000000000
     Surface dots per atom     366
     Buried atom radii increment   0.79800000000000
     Threshhold for exposed atom   0.08000000000000
     Current SAS1175.78379686667631

 Boundary conditions
   sum of grid charges as independent DH spheres

 Physical constants
   Solute dielectric constant  :   1.00000000000000
   Solvent dielectric constant :   80.0000000000000
   Temperature (K)             :   300.000000000000
   Ionic strength (mM)         :   0.00000000000000
   Debye-Huckel parameter (1/A):   0.00000000000000

FD Solver Option
   Use Modified ICCG solver

 Iteration data
   Maximum iterations  :         100
   Convergence criteria:  1.000000000000000E-03
   Iterations required        :     6
   Norm of the constant vector:       133.2415462952
   Norm of the residual vector:      0.0974617373580
   Convergence achieved       :  7.3146657381222468E-04

 Total molecular surface    802.0751

 ======== FDPB Summary ========

 Do FDPB every           1 steps
 Nonbonded Update
   residue cutoff is set to   99.9000000000000
   fdpb cutoff is set to    5.0000000000000
   sas cutoff is set to    9.0000000000000
   nonbonded cutoff is set to    0.0000000000000
 Grid Constants
   Grid dimension      53      53      37
   Grid spacing set to     0.500
   Grid boundary
         4.500    31.500
         5.000    32.000
         8.500    27.500

 Dielectric Map
   Use cavity radii in the prmtop file

   Use probe-based SES definition
     Compute SAS/SAR every           1 steps
     Solvent probe radius   1.40000000000000
     Surface dots per atom     366
     Buried atom radii increment   0.79800000000000
     Threshhold for exposed atom   0.08000000000000
     Current SAS1175.78379686667631

 Boundary conditions
   sum of grid charges as independent DH spheres

 Physical constants
   Solute dielectric constant  :   1.00000000000000
   Solvent dielectric constant :   80.0000000000000
   Temperature (K)             :   300.000000000000
   Ionic strength (mM)         :   0.00000000000000
   Debye-Huckel parameter (1/A):   0.00000000000000

FD Solver Option
   Use Modified ICCG solver

 Iteration data
   Maximum iterations  :         100
   Convergence criteria:  1.000000000000000E-03
   Iterations required        :    15
   Norm of the constant vector:    133793.5381347505
   Norm of the residual vector:    108.6962400210636
   Convergence achieved       :  8.1241771117219357E-04

 Total surface charge       0.0011
 Reaction field energy   -137.5832
 Nonpolar SAS/SAV   1175.7838      0.0000
 Cavity solvation energy      5.8789

 NSTEP =        1   TIME(PS) =       0.000  TEMP(K) =     0.00  PRESS =     0.0
 Etot   =      -662.2869  EKtot   =         0.0000  EPtot      =         0.0000
 BOND   =         0.0000  ANGLE   =         0.0000  DIHED      =         0.0000
 1-4 NB =         0.0000  1-4 EEL =         0.0000  VDWAALS    =       -35.6694
 EELEC  =      -494.9132  EPB     =      -137.5832  RESTRAINT  =         0.0000
 ECAVITY=         5.8789  EDISPER =         0.0000
 ------------------------------------------------------------------------------



  Maximum number of minimization cycles reached.


                    FINAL RESULTS


 NSTEP =        1   TIME(PS) =       0.000  TEMP(K) =     0.00  PRESS =     0.0
 Etot   =      -662.2869  EKtot   =         0.0000  EPtot      =         0.0000
 BOND   =         0.0000  ANGLE   =         0.0000  DIHED      =         0.0000
 1-4 NB =         0.0000  1-4 EEL =         0.0000  VDWAALS    =       -35.6694
 EELEC  =      -494.9132  EPB     =      -137.5832  RESTRAINT  =         0.0000
 ECAVITY=         5.8789  EDISPER =         0.0000
 ------------------------------------------------------------------------------


--------------------------------------------------------------------------------
   5.  TIMINGS
--------------------------------------------------------------------------------

| Total time                     0.12
| Read prm/crd time              0.01
| Force time                     0.12
| Nonbond force                  0.12
| PB Nonbond                     0.12
| PB NB list                     0.00
| PB FD grid                     0.00
| PB Sasa                        0.02
| PB FD force                    0.12
| PB Set linear sys              0.05
| PB Solver                      0.06
| PB SA srf                      0.00
| PB SA arc                      0.01
| PB SA arc setup                0.00
| PB circle                      0.01
| PB exclude                     0.00
| PB exmol                       0.05
| PB exmol setup                 0.00
| PB exmol part b                0.00
| PB exmol part c                0.00
| PB exmol part e                0.00
| PB exmol part f                0.02
| PB epsbnd                      0.00
| PB epsmap                      0.00
|           Job began  at 20:53:19.521  on 08/29/2021
|           Setup done at 20:53:19.527  on 08/29/2021
|           Run   done at 20:53:19.645  on 08/29/2021
|     wallclock() was called     110 times
