
          -------------------------------------------------------
          GBNSR6 2015                       
          -------------------------------------------------------

| Run on 08/29/2021 at 13:30:14

File Assignments:
|  MDIN: ../scripts/gbnsr6.in                                                  
| MDOUT: complex-gb.out                                                        
|INPCRD: complex.crd                                                           
|  PARM: complex.prmtop                                                        
|

 Here is the input file:

compute                                                                        
&cntrl                                                                         
inp=1                                                                          
/                                                                              
&gb                                                                            
epsin=1.0, epsout=80, istrng=0, space=0.5,                                     
arcres=0.2, B=0.028, alpb=1, rbornstat=0, cavity_surften=0.005                 
/                                                                              

--------------------------------------------------------------------------------
   1.  RESOURCE   USE: 
--------------------------------------------------------------------------------

| Flags:                                                                        
| New format PARM file being parsed.
| Version =    1.000 Date = 08/29/21 Time = 13:30:00
 NATOM  =     142 NTYPES =       9 NBONH =      69 MBONA  =      78
 NTHETH =     159 MTHETA =     114 NPHIH =     287 MPHIA  =     223
 NHPARM =       0 NPARM  =       0 NNB   =     838 NRES   =       7
 NBONA  =      78 NTHETA =     114 NPHIA =     223 NUMBND =      10
 NUMANG =      19 NPTRA  =      28 NATYP =      14 NPHB   =       0
 IFBOX  =       1 NMXRS  =      21 IFCAP =       0 NEXTRA =       0
 NCOPY  =       0


|     Memory Use     Allocated
|     Real                5310
|     Hollerith            861
|     Integer            24479
|     Max Pairs              1
|     Max Rstack             1
|     Max Istack             1
|       Total              140 kbytes

| Note: 1-4 EEL scale factors are being read from the topology file.

     BOX TYPE: RECTILINEAR

--------------------------------------------------------------------------------
   2.  ATOMIC COORDINATES AND VELOCITIES
--------------------------------------------------------------------------------

Cpptraj Generated Restart                                                       
 begin time read from input coords =   551.000 ps

 Number of triangulated 3-point waters found:        0

--------------------------------------------------------------------------------
   3.  RESULTS
--------------------------------------------------------------------------------

 Cavity solvation energy      4.8229

 NSTEP =        1   TIME(PS) =       0.000  TEMP(K) =     0.00  PRESS =     0.0
 Etot   =      -148.0609  EKtot   =         0.0000  EPtot      =         0.0000
 BOND   =         0.0000  ANGLE   =         0.0000  DIHED      =         0.0000
 1-4 NB =         0.0000  1-4 EEL =       428.1475  VDWAALS    =         0.0000
 EELEC  =      -428.3186  EGB     =      -152.7128  RESTRAINT  =         0.0000
 ESURF  =         4.8229
 ------------------------------------------------------------------------------



  Maximum number of minimization cycles reached.


                    FINAL RESULTS


 NSTEP =        1   TIME(PS) =       0.000  TEMP(K) =     0.00  PRESS =     0.0
 Etot   =      -148.0609  EKtot   =         0.0000  EPtot      =         0.0000
 BOND   =         0.0000  ANGLE   =         0.0000  DIHED      =         0.0000
 1-4 NB =         0.0000  1-4 EEL =       428.1475  VDWAALS    =         0.0000
 EELEC  =      -428.3186  EGB     =      -152.7128  RESTRAINT  =         0.0000
 ESURF  =         4.8229
 ------------------------------------------------------------------------------

|           Job began  at 13:30:14.831  on 08/29/2021
|           Setup done at 13:30:14.835  on 08/29/2021
|           Run   done at 13:30:14.902  on 08/29/2021
|     wallclock() was called      72 times
