
          -------------------------------------------------------
          PBSA VERSION 2019                       UC Irvine
          -------------------------------------------------------

| Run on 08/29/2021 at 20:53:11

File Assignments:
|  MDIN: ../pbsa-script/mdin.in                                                
| MDOUT: complex-pb.out                                                        
|INPCRD: complex.crd                                                           
|  PARM: complex.prmtop                                                        
|

 Here is the input file:

Sample single point PB calculation                                             
&cntrl                                                                         
ipb=1, inp=1                                                                   
/                                                                              
&pb                                                                            
npbverb=1, fillratio=1.5, saopt=1, radiopt=0, epsin=1.0, epsout=80             
/                                                                              
 PBSA Warning in pb_read(): sprob=0.557 is optimized for inp=2 and  should not be used with inp=1. It has been reset to 1.4.
 PBSA Warning in pb_read(): cavity_surften=0.0378 is optimized for inp=2  and should not be used with inp=1. It has been reset to 0.005000.
 PBSA Warning in pb_read(): cavity_offset=-0.5692 is optimized for inp=2  and should not be used with inp=1. It has been reset to 0.000.

--------------------------------------------------------------------------------
   1.  RESOURCE   USE: 
--------------------------------------------------------------------------------

| Flags:                                                                        
| New format PARM file being parsed.
| Version =    1.000 Date = 08/29/21 Time = 13:42:26
 NATOM  =     168 NTYPES =      10 NBONH =      79 MBONA  =      96
 NTHETH =     180 MTHETA =     141 NPHIH =     329 MPHIA  =     271
 NHPARM =       0 NPARM  =       0 NNB   =     984 NRES   =       8
 NBONA  =      96 NTHETA =     141 NPHIA =     271 NUMBND =      15
 NUMANG =      25 NPTRA  =      28 NATYP =      18 NPHB   =       0
 IFBOX  =       1 NMXRS  =      21 IFCAP =       0 NEXTRA =       0
 NCOPY  =       0


|     Memory Use     Allocated
|     Real                6278
|     Hollerith            514
|     Integer            27560
|     Max Pairs              1
|     Max Rstack             1
|     Max Istack             1
|       Total              158 kbytes

     BOX TYPE: RECTILINEAR

--------------------------------------------------------------------------------
   2.  CONTROL  DATA  FOR  THE  RUN
--------------------------------------------------------------------------------

default_name                                                                    

General flags:
     imin    =       1, nmropt  =       0

Nature and format of input:
     ntx     =       1, irest   =       0, ntrx    =       1

Nature and format of output:
     ntxo    =       1, ntpr    =      50, ntrx    =       1, ntwr    =     500
     iwrap   =       0, ntwx    =       0, ntwv    =       0, ntwe    =       0
     ioutfm  =       0, ntwprt  =       0, idecomp =       0, rbornstat=      0

Potential function:
     ntf     =       1, ntb     =       1, ipb     =       1, nsnb    =      25
     ipol    =       0, gbsa    =       0, iesp    =       0
     dielc   =   1.00000, cut     =   8.00000, intdiel =   1.00000

Frozen or restrained atoms:
     ibelly  =       0, ntr     =       0

Energy minimization:
     maxcyc  =       1, ncyc    =      10, ntmin   =       1
     dx0     =   0.01000, drms    =   0.00010

======== Implicit Solvent Initialization ========

     Max Nonbonded Pairs:    14112    14112

 no. of atoms processed in PB initialization:   168
  NUM  RESI  NAME  TYPE    CHARGE ATM CRG/H   GRP CRG   PB RADI   NP RADI
    1  MGO   C1    CG    0.042700  0.203700 -0.283400  1.700000  1.699835
    2  MGO   H1    H2    0.161000  0.000000  0.000000  1.300000  1.146587
    3  MGO   O1    OS   -0.322900 -0.322900  0.080400  1.500000  1.500006
    4  MGO   C2    CG    0.137600  0.202600  0.508600  1.700000  1.699835
    5  MGO   H2    H1    0.065000  0.000000  0.000000  1.300000  1.235677
    6  MGO   O2    OH   -0.634600 -0.198000  0.004600  1.500000  1.533237
    7  MGO   HO2   HO    0.436600  0.000000  0.000000  0.800000  0.000000
    8  MGO   C3    CG    0.122400  0.300300  0.504500  1.700000  1.699835
    9  MGO   H3    H1    0.177900  0.000000  0.000000  1.300000  1.235677
   10  MGO   O3    OH   -0.620000 -0.198000  0.102300  1.500000  1.533237
   11  MGO   HO3   HO    0.422000  0.000000  0.000000  0.800000  0.000000
   12  MGO   C4    CG    0.040100  0.199600  0.311900  1.700000  1.699835
   13  MGO   H4    H1    0.159500  0.000000  0.000000  1.300000  1.235677
   14  MGO   C5    CG    0.019300  0.134900  0.210300  1.700000  1.699835
   15  MGO   H5    H1    0.115600  0.000000  0.000000  1.300000  1.235677
   16  MGO   O5    OS   -0.366800 -0.366800 -0.028200  1.500000  1.500006
   17  MGO   C6    CG    0.191800  0.242600  0.179500  1.700000  1.699835
   18  MGO   H61   H1    0.025400  0.000000  0.000000  1.300000  1.235677
   19  MGO   H62   H1    0.025400  0.000000  0.000000  1.300000  1.235677
   20  MGO   O6    OH   -0.607700 -0.198000  0.044600  1.500000  1.533237
   21  MGO   HO6   HO    0.409700  0.000000  0.000000  0.800000  0.000000
   22  MGO   C1    CG    0.042700  0.203700 -0.283400  1.700000  1.699835
   23  MGO   H1    H2    0.161000  0.000000  0.000000  1.300000  1.146587
   24  MGO   O1    OS   -0.322900 -0.322900  0.080400  1.500000  1.500006
   25  MGO   C2    CG    0.137600  0.202600  0.508600  1.700000  1.699835
   26  MGO   H2    H1    0.065000  0.000000  0.000000  1.300000  1.235677
   27  MGO   O2    OH   -0.634600 -0.198000  0.004600  1.500000  1.533237
   28  MGO   HO2   HO    0.436600  0.000000  0.000000  0.800000  0.000000
   29  MGO   C3    CG    0.122400  0.300300  0.504500  1.700000  1.699835
   30  MGO   H3    H1    0.177900  0.000000  0.000000  1.300000  1.235677
   31  MGO   O3    OH   -0.620000 -0.198000  0.102300  1.500000  1.533237
   32  MGO   HO3   HO    0.422000  0.000000  0.000000  0.800000  0.000000
   33  MGO   C4    CG    0.040100  0.199600  0.311900  1.700000  1.699835
   34  MGO   H4    H1    0.159500  0.000000  0.000000  1.300000  1.235677
   35  MGO   C5    CG    0.019300  0.134900  0.210300  1.700000  1.699835
   36  MGO   H5    H1    0.115600  0.000000  0.000000  1.300000  1.235677
   37  MGO   O5    OS   -0.366800 -0.366800 -0.028200  1.500000  1.500006
   38  MGO   C6    CG    0.191800  0.242600  0.179500  1.700000  1.699835
   39  MGO   H61   H1    0.025400  0.000000  0.000000  1.300000  1.235677
   40  MGO   H62   H1    0.025400  0.000000  0.000000  1.300000  1.235677
   41  MGO   O6    OH   -0.607700 -0.198000  0.044600  1.500000  1.533237
   42  MGO   HO6   HO    0.409700  0.000000  0.000000  0.800000  0.000000
   43  MGO   C1    CG    0.042700  0.203700 -0.283400  1.700000  1.699835
   44  MGO   H1    H2    0.161000  0.000000  0.000000  1.300000  1.146587
   45  MGO   O1    OS   -0.322900 -0.322900  0.080400  1.500000  1.500006
   46  MGO   C2    CG    0.137600  0.202600  0.508600  1.700000  1.699835
   47  MGO   H2    H1    0.065000  0.000000  0.000000  1.300000  1.235677
   48  MGO   O2    OH   -0.634600 -0.198000  0.004600  1.500000  1.533237
   49  MGO   HO2   HO    0.436600  0.000000  0.000000  0.800000  0.000000
   50  MGO   C3    CG    0.122400  0.300300  0.504500  1.700000  1.699835
   51  MGO   H3    H1    0.177900  0.000000  0.000000  1.300000  1.235677
   52  MGO   O3    OH   -0.620000 -0.198000  0.102300  1.500000  1.533237
   53  MGO   HO3   HO    0.422000  0.000000  0.000000  0.800000  0.000000
   54  MGO   C4    CG    0.040100  0.199600  0.311900  1.700000  1.699835
   55  MGO   H4    H1    0.159500  0.000000  0.000000  1.300000  1.235677
   56  MGO   C5    CG    0.019300  0.134900  0.210300  1.700000  1.699835
   57  MGO   H5    H1    0.115600  0.000000  0.000000  1.300000  1.235677
   58  MGO   O5    OS   -0.366800 -0.366800 -0.028200  1.500000  1.500006
   59  MGO   C6    CG    0.191800  0.242600  0.179500  1.700000  1.699835
   60  MGO   H61   H1    0.025400  0.000000  0.000000  1.300000  1.235677
   61  MGO   H62   H1    0.025400  0.000000  0.000000  1.300000  1.235677
   62  MGO   O6    OH   -0.607700 -0.198000  0.044600  1.500000  1.533237
   63  MGO   HO6   HO    0.409700  0.000000  0.000000  0.800000  0.000000
   64  MGO   C1    CG    0.042700  0.203700 -0.283400  1.700000  1.699835
   65  MGO   H1    H2    0.161000  0.000000  0.000000  1.300000  1.146587
   66  MGO   O1    OS   -0.322900 -0.322900  0.080400  1.500000  1.500006
   67  MGO   C2    CG    0.137600  0.202600  0.508600  1.700000  1.699835
   68  MGO   H2    H1    0.065000  0.000000  0.000000  1.300000  1.235677
   69  MGO   O2    OH   -0.634600 -0.198000  0.004600  1.500000  1.533237
   70  MGO   HO2   HO    0.436600  0.000000  0.000000  0.800000  0.000000
   71  MGO   C3    CG    0.122400  0.300300  0.504500  1.700000  1.699835
   72  MGO   H3    H1    0.177900  0.000000  0.000000  1.300000  1.235677
   73  MGO   O3    OH   -0.620000 -0.198000  0.102300  1.500000  1.533237
   74  MGO   HO3   HO    0.422000  0.000000  0.000000  0.800000  0.000000
   75  MGO   C4    CG    0.040100  0.199600  0.311900  1.700000  1.699835
   76  MGO   H4    H1    0.159500  0.000000  0.000000  1.300000  1.235677
   77  MGO   C5    CG    0.019300  0.134900  0.210300  1.700000  1.699835
   78  MGO   H5    H1    0.115600  0.000000  0.000000  1.300000  1.235677
   79  MGO   O5    OS   -0.366800 -0.366800 -0.028200  1.500000  1.500006
   80  MGO   C6    CG    0.191800  0.242600  0.179500  1.700000  1.699835
   81  MGO   H61   H1    0.025400  0.000000  0.000000  1.300000  1.235677
   82  MGO   H62   H1    0.025400  0.000000  0.000000  1.300000  1.235677
   83  MGO   O6    OH   -0.607700 -0.198000  0.044600  1.500000  1.533237
   84  MGO   HO6   HO    0.409700  0.000000  0.000000  0.800000  0.000000
   85  MGO   C1    CG    0.042700  0.203700 -0.283400  1.700000  1.699835
   86  MGO   H1    H2    0.161000  0.000000  0.000000  1.300000  1.146587
   87  MGO   O1    OS   -0.322900 -0.322900  0.080400  1.500000  1.500006
   88  MGO   C2    CG    0.137600  0.202600  0.508600  1.700000  1.699835
   89  MGO   H2    H1    0.065000  0.000000  0.000000  1.300000  1.235677
   90  MGO   O2    OH   -0.634600 -0.198000  0.004600  1.500000  1.533237
   91  MGO   HO2   HO    0.436600  0.000000  0.000000  0.800000  0.000000
   92  MGO   C3    CG    0.122400  0.300300  0.504500  1.700000  1.699835
   93  MGO   H3    H1    0.177900  0.000000  0.000000  1.300000  1.235677
   94  MGO   O3    OH   -0.620000 -0.198000  0.102300  1.500000  1.533237
   95  MGO   HO3   HO    0.422000  0.000000  0.000000  0.800000  0.000000
   96  MGO   C4    CG    0.040100  0.199600  0.311900  1.700000  1.699835
   97  MGO   H4    H1    0.159500  0.000000  0.000000  1.300000  1.235677
   98  MGO   C5    CG    0.019300  0.134900  0.210300  1.700000  1.699835
   99  MGO   H5    H1    0.115600  0.000000  0.000000  1.300000  1.235677
  100  MGO   O5    OS   -0.366800 -0.366800 -0.028200  1.500000  1.500006
  101  MGO   C6    CG    0.191800  0.242600  0.179500  1.700000  1.699835
  102  MGO   H61   H1    0.025400  0.000000  0.000000  1.300000  1.235677
  103  MGO   H62   H1    0.025400  0.000000  0.000000  1.300000  1.235677
  104  MGO   O6    OH   -0.607700 -0.198000  0.044600  1.500000  1.533237
  105  MGO   HO6   HO    0.409700  0.000000  0.000000  0.800000  0.000000
  106  MGO   C1    CG    0.042700  0.203700 -0.283400  1.700000  1.699835
  107  MGO   H1    H2    0.161000  0.000000  0.000000  1.300000  1.146587
  108  MGO   O1    OS   -0.322900 -0.322900  0.080400  1.500000  1.500006
  109  MGO   C2    CG    0.137600  0.202600  0.508600  1.700000  1.699835
  110  MGO   H2    H1    0.065000  0.000000  0.000000  1.300000  1.235677
  111  MGO   O2    OH   -0.634600 -0.198000  0.004600  1.500000  1.533237
  112  MGO   HO2   HO    0.436600  0.000000  0.000000  0.800000  0.000000
  113  MGO   C3    CG    0.122400  0.300300  0.504500  1.700000  1.699835
  114  MGO   H3    H1    0.177900  0.000000  0.000000  1.300000  1.235677
  115  MGO   O3    OH   -0.620000 -0.198000  0.102300  1.500000  1.533237
  116  MGO   HO3   HO    0.422000  0.000000  0.000000  0.800000  0.000000
  117  MGO   C4    CG    0.040100  0.199600  0.311900  1.700000  1.699835
  118  MGO   H4    H1    0.159500  0.000000  0.000000  1.300000  1.235677
  119  MGO   C5    CG    0.019300  0.134900  0.210300  1.700000  1.699835
  120  MGO   H5    H1    0.115600  0.000000  0.000000  1.300000  1.235677
  121  MGO   O5    OS   -0.366800 -0.366800 -0.028200  1.500000  1.500006
  122  MGO   C6    CG    0.191800  0.242600  0.179500  1.700000  1.699835
  123  MGO   H61   H1    0.025400  0.000000  0.000000  1.300000  1.235677
  124  MGO   H62   H1    0.025400  0.000000  0.000000  1.300000  1.235677
  125  MGO   O6    OH   -0.607700 -0.198000  0.044600  1.500000  1.533237
  126  MGO   HO6   HO    0.409700  0.000000  0.000000  0.800000  0.000000
  127  MGO   C1    CG    0.042700  0.203700 -0.283400  1.700000  1.699835
  128  MGO   H1    H2    0.161000  0.000000  0.000000  1.300000  1.146587
  129  MGO   O1    OS   -0.322900 -0.322900  0.080400  1.500000  1.500006
  130  MGO   C2    CG    0.137600  0.202600  0.508600  1.700000  1.699835
  131  MGO   H2    H1    0.065000  0.000000  0.000000  1.300000  1.235677
  132  MGO   O2    OH   -0.634600 -0.198000  0.004600  1.500000  1.533237
  133  MGO   HO2   HO    0.436600  0.000000  0.000000  0.800000  0.000000
  134  MGO   C3    CG    0.122400  0.300300  0.504500  1.700000  1.699835
  135  MGO   H3    H1    0.177900  0.000000  0.000000  1.300000  1.235677
  136  MGO   O3    OH   -0.620000 -0.198000  0.102300  1.500000  1.533237
  137  MGO   HO3   HO    0.422000  0.000000  0.000000  0.800000  0.000000
  138  MGO   C4    CG    0.040100  0.199600  0.311900  1.700000  1.699835
  139  MGO   H4    H1    0.159500  0.000000  0.000000  1.300000  1.235677
  140  MGO   C5    CG    0.019300  0.134900  0.210300  1.700000  1.699835
  141  MGO   H5    H1    0.115600  0.000000  0.000000  1.300000  1.235677
  142  MGO   O5    OS   -0.366800 -0.366800 -0.028200  1.500000  1.500006
  143  MGO   C6    CG    0.191800  0.242600  0.179500  1.700000  1.699835
  144  MGO   H61   H1    0.025400  0.000000  0.000000  1.300000  1.235677
  145  MGO   H62   H1    0.025400  0.000000  0.000000  1.300000  1.235677
  146  MGO   O6    OH   -0.607700 -0.198000  0.044600  1.500000  1.533237
  147  MGO   HO6   HO    0.409700  0.000000  0.000000  0.800000  0.000000
  148  MOL   C1    c     0.820900  0.820900 -0.844900  1.700000  1.699835
  149  MOL   O1    o    -0.802100 -0.802100  0.018800  1.500000  1.479961
  150  MOL   O2    o    -0.802100 -0.802100  0.018800  1.500000  1.479961
  151  MOL   C2    c3    0.016200 -0.061600  0.778400  1.700000  1.699835
  152  MOL   H1    hc   -0.038900 -0.038900 -0.038900  1.300000  1.324766
  153  MOL   H2    hc   -0.038900 -0.038900 -0.038900  1.300000  1.324766
  154  MOL   C3    ca    0.019100  0.019100 -0.072700  1.700000  1.699835
  155  MOL   C4    ca   -0.172400 -0.015100 -0.130200  1.700000  1.699835
  156  MOL   H3    ha    0.157300  0.157300  0.157300  1.300000  1.299821
  157  MOL   C5    ca   -0.248900 -0.134200  0.169000  1.700000  1.699835
  158  MOL   H4    ha    0.114700  0.114700  0.114700  1.300000  1.299821
  159  MOL   C6    ca    0.318300  0.318300 -0.350600  1.700000  1.699835
  160  MOL   O3    os   -0.400500 -0.400500  0.124400  1.500000  1.500006
  161  MOL   C7    c3    0.050300  0.206600 -0.193900  1.700000  1.699835
  162  MOL   H5    h1    0.052100  0.052100  0.052100  1.300000  1.235677
  163  MOL   H6    h1    0.052100  0.052100  0.052100  1.300000  1.235677
  164  MOL   H7    h1    0.052100  0.052100  0.052100  1.300000  1.235677
  165  MOL   C8    ca   -0.248900 -0.134200  0.169000  1.700000  1.699835
  166  MOL   H8    ha    0.114700  0.114700  0.114700  1.300000  1.299821
  167  MOL   C9    ca   -0.172400 -0.015100 -0.130200  1.700000  1.699835
  168  MOL   H9    ha    0.157300  0.157300  0.157300  1.300000  1.299821

 total system charges (+/-) for PB       -1.0000       19.7891      -20.7891
 cavity_surften =        0.0050 cavity_offset =        0.0000

   SAS Surface: surface dots generated:    366

--------------------------------------------------------------------------------
   3.  ATOMIC COORDINATES AND VELOCITIES
--------------------------------------------------------------------------------

Cpptraj Generated Restart                                                       
 begin time read from input coords =   551.000 ps

 Number of triangulated 3-point waters found:        0

--------------------------------------------------------------------------------
   4.  RESULTS
--------------------------------------------------------------------------------

  NB-update: atom-based nb list     8675


======== Setting up Grid Parameters ========
Using bounding box for grid setup
 Bounding Box at level:           2
 Bounding Box Center:      17.500    18.000    19.000
 Xmin, Xmax, Xmax-Xmin:     8.823    26.139    17.316
 Ymin, Ymax, Ymax-Ymin:     9.329    26.897    17.568
 Zmin, Zmax, Zmax-Zmin:    13.026    24.772    11.746
 Grid dimension at level     2    53   53   41
 Grid origin corrected at level     2      4.000     4.500     8.500
 Bounding Box at level:           1
 Bounding Box Center:      17.500    18.000    19.000
 Xmin, Xmax, Xmax-Xmin:     8.823    26.139    17.316
 Ymin, Ymax, Ymax-Ymin:     9.329    26.897    17.568
 Zmin, Zmax, Zmax-Zmin:    13.026    24.772    11.746
PB Warn in setgrd(): focusing grid too large    2
 fillratio is automatically increased to 2.500
 Grid dimension at level     1    13   13    9
 Grid origin corrected at level     1    -10.500   -10.000    -1.000
------- VMD goodie --------
#First Level Geometric Box
draw materials off
draw color green
draw line "  -10.500  -10.000   -1.000" "   41.500  -10.000   -1.000"
draw line "  -10.500  -10.000   -1.000" "  -10.500   42.000   -1.000"
draw line "  -10.500  -10.000   -1.000" "  -10.500  -10.000   35.000"
draw line "   41.500  -10.000   -1.000" "   41.500   42.000   -1.000"
draw line "   41.500  -10.000   -1.000" "   41.500  -10.000   35.000"
draw line "  -10.500   42.000   -1.000" "   41.500   42.000   -1.000"
draw line "  -10.500   42.000   -1.000" "  -10.500   42.000   35.000"
draw line "  -10.500  -10.000   35.000" "   41.500  -10.000   35.000"
draw line "  -10.500  -10.000   35.000" "  -10.500   42.000   35.000"
draw line "   41.500   42.000   35.000" "   41.500   42.000   -1.000"
draw line "   41.500   42.000   35.000" "  -10.500   42.000   35.000"
draw line "   41.500   42.000   35.000" "   41.500  -10.000   35.000"
#2nd Level Geometric Box
draw color blue
draw line "    4.000    4.500    8.500" "   31.000    4.500    8.500"
draw line "    4.000    4.500    8.500" "    4.000   31.500    8.500"
draw line "    4.000    4.500    8.500" "    4.000    4.500   29.500"
draw line "   31.000    4.500    8.500" "   31.000   31.500    8.500"
draw line "   31.000    4.500    8.500" "   31.000    4.500   29.500"
draw line "    4.000   31.500    8.500" "   31.000   31.500    8.500"
draw line "    4.000   31.500    8.500" "    4.000   31.500   29.500"
draw line "    4.000    4.500   29.500" "   31.000    4.500   29.500"
draw line "    4.000    4.500   29.500" "    4.000   31.500   29.500"
draw line "   31.000   31.500   29.500" "   31.000   31.500    8.500"
draw line "   31.000   31.500   29.500" "    4.000   31.500   29.500"
draw line "   31.000   31.500   29.500" "   31.000    4.500   29.500"
--- End VMD goodie --------

======== Setting up Solvent Accessibility Data ========
Setting up working radii
Number of SA srf points exposed  4382
 Number of SA arcs generated  3754
 Number of SA arc points exposed        2550 Number of trimer arc points exposed         212
 with resolution (A) = .250000E+00

Atomic solvent accessible surface area:
           1    0.0000000000000
           2   15.5184376783554
           3    0.0000000000000
           4    0.0000000000000
           5   18.5220062612628
           6   23.1001479490187
           7    0.0000000000000
           8    0.0000000000000
           9    2.0023790552717
          10   24.5439071958324
          11    1.9941388122458
          12    0.0000000000000
          13    7.2586240753598
          14    0.0000000000000
          15    0.0000000000000
          16    6.9300443847056
          17    0.9898591934753
          18    0.5005947638179
          19   13.7663560049927
          20   25.6989145932833
          21    8.1427334833372
          22    0.0000000000000
          23   14.2669507688106
          24    0.0000000000000
          25    0.0000000000000
          26   19.0226010250808
          27   24.5439071958324
          28    0.0000000000000
          29    0.0000000000000
          30    0.5005947638179
          31   19.6351257566659
          32    3.6559211557841
          33    0.0000000000000
          34    5.5065424019971
          35    0.0000000000000
          36    0.0000000000000
          37    4.0425258910783
          38    1.3198122579671
          39    2.5029738190896
          40   11.5136795678120
          41   26.8539219907343
          42    9.8045158268754
          43    0.0000000000000
          44   12.7651664773568
          45    0.0000000000000
          46    0.0000000000000
          47   17.5208167336270
          48   24.8326590451951
          49    0.0000000000000
          50    0.0000000000000
          51    8.2598136029956
          52   21.6563887022050
          53    6.8133076085067
          54    0.0000000000000
          55    4.0047581105433
          56    0.0000000000000
          57    0.0000000000000
          58    5.1975332885292
          59    0.0000000000000
          60    0.0000000000000
          61    9.2610031306314
          62   21.0788850034796
          63    0.0000000000000
          64    0.0000000000000
          65   11.7639769497210
          66    0.0000000000000
          67    0.0000000000000
          68   21.5255748441703
          69   22.5226442502933
          70    0.0000000000000
          71    0.0000000000000
          72    6.0071371658150
          73   18.4801183592150
          74    3.6559211557841
          75    0.0000000000000
          76    7.2586240753598
          77    0.0000000000000
          78    0.0000000000000
          79    5.4862851378919
          80    0.0000000000000
          81    0.0000000000000
          82    7.2586240753598
          83   28.2976812375479
          84    4.9853470306146
          85    0.0000000000000
          86   12.7651664773568
          87    0.0000000000000
          88    0.0000000000000
          89   20.5243853165345
          90   23.1001479490187
          91    0.0000000000000
          92    0.0000000000000
          93    5.0059476381791
          94   17.6138628111268
          95    6.8133076085067
          96    0.0000000000000
          97    6.5077319296329
          98    0.0000000000000
          99    0.0000000000000
         100    5.7750369872547
         101    0.3299530644918
         102    0.7508921457269
         103   18.0214114974449
         104   24.8326590451951
         105    8.4750899520449
         106    0.0000000000000
         107   15.0178429145374
         108    0.0000000000000
         109    0.0000000000000
         110   18.7723036431718
         111   25.1214108945579
         112    0.0000000000000
         113    0.0000000000000
         114   10.0118952763583
         115   18.4801183592150
         116    5.8162382023837
         117    0.0000000000000
         118    5.0059476381791
         119    0.0000000000000
         120    0.0000000000000
         121    3.7537740417155
         122    0.6599061289836
         123    1.5017842914537
         124   18.5220062612628
         125   29.1639367856361
         126    6.3147729054452
         127    0.0000000000000
         128   11.5136795678120
         129    0.0000000000000
         130    0.0000000000000
         131   19.5231957888987
         132   22.5226442502933
         133    0.0000000000000
         134    0.0000000000000
         135    4.2550554924523
         136   15.5925998655876
         137    8.3089117176910
         138    0.0000000000000
         139    7.2586240753598
         140    0.0000000000000
         141    0.0000000000000
         142    6.0637888366174
         143    1.3198122579671
         144    0.0000000000000
         145   11.7639769497210
         146   23.9664034971069
         147    9.4721593581678
         148    4.9492959673767
         149   37.8264922665182
         150   10.1063147276957
         151    0.3299530644918
         152    6.2574345477239
         153    9.7615978944493
         154    0.0000000000000
         155    0.0000000000000
         156    1.0011895276358
         157    0.0000000000000
         158    0.0000000000000
         159    0.0000000000000
         160    4.0425258910783
         161    3.9594367739014
         162   30.7865779748018
         163   10.0118952763583
         164    0.0000000000000
         165    0.0000000000000
         166    3.5041633467254
         167    0.0000000000000
         168    0.0000000000000

 ======== FDPB Summary ========

 Do FDPB every           1 steps
 Nonbonded Update
   residue cutoff is set to   99.9000000000000
   fdpb cutoff is set to    5.0000000000000
   sas cutoff is set to    9.0000000000000
   nonbonded cutoff is set to    0.0000000000000
 Grid Constants
   Grid dimension      13      13       9
   Grid spacing set to     4.000
   Grid boundary
       -10.500    45.500
       -10.000    46.000
        -1.000    39.000

 Dielectric Map
   Use cavity radii in the prmtop file

   Use probe-based SES definition
     Compute SAS/SAR every           1 steps
     Solvent probe radius   1.40000000000000
     Surface dots per atom     366
     Buried atom radii increment   0.79800000000000
     Threshhold for exposed atom   0.08000000000000
     Current SAS1133.52474053919173

 Boundary conditions
   sum of grid charges as independent DH spheres

 Physical constants
   Solute dielectric constant  :   1.00000000000000
   Solvent dielectric constant :   80.0000000000000
   Temperature (K)             :   300.000000000000
   Ionic strength (mM)         :   0.00000000000000
   Debye-Huckel parameter (1/A):   0.00000000000000

FD Solver Option
   Use Modified ICCG solver

 Iteration data
   Maximum iterations  :         100
   Convergence criteria:  1.000000000000000E-03
   Iterations required        :     7
   Norm of the constant vector:       578.6659363267
   Norm of the residual vector:      0.4574940574018
   Convergence achieved       :  7.9060132743589138E-04

 Total molecular surface    808.6164

 ======== FDPB Summary ========

 Do FDPB every           1 steps
 Nonbonded Update
   residue cutoff is set to   99.9000000000000
   fdpb cutoff is set to    5.0000000000000
   sas cutoff is set to    9.0000000000000
   nonbonded cutoff is set to    0.0000000000000
 Grid Constants
   Grid dimension      53      53      41
   Grid spacing set to     0.500
   Grid boundary
         4.000    31.000
         4.500    31.500
         8.500    29.500

 Dielectric Map
   Use cavity radii in the prmtop file

   Use probe-based SES definition
     Compute SAS/SAR every           1 steps
     Solvent probe radius   1.40000000000000
     Surface dots per atom     366
     Buried atom radii increment   0.79800000000000
     Threshhold for exposed atom   0.08000000000000
     Current SAS1133.52474053919173

 Boundary conditions
   sum of grid charges as independent DH spheres

 Physical constants
   Solute dielectric constant  :   1.00000000000000
   Solvent dielectric constant :   80.0000000000000
   Temperature (K)             :   300.000000000000
   Ionic strength (mM)         :   0.00000000000000
   Debye-Huckel parameter (1/A):   0.00000000000000

FD Solver Option
   Use Modified ICCG solver

 Iteration data
   Maximum iterations  :         100
   Convergence criteria:  1.000000000000000E-03
   Iterations required        :    15
   Norm of the constant vector:    163065.2054759068
   Norm of the residual vector:    134.0971648282849
   Convergence achieved       :  8.2235302397541806E-04

 Total surface charge       0.9876
 Reaction field energy   -179.3041
 Nonpolar SAS/SAV   1133.5247      0.0000
 Cavity solvation energy      5.6676

 NSTEP =        1   TIME(PS) =       0.000  TEMP(K) =     0.00  PRESS =     0.0
 Etot   =      -731.5963  EKtot   =         0.0000  EPtot      =         0.0000
 BOND   =         0.0000  ANGLE   =         0.0000  DIHED      =         0.0000
 1-4 NB =         0.0000  1-4 EEL =         0.0000  VDWAALS    =       -49.4272
 EELEC  =      -508.5328  EPB     =      -179.3041  RESTRAINT  =         0.0000
 ECAVITY=         5.6676  EDISPER =         0.0000
 ------------------------------------------------------------------------------



  Maximum number of minimization cycles reached.


                    FINAL RESULTS


 NSTEP =        1   TIME(PS) =       0.000  TEMP(K) =     0.00  PRESS =     0.0
 Etot   =      -731.5963  EKtot   =         0.0000  EPtot      =         0.0000
 BOND   =         0.0000  ANGLE   =         0.0000  DIHED      =         0.0000
 1-4 NB =         0.0000  1-4 EEL =         0.0000  VDWAALS    =       -49.4272
 EELEC  =      -508.5328  EPB     =      -179.3041  RESTRAINT  =         0.0000
 ECAVITY=         5.6676  EDISPER =         0.0000
 ------------------------------------------------------------------------------


--------------------------------------------------------------------------------
   5.  TIMINGS
--------------------------------------------------------------------------------

| Total time                     0.15
| Read prm/crd time              0.01
| Force time                     0.14
| Nonbond force                  0.14
| PB Nonbond                     0.14
| PB NB list                     0.00
| PB FD grid                     0.00
| PB Sasa                        0.03
| PB FD force                    0.14
| PB Set linear sys              0.06
| PB Solver                      0.07
| PB Direct                      0.00
| PB SA srf                      0.00
| PB SA arc                      0.02
| PB SA arc setup                0.00
| PB circle                      0.02
| PB exclude                     0.01
| PB exmol                       0.06
| PB exmol setup                 0.00
| PB exmol part a                0.00
| PB exmol part b                0.00
| PB exmol part c                0.00
| PB exmol part d                0.00
| PB exmol part e                0.00
| PB exmol part f                0.02
| PB epsmap                      0.00
|           Job began  at 20:53:11.488  on 08/29/2021
|           Setup done at 20:53:11.494  on 08/29/2021
|           Run   done at 20:53:11.635  on 08/29/2021
|     wallclock() was called     110 times
