
          -------------------------------------------------------
          PBSA VERSION 2019                       UC Irvine
          -------------------------------------------------------

| Run on 08/29/2021 at 20:53:11

File Assignments:
|  MDIN: ../pbsa-script/mdin.in                                                
| MDOUT: guest-pb.out                                                          
|INPCRD: guest.crd                                                             
|  PARM: guest.prmtop                                                          
|

 Here is the input file:

Sample single point PB calculation                                             
&cntrl                                                                         
ipb=1, inp=1                                                                   
/                                                                              
&pb                                                                            
npbverb=1, fillratio=1.5, saopt=1, radiopt=0, epsin=1.0, epsout=80             
/                                                                              
 PBSA Warning in pb_read(): sprob=0.557 is optimized for inp=2 and  should not be used with inp=1. It has been reset to 1.4.
 PBSA Warning in pb_read(): cavity_surften=0.0378 is optimized for inp=2  and should not be used with inp=1. It has been reset to 0.005000.
 PBSA Warning in pb_read(): cavity_offset=-0.5692 is optimized for inp=2  and should not be used with inp=1. It has been reset to 0.000.

--------------------------------------------------------------------------------
   1.  RESOURCE   USE: 
--------------------------------------------------------------------------------

| Flags:                                                                        
| New format PARM file being parsed.
| Version =    1.000 Date = 08/29/21 Time = 13:42:26
 NATOM  =      21 NTYPES =       7 NBONH =       9 MBONA  =      12
 NTHETH =      19 MTHETA =      15 NPHIH =      35 MPHIA  =      19
 NHPARM =       0 NPARM  =       0 NNB   =      95 NRES   =       1
 NBONA  =      12 NTHETA =      15 NPHIA =      19 NUMBND =       9
 NUMANG =      13 NPTRA  =       8 NATYP =      18 NPHB   =       0
 IFBOX  =       1 NMXRS  =      21 IFCAP =       0 NEXTRA =       0
 NCOPY  =       0


|     Memory Use     Allocated
|     Real                 818
|     Hollerith             66
|     Integer            20796
|     Max Pairs              1
|     Max Rstack             1
|     Max Istack             1
|       Total               87 kbytes

     BOX TYPE: RECTILINEAR

--------------------------------------------------------------------------------
   2.  CONTROL  DATA  FOR  THE  RUN
--------------------------------------------------------------------------------

default_name                                                                    

General flags:
     imin    =       1, nmropt  =       0

Nature and format of input:
     ntx     =       1, irest   =       0, ntrx    =       1

Nature and format of output:
     ntxo    =       1, ntpr    =      50, ntrx    =       1, ntwr    =     500
     iwrap   =       0, ntwx    =       0, ntwv    =       0, ntwe    =       0
     ioutfm  =       0, ntwprt  =       0, idecomp =       0, rbornstat=      0

Potential function:
     ntf     =       1, ntb     =       1, ipb     =       1, nsnb    =      25
     ipol    =       0, gbsa    =       0, iesp    =       0
     dielc   =   1.00000, cut     =   8.00000, intdiel =   1.00000

Frozen or restrained atoms:
     ibelly  =       0, ntr     =       0

Energy minimization:
     maxcyc  =       1, ncyc    =      10, ntmin   =       1
     dx0     =   0.01000, drms    =   0.00010

======== Implicit Solvent Initialization ========

     Max Nonbonded Pairs:      221      221

 no. of atoms processed in PB initialization:    21
  NUM  RESI  NAME  TYPE    CHARGE ATM CRG/H   GRP CRG   PB RADI   NP RADI
    1  MOL   C1    c     0.820900  0.820900 -0.844900  1.700000  1.699835
    2  MOL   O1    o    -0.802100 -0.802100  0.018800  1.500000  1.479961
    3  MOL   O2    o    -0.802100 -0.802100  0.018800  1.500000  1.479961
    4  MOL   C2    c3    0.016200 -0.061600  0.778400  1.700000  1.699835
    5  MOL   H1    hc   -0.038900 -0.038900 -0.038900  1.300000  1.324766
    6  MOL   H2    hc   -0.038900 -0.038900 -0.038900  1.300000  1.324766
    7  MOL   C3    ca    0.019100  0.019100 -0.072700  1.700000  1.699835
    8  MOL   C4    ca   -0.172400 -0.015100 -0.130200  1.700000  1.699835
    9  MOL   H3    ha    0.157300  0.157300  0.157300  1.300000  1.299821
   10  MOL   C5    ca   -0.248900 -0.134200  0.169000  1.700000  1.699835
   11  MOL   H4    ha    0.114700  0.114700  0.114700  1.300000  1.299821
   12  MOL   C6    ca    0.318300  0.318300 -0.350600  1.700000  1.699835
   13  MOL   O3    os   -0.400500 -0.400500  0.124400  1.500000  1.500006
   14  MOL   C7    c3    0.050300  0.206600 -0.193900  1.700000  1.699835
   15  MOL   H5    h1    0.052100  0.052100  0.052100  1.300000  1.235677
   16  MOL   H6    h1    0.052100  0.052100  0.052100  1.300000  1.235677
   17  MOL   H7    h1    0.052100  0.052100  0.052100  1.300000  1.235677
   18  MOL   C8    ca   -0.248900 -0.134200  0.169000  1.700000  1.699835
   19  MOL   H8    ha    0.114700  0.114700  0.114700  1.300000  1.299821
   20  MOL   C9    ca   -0.172400 -0.015100 -0.130200  1.700000  1.699835
   21  MOL   H9    ha    0.157300  0.157300  0.157300  1.300000  1.299821

 total system charges (+/-) for PB       -1.0000        1.9251       -2.9251
 cavity_surften =        0.0050 cavity_offset =        0.0000

   SAS Surface: surface dots generated:    366

--------------------------------------------------------------------------------
   3.  ATOMIC COORDINATES AND VELOCITIES
--------------------------------------------------------------------------------

Cpptraj Generated Restart                                                       
 begin time read from input coords =   551.000 ps

 Number of triangulated 3-point waters found:        0

--------------------------------------------------------------------------------
   4.  RESULTS
--------------------------------------------------------------------------------

  NB-update: atom-based nb list      209


======== Setting up Grid Parameters ========
Using bounding box for grid setup
 Bounding Box at level:           2
 Bounding Box Center:      18.000    18.000    19.000
 Xmin, Xmax, Xmax-Xmin:    15.344    20.697     5.353
 Ymin, Ymax, Ymax-Ymin:    14.453    21.873     7.420
 Zmin, Zmax, Zmax-Zmin:    13.026    24.772    11.746
 Grid dimension at level     2    29   33   41
 Grid origin corrected at level     2     10.500     9.500     8.500
 Bounding Box at level:           1
 Bounding Box Center:      18.000    18.000    19.000
 Xmin, Xmax, Xmax-Xmin:    15.344    20.697     5.353
 Ymin, Ymax, Ymax-Ymin:    14.453    21.873     7.420
 Zmin, Zmax, Zmax-Zmin:    13.026    24.772    11.746
PB Warn in setgrd(): focusing grid too large    2
 fillratio is automatically increased to 2.500
 Grid dimension at level     1     5    7    9
 Grid origin corrected at level     1      6.000     2.000    -1.000
------- VMD goodie --------
#First Level Geometric Box
draw materials off
draw color green
draw line "    6.000    2.000   -1.000" "   26.000    2.000   -1.000"
draw line "    6.000    2.000   -1.000" "    6.000   30.000   -1.000"
draw line "    6.000    2.000   -1.000" "    6.000    2.000   35.000"
draw line "   26.000    2.000   -1.000" "   26.000   30.000   -1.000"
draw line "   26.000    2.000   -1.000" "   26.000    2.000   35.000"
draw line "    6.000   30.000   -1.000" "   26.000   30.000   -1.000"
draw line "    6.000   30.000   -1.000" "    6.000   30.000   35.000"
draw line "    6.000    2.000   35.000" "   26.000    2.000   35.000"
draw line "    6.000    2.000   35.000" "    6.000   30.000   35.000"
draw line "   26.000   30.000   35.000" "   26.000   30.000   -1.000"
draw line "   26.000   30.000   35.000" "    6.000   30.000   35.000"
draw line "   26.000   30.000   35.000" "   26.000    2.000   35.000"
#2nd Level Geometric Box
draw color blue
draw line "   10.500    9.500    8.500" "   25.500    9.500    8.500"
draw line "   10.500    9.500    8.500" "   10.500   26.500    8.500"
draw line "   10.500    9.500    8.500" "   10.500    9.500   29.500"
draw line "   25.500    9.500    8.500" "   25.500   26.500    8.500"
draw line "   25.500    9.500    8.500" "   25.500    9.500   29.500"
draw line "   10.500   26.500    8.500" "   25.500   26.500    8.500"
draw line "   10.500   26.500    8.500" "   10.500   26.500   29.500"
draw line "   10.500    9.500   29.500" "   25.500    9.500   29.500"
draw line "   10.500    9.500   29.500" "   10.500   26.500   29.500"
draw line "   25.500   26.500   29.500" "   25.500   26.500    8.500"
draw line "   25.500   26.500   29.500" "   10.500   26.500   29.500"
draw line "   25.500   26.500   29.500" "   25.500    9.500   29.500"
--- End VMD goodie --------

======== Setting up Solvent Accessibility Data ========
Setting up working radii
Number of SA srf points exposed  1379
 Number of SA arcs generated   170
 Number of SA arc points exposed         726 Number of trimer arc points exposed          56
 with resolution (A) = .250000E+00

Atomic solvent accessible surface area:
           1    6.9290143543274
           2   45.3340403499492
           3   38.4039959652436
           4    0.6599061289836
           5   22.5267643718062
           6   21.0249800803524
           7    2.9695775804260
           8    9.5686388702616
           9   22.0261696079882
          10    7.9188735478027
          11   17.7711141155360
          12    3.2995306449178
          13   15.3038480162249
          14    5.9391551608520
          15   35.0416334672540
          16   28.0333067738032
          17   21.2752774622614
          18   10.5584980637370
          19   28.2836041557122
          20    7.2589674188192
          21   21.5255748441703

 ======== FDPB Summary ========

 Do FDPB every           1 steps
 Nonbonded Update
   residue cutoff is set to   99.9000000000000
   fdpb cutoff is set to    5.0000000000000
   sas cutoff is set to    9.0000000000000
   nonbonded cutoff is set to    0.0000000000000
 Grid Constants
   Grid dimension       5       7       9
   Grid spacing set to     4.000
   Grid boundary
         6.000    30.000
         2.000    34.000
        -1.000    39.000

 Dielectric Map
   Use cavity radii in the prmtop file

   Use probe-based SES definition
     Compute SAS/SAR every           1 steps
     Solvent probe radius   1.40000000000000
     Surface dots per atom     366
     Buried atom radii increment   0.79800000000000
     Threshhold for exposed atom   0.08000000000000
     Current SAS 371.65247098042897

 Boundary conditions
   sum of grid charges as independent DH spheres

 Physical constants
   Solute dielectric constant  :   1.00000000000000
   Solvent dielectric constant :   80.0000000000000
   Temperature (K)             :   300.000000000000
   Ionic strength (mM)         :   0.00000000000000
   Debye-Huckel parameter (1/A):   0.00000000000000

FD Solver Option
   Use Modified ICCG solver

 Iteration data
   Maximum iterations  :         100
   Convergence criteria:  1.000000000000000E-03
   Iterations required        :     5
   Norm of the constant vector:       278.7657167082
   Norm of the residual vector:      0.1058962828155
   Convergence achieved       :  3.7987556025899691E-04

 Total molecular surface    186.1019

 ======== FDPB Summary ========

 Do FDPB every           1 steps
 Nonbonded Update
   residue cutoff is set to   99.9000000000000
   fdpb cutoff is set to    5.0000000000000
   sas cutoff is set to    9.0000000000000
   nonbonded cutoff is set to    0.0000000000000
 Grid Constants
   Grid dimension      29      33      41
   Grid spacing set to     0.500
   Grid boundary
        10.500    25.500
         9.500    26.500
         8.500    29.500

 Dielectric Map
   Use cavity radii in the prmtop file

   Use probe-based SES definition
     Compute SAS/SAR every           1 steps
     Solvent probe radius   1.40000000000000
     Surface dots per atom     366
     Buried atom radii increment   0.79800000000000
     Threshhold for exposed atom   0.08000000000000
     Current SAS 371.65247098042897

 Boundary conditions
   sum of grid charges as independent DH spheres

 Physical constants
   Solute dielectric constant  :   1.00000000000000
   Solvent dielectric constant :   80.0000000000000
   Temperature (K)             :   300.000000000000
   Ionic strength (mM)         :   0.00000000000000
   Debye-Huckel parameter (1/A):   0.00000000000000

FD Solver Option
   Use Modified ICCG solver

 Iteration data
   Maximum iterations  :         100
   Convergence criteria:  1.000000000000000E-03
   Iterations required        :    14
   Norm of the constant vector:     25849.6735840296
   Norm of the residual vector:     20.9820252236439
   Convergence achieved       :  8.1169401058150926E-04

 Total surface charge       0.9875
 Reaction field energy    -79.0689
 Nonpolar SAS/SAV    371.6525      0.0000
 Cavity solvation energy      1.8583

 NSTEP =        1   TIME(PS) =       0.000  TEMP(K) =     0.00  PRESS =     0.0
 Etot   =       -62.1673  EKtot   =         0.0000  EPtot      =         0.0000
 BOND   =         0.0000  ANGLE   =         0.0000  DIHED      =         0.0000
 1-4 NB =         0.0000  1-4 EEL =         0.0000  VDWAALS    =        -1.0274
 EELEC  =        16.0708  EPB     =       -79.0689  RESTRAINT  =         0.0000
 ECAVITY=         1.8583  EDISPER =         0.0000
 ------------------------------------------------------------------------------



  Maximum number of minimization cycles reached.


                    FINAL RESULTS


 NSTEP =        1   TIME(PS) =       0.000  TEMP(K) =     0.00  PRESS =     0.0
 Etot   =       -62.1673  EKtot   =         0.0000  EPtot      =         0.0000
 BOND   =         0.0000  ANGLE   =         0.0000  DIHED      =         0.0000
 1-4 NB =         0.0000  1-4 EEL =         0.0000  VDWAALS    =        -1.0274
 EELEC  =        16.0708  EPB     =       -79.0689  RESTRAINT  =         0.0000
 ECAVITY=         1.8583  EDISPER =         0.0000
 ------------------------------------------------------------------------------


--------------------------------------------------------------------------------
   5.  TIMINGS
--------------------------------------------------------------------------------

| Total time                     0.04
| Read prm/crd time              0.00
| Force time                     0.04
| Nonbond force                  0.04
| PB Nonbond                     0.04
| PB Sasa                        0.00
| PB FD force                    0.04
| PB Set linear sys              0.01
| PB Solver                      0.02
| PB SA srf                      0.00
| PB SA arc                      0.00
| PB exclude                     0.00
| PB exmol                       0.01
| PB exmol setup                 0.00
| PB exmol part b                0.00
| PB exmol part e                0.00
| PB exmol part f                0.01
| PB epsmap                      0.00
|           Job began  at 20:53:11.654  on 08/29/2021
|           Setup done at 20:53:11.658  on 08/29/2021
|           Run   done at 20:53:11.694  on 08/29/2021
|     wallclock() was called     110 times
