
          -------------------------------------------------------
          PBSA VERSION 2019                       UC Irvine
          -------------------------------------------------------

| Run on 09/26/2021 at 23:34:19
  [-O]verwriting output

File Assignments:
|  MDIN: ../../../scripts/pbsa.in                                              
| MDOUT: lig-pb.out                                                            
|INPCRD: ../top_crd/lig.crd                                                    
|  PARM: ../top_crd/lig.top                                                    
|

 Here is the input file:

Sample single point PB calculation                                             
&cntrl                                                                         
ipb=1, inp=1                                                                   
/                                                                              
&pb                                                                            
npbverb=1, fillratio=1.5, saopt=1, radiopt=0, epsin=1.0, epsout=80             
/                                                                              
 PBSA Warning in pb_read(): sprob=0.557 is optimized for inp=2 and  should not be used with inp=1. It has been reset to 1.4.
 PBSA Warning in pb_read(): cavity_surften=0.0378 is optimized for inp=2  and should not be used with inp=1. It has been reset to 0.005000.
 PBSA Warning in pb_read(): cavity_offset=-0.5692 is optimized for inp=2  and should not be used with inp=1. It has been reset to 0.000.

--------------------------------------------------------------------------------
   1.  RESOURCE   USE: 
--------------------------------------------------------------------------------

| Flags:                                                                        
| New format PARM file being parsed.
| Version =    1.000 Date = 09/26/21 Time = 22:06:50
 NATOM  =      70 NTYPES =      10 NBONH =      39 MBONA  =      31
 NTHETH =      91 MTHETA =      38 NPHIH =     155 MPHIA  =      74
 NHPARM =       0 NPARM  =       0 NNB   =     383 NRES   =       1
 NBONA  =      31 NTHETA =      38 NPHIA =      74 NUMBND =      14
 NUMANG =      29 NPTRA  =      33 NATYP =      11 NPHB   =       0
 IFBOX  =       0 NMXRS  =      70 IFCAP =       0 NEXTRA =       0
 NCOPY  =       0


|     Memory Use     Allocated
|     Real                2631
|     Hollerith            213
|     Integer            23021
|     Max Pairs              1
|     Max Rstack             1
|     Max Istack             1
|       Total              111 kbytes

--------------------------------------------------------------------------------
   2.  CONTROL  DATA  FOR  THE  RUN
--------------------------------------------------------------------------------

default_name                                                                    

General flags:
     imin    =       1, nmropt  =       0

Nature and format of input:
     ntx     =       1, irest   =       0, ntrx    =       1

Nature and format of output:
     ntxo    =       1, ntpr    =      50, ntrx    =       1, ntwr    =     500
     iwrap   =       0, ntwx    =       0, ntwv    =       0, ntwe    =       0
     ioutfm  =       0, ntwprt  =       0, idecomp =       0, rbornstat=      0

Potential function:
     ntf     =       1, ntb     =       1, ipb     =       1, nsnb    =      25
     ipol    =       0, gbsa    =       0, iesp    =       0
     dielc   =   1.00000, cut     =   8.00000, intdiel =   1.00000

Frozen or restrained atoms:
     ibelly  =       0, ntr     =       0

Energy minimization:
     maxcyc  =       1, ncyc    =      10, ntmin   =       1
     dx0     =   0.01000, drms    =   0.00010

======== Implicit Solvent Initialization ========

     Max Nonbonded Pairs:     2450     2450

 no. of atoms processed in PB initialization:    70
  NUM  RESI  NAME  TYPE    CHARGE ATM CRG/H   GRP CRG   PB RADI   NP RADI
    1  LIG   NZ    n4   -1.121600 -0.228200 -0.022000  1.550000  1.249753
    2  LIG   H13   hn    0.297800  0.297800  0.297800  1.300000  0.553248
    3  LIG   HZ1   hn    0.297800  0.297800  0.297800  1.300000  0.553248
    4  LIG   HZ2   hn    0.297800  0.297800  0.297800  1.300000  0.553248
    5  LIG   CE    c3    0.157800  0.206200 -0.010000  1.700000  1.698855
    6  LIG   HE1   hx    0.024200  0.024200  0.024200  1.300000  0.943729
    7  LIG   HE2   hx    0.024200  0.024200  0.024200  1.300000  0.943729
    8  LIG   CD    c3   -0.077400  0.012000  0.242200  1.700000  1.698855
    9  LIG   HD1   hc    0.044700  0.044700  0.044700  1.300000  1.300089
   10  LIG   HD2   hc    0.044700  0.044700  0.044700  1.300000  1.300089
   11  LIG   CG    c3   -0.086400  0.024000  0.071000  1.700000  1.698855
   12  LIG   HG1   hc    0.055200  0.055200  0.055200  1.300000  1.300089
   13  LIG   HG2   hc    0.055200  0.055200  0.055200  1.300000  1.300089
   14  LIG   CB    c3   -0.079400  0.035000  0.243200  1.700000  1.698855
   15  LIG   HB1   hc    0.057200  0.057200  0.057200  1.300000  1.300089
   16  LIG   HB2   hc    0.057200  0.057200  0.057200  1.300000  1.300089
   17  LIG   CA    c3    0.110500  0.184200  0.671101  1.700000  1.698855
   18  LIG   N     n4   -1.091600 -0.157199  0.027001  1.550000  1.249753
   19  LIG   H1    hn    0.311467  0.311467  0.311467  1.300000  0.553248
   20  LIG   H4    hn    0.311467  0.311467  0.311467  1.300000  0.553248
   21  LIG   H2    hn    0.311467  0.311467  0.311467  1.300000  0.553248
   22  LIG   HA    hx    0.073700  0.073700  0.073700  1.300000  0.943729
   23  LIG   C     c     0.609100  0.609100 -0.048200  1.700000  1.657606
   24  LIG   O     o    -0.624100 -0.624100 -0.015000  1.500000  1.524060
   25  LIG   N1    n    -0.536900 -0.217400  0.516100  1.550000  1.590432
   26  LIG   HN1   hn    0.319500  0.319500  0.319500  1.300000  0.553248
   27  LIG   C1    c3    0.023700  0.124400  0.582100  1.700000  1.698855
   28  LIG   C5    c3   -0.080400  0.042000  0.240700  1.700000  1.698855
   29  LIG   C7    c3   -0.036100  0.074300  0.037000  1.700000  1.698855
   30  LIG   C9    ca   -0.079300 -0.079300  0.006000  1.700000  1.657606
   31  LIG   CE1   ca   -0.126000  0.005500 -0.072800  1.700000  1.657606
   32  LIG   CZ1   ca   -0.128500  0.001000  0.002500  1.700000  1.657606
   33  LIG   CH    ca   -0.133000 -0.004000 -0.002000  1.700000  1.657606
   34  LIG   CZ2   ca   -0.128500  0.001000  0.002500  1.700000  1.657606
   35  LIG   CE2   ca   -0.126000  0.005500 -0.072800  1.700000  1.657606
   36  LIG   H15   ha    0.131500  0.131500  0.131500  1.300000  1.312739
   37  LIG   H17   ha    0.129500  0.129500  0.129500  1.300000  1.312739
   38  LIG   HH    ha    0.129000  0.129000  0.129000  1.300000  1.312739
   39  LIG   H16   ha    0.129500  0.129500  0.129500  1.300000  1.312739
   40  LIG   H14   ha    0.131500  0.131500  0.131500  1.300000  1.312739
   41  LIG   H71   hc    0.055200  0.055200  0.055200  1.300000  1.300089
   42  LIG   H72   hc    0.055200  0.055200  0.055200  1.300000  1.300089
   43  LIG   H51   hc    0.061200  0.061200  0.061200  1.300000  1.300089
   44  LIG   H52   hc    0.061200  0.061200  0.061200  1.300000  1.300089
   45  LIG   H9    h1    0.100700  0.100700  0.100700  1.300000  1.210999
   46  LIG   C3    c     0.633100  0.633100 -0.090000  1.700000  1.657606
   47  LIG   O1    o    -0.635100 -0.635100 -0.002000  1.500000  1.524060
   48  LIG   N2    n    -0.542900 -0.212400  0.527100  1.550000  1.590432
   49  LIG   HN2   hn    0.330500  0.330500  0.330500  1.300000  0.553248
   50  LIG   C2    c3    0.012700  0.106400  0.814600  1.700000  1.698855
   51  LIG   C4    c     0.899600  0.899600 -0.699600  1.700000  1.657606
   52  LIG   O2    o    -0.852800 -0.852800  0.046800  1.500000  1.524060
   53  LIG   OXT   o    -0.852800 -0.852800  0.046800  1.500000  1.524060
   54  LIG   H12   h1    0.093700  0.093700  0.093700  1.300000  1.210999
   55  LIG   C6    c3   -0.081400  0.021000  0.147400  1.700000  1.698855
   56  LIG   H61   hc    0.051200  0.051200  0.051200  1.300000  1.300089
   57  LIG   H62   hc    0.051200  0.051200  0.051200  1.300000  1.300089
   58  LIG   C8    c3   -0.089400  0.020000  0.095000  1.700000  1.698855
   59  LIG   H81   hc    0.054700  0.054700  0.054700  1.300000  1.300089
   60  LIG   H82   hc    0.054700  0.054700  0.054700  1.300000  1.300089
   61  LIG   C10   c3   -0.108400  0.054000  0.343200  1.700000  1.698855
   62  LIG   H101  hc    0.081200  0.081200  0.081200  1.300000  1.300089
   63  LIG   H102  hc    0.081200  0.081200  0.081200  1.300000  1.300089
   64  LIG   C11   c3    0.122800  0.269200  0.860000  1.700000  1.698855
   65  LIG   H111  hx    0.073200  0.073200  0.073200  1.300000  0.943729
   66  LIG   H112  hx    0.073200  0.073200  0.073200  1.300000  0.943729
   67  LIG   N3    n4   -0.884600  0.536800  0.806000  1.550000  1.249753
   68  LIG   H31   hn    0.473800  0.473800  0.473800  1.300000  0.553248
   69  LIG   H32   hn    0.473800  0.473800  0.473800  1.300000  0.553248
   70  LIG   H33   hn    0.473800  0.473800  0.473800  1.300000  0.553248

 total system charges (+/-) for PB        0.0010        8.5036       -8.5026
 cavity_surften =        0.0050 cavity_offset =        0.0000

   SAS Surface: surface dots generated:    366

--------------------------------------------------------------------------------
   3.  ATOMIC COORDINATES AND VELOCITIES
--------------------------------------------------------------------------------

default_name                                                                    
 begin time read from input coords =     0.000 ps

 Number of triangulated 3-point waters found:        0

--------------------------------------------------------------------------------
   4.  RESULTS
--------------------------------------------------------------------------------

  NB-update: atom-based nb list     1656


======== Setting up Grid Parameters ========
Using bounding box for grid setup
 Bounding Box at level:           2
 Bounding Box Center:       1.500    20.500    15.500
 Xmin, Xmax, Xmax-Xmin:    -5.893     9.261    15.154
 Ymin, Ymax, Ymax-Ymin:    13.255    28.062    14.807
 Zmin, Zmax, Zmax-Zmin:     8.249    22.593    14.344
 Grid dimension at level     2    49   49   47
 Grid origin corrected at level     2    -11.000     8.000     3.500
 Bounding Box at level:           1
 Bounding Box Center:       1.500    20.500    15.500
 Xmin, Xmax, Xmax-Xmin:    -5.893     9.261    15.154
 Ymin, Ymax, Ymax-Ymin:    13.255    28.062    14.807
 Zmin, Zmax, Zmax-Zmin:     8.249    22.593    14.344
PB Warn in setgrd(): focusing grid too large    2
 fillratio is automatically increased to 2.500
 Grid dimension at level     1    11   11   11
 Grid origin corrected at level     1    -22.500    -3.500    -8.500
------- VMD goodie --------
#First Level Geometric Box
draw materials off
draw color green
draw line "  -22.500   -3.500   -8.500" "   21.500   -3.500   -8.500"
draw line "  -22.500   -3.500   -8.500" "  -22.500   40.500   -8.500"
draw line "  -22.500   -3.500   -8.500" "  -22.500   -3.500   35.500"
draw line "   21.500   -3.500   -8.500" "   21.500   40.500   -8.500"
draw line "   21.500   -3.500   -8.500" "   21.500   -3.500   35.500"
draw line "  -22.500   40.500   -8.500" "   21.500   40.500   -8.500"
draw line "  -22.500   40.500   -8.500" "  -22.500   40.500   35.500"
draw line "  -22.500   -3.500   35.500" "   21.500   -3.500   35.500"
draw line "  -22.500   -3.500   35.500" "  -22.500   40.500   35.500"
draw line "   21.500   40.500   35.500" "   21.500   40.500   -8.500"
draw line "   21.500   40.500   35.500" "  -22.500   40.500   35.500"
draw line "   21.500   40.500   35.500" "   21.500   -3.500   35.500"
#2nd Level Geometric Box
draw color blue
draw line "  -11.000    8.000    3.500" "   14.000    8.000    3.500"
draw line "  -11.000    8.000    3.500" "  -11.000   33.000    3.500"
draw line "  -11.000    8.000    3.500" "  -11.000    8.000   27.500"
draw line "   14.000    8.000    3.500" "   14.000   33.000    3.500"
draw line "   14.000    8.000    3.500" "   14.000    8.000   27.500"
draw line "  -11.000   33.000    3.500" "   14.000   33.000    3.500"
draw line "  -11.000   33.000    3.500" "  -11.000   33.000   27.500"
draw line "  -11.000    8.000   27.500" "   14.000    8.000   27.500"
draw line "  -11.000    8.000   27.500" "  -11.000   33.000   27.500"
draw line "   14.000   33.000   27.500" "   14.000   33.000    3.500"
draw line "   14.000   33.000   27.500" "  -11.000   33.000   27.500"
draw line "   14.000   33.000   27.500" "   14.000    8.000   27.500"
--- End VMD goodie --------

======== Setting up Solvent Accessibility Data ========
Setting up working radii
Number of SA srf points exposed  3251
 Number of SA arcs generated   906
 Number of SA arc points exposed        1680 Number of trimer arc points exposed         140
 with resolution (A) = .250000E+00

Atomic solvent accessible surface area:
           1    0.0000000000000
           2   30.0356858290749
           3   23.7782512813509
           4   13.7663560049927
           5    0.0000000000000
           6   17.2705193517181
           7   25.0297381908957
           8    0.0000000000000
           9   21.2752774622614
          10   21.0249800803524
          11    0.0000000000000
          12    8.2598136029956
          13    5.5065424019971
          14    0.0000000000000
          15   10.7627874220852
          16   12.0142743316300
          17    0.0000000000000
          18    0.2987946455504
          19   18.5220062612628
          20   14.0166533869016
          21   26.0309277185316
          22   13.7663560049927
          23    0.0000000000000
          24   16.7476072630386
          25    0.0000000000000
          26    5.5065424019971
          27    0.0000000000000
          28    0.0000000000000
          29    0.3299530644918
          30    2.6396245159342
          31    7.5889204833109
          32   10.2285449992452
          33   11.8783103217041
          34   11.2184041927205
          35    7.2589674188192
          36   21.7758722260793
          37   31.5374701205286
          38   30.5362805928928
          39   30.2859832109838
          40   20.7746826984435
          41   10.0118952763583
          42   14.0166533869016
          43   11.7639769497210
          44   11.5136795678120
          45    6.7580293115418
          46    0.3299530644918
          47   24.5439071958324
          48    0.0000000000000
          49    7.5089214572687
          50    0.0000000000000
          51    4.6193429028849
          52   38.9814996639691
          53   36.0939811703418
          54    7.7592188391777
          55    0.0000000000000
          56   13.5160586230837
          57    9.2610031306314
          58    0.0000000000000
          59   14.2669507688106
          60    2.5029738190896
          61    0.0000000000000
          62   19.0226010250808
          63   21.0249800803524
          64    0.0000000000000
          65   26.2812251004405
          66   21.2752774622614
          67    0.2987946455504
          68   29.5350910652570
          69   25.2800355728047
          70   17.0202219698091

 ======== FDPB Summary ========

 Do FDPB every           1 steps
 Nonbonded Update
   residue cutoff is set to   99.9000000000000
   fdpb cutoff is set to    5.0000000000000
   sas cutoff is set to    9.0000000000000
   nonbonded cutoff is set to    0.0000000000000
 Grid Constants
   Grid dimension      11      11      11
   Grid spacing set to     4.000
   Grid boundary
       -22.500    25.500
        -3.500    44.500
        -8.500    39.500

 Dielectric Map
   Use cavity radii in the prmtop file

   Use probe-based SES definition
     Compute SAS/SAR every           1 steps
     Solvent probe radius   1.40000000000000
     Surface dots per atom     366
     Buried atom radii increment   0.79800000000000
     Threshhold for exposed atom   0.08000000000000
     Current SAS 842.85239953625512

 Boundary conditions
   sum of grid charges as independent DH spheres

 Physical constants
   Solute dielectric constant  :   1.00000000000000
   Solvent dielectric constant :   80.0000000000000
   Temperature (K)             :   300.000000000000
   Ionic strength (mM)         :   0.00000000000000
   Debye-Huckel parameter (1/A):   0.00000000000000

FD Solver Option
   Use Modified ICCG solver

 Iteration data
   Maximum iterations  :         100
   Convergence criteria:  1.000000000000000E-03
   Iterations required        :     7
   Norm of the constant vector:       191.1768625936
   Norm of the residual vector:      0.0694824614691
   Convergence achieved       :  3.6344597628857055E-04

 Total molecular surface    492.1591

 ======== FDPB Summary ========

 Do FDPB every           1 steps
 Nonbonded Update
   residue cutoff is set to   99.9000000000000
   fdpb cutoff is set to    5.0000000000000
   sas cutoff is set to    9.0000000000000
   nonbonded cutoff is set to    0.0000000000000
 Grid Constants
   Grid dimension      49      49      47
   Grid spacing set to     0.500
   Grid boundary
       -11.000    14.000
         8.000    33.000
         3.500    27.500

 Dielectric Map
   Use cavity radii in the prmtop file

   Use probe-based SES definition
     Compute SAS/SAR every           1 steps
     Solvent probe radius   1.40000000000000
     Surface dots per atom     366
     Buried atom radii increment   0.79800000000000
     Threshhold for exposed atom   0.08000000000000
     Current SAS 842.85239953625512

 Boundary conditions
   sum of grid charges as independent DH spheres

 Physical constants
   Solute dielectric constant  :   1.00000000000000
   Solvent dielectric constant :   80.0000000000000
   Temperature (K)             :   300.000000000000
   Ionic strength (mM)         :   0.00000000000000
   Debye-Huckel parameter (1/A):   0.00000000000000

FD Solver Option
   Use Modified ICCG solver

 Iteration data
   Maximum iterations  :         100
   Convergence criteria:  1.000000000000000E-03
   Iterations required        :    17
   Norm of the constant vector:     61386.4029075060
   Norm of the residual vector:     51.3240287413917
   Convergence achieved       :  8.3608138464676379E-04

 Total surface charge      -0.0014
 Reaction field energy   -100.1797
 Nonpolar SAS/SAV    842.8524      0.0000
 Cavity solvation energy      4.2143

 NSTEP =        1   TIME(PS) =       0.000  TEMP(K) =     0.00  PRESS =     0.0
 Etot   =      -464.2753  EKtot   =         0.0000  EPtot      =         0.0000
 BOND   =         0.0000  ANGLE   =         0.0000  DIHED      =         0.0000
 1-4 NB =         0.0000  1-4 EEL =         0.0000  VDWAALS    =       -10.8931
 EELEC  =      -357.4168  EPB     =      -100.1797  RESTRAINT  =         0.0000
 ECAVITY=         4.2143  EDISPER =         0.0000
 ------------------------------------------------------------------------------



  Maximum number of minimization cycles reached.


                    FINAL RESULTS


 NSTEP =        1   TIME(PS) =       0.000  TEMP(K) =     0.00  PRESS =     0.0
 Etot   =      -464.2753  EKtot   =         0.0000  EPtot      =         0.0000
 BOND   =         0.0000  ANGLE   =         0.0000  DIHED      =         0.0000
 1-4 NB =         0.0000  1-4 EEL =         0.0000  VDWAALS    =       -10.8931
 EELEC  =      -357.4168  EPB     =      -100.1797  RESTRAINT  =         0.0000
 ECAVITY=         4.2143  EDISPER =         0.0000
 ------------------------------------------------------------------------------


--------------------------------------------------------------------------------
   5.  TIMINGS
--------------------------------------------------------------------------------

| Total time                     0.09
| Read prm/crd time              0.01
| Force time                     0.08
| Nonbond force                  0.08
| PB Nonbond                     0.08
| PB FD grid                     0.00
| PB Sasa                        0.01
| PB FD force                    0.08
| PB Set linear sys              0.02
| PB Solver                      0.06
| PB SA srf                      0.00
| PB SA arc                      0.00
| PB circle                      0.00
| PB exclude                     0.00
| PB exmol                       0.02
| PB exmol setup                 0.00
| PB exmol part b                0.00
| PB exmol part d                0.00
| PB exmol part e                0.00
| PB exmol part f                0.01
| PB epsbnd                      0.00
| PB epsmap                      0.00
|           Job began  at 23:34:19.806  on 09/26/2021
|           Setup done at 23:34:19.814  on 09/26/2021
|           Run   done at 23:34:19.896  on 09/26/2021
|     wallclock() was called     110 times
