
          -------------------------------------------------------
          GBNSR6 2015                       
          -------------------------------------------------------

| Run on 11/06/2021 at 09:46:52
  [-O]verwriting output

File Assignments:
|  MDIN: ../scripts/gbnsr6.in                                                  
| MDOUT: guest-gb-radii.out                                                    
|INPCRD: guest.crd                                                             
|  PARM: guest.prmtop                                                          
|

 Here is the input file:

compute                                                                        
&cntrl                                                                         
inp=1                                                                          
/                                                                              
&gb                                                                            
epsin=1.0, epsout=80, istrng=0, space=0.5,                                     
arcres=0.2, B=0.028, alpb=1, rbornstat=0, rbornstat=1, cavity_surften=0.005    
/                                                                              

--------------------------------------------------------------------------------
   1.  RESOURCE   USE: 
--------------------------------------------------------------------------------

| Flags:                                                                        
| New format PARM file being parsed.
| Version =    1.000 Date = 08/29/21 Time = 13:30:02
 NATOM  =      20 NTYPES =       5 NBONH =      14 MBONA  =       5
 NTHETH =      32 MTHETA =       4 NPHIH =      42 MPHIA  =       5
 NHPARM =       0 NPARM  =       0 NNB   =     101 NRES   =       1
 NBONA  =       5 NTHETA =       4 NPHIA =       5 NUMBND =       5
 NUMANG =      10 NPTRA  =       6 NATYP =      15 NPHB   =       0
 IFBOX  =       1 NMXRS  =      20 IFCAP =       0 NEXTRA =       0
 NCOPY  =       0

GB Warning in  gb_read(): B=0 is recommended for molecules with more than 50 atoms

|     Memory Use     Allocated
|     Real                 778
|     Hollerith            123
|     Integer            18782
|     Max Pairs              1
|     Max Rstack             1
|     Max Istack             1
|       Total               79 kbytes

| Note: 1-4 EEL scale factors are being read from the topology file.

     BOX TYPE: RECTILINEAR

--------------------------------------------------------------------------------
   2.  ATOMIC COORDINATES AND VELOCITIES
--------------------------------------------------------------------------------

Cpptraj Generated Restart                                                       
 begin time read from input coords =   551.000 ps

 Number of triangulated 3-point waters found:        0

--------------------------------------------------------------------------------
   3.  RESULTS
--------------------------------------------------------------------------------

Print:    Atom number      Inverse Effective Born Radii
rinv           1            0.49321800
rinv           2            0.67237252
rinv           3            0.65226125
rinv           4            0.63438253
rinv           5            0.45565484
rinv           6            0.63041168
rinv           7            0.63786770
rinv           8            0.43041924
rinv           9            0.60655279
rinv          10            0.60901344
rinv          11            0.42534281
rinv          12            0.59636721
rinv          13            0.60023611
rinv          14            0.44867465
rinv          15            0.62452362
rinv          16            0.62481737
rinv          17            0.48851241
rinv          18            0.65541253
rinv          19            0.65891456
rinv          20            0.64475152

 Cavity solvation energy      1.6020

 NSTEP =        1   TIME(PS) =       0.000  TEMP(K) =     0.00  PRESS =     0.0
 Etot   =       -16.5074  EKtot   =         0.0000  EPtot      =         0.0000
 BOND   =         0.0000  ANGLE   =         0.0000  DIHED      =         0.0000
 1-4 NB =         0.0000  1-4 EEL =        25.8558  VDWAALS    =         0.0000
 EELEC  =        17.6653  EGB     =       -61.6305  RESTRAINT  =         0.0000
 ESURF  =         1.6020
 ------------------------------------------------------------------------------



  Maximum number of minimization cycles reached.


                    FINAL RESULTS


 NSTEP =        1   TIME(PS) =       0.000  TEMP(K) =     0.00  PRESS =     0.0
 Etot   =       -16.5074  EKtot   =         0.0000  EPtot      =         0.0000
 BOND   =         0.0000  ANGLE   =         0.0000  DIHED      =         0.0000
 1-4 NB =         0.0000  1-4 EEL =        25.8558  VDWAALS    =         0.0000
 EELEC  =        17.6653  EGB     =       -61.6305  RESTRAINT  =         0.0000
 ESURF  =         1.6020
 ------------------------------------------------------------------------------

|           Job began  at 09:46:52.994  on 11/06/2021
|           Setup done at 09:46:52.996  on 11/06/2021
|           Run   done at 09:46:53.004  on 11/06/2021
|     wallclock() was called      72 times
