
          -------------------------------------------------------
          PBSA VERSION 2019                       UC Irvine
          -------------------------------------------------------

| Run on 09/26/2021 at 23:26:44
  [-O]verwriting output

File Assignments:
|  MDIN: ../../../scripts/pbsa.in                                              
| MDOUT: lig-pb.out                                                            
|INPCRD: ../top_crd/lig.crd                                                    
|  PARM: ../top_crd/lig.top                                                    
|

 Here is the input file:

Sample single point PB calculation                                             
&cntrl                                                                         
ipb=1, inp=1                                                                   
/                                                                              
&pb                                                                            
npbverb=1, fillratio=1.5, saopt=1, radiopt=0, epsin=1.0, epsout=80             
/                                                                              
 PBSA Warning in pb_read(): sprob=0.557 is optimized for inp=2 and  should not be used with inp=1. It has been reset to 1.4.
 PBSA Warning in pb_read(): cavity_surften=0.0378 is optimized for inp=2  and should not be used with inp=1. It has been reset to 0.005000.
 PBSA Warning in pb_read(): cavity_offset=-0.5692 is optimized for inp=2  and should not be used with inp=1. It has been reset to 0.000.

--------------------------------------------------------------------------------
   1.  RESOURCE   USE: 
--------------------------------------------------------------------------------

| Flags:                                                                        
| New format PARM file being parsed.
| Version =    1.000 Date = 09/26/21 Time = 22:06:32
 NATOM  =      29 NTYPES =       9 NBONH =      12 MBONA  =      18
 NTHETH =      25 MTHETA =      28 NPHIH =      62 MPHIA  =      72
 NHPARM =       0 NPARM  =       0 NNB   =     163 NRES   =       1
 NBONA  =      18 NTHETA =      28 NPHIA =      72 NUMBND =      10
 NUMANG =      22 NPTRA  =      41 NATYP =       9 NPHB   =       0
 IFBOX  =       0 NMXRS  =      29 IFCAP =       0 NEXTRA =       0
 NCOPY  =       0


|     Memory Use     Allocated
|     Real                1117
|     Hollerith             90
|     Integer            21499
|     Max Pairs              1
|     Max Rstack             1
|     Max Istack             1
|       Total               93 kbytes

--------------------------------------------------------------------------------
   2.  CONTROL  DATA  FOR  THE  RUN
--------------------------------------------------------------------------------

default_name                                                                    

General flags:
     imin    =       1, nmropt  =       0

Nature and format of input:
     ntx     =       1, irest   =       0, ntrx    =       1

Nature and format of output:
     ntxo    =       1, ntpr    =      50, ntrx    =       1, ntwr    =     500
     iwrap   =       0, ntwx    =       0, ntwv    =       0, ntwe    =       0
     ioutfm  =       0, ntwprt  =       0, idecomp =       0, rbornstat=      0

Potential function:
     ntf     =       1, ntb     =       1, ipb     =       1, nsnb    =      25
     ipol    =       0, gbsa    =       0, iesp    =       0
     dielc   =   1.00000, cut     =   8.00000, intdiel =   1.00000

Frozen or restrained atoms:
     ibelly  =       0, ntr     =       0

Energy minimization:
     maxcyc  =       1, ncyc    =      10, ntmin   =       1
     dx0     =   0.01000, drms    =   0.00010

======== Implicit Solvent Initialization ========

     Max Nonbonded Pairs:      421      421

 no. of atoms processed in PB initialization:    29
  NUM  RESI  NAME  TYPE    CHARGE ATM CRG/H   GRP CRG   PB RADI   NP RADI
    1  LIG   O6    oh   -0.586800 -0.179800  0.094000  1.500000  1.621436
    2  LIG   HO6   ho    0.407000  0.407000  0.407000  0.800000  0.268962
    3  LIG   C6    c3    0.138400  0.273800  0.234800  1.700000  1.698855
    4  LIG   H61   h1    0.067700  0.067700  0.067700  1.300000  1.210999
    5  LIG   H62   h1    0.067700  0.067700  0.067700  1.300000  1.210999
    6  LIG   C5    c3    0.068100  0.140800  0.222800  1.700000  1.698855
    7  LIG   O5    os   -0.433600 -0.433600 -0.119600  1.500000  1.578049
    8  LIG   H5    h1    0.072700  0.072700  0.072700  1.300000  1.210999
    9  LIG   C4    c3    0.125100  0.241800  0.401600  1.700000  1.698855
   10  LIG   O4    oh   -0.567800 -0.162800  0.079000  1.500000  1.621436
   11  LIG   HO4   ho    0.405000  0.405000  0.405000  0.800000  0.268962
   12  LIG   H4    h1    0.116700  0.116700  0.116700  1.300000  1.210999
   13  LIG   C3    c3    0.108100  0.181800  0.457600  1.700000  1.698855
   14  LIG   O3    oh   -0.577800 -0.156800  0.025000  1.500000  1.621436
   15  LIG   HO3   ho    0.421000  0.421000  0.421000  0.800000  0.268962
   16  LIG   H3    h1    0.073700  0.073700  0.073700  1.300000  1.210999
   17  LIG   C2    c3    0.112100  0.190800  0.380000  1.700000  1.698855
   18  LIG   O2    oh   -0.591800 -0.165800  0.025000  1.500000  1.621436
   19  LIG   HO2   ho    0.426000  0.426000  0.426000  0.800000  0.268962
   20  LIG   H2    h1    0.078700  0.078700  0.078700  1.300000  1.210999
   21  LIG   C1    c3    0.173200  0.173200  0.443500  1.700000  1.698855
   22  LIG   N2    n    -0.502900 -0.178400  0.774300  1.550000  1.590432
   23  LIG   HN2   hn    0.324500  0.324500  0.324500  1.300000  0.553248
   24  LIG   C8    c     0.779500  0.779500 -0.222400  1.700000  1.657606
   25  LIG   O8    o    -0.582500 -0.582500  0.197000  1.500000  1.524060
   26  LIG   N1    n    -0.604500 -0.241000  1.230000  1.550000  1.590432
   27  LIG   H12   hn    0.363500  0.363500  0.363500  1.300000  0.553248
   28  LIG   C7    c     0.691500  0.691500  0.051200  1.700000  1.657606
   29  LIG   O7    o    -0.572500 -0.572500  0.119000  1.500000  1.524060

 total system charges (+/-) for PB        0.0000        5.0202       -5.0202
 cavity_surften =        0.0050 cavity_offset =        0.0000

   SAS Surface: surface dots generated:    366

--------------------------------------------------------------------------------
   3.  ATOMIC COORDINATES AND VELOCITIES
--------------------------------------------------------------------------------

default_name                                                                    
 begin time read from input coords =     0.000 ps

 Number of triangulated 3-point waters found:        0

--------------------------------------------------------------------------------
   4.  RESULTS
--------------------------------------------------------------------------------

  NB-update: atom-based nb list      406


======== Setting up Grid Parameters ========
Using bounding box for grid setup
 Bounding Box at level:           2
 Bounding Box Center:      33.500    21.500    27.000
 Xmin, Xmax, Xmax-Xmin:    29.849    37.527     7.678
 Ymin, Ymax, Ymax-Ymin:    17.073    26.090     9.017
 Zmin, Zmax, Zmax-Zmin:    22.494    31.527     9.033
 Grid dimension at level     2    33   37   37
 Grid origin corrected at level     2     25.000    12.000    17.500
 Bounding Box at level:           1
 Bounding Box Center:      33.500    21.500    27.000
 Xmin, Xmax, Xmax-Xmin:    29.849    37.527     7.678
 Ymin, Ymax, Ymax-Ymin:    17.073    26.090     9.017
 Zmin, Zmax, Zmax-Zmin:    22.494    31.527     9.033
PB Warn in setgrd(): focusing grid too large    2
 fillratio is automatically increased to 2.500
 Grid dimension at level     1     7    7    7
 Grid origin corrected at level     1     17.500     5.500    11.000
------- VMD goodie --------
#First Level Geometric Box
draw materials off
draw color green
draw line "   17.500    5.500   11.000" "   45.500    5.500   11.000"
draw line "   17.500    5.500   11.000" "   17.500   33.500   11.000"
draw line "   17.500    5.500   11.000" "   17.500    5.500   39.000"
draw line "   45.500    5.500   11.000" "   45.500   33.500   11.000"
draw line "   45.500    5.500   11.000" "   45.500    5.500   39.000"
draw line "   17.500   33.500   11.000" "   45.500   33.500   11.000"
draw line "   17.500   33.500   11.000" "   17.500   33.500   39.000"
draw line "   17.500    5.500   39.000" "   45.500    5.500   39.000"
draw line "   17.500    5.500   39.000" "   17.500   33.500   39.000"
draw line "   45.500   33.500   39.000" "   45.500   33.500   11.000"
draw line "   45.500   33.500   39.000" "   17.500   33.500   39.000"
draw line "   45.500   33.500   39.000" "   45.500    5.500   39.000"
#2nd Level Geometric Box
draw color blue
draw line "   25.000   12.000   17.500" "   42.000   12.000   17.500"
draw line "   25.000   12.000   17.500" "   25.000   31.000   17.500"
draw line "   25.000   12.000   17.500" "   25.000   12.000   36.500"
draw line "   42.000   12.000   17.500" "   42.000   31.000   17.500"
draw line "   42.000   12.000   17.500" "   42.000   12.000   36.500"
draw line "   25.000   31.000   17.500" "   42.000   31.000   17.500"
draw line "   25.000   31.000   17.500" "   25.000   31.000   36.500"
draw line "   25.000   12.000   36.500" "   42.000   12.000   36.500"
draw line "   25.000   12.000   36.500" "   25.000   31.000   36.500"
draw line "   42.000   31.000   36.500" "   42.000   31.000   17.500"
draw line "   42.000   31.000   36.500" "   25.000   31.000   36.500"
draw line "   42.000   31.000   36.500" "   42.000   12.000   36.500"
--- End VMD goodie --------

======== Setting up Solvent Accessibility Data ========
Setting up working radii
Number of SA srf points exposed  1533
 Number of SA arcs generated   341
 Number of SA arc points exposed         708 Number of trimer arc points exposed          54
 with resolution (A) = .250000E+00

Atomic solvent accessible surface area:
           1   31.7627034299007
           2    8.1427334833372
           3    1.3198122579671
           4   23.5279538994420
           5   28.0333067738032
           6    0.0000000000000
           7    5.1975332885292
           8    7.0083266934508
           9    0.0000000000000
          10   27.7201775388225
          11    5.6500599680299
          12   13.0154638592658
          13    0.0000000000000
          14   29.7414404843616
          15    7.1456640772143
          16   13.5160586230837
          17    0.0000000000000
          18   27.1426738400970
          19    5.6500599680299
          20   14.5172481507195
          21    0.0000000000000
          22    1.1951785822018
          23   25.5303329547136
          24   10.2285449992452
          25   47.0665514461256
          26    4.4819196832566
          27   31.0368753567107
          28    3.2995306449178
          29   29.1639367856361

 ======== FDPB Summary ========

 Do FDPB every           1 steps
 Nonbonded Update
   residue cutoff is set to   99.9000000000000
   fdpb cutoff is set to    5.0000000000000
   sas cutoff is set to    9.0000000000000
   nonbonded cutoff is set to    0.0000000000000
 Grid Constants
   Grid dimension       7       7       7
   Grid spacing set to     4.000
   Grid boundary
        17.500    49.500
         5.500    37.500
        11.000    43.000

 Dielectric Map
   Use cavity radii in the prmtop file

   Use probe-based SES definition
     Compute SAS/SAR every           1 steps
     Solvent probe radius   1.40000000000000
     Surface dots per atom     366
     Buried atom radii increment   0.79800000000000
     Threshhold for exposed atom   0.08000000000000
     Current SAS 401.09408678886189

 Boundary conditions
   sum of grid charges as independent DH spheres

 Physical constants
   Solute dielectric constant  :   1.00000000000000
   Solvent dielectric constant :   80.0000000000000
   Temperature (K)             :   300.000000000000
   Ionic strength (mM)         :   0.00000000000000
   Debye-Huckel parameter (1/A):   0.00000000000000

FD Solver Option
   Use Modified ICCG solver

 Iteration data
   Maximum iterations  :         100
   Convergence criteria:  1.000000000000000E-03
   Iterations required        :     5
   Norm of the constant vector:        60.2907358003
   Norm of the residual vector:      0.0318378546801
   Convergence achieved       :  5.2807208698779542E-04

 Total molecular surface    208.0675

 ======== FDPB Summary ========

 Do FDPB every           1 steps
 Nonbonded Update
   residue cutoff is set to   99.9000000000000
   fdpb cutoff is set to    5.0000000000000
   sas cutoff is set to    9.0000000000000
   nonbonded cutoff is set to    0.0000000000000
 Grid Constants
   Grid dimension      33      37      37
   Grid spacing set to     0.500
   Grid boundary
        25.000    42.000
        12.000    31.000
        17.500    36.500

 Dielectric Map
   Use cavity radii in the prmtop file

   Use probe-based SES definition
     Compute SAS/SAR every           1 steps
     Solvent probe radius   1.40000000000000
     Surface dots per atom     366
     Buried atom radii increment   0.79800000000000
     Threshhold for exposed atom   0.08000000000000
     Current SAS 401.09408678886189

 Boundary conditions
   sum of grid charges as independent DH spheres

 Physical constants
   Solute dielectric constant  :   1.00000000000000
   Solvent dielectric constant :   80.0000000000000
   Temperature (K)             :   300.000000000000
   Ionic strength (mM)         :   0.00000000000000
   Debye-Huckel parameter (1/A):   0.00000000000000

FD Solver Option
   Use Modified ICCG solver

 Iteration data
   Maximum iterations  :         100
   Convergence criteria:  1.000000000000000E-03
   Iterations required        :    11
   Norm of the constant vector:     34930.7690212523
   Norm of the residual vector:     19.5758127445512
   Convergence achieved       :  5.6041745696010930E-04

 Total surface charge       0.0001
 Reaction field energy    -44.9196
 Nonpolar SAS/SAV    401.0941      0.0000
 Cavity solvation energy      2.0055

 NSTEP =        1   TIME(PS) =       0.000  TEMP(K) =     0.00  PRESS =     0.0
 Etot   =       -78.2380  EKtot   =         0.0000  EPtot      =         0.0000
 BOND   =         0.0000  ANGLE   =         0.0000  DIHED      =         0.0000
 1-4 NB =         0.0000  1-4 EEL =         0.0000  VDWAALS    =        -2.9008
 EELEC  =       -32.4230  EPB     =       -44.9196  RESTRAINT  =         0.0000
 ECAVITY=         2.0055  EDISPER =         0.0000
 ------------------------------------------------------------------------------



  Maximum number of minimization cycles reached.


                    FINAL RESULTS


 NSTEP =        1   TIME(PS) =       0.000  TEMP(K) =     0.00  PRESS =     0.0
 Etot   =       -78.2380  EKtot   =         0.0000  EPtot      =         0.0000
 BOND   =         0.0000  ANGLE   =         0.0000  DIHED      =         0.0000
 1-4 NB =         0.0000  1-4 EEL =         0.0000  VDWAALS    =        -2.9008
 EELEC  =       -32.4230  EPB     =       -44.9196  RESTRAINT  =         0.0000
 ECAVITY=         2.0055  EDISPER =         0.0000
 ------------------------------------------------------------------------------


--------------------------------------------------------------------------------
   5.  TIMINGS
--------------------------------------------------------------------------------

| Total time                     0.03
| Read prm/crd time              0.01
| Force time                     0.03
| Nonbond force                  0.03
| PB Nonbond                     0.03
| PB Sasa                        0.00
| PB FD force                    0.03
| PB Set linear sys              0.01
| PB Solver                      0.02
| PB SA srf                      0.00
| PB SA arc                      0.00
| PB circle                      0.00
| PB exmol                       0.01
| PB exmol setup                 0.00
| PB exmol part b                0.00
| PB exmol part f                0.00
| PB epsmap                      0.00
|           Job began  at 23:26:44.776  on 09/26/2021
|           Setup done at 23:26:44.783  on 09/26/2021
|           Run   done at 23:26:44.810  on 09/26/2021
|     wallclock() was called     110 times
