
          -------------------------------------------------------
          GBNSR6 2015                       
          -------------------------------------------------------

| Run on 09/26/2021 at 19:30:28
  [-O]verwriting output

File Assignments:
|  MDIN: ../../../scripts/gbnsr6.in                                            
| MDOUT: lig-gb.out                                                            
|INPCRD: ../top_crd/lig.crd                                                    
|  PARM: ../top_crd/lig.top                                                    
|

 Here is the input file:

compute                                                                        
&cntrl                                                                         
inp=1                                                                          
/                                                                              
&gb                                                                            
epsin=1.0, epsout=80, istrng=0, space=0.5,                                     
arcres=0.2, B=0.028, alpb=1, rbornstat=0, cavity_surften=0.005                 
/                                                                              

--------------------------------------------------------------------------------
   1.  RESOURCE   USE: 
--------------------------------------------------------------------------------

| Flags:                                                                        
| New format PARM file being parsed.
| Version =    1.000 Date = 09/26/21 Time = 19:21:18
 NATOM  =      78 NTYPES =      13 NBONH =      40 MBONA  =      39
 NTHETH =      90 MTHETA =      53 NPHIH =     169 MPHIA  =     103
 NHPARM =       0 NPARM  =       0 NNB   =     427 NRES   =       1
 NBONA  =      39 NTHETA =      53 NPHIA =     103 NUMBND =      18
 NUMANG =      35 NPTRA  =      44 NATYP =      14 NPHB   =       0
 IFBOX  =       0 NMXRS  =      78 IFCAP =       0 NEXTRA =       0
 NCOPY  =       0


|     Memory Use     Allocated
|     Real                2930
|     Hollerith            471
|     Integer            21561
|     Max Pairs              1
|     Max Rstack             1
|     Max Istack             1
|       Total              108 kbytes

| Note: 1-4 EEL scale factors are being read from the topology file.

--------------------------------------------------------------------------------
   2.  ATOMIC COORDINATES AND VELOCITIES
--------------------------------------------------------------------------------

default_name                                                                    
 begin time read from input coords =     0.000 ps

 Number of triangulated 3-point waters found:        0

--------------------------------------------------------------------------------
   3.  RESULTS
--------------------------------------------------------------------------------

 Cavity solvation energy      4.4598

 NSTEP =        1   TIME(PS) =       0.000  TEMP(K) =     0.00  PRESS =     0.0
 Etot   =      -320.4638  EKtot   =         0.0000  EPtot      =         0.0000
 BOND   =         0.0000  ANGLE   =         0.0000  DIHED      =         0.0000
 1-4 NB =         0.0000  1-4 EEL =      -157.8309  VDWAALS    =         0.0000
 EELEC  =       -97.7621  EGB     =       -69.3306  RESTRAINT  =         0.0000
 ESURF  =         4.4598
 ------------------------------------------------------------------------------



  Maximum number of minimization cycles reached.


                    FINAL RESULTS


 NSTEP =        1   TIME(PS) =       0.000  TEMP(K) =     0.00  PRESS =     0.0
 Etot   =      -320.4638  EKtot   =         0.0000  EPtot      =         0.0000
 BOND   =         0.0000  ANGLE   =         0.0000  DIHED      =         0.0000
 1-4 NB =         0.0000  1-4 EEL =      -157.8309  VDWAALS    =         0.0000
 EELEC  =       -97.7621  EGB     =       -69.3306  RESTRAINT  =         0.0000
 ESURF  =         4.4598
 ------------------------------------------------------------------------------

|           Job began  at 19:30:28.960  on 09/26/2021
|           Setup done at 19:30:28.966  on 09/26/2021
|           Run   done at 19:30:29.006  on 09/26/2021
|     wallclock() was called      72 times
