            --------------------------------------------------------
                             AMBER SQM VERSION 19
 
                                     By
              Ross C. Walker, Michael F. Crowley, Scott Brozell,
                         Tim Giese, Andreas W. Goetz,
                        Tai-Sung Lee and David A. Case
 
            --------------------------------------------------------
 

--------------------------------------------------------------------------------
  QM CALCULATION INFO
--------------------------------------------------------------------------------

| QMMM: Citation for AMBER QMMM Run:
| QMMM: R.C. Walker, M.F. Crowley and D.A. Case, J. COMP. CHEM. 29:1019, 2008

QMMM: SINGLET STATE CALCULATION
QMMM: RHF CALCULATION, NO. OF DOUBLY OCCUPIED LEVELS = 44

| QMMM: *** Selected Hamiltonian *** 
| QMMM: AM1         

| QMMM: *** Parameter sets in use ***
| QMMM: C : M.J.S.DEWAR et al. JACS, 107, 3902, (1985)
| QMMM: N : M.J.S.DEWAR et al. JACS, 107, 3902, (1985)
| QMMM: O : M.J.S.DEWAR et al. JACS, 107, 3902, (1985)
| QMMM: H : M.J.S.DEWAR et al. JACS, 107, 3902, (1985)

| QMMM: *** SCF convergence criteria ***
| QMMM: Energy change                :  0.1D-09 kcal/mol
| QMMM: Error matrix |FP-PF|         :  0.1D+00 au
| QMMM: Density matrix change        :  0.5D-06
| QMMM: Maximum number of SCF cycles :     1000

| QMMM: *** Diagonalization Routine Information ***
| QMMM: Pseudo diagonalizations are allowed.
| QMMM: Auto diagonalization routine selection is in use.
| QMMM:
| QMMM: Timing diagonalization routines:
| QMMM:                              norbs =       75
| QMMM:    diag iterations used for timing =       15
| QMMM:
| QMMM:              Internal diag routine = 0.011159 seconds
| QMMM:                 Dspev diag routine = 1.194829 seconds
| QMMM:                Dspevd diag routine = 0.013121 seconds
| QMMM:                Dspevx diag routine = 0.044380 seconds
| QMMM:                 Dsyev diag routine = 0.024975 seconds
| QMMM:                Dsyevd diag routine = 0.009879 seconds
| QMMM:                Dsyevr diag routine = 0.010315 seconds
| QMMM:
| QMMM:                Pseudo diag routine = 0.005085 seconds
| QMMM:
| QMMM: Using dsyevd routine (diag_routine=6).

  QMMM: QM Region Cartesian Coordinates (*=link atom) 
  QMMM: QM_NO.   MM_NO.  ATOM         X         Y         Z
  QMMM:     1        1      C       17.2180   -1.0780   36.3760
  QMMM:     2        2      C       16.1900   -0.4920   35.3770
  QMMM:     3        3      C       14.8090   -1.1090   35.6740
  QMMM:     4        4      C       14.8920   -2.6430   35.6430
  QMMM:     5        5      C       16.0000   -3.1380   36.5930
  QMMM:     6        6      C       16.2150   -4.6590   36.5250
  QMMM:     7        7      C       16.1310    1.8400   34.4840
  QMMM:     8        8      C       16.1140    3.3140   34.8700
  QMMM:     9        9      N       16.1620    0.9650   35.4980
  QMMM:    10       10      O       16.9780   -0.6300   37.6960
  QMMM:    11       11      O       13.8390   -0.6770   34.7430
  QMMM:    12       12      O       15.1590   -3.1110   34.3380
  QMMM:    13       13      O       17.2270   -2.4740   36.2780
  QMMM:    14       14      O       16.7890   -5.1030   37.7320
  QMMM:    15       15      O       16.1230    1.5150   33.2970
  QMMM:    16       16      H       18.2210   -0.7380   36.1140
  QMMM:    17       17      H       16.5180   -0.7820   34.3760
  QMMM:    18       18      H       14.4750   -0.7920   36.6600
  QMMM:    19       19      H       13.9370   -3.0700   35.9520
  QMMM:    20       20      H       15.7050   -2.8790   37.6090
  QMMM:    21       21      H       16.8430   -4.9410   35.6800
  QMMM:    22       22      H       15.2610   -5.1730   36.4090
  QMMM:    23       23      H       15.8870    3.9370   34.0050
  QMMM:    24       24      H       15.3620    3.5040   35.6360
  QMMM:    25       25      H       17.0880    3.6130   35.2590
  QMMM:    26       26      H       16.1620    1.3350   36.4380
  QMMM:    27       27      H       17.7580   -0.8160   38.2040
  QMMM:    28       28      H       13.1250   -1.3060   34.7270
  QMMM:    29       29      H       14.3680   -3.0290   33.8190
  QMMM:    30       30      H       17.6430   -4.7050   37.8240

--------------------------------------------------------------------------------
  RESULTS
--------------------------------------------------------------------------------

      iter         sqm energy              rms gradient
      ----    -------------------    -----------------------
xmin    10     -288.8047 kcal/mol        1.1748 kcal/(mol*A)
xmin    20     -289.4993 kcal/mol        0.5540 kcal/(mol*A)
xmin    30     -289.5760 kcal/mol        0.1886 kcal/(mol*A)
xmin    40     -289.6010 kcal/mol        0.1043 kcal/(mol*A)
xmin    50     -289.6067 kcal/mol        0.0230 kcal/(mol*A)
xmin    60     -289.6076 kcal/mol        0.0079 kcal/(mol*A)
xmin    70     -289.6077 kcal/mol        0.0017 kcal/(mol*A)
xmin    80     -289.6077 kcal/mol        0.0020 kcal/(mol*A)
  ... geometry converged !
 
 Final MO eigenvalues (eV):
 -41.9585  -39.5707  -39.1765  -38.2930  -37.1261  -36.3055  -35.4211  -32.0800
 -31.6380  -29.6507  -26.8842  -24.9266  -23.4239  -21.6684  -21.4543  -19.4224
 -19.1945  -18.5149  -18.2950  -18.1225  -17.5251  -17.0872  -16.6721  -16.1958
 -15.9023  -15.4908  -15.4322  -15.1313  -14.6984  -14.4058  -14.0636  -13.8846
 -13.6454  -13.3059  -12.9096  -12.7588  -12.4914  -11.9653  -11.8187  -11.4666
 -11.1463  -10.9891  -10.8201  -10.0903    1.2870    1.7887    2.3471    2.5205
   2.8951    2.9693    3.0558    3.2635    3.3455    3.5022    3.5753    3.7292
   3.8150    3.8896    3.9246    3.9921    4.0225    4.1140    4.1868    4.3480
   4.4995    4.5615    4.7685    5.1743    5.4277    5.5838    6.0720    6.1257
   6.1486    6.3943    6.9756

 Heat of formation   =       -289.60770342 kcal/mol  (      -12.55833240 eV)

 Total SCF energy    =     -77545.02209824 kcal/mol  (    -3362.60448802 eV)
 Electronic energy   =    -439586.24541457 kcal/mol  (   -19061.89000540 eV)
 Core-core repulsion =     362041.22331634 kcal/mol  (    15699.28551738 eV)
 
    Atomic Charges for Step       1 :
  Atom    Element       Mulliken Charge
     1      C                  0.139
     2      C                  0.022
     3      C                 -0.030
     4      C                 -0.019
     5      C                 -0.006
     6      C                 -0.008
     7      C                  0.310
     8      C                 -0.242
     9      N                 -0.371
    10      O                 -0.362
    11      O                 -0.319
    12      O                 -0.321
    13      O                 -0.304
    14      O                 -0.327
    15      O                 -0.361
    16      H                  0.128
    17      H                  0.161
    18      H                  0.104
    19      H                  0.085
    20      H                  0.101
    21      H                  0.101
    22      H                  0.110
    23      H                  0.119
    24      H                  0.101
    25      H                  0.100
    26      H                  0.229
    27      H                  0.221
    28      H                  0.206
    29      H                  0.223
    30      H                  0.210
 Total Mulliken Charge =      -0.000
 
                  X        Y        Z     TOTAL  
  QM DIPOLE    -2.019    2.691    3.055    4.544
 
 Final Structure

  QMMM: QM Region Cartesian Coordinates (*=link atom) 
  QMMM: QM_NO.   MM_NO.  ATOM         X         Y         Z
  QMMM:     1        1      C       17.1677   -1.0756   36.4781
  QMMM:     2        2      C       16.1137   -0.4682   35.5100
  QMMM:     3        3      C       14.7438   -1.1114   35.8465
  QMMM:     4        4      C       14.8517   -2.6436   35.7510
  QMMM:     5        5      C       15.9734   -3.1510   36.6627
  QMMM:     6        6      C       16.2553   -4.6383   36.4259
  QMMM:     7        7      C       16.3181    1.7567   34.4498
  QMMM:     8        8      C       16.1240    3.2434   34.6199
  QMMM:     9        9      N       16.1112    0.9648   35.5686
  QMMM:    10       10      O       16.8239   -0.7373   37.8015
  QMMM:    11       11      O       13.8116   -0.6467   34.8829
  QMMM:    12       12      O       15.0923   -3.0855   34.4267
  QMMM:    13       13      O       17.2165   -2.4852   36.4266
  QMMM:    14       14      O       17.2093   -5.1236   37.3453
  QMMM:    15       15      O       16.6804    1.2617   33.3656
  QMMM:    16       16      H       18.2116   -0.7461   36.2088
  QMMM:    17       17      H       16.4032   -0.7926   34.4624
  QMMM:    18       18      H       14.4237   -0.8217   36.8847
  QMMM:    19       19      H       13.8769   -3.1009   36.0905
  QMMM:    20       20      H       15.6754   -2.9677   37.7334
  QMMM:    21       21      H       16.5993   -4.7934   35.3693
  QMMM:    22       22      H       15.3239   -5.2316   36.6215
  QMMM:    23       23      H       16.3878    3.7500   33.6596
  QMMM:    24       24      H       15.0587    3.4679   34.8682
  QMMM:    25       25      H       16.7804    3.6386   35.4319
  QMMM:    26       26      H       15.7613    1.3750   36.4009
  QMMM:    27       27      H       17.4824   -1.1379   38.3832
  QMMM:    28       28      H       12.9438   -0.9671   35.1586
  QMMM:    29       29      H       14.7467   -2.4098   33.8249
  QMMM:    30       30      H       18.0310   -4.6448   37.1769

           --------- Calculation Completed ----------

