
          -------------------------------------------------------
          GBNSR6 2015                       
          -------------------------------------------------------

| Run on 08/29/2021 at 14:32:30

File Assignments:
|  MDIN: ../scripts/gbnsr6.in                                                  
| MDOUT: guest-gb.out                                                          
|INPCRD: guest.crd                                                             
|  PARM: guest.prmtop                                                          
|

 Here is the input file:

compute                                                                        
&cntrl                                                                         
inp=1                                                                          
/                                                                              
&gb                                                                            
epsin=1.0, epsout=80, istrng=0, space=0.5,                                     
arcres=0.2, B=0.028, alpb=1, rbornstat=0, cavity_surften=0.005                 
/                                                                              

--------------------------------------------------------------------------------
   1.  RESOURCE   USE: 
--------------------------------------------------------------------------------

| Flags:                                                                        
| New format PARM file being parsed.
| Version =    1.000 Date = 08/29/21 Time = 14:09:13
 NATOM  =      30 NTYPES =       6 NBONH =      18 MBONA  =      12
 NTHETH =      38 MTHETA =      16 NPHIH =      66 MPHIA  =      15
 NHPARM =       0 NPARM  =       0 NNB   =     162 NRES   =       1
 NBONA  =      12 NTHETA =      16 NPHIA =      15 NUMBND =       7
 NUMANG =      12 NPTRA  =       4 NATYP =      13 NPHB   =       0
 IFBOX  =       1 NMXRS  =      30 IFCAP =       0 NEXTRA =       0
 NCOPY  =       0

GB Warning in  gb_read(): B=0 is recommended for molecules with more than 50 atoms

|     Memory Use     Allocated
|     Real                1151
|     Hollerith            183
|     Integer            19240
|     Max Pairs              1
|     Max Rstack             1
|     Max Istack             1
|       Total               84 kbytes

| Note: 1-4 EEL scale factors are being read from the topology file.

     BOX TYPE: RECTILINEAR

--------------------------------------------------------------------------------
   2.  ATOMIC COORDINATES AND VELOCITIES
--------------------------------------------------------------------------------

Cpptraj Generated Restart                                                       
 begin time read from input coords =     1.000 ps

 Number of triangulated 3-point waters found:        0

--------------------------------------------------------------------------------
   3.  RESULTS
--------------------------------------------------------------------------------

 Cavity solvation energy      2.0611

 NSTEP =        1   TIME(PS) =       0.000  TEMP(K) =     0.00  PRESS =     0.0
 Etot   =       -16.5514  EKtot   =         0.0000  EPtot      =         0.0000
 BOND   =         0.0000  ANGLE   =         0.0000  DIHED      =         0.0000
 1-4 NB =         0.0000  1-4 EEL =       -32.8805  VDWAALS    =         0.0000
 EELEC  =        66.7274  EGB     =       -52.4593  RESTRAINT  =         0.0000
 ESURF  =         2.0611
 ------------------------------------------------------------------------------



  Maximum number of minimization cycles reached.


                    FINAL RESULTS


 NSTEP =        1   TIME(PS) =       0.000  TEMP(K) =     0.00  PRESS =     0.0
 Etot   =       -16.5514  EKtot   =         0.0000  EPtot      =         0.0000
 BOND   =         0.0000  ANGLE   =         0.0000  DIHED      =         0.0000
 1-4 NB =         0.0000  1-4 EEL =       -32.8805  VDWAALS    =         0.0000
 EELEC  =        66.7274  EGB     =       -52.4593  RESTRAINT  =         0.0000
 ESURF  =         2.0611
 ------------------------------------------------------------------------------

|           Job began  at 14:32:30.221  on 08/29/2021
|           Setup done at 14:32:30.224  on 08/29/2021
|           Run   done at 14:32:30.239  on 08/29/2021
|     wallclock() was called      72 times
