
          -------------------------------------------------------
          PBSA VERSION 2019                       UC Irvine
          -------------------------------------------------------

| Run on 08/29/2021 at 20:51:39

File Assignments:
|  MDIN: ../pbsa-script/mdin.in                                                
| MDOUT: complex-pb.out                                                        
|INPCRD: complex.crd                                                           
|  PARM: complex.prmtop                                                        
|

 Here is the input file:

Sample single point PB calculation                                             
&cntrl                                                                         
ipb=1, inp=1                                                                   
/                                                                              
&pb                                                                            
npbverb=1, fillratio=1.5, saopt=1, radiopt=0, epsin=1.0, epsout=80             
/                                                                              
 PBSA Warning in pb_read(): sprob=0.557 is optimized for inp=2 and  should not be used with inp=1. It has been reset to 1.4.
 PBSA Warning in pb_read(): cavity_surften=0.0378 is optimized for inp=2  and should not be used with inp=1. It has been reset to 0.005000.
 PBSA Warning in pb_read(): cavity_offset=-0.5692 is optimized for inp=2  and should not be used with inp=1. It has been reset to 0.000.

--------------------------------------------------------------------------------
   1.  RESOURCE   USE: 
--------------------------------------------------------------------------------

| Flags:                                                                        
| New format PARM file being parsed.
| Version =    1.000 Date = 08/29/21 Time = 13:29:55
 NATOM  =     139 NTYPES =       9 NBONH =      67 MBONA  =      77
 NTHETH =     154 MTHETA =     113 NPHIH =     279 MPHIA  =     220
 NHPARM =       0 NPARM  =       0 NNB   =     820 NRES   =       7
 NBONA  =      77 NTHETA =     113 NPHIA =     220 NUMBND =      10
 NUMANG =      19 NPTRA  =      26 NATYP =      14 NPHB   =       0
 IFBOX  =       1 NMXRS  =      21 IFCAP =       0 NEXTRA =       0
 NCOPY  =       0


|     Memory Use     Allocated
|     Real                5199
|     Hollerith            426
|     Integer            26282
|     Max Pairs              1
|     Max Rstack             1
|     Max Istack             1
|       Total              144 kbytes

     BOX TYPE: RECTILINEAR

--------------------------------------------------------------------------------
   2.  CONTROL  DATA  FOR  THE  RUN
--------------------------------------------------------------------------------

default_name                                                                    

General flags:
     imin    =       1, nmropt  =       0

Nature and format of input:
     ntx     =       1, irest   =       0, ntrx    =       1

Nature and format of output:
     ntxo    =       1, ntpr    =      50, ntrx    =       1, ntwr    =     500
     iwrap   =       0, ntwx    =       0, ntwv    =       0, ntwe    =       0
     ioutfm  =       0, ntwprt  =       0, idecomp =       0, rbornstat=      0

Potential function:
     ntf     =       1, ntb     =       1, ipb     =       1, nsnb    =      25
     ipol    =       0, gbsa    =       0, iesp    =       0
     dielc   =   1.00000, cut     =   8.00000, intdiel =   1.00000

Frozen or restrained atoms:
     ibelly  =       0, ntr     =       0

Energy minimization:
     maxcyc  =       1, ncyc    =      10, ntmin   =       1
     dx0     =   0.01000, drms    =   0.00010

======== Implicit Solvent Initialization ========

     Max Nonbonded Pairs:     9661     9661

 no. of atoms processed in PB initialization:   139
  NUM  RESI  NAME  TYPE    CHARGE ATM CRG/H   GRP CRG   PB RADI   NP RADI
    1  MGO   C1    CG    0.042700  0.203700 -0.283400  1.700000  1.699835
    2  MGO   H1    H2    0.161000  0.000000  0.000000  1.300000  1.146587
    3  MGO   O1    OS   -0.322900 -0.322900  0.080400  1.500000  1.500006
    4  MGO   C2    CG    0.137600  0.202600  0.508600  1.700000  1.699835
    5  MGO   H2    H1    0.065000  0.000000  0.000000  1.300000  1.235677
    6  MGO   O2    OH   -0.634600 -0.198000  0.004600  1.500000  1.533237
    7  MGO   HO2   HO    0.436600  0.000000  0.000000  0.800000  0.000000
    8  MGO   C3    CG    0.122400  0.300300  0.504500  1.700000  1.699835
    9  MGO   H3    H1    0.177900  0.000000  0.000000  1.300000  1.235677
   10  MGO   O3    OH   -0.620000 -0.198000  0.102300  1.500000  1.533237
   11  MGO   HO3   HO    0.422000  0.000000  0.000000  0.800000  0.000000
   12  MGO   C4    CG    0.040100  0.199600  0.311900  1.700000  1.699835
   13  MGO   H4    H1    0.159500  0.000000  0.000000  1.300000  1.235677
   14  MGO   C5    CG    0.019300  0.134900  0.210300  1.700000  1.699835
   15  MGO   H5    H1    0.115600  0.000000  0.000000  1.300000  1.235677
   16  MGO   O5    OS   -0.366800 -0.366800 -0.028200  1.500000  1.500006
   17  MGO   C6    CG    0.191800  0.242600  0.179500  1.700000  1.699835
   18  MGO   H61   H1    0.025400  0.000000  0.000000  1.300000  1.235677
   19  MGO   H62   H1    0.025400  0.000000  0.000000  1.300000  1.235677
   20  MGO   O6    OH   -0.607700 -0.198000  0.044600  1.500000  1.533237
   21  MGO   HO6   HO    0.409700  0.000000  0.000000  0.800000  0.000000
   22  MGO   C1    CG    0.042700  0.203700 -0.283400  1.700000  1.699835
   23  MGO   H1    H2    0.161000  0.000000  0.000000  1.300000  1.146587
   24  MGO   O1    OS   -0.322900 -0.322900  0.080400  1.500000  1.500006
   25  MGO   C2    CG    0.137600  0.202600  0.508600  1.700000  1.699835
   26  MGO   H2    H1    0.065000  0.000000  0.000000  1.300000  1.235677
   27  MGO   O2    OH   -0.634600 -0.198000  0.004600  1.500000  1.533237
   28  MGO   HO2   HO    0.436600  0.000000  0.000000  0.800000  0.000000
   29  MGO   C3    CG    0.122400  0.300300  0.504500  1.700000  1.699835
   30  MGO   H3    H1    0.177900  0.000000  0.000000  1.300000  1.235677
   31  MGO   O3    OH   -0.620000 -0.198000  0.102300  1.500000  1.533237
   32  MGO   HO3   HO    0.422000  0.000000  0.000000  0.800000  0.000000
   33  MGO   C4    CG    0.040100  0.199600  0.311900  1.700000  1.699835
   34  MGO   H4    H1    0.159500  0.000000  0.000000  1.300000  1.235677
   35  MGO   C5    CG    0.019300  0.134900  0.210300  1.700000  1.699835
   36  MGO   H5    H1    0.115600  0.000000  0.000000  1.300000  1.235677
   37  MGO   O5    OS   -0.366800 -0.366800 -0.028200  1.500000  1.500006
   38  MGO   C6    CG    0.191800  0.242600  0.179500  1.700000  1.699835
   39  MGO   H61   H1    0.025400  0.000000  0.000000  1.300000  1.235677
   40  MGO   H62   H1    0.025400  0.000000  0.000000  1.300000  1.235677
   41  MGO   O6    OH   -0.607700 -0.198000  0.044600  1.500000  1.533237
   42  MGO   HO6   HO    0.409700  0.000000  0.000000  0.800000  0.000000
   43  MGO   C1    CG    0.042700  0.203700 -0.283400  1.700000  1.699835
   44  MGO   H1    H2    0.161000  0.000000  0.000000  1.300000  1.146587
   45  MGO   O1    OS   -0.322900 -0.322900  0.080400  1.500000  1.500006
   46  MGO   C2    CG    0.137600  0.202600  0.508600  1.700000  1.699835
   47  MGO   H2    H1    0.065000  0.000000  0.000000  1.300000  1.235677
   48  MGO   O2    OH   -0.634600 -0.198000  0.004600  1.500000  1.533237
   49  MGO   HO2   HO    0.436600  0.000000  0.000000  0.800000  0.000000
   50  MGO   C3    CG    0.122400  0.300300  0.504500  1.700000  1.699835
   51  MGO   H3    H1    0.177900  0.000000  0.000000  1.300000  1.235677
   52  MGO   O3    OH   -0.620000 -0.198000  0.102300  1.500000  1.533237
   53  MGO   HO3   HO    0.422000  0.000000  0.000000  0.800000  0.000000
   54  MGO   C4    CG    0.040100  0.199600  0.311900  1.700000  1.699835
   55  MGO   H4    H1    0.159500  0.000000  0.000000  1.300000  1.235677
   56  MGO   C5    CG    0.019300  0.134900  0.210300  1.700000  1.699835
   57  MGO   H5    H1    0.115600  0.000000  0.000000  1.300000  1.235677
   58  MGO   O5    OS   -0.366800 -0.366800 -0.028200  1.500000  1.500006
   59  MGO   C6    CG    0.191800  0.242600  0.179500  1.700000  1.699835
   60  MGO   H61   H1    0.025400  0.000000  0.000000  1.300000  1.235677
   61  MGO   H62   H1    0.025400  0.000000  0.000000  1.300000  1.235677
   62  MGO   O6    OH   -0.607700 -0.198000  0.044600  1.500000  1.533237
   63  MGO   HO6   HO    0.409700  0.000000  0.000000  0.800000  0.000000
   64  MGO   C1    CG    0.042700  0.203700 -0.283400  1.700000  1.699835
   65  MGO   H1    H2    0.161000  0.000000  0.000000  1.300000  1.146587
   66  MGO   O1    OS   -0.322900 -0.322900  0.080400  1.500000  1.500006
   67  MGO   C2    CG    0.137600  0.202600  0.508600  1.700000  1.699835
   68  MGO   H2    H1    0.065000  0.000000  0.000000  1.300000  1.235677
   69  MGO   O2    OH   -0.634600 -0.198000  0.004600  1.500000  1.533237
   70  MGO   HO2   HO    0.436600  0.000000  0.000000  0.800000  0.000000
   71  MGO   C3    CG    0.122400  0.300300  0.504500  1.700000  1.699835
   72  MGO   H3    H1    0.177900  0.000000  0.000000  1.300000  1.235677
   73  MGO   O3    OH   -0.620000 -0.198000  0.102300  1.500000  1.533237
   74  MGO   HO3   HO    0.422000  0.000000  0.000000  0.800000  0.000000
   75  MGO   C4    CG    0.040100  0.199600  0.311900  1.700000  1.699835
   76  MGO   H4    H1    0.159500  0.000000  0.000000  1.300000  1.235677
   77  MGO   C5    CG    0.019300  0.134900  0.210300  1.700000  1.699835
   78  MGO   H5    H1    0.115600  0.000000  0.000000  1.300000  1.235677
   79  MGO   O5    OS   -0.366800 -0.366800 -0.028200  1.500000  1.500006
   80  MGO   C6    CG    0.191800  0.242600  0.179500  1.700000  1.699835
   81  MGO   H61   H1    0.025400  0.000000  0.000000  1.300000  1.235677
   82  MGO   H62   H1    0.025400  0.000000  0.000000  1.300000  1.235677
   83  MGO   O6    OH   -0.607700 -0.198000  0.044600  1.500000  1.533237
   84  MGO   HO6   HO    0.409700  0.000000  0.000000  0.800000  0.000000
   85  MGO   C1    CG    0.042700  0.203700 -0.283400  1.700000  1.699835
   86  MGO   H1    H2    0.161000  0.000000  0.000000  1.300000  1.146587
   87  MGO   O1    OS   -0.322900 -0.322900  0.080400  1.500000  1.500006
   88  MGO   C2    CG    0.137600  0.202600  0.508600  1.700000  1.699835
   89  MGO   H2    H1    0.065000  0.000000  0.000000  1.300000  1.235677
   90  MGO   O2    OH   -0.634600 -0.198000  0.004600  1.500000  1.533237
   91  MGO   HO2   HO    0.436600  0.000000  0.000000  0.800000  0.000000
   92  MGO   C3    CG    0.122400  0.300300  0.504500  1.700000  1.699835
   93  MGO   H3    H1    0.177900  0.000000  0.000000  1.300000  1.235677
   94  MGO   O3    OH   -0.620000 -0.198000  0.102300  1.500000  1.533237
   95  MGO   HO3   HO    0.422000  0.000000  0.000000  0.800000  0.000000
   96  MGO   C4    CG    0.040100  0.199600  0.311900  1.700000  1.699835
   97  MGO   H4    H1    0.159500  0.000000  0.000000  1.300000  1.235677
   98  MGO   C5    CG    0.019300  0.134900  0.210300  1.700000  1.699835
   99  MGO   H5    H1    0.115600  0.000000  0.000000  1.300000  1.235677
  100  MGO   O5    OS   -0.366800 -0.366800 -0.028200  1.500000  1.500006
  101  MGO   C6    CG    0.191800  0.242600  0.179500  1.700000  1.699835
  102  MGO   H61   H1    0.025400  0.000000  0.000000  1.300000  1.235677
  103  MGO   H62   H1    0.025400  0.000000  0.000000  1.300000  1.235677
  104  MGO   O6    OH   -0.607700 -0.198000  0.044600  1.500000  1.533237
  105  MGO   HO6   HO    0.409700  0.000000  0.000000  0.800000  0.000000
  106  MGO   C1    CG    0.042700  0.203700 -0.283400  1.700000  1.699835
  107  MGO   H1    H2    0.161000  0.000000  0.000000  1.300000  1.146587
  108  MGO   O1    OS   -0.322900 -0.322900  0.080400  1.500000  1.500006
  109  MGO   C2    CG    0.137600  0.202600  0.508600  1.700000  1.699835
  110  MGO   H2    H1    0.065000  0.000000  0.000000  1.300000  1.235677
  111  MGO   O2    OH   -0.634600 -0.198000  0.004600  1.500000  1.533237
  112  MGO   HO2   HO    0.436600  0.000000  0.000000  0.800000  0.000000
  113  MGO   C3    CG    0.122400  0.300300  0.504500  1.700000  1.699835
  114  MGO   H3    H1    0.177900  0.000000  0.000000  1.300000  1.235677
  115  MGO   O3    OH   -0.620000 -0.198000  0.102300  1.500000  1.533237
  116  MGO   HO3   HO    0.422000  0.000000  0.000000  0.800000  0.000000
  117  MGO   C4    CG    0.040100  0.199600  0.311900  1.700000  1.699835
  118  MGO   H4    H1    0.159500  0.000000  0.000000  1.300000  1.235677
  119  MGO   C5    CG    0.019300  0.134900  0.210300  1.700000  1.699835
  120  MGO   H5    H1    0.115600  0.000000  0.000000  1.300000  1.235677
  121  MGO   O5    OS   -0.366800 -0.366800 -0.028200  1.500000  1.500006
  122  MGO   C6    CG    0.191800  0.242600  0.179500  1.700000  1.699835
  123  MGO   H61   H1    0.025400  0.000000  0.000000  1.300000  1.235677
  124  MGO   H62   H1    0.025400  0.000000  0.000000  1.300000  1.235677
  125  MGO   O6    OH   -0.607700 -0.198000  0.044600  1.500000  1.533237
  126  MGO   HO6   HO    0.409700  0.000000  0.000000  0.800000  0.000000
  127  MOL   C1    c     0.824200  0.824200 -0.940400  1.700000  1.699835
  128  MOL   O1    o    -0.830600 -0.830600 -0.006400  1.500000  1.479961
  129  MOL   O2    o    -0.830600 -0.830600 -0.006400  1.500000  1.479961
  130  MOL   C2    c3   -0.039200 -0.103400  0.774900  1.700000  1.699835
  131  MOL   H1    hc   -0.032100 -0.032100 -0.032100  1.300000  1.324766
  132  MOL   H2    hc   -0.032100 -0.032100 -0.032100  1.300000  1.324766
  133  MOL   C3    c3    0.104300  0.054100 -0.163000  1.700000  1.699835
  134  MOL   H3    hc   -0.025100 -0.025100 -0.025100  1.300000  1.324766
  135  MOL   H4    hc   -0.025100 -0.025100 -0.025100  1.300000  1.324766
  136  MOL   C4    c3   -0.089100 -0.113700 -0.059600  1.700000  1.699835
  137  MOL   H5    hc   -0.008200 -0.008200 -0.008200  1.300000  1.324766
  138  MOL   H6    hc   -0.008200 -0.008200 -0.008200  1.300000  1.324766
  139  MOL   H7    hc   -0.008200 -0.008200 -0.008200  1.300000  1.324766

 total system charges (+/-) for PB       -1.0000       16.2405      -17.2405
 cavity_surften =        0.0050 cavity_offset =        0.0000

   SAS Surface: surface dots generated:    366

--------------------------------------------------------------------------------
   3.  ATOMIC COORDINATES AND VELOCITIES
--------------------------------------------------------------------------------

Cpptraj Generated Restart                                                       
 begin time read from input coords =   551.000 ps

 Number of triangulated 3-point waters found:        0

--------------------------------------------------------------------------------
   4.  RESULTS
--------------------------------------------------------------------------------

  NB-update: atom-based nb list     6718


======== Setting up Grid Parameters ========
Using bounding box for grid setup
 Bounding Box at level:           2
 Bounding Box Center:      16.500    17.500    19.500
 Xmin, Xmax, Xmax-Xmin:     8.576    24.400    15.824
 Ymin, Ymax, Ymax-Ymin:     9.765    25.263    15.498
 Zmin, Zmax, Zmax-Zmin:    14.530    24.540    10.010
 Grid dimension at level     2    51   49   39
 Grid origin corrected at level     2      3.500     5.000     9.500
 Bounding Box at level:           1
 Bounding Box Center:      16.500    17.500    19.500
 Xmin, Xmax, Xmax-Xmin:     8.576    24.400    15.824
 Ymin, Ymax, Ymax-Ymin:     9.765    25.263    15.498
 Zmin, Zmax, Zmax-Zmin:    14.530    24.540    10.010
PB Warn in setgrd(): focusing grid too large    2
 fillratio is automatically increased to 2.500
 Grid dimension at level     1    11   11    7
 Grid origin corrected at level     1     -7.500    -6.500     3.500
------- VMD goodie --------
#First Level Geometric Box
draw materials off
draw color green
draw line "   -7.500   -6.500    3.500" "   36.500   -6.500    3.500"
draw line "   -7.500   -6.500    3.500" "   -7.500   37.500    3.500"
draw line "   -7.500   -6.500    3.500" "   -7.500   -6.500   31.500"
draw line "   36.500   -6.500    3.500" "   36.500   37.500    3.500"
draw line "   36.500   -6.500    3.500" "   36.500   -6.500   31.500"
draw line "   -7.500   37.500    3.500" "   36.500   37.500    3.500"
draw line "   -7.500   37.500    3.500" "   -7.500   37.500   31.500"
draw line "   -7.500   -6.500   31.500" "   36.500   -6.500   31.500"
draw line "   -7.500   -6.500   31.500" "   -7.500   37.500   31.500"
draw line "   36.500   37.500   31.500" "   36.500   37.500    3.500"
draw line "   36.500   37.500   31.500" "   -7.500   37.500   31.500"
draw line "   36.500   37.500   31.500" "   36.500   -6.500   31.500"
#2nd Level Geometric Box
draw color blue
draw line "    3.500    5.000    9.500" "   29.500    5.000    9.500"
draw line "    3.500    5.000    9.500" "    3.500   30.000    9.500"
draw line "    3.500    5.000    9.500" "    3.500    5.000   29.500"
draw line "   29.500    5.000    9.500" "   29.500   30.000    9.500"
draw line "   29.500    5.000    9.500" "   29.500    5.000   29.500"
draw line "    3.500   30.000    9.500" "   29.500   30.000    9.500"
draw line "    3.500   30.000    9.500" "    3.500   30.000   29.500"
draw line "    3.500    5.000   29.500" "   29.500    5.000   29.500"
draw line "    3.500    5.000   29.500" "    3.500   30.000   29.500"
draw line "   29.500   30.000   29.500" "   29.500   30.000    9.500"
draw line "   29.500   30.000   29.500" "    3.500   30.000   29.500"
draw line "   29.500   30.000   29.500" "   29.500    5.000   29.500"
--- End VMD goodie --------

======== Setting up Solvent Accessibility Data ========
Setting up working radii
Number of SA srf points exposed  3821
 Number of SA arcs generated  3139
 Number of SA arc points exposed        2136 Number of trimer arc points exposed         184
 with resolution (A) = .250000E+00

Atomic solvent accessible surface area:
           1    0.0000000000000
           2   14.5172481507195
           3    0.0000000000000
           4    0.0000000000000
           5   19.0226010250808
           6   20.7901331541168
           7    0.0000000000000
           8    0.0000000000000
           9    0.0000000000000
          10   20.7901331541168
          11    4.9853470306146
          12    0.0000000000000
          13    7.5089214572687
          14    0.0000000000000
          15    0.2502973819090
          16    6.0637888366174
          17    0.9898591934753
          18    7.5089214572687
          19   19.7734931708076
          20   32.0514552792635
          21    5.4838817336761
          22    0.0000000000000
          23   13.0154638592658
          24    0.0000000000000
          25    0.0000000000000
          26   17.7711141155360
          27   24.2551553464697
          28    0.0000000000000
          29    0.0000000000000
          30    0.0000000000000
          31   22.8113960996560
          32    3.4897429214302
          33    0.0000000000000
          34    5.7568397839060
          35    0.0000000000000
          36    0.0000000000000
          37    4.3312777404410
          38    1.6497653224589
          39    1.0011895276358
          40   22.0261696079882
          41   33.4952145260771
          42    3.9882776244917
          43    0.0000000000000
          44   13.0154638592658
          45    0.0000000000000
          46    0.0000000000000
          47   18.2717088793539
          48   24.2551553464697
          49    0.0000000000000
          50    0.0000000000000
          51    0.0000000000000
          52   19.3463739073032
          53    1.8279605778920
          54    0.0000000000000
          55    5.0059476381791
          56    0.0000000000000
          57    0.0000000000000
          58    5.7750369872547
          59    0.3299530644918
          60    4.2550554924523
          61   23.2776565175330
          62   37.5377404171554
          63    2.4926735153073
          64    0.0000000000000
          65   10.5124900401762
          66    0.0000000000000
          67    0.0000000000000
          68   17.7711141155360
          69   27.7201775388225
          70    0.9970694061229
          71    0.0000000000000
          72    2.0023790552717
          73   19.9238776060286
          74    7.1456640772143
          75    0.0000000000000
          76    5.0059476381791
          77    0.0000000000000
          78    0.0000000000000
          79    2.8875184936273
          80    0.3299530644918
          81    1.7520816733627
          82   21.7758722260793
          83   29.1639367856361
          84    9.8045158268754
          85    0.0000000000000
          86   12.7651664773568
          87    0.0000000000000
          88    0.0000000000000
          89   20.0237905527166
          90   21.6563887022050
          91    0.9970694061229
          92    0.0000000000000
          93    0.0000000000000
          94   25.4101627439206
          95    2.8250299840150
          96    0.0000000000000
          97    7.0083266934508
          98    0.0000000000000
          99    0.0000000000000
         100    6.3525406859801
         101    1.3198122579671
         102    4.0047581105433
         103   20.5243853165345
         104   24.5439071958324
         105   10.3030505299369
         106    0.0000000000000
         107   13.0154638592658
         108    0.0000000000000
         109    0.0000000000000
         110   19.2728984069897
         111   21.0788850034796
         112    0.0000000000000
         113    0.0000000000000
         114    1.5017842914537
         115   19.3463739073032
         116    5.4838817336761
         117    0.0000000000000
         118    3.7544607286344
         119    0.0000000000000
         120    0.0000000000000
         121    4.6200295898037
         122    0.9898591934753
         123    4.2550554924523
         124   20.5243853165345
         125   28.5864330869107
         126    7.1456640772143
         127    1.9797183869507
         128   18.1913665098522
         129   27.4314256894597
         130    0.0000000000000
         131    0.0000000000000
         132    0.0000000000000
         133    0.0000000000000
         134    0.0000000000000
         135    0.0000000000000
         136    0.9898591934753
         137    4.5053528743612
         138    5.0059476381791
         139    4.0047581105433

 ======== FDPB Summary ========

 Do FDPB every           1 steps
 Nonbonded Update
   residue cutoff is set to   99.9000000000000
   fdpb cutoff is set to    5.0000000000000
   sas cutoff is set to    9.0000000000000
   nonbonded cutoff is set to    0.0000000000000
 Grid Constants
   Grid dimension      11      11       7
   Grid spacing set to     4.000
   Grid boundary
        -7.500    40.500
        -6.500    41.500
         3.500    35.500

 Dielectric Map
   Use cavity radii in the prmtop file

   Use probe-based SES definition
     Compute SAS/SAR every           1 steps
     Solvent probe radius   1.40000000000000
     Surface dots per atom     366
     Buried atom radii increment   0.79800000000000
     Threshhold for exposed atom   0.08000000000000
     Current SAS 994.92900299697067

 Boundary conditions
   sum of grid charges as independent DH spheres

 Physical constants
   Solute dielectric constant  :   1.00000000000000
   Solvent dielectric constant :   80.0000000000000
   Temperature (K)             :   300.000000000000
   Ionic strength (mM)         :   0.00000000000000
   Debye-Huckel parameter (1/A):   0.00000000000000

FD Solver Option
   Use Modified ICCG solver

 Iteration data
   Maximum iterations  :         100
   Convergence criteria:  1.000000000000000E-03
   Iterations required        :     6
   Norm of the constant vector:       466.8475762236
   Norm of the residual vector:      0.1828570966736
   Convergence achieved       :  3.9168479389507755E-04

 Total molecular surface    682.6305

 ======== FDPB Summary ========

 Do FDPB every           1 steps
 Nonbonded Update
   residue cutoff is set to   99.9000000000000
   fdpb cutoff is set to    5.0000000000000
   sas cutoff is set to    9.0000000000000
   nonbonded cutoff is set to    0.0000000000000
 Grid Constants
   Grid dimension      51      49      39
   Grid spacing set to     0.500
   Grid boundary
         3.500    29.500
         5.000    30.000
         9.500    29.500

 Dielectric Map
   Use cavity radii in the prmtop file

   Use probe-based SES definition
     Compute SAS/SAR every           1 steps
     Solvent probe radius   1.40000000000000
     Surface dots per atom     366
     Buried atom radii increment   0.79800000000000
     Threshhold for exposed atom   0.08000000000000
     Current SAS 994.92900299697067

 Boundary conditions
   sum of grid charges as independent DH spheres

 Physical constants
   Solute dielectric constant  :   1.00000000000000
   Solvent dielectric constant :   80.0000000000000
   Temperature (K)             :   300.000000000000
   Ionic strength (mM)         :   0.00000000000000
   Debye-Huckel parameter (1/A):   0.00000000000000

FD Solver Option
   Use Modified ICCG solver

 Iteration data
   Maximum iterations  :         100
   Convergence criteria:  1.000000000000000E-03
   Iterations required        :    15
   Norm of the constant vector:    135205.4726581262
   Norm of the residual vector:    109.3190819165243
   Convergence achieved       :  8.0854036280722942E-04

 Total surface charge       0.9873
 Reaction field energy   -170.2222
 Nonpolar SAS/SAV    994.9290      0.0000
 Cavity solvation energy      4.9746

 NSTEP =        1   TIME(PS) =       0.000  TEMP(K) =     0.00  PRESS =     0.0
 Etot   =      -631.8500  EKtot   =         0.0000  EPtot      =         0.0000
 BOND   =         0.0000  ANGLE   =         0.0000  DIHED      =         0.0000
 1-4 NB =         0.0000  1-4 EEL =         0.0000  VDWAALS    =       -43.3678
 EELEC  =      -423.2347  EPB     =      -170.2222  RESTRAINT  =         0.0000
 ECAVITY=         4.9746  EDISPER =         0.0000
 ------------------------------------------------------------------------------



  Maximum number of minimization cycles reached.


                    FINAL RESULTS


 NSTEP =        1   TIME(PS) =       0.000  TEMP(K) =     0.00  PRESS =     0.0
 Etot   =      -631.8500  EKtot   =         0.0000  EPtot      =         0.0000
 BOND   =         0.0000  ANGLE   =         0.0000  DIHED      =         0.0000
 1-4 NB =         0.0000  1-4 EEL =         0.0000  VDWAALS    =       -43.3678
 EELEC  =      -423.2347  EPB     =      -170.2222  RESTRAINT  =         0.0000
 ECAVITY=         4.9746  EDISPER =         0.0000
 ------------------------------------------------------------------------------


--------------------------------------------------------------------------------
   5.  TIMINGS
--------------------------------------------------------------------------------

| Total time                     0.13
| Read prm/crd time              0.01
| Force time                     0.12
| Nonbond force                  0.12
| PB Nonbond                     0.12
| PB FD grid                     0.00
| PB Sasa                        0.02
| PB FD force                    0.12
| PB Set linear sys              0.05
| PB Solver                      0.07
| PB SA srf                      0.00
| PB SA arc                      0.02
| PB SA arc setup                0.00
| PB circle                      0.01
| PB exclude                     0.00
| PB exmol                       0.05
| PB exmol setup                 0.00
| PB exmol part b                0.00
| PB exmol part c                0.00
| PB exmol part e                0.00
| PB exmol part f                0.01
| PB epsmap                      0.00
|           Job began  at 20:51:39.005  on 08/29/2021
|           Setup done at 20:51:39.012  on 08/29/2021
|           Run   done at 20:51:39.133  on 08/29/2021
|     wallclock() was called     110 times
