
          -------------------------------------------------------
          GBNSR6 2015                       
          -------------------------------------------------------

| Run on 08/29/2021 at 13:49:02

File Assignments:
|  MDIN: ../scripts/gbnsr6.in                                                  
| MDOUT: complex-gb.out                                                        
|INPCRD: complex.crd                                                           
|  PARM: complex.prmtop                                                        
|

 Here is the input file:

compute                                                                        
&cntrl                                                                         
inp=1                                                                          
/                                                                              
&gb                                                                            
epsin=1.0, epsout=80, istrng=0, space=0.5,                                     
arcres=0.2, B=0.028, alpb=1, rbornstat=0, cavity_surften=0.005                 
/                                                                              

--------------------------------------------------------------------------------
   1.  RESOURCE   USE: 
--------------------------------------------------------------------------------

| Flags:                                                                        
| New format PARM file being parsed.
| Version =    1.000 Date = 08/29/21 Time = 13:42:29
 NATOM  =     163 NTYPES =       9 NBONH =      79 MBONA  =      90
 NTHETH =     182 MTHETA =     132 NPHIH =     329 MPHIA  =     259
 NHPARM =       0 NPARM  =       0 NNB   =     965 NRES   =       8
 NBONA  =      90 NTHETA =     132 NPHIA =     259 NUMBND =      10
 NUMANG =      19 NPTRA  =      28 NATYP =      14 NPHB   =       0
 IFBOX  =       1 NMXRS  =      21 IFCAP =       0 NEXTRA =       0
 NCOPY  =       0


|     Memory Use     Allocated
|     Real                6090
|     Hollerith            988
|     Integer            25444
|     Max Pairs              1
|     Max Rstack             1
|     Max Istack             1
|       Total              150 kbytes

| Note: 1-4 EEL scale factors are being read from the topology file.

     BOX TYPE: RECTILINEAR

--------------------------------------------------------------------------------
   2.  ATOMIC COORDINATES AND VELOCITIES
--------------------------------------------------------------------------------

Cpptraj Generated Restart                                                       
 begin time read from input coords =   551.000 ps

 Number of triangulated 3-point waters found:        0

--------------------------------------------------------------------------------
   3.  RESULTS
--------------------------------------------------------------------------------

 Cavity solvation energy      5.5664

 NSTEP =        1   TIME(PS) =       0.000  TEMP(K) =     0.00  PRESS =     0.0
 Etot   =      -179.5948  EKtot   =         0.0000  EPtot      =         0.0000
 BOND   =         0.0000  ANGLE   =         0.0000  DIHED      =         0.0000
 1-4 NB =         0.0000  1-4 EEL =       498.6735  VDWAALS    =         0.0000
 EELEC  =      -518.6585  EGB     =      -165.1761  RESTRAINT  =         0.0000
 ESURF  =         5.5664
 ------------------------------------------------------------------------------



  Maximum number of minimization cycles reached.


                    FINAL RESULTS


 NSTEP =        1   TIME(PS) =       0.000  TEMP(K) =     0.00  PRESS =     0.0
 Etot   =      -179.5948  EKtot   =         0.0000  EPtot      =         0.0000
 BOND   =         0.0000  ANGLE   =         0.0000  DIHED      =         0.0000
 1-4 NB =         0.0000  1-4 EEL =       498.6735  VDWAALS    =         0.0000
 EELEC  =      -518.6585  EGB     =      -165.1761  RESTRAINT  =         0.0000
 ESURF  =         5.5664
 ------------------------------------------------------------------------------

|           Job began  at 13:49:02.955  on 08/29/2021
|           Setup done at 13:49:02.961  on 08/29/2021
|           Run   done at 13:49:03.053  on 08/29/2021
|     wallclock() was called      72 times
