
          -------------------------------------------------------
          PBSA VERSION 2019                       UC Irvine
          -------------------------------------------------------

| Run on 08/29/2021 at 20:53:15

File Assignments:
|  MDIN: ../pbsa-script/mdin.in                                                
| MDOUT: guest-pb.out                                                          
|INPCRD: guest.crd                                                             
|  PARM: guest.prmtop                                                          
|

 Here is the input file:

Sample single point PB calculation                                             
&cntrl                                                                         
ipb=1, inp=1                                                                   
/                                                                              
&pb                                                                            
npbverb=1, fillratio=1.5, saopt=1, radiopt=0, epsin=1.0, epsout=80             
/                                                                              
 PBSA Warning in pb_read(): sprob=0.557 is optimized for inp=2 and  should not be used with inp=1. It has been reset to 1.4.
 PBSA Warning in pb_read(): cavity_surften=0.0378 is optimized for inp=2  and should not be used with inp=1. It has been reset to 0.005000.
 PBSA Warning in pb_read(): cavity_offset=-0.5692 is optimized for inp=2  and should not be used with inp=1. It has been reset to 0.000.

--------------------------------------------------------------------------------
   1.  RESOURCE   USE: 
--------------------------------------------------------------------------------

| Flags:                                                                        
| New format PARM file being parsed.
| Version =    1.000 Date = 08/29/21 Time = 13:42:29
 NATOM  =      16 NTYPES =       4 NBONH =       9 MBONA  =       6
 NTHETH =      21 MTHETA =       6 NPHIH =      35 MPHIA  =       7
 NHPARM =       0 NPARM  =       0 NNB   =      76 NRES   =       1
 NBONA  =       6 NTHETA =       6 NPHIA =       7 NUMBND =       4
 NUMANG =       7 NPTRA  =      10 NATYP =      14 NPHB   =       0
 IFBOX  =       1 NMXRS  =      16 IFCAP =       0 NEXTRA =       0
 NCOPY  =       0


|     Memory Use     Allocated
|     Real                 630
|     Hollerith             51
|     Integer            20599
|     Max Pairs              1
|     Max Rstack             1
|     Max Istack             1
|       Total               85 kbytes

     BOX TYPE: RECTILINEAR

--------------------------------------------------------------------------------
   2.  CONTROL  DATA  FOR  THE  RUN
--------------------------------------------------------------------------------

default_name                                                                    

General flags:
     imin    =       1, nmropt  =       0

Nature and format of input:
     ntx     =       1, irest   =       0, ntrx    =       1

Nature and format of output:
     ntxo    =       1, ntpr    =      50, ntrx    =       1, ntwr    =     500
     iwrap   =       0, ntwx    =       0, ntwv    =       0, ntwe    =       0
     ioutfm  =       0, ntwprt  =       0, idecomp =       0, rbornstat=      0

Potential function:
     ntf     =       1, ntb     =       1, ipb     =       1, nsnb    =      25
     ipol    =       0, gbsa    =       0, iesp    =       0
     dielc   =   1.00000, cut     =   8.00000, intdiel =   1.00000

Frozen or restrained atoms:
     ibelly  =       0, ntr     =       0

Energy minimization:
     maxcyc  =       1, ncyc    =      10, ntmin   =       1
     dx0     =   0.01000, drms    =   0.00010

======== Implicit Solvent Initialization ========

     Max Nonbonded Pairs:      128      128

 no. of atoms processed in PB initialization:    16
  NUM  RESI  NAME  TYPE    CHARGE ATM CRG/H   GRP CRG   PB RADI   NP RADI
    1  MOL   C1    c     0.854600  0.854600 -0.960300  1.700000  1.699835
    2  MOL   O1    o    -0.836800 -0.836800  0.017800  1.500000  1.479961
    3  MOL   O2    o    -0.836800 -0.836800  0.017800  1.500000  1.479961
    4  MOL   C2    c3   -0.090500 -0.141300  0.760800  1.700000  1.699835
    5  MOL   H1    hc   -0.025400 -0.025400 -0.025400  1.300000  1.324766
    6  MOL   H2    hc   -0.025400 -0.025400 -0.025400  1.300000  1.324766
    7  MOL   C3    c3    0.056300  0.047500 -0.101000  1.700000  1.699835
    8  MOL   H3    hc   -0.004400 -0.004400 -0.004400  1.300000  1.324766
    9  MOL   H4    hc   -0.004400 -0.004400 -0.004400  1.300000  1.324766
   10  MOL   C4    c3    0.038400 -0.007200 -0.039700  1.700000  1.699835
   11  MOL   H5    hc   -0.022800 -0.022800 -0.022800  1.300000  1.324766
   12  MOL   H6    hc   -0.022800 -0.022800 -0.022800  1.300000  1.324766
   13  MOL   C5    c3   -0.084800 -0.080000 -0.087200  1.700000  1.699835
   14  MOL   H7    hc    0.001600  0.001600  0.001600  1.300000  1.324766
   15  MOL   H8    hc    0.001600  0.001600  0.001600  1.300000  1.324766
   16  MOL   H9    hc    0.001600  0.001600  0.001600  1.300000  1.324766

 total system charges (+/-) for PB       -1.0000        0.9541       -1.9541
 cavity_surften =        0.0050 cavity_offset =        0.0000

   SAS Surface: surface dots generated:    366

--------------------------------------------------------------------------------
   3.  ATOMIC COORDINATES AND VELOCITIES
--------------------------------------------------------------------------------

Cpptraj Generated Restart                                                       
 begin time read from input coords =   551.000 ps

 Number of triangulated 3-point waters found:        0

--------------------------------------------------------------------------------
   4.  RESULTS
--------------------------------------------------------------------------------

  NB-update: atom-based nb list      120


======== Setting up Grid Parameters ========
Using bounding box for grid setup
 Bounding Box at level:           2
 Bounding Box Center:      17.500    18.000    18.000
 Xmin, Xmax, Xmax-Xmin:    14.249    20.960     6.712
 Ymin, Ymax, Ymax-Ymin:    14.869    20.979     6.110
 Zmin, Zmax, Zmax-Zmin:    13.600    22.396     8.796
 Grid dimension at level     2    31   31   37
 Grid origin corrected at level     2      9.500    10.000     8.500
 Bounding Box at level:           1
 Bounding Box Center:      17.500    18.000    18.000
 Xmin, Xmax, Xmax-Xmin:    14.249    20.960     6.712
 Ymin, Ymax, Ymax-Ymin:    14.869    20.979     6.110
 Zmin, Zmax, Zmax-Zmin:    13.600    22.396     8.796
PB Warn in setgrd(): focusing grid too large    2
 fillratio is automatically increased to 2.500
 Grid dimension at level     1     5    5    7
 Grid origin corrected at level     1      5.500     6.000     2.000
------- VMD goodie --------
#First Level Geometric Box
draw materials off
draw color green
draw line "    5.500    6.000    2.000" "   25.500    6.000    2.000"
draw line "    5.500    6.000    2.000" "    5.500   26.000    2.000"
draw line "    5.500    6.000    2.000" "    5.500    6.000   30.000"
draw line "   25.500    6.000    2.000" "   25.500   26.000    2.000"
draw line "   25.500    6.000    2.000" "   25.500    6.000   30.000"
draw line "    5.500   26.000    2.000" "   25.500   26.000    2.000"
draw line "    5.500   26.000    2.000" "    5.500   26.000   30.000"
draw line "    5.500    6.000   30.000" "   25.500    6.000   30.000"
draw line "    5.500    6.000   30.000" "    5.500   26.000   30.000"
draw line "   25.500   26.000   30.000" "   25.500   26.000    2.000"
draw line "   25.500   26.000   30.000" "    5.500   26.000   30.000"
draw line "   25.500   26.000   30.000" "   25.500    6.000   30.000"
#2nd Level Geometric Box
draw color blue
draw line "    9.500   10.000    8.500" "   25.500   10.000    8.500"
draw line "    9.500   10.000    8.500" "    9.500   26.000    8.500"
draw line "    9.500   10.000    8.500" "    9.500   10.000   27.500"
draw line "   25.500   10.000    8.500" "   25.500   26.000    8.500"
draw line "   25.500   10.000    8.500" "   25.500   10.000   27.500"
draw line "    9.500   26.000    8.500" "   25.500   26.000    8.500"
draw line "    9.500   26.000    8.500" "    9.500   26.000   27.500"
draw line "    9.500   10.000   27.500" "   25.500   10.000   27.500"
draw line "    9.500   10.000   27.500" "    9.500   26.000   27.500"
draw line "   25.500   26.000   27.500" "   25.500   26.000    8.500"
draw line "   25.500   26.000   27.500" "    9.500   26.000   27.500"
draw line "   25.500   26.000   27.500" "   25.500   10.000   27.500"
--- End VMD goodie --------

======== Setting up Solvent Accessibility Data ========
Setting up working radii
Number of SA srf points exposed  1128
 Number of SA arcs generated   113
 Number of SA arc points exposed         445 Number of trimer arc points exposed          36
 with resolution (A) = .250000E+00

Atomic solvent accessible surface area:
           1    6.5990612898356
           2   39.5590033626946
           3   45.6227921993120
           4    0.3299530644918
           5   18.7723036431718
           6   22.0261696079882
           7    0.0000000000000
           8   20.7746826984435
           9   15.0178429145374
          10    0.0000000000000
          11   22.0261696079882
          12   19.7734931708076
          13    2.6396245159342
          14   26.0309277185316
          15   30.0356858290749
          16   26.7818198642584

 ======== FDPB Summary ========

 Do FDPB every           1 steps
 Nonbonded Update
   residue cutoff is set to   99.9000000000000
   fdpb cutoff is set to    5.0000000000000
   sas cutoff is set to    9.0000000000000
   nonbonded cutoff is set to    0.0000000000000
 Grid Constants
   Grid dimension       5       5       7
   Grid spacing set to     4.000
   Grid boundary
         5.500    29.500
         6.000    30.000
         2.000    34.000

 Dielectric Map
   Use cavity radii in the prmtop file

   Use probe-based SES definition
     Compute SAS/SAR every           1 steps
     Solvent probe radius   1.40000000000000
     Surface dots per atom     366
     Buried atom radii increment   0.79800000000000
     Threshhold for exposed atom   0.08000000000000
     Current SAS 295.98952948706983

 Boundary conditions
   sum of grid charges as independent DH spheres

 Physical constants
   Solute dielectric constant  :   1.00000000000000
   Solvent dielectric constant :   80.0000000000000
   Temperature (K)             :   300.000000000000
   Ionic strength (mM)         :   0.00000000000000
   Debye-Huckel parameter (1/A):   0.00000000000000

FD Solver Option
   Use Modified ICCG solver

 Iteration data
   Maximum iterations  :         100
   Convergence criteria:  1.000000000000000E-03
   Iterations required        :     4
   Norm of the constant vector:       242.7906702558
   Norm of the residual vector:      0.2316768427148
   Convergence achieved       :  9.5422465151045132E-04

 Total molecular surface    138.4946

 ======== FDPB Summary ========

 Do FDPB every           1 steps
 Nonbonded Update
   residue cutoff is set to   99.9000000000000
   fdpb cutoff is set to    5.0000000000000
   sas cutoff is set to    9.0000000000000
   nonbonded cutoff is set to    0.0000000000000
 Grid Constants
   Grid dimension      31      31      37
   Grid spacing set to     0.500
   Grid boundary
         9.500    25.500
        10.000    26.000
         8.500    27.500

 Dielectric Map
   Use cavity radii in the prmtop file

   Use probe-based SES definition
     Compute SAS/SAR every           1 steps
     Solvent probe radius   1.40000000000000
     Surface dots per atom     366
     Buried atom radii increment   0.79800000000000
     Threshhold for exposed atom   0.08000000000000
     Current SAS 295.98952948706983

 Boundary conditions
   sum of grid charges as independent DH spheres

 Physical constants
   Solute dielectric constant  :   1.00000000000000
   Solvent dielectric constant :   80.0000000000000
   Temperature (K)             :   300.000000000000
   Ionic strength (mM)         :   0.00000000000000
   Debye-Huckel parameter (1/A):   0.00000000000000

FD Solver Option
   Use Modified ICCG solver

 Iteration data
   Maximum iterations  :         100
   Convergence criteria:  1.000000000000000E-03
   Iterations required        :    14
   Norm of the constant vector:     18225.0499686329
   Norm of the residual vector:     16.5311692727150
   Convergence achieved       :  9.0705755546167531E-04

 Total surface charge       0.9875
 Reaction field energy    -79.0014
 Nonpolar SAS/SAV    295.9895      0.0000
 Cavity solvation energy      1.4799

 NSTEP =        1   TIME(PS) =       0.000  TEMP(K) =     0.00  PRESS =     0.0
 Etot   =       -74.8958  EKtot   =         0.0000  EPtot      =         0.0000
 BOND   =         0.0000  ANGLE   =         0.0000  DIHED      =         0.0000
 1-4 NB =         0.0000  1-4 EEL =         0.0000  VDWAALS    =        -0.3200
 EELEC  =         2.9457  EPB     =       -79.0014  RESTRAINT  =         0.0000
 ECAVITY=         1.4799  EDISPER =         0.0000
 ------------------------------------------------------------------------------



  Maximum number of minimization cycles reached.


                    FINAL RESULTS


 NSTEP =        1   TIME(PS) =       0.000  TEMP(K) =     0.00  PRESS =     0.0
 Etot   =       -74.8958  EKtot   =         0.0000  EPtot      =         0.0000
 BOND   =         0.0000  ANGLE   =         0.0000  DIHED      =         0.0000
 1-4 NB =         0.0000  1-4 EEL =         0.0000  VDWAALS    =        -0.3200
 EELEC  =         2.9457  EPB     =       -79.0014  RESTRAINT  =         0.0000
 ECAVITY=         1.4799  EDISPER =         0.0000
 ------------------------------------------------------------------------------


--------------------------------------------------------------------------------
   5.  TIMINGS
--------------------------------------------------------------------------------

| Total time                     0.03
| Read prm/crd time              0.00
| Force time                     0.03
| Nonbond force                  0.03
| PB Nonbond                     0.03
| PB Sasa                        0.00
| PB FD force                    0.03
| PB Set linear sys              0.01
| PB Solver                      0.02
| PB SA arc                      0.00
| PB circle                      0.00
| PB exmol                       0.01
| PB exmol setup                 0.00
| PB exmol part b                0.00
| PB exmol part f                0.00
| PB epsmap                      0.00
|           Job began  at 20:53:15.926  on 08/29/2021
|           Setup done at 20:53:15.930  on 08/29/2021
|           Run   done at 20:53:15.959  on 08/29/2021
|     wallclock() was called     110 times
