
          -------------------------------------------------------
          PBSA VERSION 2019                       UC Irvine
          -------------------------------------------------------

| Run on 09/26/2021 at 23:25:13
  [-O]verwriting output

File Assignments:
|  MDIN: ../../../scripts/pbsa.in                                              
| MDOUT: lig-pb.out                                                            
|INPCRD: ../top_crd/lig.crd                                                    
|  PARM: ../top_crd/lig.top                                                    
|

 Here is the input file:

Sample single point PB calculation                                             
&cntrl                                                                         
ipb=1, inp=1                                                                   
/                                                                              
&pb                                                                            
npbverb=1, fillratio=1.5, saopt=1, radiopt=0, epsin=1.0, epsout=80             
/                                                                              
 PBSA Warning in pb_read(): sprob=0.557 is optimized for inp=2 and  should not be used with inp=1. It has been reset to 1.4.
 PBSA Warning in pb_read(): cavity_surften=0.0378 is optimized for inp=2  and should not be used with inp=1. It has been reset to 0.005000.
 PBSA Warning in pb_read(): cavity_offset=-0.5692 is optimized for inp=2  and should not be used with inp=1. It has been reset to 0.000.

--------------------------------------------------------------------------------
   1.  RESOURCE   USE: 
--------------------------------------------------------------------------------

| Flags:                                                                        
| New format PARM file being parsed.
| Version =    1.000 Date = 09/26/21 Time = 22:06:30
 NATOM  =      31 NTYPES =      12 NBONH =      12 MBONA  =      21
 NTHETH =      26 MTHETA =      31 NPHIH =      57 MPHIA  =      66
 NHPARM =       0 NPARM  =       0 NNB   =     167 NRES   =       1
 NBONA  =      21 NTHETA =      31 NPHIA =      66 NUMBND =      20
 NUMANG =      35 NPTRA  =      28 NATYP =      15 NPHB   =       0
 IFBOX  =       0 NMXRS  =      31 IFCAP =       0 NEXTRA =       0
 NCOPY  =       0


|     Memory Use     Allocated
|     Real                1194
|     Hollerith             96
|     Integer            21548
|     Max Pairs              1
|     Max Rstack             1
|     Max Istack             1
|       Total               93 kbytes

--------------------------------------------------------------------------------
   2.  CONTROL  DATA  FOR  THE  RUN
--------------------------------------------------------------------------------

default_name                                                                    

General flags:
     imin    =       1, nmropt  =       0

Nature and format of input:
     ntx     =       1, irest   =       0, ntrx    =       1

Nature and format of output:
     ntxo    =       1, ntpr    =      50, ntrx    =       1, ntwr    =     500
     iwrap   =       0, ntwx    =       0, ntwv    =       0, ntwe    =       0
     ioutfm  =       0, ntwprt  =       0, idecomp =       0, rbornstat=      0

Potential function:
     ntf     =       1, ntb     =       1, ipb     =       1, nsnb    =      25
     ipol    =       0, gbsa    =       0, iesp    =       0
     dielc   =   1.00000, cut     =   8.00000, intdiel =   1.00000

Frozen or restrained atoms:
     ibelly  =       0, ntr     =       0

Energy minimization:
     maxcyc  =       1, ncyc    =      10, ntmin   =       1
     dx0     =   0.01000, drms    =   0.00010

======== Implicit Solvent Initialization ========

     Max Nonbonded Pairs:      481      481

 no. of atoms processed in PB initialization:    31
  NUM  RESI  NAME  TYPE    CHARGE ATM CRG/H   GRP CRG   PB RADI   NP RADI
    1  LIG   O6    o    -0.617500 -0.617500  0.112600  1.500000  1.524060
    2  LIG   C6    c     0.730100  0.730100 -0.253200  1.700000  1.657606
    3  LIG   N1    n    -0.484400 -0.139900  1.121800  1.550000  1.590432
    4  LIG   HN1   hn    0.344500  0.344500  0.344500  1.300000  0.553248
    5  LIG   C2    cc    0.472800  0.531600 -0.185400  1.700000  1.657606
    6  LIG   H2    h5    0.058800  0.058800  0.058800  1.300000  1.223649
    7  LIG   N3    nd   -0.577100 -0.577100 -0.017400  1.550000  1.692084
    8  LIG   C4    cd    0.028100  0.028100 -0.463300  1.700000  1.657606
    9  LIG   C5    cc   -0.225900 -0.225900  0.924400  1.700000  1.657606
   10  LIG   N7    na    0.044400  0.392100 -0.289600  1.550000  1.602905
   11  LIG   HN7   hn    0.347700  0.347700  0.347700  1.300000  0.553248
   12  LIG   N8    nc   -0.455800 -0.455800  0.247900  1.550000  1.692084
   13  LIG   C9    cd    0.311600  0.311600  0.115400  1.700000  1.657606
   14  LIG   C1'   c3    0.123800  0.231500  0.293300  1.700000  1.698855
   15  LIG   O4'   os   -0.415600 -0.415600 -0.037300  1.500000  1.578049
   16  LIG   H1'   h1    0.107700  0.107700  0.107700  1.300000  1.210999
   17  LIG   C2'   c3    0.089100  0.165800  0.414300  1.700000  1.698855
   18  LIG   O2'   oh   -0.597800 -0.179800 -0.014000  1.500000  1.621436
   19  LIG   HO2'  ho    0.418000  0.418000  0.418000  0.800000  0.268962
   20  LIG   H2'   h1    0.076700  0.076700  0.076700  1.300000  1.210999
   21  LIG   C3'   c3    0.094100  0.196800  0.333600  1.700000  1.698855
   22  LIG   O3'   oh   -0.591800 -0.175800  0.021000  1.500000  1.621436
   23  LIG   HO3'  ho    0.416000  0.416000  0.416000  0.800000  0.268962
   24  LIG   H3'   h1    0.102700  0.102700  0.102700  1.300000  1.210999
   25  LIG   C4'   c3    0.066100  0.146800  0.163800  1.700000  1.698855
   26  LIG   H4'   h1    0.080700  0.080700  0.080700  1.300000  1.210999
   27  LIG   C5'   c3    0.124400  0.235800  0.198800  1.700000  1.698855
   28  LIG   H5'   h1    0.055700  0.055700  0.055700  1.300000  1.210999
   29  LIG   H5''  h1    0.055700  0.055700  0.055700  1.300000  1.210999
   30  LIG   O5'   oh   -0.597800 -0.183800  0.052000  1.500000  1.621436
   31  LIG   HO5'  ho    0.414000  0.414000  0.414000  0.800000  0.268962

 total system charges (+/-) for PB       -0.0010        4.5627       -4.5637
 cavity_surften =        0.0050 cavity_offset =        0.0000

   SAS Surface: surface dots generated:    366

--------------------------------------------------------------------------------
   3.  ATOMIC COORDINATES AND VELOCITIES
--------------------------------------------------------------------------------

default_name                                                                    
 begin time read from input coords =     0.000 ps

 Number of triangulated 3-point waters found:        0

--------------------------------------------------------------------------------
   4.  RESULTS
--------------------------------------------------------------------------------

  NB-update: atom-based nb list      462


======== Setting up Grid Parameters ========
Using bounding box for grid setup
 Bounding Box at level:           2
 Bounding Box Center:     -18.000    71.000    68.000
 Xmin, Xmax, Xmax-Xmin:   -22.056   -13.837     8.219
 Ymin, Ymax, Ymax-Ymin:    67.366    74.999     7.633
 Zmin, Zmax, Zmax-Zmin:    62.553    73.572    11.019
 Grid dimension at level     2    35   33   41
 Grid origin corrected at level     2    -27.000    62.500    57.500
 Bounding Box at level:           1
 Bounding Box Center:     -18.000    71.000    68.000
 Xmin, Xmax, Xmax-Xmin:   -22.056   -13.837     8.219
 Ymin, Ymax, Ymax-Ymin:    67.366    74.999     7.633
 Zmin, Zmax, Zmax-Zmin:    62.553    73.572    11.019
PB Warn in setgrd(): focusing grid too large    2
 fillratio is automatically increased to 2.500
 Grid dimension at level     1     7    7    9
 Grid origin corrected at level     1    -34.000    55.000    48.000
------- VMD goodie --------
#First Level Geometric Box
draw materials off
draw color green
draw line "  -34.000   55.000   48.000" "   -6.000   55.000   48.000"
draw line "  -34.000   55.000   48.000" "  -34.000   83.000   48.000"
draw line "  -34.000   55.000   48.000" "  -34.000   55.000   84.000"
draw line "   -6.000   55.000   48.000" "   -6.000   83.000   48.000"
draw line "   -6.000   55.000   48.000" "   -6.000   55.000   84.000"
draw line "  -34.000   83.000   48.000" "   -6.000   83.000   48.000"
draw line "  -34.000   83.000   48.000" "  -34.000   83.000   84.000"
draw line "  -34.000   55.000   84.000" "   -6.000   55.000   84.000"
draw line "  -34.000   55.000   84.000" "  -34.000   83.000   84.000"
draw line "   -6.000   83.000   84.000" "   -6.000   83.000   48.000"
draw line "   -6.000   83.000   84.000" "  -34.000   83.000   84.000"
draw line "   -6.000   83.000   84.000" "   -6.000   55.000   84.000"
#2nd Level Geometric Box
draw color blue
draw line "  -27.000   62.500   57.500" "   -9.000   62.500   57.500"
draw line "  -27.000   62.500   57.500" "  -27.000   79.500   57.500"
draw line "  -27.000   62.500   57.500" "  -27.000   62.500   78.500"
draw line "   -9.000   62.500   57.500" "   -9.000   79.500   57.500"
draw line "   -9.000   62.500   57.500" "   -9.000   62.500   78.500"
draw line "  -27.000   79.500   57.500" "   -9.000   79.500   57.500"
draw line "  -27.000   79.500   57.500" "  -27.000   79.500   78.500"
draw line "  -27.000   62.500   78.500" "   -9.000   62.500   78.500"
draw line "  -27.000   62.500   78.500" "  -27.000   79.500   78.500"
draw line "   -9.000   79.500   78.500" "   -9.000   79.500   57.500"
draw line "   -9.000   79.500   78.500" "  -27.000   79.500   78.500"
draw line "   -9.000   79.500   78.500" "   -9.000   62.500   78.500"
--- End VMD goodie --------

======== Setting up Solvent Accessibility Data ========
Setting up working radii
Number of SA srf points exposed  1655
 Number of SA arcs generated   350
 Number of SA arc points exposed         864 Number of trimer arc points exposed          68
 with resolution (A) = .250000E+00

Atomic solvent accessible surface area:
           1   41.2915144588710
           2    9.2386858057698
           3    4.7807143288070
           4   29.2847936833480
           5   15.5077940311137
           6   33.5398491758003
           7    6.8722768476601
           8    3.6294837094096
           9    6.2691082253438
          10    5.9758929110088
          11   31.0368753567107
          12   18.8240626696777
          13    2.6396245159342
          14    0.0000000000000
          15   11.8388258238721
          16   19.5231957888987
          17    0.0000000000000
          18   30.8964478818125
          19    5.9824164367375
          20    6.5077319296329
          21    0.0000000000000
          22   31.7627034299007
          23    6.4809511397990
          24   20.0237905527166
          25    0.0000000000000
          26   22.2764669898972
          27    0.9898591934753
          28    7.7592188391777
          29   25.5303329547136
          30   30.0301923337243
          31    9.3059811238140

 ======== FDPB Summary ========

 Do FDPB every           1 steps
 Nonbonded Update
   residue cutoff is set to   99.9000000000000
   fdpb cutoff is set to    5.0000000000000
   sas cutoff is set to    9.0000000000000
   nonbonded cutoff is set to    0.0000000000000
 Grid Constants
   Grid dimension       7       7       9
   Grid spacing set to     4.000
   Grid boundary
       -34.000    -2.000
        55.000    87.000
        48.000    88.000

 Dielectric Map
   Use cavity radii in the prmtop file

   Use probe-based SES definition
     Compute SAS/SAR every           1 steps
     Solvent probe radius   1.40000000000000
     Surface dots per atom     366
     Buried atom radii increment   0.79800000000000
     Threshhold for exposed atom   0.08000000000000
     Current SAS 437.79879013762690

 Boundary conditions
   sum of grid charges as independent DH spheres

 Physical constants
   Solute dielectric constant  :   1.00000000000000
   Solvent dielectric constant :   80.0000000000000
   Temperature (K)             :   300.000000000000
   Ionic strength (mM)         :   0.00000000000000
   Debye-Huckel parameter (1/A):   0.00000000000000

FD Solver Option
   Use Modified ICCG solver

 Iteration data
   Maximum iterations  :         100
   Convergence criteria:  1.000000000000000E-03
   Iterations required        :     5
   Norm of the constant vector:        57.3459509393
   Norm of the residual vector:      0.0532681734131
   Convergence achieved       :  9.2889162252188207E-04

 Total molecular surface    233.6395

 ======== FDPB Summary ========

 Do FDPB every           1 steps
 Nonbonded Update
   residue cutoff is set to   99.9000000000000
   fdpb cutoff is set to    5.0000000000000
   sas cutoff is set to    9.0000000000000
   nonbonded cutoff is set to    0.0000000000000
 Grid Constants
   Grid dimension      35      33      41
   Grid spacing set to     0.500
   Grid boundary
       -27.000    -9.000
        62.500    79.500
        57.500    78.500

 Dielectric Map
   Use cavity radii in the prmtop file

   Use probe-based SES definition
     Compute SAS/SAR every           1 steps
     Solvent probe radius   1.40000000000000
     Surface dots per atom     366
     Buried atom radii increment   0.79800000000000
     Threshhold for exposed atom   0.08000000000000
     Current SAS 437.79879013762690

 Boundary conditions
   sum of grid charges as independent DH spheres

 Physical constants
   Solute dielectric constant  :   1.00000000000000
   Solvent dielectric constant :   80.0000000000000
   Temperature (K)             :   300.000000000000
   Ionic strength (mM)         :   0.00000000000000
   Debye-Huckel parameter (1/A):   0.00000000000000

FD Solver Option
   Use Modified ICCG solver

 Iteration data
   Maximum iterations  :         100
   Convergence criteria:  1.000000000000000E-03
   Iterations required        :    11
   Norm of the constant vector:     33336.7583946100
   Norm of the residual vector:     32.0359751897646
   Convergence achieved       :  9.6098051317863842E-04

 Total surface charge       0.0007
 Reaction field energy    -52.5170
 Nonpolar SAS/SAV    437.7988      0.0000
 Cavity solvation energy      2.1890

 NSTEP =        1   TIME(PS) =       0.000  TEMP(K) =     0.00  PRESS =     0.0
 Etot   =       -97.0217  EKtot   =         0.0000  EPtot      =         0.0000
 BOND   =         0.0000  ANGLE   =         0.0000  DIHED      =         0.0000
 1-4 NB =         0.0000  1-4 EEL =         0.0000  VDWAALS    =        -2.8446
 EELEC  =       -43.8491  EPB     =       -52.5170  RESTRAINT  =         0.0000
 ECAVITY=         2.1890  EDISPER =         0.0000
 ------------------------------------------------------------------------------



  Maximum number of minimization cycles reached.


                    FINAL RESULTS


 NSTEP =        1   TIME(PS) =       0.000  TEMP(K) =     0.00  PRESS =     0.0
 Etot   =       -97.0217  EKtot   =         0.0000  EPtot      =         0.0000
 BOND   =         0.0000  ANGLE   =         0.0000  DIHED      =         0.0000
 1-4 NB =         0.0000  1-4 EEL =         0.0000  VDWAALS    =        -2.8446
 EELEC  =       -43.8491  EPB     =       -52.5170  RESTRAINT  =         0.0000
 ECAVITY=         2.1890  EDISPER =         0.0000
 ------------------------------------------------------------------------------


--------------------------------------------------------------------------------
   5.  TIMINGS
--------------------------------------------------------------------------------

| Total time                     0.04
| Read prm/crd time              0.01
| Force time                     0.03
| Nonbond force                  0.03
| PB Nonbond                     0.03
| PB Sasa                        0.00
| PB FD force                    0.03
| PB Set linear sys              0.01
| PB Solver                      0.02
| PB SA arc                      0.00
| PB circle                      0.00
| PB exclude                     0.00
| PB exmol                       0.01
| PB exmol setup                 0.00
| PB exmol part b                0.00
| PB exmol part f                0.00
| PB epsbnd                      0.00
|           Job began  at 23:25:13.708  on 09/26/2021
|           Setup done at 23:25:13.718  on 09/26/2021
|           Run   done at 23:25:13.746  on 09/26/2021
|     wallclock() was called     110 times
