
          -------------------------------------------------------
          PBSA VERSION 2019                       UC Irvine
          -------------------------------------------------------

| Run on 08/29/2021 at 20:53:09

File Assignments:
|  MDIN: ../pbsa-script/mdin.in                                                
| MDOUT: complex-pb.out                                                        
|INPCRD: complex.crd                                                           
|  PARM: complex.prmtop                                                        
|

 Here is the input file:

Sample single point PB calculation                                             
&cntrl                                                                         
ipb=1, inp=1                                                                   
/                                                                              
&pb                                                                            
npbverb=1, fillratio=1.5, saopt=1, radiopt=0, epsin=1.0, epsout=80             
/                                                                              
 PBSA Warning in pb_read(): sprob=0.557 is optimized for inp=2 and  should not be used with inp=1. It has been reset to 1.4.
 PBSA Warning in pb_read(): cavity_surften=0.0378 is optimized for inp=2  and should not be used with inp=1. It has been reset to 0.005000.
 PBSA Warning in pb_read(): cavity_offset=-0.5692 is optimized for inp=2  and should not be used with inp=1. It has been reset to 0.000.

--------------------------------------------------------------------------------
   1.  RESOURCE   USE: 
--------------------------------------------------------------------------------

| Flags:                                                                        
| New format PARM file being parsed.
| Version =    1.000 Date = 08/29/21 Time = 13:42:25
 NATOM  =     170 NTYPES =      10 NBONH =      86 MBONA  =      90
 NTHETH =     198 MTHETA =     131 NPHIH =     344 MPHIA  =     262
 NHPARM =       0 NPARM  =       0 NNB   =    1008 NRES   =       8
 NBONA  =      90 NTHETA =     131 NPHIA =     262 NUMBND =      11
 NUMANG =      21 NPTRA  =      24 NATYP =      15 NPHB   =       0
 IFBOX  =       1 NMXRS  =      23 IFCAP =       0 NEXTRA =       0
 NCOPY  =       0


|     Memory Use     Allocated
|     Real                6349
|     Hollerith            520
|     Integer            27681
|     Max Pairs              1
|     Max Rstack             1
|     Max Istack             1
|       Total              159 kbytes

     BOX TYPE: RECTILINEAR

--------------------------------------------------------------------------------
   2.  CONTROL  DATA  FOR  THE  RUN
--------------------------------------------------------------------------------

default_name                                                                    

General flags:
     imin    =       1, nmropt  =       0

Nature and format of input:
     ntx     =       1, irest   =       0, ntrx    =       1

Nature and format of output:
     ntxo    =       1, ntpr    =      50, ntrx    =       1, ntwr    =     500
     iwrap   =       0, ntwx    =       0, ntwv    =       0, ntwe    =       0
     ioutfm  =       0, ntwprt  =       0, idecomp =       0, rbornstat=      0

Potential function:
     ntf     =       1, ntb     =       1, ipb     =       1, nsnb    =      25
     ipol    =       0, gbsa    =       0, iesp    =       0
     dielc   =   1.00000, cut     =   8.00000, intdiel =   1.00000

Frozen or restrained atoms:
     ibelly  =       0, ntr     =       0

Energy minimization:
     maxcyc  =       1, ncyc    =      10, ntmin   =       1
     dx0     =   0.01000, drms    =   0.00010

======== Implicit Solvent Initialization ========

     Max Nonbonded Pairs:    14450    14450

 no. of atoms processed in PB initialization:   170
  NUM  RESI  NAME  TYPE    CHARGE ATM CRG/H   GRP CRG   PB RADI   NP RADI
    1  MGO   C1    CG    0.042700  0.203700 -0.283400  1.700000  1.699835
    2  MGO   H1    H2    0.161000  0.000000  0.000000  1.300000  1.146587
    3  MGO   O1    OS   -0.322900 -0.322900  0.080400  1.500000  1.500006
    4  MGO   C2    CG    0.137600  0.202600  0.508600  1.700000  1.699835
    5  MGO   H2    H1    0.065000  0.000000  0.000000  1.300000  1.235677
    6  MGO   O2    OH   -0.634600 -0.198000  0.004600  1.500000  1.533237
    7  MGO   HO2   HO    0.436600  0.000000  0.000000  0.800000  0.000000
    8  MGO   C3    CG    0.122400  0.300300  0.504500  1.700000  1.699835
    9  MGO   H3    H1    0.177900  0.000000  0.000000  1.300000  1.235677
   10  MGO   O3    OH   -0.620000 -0.198000  0.102300  1.500000  1.533237
   11  MGO   HO3   HO    0.422000  0.000000  0.000000  0.800000  0.000000
   12  MGO   C4    CG    0.040100  0.199600  0.311900  1.700000  1.699835
   13  MGO   H4    H1    0.159500  0.000000  0.000000  1.300000  1.235677
   14  MGO   C5    CG    0.019300  0.134900  0.210300  1.700000  1.699835
   15  MGO   H5    H1    0.115600  0.000000  0.000000  1.300000  1.235677
   16  MGO   O5    OS   -0.366800 -0.366800 -0.028200  1.500000  1.500006
   17  MGO   C6    CG    0.191800  0.242600  0.179500  1.700000  1.699835
   18  MGO   H61   H1    0.025400  0.000000  0.000000  1.300000  1.235677
   19  MGO   H62   H1    0.025400  0.000000  0.000000  1.300000  1.235677
   20  MGO   O6    OH   -0.607700 -0.198000  0.044600  1.500000  1.533237
   21  MGO   HO6   HO    0.409700  0.000000  0.000000  0.800000  0.000000
   22  MGO   C1    CG    0.042700  0.203700 -0.283400  1.700000  1.699835
   23  MGO   H1    H2    0.161000  0.000000  0.000000  1.300000  1.146587
   24  MGO   O1    OS   -0.322900 -0.322900  0.080400  1.500000  1.500006
   25  MGO   C2    CG    0.137600  0.202600  0.508600  1.700000  1.699835
   26  MGO   H2    H1    0.065000  0.000000  0.000000  1.300000  1.235677
   27  MGO   O2    OH   -0.634600 -0.198000  0.004600  1.500000  1.533237
   28  MGO   HO2   HO    0.436600  0.000000  0.000000  0.800000  0.000000
   29  MGO   C3    CG    0.122400  0.300300  0.504500  1.700000  1.699835
   30  MGO   H3    H1    0.177900  0.000000  0.000000  1.300000  1.235677
   31  MGO   O3    OH   -0.620000 -0.198000  0.102300  1.500000  1.533237
   32  MGO   HO3   HO    0.422000  0.000000  0.000000  0.800000  0.000000
   33  MGO   C4    CG    0.040100  0.199600  0.311900  1.700000  1.699835
   34  MGO   H4    H1    0.159500  0.000000  0.000000  1.300000  1.235677
   35  MGO   C5    CG    0.019300  0.134900  0.210300  1.700000  1.699835
   36  MGO   H5    H1    0.115600  0.000000  0.000000  1.300000  1.235677
   37  MGO   O5    OS   -0.366800 -0.366800 -0.028200  1.500000  1.500006
   38  MGO   C6    CG    0.191800  0.242600  0.179500  1.700000  1.699835
   39  MGO   H61   H1    0.025400  0.000000  0.000000  1.300000  1.235677
   40  MGO   H62   H1    0.025400  0.000000  0.000000  1.300000  1.235677
   41  MGO   O6    OH   -0.607700 -0.198000  0.044600  1.500000  1.533237
   42  MGO   HO6   HO    0.409700  0.000000  0.000000  0.800000  0.000000
   43  MGO   C1    CG    0.042700  0.203700 -0.283400  1.700000  1.699835
   44  MGO   H1    H2    0.161000  0.000000  0.000000  1.300000  1.146587
   45  MGO   O1    OS   -0.322900 -0.322900  0.080400  1.500000  1.500006
   46  MGO   C2    CG    0.137600  0.202600  0.508600  1.700000  1.699835
   47  MGO   H2    H1    0.065000  0.000000  0.000000  1.300000  1.235677
   48  MGO   O2    OH   -0.634600 -0.198000  0.004600  1.500000  1.533237
   49  MGO   HO2   HO    0.436600  0.000000  0.000000  0.800000  0.000000
   50  MGO   C3    CG    0.122400  0.300300  0.504500  1.700000  1.699835
   51  MGO   H3    H1    0.177900  0.000000  0.000000  1.300000  1.235677
   52  MGO   O3    OH   -0.620000 -0.198000  0.102300  1.500000  1.533237
   53  MGO   HO3   HO    0.422000  0.000000  0.000000  0.800000  0.000000
   54  MGO   C4    CG    0.040100  0.199600  0.311900  1.700000  1.699835
   55  MGO   H4    H1    0.159500  0.000000  0.000000  1.300000  1.235677
   56  MGO   C5    CG    0.019300  0.134900  0.210300  1.700000  1.699835
   57  MGO   H5    H1    0.115600  0.000000  0.000000  1.300000  1.235677
   58  MGO   O5    OS   -0.366800 -0.366800 -0.028200  1.500000  1.500006
   59  MGO   C6    CG    0.191800  0.242600  0.179500  1.700000  1.699835
   60  MGO   H61   H1    0.025400  0.000000  0.000000  1.300000  1.235677
   61  MGO   H62   H1    0.025400  0.000000  0.000000  1.300000  1.235677
   62  MGO   O6    OH   -0.607700 -0.198000  0.044600  1.500000  1.533237
   63  MGO   HO6   HO    0.409700  0.000000  0.000000  0.800000  0.000000
   64  MGO   C1    CG    0.042700  0.203700 -0.283400  1.700000  1.699835
   65  MGO   H1    H2    0.161000  0.000000  0.000000  1.300000  1.146587
   66  MGO   O1    OS   -0.322900 -0.322900  0.080400  1.500000  1.500006
   67  MGO   C2    CG    0.137600  0.202600  0.508600  1.700000  1.699835
   68  MGO   H2    H1    0.065000  0.000000  0.000000  1.300000  1.235677
   69  MGO   O2    OH   -0.634600 -0.198000  0.004600  1.500000  1.533237
   70  MGO   HO2   HO    0.436600  0.000000  0.000000  0.800000  0.000000
   71  MGO   C3    CG    0.122400  0.300300  0.504500  1.700000  1.699835
   72  MGO   H3    H1    0.177900  0.000000  0.000000  1.300000  1.235677
   73  MGO   O3    OH   -0.620000 -0.198000  0.102300  1.500000  1.533237
   74  MGO   HO3   HO    0.422000  0.000000  0.000000  0.800000  0.000000
   75  MGO   C4    CG    0.040100  0.199600  0.311900  1.700000  1.699835
   76  MGO   H4    H1    0.159500  0.000000  0.000000  1.300000  1.235677
   77  MGO   C5    CG    0.019300  0.134900  0.210300  1.700000  1.699835
   78  MGO   H5    H1    0.115600  0.000000  0.000000  1.300000  1.235677
   79  MGO   O5    OS   -0.366800 -0.366800 -0.028200  1.500000  1.500006
   80  MGO   C6    CG    0.191800  0.242600  0.179500  1.700000  1.699835
   81  MGO   H61   H1    0.025400  0.000000  0.000000  1.300000  1.235677
   82  MGO   H62   H1    0.025400  0.000000  0.000000  1.300000  1.235677
   83  MGO   O6    OH   -0.607700 -0.198000  0.044600  1.500000  1.533237
   84  MGO   HO6   HO    0.409700  0.000000  0.000000  0.800000  0.000000
   85  MGO   C1    CG    0.042700  0.203700 -0.283400  1.700000  1.699835
   86  MGO   H1    H2    0.161000  0.000000  0.000000  1.300000  1.146587
   87  MGO   O1    OS   -0.322900 -0.322900  0.080400  1.500000  1.500006
   88  MGO   C2    CG    0.137600  0.202600  0.508600  1.700000  1.699835
   89  MGO   H2    H1    0.065000  0.000000  0.000000  1.300000  1.235677
   90  MGO   O2    OH   -0.634600 -0.198000  0.004600  1.500000  1.533237
   91  MGO   HO2   HO    0.436600  0.000000  0.000000  0.800000  0.000000
   92  MGO   C3    CG    0.122400  0.300300  0.504500  1.700000  1.699835
   93  MGO   H3    H1    0.177900  0.000000  0.000000  1.300000  1.235677
   94  MGO   O3    OH   -0.620000 -0.198000  0.102300  1.500000  1.533237
   95  MGO   HO3   HO    0.422000  0.000000  0.000000  0.800000  0.000000
   96  MGO   C4    CG    0.040100  0.199600  0.311900  1.700000  1.699835
   97  MGO   H4    H1    0.159500  0.000000  0.000000  1.300000  1.235677
   98  MGO   C5    CG    0.019300  0.134900  0.210300  1.700000  1.699835
   99  MGO   H5    H1    0.115600  0.000000  0.000000  1.300000  1.235677
  100  MGO   O5    OS   -0.366800 -0.366800 -0.028200  1.500000  1.500006
  101  MGO   C6    CG    0.191800  0.242600  0.179500  1.700000  1.699835
  102  MGO   H61   H1    0.025400  0.000000  0.000000  1.300000  1.235677
  103  MGO   H62   H1    0.025400  0.000000  0.000000  1.300000  1.235677
  104  MGO   O6    OH   -0.607700 -0.198000  0.044600  1.500000  1.533237
  105  MGO   HO6   HO    0.409700  0.000000  0.000000  0.800000  0.000000
  106  MGO   C1    CG    0.042700  0.203700 -0.283400  1.700000  1.699835
  107  MGO   H1    H2    0.161000  0.000000  0.000000  1.300000  1.146587
  108  MGO   O1    OS   -0.322900 -0.322900  0.080400  1.500000  1.500006
  109  MGO   C2    CG    0.137600  0.202600  0.508600  1.700000  1.699835
  110  MGO   H2    H1    0.065000  0.000000  0.000000  1.300000  1.235677
  111  MGO   O2    OH   -0.634600 -0.198000  0.004600  1.500000  1.533237
  112  MGO   HO2   HO    0.436600  0.000000  0.000000  0.800000  0.000000
  113  MGO   C3    CG    0.122400  0.300300  0.504500  1.700000  1.699835
  114  MGO   H3    H1    0.177900  0.000000  0.000000  1.300000  1.235677
  115  MGO   O3    OH   -0.620000 -0.198000  0.102300  1.500000  1.533237
  116  MGO   HO3   HO    0.422000  0.000000  0.000000  0.800000  0.000000
  117  MGO   C4    CG    0.040100  0.199600  0.311900  1.700000  1.699835
  118  MGO   H4    H1    0.159500  0.000000  0.000000  1.300000  1.235677
  119  MGO   C5    CG    0.019300  0.134900  0.210300  1.700000  1.699835
  120  MGO   H5    H1    0.115600  0.000000  0.000000  1.300000  1.235677
  121  MGO   O5    OS   -0.366800 -0.366800 -0.028200  1.500000  1.500006
  122  MGO   C6    CG    0.191800  0.242600  0.179500  1.700000  1.699835
  123  MGO   H61   H1    0.025400  0.000000  0.000000  1.300000  1.235677
  124  MGO   H62   H1    0.025400  0.000000  0.000000  1.300000  1.235677
  125  MGO   O6    OH   -0.607700 -0.198000  0.044600  1.500000  1.533237
  126  MGO   HO6   HO    0.409700  0.000000  0.000000  0.800000  0.000000
  127  MGO   C1    CG    0.042700  0.203700 -0.283400  1.700000  1.699835
  128  MGO   H1    H2    0.161000  0.000000  0.000000  1.300000  1.146587
  129  MGO   O1    OS   -0.322900 -0.322900  0.080400  1.500000  1.500006
  130  MGO   C2    CG    0.137600  0.202600  0.508600  1.700000  1.699835
  131  MGO   H2    H1    0.065000  0.000000  0.000000  1.300000  1.235677
  132  MGO   O2    OH   -0.634600 -0.198000  0.004600  1.500000  1.533237
  133  MGO   HO2   HO    0.436600  0.000000  0.000000  0.800000  0.000000
  134  MGO   C3    CG    0.122400  0.300300  0.504500  1.700000  1.699835
  135  MGO   H3    H1    0.177900  0.000000  0.000000  1.300000  1.235677
  136  MGO   O3    OH   -0.620000 -0.198000  0.102300  1.500000  1.533237
  137  MGO   HO3   HO    0.422000  0.000000  0.000000  0.800000  0.000000
  138  MGO   C4    CG    0.040100  0.199600  0.311900  1.700000  1.699835
  139  MGO   H4    H1    0.159500  0.000000  0.000000  1.300000  1.235677
  140  MGO   C5    CG    0.019300  0.134900  0.210300  1.700000  1.699835
  141  MGO   H5    H1    0.115600  0.000000  0.000000  1.300000  1.235677
  142  MGO   O5    OS   -0.366800 -0.366800 -0.028200  1.500000  1.500006
  143  MGO   C6    CG    0.191800  0.242600  0.179500  1.700000  1.699835
  144  MGO   H61   H1    0.025400  0.000000  0.000000  1.300000  1.235677
  145  MGO   H62   H1    0.025400  0.000000  0.000000  1.300000  1.235677
  146  MGO   O6    OH   -0.607700 -0.198000  0.044600  1.500000  1.533237
  147  MGO   HO6   HO    0.409700  0.000000  0.000000  0.800000  0.000000
  148  MOL   N1    n4   -0.356200  0.610400  0.863200  1.550000  1.624999
  149  MOL   H1    hn    0.322200  0.322200  0.322200  1.300000  0.534539
  150  MOL   H2    hn    0.322200  0.322200  0.322200  1.300000  0.534539
  151  MOL   HN11  hn    0.322200  0.322200  0.322200  1.300000  0.534539
  152  MOL   C1    c3    0.079400  0.252800  0.908200  1.700000  1.699835
  153  MOL   H3    hx    0.086700  0.086700  0.086700  1.300000  0.979989
  154  MOL   H4    hx    0.086700  0.086700  0.086700  1.300000  0.979989
  155  MOL   C2    c3   -0.017600  0.045000  0.313200  1.700000  1.699835
  156  MOL   H5    hc    0.031300  0.031300  0.031300  1.300000  1.324766
  157  MOL   H6    hc    0.031300  0.031300  0.031300  1.300000  1.324766
  158  MOL   C3    c3   -0.015600  0.015400  0.081100  1.700000  1.699835
  159  MOL   H7    hc    0.015500  0.015500  0.015500  1.300000  1.324766
  160  MOL   H8    hc    0.015500  0.015500  0.015500  1.300000  1.324766
  161  MOL   C4    c3   -0.010500  0.020700  0.092000  1.700000  1.699835
  162  MOL   H9    hc    0.015600  0.015600  0.015600  1.300000  1.324766
  163  MOL   H10   hc    0.015600  0.015600  0.015600  1.300000  1.324766
  164  MOL   C5    c3    0.025100  0.055900  0.076400  1.700000  1.699835
  165  MOL   H11   hc    0.015400  0.015400  0.015400  1.300000  1.324766
  166  MOL   H12   hc    0.015400  0.015400  0.015400  1.300000  1.324766
  167  MOL   C6    c3   -0.101600 -0.000200  0.055700  1.700000  1.699835
  168  MOL   H13   hc    0.033800  0.033800  0.033800  1.300000  1.324766
  169  MOL   H14   hc    0.033800  0.033800  0.033800  1.300000  1.324766
  170  MOL   H15   hc    0.033800  0.033800  0.033800  1.300000  1.324766

 total system charges (+/-) for PB        1.0000       19.3655      -18.3655
 cavity_surften =        0.0050 cavity_offset =        0.0000

   SAS Surface: surface dots generated:    366

--------------------------------------------------------------------------------
   3.  ATOMIC COORDINATES AND VELOCITIES
--------------------------------------------------------------------------------

Cpptraj Generated Restart                                                       
 begin time read from input coords =   551.000 ps

 Number of triangulated 3-point waters found:        0

--------------------------------------------------------------------------------
   4.  RESULTS
--------------------------------------------------------------------------------

  NB-update: atom-based nb list     8999


======== Setting up Grid Parameters ========
Using bounding box for grid setup
 Bounding Box at level:           2
 Bounding Box Center:      18.000    17.500    18.000
 Xmin, Xmax, Xmax-Xmin:     9.296    26.753    17.457
 Ymin, Ymax, Ymax-Ymin:     8.939    26.399    17.460
 Zmin, Zmax, Zmax-Zmin:    12.481    23.985    11.504
 Grid dimension at level     2    53   53   41
 Grid origin corrected at level     2      4.500     4.000     7.500
 Bounding Box at level:           1
 Bounding Box Center:      18.000    17.500    18.000
 Xmin, Xmax, Xmax-Xmin:     9.296    26.753    17.457
 Ymin, Ymax, Ymax-Ymin:     8.939    26.399    17.460
 Zmin, Zmax, Zmax-Zmin:    12.481    23.985    11.504
PB Warn in setgrd(): focusing grid too large    2
 fillratio is automatically increased to 2.500
 Grid dimension at level     1    13   13    9
 Grid origin corrected at level     1    -10.000   -10.500    -2.000
------- VMD goodie --------
#First Level Geometric Box
draw materials off
draw color green
draw line "  -10.000  -10.500   -2.000" "   42.000  -10.500   -2.000"
draw line "  -10.000  -10.500   -2.000" "  -10.000   41.500   -2.000"
draw line "  -10.000  -10.500   -2.000" "  -10.000  -10.500   34.000"
draw line "   42.000  -10.500   -2.000" "   42.000   41.500   -2.000"
draw line "   42.000  -10.500   -2.000" "   42.000  -10.500   34.000"
draw line "  -10.000   41.500   -2.000" "   42.000   41.500   -2.000"
draw line "  -10.000   41.500   -2.000" "  -10.000   41.500   34.000"
draw line "  -10.000  -10.500   34.000" "   42.000  -10.500   34.000"
draw line "  -10.000  -10.500   34.000" "  -10.000   41.500   34.000"
draw line "   42.000   41.500   34.000" "   42.000   41.500   -2.000"
draw line "   42.000   41.500   34.000" "  -10.000   41.500   34.000"
draw line "   42.000   41.500   34.000" "   42.000  -10.500   34.000"
#2nd Level Geometric Box
draw color blue
draw line "    4.500    4.000    7.500" "   31.500    4.000    7.500"
draw line "    4.500    4.000    7.500" "    4.500   31.000    7.500"
draw line "    4.500    4.000    7.500" "    4.500    4.000   28.500"
draw line "   31.500    4.000    7.500" "   31.500   31.000    7.500"
draw line "   31.500    4.000    7.500" "   31.500    4.000   28.500"
draw line "    4.500   31.000    7.500" "   31.500   31.000    7.500"
draw line "    4.500   31.000    7.500" "    4.500   31.000   28.500"
draw line "    4.500    4.000   28.500" "   31.500    4.000   28.500"
draw line "    4.500    4.000   28.500" "    4.500   31.000   28.500"
draw line "   31.500   31.000   28.500" "   31.500   31.000    7.500"
draw line "   31.500   31.000   28.500" "    4.500   31.000   28.500"
draw line "   31.500   31.000   28.500" "   31.500    4.000   28.500"
--- End VMD goodie --------

======== Setting up Solvent Accessibility Data ========
Setting up working radii
Number of SA srf points exposed  4418
 Number of SA arcs generated  3778
 Number of SA arc points exposed        2560 Number of trimer arc points exposed         218
 with resolution (A) = .250000E+00

Atomic solvent accessible surface area:
           1    0.0000000000000
           2   11.0130848039941
           3    0.0000000000000
           4    0.0000000000000
           5   19.2728984069897
           6   21.9451405515678
           7    0.0000000000000
           8    0.0000000000000
           9    4.5053528743612
          10   18.4801183592150
          11    5.1515252649684
          12    0.0000000000000
          13    5.7568397839060
          14    0.0000000000000
          15    0.0000000000000
          16    3.1762703429901
          17    0.9898591934753
          18    2.2526764371806
          19   18.5220062612628
          20   32.9177108273517
          21    5.1515252649684
          22    0.0000000000000
          23   11.0130848039941
          24    0.0000000000000
          25    0.0000000000000
          26   19.7734931708076
          27   18.4801183592150
          28    0.0000000000000
          29    0.0000000000000
          30    0.0000000000000
          31   18.4801183592150
          32    4.8191687962608
          33    0.0000000000000
          34    6.0071371658150
          35    0.0000000000000
          36    0.0000000000000
          37    5.1975332885292
          38    2.9695775804260
          39    6.0071371658150
          40   18.5220062612628
          41   28.5864330869107
          42    6.3147729054452
          43    0.0000000000000
          44   14.2669507688106
          45    0.0000000000000
          46    0.0000000000000
          47   20.0237905527166
          48   16.7476072630386
          49    3.8220993901379
          50    0.0000000000000
          51    0.0000000000000
          52   10.9725702757839
          53    5.4838817336761
          54    0.0000000000000
          55    5.2562450200881
          56    0.0000000000000
          57    0.0000000000000
          58    6.0637888366174
          59    0.9898591934753
          60    5.0059476381791
          61   22.7770617537151
          62   26.5651701413715
          63    7.9765552489834
          64    0.0000000000000
          65   13.2657612411747
          66    0.0000000000000
          67    0.0000000000000
          68   20.2740879346255
          69   23.1001479490187
          70    0.0000000000000
          71    0.0000000000000
          72    2.0023790552717
          73   21.0788850034796
          74    0.0000000000000
          75    0.0000000000000
          76    5.0059476381791
          77    0.0000000000000
          78    0.0000000000000
          79    4.6200295898037
          80    0.9898591934753
          81    1.2514869095448
          82   14.2669507688106
          83   31.4739515805380
          84    4.4868123275532
          85    0.0000000000000
          86   14.7675455326285
          87    0.0000000000000
          88    0.0000000000000
          89   19.7734931708076
          90   22.5226442502933
          91    0.0000000000000
          92    0.0000000000000
          93    3.5041633467254
          94   18.1913665098522
          95    5.1515252649684
          96    0.0000000000000
          97    6.7580293115418
          98    0.0000000000000
          99    0.0000000000000
         100    6.3525406859801
         101    0.3299530644918
         102    0.2502973819090
         103    9.0107057487225
         104   28.2976812375479
         105    4.4868123275532
         106    0.0000000000000
         107   14.0166533869016
         108    0.0000000000000
         109    0.0000000000000
         110   20.2740879346255
         111   23.3888997983815
         112    0.0000000000000
         113    0.0000000000000
         114    8.0095162210866
         115   19.0576220579404
         116    4.6529905619070
         117    0.0000000000000
         118    7.5089214572687
         119    0.0000000000000
         120    0.0000000000000
         121    3.4650221923528
         122    0.6599061289836
         123   19.2728984069897
         124   13.2657612411747
         125    2.0212629455391
         126    6.6471293741528
         127    0.0000000000000
         128   14.2669507688106
         129    0.0000000000000
         130    0.0000000000000
         131   18.7723036431718
         132   21.9451405515678
         133    0.0000000000000
         134    0.0000000000000
         135    6.2574345477239
         136   19.6351257566659
         137    6.4809511397990
         138    0.0000000000000
         139    7.2586240753598
         140    0.0000000000000
         141    0.0000000000000
         142    6.0637888366174
         143    0.0000000000000
         144    2.2526764371806
         145   15.7687350602643
         146   22.5226442502933
         147    8.8074464207525
         148    0.0000000000000
         149   12.5148690954479
         150   31.5374701205286
         151   21.5255748441703
         152    0.6599061289836
         153    2.7532712009985
         154    0.0000000000000
         155    0.0000000000000
         156    0.0000000000000
         157    0.0000000000000
         158    0.0000000000000
         159    0.0000000000000
         160    0.0000000000000
         161    0.0000000000000
         162    0.0000000000000
         163    0.0000000000000
         164    0.0000000000000
         165    0.0000000000000
         166    5.7568397839060
         167    3.2995306449178
         168    0.5005947638179
         169   17.5208167336270
         170   21.5255748441703

 ======== FDPB Summary ========

 Do FDPB every           1 steps
 Nonbonded Update
   residue cutoff is set to   99.9000000000000
   fdpb cutoff is set to    5.0000000000000
   sas cutoff is set to    9.0000000000000
   nonbonded cutoff is set to    0.0000000000000
 Grid Constants
   Grid dimension      13      13       9
   Grid spacing set to     4.000
   Grid boundary
       -10.000    46.000
       -10.500    45.500
        -2.000    38.000

 Dielectric Map
   Use cavity radii in the prmtop file

   Use probe-based SES definition
     Compute SAS/SAR every           1 steps
     Solvent probe radius   1.40000000000000
     Surface dots per atom     366
     Buried atom radii increment   0.79800000000000
     Threshhold for exposed atom   0.08000000000000
     Current SAS1132.33711551309693

 Boundary conditions
   sum of grid charges as independent DH spheres

 Physical constants
   Solute dielectric constant  :   1.00000000000000
   Solvent dielectric constant :   80.0000000000000
   Temperature (K)             :   300.000000000000
   Ionic strength (mM)         :   0.00000000000000
   Debye-Huckel parameter (1/A):   0.00000000000000

FD Solver Option
   Use Modified ICCG solver

 Iteration data
   Maximum iterations  :         100
   Convergence criteria:  1.000000000000000E-03
   Iterations required        :     7
   Norm of the constant vector:       616.3301905146
   Norm of the residual vector:      0.5069010153864
   Convergence achieved       :  8.2245040594736845E-04

 Total molecular surface    803.7047

 ======== FDPB Summary ========

 Do FDPB every           1 steps
 Nonbonded Update
   residue cutoff is set to   99.9000000000000
   fdpb cutoff is set to    5.0000000000000
   sas cutoff is set to    9.0000000000000
   nonbonded cutoff is set to    0.0000000000000
 Grid Constants
   Grid dimension      53      53      41
   Grid spacing set to     0.500
   Grid boundary
         4.500    31.500
         4.000    31.000
         7.500    28.500

 Dielectric Map
   Use cavity radii in the prmtop file

   Use probe-based SES definition
     Compute SAS/SAR every           1 steps
     Solvent probe radius   1.40000000000000
     Surface dots per atom     366
     Buried atom radii increment   0.79800000000000
     Threshhold for exposed atom   0.08000000000000
     Current SAS1132.33711551309693

 Boundary conditions
   sum of grid charges as independent DH spheres

 Physical constants
   Solute dielectric constant  :   1.00000000000000
   Solvent dielectric constant :   80.0000000000000
   Temperature (K)             :   300.000000000000
   Ionic strength (mM)         :   0.00000000000000
   Debye-Huckel parameter (1/A):   0.00000000000000

FD Solver Option
   Use Modified ICCG solver

 Iteration data
   Maximum iterations  :         100
   Convergence criteria:  1.000000000000000E-03
   Iterations required        :    15
   Norm of the constant vector:    151703.8973442389
   Norm of the residual vector:    133.7599115793538
   Convergence achieved       :  8.8171704169097604E-04

 Total surface charge      -0.9858
 Reaction field energy   -187.0522
 Nonpolar SAS/SAV   1132.3371      0.0000
 Cavity solvation energy      5.6617

 NSTEP =        1   TIME(PS) =       0.000  TEMP(K) =     0.00  PRESS =     0.0
 Etot   =      -728.8050  EKtot   =         0.0000  EPtot      =         0.0000
 BOND   =         0.0000  ANGLE   =         0.0000  DIHED      =         0.0000
 1-4 NB =         0.0000  1-4 EEL =         0.0000  VDWAALS    =       -46.2394
 EELEC  =      -501.1751  EPB     =      -187.0522  RESTRAINT  =         0.0000
 ECAVITY=         5.6617  EDISPER =         0.0000
 ------------------------------------------------------------------------------



  Maximum number of minimization cycles reached.


                    FINAL RESULTS


 NSTEP =        1   TIME(PS) =       0.000  TEMP(K) =     0.00  PRESS =     0.0
 Etot   =      -728.8050  EKtot   =         0.0000  EPtot      =         0.0000
 BOND   =         0.0000  ANGLE   =         0.0000  DIHED      =         0.0000
 1-4 NB =         0.0000  1-4 EEL =         0.0000  VDWAALS    =       -46.2394
 EELEC  =      -501.1751  EPB     =      -187.0522  RESTRAINT  =         0.0000
 ECAVITY=         5.6617  EDISPER =         0.0000
 ------------------------------------------------------------------------------


--------------------------------------------------------------------------------
   5.  TIMINGS
--------------------------------------------------------------------------------

| Total time                     0.14
| Read prm/crd time              0.01
| Force time                     0.13
| Nonbond force                  0.13
| PB Nonbond                     0.13
| PB NB list                     0.00
| PB FD grid                     0.00
| PB Sasa                        0.03
| PB FD force                    0.13
| PB Set linear sys              0.06
| PB Solver                      0.07
| PB Direct                      0.00
| PB SA srf                      0.00
| PB SA arc                      0.02
| PB SA arc setup                0.00
| PB circle                      0.02
| PB exclude                     0.01
| PB exmol                       0.06
| PB exmol setup                 0.00
| PB exmol part b                0.00
| PB exmol part c                0.00
| PB exmol part e                0.00
| PB exmol part f                0.02
| PB epsmap                      0.00
|           Job began  at 20:53:09.994  on 08/29/2021
|           Setup done at 20:53:10.005  on 08/29/2021
|           Run   done at 20:53:10.138  on 08/29/2021
|     wallclock() was called     110 times
