            --------------------------------------------------------
                             AMBER SQM VERSION 19
 
                                     By
              Ross C. Walker, Michael F. Crowley, Scott Brozell,
                         Tim Giese, Andreas W. Goetz,
                        Tai-Sung Lee and David A. Case
 
            --------------------------------------------------------
 

--------------------------------------------------------------------------------
  QM CALCULATION INFO
--------------------------------------------------------------------------------

| QMMM: Citation for AMBER QMMM Run:
| QMMM: R.C. Walker, M.F. Crowley and D.A. Case, J. COMP. CHEM. 29:1019, 2008

QMMM: SINGLET STATE CALCULATION
QMMM: RHF CALCULATION, NO. OF DOUBLY OCCUPIED LEVELS =107

| QMMM: *** Selected Hamiltonian *** 
| QMMM: AM1         

| QMMM: *** Parameter sets in use ***
| QMMM: N : M.J.S.DEWAR et al. JACS, 107, 3902, (1985)
| QMMM: S : M.J.S.DEWAR et al. INORG. CHEM., 29, 3881, (1990)
| QMMM: C : M.J.S.DEWAR et al. JACS, 107, 3902, (1985)
| QMMM: O : M.J.S.DEWAR et al. JACS, 107, 3902, (1985)
| QMMM: H : M.J.S.DEWAR et al. JACS, 107, 3902, (1985)

| QMMM: *** SCF convergence criteria ***
| QMMM: Energy change                :  0.1D-09 kcal/mol
| QMMM: Error matrix |FP-PF|         :  0.1D+00 au
| QMMM: Density matrix change        :  0.5D-06
| QMMM: Maximum number of SCF cycles :     1000

| QMMM: *** Diagonalization Routine Information ***
| QMMM: Pseudo diagonalizations are allowed.
| QMMM: Auto diagonalization routine selection is in use.
| QMMM:
| QMMM: Timing diagonalization routines:
| QMMM:                              norbs =      198
| QMMM:    diag iterations used for timing =        5
| QMMM:
| QMMM:              Internal diag routine = 0.053359 seconds
| QMMM:                 Dspev diag routine = 3.559642 seconds
| QMMM:                Dspevd diag routine = 2.301915 seconds
| QMMM:                Dspevx diag routine = 1.561827 seconds
| QMMM:                 Dsyev diag routine = 3.597373 seconds
| QMMM:                Dsyevd diag routine = 1.422264 seconds
| QMMM:                Dsyevr diag routine = 0.496205 seconds
| QMMM:
| QMMM:                Pseudo diag routine = 0.039837 seconds
| QMMM:
| QMMM: Using internal diagonalization routine (diag_routine=1).

  QMMM: QM Region Cartesian Coordinates (*=link atom) 
  QMMM: QM_NO.   MM_NO.  ATOM         X         Y         Z
  QMMM:     1        1      N       11.0340   23.4610    6.0150
  QMMM:     2        2      S       11.6320   21.9400    6.6090
  QMMM:     3        3      N       13.3170   22.0650    6.2840
  QMMM:     4        4      C       13.7610   21.8620    4.9020
  QMMM:     5        5      C       13.8830   23.2000    4.1410
  QMMM:     6        6      C       12.9010   24.3300    4.5790
  QMMM:     7        7      C       11.3830   24.0110    4.6760
  QMMM:     8        8      C        9.7030   23.8600    6.5200
  QMMM:     9        9      C        9.6370   25.1880    7.2530
  QMMM:    10       10      C        8.4330   25.9220    7.2270
  QMMM:    11       11      C        8.2930   27.0930    7.9960
  QMMM:    12       12      C        9.3550   27.5270    8.8090
  QMMM:    13       13      C       10.5620   26.8040    8.8320
  QMMM:    14       14      C       10.7130   25.6480    8.0410
  QMMM:    15       15      O       11.0600   20.8600    5.7930
  QMMM:    16       16      O       14.9420   20.2880    3.5100
  QMMM:    17       17      C       15.8320   19.2650    3.2730
  QMMM:    18       18      C       16.7240   18.7440    4.2440
  QMMM:    19       19      C       17.6370   17.7290    3.9050
  QMMM:    20       20      C       17.6590   17.2110    2.6000
  QMMM:    21       21      C       16.7700   17.7090    1.6340
  QMMM:    22       22      C       15.8610   18.7300    1.9710
  QMMM:    23       23      C       14.2100   22.7750    7.2300
  QMMM:    24       24      C       15.1940   21.8690    7.9450
  QMMM:    25       25      C       14.7340   20.9490    8.9070
  QMMM:    26       26      C       15.6330   20.0670    9.5340
  QMMM:    27       27      C       17.0060   20.1270    9.2260
  QMMM:    28       28      C       17.4770   21.0730    8.2960
  QMMM:    29       29      C       16.5710   21.9420    7.6570
  QMMM:    30       30      O       15.2100   23.6690    4.2530
  QMMM:    31       31      O       13.0460   25.3790    3.6530
  QMMM:    32       32      C       10.8260   23.1680    3.4980
  QMMM:    33       33      O        9.4020   23.1050    3.4660
  QMMM:    34       34      C        8.6770   24.1140    2.8640
  QMMM:    35       35      C        9.2400   25.2820    2.2930
  QMMM:    36       36      C        8.4150   26.2440    1.6750
  QMMM:    37       37      C        7.0240   26.0510    1.6100
  QMMM:    38       38      C        6.4530   24.9020    2.1840
  QMMM:    39       39      C        7.2770   23.9510    2.8140
  QMMM:    40       40      O       11.4730   21.9380    8.0660
  QMMM:    41       41      C       14.9250   20.8610    4.8100
  QMMM:    42       42      H       12.9590   21.3300    4.4050
  QMMM:    43       43      H       13.7260   22.9740    3.0860
  QMMM:    44       44      H       13.1980   24.7430    5.5400
  QMMM:    45       45      H       10.8860   24.9820    4.6220
  QMMM:    46       46      H        9.3400   23.1080    7.2200
  QMMM:    47       47      H        8.9780   23.8660    5.7100
  QMMM:    48       48      H        7.6010   25.5830    6.6260
  QMMM:    49       49      H        7.3670   27.6480    7.9700
  QMMM:    50       50      H        9.2470   28.4180    9.4110
  QMMM:    51       51      H       11.3760   27.1390    9.4560
  QMMM:    52       52      H       11.6390   25.0940    8.0800
  QMMM:    53       53      H       16.7430   19.1180    5.2560
  QMMM:    54       54      H       18.3230   17.3530    4.6480
  QMMM:    55       55      H       18.3520   16.4270    2.3430
  QMMM:    56       56      H       16.7910   17.3120    0.6330
  QMMM:    57       57      H       15.1910   19.1230    1.2220
  QMMM:    58       58      H       13.6090   23.2910    7.9770
  QMMM:    59       59      H       14.7650   23.5600    6.7250
  QMMM:    60       60      H       13.6850   20.9110    9.1530
  QMMM:    61       61      H       15.2690   19.3460   10.2500
  QMMM:    62       62      H       17.6980   19.4570    9.7130
  QMMM:    63       63      H       18.5300   21.1310    8.0670
  QMMM:    64       64      H       16.9310   22.6620    6.9390
  QMMM:    65       65      H       15.2910   24.4830    3.7740
  QMMM:    66       66      H       13.7600   25.9340    3.9500
  QMMM:    67       67      H       11.1680   22.1410    3.5660
  QMMM:    68       68      H       11.2200   23.5170    2.5440
  QMMM:    69       69      H       10.3030   25.4670    2.3140
  QMMM:    70       70      H        8.8490   27.1340    1.2450
  QMMM:    71       71      H        6.3970   26.7890    1.1300
  QMMM:    72       72      H        5.3850   24.7540    2.1480
  QMMM:    73       73      H        6.8170   23.0830    3.2590
  QMMM:    74       74      H       14.7520   20.0700    5.5420
  QMMM:    75       75      H       15.8840   21.3250    5.0400

--------------------------------------------------------------------------------
  RESULTS
--------------------------------------------------------------------------------

      iter         sqm energy              rms gradient
      ----    -------------------    -----------------------
xmin    10     -108.8435 kcal/mol        0.6472 kcal/(mol*A)
xmin    20     -111.8307 kcal/mol        0.9954 kcal/(mol*A)
xmin    30     -114.3828 kcal/mol        0.3119 kcal/(mol*A)
xmin    40     -114.8658 kcal/mol        0.2531 kcal/(mol*A)
xmin    50     -115.0898 kcal/mol        0.0953 kcal/(mol*A)
xmin    60     -115.2255 kcal/mol        0.3564 kcal/(mol*A)
xmin    70     -115.3361 kcal/mol        0.0758 kcal/(mol*A)
xmin    80     -115.4012 kcal/mol        0.0245 kcal/(mol*A)
xmin    90     -115.4273 kcal/mol        0.1458 kcal/(mol*A)
xmin   100     -115.4420 kcal/mol        0.0936 kcal/(mol*A)
xmin   110     -115.4456 kcal/mol        0.0221 kcal/(mol*A)
xmin   120     -115.4461 kcal/mol        0.0053 kcal/(mol*A)
xmin   130     -115.4462 kcal/mol        0.0041 kcal/(mol*A)
xmin   140     -115.4462 kcal/mol        0.0025 kcal/(mol*A)
xmin   150     -115.4463 kcal/mol        0.0024 kcal/(mol*A)
  ... geometry converged !
 
 Final MO eigenvalues (eV):
 -41.5898  -40.7092  -40.1219  -39.8381  -39.6529  -38.5661  -38.0726  -37.8568
 -37.6041  -37.3301  -37.0870  -36.8630  -33.3433  -32.7399  -31.9310  -31.6260
 -31.5950  -31.5448  -31.2992  -31.0066  -30.4984  -29.8559  -28.2385  -27.1067
 -26.5939  -25.7397  -24.1755  -23.4496  -23.3966  -23.2677  -23.2093  -22.9209
 -22.5179  -22.4932  -22.1630  -21.4277  -20.5553  -19.4334  -19.2439  -18.8873
 -18.7639  -18.5184  -17.9475  -17.9323  -17.6455  -17.4702  -17.1693  -17.0467
 -16.9677  -16.8621  -16.7356  -16.4644  -16.4044  -16.2628  -16.0279  -15.9690
 -15.8741  -15.6791  -15.5407  -15.4116  -15.1775  -14.9753  -14.8596  -14.5989
 -14.5102  -14.4917  -14.3991  -14.3418  -14.3197  -14.2884  -14.0994  -13.9749
 -13.9350  -13.6696  -13.5687  -13.4714  -13.3522  -13.2481  -13.1419  -12.9864
 -12.8310  -12.7884  -12.6937  -12.6715  -12.5784  -12.5084  -12.4509  -12.3548
 -12.1909  -12.1154  -11.9676  -11.9269  -11.8902  -11.8291  -11.7418  -11.6436
 -11.3177  -10.5308  -10.4352  -10.0185   -9.8067   -9.7992   -9.7382   -9.7229
  -9.6790   -9.3554   -8.9744   -0.7981    0.2208    0.2251    0.2705    0.3012
   0.4142    0.4201    0.5223    0.5806    1.3500    1.9969    2.2124    2.3965
   2.6192    2.6433    2.7106    2.7727    2.7731    2.9281    2.9469    3.0059
   3.1288    3.2517    3.2908    3.4014    3.4947    3.5357    3.5799    3.6226
   3.6717    3.6808    3.7227    3.7644    3.7914    3.8553    3.8714    3.9141
   3.9169    3.9357    3.9397    4.0042    4.0251    4.0381    4.0525    4.0715
   4.0844    4.1297    4.1461    4.2143    4.2256    4.2454    4.2807    4.3287
   4.3936    4.4153    4.4305    4.4383    4.5058    4.5224    4.5419    4.5665
   4.7721    4.8293    4.8382    4.9102    4.9365    4.9524    5.0340    5.0513
   5.0621    5.1351    5.2321    5.2454    5.3964    5.4169    5.4300    5.4306
   5.4962    5.5096    5.5442    5.5763    5.5823    5.5923    5.7192    5.7949
   5.8639    5.9260    5.9642    5.9688    6.1035    6.5376

 Heat of formation   =       -115.44626128 kcal/mol  (       -5.00612555 eV)

 Total SCF energy    =    -163591.45938851 kcal/mol  (    -7093.85800219 eV)
 Electronic energy   =   -1675335.53650918 kcal/mol  (   -72648.00036899 eV)
 Core-core repulsion =    1511744.07712067 kcal/mol  (    65554.14236680 eV)
 
    Atomic Charges for Step       1 :
  Atom    Element       Mulliken Charge
     1      N                 -0.814
     2      S                  2.784
     3      N                 -0.802
     4      C                 -0.004
     5      C                 -0.021
     6      C                  0.015
     7      C                  0.006
     8      C                  0.018
     9      C                 -0.116
    10      C                 -0.114
    11      C                 -0.133
    12      C                 -0.123
    13      C                 -0.133
    14      C                 -0.125
    15      O                 -0.915
    16      O                 -0.242
    17      C                  0.072
    18      C                 -0.194
    19      C                 -0.096
    20      C                 -0.156
    21      C                 -0.100
    22      C                 -0.153
    23      C                  0.017
    24      C                 -0.104
    25      C                 -0.114
    26      C                 -0.128
    27      C                 -0.125
    28      C                 -0.136
    29      C                 -0.128
    30      O                 -0.344
    31      O                 -0.337
    32      C                 -0.045
    33      O                 -0.201
    34      C                  0.067
    35      C                 -0.207
    36      C                 -0.098
    37      C                 -0.164
    38      C                 -0.103
    39      C                 -0.155
    40      O                 -0.931
    41      C                 -0.026
    42      H                  0.131
    43      H                  0.106
    44      H                  0.106
    45      H                  0.139
    46      H                  0.117
    47      H                  0.109
    48      H                  0.135
    49      H                  0.133
    50      H                  0.132
    51      H                  0.135
    52      H                  0.158
    53      H                  0.143
    54      H                  0.135
    55      H                  0.136
    56      H                  0.136
    57      H                  0.147
    58      H                  0.104
    59      H                  0.111
    60      H                  0.161
    61      H                  0.137
    62      H                  0.132
    63      H                  0.131
    64      H                  0.131
    65      H                  0.226
    66      H                  0.225
    67      H                  0.132
    68      H                  0.106
    69      H                  0.159
    70      H                  0.132
    71      H                  0.132
    72      H                  0.133
    73      H                  0.150
    74      H                  0.110
    75      H                  0.097
 Total Mulliken Charge =      -0.000
 
                  X        Y        Z     TOTAL  
  QM DIPOLE     4.164    2.178   -1.137    4.835
 
 Final Structure

  QMMM: QM Region Cartesian Coordinates (*=link atom) 
  QMMM: QM_NO.   MM_NO.  ATOM         X         Y         Z
  QMMM:     1        1      N       10.6191   23.1165    6.0681
  QMMM:     2        2      S       11.3358   21.7773    6.7037
  QMMM:     3        3      N       12.9310   21.9839    6.3477
  QMMM:     4        4      C       13.3473   21.7362    4.9908
  QMMM:     5        5      C       13.3433   22.9972    4.0895
  QMMM:     6        6      C       12.3240   24.0822    4.4921
  QMMM:     7        7      C       10.8594   23.6219    4.7366
  QMMM:     8        8      C        9.7001   23.8827    6.8807
  QMMM:     9        9      C       10.2904   25.1096    7.5184
  QMMM:    10       10      C       10.0883   26.3698    6.9490
  QMMM:    11       11      C       10.6097   27.5065    7.5667
  QMMM:    12       12      C       11.3353   27.3879    8.7518
  QMMM:    13       13      C       11.5396   26.1304    9.3210
  QMMM:    14       14      C       11.0204   24.9921    8.7065
  QMMM:    15       15      O       10.8751   20.6158    6.0368
  QMMM:    16       16      O       14.9998   20.9255    3.5013
  QMMM:    17       17      C       16.0158   20.0489    3.1565
  QMMM:    18       18      C       16.9442   19.5249    4.0626
  QMMM:    19       19      C       17.9480   18.6795    3.5882
  QMMM:    20       20      C       18.0277   18.3648    2.2335
  QMMM:    21       21      C       17.0965   18.8949    1.3374
  QMMM:    22       22      C       16.0840   19.7357    1.7867
  QMMM:    23       23      C       13.8253   22.6971    7.2254
  QMMM:    24       24      C       14.7211   21.8392    8.0751
  QMMM:    25       25      C       14.1757   20.9687    9.0247
  QMMM:    26       26      C       15.0151   20.2095    9.8390
  QMMM:    27       27      C       16.4001   20.3207    9.7156
  QMMM:    28       28      C       16.9463   21.1954    8.7765
  QMMM:    29       29      C       16.1103   21.9518    7.9561
  QMMM:    30       30      O       14.5911   23.6780    4.1266
  QMMM:    31       31      O       12.2337   25.0181    3.4229
  QMMM:    32       32      C       10.3922   22.6773    3.6060
  QMMM:    33       33      O        8.9747   22.7014    3.4839
  QMMM:    34       34      C        8.4101   23.7154    2.7297
  QMMM:    35       35      C        9.0989   24.8184    2.2129
  QMMM:    36       36      C        8.3956   25.7699    1.4729
  QMMM:    37       37      C        7.0275   25.6306    1.2533
  QMMM:    38       38      C        6.3472   24.5284    1.7766
  QMMM:    39       39      C        7.0259   23.5656    2.5139
  QMMM:    40       40      O       11.1565   21.7716    8.1148
  QMMM:    41       41      C       14.7109   21.0163    4.9023
  QMMM:    42       42      H       12.5906   21.0182    4.5329
  QMMM:    43       43      H       13.1351   22.6524    3.0361
  QMMM:    44       44      H       12.7124   24.6151    5.4084
  QMMM:    45       45      H       10.2461   24.5747    4.6123
  QMMM:    46       46      H        9.3127   23.2068    7.7024
  QMMM:    47       47      H        8.8140   24.1827    6.2476
  QMMM:    48       48      H        9.5147   26.4662    6.0145
  QMMM:    49       49      H       10.4463   28.4971    7.1177
  QMMM:    50       50      H       11.7442   28.2853    9.2388
  QMMM:    51       51      H       12.1083   26.0357   10.2579
  QMMM:    52       52      H       11.1710   23.9956    9.1572
  QMMM:    53       53      H       16.8936   19.7672    5.1331
  QMMM:    54       54      H       18.6804   18.2612    4.2949
  QMMM:    55       55      H       18.8220   17.6980    1.8685
  QMMM:    56       56      H       17.1592   18.6440    0.2678
  QMMM:    57       57      H       15.3418   20.1568    1.0946
  QMMM:    58       58      H       13.1927   23.3261    7.9262
  QMMM:    59       59      H       14.4590   23.4025    6.6079
  QMMM:    60       60      H       13.0801   20.8945    9.1361
  QMMM:    61       61      H       14.5812   19.5246   10.5825
  QMMM:    62       62      H       17.0606   19.7227   10.3603
  QMMM:    63       63      H       18.0379   21.2915    8.6833
  QMMM:    64       64      H       16.5471   22.6458    7.2218
  QMMM:    65       65      H       15.2210   23.1465    3.6219
  QMMM:    66       66      H       13.1268   25.3617    3.2846
  QMMM:    67       67      H       10.6023   21.5945    3.8364
  QMMM:    68       68      H       10.8929   22.9753    2.6484
  QMMM:    69       69      H       10.1791   24.9507    2.3830
  QMMM:    70       70      H        8.9336   26.6377    1.0628
  QMMM:    71       71      H        6.4824   26.3854    0.6693
  QMMM:    72       72      H        5.2663   24.4177    1.6036
  QMMM:    73       73      H        6.5063   22.6912    2.9302
  QMMM:    74       74      H       14.6399   19.9943    5.3562
  QMMM:    75       75      H       15.5205   21.6088    5.4055

           --------- Calculation Completed ----------

