
          -------------------------------------------------------
          GBNSR6 2015                       
          -------------------------------------------------------

| Run on 09/26/2021 at 22:17:26
  [-O]verwriting output

File Assignments:
|  MDIN: ../../../scripts/gbnsr6.in                                            
| MDOUT: complex-gb.out                                                        
|INPCRD: ../top_crd/complex.crd                                                
|  PARM: ../top_crd/complex.top                                                
|

 Here is the input file:

compute                                                                        
&cntrl                                                                         
inp=1                                                                          
/                                                                              
&gb                                                                            
epsin=1.0, epsout=80, istrng=0, space=0.5,                                     
arcres=0.2, B=0.028, alpb=1, rbornstat=0, cavity_surften=0.005                 
/                                                                              

--------------------------------------------------------------------------------
   1.  RESOURCE   USE: 
--------------------------------------------------------------------------------

| Flags:                                                                        
| New format PARM file being parsed.
| Version =    1.000 Date = 09/26/21 Time = 22:06:57
 NATOM  =    8305 NTYPES =      23 NBONH =    4114 MBONA  =    4302
 NTHETH =    9382 MTHETA =    5865 NPHIH =   19039 MPHIA  =   18461
 NHPARM =       0 NPARM  =       0 NNB   =   46125 NRES   =     518
 NBONA  =    4302 NTHETA =    5865 NPHIA =   18461 NUMBND =      78
 NUMANG =     187 NPTRA  =     215 NATYP =      41 NPHB   =       0
 IFBOX  =       0 NMXRS  =      61 IFCAP =       0 NEXTRA =       0
 NCOPY  =       0


|     Memory Use     Allocated
|     Real              307659
|     Hollerith          50350
|     Integer           416405
|     Max Pairs              1
|     Max Rstack             1
|     Max Istack             1
|       Total             4226 kbytes

| Note: 1-4 EEL scale factors are being read from the topology file.

--------------------------------------------------------------------------------
   2.  ATOMIC COORDINATES AND VELOCITIES
--------------------------------------------------------------------------------

default_name                                                                    
 begin time read from input coords =     0.000 ps

 Number of triangulated 3-point waters found:        0

--------------------------------------------------------------------------------
   3.  RESULTS
--------------------------------------------------------------------------------

 Cavity solvation energy     96.3005

 NSTEP =        1   TIME(PS) =       0.000  TEMP(K) =     0.00  PRESS =     0.0
 Etot   =    -20097.5997  EKtot   =         0.0000  EPtot      =         0.0000
 BOND   =         0.0000  ANGLE   =         0.0000  DIHED      =         0.0000
 1-4 NB =         0.0000  1-4 EEL =     24283.2102  VDWAALS    =         0.0000
 EELEC  =    -39329.1320  EGB     =     -5147.9785  RESTRAINT  =         0.0000
 ESURF  =        96.3005
 ------------------------------------------------------------------------------



  Maximum number of minimization cycles reached.


                    FINAL RESULTS


 NSTEP =        1   TIME(PS) =       0.000  TEMP(K) =     0.00  PRESS =     0.0
 Etot   =    -20097.5997  EKtot   =         0.0000  EPtot      =         0.0000
 BOND   =         0.0000  ANGLE   =         0.0000  DIHED      =         0.0000
 1-4 NB =         0.0000  1-4 EEL =     24283.2102  VDWAALS    =         0.0000
 EELEC  =    -39329.1320  EGB     =     -5147.9785  RESTRAINT  =         0.0000
 ESURF  =        96.3005
 ------------------------------------------------------------------------------

|           Job began  at 22:17:26.678  on 09/26/2021
|           Setup done at 22:17:26.757  on 09/26/2021
|           Run   done at 22:17:34.247  on 09/26/2021
|     wallclock() was called      72 times
