
          -------------------------------------------------------
          PBSA VERSION 2019                       UC Irvine
          -------------------------------------------------------

| Run on 09/26/2021 at 23:32:17
  [-O]verwriting output

File Assignments:
|  MDIN: ../../../scripts/pbsa.in                                              
| MDOUT: lig-pb.out                                                            
|INPCRD: ../top_crd/lig.crd                                                    
|  PARM: ../top_crd/lig.top                                                    
|

 Here is the input file:

Sample single point PB calculation                                             
&cntrl                                                                         
ipb=1, inp=1                                                                   
/                                                                              
&pb                                                                            
npbverb=1, fillratio=1.5, saopt=1, radiopt=0, epsin=1.0, epsout=80             
/                                                                              
 PBSA Warning in pb_read(): sprob=0.557 is optimized for inp=2 and  should not be used with inp=1. It has been reset to 1.4.
 PBSA Warning in pb_read(): cavity_surften=0.0378 is optimized for inp=2  and should not be used with inp=1. It has been reset to 0.005000.
 PBSA Warning in pb_read(): cavity_offset=-0.5692 is optimized for inp=2  and should not be used with inp=1. It has been reset to 0.000.

--------------------------------------------------------------------------------
   1.  RESOURCE   USE: 
--------------------------------------------------------------------------------

| Flags:                                                                        
| New format PARM file being parsed.
| Version =    1.000 Date = 09/26/21 Time = 22:06:44
 NATOM  =      75 NTYPES =      10 NBONH =      34 MBONA  =      45
 NTHETH =      74 MTHETA =      62 NPHIH =     149 MPHIA  =      97
 NHPARM =       0 NPARM  =       0 NNB   =     411 NRES   =       1
 NBONA  =      45 NTHETA =      62 NPHIA =      97 NUMBND =      12
 NUMANG =      22 NPTRA  =      20 NATYP =      10 NPHB   =       0
 IFBOX  =       0 NMXRS  =      75 IFCAP =       0 NEXTRA =       0
 NCOPY  =       0


|     Memory Use     Allocated
|     Real                2828
|     Hollerith            228
|     Integer            23237
|     Max Pairs              1
|     Max Rstack             1
|     Max Istack             1
|       Total              113 kbytes

--------------------------------------------------------------------------------
   2.  CONTROL  DATA  FOR  THE  RUN
--------------------------------------------------------------------------------

default_name                                                                    

General flags:
     imin    =       1, nmropt  =       0

Nature and format of input:
     ntx     =       1, irest   =       0, ntrx    =       1

Nature and format of output:
     ntxo    =       1, ntpr    =      50, ntrx    =       1, ntwr    =     500
     iwrap   =       0, ntwx    =       0, ntwv    =       0, ntwe    =       0
     ioutfm  =       0, ntwprt  =       0, idecomp =       0, rbornstat=      0

Potential function:
     ntf     =       1, ntb     =       1, ipb     =       1, nsnb    =      25
     ipol    =       0, gbsa    =       0, iesp    =       0
     dielc   =   1.00000, cut     =   8.00000, intdiel =   1.00000

Frozen or restrained atoms:
     ibelly  =       0, ntr     =       0

Energy minimization:
     maxcyc  =       1, ncyc    =      10, ntmin   =       1
     dx0     =   0.01000, drms    =   0.00010

======== Implicit Solvent Initialization ========

     Max Nonbonded Pairs:     2813     2813

 no. of atoms processed in PB initialization:    75
  NUM  RESI  NAME  TYPE    CHARGE ATM CRG/H   GRP CRG   PB RADI   NP RADI
    1  LIG   C13   ca   -0.132500  0.001500  0.035500  1.700000  1.657606
    2  LIG   C14   ca   -0.120250  0.026000 -0.089800  1.700000  1.657606
    3  LIG   H14   ha    0.146250  0.146250  0.146250  1.300000  1.312739
    4  LIG   H13   ha    0.134000  0.134000  0.134000  1.300000  1.312739
    5  LIG   C12   ca   -0.124000  0.008000  0.011000  1.700000  1.657606
    6  LIG   H12   ha    0.132000  0.132000  0.132000  1.300000  1.312739
    7  LIG   C11   ca   -0.132500  0.001500  0.035500  1.700000  1.657606
    8  LIG   H11   ha    0.134000  0.134000  0.134000  1.300000  1.312739
    9  LIG   C10   ca   -0.120250  0.026000 -0.089800  1.700000  1.657606
   10  LIG   H10   ha    0.146250  0.146250  0.146250  1.300000  1.312739
   11  LIG   C09   ca   -0.117300 -0.117300  0.338200  1.700000  1.657606
   12  LIG   C08   c3    0.261600  0.403500 -0.502300  1.700000  1.698855
   13  LIG   H081  h1    0.070950  0.070950  0.070950  1.300000  1.210999
   14  LIG   H082  h1    0.070950  0.070950  0.070950  1.300000  1.210999
   15  LIG   N01   n3   -0.788500 -0.788500  1.463000  1.550000  1.682551
   16  LIG   S02   s6    1.553800  1.553800 -1.310800  1.800000  1.766207
   17  LIG   O15   o    -0.643800 -0.643800  0.910000  1.500000  1.524060
   18  LIG   O40   o    -0.643800 -0.643800  0.910000  1.500000  1.524060
   19  LIG   N03   n3   -0.788500 -0.788500  1.463000  1.550000  1.682551
   20  LIG   C23   c3    0.261600  0.403500 -0.502300  1.700000  1.698855
   21  LIG   C24   ca   -0.117300 -0.117300  0.338200  1.700000  1.657606
   22  LIG   C25   ca   -0.120250  0.026000 -0.089800  1.700000  1.657606
   23  LIG   C26   ca   -0.132500  0.001500  0.035500  1.700000  1.657606
   24  LIG   C27   ca   -0.124000  0.008000  0.011000  1.700000  1.657606
   25  LIG   C28   ca   -0.132500  0.001500  0.035500  1.700000  1.657606
   26  LIG   C29   ca   -0.120250  0.026000 -0.089800  1.700000  1.657606
   27  LIG   H29   ha    0.146250  0.146250  0.146250  1.300000  1.312739
   28  LIG   H28   ha    0.134000  0.134000  0.134000  1.300000  1.312739
   29  LIG   H27   ha    0.132000  0.132000  0.132000  1.300000  1.312739
   30  LIG   H26   ha    0.134000  0.134000  0.134000  1.300000  1.312739
   31  LIG   H25   ha    0.146250  0.146250  0.146250  1.300000  1.312739
   32  LIG   H231  h1    0.070950  0.070950  0.070950  1.300000  1.210999
   33  LIG   H232  h1    0.070950  0.070950  0.070950  1.300000  1.210999
   34  LIG   C04   c3    0.198500  0.294200 -0.060700  1.700000  1.698855
   35  LIG   C41   c3    0.114900  0.258800  0.214600  1.700000  1.698855
   36  LIG   O16   os   -0.338400 -0.338400  0.035000  1.500000  1.578049
   37  LIG   C17   ca    0.114600  0.114600 -0.278800  1.700000  1.657606
   38  LIG   C18   ca   -0.177250 -0.027500  0.121850  1.700000  1.657606
   39  LIG   C19   ca   -0.099250  0.034750 -0.018750  1.700000  1.657606
   40  LIG   C20   ca   -0.160000 -0.026000  0.043500  1.700000  1.657606
   41  LIG   C21   ca   -0.099250  0.034750 -0.018750  1.700000  1.657606
   42  LIG   C22   ca   -0.177250 -0.027500  0.121850  1.700000  1.657606
   43  LIG   H22   ha    0.149750  0.149750  0.149750  1.300000  1.312739
   44  LIG   H21   ha    0.134000  0.134000  0.134000  1.300000  1.312739
   45  LIG   H20   ha    0.134000  0.134000  0.134000  1.300000  1.312739
   46  LIG   H19   ha    0.134000  0.134000  0.134000  1.300000  1.312739
   47  LIG   H18   ha    0.149750  0.149750  0.149750  1.300000  1.312739
   48  LIG   H411  h1    0.071950  0.071950  0.071950  1.300000  1.210999
   49  LIG   H412  h1    0.071950  0.071950  0.071950  1.300000  1.210999
   50  LIG   H04   h1    0.095700  0.095700  0.095700  1.300000  1.210999
   51  LIG   C05   c3    0.108100  0.174800  0.457000  1.700000  1.698855
   52  LIG   O30   oh   -0.613300 -0.186800 -0.012000  1.500000  1.621436
   53  LIG   HO30  ho    0.426500  0.426500  0.426500  0.800000  0.268962
   54  LIG   H05   h1    0.066700  0.066700  0.066700  1.300000  1.210999
   55  LIG   C06   c3    0.108100  0.174800  0.457000  1.700000  1.698855
   56  LIG   O31   oh   -0.613300 -0.186800 -0.012000  1.500000  1.621436
   57  LIG   HO31  ho    0.426500  0.426500  0.426500  0.800000  0.268962
   58  LIG   H06   h1    0.066700  0.066700  0.066700  1.300000  1.210999
   59  LIG   C07   c3    0.198500  0.294200 -0.060700  1.700000  1.698855
   60  LIG   H07   h1    0.095700  0.095700  0.095700  1.300000  1.210999
   61  LIG   C32   c3    0.114900  0.258800  0.214600  1.700000  1.698855
   62  LIG   H321  h1    0.071950  0.071950  0.071950  1.300000  1.210999
   63  LIG   H322  h1    0.071950  0.071950  0.071950  1.300000  1.210999
   64  LIG   O33   os   -0.338400 -0.338400  0.035000  1.500000  1.578049
   65  LIG   C34   ca    0.114600  0.114600 -0.278800  1.700000  1.657606
   66  LIG   C35   ca   -0.177250 -0.027500  0.121850  1.700000  1.657606
   67  LIG   H35   ha    0.149750  0.149750  0.149750  1.300000  1.312739
   68  LIG   C36   ca   -0.099250  0.034750 -0.018750  1.700000  1.657606
   69  LIG   H36   ha    0.134000  0.134000  0.134000  1.300000  1.312739
   70  LIG   C37   ca   -0.160000 -0.026000  0.043500  1.700000  1.657606
   71  LIG   H37   ha    0.134000  0.134000  0.134000  1.300000  1.312739
   72  LIG   C38   ca   -0.099250  0.034750 -0.018750  1.700000  1.657606
   73  LIG   H38   ha    0.134000  0.134000  0.134000  1.300000  1.312739
   74  LIG   C39   ca   -0.177250 -0.027500  0.121850  1.700000  1.657606
   75  LIG   H39   ha    0.149750  0.149750  0.149750  1.300000  1.312739

 total system charges (+/-) for PB       -0.0010        7.6866       -7.6876
 cavity_surften =        0.0050 cavity_offset =        0.0000

   SAS Surface: surface dots generated:    366

--------------------------------------------------------------------------------
   3.  ATOMIC COORDINATES AND VELOCITIES
--------------------------------------------------------------------------------

default_name                                                                    
 begin time read from input coords =     0.000 ps

 Number of triangulated 3-point waters found:        0

--------------------------------------------------------------------------------
   4.  RESULTS
--------------------------------------------------------------------------------

  NB-update: atom-based nb list     2158


======== Setting up Grid Parameters ========
Using bounding box for grid setup
 Bounding Box at level:           2
 Bounding Box Center:      12.000    22.500     5.500
 Xmin, Xmax, Xmax-Xmin:     4.085    19.830    15.745
 Ymin, Ymax, Ymax-Ymin:    15.127    29.718    14.591
 Zmin, Zmax, Zmax-Zmin:    -0.667    11.550    12.217
 Grid dimension at level     2    49   47   43
 Grid origin corrected at level     2     -0.500    10.500    -5.500
 Bounding Box at level:           1
 Bounding Box Center:      12.000    22.500     5.500
 Xmin, Xmax, Xmax-Xmin:     4.085    19.830    15.745
 Ymin, Ymax, Ymax-Ymin:    15.127    29.718    14.591
 Zmin, Zmax, Zmax-Zmin:    -0.667    11.550    12.217
PB Warn in setgrd(): focusing grid too large    2
 fillratio is automatically increased to 2.500
 Grid dimension at level     1    11   11    9
 Grid origin corrected at level     1    -12.000    -1.500   -14.500
------- VMD goodie --------
#First Level Geometric Box
draw materials off
draw color green
draw line "  -12.000   -1.500  -14.500" "   32.000   -1.500  -14.500"
draw line "  -12.000   -1.500  -14.500" "  -12.000   42.500  -14.500"
draw line "  -12.000   -1.500  -14.500" "  -12.000   -1.500   21.500"
draw line "   32.000   -1.500  -14.500" "   32.000   42.500  -14.500"
draw line "   32.000   -1.500  -14.500" "   32.000   -1.500   21.500"
draw line "  -12.000   42.500  -14.500" "   32.000   42.500  -14.500"
draw line "  -12.000   42.500  -14.500" "  -12.000   42.500   21.500"
draw line "  -12.000   -1.500   21.500" "   32.000   -1.500   21.500"
draw line "  -12.000   -1.500   21.500" "  -12.000   42.500   21.500"
draw line "   32.000   42.500   21.500" "   32.000   42.500  -14.500"
draw line "   32.000   42.500   21.500" "  -12.000   42.500   21.500"
draw line "   32.000   42.500   21.500" "   32.000   -1.500   21.500"
#2nd Level Geometric Box
draw color blue
draw line "   -0.500   10.500   -5.500" "   24.500   10.500   -5.500"
draw line "   -0.500   10.500   -5.500" "   -0.500   34.500   -5.500"
draw line "   -0.500   10.500   -5.500" "   -0.500   10.500   16.500"
draw line "   24.500   10.500   -5.500" "   24.500   34.500   -5.500"
draw line "   24.500   10.500   -5.500" "   24.500   10.500   16.500"
draw line "   -0.500   34.500   -5.500" "   24.500   34.500   -5.500"
draw line "   -0.500   34.500   -5.500" "   -0.500   34.500   16.500"
draw line "   -0.500   10.500   16.500" "   24.500   10.500   16.500"
draw line "   -0.500   10.500   16.500" "   -0.500   34.500   16.500"
draw line "   24.500   34.500   16.500" "   24.500   34.500   -5.500"
draw line "   24.500   34.500   16.500" "   -0.500   34.500   16.500"
draw line "   24.500   34.500   16.500" "   24.500   10.500   16.500"
--- End VMD goodie --------

======== Setting up Solvent Accessibility Data ========
Setting up working radii
Number of SA srf points exposed  3232
 Number of SA arcs generated  1177
 Number of SA arc points exposed        2067 Number of trimer arc points exposed         178
 with resolution (A) = .250000E+00

Atomic solvent accessible surface area:
           1   11.5483572572123
           2    4.9492959673767
           3    4.5053528743612
           4   31.0368753567107
           5   11.2184041927205
           6   31.0368753567107
           7   11.8783103217041
           8   31.0368753567107
           9    7.5889204833109
          10   15.2681402964464
          11    1.3198122579671
          12    0.0000000000000
          13   15.5184376783554
          14    1.5017842914537
          15    0.0000000000000
          16    0.0000000000000
          17   28.2976812375479
          18   17.6138628111268
          19    0.0000000000000
          20    0.3299530644918
          21    2.6396245159342
          22    6.5990612898356
          23    9.8985919347534
          24    9.2386858057698
          25    5.9391551608520
          26    5.6092020963603
          27   14.2669507688106
          28   29.5350910652570
          29   30.5362805928928
          30   30.2859832109838
          31   12.0142743316300
          32    7.0083266934508
          33    6.2574345477239
          34    0.0000000000000
          35    0.0000000000000
          36    3.7537740417155
          37    6.2691082253438
          38    9.5686388702616
          39   11.2184041927205
          40   11.2184041927205
          41   11.8783103217041
          42   11.8783103217041
          43   27.7830093918943
          44   30.2859832109838
          45   31.2871727386197
          46   30.5362805928928
          47    2.7532712009985
          48    7.0083266934508
          49    2.7532712009985
          50    1.5017842914537
          51    0.0000000000000
          52   18.7688702085777
          53    5.4838817336761
          54   10.2621926582673
          55    0.0000000000000
          56   21.3676368528423
          57    7.1456640772143
          58    5.5065424019971
          59    0.0000000000000
          60    2.5029738190896
          61    0.6599061289836
          62    8.0095162210866
          63   10.2621926582673
          64    6.6412925353429
          65    3.2995306449178
          66    5.2792490318685
          67    7.7592188391777
          68   10.5584980637370
          69   30.7865779748018
          70   10.8884511282288
          71   30.7865779748018
          72    9.5686388702616
          73   30.7865779748018
          74    6.9290143543274
          75   25.7806303366226

 ======== FDPB Summary ========

 Do FDPB every           1 steps
 Nonbonded Update
   residue cutoff is set to   99.9000000000000
   fdpb cutoff is set to    5.0000000000000
   sas cutoff is set to    9.0000000000000
   nonbonded cutoff is set to    0.0000000000000
 Grid Constants
   Grid dimension      11      11       9
   Grid spacing set to     4.000
   Grid boundary
       -12.000    36.000
        -1.500    46.500
       -14.500    25.500

 Dielectric Map
   Use cavity radii in the prmtop file

   Use probe-based SES definition
     Compute SAS/SAR every           1 steps
     Solvent probe radius   1.40000000000000
     Surface dots per atom     366
     Buried atom radii increment   0.79800000000000
     Threshhold for exposed atom   0.08000000000000
     Current SAS 863.20528479481504

 Boundary conditions
   sum of grid charges as independent DH spheres

 Physical constants
   Solute dielectric constant  :   1.00000000000000
   Solvent dielectric constant :   80.0000000000000
   Temperature (K)             :   300.000000000000
   Ionic strength (mM)         :   0.00000000000000
   Debye-Huckel parameter (1/A):   0.00000000000000

FD Solver Option
   Use Modified ICCG solver

 Iteration data
   Maximum iterations  :         100
   Convergence criteria:  1.000000000000000E-03
   Iterations required        :     6
   Norm of the constant vector:       110.7463635863
   Norm of the residual vector:      0.0905409192361
   Convergence achieved       :  8.1755207398342869E-04

 Total molecular surface    516.3271

 ======== FDPB Summary ========

 Do FDPB every           1 steps
 Nonbonded Update
   residue cutoff is set to   99.9000000000000
   fdpb cutoff is set to    5.0000000000000
   sas cutoff is set to    9.0000000000000
   nonbonded cutoff is set to    0.0000000000000
 Grid Constants
   Grid dimension      49      47      43
   Grid spacing set to     0.500
   Grid boundary
        -0.500    24.500
        10.500    34.500
        -5.500    16.500

 Dielectric Map
   Use cavity radii in the prmtop file

   Use probe-based SES definition
     Compute SAS/SAR every           1 steps
     Solvent probe radius   1.40000000000000
     Surface dots per atom     366
     Buried atom radii increment   0.79800000000000
     Threshhold for exposed atom   0.08000000000000
     Current SAS 863.20528479481504

 Boundary conditions
   sum of grid charges as independent DH spheres

 Physical constants
   Solute dielectric constant  :   1.00000000000000
   Solvent dielectric constant :   80.0000000000000
   Temperature (K)             :   300.000000000000
   Ionic strength (mM)         :   0.00000000000000
   Debye-Huckel parameter (1/A):   0.00000000000000

FD Solver Option
   Use Modified ICCG solver

 Iteration data
   Maximum iterations  :         100
   Convergence criteria:  1.000000000000000E-03
   Iterations required        :    14
   Norm of the constant vector:     58890.8778777280
   Norm of the residual vector:     50.6364583905440
   Convergence achieved       :  8.5983534658250085E-04

 Total surface charge       0.0008
 Reaction field energy    -39.2874
 Nonpolar SAS/SAV    863.2053      0.0000
 Cavity solvation energy      4.3160

 NSTEP =        1   TIME(PS) =       0.000  TEMP(K) =     0.00  PRESS =     0.0
 Etot   =      -221.6231  EKtot   =         0.0000  EPtot      =         0.0000
 BOND   =         0.0000  ANGLE   =         0.0000  DIHED      =         0.0000
 1-4 NB =         0.0000  1-4 EEL =         0.0000  VDWAALS    =       -10.7034
 EELEC  =      -175.9483  EPB     =       -39.2874  RESTRAINT  =         0.0000
 ECAVITY=         4.3160  EDISPER =         0.0000
 ------------------------------------------------------------------------------



  Maximum number of minimization cycles reached.


                    FINAL RESULTS


 NSTEP =        1   TIME(PS) =       0.000  TEMP(K) =     0.00  PRESS =     0.0
 Etot   =      -221.6231  EKtot   =         0.0000  EPtot      =         0.0000
 BOND   =         0.0000  ANGLE   =         0.0000  DIHED      =         0.0000
 1-4 NB =         0.0000  1-4 EEL =         0.0000  VDWAALS    =       -10.7034
 EELEC  =      -175.9483  EPB     =       -39.2874  RESTRAINT  =         0.0000
 ECAVITY=         4.3160  EDISPER =         0.0000
 ------------------------------------------------------------------------------


--------------------------------------------------------------------------------
   5.  TIMINGS
--------------------------------------------------------------------------------

| Total time                     0.08
| Read prm/crd time              0.01
| Force time                     0.07
| Nonbond force                  0.07
| PB Nonbond                     0.07
| PB FD grid                     0.00
| PB Sasa                        0.01
| PB FD force                    0.07
| PB Set linear sys              0.03
| PB Solver                      0.04
| PB SA srf                      0.00
| PB SA arc                      0.00
| PB circle                      0.00
| PB exclude                     0.00
| PB exmol                       0.03
| PB exmol setup                 0.00
| PB exmol part a                0.00
| PB exmol part b                0.00
| PB exmol part c                0.00
| PB exmol part e                0.00
| PB exmol part f                0.01
| PB epsmap                      0.00
|           Job began  at 23:32:17.806  on 09/26/2021
|           Setup done at 23:32:17.814  on 09/26/2021
|           Run   done at 23:32:17.884  on 09/26/2021
|     wallclock() was called     110 times
