
          -------------------------------------------------------
          GBNSR6 2015                       
          -------------------------------------------------------

| Run on 09/29/2021 at 22:25:28

File Assignments:
|  MDIN: ../../../scripts/gbnsr6.in                                            
| MDOUT: complex-gb.out                                                        
|INPCRD: complex.crd                                                           
|  PARM: complex.prmtop                                                        
|

 Here is the input file:

compute                                                                        
&cntrl                                                                         
inp=1                                                                          
/                                                                              
&gb                                                                            
epsin=1.0, epsout=80, istrng=0, space=0.5,                                     
arcres=0.2, B=0.028, alpb=1, rbornstat=0, cavity_surften=0.005                 
/                                                                              

--------------------------------------------------------------------------------
   1.  RESOURCE   USE: 
--------------------------------------------------------------------------------

| Flags:                                                                        
| New format PARM file being parsed.
| Version =    1.000 Date = 09/29/21 Time = 22:19:37
 NATOM  =     240 NTYPES =      10 NBONH =     108 MBONA  =     156
 NTHETH =     263 MTHETA =     256 NPHIH =     428 MPHIA  =     561
 NHPARM =       0 NPARM  =       0 NNB   =    1578 NRES   =       2
 NBONA  =     156 NTHETA =     256 NPHIA =     561 NUMBND =      13
 NUMANG =      24 NPTRA  =      11 NATYP =      17 NPHB   =       0
 IFBOX  =       1 NMXRS  =     144 IFCAP =       0 NEXTRA =       0
 NCOPY  =       0


|     Memory Use     Allocated
|     Real                8993
|     Hollerith           1444
|     Integer            29953
|     Max Pairs              1
|     Max Rstack             1
|     Max Istack             1
|       Total              192 kbytes

| Note: 1-4 EEL scale factors are being read from the topology file.

     BOX TYPE: RECTILINEAR

--------------------------------------------------------------------------------
   2.  ATOMIC COORDINATES AND VELOCITIES
--------------------------------------------------------------------------------

Cpptraj Generated Restart                                                       
 begin time read from input coords =     0.000 ps

 Number of triangulated 3-point waters found:        0

--------------------------------------------------------------------------------
   3.  RESULTS
--------------------------------------------------------------------------------

 Cavity solvation energy      6.5727

 NSTEP =        1   TIME(PS) =       0.000  TEMP(K) =     0.00  PRESS =     0.0
 Etot   =     -1247.5123  EKtot   =         0.0000  EPtot      =         0.0000
 BOND   =         0.0000  ANGLE   =         0.0000  DIHED      =         0.0000
 1-4 NB =         0.0000  1-4 EEL =     -2834.9881  VDWAALS    =         0.0000
 EELEC  =      1852.4793  EGB     =      -271.5762  RESTRAINT  =         0.0000
 ESURF  =         6.5727
 ------------------------------------------------------------------------------



  Maximum number of minimization cycles reached.


                    FINAL RESULTS


 NSTEP =        1   TIME(PS) =       0.000  TEMP(K) =     0.00  PRESS =     0.0
 Etot   =     -1247.5123  EKtot   =         0.0000  EPtot      =         0.0000
 BOND   =         0.0000  ANGLE   =         0.0000  DIHED      =         0.0000
 1-4 NB =         0.0000  1-4 EEL =     -2834.9881  VDWAALS    =         0.0000
 EELEC  =      1852.4793  EGB     =      -271.5762  RESTRAINT  =         0.0000
 ESURF  =         6.5727
 ------------------------------------------------------------------------------

|           Job began  at 22:25:28.906  on 09/29/2021
|           Setup done at 22:25:28.911  on 09/29/2021
|           Run   done at 22:25:29.051  on 09/29/2021
|     wallclock() was called      72 times
