
          -------------------------------------------------------
          GBNSR6 2015                       
          -------------------------------------------------------

| Run on 11/07/2021 at 11:48:54
  [-O]verwriting output

File Assignments:
|  MDIN: ../scripts/gbnsr6.in                                                  
| MDOUT: complex-gb-radii.out                                                  
|INPCRD: complex.crd                                                           
|  PARM: complex.prmtop                                                        
|

 Here is the input file:

compute                                                                        
&cntrl                                                                         
inp=1                                                                          
/                                                                              
&gb                                                                            
epsin=1.0, epsout=80, istrng=0, space=0.5,                                     
arcres=0.2, B=0.028, alpb=1, rbornstat=1, cavity_surften=0.005                 
/                                                                              

--------------------------------------------------------------------------------
   1.  RESOURCE   USE: 
--------------------------------------------------------------------------------

| Flags:                                                                        
| New format PARM file being parsed.
| Version =    1.000 Date = 08/29/21 Time = 13:42:25
 NATOM  =     170 NTYPES =      10 NBONH =      86 MBONA  =      90
 NTHETH =     198 MTHETA =     131 NPHIH =     344 MPHIA  =     262
 NHPARM =       0 NPARM  =       0 NNB   =    1008 NRES   =       8
 NBONA  =      90 NTHETA =     131 NPHIA =     262 NUMBND =      11
 NUMANG =      21 NPTRA  =      24 NATYP =      15 NPHB   =       0
 IFBOX  =       1 NMXRS  =      23 IFCAP =       0 NEXTRA =       0
 NCOPY  =       0


|     Memory Use     Allocated
|     Real                6349
|     Hollerith           1030
|     Integer            25759
|     Max Pairs              1
|     Max Rstack             1
|     Max Istack             1
|       Total              154 kbytes

| Note: 1-4 EEL scale factors are being read from the topology file.

     BOX TYPE: RECTILINEAR

--------------------------------------------------------------------------------
   2.  ATOMIC COORDINATES AND VELOCITIES
--------------------------------------------------------------------------------

Cpptraj Generated Restart                                                       
 begin time read from input coords =   551.000 ps

 Number of triangulated 3-point waters found:        0

--------------------------------------------------------------------------------
   3.  RESULTS
--------------------------------------------------------------------------------

Print:    Atom number      Inverse Effective Born Radii
rinv           1            0.35756369
rinv           2            0.56890746
rinv           3            0.29068231
rinv           4            0.39289443
rinv           5            0.59632912
rinv           6            0.54015928
rinv           7            0.89936978
rinv           8            0.36223128
rinv           9            0.49739637
rinv          10            0.53564809
rinv          11            0.89285167
rinv          12            0.31754522
rinv          13            0.50892152
rinv          14            0.29645983
rinv          15            0.26041095
rinv          16            0.42754610
rinv          17            0.39878445
rinv          18            0.46937983
rinv          19            0.56298944
rinv          20            0.57502406
rinv          21            0.92681105
rinv          22            0.35188972
rinv          23            0.55182929
rinv          24            0.27446068
rinv          25            0.38437492
rinv          26            0.59935608
rinv          27            0.53151683
rinv          28            0.53471232
rinv          29            0.35456449
rinv          30            0.47453096
rinv          31            0.54350356
rinv          32            0.56867760
rinv          33            0.32326844
rinv          34            0.52838586
rinv          35            0.30838069
rinv          36            0.26584775
rinv          37            0.44372349
rinv          38            0.41372302
rinv          39            0.50561079
rinv          40            0.61704660
rinv          41            0.54480166
rinv          42            0.79219918
rinv          43            0.35315244
rinv          44            0.57319187
rinv          45            0.29348706
rinv          46            0.38073461
rinv          47            0.59190104
rinv          48            0.53505914
rinv          49            0.89445907
rinv          50            0.35102348
rinv          51            0.45316258
rinv          52            0.53368135
rinv          53            0.88529037
rinv          54            0.31644617
rinv          55            0.52312506
rinv          56            0.30285238
rinv          57            0.26790753
rinv          58            0.43765191
rinv          59            0.41519325
rinv          60            0.51748409
rinv          61            0.58248536
rinv          62            0.56701040
rinv          63            0.85734398
rinv          64            0.36101354
rinv          65            0.56546216
rinv          66            0.28084404
rinv          67            0.39002236
rinv          68            0.60789506
rinv          69            0.53061764
rinv          70            0.92073579
rinv          71            0.35536073
rinv          72            0.49032853
rinv          73            0.54435977
rinv          74            0.89254960
rinv          75            0.31094807
rinv          76            0.50902124
rinv          77            0.30020322
rinv          78            0.26838900
rinv          79            0.44500108
rinv          80            0.39585785
rinv          81            0.43410545
rinv          82            0.57725022
rinv          83            0.56405507
rinv          84            0.84629872
rinv          85            0.35250053
rinv          86            0.57358632
rinv          87            0.28490133
rinv          88            0.38937406
rinv          89            0.60426695
rinv          90            0.55181267
rinv          91            0.78359983
rinv          92            0.34647615
rinv          93            0.43225800
rinv          94            0.53156699
rinv          95            0.54331977
rinv          96            0.30894021
rinv          97            0.50900362
rinv          98            0.28519234
rinv          99            0.24957195
rinv         100            0.40543659
rinv         101            0.40411594
rinv         102            0.48301768
rinv         103            0.57244530
rinv         104            0.55976246
rinv         105            0.86914936
rinv         106            0.35141523
rinv         107            0.53955238
rinv         108            0.27601619
rinv         109            0.38687302
rinv         110            0.59961893
rinv         111            0.54449908
rinv         112            0.90433388
rinv         113            0.34438953
rinv         114            0.37390610
rinv         115            0.54048239
rinv         116            0.90596499
rinv         117            0.30451605
rinv         118            0.49295176
rinv         119            0.28240267
rinv         120            0.23792897
rinv         121            0.41298289
rinv         122            0.37781250
rinv         123            0.35078372
rinv         124            0.56866648
rinv         125            0.55328061
rinv         126            0.87557170
rinv         127            0.35510118
rinv         128            0.57002310
rinv         129            0.29956636
rinv         130            0.38291514
rinv         131            0.60473647
rinv         132            0.53771548
rinv         133            0.54687048
rinv         134            0.34253028
rinv         135            0.43208093
rinv         136            0.53271021
rinv         137            0.86831382
rinv         138            0.31177083
rinv         139            0.51894104
rinv         140            0.29569975
rinv         141            0.25961801
rinv         142            0.43541379
rinv         143            0.40175258
rinv         144            0.49003349
rinv         145            0.59322432
rinv         146            0.55197978
rinv         147            0.90329191
rinv         148            0.46302643
rinv         149            0.62744625
rinv         150            0.66066973
rinv         151            0.56884092
rinv         152            0.35881214
rinv         153            0.38858563
rinv         154            0.55853179
rinv         155            0.32528366
rinv         156            0.38287755
rinv         157            0.53909122
rinv         158            0.25799862
rinv         159            0.23249796
rinv         160            0.38646749
rinv         161            0.24145733
rinv         162            0.27075982
rinv         163            0.25733449
rinv         164            0.30051015
rinv         165            0.26617148
rinv         166            0.44983422
rinv         167            0.37761042
rinv         168            0.55673975
rinv         169            0.31678949
rinv         170            0.57962781

 Cavity solvation energy      5.7296

 NSTEP =        1   TIME(PS) =       0.000  TEMP(K) =     0.00  PRESS =     0.0
 Etot   =      -133.8093  EKtot   =         0.0000  EPtot      =         0.0000
 BOND   =         0.0000  ANGLE   =         0.0000  DIHED      =         0.0000
 1-4 NB =         0.0000  1-4 EEL =       510.6662  VDWAALS    =         0.0000
 EELEC  =      -455.9372  EGB     =      -194.2680  RESTRAINT  =         0.0000
 ESURF  =         5.7296
 ------------------------------------------------------------------------------



  Maximum number of minimization cycles reached.


                    FINAL RESULTS


 NSTEP =        1   TIME(PS) =       0.000  TEMP(K) =     0.00  PRESS =     0.0
 Etot   =      -133.8093  EKtot   =         0.0000  EPtot      =         0.0000
 BOND   =         0.0000  ANGLE   =         0.0000  DIHED      =         0.0000
 1-4 NB =         0.0000  1-4 EEL =       510.6662  VDWAALS    =         0.0000
 EELEC  =      -455.9372  EGB     =      -194.2680  RESTRAINT  =         0.0000
 ESURF  =         5.7296
 ------------------------------------------------------------------------------

|           Job began  at 11:48:54.424  on 11/07/2021
|           Setup done at 11:48:54.430  on 11/07/2021
|           Run   done at 11:48:54.502  on 11/07/2021
|     wallclock() was called      72 times
