
          -------------------------------------------------------
          GBNSR6 2015                       
          -------------------------------------------------------

| Run on 11/07/2021 at 11:48:54
  [-O]verwriting output

File Assignments:
|  MDIN: ../scripts/gbnsr6.in                                                  
| MDOUT: guest-gb-radii.out                                                    
|INPCRD: guest.crd                                                             
|  PARM: guest.prmtop                                                          
|

 Here is the input file:

compute                                                                        
&cntrl                                                                         
inp=1                                                                          
/                                                                              
&gb                                                                            
epsin=1.0, epsout=80, istrng=0, space=0.5,                                     
arcres=0.2, B=0.028, alpb=1, rbornstat=1, cavity_surften=0.005                 
/                                                                              

--------------------------------------------------------------------------------
   1.  RESOURCE   USE: 
--------------------------------------------------------------------------------

| Flags:                                                                        
| New format PARM file being parsed.
| Version =    1.000 Date = 08/29/21 Time = 13:42:25
 NATOM  =      23 NTYPES =       5 NBONH =      16 MBONA  =       6
 NTHETH =      37 MTHETA =       5 NPHIH =      50 MPHIA  =      10
 NHPARM =       0 NPARM  =       0 NNB   =     119 NRES   =       1
 NBONA  =       6 NTHETA =       5 NPHIA =      10 NUMBND =       5
 NUMANG =       9 NPTRA  =       6 NATYP =      15 NPHB   =       0
 IFBOX  =       1 NMXRS  =      23 IFCAP =       0 NEXTRA =       0
 NCOPY  =       0

GB Warning in  gb_read(): B=0 is recommended for molecules with more than 50 atoms

|     Memory Use     Allocated
|     Real                 889
|     Hollerith            141
|     Integer            18929
|     Max Pairs              1
|     Max Rstack             1
|     Max Istack             1
|       Total               81 kbytes

| Note: 1-4 EEL scale factors are being read from the topology file.

     BOX TYPE: RECTILINEAR

--------------------------------------------------------------------------------
   2.  ATOMIC COORDINATES AND VELOCITIES
--------------------------------------------------------------------------------

Cpptraj Generated Restart                                                       
 begin time read from input coords =   551.000 ps

 Number of triangulated 3-point waters found:        0

--------------------------------------------------------------------------------
   3.  RESULTS
--------------------------------------------------------------------------------

Print:    Atom number      Inverse Effective Born Radii
rinv           1            0.50048420
rinv           2            0.63759652
rinv           3            0.67127581
rinv           4            0.66502278
rinv           5            0.44336035
rinv           6            0.62857099
rinv           7            0.61101668
rinv           8            0.43120397
rinv           9            0.61827673
rinv          10            0.60334958
rinv          11            0.41643285
rinv          12            0.57865249
rinv          13            0.58684565
rinv          14            0.43310459
rinv          15            0.61445489
rinv          16            0.61782883
rinv          17            0.44767815
rinv          18            0.61673476
rinv          19            0.63626889
rinv          20            0.48852691
rinv          21            0.65321532
rinv          22            0.63669479
rinv          23            0.66189297

 Cavity solvation energy      1.7244

 NSTEP =        1   TIME(PS) =       0.000  TEMP(K) =     0.00  PRESS =     0.0
 Etot   =       -37.7980  EKtot   =         0.0000  EPtot      =         0.0000
 BOND   =         0.0000  ANGLE   =         0.0000  DIHED      =         0.0000
 1-4 NB =         0.0000  1-4 EEL =        16.0990  VDWAALS    =         0.0000
 EELEC  =        11.4951  EGB     =       -67.1165  RESTRAINT  =         0.0000
 ESURF  =         1.7244
 ------------------------------------------------------------------------------



  Maximum number of minimization cycles reached.


                    FINAL RESULTS


 NSTEP =        1   TIME(PS) =       0.000  TEMP(K) =     0.00  PRESS =     0.0
 Etot   =       -37.7980  EKtot   =         0.0000  EPtot      =         0.0000
 BOND   =         0.0000  ANGLE   =         0.0000  DIHED      =         0.0000
 1-4 NB =         0.0000  1-4 EEL =        16.0990  VDWAALS    =         0.0000
 EELEC  =        11.4951  EGB     =       -67.1165  RESTRAINT  =         0.0000
 ESURF  =         1.7244
 ------------------------------------------------------------------------------

|           Job began  at 11:48:54.518  on 11/07/2021
|           Setup done at 11:48:54.522  on 11/07/2021
|           Run   done at 11:48:54.532  on 11/07/2021
|     wallclock() was called      72 times
