            --------------------------------------------------------
                             AMBER SQM VERSION 19
 
                                     By
              Ross C. Walker, Michael F. Crowley, Scott Brozell,
                         Tim Giese, Andreas W. Goetz,
                        Tai-Sung Lee and David A. Case
 
            --------------------------------------------------------
 

--------------------------------------------------------------------------------
  QM CALCULATION INFO
--------------------------------------------------------------------------------

| QMMM: Citation for AMBER QMMM Run:
| QMMM: R.C. Walker, M.F. Crowley and D.A. Case, J. COMP. CHEM. 29:1019, 2008

QMMM: SINGLET STATE CALCULATION
QMMM: RHF CALCULATION, NO. OF DOUBLY OCCUPIED LEVELS = 80

| QMMM: *** Selected Hamiltonian *** 
| QMMM: AM1         

| QMMM: *** Parameter sets in use ***
| QMMM: N : M.J.S.DEWAR et al. JACS, 107, 3902, (1985)
| QMMM: C : M.J.S.DEWAR et al. JACS, 107, 3902, (1985)
| QMMM: O : M.J.S.DEWAR et al. JACS, 107, 3902, (1985)
| QMMM: H : M.J.S.DEWAR et al. JACS, 107, 3902, (1985)

| QMMM: *** SCF convergence criteria ***
| QMMM: Energy change                :  0.1D-09 kcal/mol
| QMMM: Error matrix |FP-PF|         :  0.1D+00 au
| QMMM: Density matrix change        :  0.5D-06
| QMMM: Maximum number of SCF cycles :     1000

| QMMM: *** Diagonalization Routine Information ***
| QMMM: Pseudo diagonalizations are allowed.
| QMMM: Auto diagonalization routine selection is in use.
| QMMM:
| QMMM: Timing diagonalization routines:
| QMMM:                              norbs =      147
| QMMM:    diag iterations used for timing =       10
| QMMM:
| QMMM:              Internal diag routine = 0.046107 seconds
| QMMM:                 Dspev diag routine = 5.893190 seconds
| QMMM:                Dspevd diag routine = 4.470437 seconds
| QMMM:                Dspevx diag routine = 2.560148 seconds
| QMMM:                 Dsyev diag routine = 6.156664 seconds
| QMMM:                Dsyevd diag routine = 2.894751 seconds
| QMMM:                Dsyevr diag routine = 1.035590 seconds
| QMMM:
| QMMM:                Pseudo diag routine = 0.028307 seconds
| QMMM:
| QMMM: Using internal diagonalization routine (diag_routine=1).

  QMMM: QM Region Cartesian Coordinates (*=link atom) 
  QMMM: QM_NO.   MM_NO.  ATOM         X         Y         Z
  QMMM:     1        1      N        6.9560   16.5960   15.2270
  QMMM:     2        2      C        6.4250   17.8350   14.6400
  QMMM:     3        3      C        5.1130   18.2320   15.3120
  QMMM:     4        4      O        4.3550   17.3730   15.7600
  QMMM:     5        5      C        6.3000   17.7240   13.1110
  QMMM:     6        6      C        5.3770   16.5950   12.6210
  QMMM:     7        7      C        5.2950   16.5180   11.0900
  QMMM:     8        8      C        6.5680   15.9810   10.4200
  QMMM:     9        9      N        6.8400   14.5950   10.8260
  QMMM:    10       10      N        4.8690   19.5440   15.3960
  QMMM:    11       11      C        3.7930   20.1330   16.1790
  QMMM:    12       12      C        2.5100   20.2240   15.3430
  QMMM:    13       13      O        2.5310   20.6530   14.1930
  QMMM:    14       14      C        4.2270   21.5490   16.6140
  QMMM:    15       15      C        5.3230   21.5410   17.7090
  QMMM:    16       16      C        6.7360   21.3230   17.1430
  QMMM:    17       17      C        5.2940   22.8300   18.5360
  QMMM:    18       18      N        1.3860   19.8260   15.9470
  QMMM:    19       19      C        0.0500   19.8350   15.3660
  QMMM:    20       20      C       -0.8990   20.6410   16.2620
  QMMM:    21       21      O       -1.8200   21.2850   15.7110
  QMMM:    22       22      C       -0.4330   18.3860   15.1920
  QMMM:    23       23      C       -1.5440   18.2850   14.1420
  QMMM:    24       24      C       -2.3100   16.9630   14.2040
  QMMM:    25       25      C       -3.5040   16.9640   13.2490
  QMMM:    26       26      N       -3.0550   16.9410   11.8500
  QMMM:    27       27      O       -0.7070   20.5950   17.4960
  QMMM:    28       28      H       -3.8570   16.8810   11.2360
  QMMM:    29       29      H        7.2200   16.7590   16.1880
  QMMM:    30       30      H        6.2550   15.8650   15.1990
  QMMM:    31       31      H        7.7670   16.2910   14.7000
  QMMM:    32       32      H        7.1530   18.6140   14.8650
  QMMM:    33       33      H        7.2990   17.5910   12.6970
  QMMM:    34       34      H        5.9400   18.6710   12.7070
  QMMM:    35       35      H        4.3760   16.7630   13.0110
  QMMM:    36       36      H        5.6900   15.6340   13.0280
  QMMM:    37       37      H        5.0710   17.5070   10.6910
  QMMM:    38       38      H        4.4530   15.8840   10.8110
  QMMM:    39       39      H        7.4350   16.6040   10.6390
  QMMM:    40       40      H        6.4360   15.9980    9.3400
  QMMM:    41       41      H        7.5940   14.2110   10.2690
  QMMM:    42       42      H        7.1020   14.5770   11.8040
  QMMM:    43       43      H        6.0060   14.0410   10.6800
  QMMM:    44       44      H        5.5300   20.1820   14.9730
  QMMM:    45       45      H        3.6080   19.5270   17.0670
  QMMM:    46       46      H        3.3500   22.0640   17.0090
  QMMM:    47       47      H        4.5460   22.1470   15.7580
  QMMM:    48       48      H        5.1100   20.7280   18.4020
  QMMM:    49       49      H        7.4960   21.5100   17.8980
  QMMM:    50       50      H        6.8880   20.3080   16.7860
  QMMM:    51       51      H        6.9410   21.9940   16.3140
  QMMM:    52       52      H        5.8910   22.7340   19.4410
  QMMM:    53       53      H        5.7110   23.6510   17.9590
  QMMM:    54       54      H        4.2840   23.0950   18.8460
  QMMM:    55       55      H        1.4510   19.4950   16.9020
  QMMM:    56       56      H        0.0800   20.3160   14.3880
  QMMM:    57       57      H       -0.7760   17.9930   16.1520
  QMMM:    58       58      H        0.3940   17.7440   14.8900
  QMMM:    59       59      H       -1.1110   18.4260   13.1520
  QMMM:    60       60      H       -2.2540   19.1010   14.2700
  QMMM:    61       61      H       -2.6740   16.8100   15.2190
  QMMM:    62       62      H       -1.6480   16.1250   13.9880
  QMMM:    63       63      H       -4.1350   17.8390   13.4120
  QMMM:    64       64      H       -4.1280   16.0930   13.4400
  QMMM:    65       65      H       -2.4610   16.1350   11.6990
  QMMM:    66       66      H       -2.5380   17.7840   11.6400

--------------------------------------------------------------------------------
  RESULTS
--------------------------------------------------------------------------------

      iter         sqm energy              rms gradient
      ----    -------------------    -----------------------
xmin    10     -129.2313 kcal/mol       11.1067 kcal/(mol*A)
xmin    20     -169.0101 kcal/mol        0.9554 kcal/(mol*A)
xmin    30     -193.1341 kcal/mol        3.9237 kcal/(mol*A)
xmin    40     -205.8479 kcal/mol        4.0758 kcal/(mol*A)
xmin    50     -234.6313 kcal/mol        0.4846 kcal/(mol*A)
xmin    60     -235.7312 kcal/mol        0.2301 kcal/(mol*A)
xmin    70     -236.0488 kcal/mol        0.1806 kcal/(mol*A)
xmin    80     -236.1850 kcal/mol        0.1000 kcal/(mol*A)
xmin    90     -236.2765 kcal/mol        0.1724 kcal/(mol*A)
xmin   100     -236.2977 kcal/mol        0.1009 kcal/(mol*A)
xmin   110     -236.3377 kcal/mol        0.0520 kcal/(mol*A)
xmin   120     -236.3469 kcal/mol        0.0323 kcal/(mol*A)
xmin   130     -236.3543 kcal/mol        0.0237 kcal/(mol*A)
xmin   140     -236.3570 kcal/mol        0.0139 kcal/(mol*A)
xmin   150     -236.3589 kcal/mol        0.0146 kcal/(mol*A)
xmin   160     -236.3595 kcal/mol        0.0104 kcal/(mol*A)
xmin   170     -236.3598 kcal/mol        0.0117 kcal/(mol*A)
xmin   180     -236.3603 kcal/mol        0.0043 kcal/(mol*A)
xmin   190     -236.3606 kcal/mol        0.0074 kcal/(mol*A)
xmin   200     -236.3608 kcal/mol        0.0029 kcal/(mol*A)
xmin   210     -236.3608 kcal/mol        0.0010 kcal/(mol*A)
xmin   220     -236.3609 kcal/mol        0.0025 kcal/(mol*A)
xmin   230     -236.3609 kcal/mol        0.0018 kcal/(mol*A)
xmin   240     -236.3609 kcal/mol        0.0006 kcal/(mol*A)
xmin   240     -236.3609 kcal/mol        0.0002 kcal/(mol*A)
  ... geometry converged !
 
 Final MO eigenvalues (eV):
 -41.1688  -40.5551  -39.4377  -37.9321  -37.5767  -37.2802  -36.5366  -36.0343
 -35.8526  -35.0450  -33.9028  -33.0348  -31.2631  -29.9900  -29.0982  -27.8511
 -27.0942  -26.2608  -24.9617  -24.4660  -23.7920  -22.1341  -21.5211  -21.4156
 -21.0858  -20.8164  -20.3696  -19.0753  -18.6210  -18.0884  -17.6396  -17.4377
 -17.3047  -17.1303  -16.9932  -16.7863  -16.4673  -16.2225  -15.9222  -15.7763
 -15.6678  -15.4401  -15.3816  -15.2077  -15.1010  -14.8447  -14.6852  -14.6312
 -14.3998  -14.3782  -14.1991  -14.1767  -14.1617  -13.4872  -13.3097  -13.2602
 -13.2020  -12.9837  -12.8661  -12.8347  -12.7184  -12.4263  -12.2638  -12.2112
 -12.0948  -11.9828  -11.9070  -11.7306  -11.6621  -11.5751  -11.5073  -11.4824
 -11.3843  -11.3384  -11.1569  -10.3130  -10.0991   -9.9027   -9.8160   -9.6873
   1.0087    1.0484    1.2737    1.6012    1.9591    2.4178    3.1495    3.3156
   3.3780    3.4339    3.4701    3.5145    3.5454    3.5954    3.6087    3.7017
   3.7271    3.7432    3.8300    3.8361    3.9019    3.9212    3.9317    4.0210
   4.0650    4.1556    4.2332    4.2571    4.3158    4.3217    4.4101    4.4161
   4.4651    4.5083    4.5525    4.5670    4.6012    4.6141    4.7301    4.7464
   4.8022    4.8132    4.8704    4.9046    4.9082    4.9499    5.0309    5.0426
   5.0776    5.1085    5.1318    5.1677    5.1738    5.1899    5.2463    5.4349
   5.9305    5.9988    6.0124    6.1164    6.1610    6.1907    6.2306    6.3200
   6.7627    6.8194    6.8881

 Heat of formation   =       -236.36090284 kcal/mol  (      -10.24937786 eV)

 Total SCF energy    =    -119044.60540898 kcal/mol  (    -5162.16145913 eV)
 Electronic energy   =    -996152.66776990 kcal/mol  (   -43196.42113394 eV)
 Core-core repulsion =     877108.06236092 kcal/mol  (    38034.25967482 eV)
 
    Atomic Charges for Step       1 :
  Atom    Element       Mulliken Charge
     1      N                 -0.319
     2      C                 -0.034
     3      C                  0.256
     4      O                 -0.384
     5      C                 -0.158
     6      C                 -0.166
     7      C                 -0.156
     8      C                 -0.079
     9      N                 -0.350
    10      N                 -0.353
    11      C                  0.010
    12      C                  0.282
    13      O                 -0.373
    14      C                 -0.163
    15      C                 -0.104
    16      C                 -0.206
    17      C                 -0.211
    18      N                 -0.374
    19      C                  0.037
    20      C                  0.299
    21      O                 -0.298
    22      C                 -0.168
    23      C                 -0.164
    24      C                 -0.155
    25      C                 -0.089
    26      N                 -0.356
    27      O                 -0.374
    28      H                  0.150
    29      H                  0.157
    30      H                  0.158
    31      H                 -0.006
    32      H                  0.113
    33      H                  0.109
    34      H                  0.084
    35      H                  0.084
    36      H                  0.105
    37      H                  0.088
    38      H                  0.078
    39      H                  0.089
    40      H                  0.038
    41      H                  0.146
    42      H                  0.009
    43      H                  0.141
    44      H                  0.235
    45      H                  0.141
    46      H                  0.095
    47      H                  0.100
    48      H                  0.097
    49      H                  0.075
    50      H                  0.075
    51      H                  0.073
    52      H                  0.077
    53      H                  0.075
    54      H                  0.074
    55      H                  0.241
    56      H                  0.161
    57      H                  0.095
    58      H                  0.099
    59      H                  0.082
    60      H                  0.112
    61      H                  0.082
    62      H                  0.080
    63      H                  0.103
    64      H                  0.043
    65      H                  0.141
    66      H                  0.250
 Total Mulliken Charge =      -0.000
 
                  X        Y        Z     TOTAL  
  QM DIPOLE    -2.980   -0.258   -1.433    3.316
 
 Final Structure

  QMMM: QM Region Cartesian Coordinates (*=link atom) 
  QMMM: QM_NO.   MM_NO.  ATOM         X         Y         Z
  QMMM:     1        1      N        7.8885   16.8975   15.4249
  QMMM:     2        2      C        7.1089   17.9326   14.7868
  QMMM:     3        3      C        5.7866   18.2560   15.5298
  QMMM:     4        4      O        5.3114   17.4760   16.3807
  QMMM:     5        5      C        6.7851   17.6266   13.3170
  QMMM:     6        6      C        5.9252   16.3922   13.1438
  QMMM:     7        7      C        5.2531   16.3480   11.7888
  QMMM:     8        8      C        6.2262   16.1307   10.6318
  QMMM:     9        9      N        6.8657   14.8370   10.6325
  QMMM:    10       10      N        5.1931   19.4769   15.2628
  QMMM:    11       11      C        3.8973   19.8258   15.7836
  QMMM:    12       12      C        2.8051   19.7041   14.6847
  QMMM:    13       13      O        3.0409   20.0103   13.4994
  QMMM:    14       14      C        3.8109   21.2704   16.3069
  QMMM:    15       15      C        4.7192   21.5210   17.5034
  QMMM:    16       16      C        5.9824   22.2488   17.0902
  QMMM:    17       17      C        3.9872   22.3211   18.5635
  QMMM:    18       18      N        1.5668   19.2549   15.0881
  QMMM:    19       19      C        0.4430   19.1544   14.1931
  QMMM:    20       20      C       -0.7118   20.0212   14.6921
  QMMM:    21       21      O       -1.2654   20.7949   13.7257
  QMMM:    22       22      C       -0.0891   17.7136   14.0528
  QMMM:    23       23      C       -1.2004   17.6289   13.0233
  QMMM:    24       24      C       -2.4372   16.9313   13.5486
  QMMM:    25       25      C       -3.1903   17.7337   14.6089
  QMMM:    26       26      N       -3.7287   18.9857   14.1308
  QMMM:    27       27      O       -1.1777   20.0917   15.8329
  QMMM:    28       28      H       -4.2676   19.4251   14.8505
  QMMM:    29       29      H        7.9409   17.0637   16.4122
  QMMM:    30       30      H        7.4765   15.9953   15.2724
  QMMM:    31       31      H        7.1763   13.7588   14.8082
  QMMM:    32       32      H        7.7481   18.8684   14.8141
  QMMM:    33       33      H        7.7509   17.4906   12.7607
  QMMM:    34       34      H        6.2690   18.5193   12.8758
  QMMM:    35       35      H        5.1312   16.3769   13.9395
  QMMM:    36       36      H        6.5525   15.4708   13.2827
  QMMM:    37       37      H        4.7130   17.3144   11.6038
  QMMM:    38       38      H        4.4827   15.5318   11.7941
  QMMM:    39       39      H        7.0426   16.9067   10.6926
  QMMM:    40       40      H        5.6567   16.3253    9.6728
  QMMM:    41       41      H        7.3844   14.7045    9.7876
  QMMM:    42       42      H        7.7826   13.8223   14.5134
  QMMM:    43       43      H        6.1942   14.1016   10.7266
  QMMM:    44       44      H        5.4912   19.9892   14.4635
  QMMM:    45       45      H        3.6701   19.1148   16.6364
  QMMM:    46       46      H        2.7412   21.4481   16.5994
  QMMM:    47       47      H        4.0530   21.9872   15.4791
  QMMM:    48       48      H        5.0136   20.5310   17.9554
  QMMM:    49       49      H        6.6558   22.3788   17.9717
  QMMM:    50       50      H        6.5313   21.6735   16.3073
  QMMM:    51       51      H        5.7382   23.2591   16.6815
  QMMM:    52       52      H        4.6632   22.5196   19.4298
  QMMM:    53       53      H        3.6450   23.3004   18.1506
  QMMM:    54       54      H        3.0950   21.7601   18.9321
  QMMM:    55       55      H        1.4056   19.0284   16.0413
  QMMM:    56       56      H        0.7579   19.5312   13.1709
  QMMM:    57       57      H       -0.4467   17.3538   15.0535
  QMMM:    58       58      H        0.7611   17.0499   13.7452
  QMMM:    59       59      H       -0.8248   17.0618   12.1296
  QMMM:    60       60      H       -1.4794   18.6555   12.6602
  QMMM:    61       61      H       -2.1498   15.9484   14.0069
  QMMM:    62       62      H       -3.1207   16.7119   12.6858
  QMMM:    63       63      H       -2.4837   17.9848   15.4537
  QMMM:    64       64      H       -3.9920   17.0577   15.0340
  QMMM:    65       65      H       -4.3052   18.8457   13.3250
  QMMM:    66       66      H       -2.0788   21.2073   14.0626

           --------- Calculation Completed ----------

