
          -------------------------------------------------------
          PBSA VERSION 2019                       UC Irvine
          -------------------------------------------------------

| Run on 08/29/2021 at 20:53:17

File Assignments:
|  MDIN: ../pbsa-script/mdin.in                                                
| MDOUT: complex-pb.out                                                        
|INPCRD: complex.crd                                                           
|  PARM: complex.prmtop                                                        
|

 Here is the input file:

Sample single point PB calculation                                             
&cntrl                                                                         
ipb=1, inp=1                                                                   
/                                                                              
&pb                                                                            
npbverb=1, fillratio=1.5, saopt=1, radiopt=0, epsin=1.0, epsout=80             
/                                                                              
 PBSA Warning in pb_read(): sprob=0.557 is optimized for inp=2 and  should not be used with inp=1. It has been reset to 1.4.
 PBSA Warning in pb_read(): cavity_surften=0.0378 is optimized for inp=2  and should not be used with inp=1. It has been reset to 0.005000.
 PBSA Warning in pb_read(): cavity_offset=-0.5692 is optimized for inp=2  and should not be used with inp=1. It has been reset to 0.000.

--------------------------------------------------------------------------------
   1.  RESOURCE   USE: 
--------------------------------------------------------------------------------

| Flags:                                                                        
| New format PARM file being parsed.
| Version =    1.000 Date = 08/29/21 Time = 13:42:30
 NATOM  =     161 NTYPES =       9 NBONH =      75 MBONA  =      93
 NTHETH =     171 MTHETA =     137 NPHIH =     315 MPHIA  =     266
 NHPARM =       0 NPARM  =       0 NNB   =     951 NRES   =       8
 NBONA  =      93 NTHETA =     137 NPHIA =     266 NUMBND =      10
 NUMANG =      17 NPTRA  =      23 NATYP =      14 NPHB   =       0
 IFBOX  =       1 NMXRS  =      21 IFCAP =       0 NEXTRA =       0
 NCOPY  =       0


|     Memory Use     Allocated
|     Real                6019
|     Hollerith            493
|     Integer            27279
|     Max Pairs              1
|     Max Rstack             1
|     Max Istack             1
|       Total              155 kbytes

     BOX TYPE: RECTILINEAR

--------------------------------------------------------------------------------
   2.  CONTROL  DATA  FOR  THE  RUN
--------------------------------------------------------------------------------

default_name                                                                    

General flags:
     imin    =       1, nmropt  =       0

Nature and format of input:
     ntx     =       1, irest   =       0, ntrx    =       1

Nature and format of output:
     ntxo    =       1, ntpr    =      50, ntrx    =       1, ntwr    =     500
     iwrap   =       0, ntwx    =       0, ntwv    =       0, ntwe    =       0
     ioutfm  =       0, ntwprt  =       0, idecomp =       0, rbornstat=      0

Potential function:
     ntf     =       1, ntb     =       1, ipb     =       1, nsnb    =      25
     ipol    =       0, gbsa    =       0, iesp    =       0
     dielc   =   1.00000, cut     =   8.00000, intdiel =   1.00000

Frozen or restrained atoms:
     ibelly  =       0, ntr     =       0

Energy minimization:
     maxcyc  =       1, ncyc    =      10, ntmin   =       1
     dx0     =   0.01000, drms    =   0.00010

======== Implicit Solvent Initialization ========

     Max Nonbonded Pairs:    12961    12961

 no. of atoms processed in PB initialization:   161
  NUM  RESI  NAME  TYPE    CHARGE ATM CRG/H   GRP CRG   PB RADI   NP RADI
    1  MGO   C1    CG    0.042700  0.203700 -0.283400  1.700000  1.699835
    2  MGO   H1    H2    0.161000  0.000000  0.000000  1.300000  1.146587
    3  MGO   O1    OS   -0.322900 -0.322900  0.080400  1.500000  1.500006
    4  MGO   C2    CG    0.137600  0.202600  0.508600  1.700000  1.699835
    5  MGO   H2    H1    0.065000  0.000000  0.000000  1.300000  1.235677
    6  MGO   O2    OH   -0.634600 -0.198000  0.004600  1.500000  1.533237
    7  MGO   HO2   HO    0.436600  0.000000  0.000000  0.800000  0.000000
    8  MGO   C3    CG    0.122400  0.300300  0.504500  1.700000  1.699835
    9  MGO   H3    H1    0.177900  0.000000  0.000000  1.300000  1.235677
   10  MGO   O3    OH   -0.620000 -0.198000  0.102300  1.500000  1.533237
   11  MGO   HO3   HO    0.422000  0.000000  0.000000  0.800000  0.000000
   12  MGO   C4    CG    0.040100  0.199600  0.311900  1.700000  1.699835
   13  MGO   H4    H1    0.159500  0.000000  0.000000  1.300000  1.235677
   14  MGO   C5    CG    0.019300  0.134900  0.210300  1.700000  1.699835
   15  MGO   H5    H1    0.115600  0.000000  0.000000  1.300000  1.235677
   16  MGO   O5    OS   -0.366800 -0.366800 -0.028200  1.500000  1.500006
   17  MGO   C6    CG    0.191800  0.242600  0.179500  1.700000  1.699835
   18  MGO   H61   H1    0.025400  0.000000  0.000000  1.300000  1.235677
   19  MGO   H62   H1    0.025400  0.000000  0.000000  1.300000  1.235677
   20  MGO   O6    OH   -0.607700 -0.198000  0.044600  1.500000  1.533237
   21  MGO   HO6   HO    0.409700  0.000000  0.000000  0.800000  0.000000
   22  MGO   C1    CG    0.042700  0.203700 -0.283400  1.700000  1.699835
   23  MGO   H1    H2    0.161000  0.000000  0.000000  1.300000  1.146587
   24  MGO   O1    OS   -0.322900 -0.322900  0.080400  1.500000  1.500006
   25  MGO   C2    CG    0.137600  0.202600  0.508600  1.700000  1.699835
   26  MGO   H2    H1    0.065000  0.000000  0.000000  1.300000  1.235677
   27  MGO   O2    OH   -0.634600 -0.198000  0.004600  1.500000  1.533237
   28  MGO   HO2   HO    0.436600  0.000000  0.000000  0.800000  0.000000
   29  MGO   C3    CG    0.122400  0.300300  0.504500  1.700000  1.699835
   30  MGO   H3    H1    0.177900  0.000000  0.000000  1.300000  1.235677
   31  MGO   O3    OH   -0.620000 -0.198000  0.102300  1.500000  1.533237
   32  MGO   HO3   HO    0.422000  0.000000  0.000000  0.800000  0.000000
   33  MGO   C4    CG    0.040100  0.199600  0.311900  1.700000  1.699835
   34  MGO   H4    H1    0.159500  0.000000  0.000000  1.300000  1.235677
   35  MGO   C5    CG    0.019300  0.134900  0.210300  1.700000  1.699835
   36  MGO   H5    H1    0.115600  0.000000  0.000000  1.300000  1.235677
   37  MGO   O5    OS   -0.366800 -0.366800 -0.028200  1.500000  1.500006
   38  MGO   C6    CG    0.191800  0.242600  0.179500  1.700000  1.699835
   39  MGO   H61   H1    0.025400  0.000000  0.000000  1.300000  1.235677
   40  MGO   H62   H1    0.025400  0.000000  0.000000  1.300000  1.235677
   41  MGO   O6    OH   -0.607700 -0.198000  0.044600  1.500000  1.533237
   42  MGO   HO6   HO    0.409700  0.000000  0.000000  0.800000  0.000000
   43  MGO   C1    CG    0.042700  0.203700 -0.283400  1.700000  1.699835
   44  MGO   H1    H2    0.161000  0.000000  0.000000  1.300000  1.146587
   45  MGO   O1    OS   -0.322900 -0.322900  0.080400  1.500000  1.500006
   46  MGO   C2    CG    0.137600  0.202600  0.508600  1.700000  1.699835
   47  MGO   H2    H1    0.065000  0.000000  0.000000  1.300000  1.235677
   48  MGO   O2    OH   -0.634600 -0.198000  0.004600  1.500000  1.533237
   49  MGO   HO2   HO    0.436600  0.000000  0.000000  0.800000  0.000000
   50  MGO   C3    CG    0.122400  0.300300  0.504500  1.700000  1.699835
   51  MGO   H3    H1    0.177900  0.000000  0.000000  1.300000  1.235677
   52  MGO   O3    OH   -0.620000 -0.198000  0.102300  1.500000  1.533237
   53  MGO   HO3   HO    0.422000  0.000000  0.000000  0.800000  0.000000
   54  MGO   C4    CG    0.040100  0.199600  0.311900  1.700000  1.699835
   55  MGO   H4    H1    0.159500  0.000000  0.000000  1.300000  1.235677
   56  MGO   C5    CG    0.019300  0.134900  0.210300  1.700000  1.699835
   57  MGO   H5    H1    0.115600  0.000000  0.000000  1.300000  1.235677
   58  MGO   O5    OS   -0.366800 -0.366800 -0.028200  1.500000  1.500006
   59  MGO   C6    CG    0.191800  0.242600  0.179500  1.700000  1.699835
   60  MGO   H61   H1    0.025400  0.000000  0.000000  1.300000  1.235677
   61  MGO   H62   H1    0.025400  0.000000  0.000000  1.300000  1.235677
   62  MGO   O6    OH   -0.607700 -0.198000  0.044600  1.500000  1.533237
   63  MGO   HO6   HO    0.409700  0.000000  0.000000  0.800000  0.000000
   64  MGO   C1    CG    0.042700  0.203700 -0.283400  1.700000  1.699835
   65  MGO   H1    H2    0.161000  0.000000  0.000000  1.300000  1.146587
   66  MGO   O1    OS   -0.322900 -0.322900  0.080400  1.500000  1.500006
   67  MGO   C2    CG    0.137600  0.202600  0.508600  1.700000  1.699835
   68  MGO   H2    H1    0.065000  0.000000  0.000000  1.300000  1.235677
   69  MGO   O2    OH   -0.634600 -0.198000  0.004600  1.500000  1.533237
   70  MGO   HO2   HO    0.436600  0.000000  0.000000  0.800000  0.000000
   71  MGO   C3    CG    0.122400  0.300300  0.504500  1.700000  1.699835
   72  MGO   H3    H1    0.177900  0.000000  0.000000  1.300000  1.235677
   73  MGO   O3    OH   -0.620000 -0.198000  0.102300  1.500000  1.533237
   74  MGO   HO3   HO    0.422000  0.000000  0.000000  0.800000  0.000000
   75  MGO   C4    CG    0.040100  0.199600  0.311900  1.700000  1.699835
   76  MGO   H4    H1    0.159500  0.000000  0.000000  1.300000  1.235677
   77  MGO   C5    CG    0.019300  0.134900  0.210300  1.700000  1.699835
   78  MGO   H5    H1    0.115600  0.000000  0.000000  1.300000  1.235677
   79  MGO   O5    OS   -0.366800 -0.366800 -0.028200  1.500000  1.500006
   80  MGO   C6    CG    0.191800  0.242600  0.179500  1.700000  1.699835
   81  MGO   H61   H1    0.025400  0.000000  0.000000  1.300000  1.235677
   82  MGO   H62   H1    0.025400  0.000000  0.000000  1.300000  1.235677
   83  MGO   O6    OH   -0.607700 -0.198000  0.044600  1.500000  1.533237
   84  MGO   HO6   HO    0.409700  0.000000  0.000000  0.800000  0.000000
   85  MGO   C1    CG    0.042700  0.203700 -0.283400  1.700000  1.699835
   86  MGO   H1    H2    0.161000  0.000000  0.000000  1.300000  1.146587
   87  MGO   O1    OS   -0.322900 -0.322900  0.080400  1.500000  1.500006
   88  MGO   C2    CG    0.137600  0.202600  0.508600  1.700000  1.699835
   89  MGO   H2    H1    0.065000  0.000000  0.000000  1.300000  1.235677
   90  MGO   O2    OH   -0.634600 -0.198000  0.004600  1.500000  1.533237
   91  MGO   HO2   HO    0.436600  0.000000  0.000000  0.800000  0.000000
   92  MGO   C3    CG    0.122400  0.300300  0.504500  1.700000  1.699835
   93  MGO   H3    H1    0.177900  0.000000  0.000000  1.300000  1.235677
   94  MGO   O3    OH   -0.620000 -0.198000  0.102300  1.500000  1.533237
   95  MGO   HO3   HO    0.422000  0.000000  0.000000  0.800000  0.000000
   96  MGO   C4    CG    0.040100  0.199600  0.311900  1.700000  1.699835
   97  MGO   H4    H1    0.159500  0.000000  0.000000  1.300000  1.235677
   98  MGO   C5    CG    0.019300  0.134900  0.210300  1.700000  1.699835
   99  MGO   H5    H1    0.115600  0.000000  0.000000  1.300000  1.235677
  100  MGO   O5    OS   -0.366800 -0.366800 -0.028200  1.500000  1.500006
  101  MGO   C6    CG    0.191800  0.242600  0.179500  1.700000  1.699835
  102  MGO   H61   H1    0.025400  0.000000  0.000000  1.300000  1.235677
  103  MGO   H62   H1    0.025400  0.000000  0.000000  1.300000  1.235677
  104  MGO   O6    OH   -0.607700 -0.198000  0.044600  1.500000  1.533237
  105  MGO   HO6   HO    0.409700  0.000000  0.000000  0.800000  0.000000
  106  MGO   C1    CG    0.042700  0.203700 -0.283400  1.700000  1.699835
  107  MGO   H1    H2    0.161000  0.000000  0.000000  1.300000  1.146587
  108  MGO   O1    OS   -0.322900 -0.322900  0.080400  1.500000  1.500006
  109  MGO   C2    CG    0.137600  0.202600  0.508600  1.700000  1.699835
  110  MGO   H2    H1    0.065000  0.000000  0.000000  1.300000  1.235677
  111  MGO   O2    OH   -0.634600 -0.198000  0.004600  1.500000  1.533237
  112  MGO   HO2   HO    0.436600  0.000000  0.000000  0.800000  0.000000
  113  MGO   C3    CG    0.122400  0.300300  0.504500  1.700000  1.699835
  114  MGO   H3    H1    0.177900  0.000000  0.000000  1.300000  1.235677
  115  MGO   O3    OH   -0.620000 -0.198000  0.102300  1.500000  1.533237
  116  MGO   HO3   HO    0.422000  0.000000  0.000000  0.800000  0.000000
  117  MGO   C4    CG    0.040100  0.199600  0.311900  1.700000  1.699835
  118  MGO   H4    H1    0.159500  0.000000  0.000000  1.300000  1.235677
  119  MGO   C5    CG    0.019300  0.134900  0.210300  1.700000  1.699835
  120  MGO   H5    H1    0.115600  0.000000  0.000000  1.300000  1.235677
  121  MGO   O5    OS   -0.366800 -0.366800 -0.028200  1.500000  1.500006
  122  MGO   C6    CG    0.191800  0.242600  0.179500  1.700000  1.699835
  123  MGO   H61   H1    0.025400  0.000000  0.000000  1.300000  1.235677
  124  MGO   H62   H1    0.025400  0.000000  0.000000  1.300000  1.235677
  125  MGO   O6    OH   -0.607700 -0.198000  0.044600  1.500000  1.533237
  126  MGO   HO6   HO    0.409700  0.000000  0.000000  0.800000  0.000000
  127  MGO   C1    CG    0.042700  0.203700 -0.283400  1.700000  1.699835
  128  MGO   H1    H2    0.161000  0.000000  0.000000  1.300000  1.146587
  129  MGO   O1    OS   -0.322900 -0.322900  0.080400  1.500000  1.500006
  130  MGO   C2    CG    0.137600  0.202600  0.508600  1.700000  1.699835
  131  MGO   H2    H1    0.065000  0.000000  0.000000  1.300000  1.235677
  132  MGO   O2    OH   -0.634600 -0.198000  0.004600  1.500000  1.533237
  133  MGO   HO2   HO    0.436600  0.000000  0.000000  0.800000  0.000000
  134  MGO   C3    CG    0.122400  0.300300  0.504500  1.700000  1.699835
  135  MGO   H3    H1    0.177900  0.000000  0.000000  1.300000  1.235677
  136  MGO   O3    OH   -0.620000 -0.198000  0.102300  1.500000  1.533237
  137  MGO   HO3   HO    0.422000  0.000000  0.000000  0.800000  0.000000
  138  MGO   C4    CG    0.040100  0.199600  0.311900  1.700000  1.699835
  139  MGO   H4    H1    0.159500  0.000000  0.000000  1.300000  1.235677
  140  MGO   C5    CG    0.019300  0.134900  0.210300  1.700000  1.699835
  141  MGO   H5    H1    0.115600  0.000000  0.000000  1.300000  1.235677
  142  MGO   O5    OS   -0.366800 -0.366800 -0.028200  1.500000  1.500006
  143  MGO   C6    CG    0.191800  0.242600  0.179500  1.700000  1.699835
  144  MGO   H61   H1    0.025400  0.000000  0.000000  1.300000  1.235677
  145  MGO   H62   H1    0.025400  0.000000  0.000000  1.300000  1.235677
  146  MGO   O6    OH   -0.607700 -0.198000  0.044600  1.500000  1.533237
  147  MGO   HO6   HO    0.409700  0.000000  0.000000  0.800000  0.000000
  148  MOL   C1    ca   -0.154600 -0.052200 -0.216600  1.700000  1.699835
  149  MOL   H1    ha    0.102400  0.102400  0.102400  1.300000  1.299821
  150  MOL   C2    ca   -0.189300 -0.082200 -0.134600  1.700000  1.699835
  151  MOL   H2    ha    0.107100  0.107100  0.107100  1.300000  1.299821
  152  MOL   C3    ca   -0.107300 -0.000200 -0.062000  1.700000  1.699835
  153  MOL   H3    ha    0.107100  0.107100  0.107100  1.300000  1.299821
  154  MOL   C4    ca    0.020400  0.020400  0.745400  1.700000  1.699835
  155  MOL   C5    ca   -0.107300 -0.000200 -0.062000  1.700000  1.699835
  156  MOL   H4    ha    0.107100  0.107100  0.107100  1.300000  1.299821
  157  MOL   C6    ca   -0.189300 -0.082200 -0.134600  1.700000  1.699835
  158  MOL   H5    ha    0.107100  0.107100  0.107100  1.300000  1.299821
  159  MOL   C7    c     0.725400  0.725400 -0.783000  1.700000  1.699835
  160  MOL   O1    o    -0.764400 -0.764400 -0.039000  1.500000  1.479961
  161  MOL   O2    o    -0.764400 -0.764400 -0.039000  1.500000  1.479961

 total system charges (+/-) for PB       -1.0000       19.1406      -20.1406
 cavity_surften =        0.0050 cavity_offset =        0.0000

   SAS Surface: surface dots generated:    366

--------------------------------------------------------------------------------
   3.  ATOMIC COORDINATES AND VELOCITIES
--------------------------------------------------------------------------------

Cpptraj Generated Restart                                                       
 begin time read from input coords =   551.000 ps

 Number of triangulated 3-point waters found:        0

--------------------------------------------------------------------------------
   4.  RESULTS
--------------------------------------------------------------------------------

  NB-update: atom-based nb list     7756


======== Setting up Grid Parameters ========
Using bounding box for grid setup
 Bounding Box at level:           2
 Bounding Box Center:      18.000    18.500    18.000
 Xmin, Xmax, Xmax-Xmin:     9.451    26.864    17.413
 Ymin, Ymax, Ymax-Ymin:     9.911    26.974    17.063
 Zmin, Zmax, Zmax-Zmin:    12.674    23.292    10.618
 Grid dimension at level     2    53   53   39
 Grid origin corrected at level     2      4.500     5.000     8.000
 Bounding Box at level:           1
 Bounding Box Center:      18.000    18.500    18.000
 Xmin, Xmax, Xmax-Xmin:     9.451    26.864    17.413
 Ymin, Ymax, Ymax-Ymin:     9.911    26.974    17.063
 Zmin, Zmax, Zmax-Zmin:    12.674    23.292    10.618
PB Warn in setgrd(): focusing grid too large    2
 fillratio is automatically increased to 2.500
 Grid dimension at level     1    13   13    9
 Grid origin corrected at level     1    -10.000    -9.500    -2.000
------- VMD goodie --------
#First Level Geometric Box
draw materials off
draw color green
draw line "  -10.000   -9.500   -2.000" "   42.000   -9.500   -2.000"
draw line "  -10.000   -9.500   -2.000" "  -10.000   42.500   -2.000"
draw line "  -10.000   -9.500   -2.000" "  -10.000   -9.500   34.000"
draw line "   42.000   -9.500   -2.000" "   42.000   42.500   -2.000"
draw line "   42.000   -9.500   -2.000" "   42.000   -9.500   34.000"
draw line "  -10.000   42.500   -2.000" "   42.000   42.500   -2.000"
draw line "  -10.000   42.500   -2.000" "  -10.000   42.500   34.000"
draw line "  -10.000   -9.500   34.000" "   42.000   -9.500   34.000"
draw line "  -10.000   -9.500   34.000" "  -10.000   42.500   34.000"
draw line "   42.000   42.500   34.000" "   42.000   42.500   -2.000"
draw line "   42.000   42.500   34.000" "  -10.000   42.500   34.000"
draw line "   42.000   42.500   34.000" "   42.000   -9.500   34.000"
#2nd Level Geometric Box
draw color blue
draw line "    4.500    5.000    8.000" "   31.500    5.000    8.000"
draw line "    4.500    5.000    8.000" "    4.500   32.000    8.000"
draw line "    4.500    5.000    8.000" "    4.500    5.000   28.000"
draw line "   31.500    5.000    8.000" "   31.500   32.000    8.000"
draw line "   31.500    5.000    8.000" "   31.500    5.000   28.000"
draw line "    4.500   32.000    8.000" "   31.500   32.000    8.000"
draw line "    4.500   32.000    8.000" "    4.500   32.000   28.000"
draw line "    4.500    5.000   28.000" "   31.500    5.000   28.000"
draw line "    4.500    5.000   28.000" "    4.500   32.000   28.000"
draw line "   31.500   32.000   28.000" "   31.500   32.000    8.000"
draw line "   31.500   32.000   28.000" "    4.500   32.000   28.000"
draw line "   31.500   32.000   28.000" "   31.500    5.000   28.000"
--- End VMD goodie --------

======== Setting up Solvent Accessibility Data ========
Setting up working radii
Number of SA srf points exposed  4440
 Number of SA arcs generated  3445
 Number of SA arc points exposed        2570 Number of trimer arc points exposed         224
 with resolution (A) = .250000E+00

Atomic solvent accessible surface area:
           1    0.0000000000000
           2   11.2633821859031
           3    0.0000000000000
           4    0.0000000000000
           5   17.7711141155360
           6   25.9876664426461
           7    0.0000000000000
           8    0.0000000000000
           9    1.5017842914537
          10   19.3463739073032
          11    3.9882776244917
          12    0.0000000000000
          13    4.7556502562702
          14    0.0000000000000
          15    0.0000000000000
          16    4.3312777404410
          17    0.9898591934753
          18    0.5005947638179
          19   16.5196272059912
          20   27.4314256894597
          21    6.6471293741528
          22    0.0000000000000
          23   11.5136795678120
          24    0.0000000000000
          25    0.0000000000000
          26   22.0261696079882
          27   22.8113960996560
          28    0.1661782343538
          29    0.0000000000000
          30    3.2538659648164
          31   17.6138628111268
          32    4.3206340931993
          33    0.0000000000000
          34    6.0071371658150
          35    0.0000000000000
          36    0.0000000000000
          37    5.1975332885292
          38    1.3198122579671
          39    4.5053528743612
          40   19.5231957888987
          41   26.8539219907343
          42    9.9706940612292
          43    0.0000000000000
          44   12.2645717135389
          45    0.0000000000000
          46    0.0000000000000
          47   18.2717088793539
          48   24.8326590451951
          49    0.0000000000000
          50    0.0000000000000
          51    7.0083266934508
          52   20.7901331541168
          53    5.4838817336761
          54    0.0000000000000
          55    5.0059476381791
          56    0.0000000000000
          57    0.0000000000000
          58    3.7537740417155
          59    0.9898591934753
          60    0.7508921457269
          61   18.0214114974449
          62   23.3888997983815
          63   10.4692287642907
          64    0.0000000000000
          65   11.7639769497210
          66    0.0000000000000
          67    0.0000000000000
          68   17.2705193517181
          69   28.2976812375479
          70    0.0000000000000
          71    0.0000000000000
          72    5.7568397839060
          73   17.3251109617640
          74    5.4838817336761
          75    0.0000000000000
          76    2.7532712009985
          77    0.0000000000000
          78    0.0000000000000
          79    6.0637888366174
          80    1.3198122579671
          81    5.5065424019971
          82   19.7734931708076
          83   23.6776516477442
          84   10.3030505299369
          85    0.0000000000000
          86   14.0166533869016
          87    0.0000000000000
          88    0.0000000000000
          89   19.7734931708076
          90   21.9451405515678
          91    0.0000000000000
          92    0.0000000000000
          93    0.0000000000000
          94   19.0576220579404
          95    6.1485946710914
          96    0.0000000000000
          97    4.7556502562702
          98    0.0000000000000
          99    0.0000000000000
         100    4.3312777404410
         101    0.6599061289836
         102    7.5089214572687
         103   15.2681402964464
         104   22.5226442502933
         105    9.8045158268754
         106    0.0000000000000
         107   12.7651664773568
         108    0.0000000000000
         109    0.0000000000000
         110   18.5220062612628
         111   22.8113960996560
         112    8.4750899520449
         113    0.0000000000000
         114    2.7532712009985
         115   18.1913665098522
         116    3.8220993901379
         117    0.0000000000000
         118    4.5053528743612
         119    0.0000000000000
         120    0.0000000000000
         121    6.3525406859801
         122    1.9797183869507
         123    1.7520816733627
         124   15.7687350602643
         125   29.1639367856361
         126    5.1515252649684
         127    0.0000000000000
         128   12.2645717135389
         129    0.0000000000000
         130    0.0000000000000
         131   21.0249800803524
         132   20.5013813047541
         133    0.0000000000000
         134    0.0000000000000
         135    0.0000000000000
         136   20.7901331541168
         137    7.3118423115681
         138    0.0000000000000
         139    9.0107057487225
         140    0.0000000000000
         141    0.0000000000000
         142    7.2187962340683
         143    0.9898591934753
         144    0.0000000000000
         145   12.7651664773568
         146   33.2064626767144
         147    5.1515252649684
         148    0.0000000000000
         149   17.0202219698091
         150    0.0000000000000
         151    0.0000000000000
         152    0.0000000000000
         153    4.0047581105433
         154    0.6599061289836
         155    0.0000000000000
         156    0.0000000000000
         157    0.0000000000000
         158    1.5017842914537
         159    4.2893898383931
         160   27.7201775388225
         161   34.9389737728908

 ======== FDPB Summary ========

 Do FDPB every           1 steps
 Nonbonded Update
   residue cutoff is set to   99.9000000000000
   fdpb cutoff is set to    5.0000000000000
   sas cutoff is set to    9.0000000000000
   nonbonded cutoff is set to    0.0000000000000
 Grid Constants
   Grid dimension      13      13       9
   Grid spacing set to     4.000
   Grid boundary
       -10.000    46.000
        -9.500    46.500
        -2.000    38.000

 Dielectric Map
   Use cavity radii in the prmtop file

   Use probe-based SES definition
     Compute SAS/SAR every           1 steps
     Solvent probe radius   1.40000000000000
     Surface dots per atom     366
     Buried atom radii increment   0.79800000000000
     Threshhold for exposed atom   0.08000000000000
     Current SAS1140.62199318862940

 Boundary conditions
   sum of grid charges as independent DH spheres

 Physical constants
   Solute dielectric constant  :   1.00000000000000
   Solvent dielectric constant :   80.0000000000000
   Temperature (K)             :   300.000000000000
   Ionic strength (mM)         :   0.00000000000000
   Debye-Huckel parameter (1/A):   0.00000000000000

FD Solver Option
   Use Modified ICCG solver

 Iteration data
   Maximum iterations  :         100
   Convergence criteria:  1.000000000000000E-03
   Iterations required        :     7
   Norm of the constant vector:       636.6808907375
   Norm of the residual vector:      0.2091960918575
   Convergence achieved       :  3.2857290818821052E-04

 Total molecular surface    817.0971

 ======== FDPB Summary ========

 Do FDPB every           1 steps
 Nonbonded Update
   residue cutoff is set to   99.9000000000000
   fdpb cutoff is set to    5.0000000000000
   sas cutoff is set to    9.0000000000000
   nonbonded cutoff is set to    0.0000000000000
 Grid Constants
   Grid dimension      53      53      39
   Grid spacing set to     0.500
   Grid boundary
         4.500    31.500
         5.000    32.000
         8.000    28.000

 Dielectric Map
   Use cavity radii in the prmtop file

   Use probe-based SES definition
     Compute SAS/SAR every           1 steps
     Solvent probe radius   1.40000000000000
     Surface dots per atom     366
     Buried atom radii increment   0.79800000000000
     Threshhold for exposed atom   0.08000000000000
     Current SAS1140.62199318862940

 Boundary conditions
   sum of grid charges as independent DH spheres

 Physical constants
   Solute dielectric constant  :   1.00000000000000
   Solvent dielectric constant :   80.0000000000000
   Temperature (K)             :   300.000000000000
   Ionic strength (mM)         :   0.00000000000000
   Debye-Huckel parameter (1/A):   0.00000000000000

FD Solver Option
   Use Modified ICCG solver

 Iteration data
   Maximum iterations  :         100
   Convergence criteria:  1.000000000000000E-03
   Iterations required        :    15
   Norm of the constant vector:    158644.7516513920
   Norm of the residual vector:    120.6072798514583
   Convergence achieved       :  7.6023491855868163E-04

 Total surface charge       0.9885
 Reaction field energy   -204.8131
 Nonpolar SAS/SAV   1140.6220      0.0000
 Cavity solvation energy      5.7031

 NSTEP =        1   TIME(PS) =       0.000  TEMP(K) =     0.00  PRESS =     0.0
 Etot   =      -738.4205  EKtot   =         0.0000  EPtot      =         0.0000
 BOND   =         0.0000  ANGLE   =         0.0000  DIHED      =         0.0000
 1-4 NB =         0.0000  1-4 EEL =         0.0000  VDWAALS    =       -46.0000
 EELEC  =      -493.3105  EPB     =      -204.8131  RESTRAINT  =         0.0000
 ECAVITY=         5.7031  EDISPER =         0.0000
 ------------------------------------------------------------------------------



  Maximum number of minimization cycles reached.


                    FINAL RESULTS


 NSTEP =        1   TIME(PS) =       0.000  TEMP(K) =     0.00  PRESS =     0.0
 Etot   =      -738.4205  EKtot   =         0.0000  EPtot      =         0.0000
 BOND   =         0.0000  ANGLE   =         0.0000  DIHED      =         0.0000
 1-4 NB =         0.0000  1-4 EEL =         0.0000  VDWAALS    =       -46.0000
 EELEC  =      -493.3105  EPB     =      -204.8131  RESTRAINT  =         0.0000
 ECAVITY=         5.7031  EDISPER =         0.0000
 ------------------------------------------------------------------------------


--------------------------------------------------------------------------------
   5.  TIMINGS
--------------------------------------------------------------------------------

| Total time                     0.14
| Read prm/crd time              0.01
| Force time                     0.14
| Nonbond force                  0.14
| PB Nonbond                     0.14
| PB NB list                     0.00
| PB FD grid                     0.00
| PB Sasa                        0.02
| PB FD force                    0.14
| PB Set linear sys              0.06
| PB Solver                      0.07
| PB SA srf                      0.00
| PB SA arc                      0.02
| PB circle                      0.01
| PB exclude                     0.01
| PB exmol                       0.06
| PB exmol setup                 0.01
| PB exmol part b                0.01
| PB exmol part c                0.00
| PB exmol part d                0.00
| PB exmol part e                0.00
| PB exmol part f                0.02
| PB epsmap                      0.00
|           Job began  at 20:53:17.515  on 08/29/2021
|           Setup done at 20:53:17.522  on 08/29/2021
|           Run   done at 20:53:17.660  on 08/29/2021
|     wallclock() was called     110 times
