
          -------------------------------------------------------
          GBNSR6 2015                       
          -------------------------------------------------------

| Run on 11/07/2021 at 11:48:59
  [-O]verwriting output

File Assignments:
|  MDIN: ../scripts/gbnsr6.in                                                  
| MDOUT: complex-gb-radii.out                                                  
|INPCRD: complex.crd                                                           
|  PARM: complex.prmtop                                                        
|

 Here is the input file:

compute                                                                        
&cntrl                                                                         
inp=1                                                                          
/                                                                              
&gb                                                                            
epsin=1.0, epsout=80, istrng=0, space=0.5,                                     
arcres=0.2, B=0.028, alpb=1, rbornstat=1, cavity_surften=0.005                 
/                                                                              

--------------------------------------------------------------------------------
   1.  RESOURCE   USE: 
--------------------------------------------------------------------------------

| Flags:                                                                        
| New format PARM file being parsed.
| Version =    1.000 Date = 08/29/21 Time = 13:42:30
 NATOM  =     161 NTYPES =       9 NBONH =      75 MBONA  =      93
 NTHETH =     171 MTHETA =     137 NPHIH =     315 MPHIA  =     266
 NHPARM =       0 NPARM  =       0 NNB   =     951 NRES   =       8
 NBONA  =      93 NTHETA =     137 NPHIA =     266 NUMBND =      10
 NUMANG =      17 NPTRA  =      23 NATYP =      14 NPHB   =       0
 IFBOX  =       1 NMXRS  =      21 IFCAP =       0 NEXTRA =       0
 NCOPY  =       0


|     Memory Use     Allocated
|     Real                6019
|     Hollerith            976
|     Integer            25335
|     Max Pairs              1
|     Max Rstack             1
|     Max Istack             1
|       Total              149 kbytes

| Note: 1-4 EEL scale factors are being read from the topology file.

     BOX TYPE: RECTILINEAR

--------------------------------------------------------------------------------
   2.  ATOMIC COORDINATES AND VELOCITIES
--------------------------------------------------------------------------------

Cpptraj Generated Restart                                                       
 begin time read from input coords =   551.000 ps

 Number of triangulated 3-point waters found:        0

--------------------------------------------------------------------------------
   3.  RESULTS
--------------------------------------------------------------------------------

Print:    Atom number      Inverse Effective Born Radii
rinv           1            0.35739486
rinv           2            0.55207172
rinv           3            0.28037102
rinv           4            0.38692094
rinv           5            0.59260049
rinv           6            0.54930214
rinv           7            0.60935889
rinv           8            0.35038178
rinv           9            0.44854822
rinv          10            0.53693932
rinv          11            0.86932692
rinv          12            0.31051238
rinv          13            0.50375797
rinv          14            0.29666788
rinv          15            0.26173085
rinv          16            0.43045976
rinv          17            0.39853691
rinv          18            0.43829812
rinv          19            0.59263693
rinv          20            0.55791486
rinv          21            0.88254482
rinv          22            0.35965862
rinv          23            0.55801812
rinv          24            0.30618514
rinv          25            0.40002538
rinv          26            0.61993630
rinv          27            0.54110627
rinv          28            0.67122852
rinv          29            0.35354950
rinv          30            0.46919630
rinv          31            0.52721406
rinv          32            0.85776987
rinv          33            0.31501422
rinv          34            0.51089102
rinv          35            0.31304733
rinv          36            0.32810480
rinv          37            0.44048524
rinv          38            0.43138769
rinv          39            0.52785198
rinv          40            0.62026767
rinv          41            0.56780478
rinv          42            0.96165330
rinv          43            0.35569320
rinv          44            0.56239043
rinv          45            0.33714007
rinv          46            0.39074368
rinv          47            0.60047266
rinv          48            0.54718924
rinv          49            0.62426304
rinv          50            0.37069077
rinv          51            0.51907858
rinv          52            0.54819475
rinv          53            0.91680514
rinv          54            0.31973919
rinv          55            0.50630908
rinv          56            0.31010221
rinv          57            0.36800726
rinv          58            0.42307379
rinv          59            0.41603896
rinv          60            0.47687057
rinv          61            0.60903567
rinv          62            0.55163739
rinv          63            0.93948168
rinv          64            0.35216660
rinv          65            0.55377548
rinv          66            0.29783252
rinv          67            0.39428843
rinv          68            0.59681009
rinv          69            0.55844117
rinv          70            0.67730589
rinv          71            0.36490388
rinv          72            0.51575214
rinv          73            0.53624677
rinv          74            0.87199209
rinv          75            0.31212313
rinv          76            0.47152341
rinv          77            0.32432898
rinv          78            0.39552574
rinv          79            0.43550721
rinv          80            0.42799135
rinv          81            0.54024818
rinv          82            0.61636475
rinv          83            0.55622044
rinv          84            0.95033674
rinv          85            0.35936929
rinv          86            0.57266565
rinv          87            0.27458708
rinv          88            0.38788756
rinv          89            0.61142211
rinv          90            0.53015347
rinv          91            0.52855944
rinv          92            0.34157018
rinv          93            0.39033683
rinv          94            0.52727531
rinv          95            0.87988534
rinv          96            0.30784589
rinv          97            0.49697648
rinv          98            0.30581254
rinv          99            0.31834841
rinv         100            0.42939495
rinv         101            0.42021446
rinv         102            0.54712747
rinv         103            0.59354621
rinv         104            0.55812480
rinv         105            0.96406920
rinv         106            0.36144669
rinv         107            0.56191590
rinv         108            0.28882032
rinv         109            0.39317041
rinv         110            0.60313519
rinv         111            0.55167851
rinv         112            0.89213733
rinv         113            0.34689091
rinv         114            0.46973919
rinv         115            0.53225319
rinv         116            0.85010662
rinv         117            0.30639604
rinv         118            0.49451723
rinv         119            0.29945225
rinv         120            0.26648615
rinv         121            0.43974690
rinv         122            0.40829391
rinv         123            0.45706012
rinv         124            0.59182763
rinv         125            0.56181629
rinv         126            0.88325641
rinv         127            0.35558919
rinv         128            0.56276734
rinv         129            0.27636984
rinv         130            0.39057734
rinv         131            0.61304112
rinv         132            0.52333811
rinv         133            0.47957905
rinv         134            0.34800204
rinv         135            0.42266201
rinv         136            0.54380283
rinv         137            0.90465958
rinv         138            0.31902530
rinv         139            0.52152177
rinv         140            0.30362817
rinv         141            0.26829538
rinv         142            0.44667805
rinv         143            0.40531499
rinv         144            0.42416355
rinv         145            0.57379290
rinv         146            0.57308444
rinv         147            0.87207616
rinv         148            0.34775651
rinv         149            0.58412750
rinv         150            0.28104121
rinv         151            0.29207549
rinv         152            0.33693385
rinv         153            0.49250111
rinv         154            0.34279056
rinv         155            0.29201678
rinv         156            0.29081485
rinv         157            0.31668117
rinv         158            0.43497471
rinv         159            0.43784951
rinv         160            0.56253040
rinv         161            0.57552187

 Cavity solvation energy      5.7031

 NSTEP =        1   TIME(PS) =       0.000  TEMP(K) =     0.00  PRESS =     0.0
 Etot   =      -150.9638  EKtot   =         0.0000  EPtot      =         0.0000
 BOND   =         0.0000  ANGLE   =         0.0000  DIHED      =         0.0000
 1-4 NB =         0.0000  1-4 EEL =       517.3217  VDWAALS    =         0.0000
 EELEC  =      -493.3105  EGB     =      -180.6782  RESTRAINT  =         0.0000
 ESURF  =         5.7031
 ------------------------------------------------------------------------------



  Maximum number of minimization cycles reached.


                    FINAL RESULTS


 NSTEP =        1   TIME(PS) =       0.000  TEMP(K) =     0.00  PRESS =     0.0
 Etot   =      -150.9638  EKtot   =         0.0000  EPtot      =         0.0000
 BOND   =         0.0000  ANGLE   =         0.0000  DIHED      =         0.0000
 1-4 NB =         0.0000  1-4 EEL =       517.3217  VDWAALS    =         0.0000
 EELEC  =      -493.3105  EGB     =      -180.6782  RESTRAINT  =         0.0000
 ESURF  =         5.7031
 ------------------------------------------------------------------------------

|           Job began  at 11:48:59.634  on 11/07/2021
|           Setup done at 11:48:59.639  on 11/07/2021
|           Run   done at 11:48:59.706  on 11/07/2021
|     wallclock() was called      72 times
