
          -------------------------------------------------------
          PBSA VERSION 2019                       UC Irvine
          -------------------------------------------------------

| Run on 08/29/2021 at 20:53:17

File Assignments:
|  MDIN: ../pbsa-script/mdin.in                                                
| MDOUT: guest-pb.out                                                          
|INPCRD: guest.crd                                                             
|  PARM: guest.prmtop                                                          
|

 Here is the input file:

Sample single point PB calculation                                             
&cntrl                                                                         
ipb=1, inp=1                                                                   
/                                                                              
&pb                                                                            
npbverb=1, fillratio=1.5, saopt=1, radiopt=0, epsin=1.0, epsout=80             
/                                                                              
 PBSA Warning in pb_read(): sprob=0.557 is optimized for inp=2 and  should not be used with inp=1. It has been reset to 1.4.
 PBSA Warning in pb_read(): cavity_surften=0.0378 is optimized for inp=2  and should not be used with inp=1. It has been reset to 0.005000.
 PBSA Warning in pb_read(): cavity_offset=-0.5692 is optimized for inp=2  and should not be used with inp=1. It has been reset to 0.000.

--------------------------------------------------------------------------------
   1.  RESOURCE   USE: 
--------------------------------------------------------------------------------

| Flags:                                                                        
| New format PARM file being parsed.
| Version =    1.000 Date = 08/29/21 Time = 13:42:30
 NATOM  =      14 NTYPES =       3 NBONH =       5 MBONA  =       9
 NTHETH =      10 MTHETA =      11 NPHIH =      21 MPHIA  =      14
 NHPARM =       0 NPARM  =       0 NNB   =      62 NRES   =       1
 NBONA  =       9 NTHETA =      11 NPHIA =      14 NUMBND =       4
 NUMANG =       5 NPTRA  =       3 NATYP =      14 NPHB   =       0
 IFBOX  =       1 NMXRS  =      14 IFCAP =       0 NEXTRA =       0
 NCOPY  =       0


|     Memory Use     Allocated
|     Real                 559
|     Hollerith             45
|     Integer            20494
|     Max Pairs              1
|     Max Rstack             1
|     Max Istack             1
|       Total               84 kbytes

     BOX TYPE: RECTILINEAR

--------------------------------------------------------------------------------
   2.  CONTROL  DATA  FOR  THE  RUN
--------------------------------------------------------------------------------

default_name                                                                    

General flags:
     imin    =       1, nmropt  =       0

Nature and format of input:
     ntx     =       1, irest   =       0, ntrx    =       1

Nature and format of output:
     ntxo    =       1, ntpr    =      50, ntrx    =       1, ntwr    =     500
     iwrap   =       0, ntwx    =       0, ntwv    =       0, ntwe    =       0
     ioutfm  =       0, ntwprt  =       0, idecomp =       0, rbornstat=      0

Potential function:
     ntf     =       1, ntb     =       1, ipb     =       1, nsnb    =      25
     ipol    =       0, gbsa    =       0, iesp    =       0
     dielc   =   1.00000, cut     =   8.00000, intdiel =   1.00000

Frozen or restrained atoms:
     ibelly  =       0, ntr     =       0

Energy minimization:
     maxcyc  =       1, ncyc    =      10, ntmin   =       1
     dx0     =   0.01000, drms    =   0.00010

======== Implicit Solvent Initialization ========

     Max Nonbonded Pairs:       98       98

 no. of atoms processed in PB initialization:    14
  NUM  RESI  NAME  TYPE    CHARGE ATM CRG/H   GRP CRG   PB RADI   NP RADI
    1  MOL   C1    ca   -0.154600 -0.052200 -0.216600  1.700000  1.699835
    2  MOL   H1    ha    0.102400  0.102400  0.102400  1.300000  1.299821
    3  MOL   C2    ca   -0.189300 -0.082200 -0.134600  1.700000  1.699835
    4  MOL   H2    ha    0.107100  0.107100  0.107100  1.300000  1.299821
    5  MOL   C3    ca   -0.107300 -0.000200 -0.062000  1.700000  1.699835
    6  MOL   H3    ha    0.107100  0.107100  0.107100  1.300000  1.299821
    7  MOL   C4    ca    0.020400  0.020400  0.745400  1.700000  1.699835
    8  MOL   C5    ca   -0.107300 -0.000200 -0.062000  1.700000  1.699835
    9  MOL   H4    ha    0.107100  0.107100  0.107100  1.300000  1.299821
   10  MOL   C6    ca   -0.189300 -0.082200 -0.134600  1.700000  1.699835
   11  MOL   H5    ha    0.107100  0.107100  0.107100  1.300000  1.299821
   12  MOL   C7    c     0.725400  0.725400 -0.783000  1.700000  1.699835
   13  MOL   O1    o    -0.764400 -0.764400 -0.039000  1.500000  1.479961
   14  MOL   O2    o    -0.764400 -0.764400 -0.039000  1.500000  1.479961

 total system charges (+/-) for PB       -1.0000        1.2766       -2.2766
 cavity_surften =        0.0050 cavity_offset =        0.0000

   SAS Surface: surface dots generated:    366

--------------------------------------------------------------------------------
   3.  ATOMIC COORDINATES AND VELOCITIES
--------------------------------------------------------------------------------

Cpptraj Generated Restart                                                       
 begin time read from input coords =   551.000 ps

 Number of triangulated 3-point waters found:        0

--------------------------------------------------------------------------------
   4.  RESULTS
--------------------------------------------------------------------------------

  NB-update: atom-based nb list       91


======== Setting up Grid Parameters ========
Using bounding box for grid setup
 Bounding Box at level:           2
 Bounding Box Center:      18.000    18.000    19.000
 Xmin, Xmax, Xmax-Xmin:    15.084    21.267     6.183
 Ymin, Ymax, Ymax-Ymin:    15.016    20.696     5.679
 Zmin, Zmax, Zmax-Zmin:    14.329    23.292     8.964
 Grid dimension at level     2    31   29   37
 Grid origin corrected at level     2     10.000    10.500     9.500
 Bounding Box at level:           1
 Bounding Box Center:      18.000    18.000    19.000
 Xmin, Xmax, Xmax-Xmin:    15.084    21.267     6.183
 Ymin, Ymax, Ymax-Ymin:    15.016    20.696     5.679
 Zmin, Zmax, Zmax-Zmin:    14.329    23.292     8.964
PB Warn in setgrd(): focusing grid too large    2
 fillratio is automatically increased to 2.500
 Grid dimension at level     1     5    5    7
 Grid origin corrected at level     1      6.000     6.000     3.000
------- VMD goodie --------
#First Level Geometric Box
draw materials off
draw color green
draw line "    6.000    6.000    3.000" "   26.000    6.000    3.000"
draw line "    6.000    6.000    3.000" "    6.000   26.000    3.000"
draw line "    6.000    6.000    3.000" "    6.000    6.000   31.000"
draw line "   26.000    6.000    3.000" "   26.000   26.000    3.000"
draw line "   26.000    6.000    3.000" "   26.000    6.000   31.000"
draw line "    6.000   26.000    3.000" "   26.000   26.000    3.000"
draw line "    6.000   26.000    3.000" "    6.000   26.000   31.000"
draw line "    6.000    6.000   31.000" "   26.000    6.000   31.000"
draw line "    6.000    6.000   31.000" "    6.000   26.000   31.000"
draw line "   26.000   26.000   31.000" "   26.000   26.000    3.000"
draw line "   26.000   26.000   31.000" "    6.000   26.000   31.000"
draw line "   26.000   26.000   31.000" "   26.000    6.000   31.000"
#2nd Level Geometric Box
draw color blue
draw line "   10.000   10.500    9.500" "   26.000   10.500    9.500"
draw line "   10.000   10.500    9.500" "   10.000   25.500    9.500"
draw line "   10.000   10.500    9.500" "   10.000   10.500   28.500"
draw line "   26.000   10.500    9.500" "   26.000   25.500    9.500"
draw line "   26.000   10.500    9.500" "   26.000   10.500   28.500"
draw line "   10.000   25.500    9.500" "   26.000   25.500    9.500"
draw line "   10.000   25.500    9.500" "   10.000   25.500   28.500"
draw line "   10.000   10.500   28.500" "   26.000   10.500   28.500"
draw line "   10.000   10.500   28.500" "   10.000   25.500   28.500"
draw line "   26.000   25.500   28.500" "   26.000   25.500    9.500"
draw line "   26.000   25.500   28.500" "   10.000   25.500   28.500"
draw line "   26.000   25.500   28.500" "   26.000   10.500   28.500"
--- End VMD goodie --------

======== Setting up Solvent Accessibility Data ========
Setting up working radii
Number of SA srf points exposed  1058
 Number of SA arcs generated    87
 Number of SA arc points exposed         537 Number of trimer arc points exposed          38
 with resolution (A) = .250000E+00

Atomic solvent accessible surface area:
           1   11.8783103217041
           2   30.5362805928928
           3   11.8783103217041
           4   31.0368753567107
           5   10.2285449992452
           6   23.7782512813509
           7    4.6193429028849
           8   10.8884511282288
           9   23.5279538994420
          10   11.5483572572123
          11   30.0356858290749
          12    9.2386858057698
          13   41.0027626095082
          14   42.7352737056846

 ======== FDPB Summary ========

 Do FDPB every           1 steps
 Nonbonded Update
   residue cutoff is set to   99.9000000000000
   fdpb cutoff is set to    5.0000000000000
   sas cutoff is set to    9.0000000000000
   nonbonded cutoff is set to    0.0000000000000
 Grid Constants
   Grid dimension       5       5       7
   Grid spacing set to     4.000
   Grid boundary
         6.000    30.000
         6.000    30.000
         3.000    35.000

 Dielectric Map
   Use cavity radii in the prmtop file

   Use probe-based SES definition
     Compute SAS/SAR every           1 steps
     Solvent probe radius   1.40000000000000
     Surface dots per atom     366
     Buried atom radii increment   0.79800000000000
     Threshhold for exposed atom   0.08000000000000
     Current SAS 292.93308601141337

 Boundary conditions
   sum of grid charges as independent DH spheres

 Physical constants
   Solute dielectric constant  :   1.00000000000000
   Solvent dielectric constant :   80.0000000000000
   Temperature (K)             :   300.000000000000
   Ionic strength (mM)         :   0.00000000000000
   Debye-Huckel parameter (1/A):   0.00000000000000

FD Solver Option
   Use Modified ICCG solver

 Iteration data
   Maximum iterations  :         100
   Convergence criteria:  1.000000000000000E-03
   Iterations required        :     4
   Norm of the constant vector:       204.4704465063
   Norm of the residual vector:      0.1734977359745
   Convergence achieved       :  8.4852231184947234E-04

 Total molecular surface    138.6220

 ======== FDPB Summary ========

 Do FDPB every           1 steps
 Nonbonded Update
   residue cutoff is set to   99.9000000000000
   fdpb cutoff is set to    5.0000000000000
   sas cutoff is set to    9.0000000000000
   nonbonded cutoff is set to    0.0000000000000
 Grid Constants
   Grid dimension      31      29      37
   Grid spacing set to     0.500
   Grid boundary
        10.000    26.000
        10.500    25.500
         9.500    28.500

 Dielectric Map
   Use cavity radii in the prmtop file

   Use probe-based SES definition
     Compute SAS/SAR every           1 steps
     Solvent probe radius   1.40000000000000
     Surface dots per atom     366
     Buried atom radii increment   0.79800000000000
     Threshhold for exposed atom   0.08000000000000
     Current SAS 292.93308601141337

 Boundary conditions
   sum of grid charges as independent DH spheres

 Physical constants
   Solute dielectric constant  :   1.00000000000000
   Solvent dielectric constant :   80.0000000000000
   Temperature (K)             :   300.000000000000
   Ionic strength (mM)         :   0.00000000000000
   Debye-Huckel parameter (1/A):   0.00000000000000

FD Solver Option
   Use Modified ICCG solver

 Iteration data
   Maximum iterations  :         100
   Convergence criteria:  1.000000000000000E-03
   Iterations required        :    14
   Norm of the constant vector:     21111.3688841343
   Norm of the residual vector:     10.7647301969824
   Convergence achieved       :  5.0990204643111905E-04

 Total surface charge       0.9875
 Reaction field energy    -77.6946
 Nonpolar SAS/SAV    292.9331      0.0000
 Cavity solvation energy      1.4647

 NSTEP =        1   TIME(PS) =       0.000  TEMP(K) =     0.00  PRESS =     0.0
 Etot   =       -75.3435  EKtot   =         0.0000  EPtot      =         0.0000
 BOND   =         0.0000  ANGLE   =         0.0000  DIHED      =         0.0000
 1-4 NB =         0.0000  1-4 EEL =         0.0000  VDWAALS    =        -0.4920
 EELEC  =         1.3785  EPB     =       -77.6946  RESTRAINT  =         0.0000
 ECAVITY=         1.4647  EDISPER =         0.0000
 ------------------------------------------------------------------------------



  Maximum number of minimization cycles reached.


                    FINAL RESULTS


 NSTEP =        1   TIME(PS) =       0.000  TEMP(K) =     0.00  PRESS =     0.0
 Etot   =       -75.3435  EKtot   =         0.0000  EPtot      =         0.0000
 BOND   =         0.0000  ANGLE   =         0.0000  DIHED      =         0.0000
 1-4 NB =         0.0000  1-4 EEL =         0.0000  VDWAALS    =        -0.4920
 EELEC  =         1.3785  EPB     =       -77.6946  RESTRAINT  =         0.0000
 ECAVITY=         1.4647  EDISPER =         0.0000
 ------------------------------------------------------------------------------


--------------------------------------------------------------------------------
   5.  TIMINGS
--------------------------------------------------------------------------------

| Total time                     0.03
| Read prm/crd time              0.00
| Force time                     0.03
| Nonbond force                  0.03
| PB Nonbond                     0.03
| PB Sasa                        0.00
| PB FD force                    0.03
| PB Set linear sys              0.01
| PB Solver                      0.02
| PB SA arc                      0.00
| PB circle                      0.00
| PB exmol                       0.01
| PB exmol setup                 0.00
| PB exmol part c                0.00
| PB exmol part f                0.00
| PB epsmap                      0.00
|           Job began  at 20:53:17.678  on 08/29/2021
|           Setup done at 20:53:17.682  on 08/29/2021
|           Run   done at 20:53:17.710  on 08/29/2021
|     wallclock() was called     110 times
