
          -------------------------------------------------------
          GBNSR6 2015                       
          -------------------------------------------------------

| Run on 11/07/2021 at 11:49:00
  [-O]verwriting output

File Assignments:
|  MDIN: ../scripts/gbnsr6.in                                                  
| MDOUT: guest-gb-radii.out                                                    
|INPCRD: guest.crd                                                             
|  PARM: guest.prmtop                                                          
|

 Here is the input file:

compute                                                                        
&cntrl                                                                         
inp=1                                                                          
/                                                                              
&gb                                                                            
epsin=1.0, epsout=80, istrng=0, space=0.5,                                     
arcres=0.2, B=0.028, alpb=1, rbornstat=1, cavity_surften=0.005                 
/                                                                              

--------------------------------------------------------------------------------
   1.  RESOURCE   USE: 
--------------------------------------------------------------------------------

| Flags:                                                                        
| New format PARM file being parsed.
| Version =    1.000 Date = 08/29/21 Time = 13:42:31
 NATOM  =      17 NTYPES =       5 NBONH =       7 MBONA  =      10
 NTHETH =      15 MTHETA =      12 NPHIH =      35 MPHIA  =      14
 NHPARM =       0 NPARM  =       0 NNB   =      78 NRES   =       1
 NBONA  =      10 NTHETA =      12 NPHIA =      14 NUMBND =       6
 NUMANG =       9 NPTRA  =       6 NATYP =      16 NPHB   =       0
 IFBOX  =       1 NMXRS  =      17 IFCAP =       0 NEXTRA =       0
 NCOPY  =       0

GB Warning in  gb_read(): B=0 is recommended for molecules with more than 50 atoms

|     Memory Use     Allocated
|     Real                 670
|     Hollerith            105
|     Integer            18677
|     Max Pairs              1
|     Max Rstack             1
|     Max Istack             1
|       Total               78 kbytes

| Note: 1-4 EEL scale factors are being read from the topology file.

     BOX TYPE: RECTILINEAR

--------------------------------------------------------------------------------
   2.  ATOMIC COORDINATES AND VELOCITIES
--------------------------------------------------------------------------------

Cpptraj Generated Restart                                                       
 begin time read from input coords =   551.000 ps

 Number of triangulated 3-point waters found:        0

--------------------------------------------------------------------------------
   3.  RESULTS
--------------------------------------------------------------------------------

Print:    Atom number      Inverse Effective Born Radii
rinv           1            0.47438513
rinv           2            0.59148228
rinv           3            0.60116349
rinv           4            0.44774967
rinv           5            0.62771004
rinv           6            0.62873326
rinv           7            0.42897106
rinv           8            0.46545223
rinv           9            0.62233916
rinv          10            0.48848104
rinv          11            0.66980617
rinv          12            0.49482629
rinv          13            0.67007108
rinv          14            0.49285421
rinv          15            0.66781731
rinv          16            0.46797116
rinv          17            0.63564803

 Cavity solvation energy      1.5975

 NSTEP =        1   TIME(PS) =       0.000  TEMP(K) =     0.00  PRESS =     0.0
 Etot   =       -61.4935  EKtot   =         0.0000  EPtot      =         0.0000
 BOND   =         0.0000  ANGLE   =         0.0000  DIHED      =         0.0000
 1-4 NB =         0.0000  1-4 EEL =        -9.4237  VDWAALS    =         0.0000
 EELEC  =        25.8609  EGB     =       -79.5281  RESTRAINT  =         0.0000
 ESURF  =         1.5975
 ------------------------------------------------------------------------------



  Maximum number of minimization cycles reached.


                    FINAL RESULTS


 NSTEP =        1   TIME(PS) =       0.000  TEMP(K) =     0.00  PRESS =     0.0
 Etot   =       -61.4935  EKtot   =         0.0000  EPtot      =         0.0000
 BOND   =         0.0000  ANGLE   =         0.0000  DIHED      =         0.0000
 1-4 NB =         0.0000  1-4 EEL =        -9.4237  VDWAALS    =         0.0000
 EELEC  =        25.8609  EGB     =       -79.5281  RESTRAINT  =         0.0000
 ESURF  =         1.5975
 ------------------------------------------------------------------------------

|           Job began  at 11:49:00.255  on 11/07/2021
|           Setup done at 11:49:00.260  on 11/07/2021
|           Run   done at 11:49:00.269  on 11/07/2021
|     wallclock() was called      72 times
