            --------------------------------------------------------
                             AMBER SQM VERSION 19
 
                                     By
              Ross C. Walker, Michael F. Crowley, Scott Brozell,
                         Tim Giese, Andreas W. Goetz,
                        Tai-Sung Lee and David A. Case
 
            --------------------------------------------------------
 

--------------------------------------------------------------------------------
  QM CALCULATION INFO
--------------------------------------------------------------------------------

| QMMM: Citation for AMBER QMMM Run:
| QMMM: R.C. Walker, M.F. Crowley and D.A. Case, J. COMP. CHEM. 29:1019, 2008

QMMM: SINGLET STATE CALCULATION
QMMM: RHF CALCULATION, NO. OF DOUBLY OCCUPIED LEVELS = 78

| QMMM: *** Selected Hamiltonian *** 
| QMMM: AM1         

| QMMM: *** Parameter sets in use ***
| QMMM: N : M.J.S.DEWAR et al. JACS, 107, 3902, (1985)
| QMMM: P : M.J.S.DEWAR et al. THEOCHEM, 187,1, (1989)
| QMMM: O : M.J.S.DEWAR et al. JACS, 107, 3902, (1985)
| QMMM: C : M.J.S.DEWAR et al. JACS, 107, 3902, (1985)
| QMMM: H : M.J.S.DEWAR et al. JACS, 107, 3902, (1985)

| QMMM: *** SCF convergence criteria ***
| QMMM: Energy change                :  0.1D-09 kcal/mol
| QMMM: Error matrix |FP-PF|         :  0.1D+00 au
| QMMM: Density matrix change        :  0.5D-06
| QMMM: Maximum number of SCF cycles :     1000

| QMMM: *** Diagonalization Routine Information ***
| QMMM: Pseudo diagonalizations are allowed.
| QMMM: Auto diagonalization routine selection is in use.
| QMMM:
| QMMM: Timing diagonalization routines:
| QMMM:                              norbs =      128
| QMMM:    diag iterations used for timing =       10
| QMMM:
| QMMM:              Internal diag routine = 0.041149 seconds
| QMMM:                 Dspev diag routine = 0.054082 seconds
| QMMM:                Dspevd diag routine = 0.021917 seconds
| QMMM:                Dspevx diag routine = 0.109770 seconds
| QMMM:                 Dsyev diag routine = 0.050575 seconds
| QMMM:                Dsyevd diag routine = 0.033812 seconds
| QMMM:                Dsyevr diag routine = 0.028685 seconds
| QMMM:
| QMMM:                Pseudo diag routine = 0.015145 seconds
| QMMM:
| QMMM: Using dspevd routine (diag_routine=3).

  QMMM: QM Region Cartesian Coordinates (*=link atom) 
  QMMM: QM_NO.   MM_NO.  ATOM         X         Y         Z
  QMMM:     1        1      N      102.5280   24.7240   -2.6820
  QMMM:     2        2      P      101.4590   26.0390   -2.5450
  QMMM:     3        3      O      100.7240   25.7470   -1.1330
  QMMM:     4        4      O      100.5400   26.2480   -3.6980
  QMMM:     5        5      O      102.4570   27.2840   -2.2340
  QMMM:     6        6      P      102.8980   27.8980   -0.7950
  QMMM:     7        7      O      103.9110   26.7770   -0.2060
  QMMM:     8        8      O      101.7760   28.2990    0.0960
  QMMM:     9        9      O      103.9010   29.1070   -1.2180
  QMMM:    10       10      C      104.8820   28.9300   -2.2210
  QMMM:    11       11      C      106.0110   29.9620   -2.0800
  QMMM:    12       12      O      105.5370   31.2370   -2.5070
  QMMM:    13       13      C      106.5190   30.1400   -0.6430
  QMMM:    14       14      O      107.9250   30.3270   -0.6670
  QMMM:    15       15      C      105.7850   31.3900   -0.1760
  QMMM:    16       16      O      106.5140   32.0550    0.8350
  QMMM:    17       17      C      105.6460   32.1800   -1.4840
  QMMM:    18       18      N      104.3820   32.9800   -1.5190
  QMMM:    19       19      C      103.0910   32.5410   -1.3640
  QMMM:    20       20      N      102.1770   33.4570   -1.5260
  QMMM:    21       21      C      102.9070   34.6030   -1.8210
  QMMM:    22       22      C      102.4600   35.9280   -2.1390
  QMMM:    23       23      O      101.3060   36.3410   -2.2320
  QMMM:    24       24      N      103.5200   36.8020   -2.3860
  QMMM:    25       25      C      104.8590   36.4330   -2.3250
  QMMM:    26       26      N      105.7540   37.3970   -2.5500
  QMMM:    27       27      N      105.2740   35.2100   -2.0520
  QMMM:    28       28      C      104.2610   34.3240   -1.8060
  QMMM:    29       29      H      101.2700   25.8400   -0.3670
  QMMM:    30       30      H      104.6840   27.1410    0.1960
  QMMM:    31       31      H      103.1950   24.5850   -1.9250
  QMMM:    32       32      H      102.1220   23.8350   -2.9640
  QMMM:    33       33      H      104.4100   29.0270   -3.1950
  QMMM:    34       34      H      105.2950   27.9220   -2.1590
  QMMM:    35       35      H      106.8200   29.6630   -2.7480
  QMMM:    36       36      H      106.3030   29.2800   -0.0080
  QMMM:    37       37      H      108.3340   29.5350   -0.9810
  QMMM:    38       38      H      104.8010   31.1140    0.1870
  QMMM:    39       39      H      107.4220   32.0780    0.5670
  QMMM:    40       40      H      106.4710   32.8650   -1.6840
  QMMM:    41       41      H      102.8550   31.5140   -1.1460
  QMMM:    42       42      H      103.2880   37.7590   -2.6340
  QMMM:    43       43      H      106.7390   37.1770   -2.5610
  QMMM:    44       44      H      105.4480   38.3580   -2.6820

--------------------------------------------------------------------------------
  RESULTS
--------------------------------------------------------------------------------

      iter         sqm energy              rms gradient
      ----    -------------------    -----------------------
xmin    10     -524.2378 kcal/mol        2.0424 kcal/(mol*A)
xmin    20     -527.5689 kcal/mol        0.6272 kcal/(mol*A)
xmin    30     -528.3892 kcal/mol        0.4548 kcal/(mol*A)
xmin    40     -529.9482 kcal/mol        1.4391 kcal/(mol*A)
xmin    50     -531.4336 kcal/mol        0.2552 kcal/(mol*A)
xmin    60     -531.7376 kcal/mol        0.3991 kcal/(mol*A)
xmin    70     -532.0629 kcal/mol        0.1248 kcal/(mol*A)
xmin    80     -532.3850 kcal/mol        0.3739 kcal/(mol*A)
xmin    90     -532.7204 kcal/mol        0.1786 kcal/(mol*A)
xmin   100     -532.7922 kcal/mol        0.2706 kcal/(mol*A)
xmin   110     -533.1335 kcal/mol        0.1313 kcal/(mol*A)
xmin   120     -533.1801 kcal/mol        0.0280 kcal/(mol*A)
xmin   130     -533.1830 kcal/mol        0.0066 kcal/(mol*A)
xmin   140     -533.1830 kcal/mol        0.0020 kcal/(mol*A)
xmin   150     -533.1831 kcal/mol        0.0013 kcal/(mol*A)
xmin   160     -533.1831 kcal/mol        0.0017 kcal/(mol*A)
  ... geometry converged !
 
 Final MO eigenvalues (eV):
 -42.3929  -41.3574  -39.6986  -39.0887  -38.1417  -38.0912  -37.5176  -37.3131
 -37.2560  -36.3417  -34.6709  -34.5703  -34.5602  -34.2750  -34.1341  -33.5102
 -31.6677  -30.1590  -29.0331  -26.8413  -24.6844  -24.2091  -23.8634  -22.7675
 -22.4307  -21.5260  -20.5619  -20.0724  -19.7631  -19.5489  -19.2043  -19.0011
 -18.7543  -18.6613  -18.6049  -17.8428  -17.6887  -17.4388  -17.0895  -16.8143
 -16.6911  -16.6083  -16.3049  -16.2672  -16.0689  -15.9640  -15.7121  -15.4507
 -15.3277  -14.9232  -14.7409  -14.6679  -14.4411  -14.2447  -14.1132  -14.0622
 -14.0044  -13.8140  -13.6703  -13.6396  -13.2470  -12.6651  -12.5514  -12.4572
 -12.2785  -12.0550  -11.8799  -11.8292  -11.6072  -11.5801  -11.5195  -11.4499
 -11.3803  -11.3096  -11.1961  -11.0024  -10.5426   -8.6458   -0.3539    0.3690
   0.6390    0.7384    1.1270    1.3220    1.5693    2.1468    2.2156    2.5028
   2.5475    2.6270    2.7118    2.8585    2.9586    3.0389    3.2553    3.3891
   3.4386    3.4594    3.6115    3.6858    3.7471    3.8309    3.8888    3.8972
   4.0534    4.1278    4.3027    4.4033    4.5087    4.5243    4.8095    4.8401
   5.1466    5.2351    5.2954    5.3535    5.4705    5.5939    5.7440    5.7863
   5.9550    6.2207    6.3014    6.4680    6.5122    6.8761    7.1948    7.5491


 Heat of formation   =       -533.18308754 kcal/mol  (      -23.12055364 eV)

 Total SCF energy    =    -143208.11919270 kcal/mol  (    -6209.97004435 eV)
 Electronic energy   =   -1052918.08219234 kcal/mol  (   -45657.95421674 eV)
 Core-core repulsion =     909709.96299963 kcal/mol  (    39447.98417240 eV)
 
    Atomic Charges for Step       1 :
  Atom    Element       Mulliken Charge
     1      N                 -0.991
     2      P                  2.845
     3      O                 -0.834
     4      O                 -1.126
     5      O                 -1.285
     6      P                  2.780
     7      O                 -0.836
     8      O                 -1.105
     9      O                 -0.764
    10      C                 -0.002
    11      C                  0.012
    12      O                 -0.265
    13      C                 -0.026
    14      O                 -0.324
    15      C                 -0.029
    16      O                 -0.308
    17      C                  0.122
    18      N                 -0.176
    19      C                 -0.091
    20      N                 -0.085
    21      C                 -0.243
    22      C                  0.400
    23      O                 -0.328
    24      N                 -0.347
    25      C                  0.243
    26      N                 -0.333
    27      N                 -0.245
    28      C                  0.088
    29      H                  0.310
    30      H                  0.287
    31      H                  0.242
    32      H                  0.246
    33      H                  0.131
    34      H                  0.105
    35      H                  0.143
    36      H                  0.131
    37      H                  0.219
    38      H                  0.148
    39      H                  0.221
    40      H                  0.169
    41      H                  0.215
    42      H                  0.249
    43      H                  0.230
    44      H                  0.208
 Total Mulliken Charge =      -0.000
 
                  X        Y        Z     TOTAL  
  QM DIPOLE     2.342    0.472   -2.240    3.275
 
 Final Structure

  QMMM: QM Region Cartesian Coordinates (*=link atom) 
  QMMM: QM_NO.   MM_NO.  ATOM         X         Y         Z
  QMMM:     1        1      N      100.6228   26.9801   -3.0439
  QMMM:     2        2      P      101.4762   28.2306   -2.6693
  QMMM:     3        3      O      100.6321   29.1384   -1.6657
  QMMM:     4        4      O      102.1490   28.9861   -3.7141
  QMMM:     5        5      O      102.6378   27.7564   -1.5936
  QMMM:     6        6      P      103.8079   27.3368   -0.6121
  QMMM:     7        7      O      104.6521   26.3149   -1.4965
  QMMM:     8        8      O      103.4580   26.7448    0.6607
  QMMM:     9        9      O      104.7041   28.6582   -0.5648
  QMMM:    10       10      C      105.3753   29.0673   -1.7386
  QMMM:    11       11      C      106.6157   29.9058   -1.4059
  QMMM:    12       12      O      106.4946   31.1870   -2.0429
  QMMM:    13       13      C      106.8815   30.1665    0.0886
  QMMM:    14       14      O      108.2336   29.8152    0.3299
  QMMM:    15       15      C      106.6800   31.6883    0.2923
  QMMM:    16       16      O      107.8832   32.3276    0.6414
  QMMM:    17       17      C      106.1673   32.2089   -1.0899
  QMMM:    18       18      N      104.7569   32.5090   -1.0996
  QMMM:    19       19      C      103.7109   31.6950   -0.5876
  QMMM:    20       20      N      102.4861   32.1221   -0.9322
  QMMM:    21       21      C      102.7082   33.2542   -1.7225
  QMMM:    22       22      C      101.7690   34.1298   -2.3906
  QMMM:    23       23      O      100.5309   34.0696   -2.3981
  QMMM:    24       24      N      102.3833   35.1901   -3.1124
  QMMM:    25       25      C      103.7816   35.3401   -3.2020
  QMMM:    26       26      N      104.2696   36.3524   -4.0556
  QMMM:    27       27      N      104.6815   34.5473   -2.5673
  QMMM:    28       28      C      104.1208   33.5028   -1.8588
  QMMM:    29       29      H      100.8940   30.0530   -1.5629
  QMMM:    30       30      H      104.7915   25.4439   -1.1334
  QMMM:    31       31      H       99.9741   26.5466   -2.4389
  QMMM:    32       32      H      100.6683   26.5419   -3.9281
  QMMM:    33       33      H      104.6700   29.6898   -2.3618
  QMMM:    34       34      H      105.6862   28.1519   -2.3130
  QMMM:    35       35      H      107.5205   29.4365   -1.8877
  QMMM:    36       36      H      106.2021   29.5779    0.7578
  QMMM:    37       37      H      108.4083   30.0042    1.2618
  QMMM:    38       38      H      105.9762   31.9168    1.1356
  QMMM:    39       39      H      108.5570   32.0604   -0.0023
  QMMM:    40       40      H      106.7360   33.1246   -1.4315
  QMMM:    41       41      H      103.9396   30.8171    0.0316
  QMMM:    42       42      H      101.7824   35.7771   -3.6496
  QMMM:    43       43      H      105.2553   36.4990   -4.0146
  QMMM:    44       44      H      103.7295   37.1871   -4.0939

           --------- Calculation Completed ----------

