
          -------------------------------------------------------
          GBNSR6 2015                       
          -------------------------------------------------------

| Run on 09/26/2021 at 22:10:59
  [-O]verwriting output

File Assignments:
|  MDIN: ../../../scripts/gbnsr6.in                                            
| MDOUT: lig-gb.out                                                            
|INPCRD: ../top_crd/lig.crd                                                    
|  PARM: ../top_crd/lig.top                                                    
|

 Here is the input file:

compute                                                                        
&cntrl                                                                         
inp=1                                                                          
/                                                                              
&gb                                                                            
epsin=1.0, epsout=80, istrng=0, space=0.5,                                     
arcres=0.2, B=0.028, alpb=1, rbornstat=0, cavity_surften=0.005                 
/                                                                              

--------------------------------------------------------------------------------
   1.  RESOURCE   USE: 
--------------------------------------------------------------------------------

| Flags:                                                                        
| New format PARM file being parsed.
| Version =    1.000 Date = 09/26/21 Time = 22:06:36
 NATOM  =      33 NTYPES =      14 NBONH =      14 MBONA  =      21
 NTHETH =      29 MTHETA =      31 NPHIH =      60 MPHIA  =      67
 NHPARM =       0 NPARM  =       0 NNB   =     176 NRES   =       1
 NBONA  =      21 NTHETA =      31 NPHIA =      67 NUMBND =      18
 NUMANG =      33 NPTRA  =      28 NATYP =      16 NPHB   =       0
 IFBOX  =       0 NMXRS  =      33 IFCAP =       0 NEXTRA =       0
 NCOPY  =       0

GB Warning in  gb_read(): B=0 is recommended for molecules with more than 50 atoms

|     Memory Use     Allocated
|     Real                1268
|     Hollerith            201
|     Integer            19663
|     Max Pairs              1
|     Max Rstack             1
|     Max Istack             1
|       Total               87 kbytes

| Note: 1-4 EEL scale factors are being read from the topology file.

--------------------------------------------------------------------------------
   2.  ATOMIC COORDINATES AND VELOCITIES
--------------------------------------------------------------------------------

default_name                                                                    
 begin time read from input coords =     0.000 ps

 Number of triangulated 3-point waters found:        0

--------------------------------------------------------------------------------
   3.  RESULTS
--------------------------------------------------------------------------------

 Cavity solvation energy      2.3214

 NSTEP =        1   TIME(PS) =       0.000  TEMP(K) =     0.00  PRESS =     0.0
 Etot   =       -95.0195  EKtot   =         0.0000  EPtot      =         0.0000
 BOND   =         0.0000  ANGLE   =         0.0000  DIHED      =         0.0000
 1-4 NB =         0.0000  1-4 EEL =       -43.8780  VDWAALS    =         0.0000
 EELEC  =       -15.0275  EGB     =       -38.4353  RESTRAINT  =         0.0000
 ESURF  =         2.3214
 ------------------------------------------------------------------------------



  Maximum number of minimization cycles reached.


                    FINAL RESULTS


 NSTEP =        1   TIME(PS) =       0.000  TEMP(K) =     0.00  PRESS =     0.0
 Etot   =       -95.0195  EKtot   =         0.0000  EPtot      =         0.0000
 BOND   =         0.0000  ANGLE   =         0.0000  DIHED      =         0.0000
 1-4 NB =         0.0000  1-4 EEL =       -43.8780  VDWAALS    =         0.0000
 EELEC  =       -15.0275  EGB     =       -38.4353  RESTRAINT  =         0.0000
 ESURF  =         2.3214
 ------------------------------------------------------------------------------

|           Job began  at 22:10:59.036  on 09/26/2021
|           Setup done at 22:10:59.061  on 09/26/2021
|           Run   done at 22:10:59.074  on 09/26/2021
|     wallclock() was called      72 times
