
          -------------------------------------------------------
          PBSA VERSION 2019                       UC Irvine
          -------------------------------------------------------

| Run on 09/29/2021 at 22:28:48

File Assignments:
|  MDIN: ../../../scripts/pbsa.in                                              
| MDOUT: complex-pb.out                                                        
|INPCRD: complex.crd                                                           
|  PARM: complex.prmtop                                                        
|

 Here is the input file:

Sample single point PB calculation                                             
&cntrl                                                                         
ipb=1, inp=1                                                                   
/                                                                              
&pb                                                                            
npbverb=1, fillratio=1.5, saopt=1, radiopt=0, epsin=1.0, epsout=80             
/                                                                              
 PBSA Warning in pb_read(): sprob=0.557 is optimized for inp=2 and  should not be used with inp=1. It has been reset to 1.4.
 PBSA Warning in pb_read(): cavity_surften=0.0378 is optimized for inp=2  and should not be used with inp=1. It has been reset to 0.005000.
 PBSA Warning in pb_read(): cavity_offset=-0.5692 is optimized for inp=2  and should not be used with inp=1. It has been reset to 0.000.

--------------------------------------------------------------------------------
   1.  RESOURCE   USE: 
--------------------------------------------------------------------------------

| Flags:                                                                        
| New format PARM file being parsed.
| Version =    1.000 Date = 09/29/21 Time = 22:19:39
 NATOM  =     201 NTYPES =       7 NBONH =      65 MBONA  =     155
 NTHETH =     148 MTHETA =     231 NPHIH =     343 MPHIA  =     362
 NHPARM =       0 NPARM  =       0 NNB   =    1185 NRES   =       2
 NBONA  =     155 NTHETA =     231 NPHIA =     362 NUMBND =      14
 NUMANG =      28 NPTRA  =      15 NATYP =      14 NPHB   =       0
 IFBOX  =       1 NMXRS  =     184 IFCAP =       0 NEXTRA =       0
 NCOPY  =       0


|     Memory Use     Allocated
|     Real                7535
|     Hollerith            607
|     Integer            28929
|     Max Pairs              1
|     Max Rstack             1
|     Max Istack             1
|       Total              174 kbytes

     BOX TYPE: RECTILINEAR

--------------------------------------------------------------------------------
   2.  CONTROL  DATA  FOR  THE  RUN
--------------------------------------------------------------------------------

HST1                                                                            

General flags:
     imin    =       1, nmropt  =       0

Nature and format of input:
     ntx     =       1, irest   =       0, ntrx    =       1

Nature and format of output:
     ntxo    =       1, ntpr    =      50, ntrx    =       1, ntwr    =     500
     iwrap   =       0, ntwx    =       0, ntwv    =       0, ntwe    =       0
     ioutfm  =       0, ntwprt  =       0, idecomp =       0, rbornstat=      0

Potential function:
     ntf     =       1, ntb     =       1, ipb     =       1, nsnb    =      25
     ipol    =       0, gbsa    =       0, iesp    =       0
     dielc   =   1.00000, cut     =   8.00000, intdiel =   1.00000

Frozen or restrained atoms:
     ibelly  =       0, ntr     =       0

Energy minimization:
     maxcyc  =       1, ncyc    =      10, ntmin   =       1
     dx0     =   0.01000, drms    =   0.00010

======== Implicit Solvent Initialization ========

     Max Nonbonded Pairs:    20201    20201

 no. of atoms processed in PB initialization:   201
  NUM  RESI  NAME  TYPE    CHARGE ATM CRG/H   GRP CRG   PB RADI   NP RADI
    1  HST   C1    ca   -0.079381 -0.079381  0.185854  1.700000  1.699835
    2  HST   C2    ca    0.094407  0.094407 -0.330265  1.700000  1.699835
    3  HST   C3    ca   -0.086793  0.084414 -0.073460  1.700000  1.699835
    4  HST   C4    ca    0.094407  0.094407 -0.331153  1.700000  1.699835
    5  HST   C5    ca   -0.145993  0.008714  0.197528  1.700000  1.699835
    6  HST   C6    ca   -0.078493 -0.078493  0.186742  1.700000  1.699835
    7  HST   O1    os   -0.354893 -0.354893  0.193228  1.500000  1.500006
    8  HST   C7    c3    0.028407  0.086414 -0.013051  1.700000  1.699835
    9  HST   C8    c3    0.385107  0.453714 -0.333565  1.700000  1.699835
   10  HST   O2    os   -0.354893 -0.354893  0.193228  1.500000  1.500006
   11  HST   C9    ca    0.094407  0.094407 -0.330265  1.700000  1.699835
   12  HST   C10   ca   -0.078493 -0.078493  0.186742  1.700000  1.699835
   13  HST   C11   ca   -0.086793  0.084414 -0.072572  1.700000  1.699835
   14  HST   C12   ca   -0.145993  0.008714  0.197528  1.700000  1.699835
   15  HST   C13   ca   -0.078493 -0.078493  0.186742  1.700000  1.699835
   16  HST   C14   ca    0.094407  0.094407 -0.330265  1.700000  1.699835
   17  HST   O3    os   -0.354893 -0.354893  0.193228  1.500000  1.500006
   18  HST   C15   c3    0.028407  0.086414 -0.013051  1.700000  1.699835
   19  HST   C16   ca   -0.078493 -0.078493  0.186742  1.700000  1.699835
   20  HST   C17   ca    0.094407  0.094407 -0.330265  1.700000  1.699835
   21  HST   C18   c3    0.385107  0.453714 -0.333565  1.700000  1.699835
   22  HST   O4    os   -0.354893 -0.354893  0.193228  1.500000  1.500006
   23  HST   O5    os   -0.354893 -0.354893  0.193228  1.500000  1.500006
   24  HST   C19   c3    0.028407  0.086414 -0.013939  1.700000  1.699835
   25  HST   C20   ca   -0.078493 -0.078493  0.186742  1.700000  1.699835
   26  HST   O6    os   -0.354893 -0.354893  0.193228  1.500000  1.500006
   27  HST   C21   ca    0.094407  0.094407 -0.330265  1.700000  1.699835
   28  HST   C22   ca   -0.145993  0.008714  0.197528  1.700000  1.699835
   29  HST   C23   ca    0.094407  0.094407 -0.330265  1.700000  1.699835
   30  HST   C24   ca   -0.145993  0.008714  0.197528  1.700000  1.699835
   31  HST   C25   ca    0.094407  0.094407 -0.330265  1.700000  1.699835
   32  HST   O7    os   -0.354893 -0.354893  0.193228  1.500000  1.500006
   33  HST   O8    os   -0.354893 -0.354893  0.193228  1.500000  1.500006
   34  HST   C26   c3    0.385107  0.453714 -0.333565  1.700000  1.699835
   35  HST   C27   ca   -0.086793  0.084414 -0.072572  1.700000  1.699835
   36  HST   C28   ca   -0.078493 -0.078493  0.186742  1.700000  1.699835
   37  HST   C29   ca   -0.086793  0.084414 -0.072572  1.700000  1.699835
   38  HST   C30   c3    0.028407  0.086414 -0.013051  1.700000  1.699835
   39  HST   C31   ca   -0.078493 -0.078493  0.186742  1.700000  1.699835
   40  HST   C32   c3    0.385107  0.453714 -0.333565  1.700000  1.699835
   41  HST   C33   c3   -0.059693  0.057521 -0.005344  1.700000  1.699835
   42  HST   C34   c3   -0.187693 -0.149279  0.815049  1.700000  1.699835
   43  HST   C35   c     0.906807  0.906807 -0.973858  1.700000  1.699835
   44  HST   O9    o    -0.865693 -0.865693  0.041114  1.500000  1.479961
   45  HST   C36   c3   -0.059693  0.057521 -0.005344  1.700000  1.699835
   46  HST   C37   c3   -0.187693 -0.149279  0.815049  1.700000  1.699835
   47  HST   C38   c     0.906807  0.906807 -0.973858  1.700000  1.699835
   48  HST   O10   o    -0.865693 -0.865693  0.041114  1.500000  1.479961
   49  HST   C39   c3   -0.059693  0.057521 -0.005344  1.700000  1.699835
   50  HST   C40   c3   -0.187693 -0.149279  0.815049  1.700000  1.699835
   51  HST   C41   c     0.906807  0.906807 -0.973858  1.700000  1.699835
   52  HST   O11   o    -0.865693 -0.865693  0.041114  1.500000  1.479961
   53  HST   C42   c3   -0.059693  0.057521 -0.005344  1.700000  1.699835
   54  HST   C43   c3   -0.187693 -0.149279  0.815049  1.700000  1.699835
   55  HST   C44   c     0.906807  0.906807 -0.973858  1.700000  1.699835
   56  HST   O12   o    -0.865693 -0.865693  0.041114  1.500000  1.479961
   57  HST   C45   ca   -0.077493 -0.077493  0.419849  1.700000  1.699835
   58  HST   C46   ca   -0.142593  0.017314  0.234928  1.700000  1.699835
   59  HST   C47   ca   -0.129193  0.021814  0.053128  1.700000  1.699835
   60  HST   C48   ca   -0.129193  0.021814  0.053128  1.700000  1.699835
   61  HST   C49   ca    0.108807  0.108807 -0.152958  1.700000  1.699835
   62  HST   C50   ca    0.108807  0.108807 -0.152958  1.700000  1.699835
   63  HST   C51   ca   -0.077493 -0.077493  0.419849  1.700000  1.699835
   64  HST   C52   ca   -0.142593  0.017314  0.234928  1.700000  1.699835
   65  HST   C53   ca   -0.129193  0.021814  0.053128  1.700000  1.699835
   66  HST   C54   ca   -0.129193  0.021814  0.053128  1.700000  1.699835
   67  HST   C55   ca    0.108807  0.108807 -0.152958  1.700000  1.699835
   68  HST   C56   ca    0.108807  0.108807 -0.152958  1.700000  1.699835
   69  HST   C57   ca   -0.077493 -0.077493  0.419849  1.700000  1.699835
   70  HST   C58   ca   -0.142593  0.017314  0.234928  1.700000  1.699835
   71  HST   C59   ca   -0.129193  0.021814  0.053128  1.700000  1.699835
   72  HST   C60   ca   -0.129193  0.021814  0.053128  1.700000  1.699835
   73  HST   C61   ca    0.108807  0.108807 -0.152958  1.700000  1.699835
   74  HST   C62   ca    0.108807  0.108807 -0.152958  1.700000  1.699835
   75  HST   C63   ca   -0.077493 -0.077493  0.419849  1.700000  1.699835
   76  HST   C64   ca   -0.142593  0.017314  0.234928  1.700000  1.699835
   77  HST   C65   ca   -0.129193  0.021814  0.053128  1.700000  1.699835
   78  HST   C66   ca   -0.129193  0.021814  0.053128  1.700000  1.699835
   79  HST   C67   ca    0.108807  0.108807 -0.152958  1.700000  1.699835
   80  HST   C68   ca    0.108807  0.108807 -0.152958  1.700000  1.699835
   81  HST   O13   os   -0.300893 -0.300893 -0.126379  1.500000  1.500006
   82  HST   O14   os   -0.300893 -0.300893 -0.126379  1.500000  1.500006
   83  HST   O15   os   -0.300893 -0.300893 -0.126379  1.500000  1.500006
   84  HST   O16   os   -0.300893 -0.300893 -0.126379  1.500000  1.500006
   85  HST   O17   os   -0.300893 -0.300893 -0.126379  1.500000  1.500006
   86  HST   O18   os   -0.300893 -0.300893 -0.126379  1.500000  1.500006
   87  HST   O19   os   -0.300893 -0.300893 -0.126379  1.500000  1.500006
   88  HST   C69   ca    0.065707  0.065707 -0.224758  1.700000  1.699835
   89  HST   C70   ca   -0.108993  0.056514  0.036628  1.700000  1.699835
   90  HST   C71   ca   -0.176193 -0.046086  0.085328  1.700000  1.699835
   91  HST   C72   ca   -0.108993  0.056514  0.036628  1.700000  1.699835
   92  HST   C73   ca   -0.085593 -0.085593  0.947242  1.700000  1.699835
   93  HST   C74   ca    0.065707  0.065707 -0.224758  1.700000  1.699835
   94  HST   O20   os   -0.300893 -0.300893 -0.126379  1.500000  1.500006
   95  HST   C75   ca    0.065707  0.065707 -0.224758  1.700000  1.699835
   96  HST   C76   ca   -0.108993  0.056514  0.036628  1.700000  1.699835
   97  HST   C77   ca   -0.108993  0.056514  0.036628  1.700000  1.699835
   98  HST   C78   ca   -0.176193 -0.046086  0.085328  1.700000  1.699835
   99  HST   C79   ca    0.065707  0.065707 -0.224758  1.700000  1.699835
  100  HST   C80   ca   -0.085593 -0.085593  0.947242  1.700000  1.699835
  101  HST   C81   ca    0.065707  0.065707 -0.224758  1.700000  1.699835
  102  HST   C82   ca   -0.108993  0.056514  0.036628  1.700000  1.699835
  103  HST   C83   ca   -0.108993  0.056514  0.036628  1.700000  1.699835
  104  HST   C84   ca   -0.176193 -0.046086  0.085328  1.700000  1.699835
  105  HST   C85   ca    0.065707  0.065707 -0.224758  1.700000  1.699835
  106  HST   C86   ca   -0.085593 -0.085593  0.947242  1.700000  1.699835
  107  HST   C87   c     0.919807  0.919807 -0.836372  1.700000  1.699835
  108  HST   O21   o    -0.835293 -0.835293  0.084514  1.500000  1.479961
  109  HST   C88   c     0.919807  0.919807 -0.836372  1.700000  1.699835
  110  HST   O22   o    -0.835293 -0.835293  0.084514  1.500000  1.479961
  111  HST   C89   c     0.919807  0.919807 -0.836372  1.700000  1.699835
  112  HST   O23   o    -0.835293 -0.835293  0.084514  1.500000  1.479961
  113  HST   O24   o    -0.865693 -0.865693  0.041114  1.500000  1.479961
  114  HST   O25   o    -0.865693 -0.865693  0.041114  1.500000  1.479961
  115  HST   O26   o    -0.865693 -0.865693  0.041114  1.500000  1.479961
  116  HST   C90   c     0.919807  0.919807 -0.836372  1.700000  1.699835
  117  HST   O27   o    -0.835293 -0.835293  0.084514  1.500000  1.479961
  118  HST   O28   o    -0.835293 -0.835293  0.084514  1.500000  1.479961
  119  HST   O29   o    -0.835293 -0.835293  0.084514  1.500000  1.479961
  120  HST   O30   o    -0.835293 -0.835293  0.084514  1.500000  1.479961
  121  HST   O31   o    -0.835293 -0.835293  0.084514  1.500000  1.479961
  122  HST   O32   o    -0.865693 -0.865693  0.041114  1.500000  1.479961
  123  HST   C91   ca    0.065707  0.065707 -0.224758  1.700000  1.699835
  124  HST   C92   ca   -0.108993  0.056514  0.036628  1.700000  1.699835
  125  HST   C93   ca   -0.176193 -0.046086  0.085328  1.700000  1.699835
  126  HST   C94   ca   -0.108993  0.056514  0.036628  1.700000  1.699835
  127  HST   C95   ca   -0.085593 -0.085593  0.947242  1.700000  1.699835
  128  HST   C96   ca    0.065707  0.065707 -0.224758  1.700000  1.699835
  129  HST   H1    ha    0.171207  0.171207  0.171207  1.300000  1.299821
  130  HST   H2    ha    0.154707  0.154707  0.154707  1.300000  1.299821
  131  HST   H3    hc    0.058007  0.058007  0.058007  1.300000  1.324766
  132  HST   H4    h2    0.068607  0.068607  0.068607  1.300000  1.146587
  133  HST   H5    ha    0.171207  0.171207  0.171207  1.300000  1.299821
  134  HST   H6    ha    0.154707  0.154707  0.154707  1.300000  1.299821
  135  HST   H7    hc    0.058007  0.058007  0.058007  1.300000  1.324766
  136  HST   H8    h2    0.068607  0.068607  0.068607  1.300000  1.146587
  137  HST   H9    hc    0.058007  0.058007  0.058007  1.300000  1.324766
  138  HST   H10   ha    0.154707  0.154707  0.154707  1.300000  1.299821
  139  HST   H11   ha    0.154707  0.154707  0.154707  1.300000  1.299821
  140  HST   H12   h2    0.068607  0.068607  0.068607  1.300000  1.146587
  141  HST   H13   ha    0.171207  0.171207  0.171207  1.300000  1.299821
  142  HST   H14   ha    0.171207  0.171207  0.171207  1.300000  1.299821
  143  HST   H15   hc    0.058007  0.058007  0.058007  1.300000  1.324766
  144  HST   H16   h2    0.068607  0.068607  0.068607  1.300000  1.146587
  145  HST   H17   hc    0.058607  0.058607  0.058607  1.300000  1.324766
  146  HST   H18   hc    0.058607  0.058607  0.058607  1.300000  1.324766
  147  HST   H19   hc    0.019207  0.019207  0.019207  1.300000  1.324766
  148  HST   H20   hc    0.019207  0.019207  0.019207  1.300000  1.324766
  149  HST   H21   hc    0.058607  0.058607  0.058607  1.300000  1.324766
  150  HST   H22   hc    0.058607  0.058607  0.058607  1.300000  1.324766
  151  HST   H23   hc    0.019207  0.019207  0.019207  1.300000  1.324766
  152  HST   H24   hc    0.019207  0.019207  0.019207  1.300000  1.324766
  153  HST   H25   hc    0.058607  0.058607  0.058607  1.300000  1.324766
  154  HST   H26   hc    0.058607  0.058607  0.058607  1.300000  1.324766
  155  HST   H27   hc    0.019207  0.019207  0.019207  1.300000  1.324766
  156  HST   H28   hc    0.019207  0.019207  0.019207  1.300000  1.324766
  157  HST   H29   hc    0.058607  0.058607  0.058607  1.300000  1.324766
  158  HST   H30   hc    0.058607  0.058607  0.058607  1.300000  1.324766
  159  HST   H31   hc    0.019207  0.019207  0.019207  1.300000  1.324766
  160  HST   H32   hc    0.019207  0.019207  0.019207  1.300000  1.324766
  161  HST   H33   ha    0.159907  0.159907  0.159907  1.300000  1.299821
  162  HST   H34   ha    0.151007  0.151007  0.151007  1.300000  1.299821
  163  HST   H35   ha    0.151007  0.151007  0.151007  1.300000  1.299821
  164  HST   H36   ha    0.159907  0.159907  0.159907  1.300000  1.299821
  165  HST   H37   ha    0.151007  0.151007  0.151007  1.300000  1.299821
  166  HST   H38   ha    0.151007  0.151007  0.151007  1.300000  1.299821
  167  HST   H39   ha    0.159907  0.159907  0.159907  1.300000  1.299821
  168  HST   H40   ha    0.151007  0.151007  0.151007  1.300000  1.299821
  169  HST   H41   ha    0.151007  0.151007  0.151007  1.300000  1.299821
  170  HST   H42   ha    0.159907  0.159907  0.159907  1.300000  1.299821
  171  HST   H43   ha    0.151007  0.151007  0.151007  1.300000  1.299821
  172  HST   H44   ha    0.151007  0.151007  0.151007  1.300000  1.299821
  173  HST   H45   ha    0.165507  0.165507  0.165507  1.300000  1.299821
  174  HST   H46   ha    0.130107  0.130107  0.130107  1.300000  1.299821
  175  HST   H47   ha    0.165507  0.165507  0.165507  1.300000  1.299821
  176  HST   H48   ha    0.165507  0.165507  0.165507  1.300000  1.299821
  177  HST   H49   ha    0.165507  0.165507  0.165507  1.300000  1.299821
  178  HST   H50   ha    0.130107  0.130107  0.130107  1.300000  1.299821
  179  HST   H51   ha    0.165507  0.165507  0.165507  1.300000  1.299821
  180  HST   H52   ha    0.165507  0.165507  0.165507  1.300000  1.299821
  181  HST   H53   ha    0.130107  0.130107  0.130107  1.300000  1.299821
  182  HST   H54   ha    0.165507  0.165507  0.165507  1.300000  1.299821
  183  HST   H55   ha    0.130107  0.130107  0.130107  1.300000  1.299821
  184  HST   H56   ha    0.165507  0.165507  0.165507  1.300000  1.299821
  185  GST   C1    c2   -0.256996 -0.059584 -0.080872  1.700000  1.699835
  186  GST   C2    c2   -0.131094 -0.021288 -0.051054  1.700000  1.699835
  187  GST   C3    c     0.908306  0.908306 -0.953264  1.700000  1.699835
  188  GST   C4    c3   -0.061794  0.029818  0.012848  1.700000  1.699835
  189  GST   C5    c3   -0.195794 -0.153582  0.759042  1.700000  1.699835
  190  GST   C6    c3   -0.047094  0.004318 -0.119446  1.700000  1.699835
  191  GST   O1    o    -0.853994 -0.853994  0.054312  1.500000  1.479961
  192  GST   O2    o    -0.853994 -0.853994  0.054312  1.500000  1.479961
  193  GST   H1    ha    0.098706  0.098706  0.098706  1.300000  1.299821
  194  GST   H2    ha    0.098706  0.098706  0.098706  1.300000  1.299821
  195  GST   H3    ha    0.109806  0.109806  0.109806  1.300000  1.299821
  196  GST   H4    hc    0.045806  0.045806  0.045806  1.300000  1.324766
  197  GST   H5    hc    0.045806  0.045806  0.045806  1.300000  1.324766
  198  GST   H6    hc    0.021106  0.021106  0.021106  1.300000  1.324766
  199  GST   H7    hc    0.021106  0.021106  0.021106  1.300000  1.324766
  200  GST   H8    hc    0.025706  0.025706  0.025706  1.300000  1.324766
  201  GST   H9    hc    0.025706  0.025706  0.025706  1.300000  1.324766

 total system charges (+/-) for PB       -9.0000       18.6374      -27.6374
 cavity_surften =        0.0050 cavity_offset =        0.0000

   SAS Surface: surface dots generated:    366

--------------------------------------------------------------------------------
   3.  ATOMIC COORDINATES AND VELOCITIES
--------------------------------------------------------------------------------

Cpptraj Generated Restart                                                       
 begin time read from input coords =     0.000 ps

 Number of triangulated 3-point waters found:        0

--------------------------------------------------------------------------------
   4.  RESULTS
--------------------------------------------------------------------------------

  NB-update: atom-based nb list    11223


======== Setting up Grid Parameters ========
Using bounding box for grid setup
 Bounding Box at level:           2
 Bounding Box Center:      24.000    24.000    24.000
 Xmin, Xmax, Xmax-Xmin:    13.603    34.309    20.706
 Ymin, Ymax, Ymax-Ymin:    13.705    34.544    20.839
 Zmin, Zmax, Zmax-Zmin:    15.656    32.561    16.905
 Grid dimension at level     2    59   61   53
 Grid origin corrected at level     2      9.000     8.500    10.500
 Bounding Box at level:           1
 Bounding Box Center:      24.000    24.000    24.000
 Xmin, Xmax, Xmax-Xmin:    13.603    34.309    20.706
 Ymin, Ymax, Ymax-Ymin:    13.705    34.544    20.839
 Zmin, Zmax, Zmax-Zmin:    15.656    32.561    16.905
PB Warn in setgrd(): focusing grid too large    2
 fillratio is automatically increased to 2.500
 Grid dimension at level     1    15   15   13
 Grid origin corrected at level     1     -8.000    -8.000    -4.000
------- VMD goodie --------
#First Level Geometric Box
draw materials off
draw color green
draw line "   -8.000   -8.000   -4.000" "   52.000   -8.000   -4.000"
draw line "   -8.000   -8.000   -4.000" "   -8.000   52.000   -4.000"
draw line "   -8.000   -8.000   -4.000" "   -8.000   -8.000   48.000"
draw line "   52.000   -8.000   -4.000" "   52.000   52.000   -4.000"
draw line "   52.000   -8.000   -4.000" "   52.000   -8.000   48.000"
draw line "   -8.000   52.000   -4.000" "   52.000   52.000   -4.000"
draw line "   -8.000   52.000   -4.000" "   -8.000   52.000   48.000"
draw line "   -8.000   -8.000   48.000" "   52.000   -8.000   48.000"
draw line "   -8.000   -8.000   48.000" "   -8.000   52.000   48.000"
draw line "   52.000   52.000   48.000" "   52.000   52.000   -4.000"
draw line "   52.000   52.000   48.000" "   -8.000   52.000   48.000"
draw line "   52.000   52.000   48.000" "   52.000   -8.000   48.000"
#2nd Level Geometric Box
draw color blue
draw line "    9.000    8.500   10.500" "   39.000    8.500   10.500"
draw line "    9.000    8.500   10.500" "    9.000   39.500   10.500"
draw line "    9.000    8.500   10.500" "    9.000    8.500   37.500"
draw line "   39.000    8.500   10.500" "   39.000   39.500   10.500"
draw line "   39.000    8.500   10.500" "   39.000    8.500   37.500"
draw line "    9.000   39.500   10.500" "   39.000   39.500   10.500"
draw line "    9.000   39.500   10.500" "    9.000   39.500   37.500"
draw line "    9.000    8.500   37.500" "   39.000    8.500   37.500"
draw line "    9.000    8.500   37.500" "    9.000   39.500   37.500"
draw line "   39.000   39.500   37.500" "   39.000   39.500   10.500"
draw line "   39.000   39.500   37.500" "    9.000   39.500   37.500"
draw line "   39.000   39.500   37.500" "   39.000    8.500   37.500"
--- End VMD goodie --------

======== Setting up Solvent Accessibility Data ========
Setting up working radii
Number of SA srf points exposed  5705
 Number of SA arcs generated  4688
 Number of SA arc points exposed        3864 Number of trimer arc points exposed         386
 with resolution (A) = .250000E+00

Atomic solvent accessible surface area:
           1    1.3198122579671
           2    4.9492959673767
           3    0.9898591934753
           4    5.9391551608520
           5    6.5990612898356
           6    0.0000000000000
           7    5.7750369872547
           8    0.0000000000000
           9    0.0000000000000
          10    4.0425258910783
          11    1.6497653224589
          12    0.0000000000000
          13    0.0000000000000
          14    6.5990612898356
          15    0.3299530644918
          16    4.2893898383931
          17    9.5288110289702
          18    0.0000000000000
          19    0.0000000000000
          20    3.2995306449178
          21    0.0000000000000
          22    9.2400591796075
          23    9.8175628783330
          24    0.0000000000000
          25    0.0000000000000
          26    3.1762703429901
          27    0.6599061289836
          28    6.2691082253438
          29    4.6193429028849
          30    3.6294837094096
          31    3.2995306449178
          32    8.0850517821566
          33    8.6625554808820
          34    0.0000000000000
          35    0.0000000000000
          36    0.3299530644918
          37    0.0000000000000
          38    0.0000000000000
          39    0.0000000000000
          40    0.0000000000000
          41    0.0000000000000
          42    0.0000000000000
          43    3.6294837094096
          44   29.7414404843616
          45    0.0000000000000
          46    1.3198122579671
          47    4.6193429028849
          48   43.6015292537728
          49    0.0000000000000
          50    0.9898591934753
          51    5.9391551608520
          52   41.0027626095082
          53    0.0000000000000
          54    0.3299530644918
          55    4.6193429028849
          56   26.5651701413715
          57    2.6396245159342
          58    8.2488266122945
          59    5.2792490318685
          60    2.6396245159342
          61    3.2995306449178
          62    3.6294837094096
          63    3.2995306449178
          64    6.2691082253438
          65    3.6294837094096
          66    2.3096714514425
          67    1.6497653224589
          68    2.9695775804260
          69    2.3096714514425
          70    7.2589674188192
          71    5.2792490318685
          72    1.9797183869507
          73    1.3198122579671
          74    3.2995306449178
          75    3.6294837094096
          76    6.5990612898356
          77    3.9594367739014
          78    2.9695775804260
          79    0.9898591934753
          80    1.6497653224589
          81   10.6838184264212
          82   11.2613221251466
          83    9.8175628783330
          84   12.7050813719603
          85    9.2400591796075
          86   10.3950665770584
          87    8.9513073302448
          88    4.6193429028849
          89    5.2792490318685
          90    5.6092020963603
          91    4.2893898383931
          92    2.6396245159342
          93    3.6294837094096
          94    9.8175628783330
          95    4.9492959673767
          96    5.9391551608520
          97    5.9391551608520
          98    5.9391551608520
          99    3.2995306449178
         100    2.9695775804260
         101    4.2893898383931
         102    5.2792490318685
         103    4.9492959673767
         104    5.6092020963603
         105    2.3096714514425
         106    3.6294837094096
         107    7.5889204833109
         108   41.5802663082337
         109   11.8783103217041
         110   39.5590033626946
         111    9.5686388702616
         112   40.1365070614200
         113   43.8902811031356
         114   44.7565366512238
         115   31.1851997311753
         116    7.2589674188192
         117   36.6714848690672
         118   41.5802663082337
         119   39.8477552120573
         120   41.0027626095082
         121   41.8690181575964
         122   34.9389737728908
         123    4.6193429028849
         124    5.6092020963603
         125    5.9391551608520
         126    8.9087327412781
         127    6.2691082253438
         128    2.6396245159342
         129    0.0000000000000
         130    0.7508921457269
         131    0.0000000000000
         132    0.0000000000000
         133    0.0000000000000
         134    3.2538659648164
         135    6.7580293115418
         136    0.0000000000000
         137    1.2514869095448
         138    2.0023790552717
         139    0.0000000000000
         140    0.0000000000000
         141    0.0000000000000
         142    0.0000000000000
         143    8.0095162210866
         144    0.0000000000000
         145    0.7508921457269
         146   13.2657612411747
         147   21.5255748441703
         148    5.2562450200881
         149   12.2645717135389
         150    7.2586240753598
         151   14.0166533869016
         152   21.5255748441703
         153   15.0178429145374
         154    7.7592188391777
         155   22.5267643718062
         156    8.0095162210866
         157   13.2657612411747
         158    1.0011895276358
         159    8.0095162210866
         160   19.0226010250808
         161   26.0309277185316
         162    2.7532712009985
         163    1.2514869095448
         164   25.7806303366226
         165    0.0000000000000
         166    0.0000000000000
         167   25.2800355728047
         168    1.7520816733627
         169    0.0000000000000
         170   26.0309277185316
         171    1.2514869095448
         172    0.5005947638179
         173   14.2669507688106
         174   12.2645717135389
         175   18.7723036431718
         176   15.2681402964464
         177   18.7723036431718
         178    9.5113005125404
         179   17.2705193517181
         180   21.0249800803524
         181    8.2598136029956
         182   15.2681402964464
         183    7.0083266934508
         184   19.7734931708076
         185    0.0000000000000
         186    0.0000000000000
         187    0.3299530644918
         188    0.0000000000000
         189    0.0000000000000
         190    0.3299530644918
         191    0.0000000000000
         192   15.0150961668622
         193    0.0000000000000
         194    0.0000000000000
         195    0.0000000000000
         196    0.0000000000000
         197    0.0000000000000
         198    0.0000000000000
         199    4.2550554924523
         200   12.7651664773568
         201    0.0000000000000

 ======== FDPB Summary ========

 Do FDPB every           1 steps
 Nonbonded Update
   residue cutoff is set to   99.9000000000000
   fdpb cutoff is set to    5.0000000000000
   sas cutoff is set to    9.0000000000000
   nonbonded cutoff is set to    0.0000000000000
 Grid Constants
   Grid dimension      15      15      13
   Grid spacing set to     4.000
   Grid boundary
        -8.000    56.000
        -8.000    56.000
        -4.000    52.000

 Dielectric Map
   Use cavity radii in the prmtop file

   Use probe-based SES definition
     Compute SAS/SAR every           1 steps
     Solvent probe radius   1.40000000000000
     Surface dots per atom     366
     Buried atom radii increment   0.79800000000000
     Threshhold for exposed atom   0.08000000000000
     Current SAS1607.19382358335588

 Boundary conditions
   sum of grid charges as independent DH spheres

 Physical constants
   Solute dielectric constant  :   1.00000000000000
   Solvent dielectric constant :   80.0000000000000
   Temperature (K)             :   300.000000000000
   Ionic strength (mM)         :   0.00000000000000
   Debye-Huckel parameter (1/A):   0.00000000000000

FD Solver Option
   Use Modified ICCG solver

 Iteration data
   Maximum iterations  :         100
   Convergence criteria:  1.000000000000000E-03
   Iterations required        :     8
   Norm of the constant vector:      4969.9069347622
   Norm of the residual vector:      1.6885981188147
   Convergence achieved       :  3.3976453502655105E-04

 Total molecular surface   1115.9009

 ======== FDPB Summary ========

 Do FDPB every           1 steps
 Nonbonded Update
   residue cutoff is set to   99.9000000000000
   fdpb cutoff is set to    5.0000000000000
   sas cutoff is set to    9.0000000000000
   nonbonded cutoff is set to    0.0000000000000
 Grid Constants
   Grid dimension      59      61      53
   Grid spacing set to     0.500
   Grid boundary
         9.000    39.000
         8.500    39.500
        10.500    37.500

 Dielectric Map
   Use cavity radii in the prmtop file

   Use probe-based SES definition
     Compute SAS/SAR every           1 steps
     Solvent probe radius   1.40000000000000
     Surface dots per atom     366
     Buried atom radii increment   0.79800000000000
     Threshhold for exposed atom   0.08000000000000
     Current SAS1607.19382358335588

 Boundary conditions
   sum of grid charges as independent DH spheres

 Physical constants
   Solute dielectric constant  :   1.00000000000000
   Solvent dielectric constant :   80.0000000000000
   Temperature (K)             :   300.000000000000
   Ionic strength (mM)         :   0.00000000000000
   Debye-Huckel parameter (1/A):   0.00000000000000

FD Solver Option
   Use Modified ICCG solver

 Iteration data
   Maximum iterations  :         100
   Convergence criteria:  1.000000000000000E-03
   Iterations required        :    22
   Norm of the constant vector:    307422.7012190181
   Norm of the residual vector:    224.2968536564287
   Convergence achieved       :  7.2960406881804145E-04

 Total surface charge       8.8882
 Reaction field energy  -1714.6011
 Nonpolar SAS/SAV   1607.1938      0.0000
 Cavity solvation energy      8.0360

 NSTEP =        1   TIME(PS) =       0.000  TEMP(K) =     0.00  PRESS =     0.0
 Etot   =      -962.8553  EKtot   =         0.0000  EPtot      =         0.0000
 BOND   =         0.0000  ANGLE   =         0.0000  DIHED      =         0.0000
 1-4 NB =         0.0000  1-4 EEL =         0.0000  VDWAALS    =       -54.1113
 EELEC  =       797.8211  EPB     =     -1714.6011  RESTRAINT  =         0.0000
 ECAVITY=         8.0360  EDISPER =         0.0000
 ------------------------------------------------------------------------------



  Maximum number of minimization cycles reached.


                    FINAL RESULTS


 NSTEP =        1   TIME(PS) =       0.000  TEMP(K) =     0.00  PRESS =     0.0
 Etot   =      -962.8553  EKtot   =         0.0000  EPtot      =         0.0000
 BOND   =         0.0000  ANGLE   =         0.0000  DIHED      =         0.0000
 1-4 NB =         0.0000  1-4 EEL =         0.0000  VDWAALS    =       -54.1113
 EELEC  =       797.8211  EPB     =     -1714.6011  RESTRAINT  =         0.0000
 ECAVITY=         8.0360  EDISPER =         0.0000
 ------------------------------------------------------------------------------


--------------------------------------------------------------------------------
   5.  TIMINGS
--------------------------------------------------------------------------------

| Total time                     0.24
| Read prm/crd time              0.01
| Force time                     0.24
| Nonbond force                  0.24
| PB Nonbond                     0.24
| PB NB list                     0.00
| PB FD grid                     0.00
| PB Sasa                        0.03
| PB FD force                    0.24
| PB Set linear sys              0.08
| PB Solver                      0.15
| PB SA srf                      0.00
| PB SA arc                      0.03
| PB SA arc setup                0.00
| PB circle                      0.02
| PB exclude                     0.01
| PB exmol                       0.08
| PB exmol setup                 0.01
| PB exmol part a                0.00
| PB exmol part b                0.01
| PB exmol part c                0.00
| PB exmol part d                0.00
| PB exmol part e                0.00
| PB exmol part f                0.02
| PB epsbnd                      0.00
| PB epsmap                      0.00
|           Job began  at 22:28:48.882  on 09/29/2021
|           Setup done at 22:28:48.888  on 09/29/2021
|           Run   done at 22:28:49.127  on 09/29/2021
|     wallclock() was called     110 times
