
          -------------------------------------------------------
          PBSA VERSION 2019                       UC Irvine
          -------------------------------------------------------

| Run on 08/29/2021 at 20:56:00

File Assignments:
|  MDIN: ../pbsa-script/mdin.in                                                
| MDOUT: guest-pb.out                                                          
|INPCRD: guest.crd                                                             
|  PARM: guest.prmtop                                                          
|

 Here is the input file:

Sample single point PB calculation                                             
&cntrl                                                                         
ipb=1, inp=1                                                                   
/                                                                              
&pb                                                                            
npbverb=1, fillratio=1.5, saopt=1, radiopt=0, epsin=1.0, epsout=80             
/                                                                              
 PBSA Warning in pb_read(): sprob=0.557 is optimized for inp=2 and  should not be used with inp=1. It has been reset to 1.4.
 PBSA Warning in pb_read(): cavity_surften=0.0378 is optimized for inp=2  and should not be used with inp=1. It has been reset to 0.005000.
 PBSA Warning in pb_read(): cavity_offset=-0.5692 is optimized for inp=2  and should not be used with inp=1. It has been reset to 0.000.

--------------------------------------------------------------------------------
   1.  RESOURCE   USE: 
--------------------------------------------------------------------------------

| Flags:                                                                        
| New format PARM file being parsed.
| Version =    1.000 Date = 08/29/21 Time = 16:16:54
 NATOM  =      15 NTYPES =       6 NBONH =       7 MBONA  =       7
 NTHETH =      16 MTHETA =       7 NPHIH =      31 MPHIA  =       6
 NHPARM =       0 NPARM  =       0 NNB   =      67 NRES   =       1
 NBONA  =       7 NTHETA =       7 NPHIA =       6 NUMBND =       7
 NUMANG =      11 NPTRA  =       7 NATYP =      12 NPHB   =       0
 IFBOX  =       1 NMXRS  =      15 IFCAP =       0 NEXTRA =       0
 NCOPY  =       0


|     Memory Use     Allocated
|     Real                 593
|     Hollerith             48
|     Integer            20553
|     Max Pairs              1
|     Max Rstack             1
|     Max Istack             1
|       Total               85 kbytes

     BOX TYPE: RECTILINEAR

--------------------------------------------------------------------------------
   2.  CONTROL  DATA  FOR  THE  RUN
--------------------------------------------------------------------------------

default_name                                                                    

General flags:
     imin    =       1, nmropt  =       0

Nature and format of input:
     ntx     =       1, irest   =       0, ntrx    =       1

Nature and format of output:
     ntxo    =       1, ntpr    =      50, ntrx    =       1, ntwr    =     500
     iwrap   =       0, ntwx    =       0, ntwv    =       0, ntwe    =       0
     ioutfm  =       0, ntwprt  =       0, idecomp =       0, rbornstat=      0

Potential function:
     ntf     =       1, ntb     =       1, ipb     =       1, nsnb    =      25
     ipol    =       0, gbsa    =       0, iesp    =       0
     dielc   =   1.00000, cut     =   8.00000, intdiel =   1.00000

Frozen or restrained atoms:
     ibelly  =       0, ntr     =       0

Energy minimization:
     maxcyc  =       1, ncyc    =      10, ntmin   =       1
     dx0     =   0.01000, drms    =   0.00010

======== Implicit Solvent Initialization ========

     Max Nonbonded Pairs:      113      113

 no. of atoms processed in PB initialization:    15
  NUM  RESI  NAME  TYPE    CHARGE ATM CRG/H   GRP CRG   PB RADI   NP RADI
    1  MOL   C1    c1   -0.545663 -0.242122 -0.236830  1.700000  1.699835
    2  MOL   C2    c1    0.005292  0.005292 -0.092345  1.700000  1.699835
    3  MOL   C3    c3    0.010953  0.144485  0.189241  1.700000  1.699835
    4  MOL   C4    c3    0.033456  0.039464  0.056410  1.700000  1.699835
    5  MOL   C5    c3   -0.012067 -0.127539  0.764398  1.700000  1.699835
    6  MOL   C6    c     0.852473  0.852473 -0.947118  1.700000  1.699835
    7  MOL   O1    o    -0.836026 -0.836026  0.016447  1.500000  1.479961
    8  MOL   O2    o    -0.836026 -0.836026  0.016447  1.500000  1.479961
    9  MOL   H1    ha    0.303541  0.303541  0.303541  1.300000  1.299821
   10  MOL   H2    hc    0.066766  0.066766  0.066766  1.300000  1.324766
   11  MOL   H3    hc    0.066766  0.066766  0.066766  1.300000  1.324766
   12  MOL   H4    hc    0.003004  0.003004  0.003004  1.300000  1.324766
   13  MOL   H5    hc    0.003004  0.003004  0.003004  1.300000  1.324766
   14  MOL   H6    hc   -0.057736 -0.057736 -0.057736  1.300000  1.324766
   15  MOL   H7    hc   -0.057736 -0.057736 -0.057736  1.300000  1.324766

 total system charges (+/-) for PB       -1.0000        1.3453       -2.3453
 cavity_surften =        0.0050 cavity_offset =        0.0000

   SAS Surface: surface dots generated:    366

--------------------------------------------------------------------------------
   3.  ATOMIC COORDINATES AND VELOCITIES
--------------------------------------------------------------------------------

Cpptraj Generated Restart                                                       
 begin time read from input coords =     1.000 ps

 Number of triangulated 3-point waters found:        0

--------------------------------------------------------------------------------
   4.  RESULTS
--------------------------------------------------------------------------------

  NB-update: atom-based nb list      105


======== Setting up Grid Parameters ========
Using bounding box for grid setup
 Bounding Box at level:           2
 Bounding Box Center:      17.500    18.500    20.000
 Xmin, Xmax, Xmax-Xmin:    12.133    22.941    10.808
 Ymin, Ymax, Ymax-Ymin:    15.197    21.726     6.528
 Zmin, Zmax, Zmax-Zmin:    17.307    22.429     5.121
 Grid dimension at level     2    41   31   29
 Grid origin corrected at level     2      7.000    10.500    12.500
 Bounding Box at level:           1
 Bounding Box Center:      17.500    18.500    20.000
 Xmin, Xmax, Xmax-Xmin:    12.133    22.941    10.808
 Ymin, Ymax, Ymax-Ymin:    15.197    21.726     6.528
 Zmin, Zmax, Zmax-Zmin:    17.307    22.429     5.121
PB Warn in setgrd(): focusing grid too large    2
 fillratio is automatically increased to 2.500
 Grid dimension at level     1     9    5    5
 Grid origin corrected at level     1     -2.500     6.500     8.000
------- VMD goodie --------
#First Level Geometric Box
draw materials off
draw color green
draw line "   -2.500    6.500    8.000" "   33.500    6.500    8.000"
draw line "   -2.500    6.500    8.000" "   -2.500   26.500    8.000"
draw line "   -2.500    6.500    8.000" "   -2.500    6.500   28.000"
draw line "   33.500    6.500    8.000" "   33.500   26.500    8.000"
draw line "   33.500    6.500    8.000" "   33.500    6.500   28.000"
draw line "   -2.500   26.500    8.000" "   33.500   26.500    8.000"
draw line "   -2.500   26.500    8.000" "   -2.500   26.500   28.000"
draw line "   -2.500    6.500   28.000" "   33.500    6.500   28.000"
draw line "   -2.500    6.500   28.000" "   -2.500   26.500   28.000"
draw line "   33.500   26.500   28.000" "   33.500   26.500    8.000"
draw line "   33.500   26.500   28.000" "   -2.500   26.500   28.000"
draw line "   33.500   26.500   28.000" "   33.500    6.500   28.000"
#2nd Level Geometric Box
draw color blue
draw line "    7.000   10.500   12.500" "   28.000   10.500   12.500"
draw line "    7.000   10.500   12.500" "    7.000   26.500   12.500"
draw line "    7.000   10.500   12.500" "    7.000   10.500   27.500"
draw line "   28.000   10.500   12.500" "   28.000   26.500   12.500"
draw line "   28.000   10.500   12.500" "   28.000   10.500   27.500"
draw line "    7.000   26.500   12.500" "   28.000   26.500   12.500"
draw line "    7.000   26.500   12.500" "    7.000   26.500   27.500"
draw line "    7.000   10.500   27.500" "   28.000   10.500   27.500"
draw line "    7.000   10.500   27.500" "    7.000   26.500   27.500"
draw line "   28.000   26.500   27.500" "   28.000   26.500   12.500"
draw line "   28.000   26.500   27.500" "    7.000   26.500   27.500"
draw line "   28.000   26.500   27.500" "   28.000   10.500   27.500"
--- End VMD goodie --------

======== Setting up Solvent Accessibility Data ========
Setting up working radii
Number of SA srf points exposed  1148
 Number of SA arcs generated    95
 Number of SA arc points exposed         500 Number of trimer arc points exposed          24
 with resolution (A) = .250000E+00

Atomic solvent accessible surface area:
           1   43.8837575774068
           2   11.8783103217041
           3    0.6599061289836
           4    0.3299530644918
           5    0.0000000000000
           6    6.9290143543274
           7   41.8690181575964
           8   47.6440551448511
           9   36.5434177587078
          10   22.0261696079882
          11   21.5255748441703
          12   17.0202219698091
          13   24.0285486632599
          14   21.0249800803524
          15   19.2728984069897

 ======== FDPB Summary ========

 Do FDPB every           1 steps
 Nonbonded Update
   residue cutoff is set to   99.9000000000000
   fdpb cutoff is set to    5.0000000000000
   sas cutoff is set to    9.0000000000000
   nonbonded cutoff is set to    0.0000000000000
 Grid Constants
   Grid dimension       9       5       5
   Grid spacing set to     4.000
   Grid boundary
        -2.500    37.500
         6.500    30.500
         8.000    32.000

 Dielectric Map
   Use cavity radii in the prmtop file

   Use probe-based SES definition
     Compute SAS/SAR every           1 steps
     Solvent probe radius   1.40000000000000
     Surface dots per atom     366
     Buried atom radii increment   0.79800000000000
     Threshhold for exposed atom   0.08000000000000
     Current SAS 314.63582608063865

 Boundary conditions
   sum of grid charges as independent DH spheres

 Physical constants
   Solute dielectric constant  :   1.00000000000000
   Solvent dielectric constant :   80.0000000000000
   Temperature (K)             :   300.000000000000
   Ionic strength (mM)         :   0.00000000000000
   Debye-Huckel parameter (1/A):   0.00000000000000

FD Solver Option
   Use Modified ICCG solver

 Iteration data
   Maximum iterations  :         100
   Convergence criteria:  1.000000000000000E-03
   Iterations required        :     5
   Norm of the constant vector:       255.8028186600
   Norm of the residual vector:      0.0681962182633
   Convergence achieved       :  2.6659682102230875E-04

 Total molecular surface    146.4644

 ======== FDPB Summary ========

 Do FDPB every           1 steps
 Nonbonded Update
   residue cutoff is set to   99.9000000000000
   fdpb cutoff is set to    5.0000000000000
   sas cutoff is set to    9.0000000000000
   nonbonded cutoff is set to    0.0000000000000
 Grid Constants
   Grid dimension      41      31      29
   Grid spacing set to     0.500
   Grid boundary
         7.000    28.000
        10.500    26.500
        12.500    27.500

 Dielectric Map
   Use cavity radii in the prmtop file

   Use probe-based SES definition
     Compute SAS/SAR every           1 steps
     Solvent probe radius   1.40000000000000
     Surface dots per atom     366
     Buried atom radii increment   0.79800000000000
     Threshhold for exposed atom   0.08000000000000
     Current SAS 314.63582608063865

 Boundary conditions
   sum of grid charges as independent DH spheres

 Physical constants
   Solute dielectric constant  :   1.00000000000000
   Solvent dielectric constant :   80.0000000000000
   Temperature (K)             :   300.000000000000
   Ionic strength (mM)         :   0.00000000000000
   Debye-Huckel parameter (1/A):   0.00000000000000

FD Solver Option
   Use Modified ICCG solver

 Iteration data
   Maximum iterations  :         100
   Convergence criteria:  1.000000000000000E-03
   Iterations required        :    15
   Norm of the constant vector:     21759.2237030031
   Norm of the residual vector:     14.1161761305662
   Convergence achieved       :  6.4874447375702702E-04

 Total surface charge       0.9875
 Reaction field energy    -81.4089
 Nonpolar SAS/SAV    314.6358      0.0000
 Cavity solvation energy      1.5732

 NSTEP =        1   TIME(PS) =       0.000  TEMP(K) =     0.00  PRESS =     0.0
 Etot   =       -75.1661  EKtot   =         0.0000  EPtot      =         0.0000
 BOND   =         0.0000  ANGLE   =         0.0000  DIHED      =         0.0000
 1-4 NB =         0.0000  1-4 EEL =         0.0000  VDWAALS    =        -0.5307
 EELEC  =         5.2003  EPB     =       -81.4089  RESTRAINT  =         0.0000
 ECAVITY=         1.5732  EDISPER =         0.0000
 ------------------------------------------------------------------------------



  Maximum number of minimization cycles reached.


                    FINAL RESULTS


 NSTEP =        1   TIME(PS) =       0.000  TEMP(K) =     0.00  PRESS =     0.0
 Etot   =       -75.1661  EKtot   =         0.0000  EPtot      =         0.0000
 BOND   =         0.0000  ANGLE   =         0.0000  DIHED      =         0.0000
 1-4 NB =         0.0000  1-4 EEL =         0.0000  VDWAALS    =        -0.5307
 EELEC  =         5.2003  EPB     =       -81.4089  RESTRAINT  =         0.0000
 ECAVITY=         1.5732  EDISPER =         0.0000
 ------------------------------------------------------------------------------


--------------------------------------------------------------------------------
   5.  TIMINGS
--------------------------------------------------------------------------------

| Total time                     0.04
| Read prm/crd time              0.00
| Force time                     0.03
| Nonbond force                  0.03
| PB Nonbond                     0.03
| PB FD grid                     0.00
| PB FD force                    0.03
| PB Set linear sys              0.01
| PB Solver                      0.02
| PB exmol                       0.01
| PB exmol setup                 0.00
| PB exmol part a                0.00
| PB exmol part e                0.00
| PB exmol part f                0.00
| PB epsmap                      0.00
|           Job began  at 20:56:00.144  on 08/29/2021
|           Setup done at 20:56:00.149  on 08/29/2021
|           Run   done at 20:56:00.183  on 08/29/2021
|     wallclock() was called     110 times
