
          -------------------------------------------------------
          PBSA VERSION 2019                       UC Irvine
          -------------------------------------------------------

| Run on 08/29/2021 at 20:51:48

File Assignments:
|  MDIN: ../pbsa-script/mdin.in                                                
| MDOUT: complex-pb.out                                                        
|INPCRD: complex.crd                                                           
|  PARM: complex.prmtop                                                        
|

 Here is the input file:

Sample single point PB calculation                                             
&cntrl                                                                         
ipb=1, inp=1                                                                   
/                                                                              
&pb                                                                            
npbverb=1, fillratio=1.5, saopt=1, radiopt=0, epsin=1.0, epsout=80             
/                                                                              
 PBSA Warning in pb_read(): sprob=0.557 is optimized for inp=2 and  should not be used with inp=1. It has been reset to 1.4.
 PBSA Warning in pb_read(): cavity_surften=0.0378 is optimized for inp=2  and should not be used with inp=1. It has been reset to 0.005000.
 PBSA Warning in pb_read(): cavity_offset=-0.5692 is optimized for inp=2  and should not be used with inp=1. It has been reset to 0.000.

--------------------------------------------------------------------------------
   1.  RESOURCE   USE: 
--------------------------------------------------------------------------------

| Flags:                                                                        
| New format PARM file being parsed.
| Version =    1.000 Date = 08/29/21 Time = 13:30:02
 NATOM  =     146 NTYPES =      10 NBONH =      71 MBONA  =      80
 NTHETH =     163 MTHETA =     116 NPHIH =     297 MPHIA  =     225
 NHPARM =       0 NPARM  =       0 NNB   =     858 NRES   =       7
 NBONA  =      80 NTHETA =     116 NPHIA =     225 NUMBND =      13
 NUMANG =      25 NPTRA  =      32 NATYP =      16 NPHB   =       0
 IFBOX  =       1 NMXRS  =      21 IFCAP =       0 NEXTRA =       0
 NCOPY  =       0


|     Memory Use     Allocated
|     Real                5458
|     Hollerith            447
|     Integer            26589
|     Max Pairs              1
|     Max Rstack             1
|     Max Istack             1
|       Total              148 kbytes

     BOX TYPE: RECTILINEAR

--------------------------------------------------------------------------------
   2.  CONTROL  DATA  FOR  THE  RUN
--------------------------------------------------------------------------------

default_name                                                                    

General flags:
     imin    =       1, nmropt  =       0

Nature and format of input:
     ntx     =       1, irest   =       0, ntrx    =       1

Nature and format of output:
     ntxo    =       1, ntpr    =      50, ntrx    =       1, ntwr    =     500
     iwrap   =       0, ntwx    =       0, ntwv    =       0, ntwe    =       0
     ioutfm  =       0, ntwprt  =       0, idecomp =       0, rbornstat=      0

Potential function:
     ntf     =       1, ntb     =       1, ipb     =       1, nsnb    =      25
     ipol    =       0, gbsa    =       0, iesp    =       0
     dielc   =   1.00000, cut     =   8.00000, intdiel =   1.00000

Frozen or restrained atoms:
     ibelly  =       0, ntr     =       0

Energy minimization:
     maxcyc  =       1, ncyc    =      10, ntmin   =       1
     dx0     =   0.01000, drms    =   0.00010

======== Implicit Solvent Initialization ========

     Max Nonbonded Pairs:    10658    10658

 no. of atoms processed in PB initialization:   146
  NUM  RESI  NAME  TYPE    CHARGE ATM CRG/H   GRP CRG   PB RADI   NP RADI
    1  MGO   C1    CG    0.042700  0.203700 -0.283400  1.700000  1.699835
    2  MGO   H1    H2    0.161000  0.000000  0.000000  1.300000  1.146587
    3  MGO   O1    OS   -0.322900 -0.322900  0.080400  1.500000  1.500006
    4  MGO   C2    CG    0.137600  0.202600  0.508600  1.700000  1.699835
    5  MGO   H2    H1    0.065000  0.000000  0.000000  1.300000  1.235677
    6  MGO   O2    OH   -0.634600 -0.198000  0.004600  1.500000  1.533237
    7  MGO   HO2   HO    0.436600  0.000000  0.000000  0.800000  0.000000
    8  MGO   C3    CG    0.122400  0.300300  0.504500  1.700000  1.699835
    9  MGO   H3    H1    0.177900  0.000000  0.000000  1.300000  1.235677
   10  MGO   O3    OH   -0.620000 -0.198000  0.102300  1.500000  1.533237
   11  MGO   HO3   HO    0.422000  0.000000  0.000000  0.800000  0.000000
   12  MGO   C4    CG    0.040100  0.199600  0.311900  1.700000  1.699835
   13  MGO   H4    H1    0.159500  0.000000  0.000000  1.300000  1.235677
   14  MGO   C5    CG    0.019300  0.134900  0.210300  1.700000  1.699835
   15  MGO   H5    H1    0.115600  0.000000  0.000000  1.300000  1.235677
   16  MGO   O5    OS   -0.366800 -0.366800 -0.028200  1.500000  1.500006
   17  MGO   C6    CG    0.191800  0.242600  0.179500  1.700000  1.699835
   18  MGO   H61   H1    0.025400  0.000000  0.000000  1.300000  1.235677
   19  MGO   H62   H1    0.025400  0.000000  0.000000  1.300000  1.235677
   20  MGO   O6    OH   -0.607700 -0.198000  0.044600  1.500000  1.533237
   21  MGO   HO6   HO    0.409700  0.000000  0.000000  0.800000  0.000000
   22  MGO   C1    CG    0.042700  0.203700 -0.283400  1.700000  1.699835
   23  MGO   H1    H2    0.161000  0.000000  0.000000  1.300000  1.146587
   24  MGO   O1    OS   -0.322900 -0.322900  0.080400  1.500000  1.500006
   25  MGO   C2    CG    0.137600  0.202600  0.508600  1.700000  1.699835
   26  MGO   H2    H1    0.065000  0.000000  0.000000  1.300000  1.235677
   27  MGO   O2    OH   -0.634600 -0.198000  0.004600  1.500000  1.533237
   28  MGO   HO2   HO    0.436600  0.000000  0.000000  0.800000  0.000000
   29  MGO   C3    CG    0.122400  0.300300  0.504500  1.700000  1.699835
   30  MGO   H3    H1    0.177900  0.000000  0.000000  1.300000  1.235677
   31  MGO   O3    OH   -0.620000 -0.198000  0.102300  1.500000  1.533237
   32  MGO   HO3   HO    0.422000  0.000000  0.000000  0.800000  0.000000
   33  MGO   C4    CG    0.040100  0.199600  0.311900  1.700000  1.699835
   34  MGO   H4    H1    0.159500  0.000000  0.000000  1.300000  1.235677
   35  MGO   C5    CG    0.019300  0.134900  0.210300  1.700000  1.699835
   36  MGO   H5    H1    0.115600  0.000000  0.000000  1.300000  1.235677
   37  MGO   O5    OS   -0.366800 -0.366800 -0.028200  1.500000  1.500006
   38  MGO   C6    CG    0.191800  0.242600  0.179500  1.700000  1.699835
   39  MGO   H61   H1    0.025400  0.000000  0.000000  1.300000  1.235677
   40  MGO   H62   H1    0.025400  0.000000  0.000000  1.300000  1.235677
   41  MGO   O6    OH   -0.607700 -0.198000  0.044600  1.500000  1.533237
   42  MGO   HO6   HO    0.409700  0.000000  0.000000  0.800000  0.000000
   43  MGO   C1    CG    0.042700  0.203700 -0.283400  1.700000  1.699835
   44  MGO   H1    H2    0.161000  0.000000  0.000000  1.300000  1.146587
   45  MGO   O1    OS   -0.322900 -0.322900  0.080400  1.500000  1.500006
   46  MGO   C2    CG    0.137600  0.202600  0.508600  1.700000  1.699835
   47  MGO   H2    H1    0.065000  0.000000  0.000000  1.300000  1.235677
   48  MGO   O2    OH   -0.634600 -0.198000  0.004600  1.500000  1.533237
   49  MGO   HO2   HO    0.436600  0.000000  0.000000  0.800000  0.000000
   50  MGO   C3    CG    0.122400  0.300300  0.504500  1.700000  1.699835
   51  MGO   H3    H1    0.177900  0.000000  0.000000  1.300000  1.235677
   52  MGO   O3    OH   -0.620000 -0.198000  0.102300  1.500000  1.533237
   53  MGO   HO3   HO    0.422000  0.000000  0.000000  0.800000  0.000000
   54  MGO   C4    CG    0.040100  0.199600  0.311900  1.700000  1.699835
   55  MGO   H4    H1    0.159500  0.000000  0.000000  1.300000  1.235677
   56  MGO   C5    CG    0.019300  0.134900  0.210300  1.700000  1.699835
   57  MGO   H5    H1    0.115600  0.000000  0.000000  1.300000  1.235677
   58  MGO   O5    OS   -0.366800 -0.366800 -0.028200  1.500000  1.500006
   59  MGO   C6    CG    0.191800  0.242600  0.179500  1.700000  1.699835
   60  MGO   H61   H1    0.025400  0.000000  0.000000  1.300000  1.235677
   61  MGO   H62   H1    0.025400  0.000000  0.000000  1.300000  1.235677
   62  MGO   O6    OH   -0.607700 -0.198000  0.044600  1.500000  1.533237
   63  MGO   HO6   HO    0.409700  0.000000  0.000000  0.800000  0.000000
   64  MGO   C1    CG    0.042700  0.203700 -0.283400  1.700000  1.699835
   65  MGO   H1    H2    0.161000  0.000000  0.000000  1.300000  1.146587
   66  MGO   O1    OS   -0.322900 -0.322900  0.080400  1.500000  1.500006
   67  MGO   C2    CG    0.137600  0.202600  0.508600  1.700000  1.699835
   68  MGO   H2    H1    0.065000  0.000000  0.000000  1.300000  1.235677
   69  MGO   O2    OH   -0.634600 -0.198000  0.004600  1.500000  1.533237
   70  MGO   HO2   HO    0.436600  0.000000  0.000000  0.800000  0.000000
   71  MGO   C3    CG    0.122400  0.300300  0.504500  1.700000  1.699835
   72  MGO   H3    H1    0.177900  0.000000  0.000000  1.300000  1.235677
   73  MGO   O3    OH   -0.620000 -0.198000  0.102300  1.500000  1.533237
   74  MGO   HO3   HO    0.422000  0.000000  0.000000  0.800000  0.000000
   75  MGO   C4    CG    0.040100  0.199600  0.311900  1.700000  1.699835
   76  MGO   H4    H1    0.159500  0.000000  0.000000  1.300000  1.235677
   77  MGO   C5    CG    0.019300  0.134900  0.210300  1.700000  1.699835
   78  MGO   H5    H1    0.115600  0.000000  0.000000  1.300000  1.235677
   79  MGO   O5    OS   -0.366800 -0.366800 -0.028200  1.500000  1.500006
   80  MGO   C6    CG    0.191800  0.242600  0.179500  1.700000  1.699835
   81  MGO   H61   H1    0.025400  0.000000  0.000000  1.300000  1.235677
   82  MGO   H62   H1    0.025400  0.000000  0.000000  1.300000  1.235677
   83  MGO   O6    OH   -0.607700 -0.198000  0.044600  1.500000  1.533237
   84  MGO   HO6   HO    0.409700  0.000000  0.000000  0.800000  0.000000
   85  MGO   C1    CG    0.042700  0.203700 -0.283400  1.700000  1.699835
   86  MGO   H1    H2    0.161000  0.000000  0.000000  1.300000  1.146587
   87  MGO   O1    OS   -0.322900 -0.322900  0.080400  1.500000  1.500006
   88  MGO   C2    CG    0.137600  0.202600  0.508600  1.700000  1.699835
   89  MGO   H2    H1    0.065000  0.000000  0.000000  1.300000  1.235677
   90  MGO   O2    OH   -0.634600 -0.198000  0.004600  1.500000  1.533237
   91  MGO   HO2   HO    0.436600  0.000000  0.000000  0.800000  0.000000
   92  MGO   C3    CG    0.122400  0.300300  0.504500  1.700000  1.699835
   93  MGO   H3    H1    0.177900  0.000000  0.000000  1.300000  1.235677
   94  MGO   O3    OH   -0.620000 -0.198000  0.102300  1.500000  1.533237
   95  MGO   HO3   HO    0.422000  0.000000  0.000000  0.800000  0.000000
   96  MGO   C4    CG    0.040100  0.199600  0.311900  1.700000  1.699835
   97  MGO   H4    H1    0.159500  0.000000  0.000000  1.300000  1.235677
   98  MGO   C5    CG    0.019300  0.134900  0.210300  1.700000  1.699835
   99  MGO   H5    H1    0.115600  0.000000  0.000000  1.300000  1.235677
  100  MGO   O5    OS   -0.366800 -0.366800 -0.028200  1.500000  1.500006
  101  MGO   C6    CG    0.191800  0.242600  0.179500  1.700000  1.699835
  102  MGO   H61   H1    0.025400  0.000000  0.000000  1.300000  1.235677
  103  MGO   H62   H1    0.025400  0.000000  0.000000  1.300000  1.235677
  104  MGO   O6    OH   -0.607700 -0.198000  0.044600  1.500000  1.533237
  105  MGO   HO6   HO    0.409700  0.000000  0.000000  0.800000  0.000000
  106  MGO   C1    CG    0.042700  0.203700 -0.283400  1.700000  1.699835
  107  MGO   H1    H2    0.161000  0.000000  0.000000  1.300000  1.146587
  108  MGO   O1    OS   -0.322900 -0.322900  0.080400  1.500000  1.500006
  109  MGO   C2    CG    0.137600  0.202600  0.508600  1.700000  1.699835
  110  MGO   H2    H1    0.065000  0.000000  0.000000  1.300000  1.235677
  111  MGO   O2    OH   -0.634600 -0.198000  0.004600  1.500000  1.533237
  112  MGO   HO2   HO    0.436600  0.000000  0.000000  0.800000  0.000000
  113  MGO   C3    CG    0.122400  0.300300  0.504500  1.700000  1.699835
  114  MGO   H3    H1    0.177900  0.000000  0.000000  1.300000  1.235677
  115  MGO   O3    OH   -0.620000 -0.198000  0.102300  1.500000  1.533237
  116  MGO   HO3   HO    0.422000  0.000000  0.000000  0.800000  0.000000
  117  MGO   C4    CG    0.040100  0.199600  0.311900  1.700000  1.699835
  118  MGO   H4    H1    0.159500  0.000000  0.000000  1.300000  1.235677
  119  MGO   C5    CG    0.019300  0.134900  0.210300  1.700000  1.699835
  120  MGO   H5    H1    0.115600  0.000000  0.000000  1.300000  1.235677
  121  MGO   O5    OS   -0.366800 -0.366800 -0.028200  1.500000  1.500006
  122  MGO   C6    CG    0.191800  0.242600  0.179500  1.700000  1.699835
  123  MGO   H61   H1    0.025400  0.000000  0.000000  1.300000  1.235677
  124  MGO   H62   H1    0.025400  0.000000  0.000000  1.300000  1.235677
  125  MGO   O6    OH   -0.607700 -0.198000  0.044600  1.500000  1.533237
  126  MGO   HO6   HO    0.409700  0.000000  0.000000  0.800000  0.000000
  127  MOL   C1    c2   -0.522800 -0.161200 -0.134900  1.700000  1.699835
  128  MOL   H1    ha    0.180800  0.180800  0.180800  1.300000  1.299821
  129  MOL   H2    ha    0.180800  0.180800  0.180800  1.300000  1.299821
  130  MOL   C2    c2   -0.079000  0.026300 -0.065900  1.700000  1.699835
  131  MOL   H3    ha    0.105300  0.105300  0.105300  1.300000  1.299821
  132  MOL   C3    c3    0.037000  0.069000  0.092500  1.700000  1.699835
  133  MOL   H4    hc    0.016000  0.016000  0.016000  1.300000  1.324766
  134  MOL   H5    hc    0.016000  0.016000  0.016000  1.300000  1.324766
  135  MOL   C4    c3    0.023000 -0.002800  0.066600  1.700000  1.699835
  136  MOL   H6    hc   -0.012900 -0.012900 -0.012900  1.300000  1.324766
  137  MOL   H7    hc   -0.012900 -0.012900 -0.012900  1.300000  1.324766
  138  MOL   C5    c3    0.026200  0.000400 -0.108000  1.700000  1.699835
  139  MOL   H8    hc   -0.012900 -0.012900 -0.012900  1.300000  1.324766
  140  MOL   H9    hc   -0.012900 -0.012900 -0.012900  1.300000  1.324766
  141  MOL   C6    c3   -0.018000 -0.105600  0.739900  1.700000  1.699835
  142  MOL   H10   hc   -0.043800 -0.043800 -0.043800  1.300000  1.324766
  143  MOL   H11   hc   -0.043800 -0.043800 -0.043800  1.300000  1.324766
  144  MOL   C7    c     0.845100  0.845100 -0.931700  1.700000  1.699835
  145  MOL   O1    o    -0.835600 -0.835600  0.009500  1.500000  1.479961
  146  MOL   O2    o    -0.835600 -0.835600  0.009500  1.500000  1.479961

 total system charges (+/-) for PB       -1.0000       16.7422      -17.7422
 cavity_surften =        0.0050 cavity_offset =        0.0000

   SAS Surface: surface dots generated:    366

--------------------------------------------------------------------------------
   3.  ATOMIC COORDINATES AND VELOCITIES
--------------------------------------------------------------------------------

Cpptraj Generated Restart                                                       
 begin time read from input coords =   551.000 ps

 Number of triangulated 3-point waters found:        0

--------------------------------------------------------------------------------
   4.  RESULTS
--------------------------------------------------------------------------------

  NB-update: atom-based nb list     7837


======== Setting up Grid Parameters ========
Using bounding box for grid setup
 Bounding Box at level:           2
 Bounding Box Center:      16.500    17.500    20.000
 Xmin, Xmax, Xmax-Xmin:     8.749    24.073    15.324
 Ymin, Ymax, Ymax-Ymin:     9.215    25.307    16.092
 Zmin, Zmax, Zmax-Zmin:    14.175    25.971    11.796
 Grid dimension at level     2    49   51   43
 Grid origin corrected at level     2      4.000     4.500     9.000
 Bounding Box at level:           1
 Bounding Box Center:      16.500    17.500    20.000
 Xmin, Xmax, Xmax-Xmin:     8.749    24.073    15.324
 Ymin, Ymax, Ymax-Ymin:     9.215    25.307    16.092
 Zmin, Zmax, Zmax-Zmin:    14.175    25.971    11.796
PB Warn in setgrd(): focusing grid too large    2
 fillratio is automatically increased to 2.500
 Grid dimension at level     1    11   11    9
 Grid origin corrected at level     1     -7.500    -6.500     0.000
------- VMD goodie --------
#First Level Geometric Box
draw materials off
draw color green
draw line "   -7.500   -6.500    0.000" "   36.500   -6.500    0.000"
draw line "   -7.500   -6.500    0.000" "   -7.500   37.500    0.000"
draw line "   -7.500   -6.500    0.000" "   -7.500   -6.500   36.000"
draw line "   36.500   -6.500    0.000" "   36.500   37.500    0.000"
draw line "   36.500   -6.500    0.000" "   36.500   -6.500   36.000"
draw line "   -7.500   37.500    0.000" "   36.500   37.500    0.000"
draw line "   -7.500   37.500    0.000" "   -7.500   37.500   36.000"
draw line "   -7.500   -6.500   36.000" "   36.500   -6.500   36.000"
draw line "   -7.500   -6.500   36.000" "   -7.500   37.500   36.000"
draw line "   36.500   37.500   36.000" "   36.500   37.500    0.000"
draw line "   36.500   37.500   36.000" "   -7.500   37.500   36.000"
draw line "   36.500   37.500   36.000" "   36.500   -6.500   36.000"
#2nd Level Geometric Box
draw color blue
draw line "    4.000    4.500    9.000" "   29.000    4.500    9.000"
draw line "    4.000    4.500    9.000" "    4.000   30.500    9.000"
draw line "    4.000    4.500    9.000" "    4.000    4.500   31.000"
draw line "   29.000    4.500    9.000" "   29.000   30.500    9.000"
draw line "   29.000    4.500    9.000" "   29.000    4.500   31.000"
draw line "    4.000   30.500    9.000" "   29.000   30.500    9.000"
draw line "    4.000   30.500    9.000" "    4.000   30.500   31.000"
draw line "    4.000    4.500   31.000" "   29.000    4.500   31.000"
draw line "    4.000    4.500   31.000" "    4.000   30.500   31.000"
draw line "   29.000   30.500   31.000" "   29.000   30.500    9.000"
draw line "   29.000   30.500   31.000" "    4.000   30.500   31.000"
draw line "   29.000   30.500   31.000" "   29.000    4.500   31.000"
--- End VMD goodie --------

======== Setting up Solvent Accessibility Data ========
Setting up working radii
Number of SA srf points exposed  3828
 Number of SA arcs generated  3497
 Number of SA arc points exposed        2107 Number of trimer arc points exposed         176
 with resolution (A) = .250000E+00

Atomic solvent accessible surface area:
           1    0.0000000000000
           2   13.0154638592658
           3    0.0000000000000
           4    0.0000000000000
           5   18.2717088793539
           6   28.5864330869107
           7    0.0000000000000
           8    0.0000000000000
           9    2.5029738190896
          10   26.5651701413715
          11    0.0000000000000
          12    0.0000000000000
          13    5.7568397839060
          14    0.0000000000000
          15    0.0000000000000
          16    4.6200295898037
          17    0.9898591934753
          18    1.7520816733627
          19   12.2645717135389
          20   29.1639367856361
          21    8.1427334833372
          22    0.0000000000000
          23   13.5160586230837
          24    0.0000000000000
          25    0.0000000000000
          26   17.7711141155360
          27   23.6776516477442
          28    0.0000000000000
          29    0.0000000000000
          30    1.2514869095448
          31   22.2338924009305
          32    5.8162382023837
          33    0.0000000000000
          34    7.0083266934508
          35    0.0000000000000
          36    0.0000000000000
          37    7.2187962340683
          38    0.9898591934753
          39    0.0000000000000
          40   15.5184376783554
          41   25.1214108945579
          42   10.1368722955831
          43    0.0000000000000
          44   10.2621926582673
          45    0.0000000000000
          46    0.0000000000000
          47   19.0226010250808
          48   26.2764182920088
          49    0.0000000000000
          50    0.0000000000000
          51    0.2502973819090
          52   20.5013813047541
          53    5.9824164367375
          54    0.0000000000000
          55    6.7580293115418
          56    0.0000000000000
          57    0.0000000000000
          58    5.1975332885292
          59    0.9898591934753
          60    0.2502973819090
          61   16.0190324421733
          62   31.4739515805380
          63    5.3177034993223
          64    0.0000000000000
          65   14.5172481507195
          66    0.0000000000000
          67    0.0000000000000
          68   19.7734931708076
          69   23.1001479490187
          70    0.0000000000000
          71    0.0000000000000
          72    0.0000000000000
          73   19.0576220579404
          74    4.9853470306146
          75    0.0000000000000
          76    5.7568397839060
          77    0.0000000000000
          78    0.0000000000000
          79    6.9300443847056
          80    0.9898591934753
          81    2.2526764371806
          82   16.2693298240822
          83   30.8964478818125
          84    5.1515252649684
          85    0.0000000000000
          86   15.0178429145374
          87    0.0000000000000
          88    0.0000000000000
          89   20.2740879346255
          90   19.3463739073032
          91    7.6441987802758
          92    0.0000000000000
          93    0.0000000000000
          94   18.7688702085777
          95    3.6559211557841
          96    0.0000000000000
          97    6.5077319296329
          98    0.0000000000000
          99    0.0000000000000
         100    4.3312777404410
         101    0.6599061289836
         102    0.0000000000000
         103    8.2598136029956
         104   28.8751849362734
         105    6.4809511397990
         106    0.0000000000000
         107   13.0154638592658
         108    0.0000000000000
         109    0.0000000000000
         110   20.7746826984435
         111   13.2825850706858
         112    9.1398028894601
         113    0.0000000000000
         114    0.7508921457269
         115   24.8326590451951
         116    2.4926735153073
         117    0.0000000000000
         118    6.7580293115418
         119    0.0000000000000
         120    0.0000000000000
         121    4.6200295898037
         122    0.9898591934753
         123    0.0000000000000
         124   14.2669507688106
         125   26.5651701413715
         126    7.9765552489834
         127    7.2589674188192
         128    0.5005947638179
         129   17.5208167336270
         130    0.3299530644918
         131    0.0000000000000
         132    0.0000000000000
         133    0.0000000000000
         134    0.0000000000000
         135    0.0000000000000
         136    0.0000000000000
         137    0.0000000000000
         138    0.0000000000000
         139    0.0000000000000
         140    0.0000000000000
         141    0.3299530644918
         142    2.5029738190896
         143    3.5041633467254
         144    3.6294837094096
         145   33.2064626767144
         146   38.6927478146064

 ======== FDPB Summary ========

 Do FDPB every           1 steps
 Nonbonded Update
   residue cutoff is set to   99.9000000000000
   fdpb cutoff is set to    5.0000000000000
   sas cutoff is set to    9.0000000000000
   nonbonded cutoff is set to    0.0000000000000
 Grid Constants
   Grid dimension      11      11       9
   Grid spacing set to     4.000
   Grid boundary
        -7.500    40.500
        -6.500    41.500
         0.000    40.000

 Dielectric Map
   Use cavity radii in the prmtop file

   Use probe-based SES definition
     Compute SAS/SAR every           1 steps
     Solvent probe radius   1.40000000000000
     Surface dots per atom     366
     Buried atom radii increment   0.79800000000000
     Threshhold for exposed atom   0.08000000000000
     Current SAS 992.63787209233601

 Boundary conditions
   sum of grid charges as independent DH spheres

 Physical constants
   Solute dielectric constant  :   1.00000000000000
   Solvent dielectric constant :   80.0000000000000
   Temperature (K)             :   300.000000000000
   Ionic strength (mM)         :   0.00000000000000
   Debye-Huckel parameter (1/A):   0.00000000000000

FD Solver Option
   Use Modified ICCG solver

 Iteration data
   Maximum iterations  :         100
   Convergence criteria:  1.000000000000000E-03
   Iterations required        :     6
   Norm of the constant vector:       578.4435646167
   Norm of the residual vector:      0.3716916142846
   Convergence achieved       :  6.4257195865056050E-04

 Total molecular surface    675.8367

 ======== FDPB Summary ========

 Do FDPB every           1 steps
 Nonbonded Update
   residue cutoff is set to   99.9000000000000
   fdpb cutoff is set to    5.0000000000000
   sas cutoff is set to    9.0000000000000
   nonbonded cutoff is set to    0.0000000000000
 Grid Constants
   Grid dimension      49      51      43
   Grid spacing set to     0.500
   Grid boundary
         4.000    29.000
         4.500    30.500
         9.000    31.000

 Dielectric Map
   Use cavity radii in the prmtop file

   Use probe-based SES definition
     Compute SAS/SAR every           1 steps
     Solvent probe radius   1.40000000000000
     Surface dots per atom     366
     Buried atom radii increment   0.79800000000000
     Threshhold for exposed atom   0.08000000000000
     Current SAS 992.63787209233601

 Boundary conditions
   sum of grid charges as independent DH spheres

 Physical constants
   Solute dielectric constant  :   1.00000000000000
   Solvent dielectric constant :   80.0000000000000
   Temperature (K)             :   300.000000000000
   Ionic strength (mM)         :   0.00000000000000
   Debye-Huckel parameter (1/A):   0.00000000000000

FD Solver Option
   Use Modified ICCG solver

 Iteration data
   Maximum iterations  :         100
   Convergence criteria:  1.000000000000000E-03
   Iterations required        :    15
   Norm of the constant vector:    138783.9261145926
   Norm of the residual vector:    105.9355388401288
   Convergence achieved       :  7.6331273949303618E-04

 Total surface charge       0.9877
 Reaction field energy   -190.5455
 Nonpolar SAS/SAV    992.6379      0.0000
 Cavity solvation energy      4.9632

 NSTEP =        1   TIME(PS) =       0.000  TEMP(K) =     0.00  PRESS =     0.0
 Etot   =      -646.4312  EKtot   =         0.0000  EPtot      =         0.0000
 BOND   =         0.0000  ANGLE   =         0.0000  DIHED      =         0.0000
 1-4 NB =         0.0000  1-4 EEL =         0.0000  VDWAALS    =       -51.7214
 EELEC  =      -409.1274  EPB     =      -190.5455  RESTRAINT  =         0.0000
 ECAVITY=         4.9632  EDISPER =         0.0000
 ------------------------------------------------------------------------------



  Maximum number of minimization cycles reached.


                    FINAL RESULTS


 NSTEP =        1   TIME(PS) =       0.000  TEMP(K) =     0.00  PRESS =     0.0
 Etot   =      -646.4312  EKtot   =         0.0000  EPtot      =         0.0000
 BOND   =         0.0000  ANGLE   =         0.0000  DIHED      =         0.0000
 1-4 NB =         0.0000  1-4 EEL =         0.0000  VDWAALS    =       -51.7214
 EELEC  =      -409.1274  EPB     =      -190.5455  RESTRAINT  =         0.0000
 ECAVITY=         4.9632  EDISPER =         0.0000
 ------------------------------------------------------------------------------


--------------------------------------------------------------------------------
   5.  TIMINGS
--------------------------------------------------------------------------------

| Total time                     0.13
| Read prm/crd time              0.01
| Force time                     0.12
| Nonbond force                  0.12
| PB Nonbond                     0.12
| PB FD grid                     0.00
| PB Sasa                        0.02
| PB FD force                    0.12
| PB Set linear sys              0.06
| PB Solver                      0.06
| PB SA srf                      0.00
| PB SA arc                      0.02
| PB circle                      0.02
| PB exclude                     0.01
| PB exmol                       0.05
| PB exmol setup                 0.01
| PB exmol part a                0.00
| PB exmol part b                0.00
| PB exmol part c                0.00
| PB exmol part d                0.00
| PB exmol part e                0.00
| PB exmol part f                0.01
| PB epsbnd                      0.00
| PB epsmap                      0.00
|           Job began  at 20:51:48.495  on 08/29/2021
|           Setup done at 20:51:48.501  on 08/29/2021
|           Run   done at 20:51:48.622  on 08/29/2021
|     wallclock() was called     110 times
