
          -------------------------------------------------------
          GBNSR6 2015                       
          -------------------------------------------------------

| Run on 08/29/2021 at 16:21:45
  [-O]verwriting output

File Assignments:
|  MDIN: ../scripts/gbnsr6.in                                                  
| MDOUT: guest-gb.out                                                          
|INPCRD: guest.crd                                                             
|  PARM: guest.prmtop                                                          
|

 Here is the input file:

compute                                                                        
&cntrl                                                                         
inp=1                                                                          
/                                                                              
&gb                                                                            
epsin=1.0, epsout=80, istrng=0, space=0.5,                                     
arcres=0.2, B=0.028, alpb=1, rbornstat=0, cavity_surften=0.005                 
/                                                                              

--------------------------------------------------------------------------------
   1.  RESOURCE   USE: 
--------------------------------------------------------------------------------

| Flags:                                                                        
| New format PARM file being parsed.
| Version =    1.000 Date = 08/29/21 Time = 16:05:10
 NATOM  =      15 NTYPES =       6 NBONH =       7 MBONA  =       7
 NTHETH =      16 MTHETA =       7 NPHIH =      31 MPHIA  =       6
 NHPARM =       0 NPARM  =       0 NNB   =      67 NRES   =       1
 NBONA  =       7 NTHETA =       7 NPHIA =       6 NUMBND =       7
 NUMANG =      11 NPTRA  =       7 NATYP =      12 NPHB   =       0
 IFBOX  =       1 NMXRS  =      15 IFCAP =       0 NEXTRA =       0
 NCOPY  =       0

GB Warning in  gb_read(): B=0 is recommended for molecules with more than 50 atoms

|     Memory Use     Allocated
|     Real                 593
|     Hollerith             93
|     Integer            18577
|     Max Pairs              1
|     Max Rstack             1
|     Max Istack             1
|       Total               77 kbytes

| Note: 1-4 EEL scale factors are being read from the topology file.

     BOX TYPE: RECTILINEAR

--------------------------------------------------------------------------------
   2.  ATOMIC COORDINATES AND VELOCITIES
--------------------------------------------------------------------------------

Cpptraj Generated Restart                                                       
 begin time read from input coords =     1.000 ps

 Number of triangulated 3-point waters found:        0

--------------------------------------------------------------------------------
   3.  RESULTS
--------------------------------------------------------------------------------

 Cavity solvation energy      1.5335

 NSTEP =        1   TIME(PS) =       0.000  TEMP(K) =     0.00  PRESS =     0.0
 Etot   =       -69.6605  EKtot   =         0.0000  EPtot      =         0.0000
 BOND   =         0.0000  ANGLE   =         0.0000  DIHED      =         0.0000
 1-4 NB =         0.0000  1-4 EEL =         8.0958  VDWAALS    =         0.0000
 EELEC  =         3.3681  EGB     =       -82.6579  RESTRAINT  =         0.0000
 ESURF  =         1.5335
 ------------------------------------------------------------------------------



  Maximum number of minimization cycles reached.


                    FINAL RESULTS


 NSTEP =        1   TIME(PS) =       0.000  TEMP(K) =     0.00  PRESS =     0.0
 Etot   =       -69.6605  EKtot   =         0.0000  EPtot      =         0.0000
 BOND   =         0.0000  ANGLE   =         0.0000  DIHED      =         0.0000
 1-4 NB =         0.0000  1-4 EEL =         8.0958  VDWAALS    =         0.0000
 EELEC  =         3.3681  EGB     =       -82.6579  RESTRAINT  =         0.0000
 ESURF  =         1.5335
 ------------------------------------------------------------------------------

|           Job began  at 16:21:45.906  on 08/29/2021
|           Setup done at 16:21:45.909  on 08/29/2021
|           Run   done at 16:21:45.917  on 08/29/2021
|     wallclock() was called      72 times
