
          -------------------------------------------------------
          GBNSR6 2015                       
          -------------------------------------------------------

| Run on 11/06/2021 at 09:46:50
  [-O]verwriting output

File Assignments:
|  MDIN: ../scripts/gbnsr6.in                                                  
| MDOUT: host-gb-radii.out                                                     
|INPCRD: host.crd                                                              
|  PARM: host.prmtop                                                           
|

 Here is the input file:

compute                                                                        
&cntrl                                                                         
inp=1                                                                          
/                                                                              
&gb                                                                            
epsin=1.0, epsout=80, istrng=0, space=0.5,                                     
arcres=0.2, B=0.028, alpb=1, rbornstat=0, rbornstat=1, cavity_surften=0.005    
/                                                                              

--------------------------------------------------------------------------------
   1.  RESOURCE   USE: 
--------------------------------------------------------------------------------

| Flags:                                                                        
| New format PARM file being parsed.
| Version =    1.000 Date = 08/29/21 Time = 13:29:59
 NATOM  =     126 NTYPES =       6 NBONH =      60 MBONA  =      72
 NTHETH =     138 MTHETA =     108 NPHIH =     252 MPHIA  =     216
 NHPARM =       0 NPARM  =       0 NNB   =     762 NRES   =       6
 NBONA  =      72 NTHETA =     108 NPHIA =     216 NUMBND =       6
 NUMANG =      12 NPTRA  =      20 NATYP =      15 NPHB   =       0
 IFBOX  =       1 NMXRS  =      21 IFCAP =       0 NEXTRA =       0
 NCOPY  =       0


|     Memory Use     Allocated
|     Real                4721
|     Hollerith            764
|     Integer            23829
|     Max Pairs              1
|     Max Rstack             1
|     Max Istack             1
|       Total              132 kbytes

| Note: 1-4 EEL scale factors are being read from the topology file.

     BOX TYPE: RECTILINEAR

--------------------------------------------------------------------------------
   2.  ATOMIC COORDINATES AND VELOCITIES
--------------------------------------------------------------------------------

Cpptraj Generated Restart                                                       
 begin time read from input coords =   551.000 ps

 Number of triangulated 3-point waters found:        0

--------------------------------------------------------------------------------
   3.  RESULTS
--------------------------------------------------------------------------------

Print:    Atom number      Inverse Effective Born Radii
rinv           1            0.36081573
rinv           2            0.56114673
rinv           3            0.37052522
rinv           4            0.38805202
rinv           5            0.59219674
rinv           6            0.55094317
rinv           7            0.61019034
rinv           8            0.37203299
rinv           9            0.54090233
rinv          10            0.54866199
rinv          11            0.86841092
rinv          12            0.33347873
rinv          13            0.51786187
rinv          14            0.33385065
rinv          15            0.48114223
rinv          16            0.41742441
rinv          17            0.42560939
rinv          18            0.51261873
rinv          19            0.61527270
rinv          20            0.56869064
rinv          21            0.84559878
rinv          22            0.36328636
rinv          23            0.56451742
rinv          24            0.36696843
rinv          25            0.39657783
rinv          26            0.60765380
rinv          27            0.54491909
rinv          28            0.65902884
rinv          29            0.38183508
rinv          30            0.56782657
rinv          31            0.54120090
rinv          32            0.90863403
rinv          33            0.34205575
rinv          34            0.52339938
rinv          35            0.34590500
rinv          36            0.49800510
rinv          37            0.46255635
rinv          38            0.43055138
rinv          39            0.53544151
rinv          40            0.62266498
rinv          41            0.54505209
rinv          42            0.92698260
rinv          43            0.35953755
rinv          44            0.56229264
rinv          45            0.33975538
rinv          46            0.39219285
rinv          47            0.60401999
rinv          48            0.55263882
rinv          49            0.59894516
rinv          50            0.36867051
rinv          51            0.52800478
rinv          52            0.54631895
rinv          53            0.91012877
rinv          54            0.33289315
rinv          55            0.51490352
rinv          56            0.34237696
rinv          57            0.49255445
rinv          58            0.43648270
rinv          59            0.43401762
rinv          60            0.51533329
rinv          61            0.63064087
rinv          62            0.57298010
rinv          63            0.87408579
rinv          64            0.36791443
rinv          65            0.57037977
rinv          66            0.36591818
rinv          67            0.39547647
rinv          68            0.61116480
rinv          69            0.54351057
rinv          70            0.59885776
rinv          71            0.37232765
rinv          72            0.55720407
rinv          73            0.54334830
rinv          74            0.89439398
rinv          75            0.33141995
rinv          76            0.52292921
rinv          77            0.32992314
rinv          78            0.47242634
rinv          79            0.44613147
rinv          80            0.42611535
rinv          81            0.53088249
rinv          82            0.59303056
rinv          83            0.56675861
rinv          84            0.86234723
rinv          85            0.36456236
rinv          86            0.57043609
rinv          87            0.36575563
rinv          88            0.39970748
rinv          89            0.59826913
rinv          90            0.54449746
rinv          91            0.68845841
rinv          92            0.36832356
rinv          93            0.54121188
rinv          94            0.53507484
rinv          95            0.85165604
rinv          96            0.33436666
rinv          97            0.52899559
rinv          98            0.34106885
rinv          99            0.48739159
rinv         100            0.44248742
rinv         101            0.42771002
rinv         102            0.63316957
rinv         103            0.50670612
rinv         104            0.56338851
rinv         105            0.93886368
rinv         106            0.38089956
rinv         107            0.59068370
rinv         108            0.34527347
rinv         109            0.40227172
rinv         110            0.61764817
rinv         111            0.54670691
rinv         112            0.63243686
rinv         113            0.37678229
rinv         114            0.54070124
rinv         115            0.54546226
rinv         116            0.90983667
rinv         117            0.33269487
rinv         118            0.50868313
rinv         119            0.33689078
rinv         120            0.47986828
rinv         121            0.43957414
rinv         122            0.42875589
rinv         123            0.51536565
rinv         124            0.62098846
rinv         125            0.56747442
rinv         126            0.89116388

 Cavity solvation energy      5.0640

 NSTEP =        1   TIME(PS) =       0.000  TEMP(K) =     0.00  PRESS =     0.0
 Etot   =       -92.1900  EKtot   =         0.0000  EPtot      =         0.0000
 BOND   =         0.0000  ANGLE   =         0.0000  DIHED      =         0.0000
 1-4 NB =         0.0000  1-4 EEL =       416.6301  VDWAALS    =         0.0000
 EELEC  =      -422.5059  EGB     =       -91.3782  RESTRAINT  =         0.0000
 ESURF  =         5.0640
 ------------------------------------------------------------------------------



  Maximum number of minimization cycles reached.


                    FINAL RESULTS


 NSTEP =        1   TIME(PS) =       0.000  TEMP(K) =     0.00  PRESS =     0.0
 Etot   =       -92.1900  EKtot   =         0.0000  EPtot      =         0.0000
 BOND   =         0.0000  ANGLE   =         0.0000  DIHED      =         0.0000
 1-4 NB =         0.0000  1-4 EEL =       416.6301  VDWAALS    =         0.0000
 EELEC  =      -422.5059  EGB     =       -91.3782  RESTRAINT  =         0.0000
 ESURF  =         5.0640
 ------------------------------------------------------------------------------

|           Job began  at 09:46:50.134  on 11/06/2021
|           Setup done at 09:46:50.137  on 11/06/2021
|           Run   done at 09:46:50.189  on 11/06/2021
|     wallclock() was called      72 times
