
          -------------------------------------------------------
          GBNSR6 2015                       
          -------------------------------------------------------

| Run on 09/26/2021 at 22:14:27
  [-O]verwriting output

File Assignments:
|  MDIN: ../../../scripts/gbnsr6.in                                            
| MDOUT: complex-gb.out                                                        
|INPCRD: ../top_crd/complex.crd                                                
|  PARM: ../top_crd/complex.top                                                
|

 Here is the input file:

compute                                                                        
&cntrl                                                                         
inp=1                                                                          
/                                                                              
&gb                                                                            
epsin=1.0, epsout=80, istrng=0, space=0.5,                                     
arcres=0.2, B=0.028, alpb=1, rbornstat=0, cavity_surften=0.005                 
/                                                                              

--------------------------------------------------------------------------------
   1.  RESOURCE   USE: 
--------------------------------------------------------------------------------

| Flags:                                                                        
| New format PARM file being parsed.
| Version =    1.000 Date = 09/26/21 Time = 22:06:46
 NATOM  =    6860 NTYPES =      28 NBONH =    3445 MBONA  =    3465
 NTHETH =    7849 MTHETA =    4677 NPHIH =   15685 MPHIA  =   15037
 NHPARM =       0 NPARM  =       0 NNB   =   37907 NRES   =     427
 NBONA  =    3465 NTHETA =    4677 NPHIA =   15037 NUMBND =      83
 NUMANG =     190 NPTRA  =     211 NATYP =      47 NPHB   =       0
 IFBOX  =       0 NMXRS  =      42 IFCAP =       0 NEXTRA =       0
 NCOPY  =       0


|     Memory Use     Allocated
|     Real              254011
|     Hollerith          41589
|     Integer           345595
|     Max Pairs              1
|     Max Rstack             1
|     Max Istack             1
|       Total             3496 kbytes

| Note: 1-4 EEL scale factors are being read from the topology file.

--------------------------------------------------------------------------------
   2.  ATOMIC COORDINATES AND VELOCITIES
--------------------------------------------------------------------------------

default_name                                                                    
 begin time read from input coords =     0.000 ps

 Number of triangulated 3-point waters found:        0

--------------------------------------------------------------------------------
   3.  RESULTS
--------------------------------------------------------------------------------

 Cavity solvation energy     93.5172

 NSTEP =        1   TIME(PS) =       0.000  TEMP(K) =     0.00  PRESS =     0.0
 Etot   =    -18477.9866  EKtot   =         0.0000  EPtot      =         0.0000
 BOND   =         0.0000  ANGLE   =         0.0000  DIHED      =         0.0000
 1-4 NB =         0.0000  1-4 EEL =     17353.9684  VDWAALS    =         0.0000
 EELEC  =    -29688.6693  EGB     =     -6236.8029  RESTRAINT  =         0.0000
 ESURF  =        93.5172
 ------------------------------------------------------------------------------



  Maximum number of minimization cycles reached.


                    FINAL RESULTS


 NSTEP =        1   TIME(PS) =       0.000  TEMP(K) =     0.00  PRESS =     0.0
 Etot   =    -18477.9866  EKtot   =         0.0000  EPtot      =         0.0000
 BOND   =         0.0000  ANGLE   =         0.0000  DIHED      =         0.0000
 1-4 NB =         0.0000  1-4 EEL =     17353.9684  VDWAALS    =         0.0000
 EELEC  =    -29688.6693  EGB     =     -6236.8029  RESTRAINT  =         0.0000
 ESURF  =        93.5172
 ------------------------------------------------------------------------------

|           Job began  at 22:14:27.547  on 09/26/2021
|           Setup done at 22:14:27.612  on 09/26/2021
|           Run   done at 22:14:33.443  on 09/26/2021
|     wallclock() was called      72 times
