
          -------------------------------------------------------
          GBNSR6 2015                       
          -------------------------------------------------------

| Run on 09/29/2021 at 22:25:32

File Assignments:
|  MDIN: ../../../scripts/gbnsr6.in                                            
| MDOUT: host-gb.out                                                           
|INPCRD: host.crd                                                              
|  PARM: host.prmtop                                                           
|

 Here is the input file:

compute                                                                        
&cntrl                                                                         
inp=1                                                                          
/                                                                              
&gb                                                                            
epsin=1.0, epsout=80, istrng=0, space=0.5,                                     
arcres=0.2, B=0.028, alpb=1, rbornstat=0, cavity_surften=0.005                 
/                                                                              

--------------------------------------------------------------------------------
   1.  RESOURCE   USE: 
--------------------------------------------------------------------------------

| Flags:                                                                        
| New format PARM file being parsed.
| Version =    1.000 Date = 09/29/21 Time = 22:19:40
 NATOM  =     196 NTYPES =       7 NBONH =      64 MBONA  =     152
 NTHETH =     144 MTHETA =     232 NPHIH =     304 MPHIA  =     376
 NHPARM =       0 NPARM  =       0 NNB   =    1167 NRES   =       1
 NBONA  =     152 NTHETA =     232 NPHIA =     376 NUMBND =      11
 NUMANG =      22 NPTRA  =      12 NATYP =      13 NPHB   =       0
 IFBOX  =       1 NMXRS  =     196 IFCAP =       0 NEXTRA =       0
 NCOPY  =       0


|     Memory Use     Allocated
|     Real                7353
|     Hollerith           1179
|     Integer            26739
|     Max Pairs              1
|     Max Rstack             1
|     Max Istack             1
|       Total              166 kbytes

| Note: 1-4 EEL scale factors are being read from the topology file.

     BOX TYPE: RECTILINEAR

--------------------------------------------------------------------------------
   2.  ATOMIC COORDINATES AND VELOCITIES
--------------------------------------------------------------------------------

Cpptraj Generated Restart                                                       
 begin time read from input coords =     0.000 ps

 Number of triangulated 3-point waters found:        0

--------------------------------------------------------------------------------
   3.  RESULTS
--------------------------------------------------------------------------------

 Cavity solvation energy      8.7131

 NSTEP =        1   TIME(PS) =       0.000  TEMP(K) =     0.00  PRESS =     0.0
 Etot   =      -799.7255  EKtot   =         0.0000  EPtot      =         0.0000
 BOND   =         0.0000  ANGLE   =         0.0000  DIHED      =         0.0000
 1-4 NB =         0.0000  1-4 EEL =       109.8633  VDWAALS    =         0.0000
 EELEC  =       432.2248  EGB     =     -1350.5267  RESTRAINT  =         0.0000
 ESURF  =         8.7131
 ------------------------------------------------------------------------------



  Maximum number of minimization cycles reached.


                    FINAL RESULTS


 NSTEP =        1   TIME(PS) =       0.000  TEMP(K) =     0.00  PRESS =     0.0
 Etot   =      -799.7255  EKtot   =         0.0000  EPtot      =         0.0000
 BOND   =         0.0000  ANGLE   =         0.0000  DIHED      =         0.0000
 1-4 NB =         0.0000  1-4 EEL =       109.8633  VDWAALS    =         0.0000
 EELEC  =       432.2248  EGB     =     -1350.5267  RESTRAINT  =         0.0000
 ESURF  =         8.7131
 ------------------------------------------------------------------------------

|           Job began  at 22:25:32.981  on 09/29/2021
|           Setup done at 22:25:32.985  on 09/29/2021
|           Run   done at 22:25:33.090  on 09/29/2021
|     wallclock() was called      72 times
