
          -------------------------------------------------------
          GBNSR6 2015                       
          -------------------------------------------------------

| Run on 11/06/2021 at 09:46:49
  [-O]verwriting output

File Assignments:
|  MDIN: ../scripts/gbnsr6.in                                                  
| MDOUT: guest-gb-radii.out                                                    
|INPCRD: guest.crd                                                             
|  PARM: guest.prmtop                                                          
|

 Here is the input file:

compute                                                                        
&cntrl                                                                         
inp=1                                                                          
/                                                                              
&gb                                                                            
epsin=1.0, epsout=80, istrng=0, space=0.5,                                     
arcres=0.2, B=0.028, alpb=1, rbornstat=0, rbornstat=1, cavity_surften=0.005    
/                                                                              

--------------------------------------------------------------------------------
   1.  RESOURCE   USE: 
--------------------------------------------------------------------------------

| Flags:                                                                        
| New format PARM file being parsed.
| Version =    1.000 Date = 08/29/21 Time = 13:29:58
 NATOM  =      26 NTYPES =       5 NBONH =      18 MBONA  =       7
 NTHETH =      41 MTHETA =       7 NPHIH =      58 MPHIA  =      13
 NHPARM =       0 NPARM  =       0 NNB   =     137 NRES   =       1
 NBONA  =       7 NTHETA =       7 NPHIA =      13 NUMBND =       5
 NUMANG =       8 NPTRA  =       6 NATYP =      15 NPHB   =       0
 IFBOX  =       1 NMXRS  =      26 IFCAP =       0 NEXTRA =       0
 NCOPY  =       0

GB Warning in  gb_read(): B=0 is recommended for molecules with more than 50 atoms

|     Memory Use     Allocated
|     Real                1000
|     Hollerith            159
|     Integer            19068
|     Max Pairs              1
|     Max Rstack             1
|     Max Istack             1
|       Total               82 kbytes

| Note: 1-4 EEL scale factors are being read from the topology file.

     BOX TYPE: RECTILINEAR

--------------------------------------------------------------------------------
   2.  ATOMIC COORDINATES AND VELOCITIES
--------------------------------------------------------------------------------

Cpptraj Generated Restart                                                       
 begin time read from input coords =   551.000 ps

 Number of triangulated 3-point waters found:        0

--------------------------------------------------------------------------------
   3.  RESULTS
--------------------------------------------------------------------------------

Print:    Atom number      Inverse Effective Born Radii
rinv           1            0.49817465
rinv           2            0.66737804
rinv           3            0.64641847
rinv           4            0.64220704
rinv           5            0.44429088
rinv           6            0.62466571
rinv           7            0.62344152
rinv           8            0.41785731
rinv           9            0.59522386
rinv          10            0.59608917
rinv          11            0.41199959
rinv          12            0.57899146
rinv          13            0.58904117
rinv          14            0.41033433
rinv          15            0.59491159
rinv          16            0.59204200
rinv          17            0.39775630
rinv          18            0.59096719
rinv          19            0.46769947
rinv          20            0.60934952
rinv          21            0.64898173
rinv          22            0.62551454
rinv          23            0.48543696
rinv          24            0.63353871
rinv          25            0.64103018
rinv          26            0.64590666

 Cavity solvation energy      1.8537

 NSTEP =        1   TIME(PS) =       0.000  TEMP(K) =     0.00  PRESS =     0.0
 Etot   =       -59.0690  EKtot   =         0.0000  EPtot      =         0.0000
 BOND   =         0.0000  ANGLE   =         0.0000  DIHED      =         0.0000
 1-4 NB =         0.0000  1-4 EEL =       -49.3723  VDWAALS    =         0.0000
 EELEC  =        52.0518  EGB     =       -63.6022  RESTRAINT  =         0.0000
 ESURF  =         1.8537
 ------------------------------------------------------------------------------



  Maximum number of minimization cycles reached.


                    FINAL RESULTS


 NSTEP =        1   TIME(PS) =       0.000  TEMP(K) =     0.00  PRESS =     0.0
 Etot   =       -59.0690  EKtot   =         0.0000  EPtot      =         0.0000
 BOND   =         0.0000  ANGLE   =         0.0000  DIHED      =         0.0000
 1-4 NB =         0.0000  1-4 EEL =       -49.3723  VDWAALS    =         0.0000
 EELEC  =        52.0518  EGB     =       -63.6022  RESTRAINT  =         0.0000
 ESURF  =         1.8537
 ------------------------------------------------------------------------------

|           Job began  at 09:46:49.546  on 11/06/2021
|           Setup done at 09:46:49.548  on 11/06/2021
|           Run   done at 09:46:49.558  on 11/06/2021
|     wallclock() was called      72 times
