
          -------------------------------------------------------
          PBSA VERSION 2019                       UC Irvine
          -------------------------------------------------------

| Run on 09/26/2021 at 23:38:14
  [-O]verwriting output

File Assignments:
|  MDIN: ../../../scripts/pbsa.in                                              
| MDOUT: lig-pb.out                                                            
|INPCRD: ../top_crd/lig.crd                                                    
|  PARM: ../top_crd/lig.top                                                    
|

 Here is the input file:

Sample single point PB calculation                                             
&cntrl                                                                         
ipb=1, inp=1                                                                   
/                                                                              
&pb                                                                            
npbverb=1, fillratio=1.5, saopt=1, radiopt=0, epsin=1.0, epsout=80             
/                                                                              
 PBSA Warning in pb_read(): sprob=0.557 is optimized for inp=2 and  should not be used with inp=1. It has been reset to 1.4.
 PBSA Warning in pb_read(): cavity_surften=0.0378 is optimized for inp=2  and should not be used with inp=1. It has been reset to 0.005000.
 PBSA Warning in pb_read(): cavity_offset=-0.5692 is optimized for inp=2  and should not be used with inp=1. It has been reset to 0.000.

--------------------------------------------------------------------------------
   1.  RESOURCE   USE: 
--------------------------------------------------------------------------------

| Flags:                                                                        
| New format PARM file being parsed.
| Version =    1.000 Date = 09/26/21 Time = 22:07:01
 NATOM  =      42 NTYPES =       7 NBONH =      14 MBONA  =      28
 NTHETH =      26 MTHETA =      46 NPHIH =      70 MPHIA  =      88
 NHPARM =       0 NPARM  =       0 NNB   =     216 NRES   =       1
 NBONA  =      28 NTHETA =      46 NPHIA =      88 NUMBND =       8
 NUMANG =      14 NPTRA  =      22 NATYP =       7 NPHB   =       0
 IFBOX  =       0 NMXRS  =      42 IFCAP =       0 NEXTRA =       0
 NCOPY  =       0


|     Memory Use     Allocated
|     Real                1595
|     Hollerith            129
|     Integer            21857
|     Max Pairs              1
|     Max Rstack             1
|     Max Istack             1
|       Total               98 kbytes

--------------------------------------------------------------------------------
   2.  CONTROL  DATA  FOR  THE  RUN
--------------------------------------------------------------------------------

default_name                                                                    

General flags:
     imin    =       1, nmropt  =       0

Nature and format of input:
     ntx     =       1, irest   =       0, ntrx    =       1

Nature and format of output:
     ntxo    =       1, ntpr    =      50, ntrx    =       1, ntwr    =     500
     iwrap   =       0, ntwx    =       0, ntwv    =       0, ntwe    =       0
     ioutfm  =       0, ntwprt  =       0, idecomp =       0, rbornstat=      0

Potential function:
     ntf     =       1, ntb     =       1, ipb     =       1, nsnb    =      25
     ipol    =       0, gbsa    =       0, iesp    =       0
     dielc   =   1.00000, cut     =   8.00000, intdiel =   1.00000

Frozen or restrained atoms:
     ibelly  =       0, ntr     =       0

Energy minimization:
     maxcyc  =       1, ncyc    =      10, ntmin   =       1
     dx0     =   0.01000, drms    =   0.00010

======== Implicit Solvent Initialization ========

     Max Nonbonded Pairs:      882      882

 no. of atoms processed in PB initialization:    42
  NUM  RESI  NAME  TYPE    CHARGE ATM CRG/H   GRP CRG   PB RADI   NP RADI
    1  LIG   O10   o    -0.821500 -0.821500  0.697300  1.500000  1.524060
    2  LIG   P3    p5    1.518800  1.518800 -0.847300  1.850000  1.847011
    3  LIG   O11   oh   -0.763400 -0.256400  1.262400  1.500000  1.621436
    4  LIG   HO11  ho    0.507000  0.507000  0.507000  0.800000  0.268962
    5  LIG   O12   o    -0.821500 -0.821500  0.697300  1.500000  1.524060
    6  LIG   O3    os   -0.466700 -0.466700  1.514400  1.500000  1.578049
    7  LIG   C3    c3    0.338600  0.462300  0.902200  1.700000  1.698855
    8  LIG   H3    h1    0.123700  0.123700  0.123700  1.300000  1.210999
    9  LIG   C2    c3    0.094100  0.193800  0.748600  1.700000  1.698855
   10  LIG   O2    oh   -0.607800 -0.177300  0.016500  1.500000  1.621436
   11  LIG   HO2   ho    0.430500  0.430500  0.430500  0.800000  0.268962
   12  LIG   H2    h1    0.099700  0.099700  0.099700  1.300000  1.210999
   13  LIG   C1    c3    0.143100  0.269800  0.058200  1.700000  1.698855
   14  LIG   O1    os   -0.599200 -0.599200  1.320100  1.500000  1.578049
   15  LIG   P1    p5    1.649500  1.649500 -0.279800  1.850000  1.847011
   16  LIG   OP1   oh   -0.761900 -0.267400  1.382100  1.500000  1.621436
   17  LIG   HOP1  ho    0.494500  0.494500  0.494500  0.800000  0.268962
   18  LIG   OP2   o    -0.795300 -0.795300  0.854200  1.500000  1.524060
   19  LIG   OP3   oh   -0.761900 -0.267400  1.382100  1.500000  1.621436
   20  LIG   HOP3  ho    0.494500  0.494500  0.494500  0.800000  0.268962
   21  LIG   H1    h1    0.126700  0.126700  0.126700  1.300000  1.210999
   22  LIG   C6    c3    0.094100  0.193800  0.748600  1.700000  1.698855
   23  LIG   O6    oh   -0.607800 -0.177300  0.016500  1.500000  1.621436
   24  LIG   HO6   ho    0.430500  0.430500  0.430500  0.800000  0.268962
   25  LIG   H6    h1    0.099700  0.099700  0.099700  1.300000  1.210999
   26  LIG   C5    c3    0.338600  0.462300  0.902200  1.700000  1.698855
   27  LIG   O5    os   -0.466700 -0.466700  1.514400  1.500000  1.578049
   28  LIG   P5    p5    1.518800  1.518800 -0.847300  1.850000  1.847011
   29  LIG   OP7   o    -0.821500 -0.821500  0.697300  1.500000  1.524060
   30  LIG   OP8   oh   -0.763400 -0.256400  1.262400  1.500000  1.621436
   31  LIG   HOP8  ho    0.507000  0.507000  0.507000  0.800000  0.268962
   32  LIG   OP9   o    -0.821500 -0.821500  0.697300  1.500000  1.524060
   33  LIG   H5    h1    0.123700  0.123700  0.123700  1.300000  1.210999
   34  LIG   C4    c3    0.542100  0.712800  1.237200  1.700000  1.698855
   35  LIG   H4    h1    0.170700  0.170700  0.170700  1.300000  1.210999
   36  LIG   O4    os   -0.400200 -0.400200  1.997100  1.500000  1.578049
   37  LIG   P4    p5    1.684500  1.684500  0.034200  1.850000  1.847011
   38  LIG   OP5   o    -0.739300 -0.739300  0.945200  1.500000  1.524060
   39  LIG   OP6   oh   -0.781400 -0.255400  1.429100  1.500000  1.621436
   40  LIG   HOP6  ho    0.526000  0.526000  0.526000  0.800000  0.268962
   41  LIG   OP4   oh   -0.781400 -0.255400  1.429100  1.500000  1.621436
   42  LIG   HOP4  ho    0.526000  0.526000  0.526000  0.800000  0.268962

 total system charges (+/-) for PB       -0.0000       12.5824      -12.5824
 cavity_surften =        0.0050 cavity_offset =        0.0000

   SAS Surface: surface dots generated:    366

--------------------------------------------------------------------------------
   3.  ATOMIC COORDINATES AND VELOCITIES
--------------------------------------------------------------------------------

default_name                                                                    
 begin time read from input coords =     0.000 ps

 Number of triangulated 3-point waters found:        0

--------------------------------------------------------------------------------
   4.  RESULTS
--------------------------------------------------------------------------------

  NB-update: atom-based nb list      828


======== Setting up Grid Parameters ========
Using bounding box for grid setup
 Bounding Box at level:           2
 Bounding Box Center:      -0.500     4.500    37.500
 Xmin, Xmax, Xmax-Xmin:    -6.542     5.252    11.794
 Ymin, Ymax, Ymax-Ymin:     0.589     8.213     7.624
 Zmin, Zmax, Zmax-Zmin:    31.374    43.246    11.872
 Grid dimension at level     2    43   33   43
 Grid origin corrected at level     2    -11.500    -4.000    26.500
 Bounding Box at level:           1
 Bounding Box Center:      -0.500     4.500    37.500
 Xmin, Xmax, Xmax-Xmin:    -6.542     5.252    11.794
 Ymin, Ymax, Ymax-Ymin:     0.589     8.213     7.624
 Zmin, Zmax, Zmax-Zmin:    31.374    43.246    11.872
PB Warn in setgrd(): focusing grid too large    2
 fillratio is automatically increased to 2.500
 Grid dimension at level     1     9    7    9
 Grid origin corrected at level     1    -20.500   -11.500    17.500
------- VMD goodie --------
#First Level Geometric Box
draw materials off
draw color green
draw line "  -20.500  -11.500   17.500" "   15.500  -11.500   17.500"
draw line "  -20.500  -11.500   17.500" "  -20.500   16.500   17.500"
draw line "  -20.500  -11.500   17.500" "  -20.500  -11.500   53.500"
draw line "   15.500  -11.500   17.500" "   15.500   16.500   17.500"
draw line "   15.500  -11.500   17.500" "   15.500  -11.500   53.500"
draw line "  -20.500   16.500   17.500" "   15.500   16.500   17.500"
draw line "  -20.500   16.500   17.500" "  -20.500   16.500   53.500"
draw line "  -20.500  -11.500   53.500" "   15.500  -11.500   53.500"
draw line "  -20.500  -11.500   53.500" "  -20.500   16.500   53.500"
draw line "   15.500   16.500   53.500" "   15.500   16.500   17.500"
draw line "   15.500   16.500   53.500" "  -20.500   16.500   53.500"
draw line "   15.500   16.500   53.500" "   15.500  -11.500   53.500"
#2nd Level Geometric Box
draw color blue
draw line "  -11.500   -4.000   26.500" "   10.500   -4.000   26.500"
draw line "  -11.500   -4.000   26.500" "  -11.500   13.000   26.500"
draw line "  -11.500   -4.000   26.500" "  -11.500   -4.000   48.500"
draw line "   10.500   -4.000   26.500" "   10.500   13.000   26.500"
draw line "   10.500   -4.000   26.500" "   10.500   -4.000   48.500"
draw line "  -11.500   13.000   26.500" "   10.500   13.000   26.500"
draw line "  -11.500   13.000   26.500" "  -11.500   13.000   48.500"
draw line "  -11.500   -4.000   48.500" "   10.500   -4.000   48.500"
draw line "  -11.500   -4.000   48.500" "  -11.500   13.000   48.500"
draw line "   10.500   13.000   48.500" "   10.500   13.000   26.500"
draw line "   10.500   13.000   48.500" "  -11.500   13.000   48.500"
draw line "   10.500   13.000   48.500" "   10.500   -4.000   48.500"
--- End VMD goodie --------

======== Setting up Solvent Accessibility Data ========
Setting up working radii
Number of SA srf points exposed  2040
 Number of SA arcs generated   560
 Number of SA arc points exposed        1000 Number of trimer arc points exposed          76
 with resolution (A) = .250000E+00

Atomic solvent accessible surface area:
           1   45.3340403499492
           2    2.9012522320037
           3   30.3189441830871
           4    3.9882776244917
           5   26.8539219907343
           6    3.4650221923528
           7    0.0000000000000
           8    4.0047581105433
           9    0.0000000000000
          10   23.1001479490187
          11    6.6471293741528
          12    8.0095162210866
          13    0.0000000000000
          14    7.2187962340683
          15    2.9012522320037
          16   41.2915144588710
          17    9.1398028894601
          18   35.8052293209790
          19   25.6989145932833
          20    9.9706940612292
          21    4.7556502562702
          22    0.0000000000000
          23   22.2338924009305
          24    2.1603170465997
          25   18.0214114974449
          26    0.0000000000000
          27    6.6412925353429
          28    3.2639087610042
          29   22.2338924009305
          30   32.9177108273517
          31    2.9912082183688
          32   46.2002958980374
          33    5.7568397839060
          34    0.0000000000000
          35    4.5053528743612
          36    0.8662555480882
          37    2.9012522320037
          38   28.0089293881852
          39   30.3189441830871
          40    0.0000000000000
          41   28.5864330869107
          42    5.6500599680299

 ======== FDPB Summary ========

 Do FDPB every           1 steps
 Nonbonded Update
   residue cutoff is set to   99.9000000000000
   fdpb cutoff is set to    5.0000000000000
   sas cutoff is set to    9.0000000000000
   nonbonded cutoff is set to    0.0000000000000
 Grid Constants
   Grid dimension       9       7       9
   Grid spacing set to     4.000
   Grid boundary
       -20.500    19.500
       -11.500    20.500
        17.500    57.500

 Dielectric Map
   Use cavity radii in the prmtop file

   Use probe-based SES definition
     Compute SAS/SAR every           1 steps
     Solvent probe radius   1.40000000000000
     Surface dots per atom     366
     Buried atom radii increment   0.79800000000000
     Threshhold for exposed atom   0.08000000000000
     Current SAS 554.66286092416794

 Boundary conditions
   sum of grid charges as independent DH spheres

 Physical constants
   Solute dielectric constant  :   1.00000000000000
   Solvent dielectric constant :   80.0000000000000
   Temperature (K)             :   300.000000000000
   Ionic strength (mM)         :   0.00000000000000
   Debye-Huckel parameter (1/A):   0.00000000000000

FD Solver Option
   Use Modified ICCG solver

 Iteration data
   Maximum iterations  :         100
   Convergence criteria:  1.000000000000000E-03
   Iterations required        :     6
   Norm of the constant vector:       235.1258751033
   Norm of the residual vector:      0.0755035894118
   Convergence achieved       :  3.2111986559812462E-04

 Total molecular surface    313.9822

 ======== FDPB Summary ========

 Do FDPB every           1 steps
 Nonbonded Update
   residue cutoff is set to   99.9000000000000
   fdpb cutoff is set to    5.0000000000000
   sas cutoff is set to    9.0000000000000
   nonbonded cutoff is set to    0.0000000000000
 Grid Constants
   Grid dimension      43      33      43
   Grid spacing set to     0.500
   Grid boundary
       -11.500    10.500
        -4.000    13.000
        26.500    48.500

 Dielectric Map
   Use cavity radii in the prmtop file

   Use probe-based SES definition
     Compute SAS/SAR every           1 steps
     Solvent probe radius   1.40000000000000
     Surface dots per atom     366
     Buried atom radii increment   0.79800000000000
     Threshhold for exposed atom   0.08000000000000
     Current SAS 554.66286092416794

 Boundary conditions
   sum of grid charges as independent DH spheres

 Physical constants
   Solute dielectric constant  :   1.00000000000000
   Solvent dielectric constant :   80.0000000000000
   Temperature (K)             :   300.000000000000
   Ionic strength (mM)         :   0.00000000000000
   Debye-Huckel parameter (1/A):   0.00000000000000

FD Solver Option
   Use Modified ICCG solver

 Iteration data
   Maximum iterations  :         100
   Convergence criteria:  1.000000000000000E-03
   Iterations required        :    13
   Norm of the constant vector:     94394.8551530530
   Norm of the residual vector:     93.9130974408941
   Convergence achieved       :  9.9489635625397434E-04

 Total surface charge      -0.0001
 Reaction field energy   -163.7754
 Nonpolar SAS/SAV    554.6629      0.0000
 Cavity solvation energy      2.7733

 NSTEP =        1   TIME(PS) =       0.000  TEMP(K) =     0.00  PRESS =     0.0
 Etot   =      -437.6211  EKtot   =         0.0000  EPtot      =         0.0000
 BOND   =         0.0000  ANGLE   =         0.0000  DIHED      =         0.0000
 1-4 NB =         0.0000  1-4 EEL =         0.0000  VDWAALS    =         1.0951
 EELEC  =      -277.7142  EPB     =      -163.7754  RESTRAINT  =         0.0000
 ECAVITY=         2.7733  EDISPER =         0.0000
 ------------------------------------------------------------------------------



  Maximum number of minimization cycles reached.


                    FINAL RESULTS


 NSTEP =        1   TIME(PS) =       0.000  TEMP(K) =     0.00  PRESS =     0.0
 Etot   =      -437.6211  EKtot   =         0.0000  EPtot      =         0.0000
 BOND   =         0.0000  ANGLE   =         0.0000  DIHED      =         0.0000
 1-4 NB =         0.0000  1-4 EEL =         0.0000  VDWAALS    =         1.0951
 EELEC  =      -277.7142  EPB     =      -163.7754  RESTRAINT  =         0.0000
 ECAVITY=         2.7733  EDISPER =         0.0000
 ------------------------------------------------------------------------------


--------------------------------------------------------------------------------
   5.  TIMINGS
--------------------------------------------------------------------------------

| Total time                     0.05
| Read prm/crd time              0.01
| Force time                     0.04
| Nonbond force                  0.04
| PB Nonbond                     0.04
| PB FD grid                     0.00
| PB Sasa                        0.00
| PB FD force                    0.04
| PB Set linear sys              0.01
| PB Solver                      0.02
| PB SA arc                      0.00
| PB circle                      0.00
| PB exmol                       0.01
| PB exmol setup                 0.00
| PB exmol part a                0.00
| PB exmol part b                0.00
| PB exmol part f                0.00
| PB epsmap                      0.00
|           Job began  at 23:38:14.747  on 09/26/2021
|           Setup done at 23:38:14.754  on 09/26/2021
|           Run   done at 23:38:14.794  on 09/26/2021
|     wallclock() was called     110 times
