
          -------------------------------------------------------
          GBNSR6 2015                       
          -------------------------------------------------------

| Run on 08/29/2021 at 13:48:59

File Assignments:
|  MDIN: ../scripts/gbnsr6.in                                                  
| MDOUT: complex-gb.out                                                        
|INPCRD: complex.crd                                                           
|  PARM: complex.prmtop                                                        
|

 Here is the input file:

compute                                                                        
&cntrl                                                                         
inp=1                                                                          
/                                                                              
&gb                                                                            
epsin=1.0, epsout=80, istrng=0, space=0.5,                                     
arcres=0.2, B=0.028, alpb=1, rbornstat=0, cavity_surften=0.005                 
/                                                                              

--------------------------------------------------------------------------------
   1.  RESOURCE   USE: 
--------------------------------------------------------------------------------

| Flags:                                                                        
| New format PARM file being parsed.
| Version =    1.000 Date = 08/29/21 Time = 13:42:27
 NATOM  =     170 NTYPES =      10 NBONH =      81 MBONA  =      96
 NTHETH =     186 MTHETA =     140 NPHIH =     345 MPHIA  =     268
 NHPARM =       0 NPARM  =       0 NNB   =    1003 NRES   =       8
 NBONA  =      96 NTHETA =     140 NPHIA =     268 NUMBND =      13
 NUMANG =      24 NPTRA  =      28 NATYP =      16 NPHB   =       0
 IFBOX  =       1 NMXRS  =      23 IFCAP =       0 NEXTRA =       0
 NCOPY  =       0


|     Memory Use     Allocated
|     Real                6352
|     Hollerith           1030
|     Integer            25769
|     Max Pairs              1
|     Max Rstack             1
|     Max Istack             1
|       Total              154 kbytes

| Note: 1-4 EEL scale factors are being read from the topology file.

     BOX TYPE: RECTILINEAR

--------------------------------------------------------------------------------
   2.  ATOMIC COORDINATES AND VELOCITIES
--------------------------------------------------------------------------------

Cpptraj Generated Restart                                                       
 begin time read from input coords =   551.000 ps

 Number of triangulated 3-point waters found:        0

--------------------------------------------------------------------------------
   3.  RESULTS
--------------------------------------------------------------------------------

 Cavity solvation energy      5.7831

 NSTEP =        1   TIME(PS) =       0.000  TEMP(K) =     0.00  PRESS =     0.0
 Etot   =      -127.6055  EKtot   =         0.0000  EPtot      =         0.0000
 BOND   =         0.0000  ANGLE   =         0.0000  DIHED      =         0.0000
 1-4 NB =         0.0000  1-4 EEL =       544.4854  VDWAALS    =         0.0000
 EELEC  =      -505.2598  EGB     =      -172.6142  RESTRAINT  =         0.0000
 ESURF  =         5.7831
 ------------------------------------------------------------------------------



  Maximum number of minimization cycles reached.


                    FINAL RESULTS


 NSTEP =        1   TIME(PS) =       0.000  TEMP(K) =     0.00  PRESS =     0.0
 Etot   =      -127.6055  EKtot   =         0.0000  EPtot      =         0.0000
 BOND   =         0.0000  ANGLE   =         0.0000  DIHED      =         0.0000
 1-4 NB =         0.0000  1-4 EEL =       544.4854  VDWAALS    =         0.0000
 EELEC  =      -505.2598  EGB     =      -172.6142  RESTRAINT  =         0.0000
 ESURF  =         5.7831
 ------------------------------------------------------------------------------

|           Job began  at 13:48:59.829  on 08/29/2021
|           Setup done at 13:48:59.834  on 08/29/2021
|           Run   done at 13:48:59.940  on 08/29/2021
|     wallclock() was called      72 times
