
          -------------------------------------------------------
          GBNSR6 2015                       
          -------------------------------------------------------

| Run on 11/07/2021 at 11:48:55
  [-O]verwriting output

File Assignments:
|  MDIN: ../scripts/gbnsr6.in                                                  
| MDOUT: guest-gb-radii.out                                                    
|INPCRD: guest.crd                                                             
|  PARM: guest.prmtop                                                          
|

 Here is the input file:

compute                                                                        
&cntrl                                                                         
inp=1                                                                          
/                                                                              
&gb                                                                            
epsin=1.0, epsout=80, istrng=0, space=0.5,                                     
arcres=0.2, B=0.028, alpb=1, rbornstat=1, cavity_surften=0.005                 
/                                                                              

--------------------------------------------------------------------------------
   1.  RESOURCE   USE: 
--------------------------------------------------------------------------------

| Flags:                                                                        
| New format PARM file being parsed.
| Version =    1.000 Date = 08/29/21 Time = 13:42:27
 NATOM  =      23 NTYPES =       5 NBONH =      11 MBONA  =      12
 NTHETH =      25 MTHETA =      14 NPHIH =      51 MPHIA  =      16
 NHPARM =       0 NPARM  =       0 NNB   =     114 NRES   =       1
 NBONA  =      12 NTHETA =      14 NPHIA =      16 NUMBND =       7
 NUMANG =      12 NPTRA  =       9 NATYP =      16 NPHB   =       0
 IFBOX  =       1 NMXRS  =      23 IFCAP =       0 NEXTRA =       0
 NCOPY  =       0

GB Warning in  gb_read(): B=0 is recommended for molecules with more than 50 atoms

|     Memory Use     Allocated
|     Real                 892
|     Hollerith            141
|     Integer            18939
|     Max Pairs              1
|     Max Rstack             1
|     Max Istack             1
|       Total               81 kbytes

| Note: 1-4 EEL scale factors are being read from the topology file.

     BOX TYPE: RECTILINEAR

--------------------------------------------------------------------------------
   2.  ATOMIC COORDINATES AND VELOCITIES
--------------------------------------------------------------------------------

Cpptraj Generated Restart                                                       
 begin time read from input coords =   551.000 ps

 Number of triangulated 3-point waters found:        0

--------------------------------------------------------------------------------
   3.  RESULTS
--------------------------------------------------------------------------------

Print:    Atom number      Inverse Effective Born Radii
rinv           1            0.46916182
rinv           2            0.59722884
rinv           3            0.58221579
rinv           4            0.44486065
rinv           5            0.63936478
rinv           6            0.62093476
rinv           7            0.41676758
rinv           8            0.61822468
rinv           9            0.57729274
rinv          10            0.41994847
rinv          11            0.61094700
rinv          12            0.57789692
rinv          13            0.42767196
rinv          14            0.47523910
rinv          15            0.63699154
rinv          16            0.49635880
rinv          17            0.67247902
rinv          18            0.49207933
rinv          19            0.66898375
rinv          20            0.48827537
rinv          21            0.66454747
rinv          22            0.46144225
rinv          23            0.60955012

 Cavity solvation energy      1.8709

 NSTEP =        1   TIME(PS) =       0.000  TEMP(K) =     0.00  PRESS =     0.0
 Etot   =       -15.8937  EKtot   =         0.0000  EPtot      =         0.0000
 BOND   =         0.0000  ANGLE   =         0.0000  DIHED      =         0.0000
 1-4 NB =         0.0000  1-4 EEL =        41.2269  VDWAALS    =         0.0000
 EELEC  =        16.8787  EGB     =       -75.8701  RESTRAINT  =         0.0000
 ESURF  =         1.8709
 ------------------------------------------------------------------------------



  Maximum number of minimization cycles reached.


                    FINAL RESULTS


 NSTEP =        1   TIME(PS) =       0.000  TEMP(K) =     0.00  PRESS =     0.0
 Etot   =       -15.8937  EKtot   =         0.0000  EPtot      =         0.0000
 BOND   =         0.0000  ANGLE   =         0.0000  DIHED      =         0.0000
 1-4 NB =         0.0000  1-4 EEL =        41.2269  VDWAALS    =         0.0000
 EELEC  =        16.8787  EGB     =       -75.8701  RESTRAINT  =         0.0000
 ESURF  =         1.8709
 ------------------------------------------------------------------------------

|           Job began  at 11:48:55.771  on 11/07/2021
|           Setup done at 11:48:55.775  on 11/07/2021
|           Run   done at 11:48:55.787  on 11/07/2021
|     wallclock() was called      72 times
