
          -------------------------------------------------------
          GBNSR6 2015                       
          -------------------------------------------------------

| Run on 09/26/2021 at 22:10:39
  [-O]verwriting output

File Assignments:
|  MDIN: ../../../scripts/gbnsr6.in                                            
| MDOUT: complex-gb.out                                                        
|INPCRD: ../top_crd/complex.crd                                                
|  PARM: ../top_crd/complex.top                                                
|

 Here is the input file:

compute                                                                        
&cntrl                                                                         
inp=1                                                                          
/                                                                              
&gb                                                                            
epsin=1.0, epsout=80, istrng=0, space=0.5,                                     
arcres=0.2, B=0.028, alpb=1, rbornstat=0, cavity_surften=0.005                 
/                                                                              

--------------------------------------------------------------------------------
   1.  RESOURCE   USE: 
--------------------------------------------------------------------------------

| Flags:                                                                        
| New format PARM file being parsed.
| Version =    1.000 Date = 09/26/21 Time = 22:06:35
 NATOM  =   10681 NTYPES =      19 NBONH =    5313 MBONA  =    5503
 NTHETH =   12144 MTHETA =    7488 NPHIH =   24279 MPHIA  =   23630
 NHPARM =       0 NPARM  =       0 NNB   =   59286 NRES   =     683
 NBONA  =    5503 NTHETA =    7488 NPHIA =   23630 NUMBND =      72
 NUMANG =     170 NPTRA  =     202 NATYP =      37 NPHB   =       0
 IFBOX  =       0 NMXRS  =      24 IFCAP =       0 NEXTRA =       0
 NCOPY  =       0


|     Memory Use     Allocated
|     Real              395643
|     Hollerith          64771
|     Integer           528596
|     Max Pairs              1
|     Max Rstack             1
|     Max Istack             1
|       Total             5408 kbytes

| Note: 1-4 EEL scale factors are being read from the topology file.

--------------------------------------------------------------------------------
   2.  ATOMIC COORDINATES AND VELOCITIES
--------------------------------------------------------------------------------

default_name                                                                    
 begin time read from input coords =     0.000 ps

 Number of triangulated 3-point waters found:        0

--------------------------------------------------------------------------------
   3.  RESULTS
--------------------------------------------------------------------------------

 Cavity solvation energy    131.0575

 NSTEP =        1   TIME(PS) =       0.000  TEMP(K) =     0.00  PRESS =     0.0
 Etot   =    -24648.9643  EKtot   =         0.0000  EPtot      =         0.0000
 BOND   =         0.0000  ANGLE   =         0.0000  DIHED      =         0.0000
 1-4 NB =         0.0000  1-4 EEL =     33257.5975  VDWAALS    =         0.0000
 EELEC  =    -50178.4584  EGB     =     -7859.1609  RESTRAINT  =         0.0000
 ESURF  =       131.0575
 ------------------------------------------------------------------------------



  Maximum number of minimization cycles reached.


                    FINAL RESULTS


 NSTEP =        1   TIME(PS) =       0.000  TEMP(K) =     0.00  PRESS =     0.0
 Etot   =    -24648.9643  EKtot   =         0.0000  EPtot      =         0.0000
 BOND   =         0.0000  ANGLE   =         0.0000  DIHED      =         0.0000
 1-4 NB =         0.0000  1-4 EEL =     33257.5975  VDWAALS    =         0.0000
 EELEC  =    -50178.4584  EGB     =     -7859.1609  RESTRAINT  =         0.0000
 ESURF  =       131.0575
 ------------------------------------------------------------------------------

|           Job began  at 22:10:39.289  on 09/26/2021
|           Setup done at 22:10:39.395  on 09/26/2021
|           Run   done at 22:10:50.417  on 09/26/2021
|     wallclock() was called      72 times
