
          -------------------------------------------------------
          PBSA VERSION 2019                       UC Irvine
          -------------------------------------------------------

| Run on 08/29/2021 at 20:51:46

File Assignments:
|  MDIN: ../pbsa-script/mdin.in                                                
| MDOUT: complex-pb.out                                                        
|INPCRD: complex.crd                                                           
|  PARM: complex.prmtop                                                        
|

 Here is the input file:

Sample single point PB calculation                                             
&cntrl                                                                         
ipb=1, inp=1                                                                   
/                                                                              
&pb                                                                            
npbverb=1, fillratio=1.5, saopt=1, radiopt=0, epsin=1.0, epsout=80             
/                                                                              
 PBSA Warning in pb_read(): sprob=0.557 is optimized for inp=2 and  should not be used with inp=1. It has been reset to 1.4.
 PBSA Warning in pb_read(): cavity_surften=0.0378 is optimized for inp=2  and should not be used with inp=1. It has been reset to 0.005000.
 PBSA Warning in pb_read(): cavity_offset=-0.5692 is optimized for inp=2  and should not be used with inp=1. It has been reset to 0.000.

--------------------------------------------------------------------------------
   1.  RESOURCE   USE: 
--------------------------------------------------------------------------------

| Flags:                                                                        
| New format PARM file being parsed.
| Version =    1.000 Date = 08/29/21 Time = 13:30:01
 NATOM  =     143 NTYPES =      10 NBONH =      69 MBONA  =      79
 NTHETH =     158 MTHETA =     115 NPHIH =     281 MPHIA  =     222
 NHPARM =       0 NPARM  =       0 NNB   =     838 NRES   =       7
 NBONA  =      79 NTHETA =     115 NPHIA =     222 NUMBND =      14
 NUMANG =      25 NPTRA  =      26 NATYP =      17 NPHB   =       0
 IFBOX  =       1 NMXRS  =      21 IFCAP =       0 NEXTRA =       0
 NCOPY  =       0


|     Memory Use     Allocated
|     Real                5347
|     Hollerith            438
|     Integer            26409
|     Max Pairs              1
|     Max Rstack             1
|     Max Istack             1
|       Total              146 kbytes

     BOX TYPE: RECTILINEAR

--------------------------------------------------------------------------------
   2.  CONTROL  DATA  FOR  THE  RUN
--------------------------------------------------------------------------------

default_name                                                                    

General flags:
     imin    =       1, nmropt  =       0

Nature and format of input:
     ntx     =       1, irest   =       0, ntrx    =       1

Nature and format of output:
     ntxo    =       1, ntpr    =      50, ntrx    =       1, ntwr    =     500
     iwrap   =       0, ntwx    =       0, ntwv    =       0, ntwe    =       0
     ioutfm  =       0, ntwprt  =       0, idecomp =       0, rbornstat=      0

Potential function:
     ntf     =       1, ntb     =       1, ipb     =       1, nsnb    =      25
     ipol    =       0, gbsa    =       0, iesp    =       0
     dielc   =   1.00000, cut     =   8.00000, intdiel =   1.00000

Frozen or restrained atoms:
     ibelly  =       0, ntr     =       0

Energy minimization:
     maxcyc  =       1, ncyc    =      10, ntmin   =       1
     dx0     =   0.01000, drms    =   0.00010

======== Implicit Solvent Initialization ========

     Max Nonbonded Pairs:    10225    10225

 no. of atoms processed in PB initialization:   143
  NUM  RESI  NAME  TYPE    CHARGE ATM CRG/H   GRP CRG   PB RADI   NP RADI
    1  MGO   C1    CG    0.042700  0.203700 -0.283400  1.700000  1.699835
    2  MGO   H1    H2    0.161000  0.000000  0.000000  1.300000  1.146587
    3  MGO   O1    OS   -0.322900 -0.322900  0.080400  1.500000  1.500006
    4  MGO   C2    CG    0.137600  0.202600  0.508600  1.700000  1.699835
    5  MGO   H2    H1    0.065000  0.000000  0.000000  1.300000  1.235677
    6  MGO   O2    OH   -0.634600 -0.198000  0.004600  1.500000  1.533237
    7  MGO   HO2   HO    0.436600  0.000000  0.000000  0.800000  0.000000
    8  MGO   C3    CG    0.122400  0.300300  0.504500  1.700000  1.699835
    9  MGO   H3    H1    0.177900  0.000000  0.000000  1.300000  1.235677
   10  MGO   O3    OH   -0.620000 -0.198000  0.102300  1.500000  1.533237
   11  MGO   HO3   HO    0.422000  0.000000  0.000000  0.800000  0.000000
   12  MGO   C4    CG    0.040100  0.199600  0.311900  1.700000  1.699835
   13  MGO   H4    H1    0.159500  0.000000  0.000000  1.300000  1.235677
   14  MGO   C5    CG    0.019300  0.134900  0.210300  1.700000  1.699835
   15  MGO   H5    H1    0.115600  0.000000  0.000000  1.300000  1.235677
   16  MGO   O5    OS   -0.366800 -0.366800 -0.028200  1.500000  1.500006
   17  MGO   C6    CG    0.191800  0.242600  0.179500  1.700000  1.699835
   18  MGO   H61   H1    0.025400  0.000000  0.000000  1.300000  1.235677
   19  MGO   H62   H1    0.025400  0.000000  0.000000  1.300000  1.235677
   20  MGO   O6    OH   -0.607700 -0.198000  0.044600  1.500000  1.533237
   21  MGO   HO6   HO    0.409700  0.000000  0.000000  0.800000  0.000000
   22  MGO   C1    CG    0.042700  0.203700 -0.283400  1.700000  1.699835
   23  MGO   H1    H2    0.161000  0.000000  0.000000  1.300000  1.146587
   24  MGO   O1    OS   -0.322900 -0.322900  0.080400  1.500000  1.500006
   25  MGO   C2    CG    0.137600  0.202600  0.508600  1.700000  1.699835
   26  MGO   H2    H1    0.065000  0.000000  0.000000  1.300000  1.235677
   27  MGO   O2    OH   -0.634600 -0.198000  0.004600  1.500000  1.533237
   28  MGO   HO2   HO    0.436600  0.000000  0.000000  0.800000  0.000000
   29  MGO   C3    CG    0.122400  0.300300  0.504500  1.700000  1.699835
   30  MGO   H3    H1    0.177900  0.000000  0.000000  1.300000  1.235677
   31  MGO   O3    OH   -0.620000 -0.198000  0.102300  1.500000  1.533237
   32  MGO   HO3   HO    0.422000  0.000000  0.000000  0.800000  0.000000
   33  MGO   C4    CG    0.040100  0.199600  0.311900  1.700000  1.699835
   34  MGO   H4    H1    0.159500  0.000000  0.000000  1.300000  1.235677
   35  MGO   C5    CG    0.019300  0.134900  0.210300  1.700000  1.699835
   36  MGO   H5    H1    0.115600  0.000000  0.000000  1.300000  1.235677
   37  MGO   O5    OS   -0.366800 -0.366800 -0.028200  1.500000  1.500006
   38  MGO   C6    CG    0.191800  0.242600  0.179500  1.700000  1.699835
   39  MGO   H61   H1    0.025400  0.000000  0.000000  1.300000  1.235677
   40  MGO   H62   H1    0.025400  0.000000  0.000000  1.300000  1.235677
   41  MGO   O6    OH   -0.607700 -0.198000  0.044600  1.500000  1.533237
   42  MGO   HO6   HO    0.409700  0.000000  0.000000  0.800000  0.000000
   43  MGO   C1    CG    0.042700  0.203700 -0.283400  1.700000  1.699835
   44  MGO   H1    H2    0.161000  0.000000  0.000000  1.300000  1.146587
   45  MGO   O1    OS   -0.322900 -0.322900  0.080400  1.500000  1.500006
   46  MGO   C2    CG    0.137600  0.202600  0.508600  1.700000  1.699835
   47  MGO   H2    H1    0.065000  0.000000  0.000000  1.300000  1.235677
   48  MGO   O2    OH   -0.634600 -0.198000  0.004600  1.500000  1.533237
   49  MGO   HO2   HO    0.436600  0.000000  0.000000  0.800000  0.000000
   50  MGO   C3    CG    0.122400  0.300300  0.504500  1.700000  1.699835
   51  MGO   H3    H1    0.177900  0.000000  0.000000  1.300000  1.235677
   52  MGO   O3    OH   -0.620000 -0.198000  0.102300  1.500000  1.533237
   53  MGO   HO3   HO    0.422000  0.000000  0.000000  0.800000  0.000000
   54  MGO   C4    CG    0.040100  0.199600  0.311900  1.700000  1.699835
   55  MGO   H4    H1    0.159500  0.000000  0.000000  1.300000  1.235677
   56  MGO   C5    CG    0.019300  0.134900  0.210300  1.700000  1.699835
   57  MGO   H5    H1    0.115600  0.000000  0.000000  1.300000  1.235677
   58  MGO   O5    OS   -0.366800 -0.366800 -0.028200  1.500000  1.500006
   59  MGO   C6    CG    0.191800  0.242600  0.179500  1.700000  1.699835
   60  MGO   H61   H1    0.025400  0.000000  0.000000  1.300000  1.235677
   61  MGO   H62   H1    0.025400  0.000000  0.000000  1.300000  1.235677
   62  MGO   O6    OH   -0.607700 -0.198000  0.044600  1.500000  1.533237
   63  MGO   HO6   HO    0.409700  0.000000  0.000000  0.800000  0.000000
   64  MGO   C1    CG    0.042700  0.203700 -0.283400  1.700000  1.699835
   65  MGO   H1    H2    0.161000  0.000000  0.000000  1.300000  1.146587
   66  MGO   O1    OS   -0.322900 -0.322900  0.080400  1.500000  1.500006
   67  MGO   C2    CG    0.137600  0.202600  0.508600  1.700000  1.699835
   68  MGO   H2    H1    0.065000  0.000000  0.000000  1.300000  1.235677
   69  MGO   O2    OH   -0.634600 -0.198000  0.004600  1.500000  1.533237
   70  MGO   HO2   HO    0.436600  0.000000  0.000000  0.800000  0.000000
   71  MGO   C3    CG    0.122400  0.300300  0.504500  1.700000  1.699835
   72  MGO   H3    H1    0.177900  0.000000  0.000000  1.300000  1.235677
   73  MGO   O3    OH   -0.620000 -0.198000  0.102300  1.500000  1.533237
   74  MGO   HO3   HO    0.422000  0.000000  0.000000  0.800000  0.000000
   75  MGO   C4    CG    0.040100  0.199600  0.311900  1.700000  1.699835
   76  MGO   H4    H1    0.159500  0.000000  0.000000  1.300000  1.235677
   77  MGO   C5    CG    0.019300  0.134900  0.210300  1.700000  1.699835
   78  MGO   H5    H1    0.115600  0.000000  0.000000  1.300000  1.235677
   79  MGO   O5    OS   -0.366800 -0.366800 -0.028200  1.500000  1.500006
   80  MGO   C6    CG    0.191800  0.242600  0.179500  1.700000  1.699835
   81  MGO   H61   H1    0.025400  0.000000  0.000000  1.300000  1.235677
   82  MGO   H62   H1    0.025400  0.000000  0.000000  1.300000  1.235677
   83  MGO   O6    OH   -0.607700 -0.198000  0.044600  1.500000  1.533237
   84  MGO   HO6   HO    0.409700  0.000000  0.000000  0.800000  0.000000
   85  MGO   C1    CG    0.042700  0.203700 -0.283400  1.700000  1.699835
   86  MGO   H1    H2    0.161000  0.000000  0.000000  1.300000  1.146587
   87  MGO   O1    OS   -0.322900 -0.322900  0.080400  1.500000  1.500006
   88  MGO   C2    CG    0.137600  0.202600  0.508600  1.700000  1.699835
   89  MGO   H2    H1    0.065000  0.000000  0.000000  1.300000  1.235677
   90  MGO   O2    OH   -0.634600 -0.198000  0.004600  1.500000  1.533237
   91  MGO   HO2   HO    0.436600  0.000000  0.000000  0.800000  0.000000
   92  MGO   C3    CG    0.122400  0.300300  0.504500  1.700000  1.699835
   93  MGO   H3    H1    0.177900  0.000000  0.000000  1.300000  1.235677
   94  MGO   O3    OH   -0.620000 -0.198000  0.102300  1.500000  1.533237
   95  MGO   HO3   HO    0.422000  0.000000  0.000000  0.800000  0.000000
   96  MGO   C4    CG    0.040100  0.199600  0.311900  1.700000  1.699835
   97  MGO   H4    H1    0.159500  0.000000  0.000000  1.300000  1.235677
   98  MGO   C5    CG    0.019300  0.134900  0.210300  1.700000  1.699835
   99  MGO   H5    H1    0.115600  0.000000  0.000000  1.300000  1.235677
  100  MGO   O5    OS   -0.366800 -0.366800 -0.028200  1.500000  1.500006
  101  MGO   C6    CG    0.191800  0.242600  0.179500  1.700000  1.699835
  102  MGO   H61   H1    0.025400  0.000000  0.000000  1.300000  1.235677
  103  MGO   H62   H1    0.025400  0.000000  0.000000  1.300000  1.235677
  104  MGO   O6    OH   -0.607700 -0.198000  0.044600  1.500000  1.533237
  105  MGO   HO6   HO    0.409700  0.000000  0.000000  0.800000  0.000000
  106  MGO   C1    CG    0.042700  0.203700 -0.283400  1.700000  1.699835
  107  MGO   H1    H2    0.161000  0.000000  0.000000  1.300000  1.146587
  108  MGO   O1    OS   -0.322900 -0.322900  0.080400  1.500000  1.500006
  109  MGO   C2    CG    0.137600  0.202600  0.508600  1.700000  1.699835
  110  MGO   H2    H1    0.065000  0.000000  0.000000  1.300000  1.235677
  111  MGO   O2    OH   -0.634600 -0.198000  0.004600  1.500000  1.533237
  112  MGO   HO2   HO    0.436600  0.000000  0.000000  0.800000  0.000000
  113  MGO   C3    CG    0.122400  0.300300  0.504500  1.700000  1.699835
  114  MGO   H3    H1    0.177900  0.000000  0.000000  1.300000  1.235677
  115  MGO   O3    OH   -0.620000 -0.198000  0.102300  1.500000  1.533237
  116  MGO   HO3   HO    0.422000  0.000000  0.000000  0.800000  0.000000
  117  MGO   C4    CG    0.040100  0.199600  0.311900  1.700000  1.699835
  118  MGO   H4    H1    0.159500  0.000000  0.000000  1.300000  1.235677
  119  MGO   C5    CG    0.019300  0.134900  0.210300  1.700000  1.699835
  120  MGO   H5    H1    0.115600  0.000000  0.000000  1.300000  1.235677
  121  MGO   O5    OS   -0.366800 -0.366800 -0.028200  1.500000  1.500006
  122  MGO   C6    CG    0.191800  0.242600  0.179500  1.700000  1.699835
  123  MGO   H61   H1    0.025400  0.000000  0.000000  1.300000  1.235677
  124  MGO   H62   H1    0.025400  0.000000  0.000000  1.300000  1.235677
  125  MGO   O6    OH   -0.607700 -0.198000  0.044600  1.500000  1.533237
  126  MGO   HO6   HO    0.409700  0.000000  0.000000  0.800000  0.000000
  127  MOL   C1    c     0.854100  0.854100 -0.907300  1.700000  1.699835
  128  MOL   O1    o    -0.809200 -0.809200  0.044900  1.500000  1.479961
  129  MOL   O2    o    -0.809200 -0.809200  0.044900  1.500000  1.479961
  130  MOL   C2    ce   -0.238100 -0.143000  0.578300  1.700000  1.699835
  131  MOL   H1    ha    0.095100  0.095100  0.095100  1.300000  1.299821
  132  MOL   C3    c2   -0.273200 -0.132800 -0.212900  1.700000  1.699835
  133  MOL   H2    ha    0.140400  0.140400  0.140400  1.300000  1.299821
  134  MOL   C4    c3    0.052700  0.062900 -0.010200  1.700000  1.699835
  135  MOL   H3    hc    0.005100  0.005100  0.005100  1.300000  1.324766
  136  MOL   H4    hc    0.005100  0.005100  0.005100  1.300000  1.324766
  137  MOL   C5    c3    0.066100  0.059700  0.040100  1.700000  1.699835
  138  MOL   H5    hc   -0.003200 -0.003200 -0.003200  1.300000  1.324766
  139  MOL   H6    hc   -0.003200 -0.003200 -0.003200  1.300000  1.324766
  140  MOL   C6    c3   -0.097800 -0.082500 -0.022800  1.700000  1.699835
  141  MOL   H7    hc    0.005100  0.005100  0.005100  1.300000  1.324766
  142  MOL   H8    hc    0.005100  0.005100  0.005100  1.300000  1.324766
  143  MOL   H9    hc    0.005100  0.005100  0.005100  1.300000  1.324766

 total system charges (+/-) for PB       -1.0000       16.5459      -17.5459
 cavity_surften =        0.0050 cavity_offset =        0.0000

   SAS Surface: surface dots generated:    366

--------------------------------------------------------------------------------
   3.  ATOMIC COORDINATES AND VELOCITIES
--------------------------------------------------------------------------------

Cpptraj Generated Restart                                                       
 begin time read from input coords =   551.000 ps

 Number of triangulated 3-point waters found:        0

--------------------------------------------------------------------------------
   4.  RESULTS
--------------------------------------------------------------------------------

  NB-update: atom-based nb list     7297


======== Setting up Grid Parameters ========
Using bounding box for grid setup
 Bounding Box at level:           2
 Bounding Box Center:      17.500    17.000    19.500
 Xmin, Xmax, Xmax-Xmin:     9.555    25.086    15.531
 Ymin, Ymax, Ymax-Ymin:     8.748    25.432    16.683
 Zmin, Zmax, Zmax-Zmin:    13.786    25.117    11.330
 Grid dimension at level     2    49   51   41
 Grid origin corrected at level     2      5.000     4.000     9.000
 Bounding Box at level:           1
 Bounding Box Center:      17.500    17.000    19.500
 Xmin, Xmax, Xmax-Xmin:     9.555    25.086    15.531
 Ymin, Ymax, Ymax-Ymin:     8.748    25.432    16.683
 Zmin, Zmax, Zmax-Zmin:    13.786    25.117    11.330
PB Warn in setgrd(): focusing grid too large    2
 fillratio is automatically increased to 2.500
 Grid dimension at level     1    11   11    9
 Grid origin corrected at level     1     -6.500    -7.000    -0.500
------- VMD goodie --------
#First Level Geometric Box
draw materials off
draw color green
draw line "   -6.500   -7.000   -0.500" "   37.500   -7.000   -0.500"
draw line "   -6.500   -7.000   -0.500" "   -6.500   37.000   -0.500"
draw line "   -6.500   -7.000   -0.500" "   -6.500   -7.000   35.500"
draw line "   37.500   -7.000   -0.500" "   37.500   37.000   -0.500"
draw line "   37.500   -7.000   -0.500" "   37.500   -7.000   35.500"
draw line "   -6.500   37.000   -0.500" "   37.500   37.000   -0.500"
draw line "   -6.500   37.000   -0.500" "   -6.500   37.000   35.500"
draw line "   -6.500   -7.000   35.500" "   37.500   -7.000   35.500"
draw line "   -6.500   -7.000   35.500" "   -6.500   37.000   35.500"
draw line "   37.500   37.000   35.500" "   37.500   37.000   -0.500"
draw line "   37.500   37.000   35.500" "   -6.500   37.000   35.500"
draw line "   37.500   37.000   35.500" "   37.500   -7.000   35.500"
#2nd Level Geometric Box
draw color blue
draw line "    5.000    4.000    9.000" "   30.000    4.000    9.000"
draw line "    5.000    4.000    9.000" "    5.000   30.000    9.000"
draw line "    5.000    4.000    9.000" "    5.000    4.000   30.000"
draw line "   30.000    4.000    9.000" "   30.000   30.000    9.000"
draw line "   30.000    4.000    9.000" "   30.000    4.000   30.000"
draw line "    5.000   30.000    9.000" "   30.000   30.000    9.000"
draw line "    5.000   30.000    9.000" "    5.000   30.000   30.000"
draw line "    5.000    4.000   30.000" "   30.000    4.000   30.000"
draw line "    5.000    4.000   30.000" "    5.000   30.000   30.000"
draw line "   30.000   30.000   30.000" "   30.000   30.000    9.000"
draw line "   30.000   30.000   30.000" "    5.000   30.000   30.000"
draw line "   30.000   30.000   30.000" "   30.000    4.000   30.000"
--- End VMD goodie --------

======== Setting up Solvent Accessibility Data ========
Setting up working radii
Number of SA srf points exposed  3851
 Number of SA arcs generated  3310
 Number of SA arc points exposed        2109 Number of trimer arc points exposed         184
 with resolution (A) = .250000E+00

Atomic solvent accessible surface area:
           1    0.0000000000000
           2   12.7651664773568
           3    0.0000000000000
           4    0.0000000000000
           5   15.5184376783554
           6   28.8751849362734
           7    3.1573864527226
           8    0.0000000000000
           9    0.0000000000000
          10   18.7688702085777
          11    4.9853470306146
          12    0.0000000000000
          13    5.5065424019971
          14    0.0000000000000
          15    0.0000000000000
          16    4.9087814391665
          17    0.6599061289836
          18    0.0000000000000
          19   17.0202219698091
          20   30.8964478818125
          21    7.3118423115681
          22    0.0000000000000
          23   12.2645717135389
          24    0.0000000000000
          25    0.0000000000000
          26   18.0214114974449
          27   23.6776516477442
          28    0.0000000000000
          29    0.0000000000000
          30    0.0000000000000
          31   21.3676368528423
          32    5.3177034993223
          33    0.0000000000000
          34    7.7592188391777
          35    0.0000000000000
          36    0.0000000000000
          37    6.6412925353429
          38    0.3299530644918
          39    0.0000000000000
          40   12.0142743316300
          41   21.9451405515678
          42    9.6383375925216
          43    0.0000000000000
          44    9.0107057487225
          45    0.0000000000000
          46    0.0000000000000
          47   17.7711141155360
          48   23.9664034971069
          49    4.8191687962608
          50    0.0000000000000
          51    2.0023790552717
          52   22.5226442502933
          53    3.8220993901379
          54    0.0000000000000
          55    3.7544607286344
          56    0.0000000000000
          57    0.0000000000000
          58    4.0425258910783
          59    0.9898591934753
          60    0.0000000000000
          61   15.7687350602643
          62   28.8751849362734
          63    6.8133076085067
          64    0.0000000000000
          65   11.7639769497210
          66    0.0000000000000
          67    0.0000000000000
          68   18.0214114974449
          69   20.7901331541168
          70    4.9853470306146
          71    0.0000000000000
          72    1.5017842914537
          73   25.9876664426461
          74    0.8308911717691
          75    0.0000000000000
          76    5.0059476381791
          77    0.0000000000000
          78    0.0000000000000
          79    5.7750369872547
          80    0.9898591934753
          81    7.2586240753598
          82   25.0297381908957
          83   28.0089293881852
          84   10.6354069986445
          85    0.0000000000000
          86   12.0142743316300
          87    0.0000000000000
          88    0.0000000000000
          89   19.2728984069897
          90   19.3463739073032
          91    3.1573864527226
          92    0.0000000000000
          93    3.0035685829075
          94   20.7901331541168
          95    0.0000000000000
          96    0.0000000000000
          97    4.2550554924523
          98    0.0000000000000
          99    0.0000000000000
         100    6.6412925353429
         101    0.6599061289836
         102    9.2610031306314
         103   24.0285486632599
         104   22.5226442502933
         105   10.6354069986445
         106    0.0000000000000
         107   13.5160586230837
         108    0.0000000000000
         109    0.0000000000000
         110   19.7734931708076
         111   27.1426738400970
         112    0.1661782343538
         113    0.0000000000000
         114    4.2550554924523
         115   21.6563887022050
         116    0.0000000000000
         117    0.0000000000000
         118    5.2562450200881
         119    0.0000000000000
         120    0.0000000000000
         121    6.0637888366174
         122    0.9898591934753
         123    2.5029738190896
         124   14.0166533869016
         125   28.8751849362734
         126    5.9824164367375
         127    6.2691082253438
         128   15.5925998655876
         129   35.8052293209790
         130    2.3096714514425
         131    7.2586240753598
         132    0.0000000000000
         133    0.0000000000000
         134    0.0000000000000
         135    0.0000000000000
         136    0.0000000000000
         137    0.0000000000000
         138    0.0000000000000
         139    0.0000000000000
         140    2.3096714514425
         141    3.0035685829075
         142   14.7675455326285
         143    2.2526764371806

 ======== FDPB Summary ========

 Do FDPB every           1 steps
 Nonbonded Update
   residue cutoff is set to   99.9000000000000
   fdpb cutoff is set to    5.0000000000000
   sas cutoff is set to    9.0000000000000
   nonbonded cutoff is set to    0.0000000000000
 Grid Constants
   Grid dimension      11      11       9
   Grid spacing set to     4.000
   Grid boundary
        -6.500    41.500
        -7.000    41.000
        -0.500    39.500

 Dielectric Map
   Use cavity radii in the prmtop file

   Use probe-based SES definition
     Compute SAS/SAR every           1 steps
     Solvent probe radius   1.40000000000000
     Surface dots per atom     366
     Buried atom radii increment   0.79800000000000
     Threshhold for exposed atom   0.08000000000000
     Current SAS 995.44882499451535

 Boundary conditions
   sum of grid charges as independent DH spheres

 Physical constants
   Solute dielectric constant  :   1.00000000000000
   Solvent dielectric constant :   80.0000000000000
   Temperature (K)             :   300.000000000000
   Ionic strength (mM)         :   0.00000000000000
   Debye-Huckel parameter (1/A):   0.00000000000000

FD Solver Option
   Use Modified ICCG solver

 Iteration data
   Maximum iterations  :         100
   Convergence criteria:  1.000000000000000E-03
   Iterations required        :     7
   Norm of the constant vector:       488.1565400022
   Norm of the residual vector:      0.1413443459741
   Convergence achieved       :  2.8954717266208761E-04

 Total molecular surface    675.6378

 ======== FDPB Summary ========

 Do FDPB every           1 steps
 Nonbonded Update
   residue cutoff is set to   99.9000000000000
   fdpb cutoff is set to    5.0000000000000
   sas cutoff is set to    9.0000000000000
   nonbonded cutoff is set to    0.0000000000000
 Grid Constants
   Grid dimension      49      51      41
   Grid spacing set to     0.500
   Grid boundary
         5.000    30.000
         4.000    30.000
         9.000    30.000

 Dielectric Map
   Use cavity radii in the prmtop file

   Use probe-based SES definition
     Compute SAS/SAR every           1 steps
     Solvent probe radius   1.40000000000000
     Surface dots per atom     366
     Buried atom radii increment   0.79800000000000
     Threshhold for exposed atom   0.08000000000000
     Current SAS 995.44882499451535

 Boundary conditions
   sum of grid charges as independent DH spheres

 Physical constants
   Solute dielectric constant  :   1.00000000000000
   Solvent dielectric constant :   80.0000000000000
   Temperature (K)             :   300.000000000000
   Ionic strength (mM)         :   0.00000000000000
   Debye-Huckel parameter (1/A):   0.00000000000000

FD Solver Option
   Use Modified ICCG solver

 Iteration data
   Maximum iterations  :         100
   Convergence criteria:  1.000000000000000E-03
   Iterations required        :    15
   Norm of the constant vector:    137723.1487947042
   Norm of the residual vector:    130.9982159215782
   Convergence achieved       :  9.5117064246657309E-04

 Total surface charge       0.9871
 Reaction field energy   -181.9400
 Nonpolar SAS/SAV    995.4488      0.0000
 Cavity solvation energy      4.9772

 NSTEP =        1   TIME(PS) =       0.000  TEMP(K) =     0.00  PRESS =     0.0
 Etot   =      -668.9876  EKtot   =         0.0000  EPtot      =         0.0000
 BOND   =         0.0000  ANGLE   =         0.0000  DIHED      =         0.0000
 1-4 NB =         0.0000  1-4 EEL =         0.0000  VDWAALS    =       -43.6261
 EELEC  =      -448.3987  EPB     =      -181.9400  RESTRAINT  =         0.0000
 ECAVITY=         4.9772  EDISPER =         0.0000
 ------------------------------------------------------------------------------



  Maximum number of minimization cycles reached.


                    FINAL RESULTS


 NSTEP =        1   TIME(PS) =       0.000  TEMP(K) =     0.00  PRESS =     0.0
 Etot   =      -668.9876  EKtot   =         0.0000  EPtot      =         0.0000
 BOND   =         0.0000  ANGLE   =         0.0000  DIHED      =         0.0000
 1-4 NB =         0.0000  1-4 EEL =         0.0000  VDWAALS    =       -43.6261
 EELEC  =      -448.3987  EPB     =      -181.9400  RESTRAINT  =         0.0000
 ECAVITY=         4.9772  EDISPER =         0.0000
 ------------------------------------------------------------------------------


--------------------------------------------------------------------------------
   5.  TIMINGS
--------------------------------------------------------------------------------

| Total time                     0.12
| Read prm/crd time              0.01
| Force time                     0.11
| Nonbond force                  0.11
| PB Nonbond                     0.11
| PB NB list                     0.00
| PB FD grid                     0.00
| PB Sasa                        0.02
| PB FD force                    0.11
| PB Set linear sys              0.05
| PB Solver                      0.06
| PB SA srf                      0.00
| PB SA arc                      0.02
| PB SA arc setup                0.00
| PB circle                      0.01
| PB exclude                     0.01
| PB exmol                       0.05
| PB exmol setup                 0.00
| PB exmol part a                0.00
| PB exmol part b                0.00
| PB exmol part c                0.00
| PB exmol part d                0.00
| PB exmol part e                0.00
| PB exmol part f                0.01
| PB epsmap                      0.00
|           Job began  at 20:51:46.661  on 08/29/2021
|           Setup done at 20:51:46.668  on 08/29/2021
|           Run   done at 20:51:46.779  on 08/29/2021
|     wallclock() was called     110 times
