
          -------------------------------------------------------
          PBSA VERSION 2019                       UC Irvine
          -------------------------------------------------------

| Run on 08/29/2021 at 20:51:46

File Assignments:
|  MDIN: ../pbsa-script/mdin.in                                                
| MDOUT: guest-pb.out                                                          
|INPCRD: guest.crd                                                             
|  PARM: guest.prmtop                                                          
|

 Here is the input file:

Sample single point PB calculation                                             
&cntrl                                                                         
ipb=1, inp=1                                                                   
/                                                                              
&pb                                                                            
npbverb=1, fillratio=1.5, saopt=1, radiopt=0, epsin=1.0, epsout=80             
/                                                                              
 PBSA Warning in pb_read(): sprob=0.557 is optimized for inp=2 and  should not be used with inp=1. It has been reset to 1.4.
 PBSA Warning in pb_read(): cavity_surften=0.0378 is optimized for inp=2  and should not be used with inp=1. It has been reset to 0.005000.
 PBSA Warning in pb_read(): cavity_offset=-0.5692 is optimized for inp=2  and should not be used with inp=1. It has been reset to 0.000.

--------------------------------------------------------------------------------
   1.  RESOURCE   USE: 
--------------------------------------------------------------------------------

| Flags:                                                                        
| New format PARM file being parsed.
| Version =    1.000 Date = 08/29/21 Time = 13:30:01
 NATOM  =      17 NTYPES =       5 NBONH =       9 MBONA  =       7
 NTHETH =      20 MTHETA =       7 NPHIH =      29 MPHIA  =       6
 NHPARM =       0 NPARM  =       0 NNB   =      76 NRES   =       1
 NBONA  =       7 NTHETA =       7 NPHIA =       6 NUMBND =       8
 NUMANG =      13 NPTRA  =       7 NATYP =      17 NPHB   =       0
 IFBOX  =       1 NMXRS  =      17 IFCAP =       0 NEXTRA =       0
 NCOPY  =       0


|     Memory Use     Allocated
|     Real                 667
|     Hollerith             54
|     Integer            20580
|     Max Pairs              1
|     Max Rstack             1
|     Max Istack             1
|       Total               85 kbytes

     BOX TYPE: RECTILINEAR

--------------------------------------------------------------------------------
   2.  CONTROL  DATA  FOR  THE  RUN
--------------------------------------------------------------------------------

default_name                                                                    

General flags:
     imin    =       1, nmropt  =       0

Nature and format of input:
     ntx     =       1, irest   =       0, ntrx    =       1

Nature and format of output:
     ntxo    =       1, ntpr    =      50, ntrx    =       1, ntwr    =     500
     iwrap   =       0, ntwx    =       0, ntwv    =       0, ntwe    =       0
     ioutfm  =       0, ntwprt  =       0, idecomp =       0, rbornstat=      0

Potential function:
     ntf     =       1, ntb     =       1, ipb     =       1, nsnb    =      25
     ipol    =       0, gbsa    =       0, iesp    =       0
     dielc   =   1.00000, cut     =   8.00000, intdiel =   1.00000

Frozen or restrained atoms:
     ibelly  =       0, ntr     =       0

Energy minimization:
     maxcyc  =       1, ncyc    =      10, ntmin   =       1
     dx0     =   0.01000, drms    =   0.00010

======== Implicit Solvent Initialization ========

     Max Nonbonded Pairs:      145      145

 no. of atoms processed in PB initialization:    17
  NUM  RESI  NAME  TYPE    CHARGE ATM CRG/H   GRP CRG   PB RADI   NP RADI
    1  MOL   C1    c     0.854100  0.854100 -0.907300  1.700000  1.699835
    2  MOL   O1    o    -0.809200 -0.809200  0.044900  1.500000  1.479961
    3  MOL   O2    o    -0.809200 -0.809200  0.044900  1.500000  1.479961
    4  MOL   C2    ce   -0.238100 -0.143000  0.578300  1.700000  1.699835
    5  MOL   H1    ha    0.095100  0.095100  0.095100  1.300000  1.299821
    6  MOL   C3    c2   -0.273200 -0.132800 -0.212900  1.700000  1.699835
    7  MOL   H2    ha    0.140400  0.140400  0.140400  1.300000  1.299821
    8  MOL   C4    c3    0.052700  0.062900 -0.010200  1.700000  1.699835
    9  MOL   H3    hc    0.005100  0.005100  0.005100  1.300000  1.324766
   10  MOL   H4    hc    0.005100  0.005100  0.005100  1.300000  1.324766
   11  MOL   C5    c3    0.066100  0.059700  0.040100  1.700000  1.699835
   12  MOL   H5    hc   -0.003200 -0.003200 -0.003200  1.300000  1.324766
   13  MOL   H6    hc   -0.003200 -0.003200 -0.003200  1.300000  1.324766
   14  MOL   C6    c3   -0.097800 -0.082500 -0.022800  1.700000  1.699835
   15  MOL   H7    hc    0.005100  0.005100  0.005100  1.300000  1.324766
   16  MOL   H8    hc    0.005100  0.005100  0.005100  1.300000  1.324766
   17  MOL   H9    hc    0.005100  0.005100  0.005100  1.300000  1.324766

 total system charges (+/-) for PB       -1.0000        1.2339       -2.2339
 cavity_surften =        0.0050 cavity_offset =        0.0000

   SAS Surface: surface dots generated:    366

--------------------------------------------------------------------------------
   3.  ATOMIC COORDINATES AND VELOCITIES
--------------------------------------------------------------------------------

Cpptraj Generated Restart                                                       
 begin time read from input coords =   551.000 ps

 Number of triangulated 3-point waters found:        0

--------------------------------------------------------------------------------
   4.  RESULTS
--------------------------------------------------------------------------------

  NB-update: atom-based nb list      136


======== Setting up Grid Parameters ========
Using bounding box for grid setup
 Bounding Box at level:           2
 Bounding Box Center:      17.000    16.000    20.000
 Xmin, Xmax, Xmax-Xmin:    14.216    19.806     5.590
 Ymin, Ymax, Ymax-Ymin:    12.981    19.400     6.419
 Zmin, Zmax, Zmax-Zmin:    14.391    25.117    10.726
 Grid dimension at level     2    29   31   39
 Grid origin corrected at level     2      9.500     8.000    10.000
 Bounding Box at level:           1
 Bounding Box Center:      17.000    16.000    20.000
 Xmin, Xmax, Xmax-Xmin:    14.216    19.806     5.590
 Ymin, Ymax, Ymax-Ymin:    12.981    19.400     6.419
 Zmin, Zmax, Zmax-Zmin:    14.391    25.117    10.726
PB Warn in setgrd(): focusing grid too large    2
 fillratio is automatically increased to 2.500
 Grid dimension at level     1     5    5    9
 Grid origin corrected at level     1      5.000     4.000     0.000
------- VMD goodie --------
#First Level Geometric Box
draw materials off
draw color green
draw line "    5.000    4.000    0.000" "   25.000    4.000    0.000"
draw line "    5.000    4.000    0.000" "    5.000   24.000    0.000"
draw line "    5.000    4.000    0.000" "    5.000    4.000   36.000"
draw line "   25.000    4.000    0.000" "   25.000   24.000    0.000"
draw line "   25.000    4.000    0.000" "   25.000    4.000   36.000"
draw line "    5.000   24.000    0.000" "   25.000   24.000    0.000"
draw line "    5.000   24.000    0.000" "    5.000   24.000   36.000"
draw line "    5.000    4.000   36.000" "   25.000    4.000   36.000"
draw line "    5.000    4.000   36.000" "    5.000   24.000   36.000"
draw line "   25.000   24.000   36.000" "   25.000   24.000    0.000"
draw line "   25.000   24.000   36.000" "    5.000   24.000   36.000"
draw line "   25.000   24.000   36.000" "   25.000    4.000   36.000"
#2nd Level Geometric Box
draw color blue
draw line "    9.500    8.000   10.000" "   24.500    8.000   10.000"
draw line "    9.500    8.000   10.000" "    9.500   24.000   10.000"
draw line "    9.500    8.000   10.000" "    9.500    8.000   30.000"
draw line "   24.500    8.000   10.000" "   24.500   24.000   10.000"
draw line "   24.500    8.000   10.000" "   24.500    8.000   30.000"
draw line "    9.500   24.000   10.000" "   24.500   24.000   10.000"
draw line "    9.500   24.000   10.000" "    9.500   24.000   30.000"
draw line "    9.500    8.000   30.000" "   24.500    8.000   30.000"
draw line "    9.500    8.000   30.000" "    9.500   24.000   30.000"
draw line "   24.500   24.000   30.000" "   24.500   24.000   10.000"
draw line "   24.500   24.000   30.000" "    9.500   24.000   30.000"
draw line "   24.500   24.000   30.000" "   24.500    8.000   30.000"
--- End VMD goodie --------

======== Setting up Solvent Accessibility Data ========
Setting up working radii
Number of SA srf points exposed  1216
 Number of SA arcs generated   120
 Number of SA arc points exposed         536 Number of trimer arc points exposed          42
 with resolution (A) = .250000E+00

Atomic solvent accessible surface area:
           1   11.5483572572123
           2   42.1577700069592
           3   45.9115440486747
           4    9.8985919347534
           5   23.2776565175330
           6    4.6193429028849
           7   17.5208167336270
           8    0.3299530644918
           9   20.7746826984435
          10   18.5220062612628
          11    0.0000000000000
          12   20.2740879346255
          13   23.0273591356241
          14    2.6396245159342
          15   27.2824146280763
          16   29.0344963014391
          17   26.2812251004405

 ======== FDPB Summary ========

 Do FDPB every           1 steps
 Nonbonded Update
   residue cutoff is set to   99.9000000000000
   fdpb cutoff is set to    5.0000000000000
   sas cutoff is set to    9.0000000000000
   nonbonded cutoff is set to    0.0000000000000
 Grid Constants
   Grid dimension       5       5       9
   Grid spacing set to     4.000
   Grid boundary
         5.000    29.000
         4.000    28.000
         0.000    40.000

 Dielectric Map
   Use cavity radii in the prmtop file

   Use probe-based SES definition
     Compute SAS/SAR every           1 steps
     Solvent probe radius   1.40000000000000
     Surface dots per atom     366
     Buried atom radii increment   0.79800000000000
     Threshhold for exposed atom   0.08000000000000
     Current SAS 323.09992904198242

 Boundary conditions
   sum of grid charges as independent DH spheres

 Physical constants
   Solute dielectric constant  :   1.00000000000000
   Solvent dielectric constant :   80.0000000000000
   Temperature (K)             :   300.000000000000
   Ionic strength (mM)         :   0.00000000000000
   Debye-Huckel parameter (1/A):   0.00000000000000

FD Solver Option
   Use Modified ICCG solver

 Iteration data
   Maximum iterations  :         100
   Convergence criteria:  1.000000000000000E-03
   Iterations required        :     5
   Norm of the constant vector:       254.5114958024
   Norm of the residual vector:      0.0536459230336
   Convergence achieved       :  2.1077996050609512E-04

 Total molecular surface    153.1259

 ======== FDPB Summary ========

 Do FDPB every           1 steps
 Nonbonded Update
   residue cutoff is set to   99.9000000000000
   fdpb cutoff is set to    5.0000000000000
   sas cutoff is set to    9.0000000000000
   nonbonded cutoff is set to    0.0000000000000
 Grid Constants
   Grid dimension      29      31      39
   Grid spacing set to     0.500
   Grid boundary
         9.500    24.500
         8.000    24.000
        10.000    30.000

 Dielectric Map
   Use cavity radii in the prmtop file

   Use probe-based SES definition
     Compute SAS/SAR every           1 steps
     Solvent probe radius   1.40000000000000
     Surface dots per atom     366
     Buried atom radii increment   0.79800000000000
     Threshhold for exposed atom   0.08000000000000
     Current SAS 323.09992904198242

 Boundary conditions
   sum of grid charges as independent DH spheres

 Physical constants
   Solute dielectric constant  :   1.00000000000000
   Solvent dielectric constant :   80.0000000000000
   Temperature (K)             :   300.000000000000
   Ionic strength (mM)         :   0.00000000000000
   Debye-Huckel parameter (1/A):   0.00000000000000

FD Solver Option
   Use Modified ICCG solver

 Iteration data
   Maximum iterations  :         100
   Convergence criteria:  1.000000000000000E-03
   Iterations required        :    14
   Norm of the constant vector:     20795.8021779102
   Norm of the residual vector:     16.3691376077327
   Convergence achieved       :  7.8713662823357456E-04

 Total surface charge       0.9875
 Reaction field energy    -80.0158
 Nonpolar SAS/SAV    323.0999      0.0000
 Cavity solvation energy      1.6155

 NSTEP =        1   TIME(PS) =       0.000  TEMP(K) =     0.00  PRESS =     0.0
 Etot   =      -108.4722  EKtot   =         0.0000  EPtot      =         0.0000
 BOND   =         0.0000  ANGLE   =         0.0000  DIHED      =         0.0000
 1-4 NB =         0.0000  1-4 EEL =         0.0000  VDWAALS    =        -0.4510
 EELEC  =       -29.6209  EPB     =       -80.0158  RESTRAINT  =         0.0000
 ECAVITY=         1.6155  EDISPER =         0.0000
 ------------------------------------------------------------------------------



  Maximum number of minimization cycles reached.


                    FINAL RESULTS


 NSTEP =        1   TIME(PS) =       0.000  TEMP(K) =     0.00  PRESS =     0.0
 Etot   =      -108.4722  EKtot   =         0.0000  EPtot      =         0.0000
 BOND   =         0.0000  ANGLE   =         0.0000  DIHED      =         0.0000
 1-4 NB =         0.0000  1-4 EEL =         0.0000  VDWAALS    =        -0.4510
 EELEC  =       -29.6209  EPB     =       -80.0158  RESTRAINT  =         0.0000
 ECAVITY=         1.6155  EDISPER =         0.0000
 ------------------------------------------------------------------------------


--------------------------------------------------------------------------------
   5.  TIMINGS
--------------------------------------------------------------------------------

| Total time                     0.03
| Read prm/crd time              0.00
| Force time                     0.03
| Nonbond force                  0.03
| PB Nonbond                     0.03
| PB FD grid                     0.00
| PB Sasa                        0.00
| PB FD force                    0.03
| PB Set linear sys              0.01
| PB Solver                      0.02
| PB SA arc                      0.00
| PB exclude                     0.00
| PB exmol                       0.01
| PB exmol setup                 0.00
| PB exmol part e                0.00
| PB exmol part f                0.00
| PB epsmap                      0.00
|           Job began  at 20:51:46.795  on 08/29/2021
|           Setup done at 20:51:46.799  on 08/29/2021
|           Run   done at 20:51:46.829  on 08/29/2021
|     wallclock() was called     110 times
