
          -------------------------------------------------------
          PBSA VERSION 2019                       UC Irvine
          -------------------------------------------------------

| Run on 08/29/2021 at 20:51:47

File Assignments:
|  MDIN: ../pbsa-script/mdin.in                                                
| MDOUT: complex-pb.out                                                        
|INPCRD: complex.crd                                                           
|  PARM: complex.prmtop                                                        
|

 Here is the input file:

Sample single point PB calculation                                             
&cntrl                                                                         
ipb=1, inp=1                                                                   
/                                                                              
&pb                                                                            
npbverb=1, fillratio=1.5, saopt=1, radiopt=0, epsin=1.0, epsout=80             
/                                                                              
 PBSA Warning in pb_read(): sprob=0.557 is optimized for inp=2 and  should not be used with inp=1. It has been reset to 1.4.
 PBSA Warning in pb_read(): cavity_surften=0.0378 is optimized for inp=2  and should not be used with inp=1. It has been reset to 0.005000.
 PBSA Warning in pb_read(): cavity_offset=-0.5692 is optimized for inp=2  and should not be used with inp=1. It has been reset to 0.000.

--------------------------------------------------------------------------------
   1.  RESOURCE   USE: 
--------------------------------------------------------------------------------

| Flags:                                                                        
| New format PARM file being parsed.
| Version =    1.000 Date = 08/29/21 Time = 13:30:01
 NATOM  =     143 NTYPES =      10 NBONH =      69 MBONA  =      79
 NTHETH =     158 MTHETA =     115 NPHIH =     290 MPHIA  =     223
 NHPARM =       0 NPARM  =       0 NNB   =     837 NRES   =       7
 NBONA  =      79 NTHETA =     115 NPHIA =     223 NUMBND =      13
 NUMANG =      23 NPTRA  =      31 NATYP =      16 NPHB   =       0
 IFBOX  =       1 NMXRS  =      21 IFCAP =       0 NEXTRA =       0
 NCOPY  =       0


|     Memory Use     Allocated
|     Real                5347
|     Hollerith            438
|     Integer            26457
|     Max Pairs              1
|     Max Rstack             1
|     Max Istack             1
|       Total              146 kbytes

     BOX TYPE: RECTILINEAR

--------------------------------------------------------------------------------
   2.  CONTROL  DATA  FOR  THE  RUN
--------------------------------------------------------------------------------

default_name                                                                    

General flags:
     imin    =       1, nmropt  =       0

Nature and format of input:
     ntx     =       1, irest   =       0, ntrx    =       1

Nature and format of output:
     ntxo    =       1, ntpr    =      50, ntrx    =       1, ntwr    =     500
     iwrap   =       0, ntwx    =       0, ntwv    =       0, ntwe    =       0
     ioutfm  =       0, ntwprt  =       0, idecomp =       0, rbornstat=      0

Potential function:
     ntf     =       1, ntb     =       1, ipb     =       1, nsnb    =      25
     ipol    =       0, gbsa    =       0, iesp    =       0
     dielc   =   1.00000, cut     =   8.00000, intdiel =   1.00000

Frozen or restrained atoms:
     ibelly  =       0, ntr     =       0

Energy minimization:
     maxcyc  =       1, ncyc    =      10, ntmin   =       1
     dx0     =   0.01000, drms    =   0.00010

======== Implicit Solvent Initialization ========

     Max Nonbonded Pairs:    10225    10225

 no. of atoms processed in PB initialization:   143
  NUM  RESI  NAME  TYPE    CHARGE ATM CRG/H   GRP CRG   PB RADI   NP RADI
    1  MGO   C1    CG    0.042700  0.203700 -0.283400  1.700000  1.699835
    2  MGO   H1    H2    0.161000  0.000000  0.000000  1.300000  1.146587
    3  MGO   O1    OS   -0.322900 -0.322900  0.080400  1.500000  1.500006
    4  MGO   C2    CG    0.137600  0.202600  0.508600  1.700000  1.699835
    5  MGO   H2    H1    0.065000  0.000000  0.000000  1.300000  1.235677
    6  MGO   O2    OH   -0.634600 -0.198000  0.004600  1.500000  1.533237
    7  MGO   HO2   HO    0.436600  0.000000  0.000000  0.800000  0.000000
    8  MGO   C3    CG    0.122400  0.300300  0.504500  1.700000  1.699835
    9  MGO   H3    H1    0.177900  0.000000  0.000000  1.300000  1.235677
   10  MGO   O3    OH   -0.620000 -0.198000  0.102300  1.500000  1.533237
   11  MGO   HO3   HO    0.422000  0.000000  0.000000  0.800000  0.000000
   12  MGO   C4    CG    0.040100  0.199600  0.311900  1.700000  1.699835
   13  MGO   H4    H1    0.159500  0.000000  0.000000  1.300000  1.235677
   14  MGO   C5    CG    0.019300  0.134900  0.210300  1.700000  1.699835
   15  MGO   H5    H1    0.115600  0.000000  0.000000  1.300000  1.235677
   16  MGO   O5    OS   -0.366800 -0.366800 -0.028200  1.500000  1.500006
   17  MGO   C6    CG    0.191800  0.242600  0.179500  1.700000  1.699835
   18  MGO   H61   H1    0.025400  0.000000  0.000000  1.300000  1.235677
   19  MGO   H62   H1    0.025400  0.000000  0.000000  1.300000  1.235677
   20  MGO   O6    OH   -0.607700 -0.198000  0.044600  1.500000  1.533237
   21  MGO   HO6   HO    0.409700  0.000000  0.000000  0.800000  0.000000
   22  MGO   C1    CG    0.042700  0.203700 -0.283400  1.700000  1.699835
   23  MGO   H1    H2    0.161000  0.000000  0.000000  1.300000  1.146587
   24  MGO   O1    OS   -0.322900 -0.322900  0.080400  1.500000  1.500006
   25  MGO   C2    CG    0.137600  0.202600  0.508600  1.700000  1.699835
   26  MGO   H2    H1    0.065000  0.000000  0.000000  1.300000  1.235677
   27  MGO   O2    OH   -0.634600 -0.198000  0.004600  1.500000  1.533237
   28  MGO   HO2   HO    0.436600  0.000000  0.000000  0.800000  0.000000
   29  MGO   C3    CG    0.122400  0.300300  0.504500  1.700000  1.699835
   30  MGO   H3    H1    0.177900  0.000000  0.000000  1.300000  1.235677
   31  MGO   O3    OH   -0.620000 -0.198000  0.102300  1.500000  1.533237
   32  MGO   HO3   HO    0.422000  0.000000  0.000000  0.800000  0.000000
   33  MGO   C4    CG    0.040100  0.199600  0.311900  1.700000  1.699835
   34  MGO   H4    H1    0.159500  0.000000  0.000000  1.300000  1.235677
   35  MGO   C5    CG    0.019300  0.134900  0.210300  1.700000  1.699835
   36  MGO   H5    H1    0.115600  0.000000  0.000000  1.300000  1.235677
   37  MGO   O5    OS   -0.366800 -0.366800 -0.028200  1.500000  1.500006
   38  MGO   C6    CG    0.191800  0.242600  0.179500  1.700000  1.699835
   39  MGO   H61   H1    0.025400  0.000000  0.000000  1.300000  1.235677
   40  MGO   H62   H1    0.025400  0.000000  0.000000  1.300000  1.235677
   41  MGO   O6    OH   -0.607700 -0.198000  0.044600  1.500000  1.533237
   42  MGO   HO6   HO    0.409700  0.000000  0.000000  0.800000  0.000000
   43  MGO   C1    CG    0.042700  0.203700 -0.283400  1.700000  1.699835
   44  MGO   H1    H2    0.161000  0.000000  0.000000  1.300000  1.146587
   45  MGO   O1    OS   -0.322900 -0.322900  0.080400  1.500000  1.500006
   46  MGO   C2    CG    0.137600  0.202600  0.508600  1.700000  1.699835
   47  MGO   H2    H1    0.065000  0.000000  0.000000  1.300000  1.235677
   48  MGO   O2    OH   -0.634600 -0.198000  0.004600  1.500000  1.533237
   49  MGO   HO2   HO    0.436600  0.000000  0.000000  0.800000  0.000000
   50  MGO   C3    CG    0.122400  0.300300  0.504500  1.700000  1.699835
   51  MGO   H3    H1    0.177900  0.000000  0.000000  1.300000  1.235677
   52  MGO   O3    OH   -0.620000 -0.198000  0.102300  1.500000  1.533237
   53  MGO   HO3   HO    0.422000  0.000000  0.000000  0.800000  0.000000
   54  MGO   C4    CG    0.040100  0.199600  0.311900  1.700000  1.699835
   55  MGO   H4    H1    0.159500  0.000000  0.000000  1.300000  1.235677
   56  MGO   C5    CG    0.019300  0.134900  0.210300  1.700000  1.699835
   57  MGO   H5    H1    0.115600  0.000000  0.000000  1.300000  1.235677
   58  MGO   O5    OS   -0.366800 -0.366800 -0.028200  1.500000  1.500006
   59  MGO   C6    CG    0.191800  0.242600  0.179500  1.700000  1.699835
   60  MGO   H61   H1    0.025400  0.000000  0.000000  1.300000  1.235677
   61  MGO   H62   H1    0.025400  0.000000  0.000000  1.300000  1.235677
   62  MGO   O6    OH   -0.607700 -0.198000  0.044600  1.500000  1.533237
   63  MGO   HO6   HO    0.409700  0.000000  0.000000  0.800000  0.000000
   64  MGO   C1    CG    0.042700  0.203700 -0.283400  1.700000  1.699835
   65  MGO   H1    H2    0.161000  0.000000  0.000000  1.300000  1.146587
   66  MGO   O1    OS   -0.322900 -0.322900  0.080400  1.500000  1.500006
   67  MGO   C2    CG    0.137600  0.202600  0.508600  1.700000  1.699835
   68  MGO   H2    H1    0.065000  0.000000  0.000000  1.300000  1.235677
   69  MGO   O2    OH   -0.634600 -0.198000  0.004600  1.500000  1.533237
   70  MGO   HO2   HO    0.436600  0.000000  0.000000  0.800000  0.000000
   71  MGO   C3    CG    0.122400  0.300300  0.504500  1.700000  1.699835
   72  MGO   H3    H1    0.177900  0.000000  0.000000  1.300000  1.235677
   73  MGO   O3    OH   -0.620000 -0.198000  0.102300  1.500000  1.533237
   74  MGO   HO3   HO    0.422000  0.000000  0.000000  0.800000  0.000000
   75  MGO   C4    CG    0.040100  0.199600  0.311900  1.700000  1.699835
   76  MGO   H4    H1    0.159500  0.000000  0.000000  1.300000  1.235677
   77  MGO   C5    CG    0.019300  0.134900  0.210300  1.700000  1.699835
   78  MGO   H5    H1    0.115600  0.000000  0.000000  1.300000  1.235677
   79  MGO   O5    OS   -0.366800 -0.366800 -0.028200  1.500000  1.500006
   80  MGO   C6    CG    0.191800  0.242600  0.179500  1.700000  1.699835
   81  MGO   H61   H1    0.025400  0.000000  0.000000  1.300000  1.235677
   82  MGO   H62   H1    0.025400  0.000000  0.000000  1.300000  1.235677
   83  MGO   O6    OH   -0.607700 -0.198000  0.044600  1.500000  1.533237
   84  MGO   HO6   HO    0.409700  0.000000  0.000000  0.800000  0.000000
   85  MGO   C1    CG    0.042700  0.203700 -0.283400  1.700000  1.699835
   86  MGO   H1    H2    0.161000  0.000000  0.000000  1.300000  1.146587
   87  MGO   O1    OS   -0.322900 -0.322900  0.080400  1.500000  1.500006
   88  MGO   C2    CG    0.137600  0.202600  0.508600  1.700000  1.699835
   89  MGO   H2    H1    0.065000  0.000000  0.000000  1.300000  1.235677
   90  MGO   O2    OH   -0.634600 -0.198000  0.004600  1.500000  1.533237
   91  MGO   HO2   HO    0.436600  0.000000  0.000000  0.800000  0.000000
   92  MGO   C3    CG    0.122400  0.300300  0.504500  1.700000  1.699835
   93  MGO   H3    H1    0.177900  0.000000  0.000000  1.300000  1.235677
   94  MGO   O3    OH   -0.620000 -0.198000  0.102300  1.500000  1.533237
   95  MGO   HO3   HO    0.422000  0.000000  0.000000  0.800000  0.000000
   96  MGO   C4    CG    0.040100  0.199600  0.311900  1.700000  1.699835
   97  MGO   H4    H1    0.159500  0.000000  0.000000  1.300000  1.235677
   98  MGO   C5    CG    0.019300  0.134900  0.210300  1.700000  1.699835
   99  MGO   H5    H1    0.115600  0.000000  0.000000  1.300000  1.235677
  100  MGO   O5    OS   -0.366800 -0.366800 -0.028200  1.500000  1.500006
  101  MGO   C6    CG    0.191800  0.242600  0.179500  1.700000  1.699835
  102  MGO   H61   H1    0.025400  0.000000  0.000000  1.300000  1.235677
  103  MGO   H62   H1    0.025400  0.000000  0.000000  1.300000  1.235677
  104  MGO   O6    OH   -0.607700 -0.198000  0.044600  1.500000  1.533237
  105  MGO   HO6   HO    0.409700  0.000000  0.000000  0.800000  0.000000
  106  MGO   C1    CG    0.042700  0.203700 -0.283400  1.700000  1.699835
  107  MGO   H1    H2    0.161000  0.000000  0.000000  1.300000  1.146587
  108  MGO   O1    OS   -0.322900 -0.322900  0.080400  1.500000  1.500006
  109  MGO   C2    CG    0.137600  0.202600  0.508600  1.700000  1.699835
  110  MGO   H2    H1    0.065000  0.000000  0.000000  1.300000  1.235677
  111  MGO   O2    OH   -0.634600 -0.198000  0.004600  1.500000  1.533237
  112  MGO   HO2   HO    0.436600  0.000000  0.000000  0.800000  0.000000
  113  MGO   C3    CG    0.122400  0.300300  0.504500  1.700000  1.699835
  114  MGO   H3    H1    0.177900  0.000000  0.000000  1.300000  1.235677
  115  MGO   O3    OH   -0.620000 -0.198000  0.102300  1.500000  1.533237
  116  MGO   HO3   HO    0.422000  0.000000  0.000000  0.800000  0.000000
  117  MGO   C4    CG    0.040100  0.199600  0.311900  1.700000  1.699835
  118  MGO   H4    H1    0.159500  0.000000  0.000000  1.300000  1.235677
  119  MGO   C5    CG    0.019300  0.134900  0.210300  1.700000  1.699835
  120  MGO   H5    H1    0.115600  0.000000  0.000000  1.300000  1.235677
  121  MGO   O5    OS   -0.366800 -0.366800 -0.028200  1.500000  1.500006
  122  MGO   C6    CG    0.191800  0.242600  0.179500  1.700000  1.699835
  123  MGO   H61   H1    0.025400  0.000000  0.000000  1.300000  1.235677
  124  MGO   H62   H1    0.025400  0.000000  0.000000  1.300000  1.235677
  125  MGO   O6    OH   -0.607700 -0.198000  0.044600  1.500000  1.533237
  126  MGO   HO6   HO    0.409700  0.000000  0.000000  0.800000  0.000000
  127  MOL   C1    c     0.872400  0.872400 -0.848900  1.700000  1.699835
  128  MOL   O1    o    -0.830700 -0.830700  0.041700  1.500000  1.479961
  129  MOL   O2    o    -0.830700 -0.830700  0.041700  1.500000  1.479961
  130  MOL   C2    c3   -0.011700 -0.059900  0.844700  1.700000  1.699835
  131  MOL   H1    hc   -0.024100 -0.024100 -0.024100  1.300000  1.324766
  132  MOL   H2    hc   -0.024100 -0.024100 -0.024100  1.300000  1.324766
  133  MOL   C3    c2   -0.106200  0.032200 -0.266300  1.700000  1.699835
  134  MOL   H3    ha    0.138400  0.138400  0.138400  1.300000  1.299821
  135  MOL   C4    c2   -0.391600 -0.238600 -0.105200  1.700000  1.699835
  136  MOL   H4    ha    0.153000  0.153000  0.153000  1.300000  1.299821
  137  MOL   C5    c3    0.166200  0.101200 -0.183300  1.700000  1.699835
  138  MOL   H5    hc   -0.032500 -0.032500 -0.032500  1.300000  1.324766
  139  MOL   H6    hc   -0.032500 -0.032500 -0.032500  1.300000  1.324766
  140  MOL   C6    c3   -0.025800 -0.045900  0.055300  1.700000  1.699835
  141  MOL   H7    hc   -0.006700 -0.006700 -0.006700  1.300000  1.324766
  142  MOL   H8    hc   -0.006700 -0.006700 -0.006700  1.300000  1.324766
  143  MOL   H9    hc   -0.006700 -0.006700 -0.006700  1.300000  1.324766

 total system charges (+/-) for PB       -1.0000       16.6420      -17.6420
 cavity_surften =        0.0050 cavity_offset =        0.0000

   SAS Surface: surface dots generated:    366

--------------------------------------------------------------------------------
   3.  ATOMIC COORDINATES AND VELOCITIES
--------------------------------------------------------------------------------

Cpptraj Generated Restart                                                       
 begin time read from input coords =   551.000 ps

 Number of triangulated 3-point waters found:        0

--------------------------------------------------------------------------------
   4.  RESULTS
--------------------------------------------------------------------------------

  NB-update: atom-based nb list     7482


======== Setting up Grid Parameters ========
Using bounding box for grid setup
 Bounding Box at level:           2
 Bounding Box Center:      16.500    17.500    19.500
 Xmin, Xmax, Xmax-Xmin:     8.555    24.160    15.606
 Ymin, Ymax, Ymax-Ymin:     9.496    25.197    15.701
 Zmin, Zmax, Zmax-Zmin:    14.280    24.641    10.361
 Grid dimension at level     2    49   49   39
 Grid origin corrected at level     2      4.000     5.000     9.500
 Bounding Box at level:           1
 Bounding Box Center:      16.500    17.500    19.500
 Xmin, Xmax, Xmax-Xmin:     8.555    24.160    15.606
 Ymin, Ymax, Ymax-Ymin:     9.496    25.197    15.701
 Zmin, Zmax, Zmax-Zmin:    14.280    24.641    10.361
PB Warn in setgrd(): focusing grid too large    2
 fillratio is automatically increased to 2.500
 Grid dimension at level     1    11   11    7
 Grid origin corrected at level     1     -7.500    -6.500     3.500
------- VMD goodie --------
#First Level Geometric Box
draw materials off
draw color green
draw line "   -7.500   -6.500    3.500" "   36.500   -6.500    3.500"
draw line "   -7.500   -6.500    3.500" "   -7.500   37.500    3.500"
draw line "   -7.500   -6.500    3.500" "   -7.500   -6.500   31.500"
draw line "   36.500   -6.500    3.500" "   36.500   37.500    3.500"
draw line "   36.500   -6.500    3.500" "   36.500   -6.500   31.500"
draw line "   -7.500   37.500    3.500" "   36.500   37.500    3.500"
draw line "   -7.500   37.500    3.500" "   -7.500   37.500   31.500"
draw line "   -7.500   -6.500   31.500" "   36.500   -6.500   31.500"
draw line "   -7.500   -6.500   31.500" "   -7.500   37.500   31.500"
draw line "   36.500   37.500   31.500" "   36.500   37.500    3.500"
draw line "   36.500   37.500   31.500" "   -7.500   37.500   31.500"
draw line "   36.500   37.500   31.500" "   36.500   -6.500   31.500"
#2nd Level Geometric Box
draw color blue
draw line "    4.000    5.000    9.500" "   29.000    5.000    9.500"
draw line "    4.000    5.000    9.500" "    4.000   30.000    9.500"
draw line "    4.000    5.000    9.500" "    4.000    5.000   29.500"
draw line "   29.000    5.000    9.500" "   29.000   30.000    9.500"
draw line "   29.000    5.000    9.500" "   29.000    5.000   29.500"
draw line "    4.000   30.000    9.500" "   29.000   30.000    9.500"
draw line "    4.000   30.000    9.500" "    4.000   30.000   29.500"
draw line "    4.000    5.000   29.500" "   29.000    5.000   29.500"
draw line "    4.000    5.000   29.500" "    4.000   30.000   29.500"
draw line "   29.000   30.000   29.500" "   29.000   30.000    9.500"
draw line "   29.000   30.000   29.500" "    4.000   30.000   29.500"
draw line "   29.000   30.000   29.500" "   29.000    5.000   29.500"
--- End VMD goodie --------

======== Setting up Solvent Accessibility Data ========
Setting up working radii
Number of SA srf points exposed  3736
 Number of SA arcs generated  3395
 Number of SA arc points exposed        2077 Number of trimer arc points exposed         174
 with resolution (A) = .250000E+00

Atomic solvent accessible surface area:
           1    0.0000000000000
           2    7.5089214572687
           3    0.0000000000000
           4    0.0000000000000
           5   19.5231957888987
           6   25.4101627439206
           7    0.0000000000000
           8    0.0000000000000
           9    0.0000000000000
          10   24.2551553464697
          11    0.3323564687076
          12    0.0000000000000
          13    6.2574345477239
          14    0.0000000000000
          15    0.0000000000000
          16    4.0425258910783
          17    2.3096714514425
          18    3.0035685829075
          19   17.7711141155360
          20   33.4952145260771
          21    3.9882776244917
          22    0.0000000000000
          23   17.0202219698091
          24    0.0000000000000
          25    0.0000000000000
          26   21.0249800803524
          27   18.7688702085777
          28    0.0000000000000
          29    0.0000000000000
          30    0.0000000000000
          31   15.3038480162249
          32    3.3235646870764
          33    0.0000000000000
          34    6.5077319296329
          35    0.0000000000000
          36    0.0000000000000
          37    7.7962999327938
          38    0.9898591934753
          39    8.2598136029956
          40   20.0237905527166
          41   23.6776516477442
          42    9.3059811238140
          43    0.0000000000000
          44   16.2693298240822
          45    0.0000000000000
          46    0.0000000000000
          47   17.7711141155360
          48   26.2764182920088
          49    0.0000000000000
          50    0.0000000000000
          51    0.0000000000000
          52   19.0576220579404
          53    3.9882776244917
          54    0.0000000000000
          55    8.7604083668135
          56    0.0000000000000
          57    0.0000000000000
          58    6.9300443847056
          59    1.3198122579671
          60    3.2538659648164
          61   15.2681402964464
          62   28.5864330869107
          63   10.8015852329984
          64    0.0000000000000
          65   15.0178429145374
          66    0.0000000000000
          67    0.0000000000000
          68   19.7734931708076
          69   27.7201775388225
          70    0.0000000000000
          71    0.0000000000000
          72    2.0023790552717
          73   15.3038480162249
          74    7.6441987802758
          75    0.0000000000000
          76    6.5077319296329
          77    0.0000000000000
          78    0.0000000000000
          79    6.6412925353429
          80    0.3299530644918
          81    0.0000000000000
          82    8.2598136029956
          83   32.0514552792635
          84    3.8220993901379
          85    0.0000000000000
          86   14.2669507688106
          87    0.0000000000000
          88    0.0000000000000
          89   21.5255748441703
          90   27.1426738400970
          91    1.4956041091844
          92    0.0000000000000
          93    1.2514869095448
          94   19.0576220579404
          95    6.4809511397990
          96    0.0000000000000
          97    5.5065424019971
          98    0.0000000000000
          99    0.0000000000000
         100    3.7537740417155
         101    1.6497653224589
         102    4.0047581105433
         103   11.7639769497210
         104   32.3402071286262
         105    2.6588517496611
         106    0.0000000000000
         107   12.2645717135389
         108    0.0000000000000
         109    0.0000000000000
         110   18.5220062612628
         111   29.1639367856361
         112    1.1632476404767
         113    0.0000000000000
         114    1.7520816733627
         115   21.6563887022050
         116    5.3177034993223
         117    0.0000000000000
         118    5.0059476381791
         119    0.0000000000000
         120    0.0000000000000
         121    3.4650221923528
         122    0.3299530644918
         123    0.0000000000000
         124    9.2610031306314
         125   30.0301923337243
         126    3.8220993901379
         127    4.9492959673767
         128   27.7201775388225
         129   21.3676368528423
         130    0.3299530644918
         131    0.0000000000000
         132    4.5053528743612
         133    0.0000000000000
         134    0.0000000000000
         135    0.0000000000000
         136    0.0000000000000
         137    0.0000000000000
         138    0.0000000000000
         139    0.0000000000000
         140    0.3299530644918
         141    0.7508921457269
         142   18.5220062612628
         143    0.0000000000000

 ======== FDPB Summary ========

 Do FDPB every           1 steps
 Nonbonded Update
   residue cutoff is set to   99.9000000000000
   fdpb cutoff is set to    5.0000000000000
   sas cutoff is set to    9.0000000000000
   nonbonded cutoff is set to    0.0000000000000
 Grid Constants
   Grid dimension      11      11       7
   Grid spacing set to     4.000
   Grid boundary
        -7.500    40.500
        -6.500    41.500
         3.500    35.500

 Dielectric Map
   Use cavity radii in the prmtop file

   Use probe-based SES definition
     Compute SAS/SAR every           1 steps
     Solvent probe radius   1.40000000000000
     Surface dots per atom     366
     Buried atom radii increment   0.79800000000000
     Threshhold for exposed atom   0.08000000000000
     Current SAS 976.38570944122409

 Boundary conditions
   sum of grid charges as independent DH spheres

 Physical constants
   Solute dielectric constant  :   1.00000000000000
   Solvent dielectric constant :   80.0000000000000
   Temperature (K)             :   300.000000000000
   Ionic strength (mM)         :   0.00000000000000
   Debye-Huckel parameter (1/A):   0.00000000000000

FD Solver Option
   Use Modified ICCG solver

 Iteration data
   Maximum iterations  :         100
   Convergence criteria:  1.000000000000000E-03
   Iterations required        :     6
   Norm of the constant vector:       467.9041570044
   Norm of the residual vector:      0.1529360590883
   Convergence achieved       :  3.2685338823965900E-04

 Total molecular surface    663.0113

 ======== FDPB Summary ========

 Do FDPB every           1 steps
 Nonbonded Update
   residue cutoff is set to   99.9000000000000
   fdpb cutoff is set to    5.0000000000000
   sas cutoff is set to    9.0000000000000
   nonbonded cutoff is set to    0.0000000000000
 Grid Constants
   Grid dimension      49      49      39
   Grid spacing set to     0.500
   Grid boundary
         4.000    29.000
         5.000    30.000
         9.500    29.500

 Dielectric Map
   Use cavity radii in the prmtop file

   Use probe-based SES definition
     Compute SAS/SAR every           1 steps
     Solvent probe radius   1.40000000000000
     Surface dots per atom     366
     Buried atom radii increment   0.79800000000000
     Threshhold for exposed atom   0.08000000000000
     Current SAS 976.38570944122409

 Boundary conditions
   sum of grid charges as independent DH spheres

 Physical constants
   Solute dielectric constant  :   1.00000000000000
   Solvent dielectric constant :   80.0000000000000
   Temperature (K)             :   300.000000000000
   Ionic strength (mM)         :   0.00000000000000
   Debye-Huckel parameter (1/A):   0.00000000000000

FD Solver Option
   Use Modified ICCG solver

 Iteration data
   Maximum iterations  :         100
   Convergence criteria:  1.000000000000000E-03
   Iterations required        :    13
   Norm of the constant vector:    139436.2357741864
   Norm of the residual vector:    138.7799905418949
   Convergence achieved       :  9.9529358183941298E-04

 Total surface charge       0.9867
 Reaction field energy   -163.8286
 Nonpolar SAS/SAV    976.3857      0.0000
 Cavity solvation energy      4.8819

 NSTEP =        1   TIME(PS) =       0.000  TEMP(K) =     0.00  PRESS =     0.0
 Etot   =      -629.0728  EKtot   =         0.0000  EPtot      =         0.0000
 BOND   =         0.0000  ANGLE   =         0.0000  DIHED      =         0.0000
 1-4 NB =         0.0000  1-4 EEL =         0.0000  VDWAALS    =       -47.4249
 EELEC  =      -422.7012  EPB     =      -163.8286  RESTRAINT  =         0.0000
 ECAVITY=         4.8819  EDISPER =         0.0000
 ------------------------------------------------------------------------------



  Maximum number of minimization cycles reached.


                    FINAL RESULTS


 NSTEP =        1   TIME(PS) =       0.000  TEMP(K) =     0.00  PRESS =     0.0
 Etot   =      -629.0728  EKtot   =         0.0000  EPtot      =         0.0000
 BOND   =         0.0000  ANGLE   =         0.0000  DIHED      =         0.0000
 1-4 NB =         0.0000  1-4 EEL =         0.0000  VDWAALS    =       -47.4249
 EELEC  =      -422.7012  EPB     =      -163.8286  RESTRAINT  =         0.0000
 ECAVITY=         4.8819  EDISPER =         0.0000
 ------------------------------------------------------------------------------


--------------------------------------------------------------------------------
   5.  TIMINGS
--------------------------------------------------------------------------------

| Total time                     0.11
| Read prm/crd time              0.01
| Force time                     0.10
| Nonbond force                  0.10
| PB Nonbond                     0.10
| PB FD grid                     0.00
| PB Sasa                        0.02
| PB FD force                    0.10
| PB Set linear sys              0.05
| PB Solver                      0.05
| PB SA srf                      0.00
| PB SA arc                      0.02
| PB SA arc setup                0.00
| PB circle                      0.01
| PB exclude                     0.01
| PB exmol                       0.05
| PB exmol setup                 0.00
| PB exmol part b                0.00
| PB exmol part c                0.00
| PB exmol part e                0.00
| PB exmol part f                0.01
| PB epsmap                      0.00
|           Job began  at 20:51:47.281  on 08/29/2021
|           Setup done at 20:51:47.287  on 08/29/2021
|           Run   done at 20:51:47.390  on 08/29/2021
|     wallclock() was called     110 times
