
          -------------------------------------------------------
          GBNSR6 2015                       
          -------------------------------------------------------

| Run on 11/06/2021 at 09:46:52
  [-O]verwriting output

File Assignments:
|  MDIN: ../scripts/gbnsr6.in                                                  
| MDOUT: host-gb-radii.out                                                     
|INPCRD: host.crd                                                              
|  PARM: host.prmtop                                                           
|

 Here is the input file:

compute                                                                        
&cntrl                                                                         
inp=1                                                                          
/                                                                              
&gb                                                                            
epsin=1.0, epsout=80, istrng=0, space=0.5,                                     
arcres=0.2, B=0.028, alpb=1, rbornstat=0, rbornstat=1, cavity_surften=0.005    
/                                                                              

--------------------------------------------------------------------------------
   1.  RESOURCE   USE: 
--------------------------------------------------------------------------------

| Flags:                                                                        
| New format PARM file being parsed.
| Version =    1.000 Date = 08/29/21 Time = 13:30:01
 NATOM  =     126 NTYPES =       6 NBONH =      60 MBONA  =      72
 NTHETH =     138 MTHETA =     108 NPHIH =     252 MPHIA  =     216
 NHPARM =       0 NPARM  =       0 NNB   =     762 NRES   =       6
 NBONA  =      72 NTHETA =     108 NPHIA =     216 NUMBND =       6
 NUMANG =      12 NPTRA  =      20 NATYP =      16 NPHB   =       0
 IFBOX  =       1 NMXRS  =      21 IFCAP =       0 NEXTRA =       0
 NCOPY  =       0


|     Memory Use     Allocated
|     Real                4721
|     Hollerith            764
|     Integer            23829
|     Max Pairs              1
|     Max Rstack             1
|     Max Istack             1
|       Total              132 kbytes

| Note: 1-4 EEL scale factors are being read from the topology file.

     BOX TYPE: RECTILINEAR

--------------------------------------------------------------------------------
   2.  ATOMIC COORDINATES AND VELOCITIES
--------------------------------------------------------------------------------

Cpptraj Generated Restart                                                       
 begin time read from input coords =   551.000 ps

 Number of triangulated 3-point waters found:        0

--------------------------------------------------------------------------------
   3.  RESULTS
--------------------------------------------------------------------------------

Print:    Atom number      Inverse Effective Born Radii
rinv           1            0.35648727
rinv           2            0.53217246
rinv           3            0.35929463
rinv           4            0.39279851
rinv           5            0.60559877
rinv           6            0.54730281
rinv           7            0.55670996
rinv           8            0.37153975
rinv           9            0.51716380
rinv          10            0.55574966
rinv          11            0.81080073
rinv          12            0.33753773
rinv          13            0.51599823
rinv          14            0.33717743
rinv          15            0.49864501
rinv          16            0.43020019
rinv          17            0.42913622
rinv          18            0.49713453
rinv          19            0.62518076
rinv          20            0.57752864
rinv          21            0.85071609
rinv          22            0.37177479
rinv          23            0.58944608
rinv          24            0.33558010
rinv          25            0.39579250
rinv          26            0.61085294
rinv          27            0.53372085
rinv          28            0.53808386
rinv          29            0.36853914
rinv          30            0.54678216
rinv          31            0.53268079
rinv          32            0.91359351
rinv          33            0.33155821
rinv          34            0.50864859
rinv          35            0.34211069
rinv          36            0.48947948
rinv          37            0.45790090
rinv          38            0.43216176
rinv          39            0.57579177
rinv          40            0.61375596
rinv          41            0.55903248
rinv          42            0.95682691
rinv          43            0.36605959
rinv          44            0.58560189
rinv          45            0.36633849
rinv          46            0.39955598
rinv          47            0.60704553
rinv          48            0.55301160
rinv          49            0.69479933
rinv          50            0.36696834
rinv          51            0.53626869
rinv          52            0.53157675
rinv          53            0.86745534
rinv          54            0.33601220
rinv          55            0.54051030
rinv          56            0.33880639
rinv          57            0.46690460
rinv          58            0.44716536
rinv          59            0.43743989
rinv          60            0.54374069
rinv          61            0.61083133
rinv          62            0.57339088
rinv          63            0.95882509
rinv          64            0.37093383
rinv          65            0.57884551
rinv          66            0.36610553
rinv          67            0.39333201
rinv          68            0.60933121
rinv          69            0.55457397
rinv          70            0.66874741
rinv          71            0.37577554
rinv          72            0.55383458
rinv          73            0.52789672
rinv          74            0.90501543
rinv          75            0.33858347
rinv          76            0.52281685
rinv          77            0.34497655
rinv          78            0.50291831
rinv          79            0.44619141
rinv          80            0.42779134
rinv          81            0.48587632
rinv          82            0.61937611
rinv          83            0.57238609
rinv          84            0.87580939
rinv          85            0.36225449
rinv          86            0.57097894
rinv          87            0.37962464
rinv          88            0.40136342
rinv          89            0.61327329
rinv          90            0.55420142
rinv          91            0.78552377
rinv          92            0.37527753
rinv          93            0.55064491
rinv          94            0.53908666
rinv          95            0.89052448
rinv          96            0.33414674
rinv          97            0.51042989
rinv          98            0.33024899
rinv          99            0.47421093
rinv         100            0.42271422
rinv         101            0.42906941
rinv         102            0.53491626
rinv         103            0.59490429
rinv         104            0.56662468
rinv         105            0.82819145
rinv         106            0.36247685
rinv         107            0.56336968
rinv         108            0.37274386
rinv         109            0.39545141
rinv         110            0.60591575
rinv         111            0.55732801
rinv         112            0.74119906
rinv         113            0.38472606
rinv         114            0.56481602
rinv         115            0.54529977
rinv         116            0.89328202
rinv         117            0.33474501
rinv         118            0.49729067
rinv         119            0.33439215
rinv         120            0.50125891
rinv         121            0.42626432
rinv         122            0.41564922
rinv         123            0.48434642
rinv         124            0.60082608
rinv         125            0.56150259
rinv         126            0.83730313

 Cavity solvation energy      5.0886

 NSTEP =        1   TIME(PS) =       0.000  TEMP(K) =     0.00  PRESS =     0.0
 Etot   =       -88.5191  EKtot   =         0.0000  EPtot      =         0.0000
 BOND   =         0.0000  ANGLE   =         0.0000  DIHED      =         0.0000
 1-4 NB =         0.0000  1-4 EEL =       422.7233  VDWAALS    =         0.0000
 EELEC  =      -414.4115  EGB     =      -101.9195  RESTRAINT  =         0.0000
 ESURF  =         5.0886
 ------------------------------------------------------------------------------



  Maximum number of minimization cycles reached.


                    FINAL RESULTS


 NSTEP =        1   TIME(PS) =       0.000  TEMP(K) =     0.00  PRESS =     0.0
 Etot   =       -88.5191  EKtot   =         0.0000  EPtot      =         0.0000
 BOND   =         0.0000  ANGLE   =         0.0000  DIHED      =         0.0000
 1-4 NB =         0.0000  1-4 EEL =       422.7233  VDWAALS    =         0.0000
 EELEC  =      -414.4115  EGB     =      -101.9195  RESTRAINT  =         0.0000
 ESURF  =         5.0886
 ------------------------------------------------------------------------------

|           Job began  at 09:46:52.106  on 11/06/2021
|           Setup done at 09:46:52.109  on 11/06/2021
|           Run   done at 09:46:52.160  on 11/06/2021
|     wallclock() was called      72 times
