
          -------------------------------------------------------
          GBNSR6 2015                       
          -------------------------------------------------------

| Run on 09/29/2021 at 22:25:29

File Assignments:
|  MDIN: ../../../scripts/gbnsr6.in                                            
| MDOUT: guest-gb.out                                                          
|INPCRD: guest.crd                                                             
|  PARM: guest.prmtop                                                          
|

 Here is the input file:

compute                                                                        
&cntrl                                                                         
inp=1                                                                          
/                                                                              
&gb                                                                            
epsin=1.0, epsout=80, istrng=0, space=0.5,                                     
arcres=0.2, B=0.028, alpb=1, rbornstat=0, cavity_surften=0.005                 
/                                                                              

--------------------------------------------------------------------------------
   1.  RESOURCE   USE: 
--------------------------------------------------------------------------------

| Flags:                                                                        
| New format PARM file being parsed.
| Version =    1.000 Date = 09/29/21 Time = 22:19:37
 NATOM  =      24 NTYPES =       5 NBONH =      16 MBONA  =       8
 NTHETH =      39 MTHETA =       9 NPHIH =      63 MPHIA  =      23
 NHPARM =       0 NPARM  =       0 NNB   =     145 NRES   =       1
 NBONA  =       8 NTHETA =       9 NPHIA =      23 NUMBND =       5
 NUMANG =       8 NPTRA  =       6 NATYP =      14 NPHB   =       0
 IFBOX  =       1 NMXRS  =      24 IFCAP =       0 NEXTRA =       0
 NCOPY  =       0

GB Warning in  gb_read(): B=0 is recommended for molecules with more than 50 atoms

|     Memory Use     Allocated
|     Real                 929
|     Hollerith            147
|     Integer            19134
|     Max Pairs              1
|     Max Rstack             1
|     Max Istack             1
|       Total               82 kbytes

| Note: 1-4 EEL scale factors are being read from the topology file.

     BOX TYPE: RECTILINEAR

--------------------------------------------------------------------------------
   2.  ATOMIC COORDINATES AND VELOCITIES
--------------------------------------------------------------------------------

Cpptraj Generated Restart                                                       
 begin time read from input coords =     0.000 ps

 Number of triangulated 3-point waters found:        0

--------------------------------------------------------------------------------
   3.  RESULTS
--------------------------------------------------------------------------------

 Cavity solvation energy      1.5973

 NSTEP =        1   TIME(PS) =       0.000  TEMP(K) =     0.00  PRESS =     0.0
 Etot   =       -37.0227  EKtot   =         0.0000  EPtot      =         0.0000
 BOND   =         0.0000  ANGLE   =         0.0000  DIHED      =         0.0000
 1-4 NB =         0.0000  1-4 EEL =       -20.4242  VDWAALS    =         0.0000
 EELEC  =        44.1999  EGB     =       -62.3957  RESTRAINT  =         0.0000
 ESURF  =         1.5973
 ------------------------------------------------------------------------------



  Maximum number of minimization cycles reached.


                    FINAL RESULTS


 NSTEP =        1   TIME(PS) =       0.000  TEMP(K) =     0.00  PRESS =     0.0
 Etot   =       -37.0227  EKtot   =         0.0000  EPtot      =         0.0000
 BOND   =         0.0000  ANGLE   =         0.0000  DIHED      =         0.0000
 1-4 NB =         0.0000  1-4 EEL =       -20.4242  VDWAALS    =         0.0000
 EELEC  =        44.1999  EGB     =       -62.3957  RESTRAINT  =         0.0000
 ESURF  =         1.5973
 ------------------------------------------------------------------------------

|           Job began  at 22:25:29.638  on 09/29/2021
|           Setup done at 22:25:29.641  on 09/29/2021
|           Run   done at 22:25:29.654  on 09/29/2021
|     wallclock() was called      72 times
