
          -------------------------------------------------------
          PBSA VERSION 2019                       UC Irvine
          -------------------------------------------------------

| Run on 09/29/2021 at 22:28:45

File Assignments:
|  MDIN: ../../../scripts/pbsa.in                                              
| MDOUT: guest-pb.out                                                          
|INPCRD: guest.crd                                                             
|  PARM: guest.prmtop                                                          
|

 Here is the input file:

Sample single point PB calculation                                             
&cntrl                                                                         
ipb=1, inp=1                                                                   
/                                                                              
&pb                                                                            
npbverb=1, fillratio=1.5, saopt=1, radiopt=0, epsin=1.0, epsout=80             
/                                                                              
 PBSA Warning in pb_read(): sprob=0.557 is optimized for inp=2 and  should not be used with inp=1. It has been reset to 1.4.
 PBSA Warning in pb_read(): cavity_surften=0.0378 is optimized for inp=2  and should not be used with inp=1. It has been reset to 0.005000.
 PBSA Warning in pb_read(): cavity_offset=-0.5692 is optimized for inp=2  and should not be used with inp=1. It has been reset to 0.000.

--------------------------------------------------------------------------------
   1.  RESOURCE   USE: 
--------------------------------------------------------------------------------

| Flags:                                                                        
| New format PARM file being parsed.
| Version =    1.000 Date = 09/29/21 Time = 22:19:37
 NATOM  =      24 NTYPES =       5 NBONH =      16 MBONA  =       8
 NTHETH =      39 MTHETA =       9 NPHIH =      63 MPHIA  =      23
 NHPARM =       0 NPARM  =       0 NNB   =     145 NRES   =       1
 NBONA  =       8 NTHETA =       9 NPHIA =      23 NUMBND =       5
 NUMANG =       8 NPTRA  =       6 NATYP =      14 NPHB   =       0
 IFBOX  =       1 NMXRS  =      24 IFCAP =       0 NEXTRA =       0
 NCOPY  =       0


|     Memory Use     Allocated
|     Real                 929
|     Hollerith             75
|     Integer            21109
|     Max Pairs              1
|     Max Rstack             1
|     Max Istack             1
|       Total               90 kbytes

     BOX TYPE: RECTILINEAR

--------------------------------------------------------------------------------
   2.  CONTROL  DATA  FOR  THE  RUN
--------------------------------------------------------------------------------

HST1                                                                            

General flags:
     imin    =       1, nmropt  =       0

Nature and format of input:
     ntx     =       1, irest   =       0, ntrx    =       1

Nature and format of output:
     ntxo    =       1, ntpr    =      50, ntrx    =       1, ntwr    =     500
     iwrap   =       0, ntwx    =       0, ntwv    =       0, ntwe    =       0
     ioutfm  =       0, ntwprt  =       0, idecomp =       0, rbornstat=      0

Potential function:
     ntf     =       1, ntb     =       1, ipb     =       1, nsnb    =      25
     ipol    =       0, gbsa    =       0, iesp    =       0
     dielc   =   1.00000, cut     =   8.00000, intdiel =   1.00000

Frozen or restrained atoms:
     ibelly  =       0, ntr     =       0

Energy minimization:
     maxcyc  =       1, ncyc    =      10, ntmin   =       1
     dx0     =   0.01000, drms    =   0.00010

======== Implicit Solvent Initialization ========

     Max Nonbonded Pairs:      288      288

 no. of atoms processed in PB initialization:    24
  NUM  RESI  NAME  TYPE    CHARGE ATM CRG/H   GRP CRG   PB RADI   NP RADI
    1  GST   C1    c3   -0.086991  0.032643  0.103745  1.700000  1.699835
    2  GST   C2    c3   -0.086983  0.032651  0.103745  1.700000  1.699835
    3  GST   C3    c3   -0.084983  0.038451  0.117845  1.700000  1.699835
    4  GST   C4    c3   -0.084983  0.038451  0.117853  1.700000  1.699835
    5  GST   C5    c3   -0.103483  0.046751  0.321936  1.700000  1.699835
    6  GST   C6    c3   -0.103483  0.046751  0.321936  1.700000  1.699835
    7  GST   C7    c3    0.132617  0.236734  0.857804  1.700000  1.699835
    8  GST   N1    n4   -0.846183  0.527568  0.764302  1.550000  1.624999
    9  GST   H1    hc    0.059817  0.059817  0.059817  1.300000  1.324766
   10  GST   H2    hc    0.059817  0.059817  0.059817  1.300000  1.324766
   11  GST   H3    hc    0.059817  0.059817  0.059817  1.300000  1.324766
   12  GST   H4    hc    0.059817  0.059817  0.059817  1.300000  1.324766
   13  GST   H5    hc    0.061717  0.061717  0.061717  1.300000  1.324766
   14  GST   H6    hc    0.061717  0.061717  0.061717  1.300000  1.324766
   15  GST   H7    hc    0.061717  0.061717  0.061717  1.300000  1.324766
   16  GST   H8    hc    0.061717  0.061717  0.061717  1.300000  1.324766
   17  GST   H9    hc    0.075117  0.075117  0.075117  1.300000  1.324766
   18  GST   H10   hc    0.075117  0.075117  0.075117  1.300000  1.324766
   19  GST   H11   hc    0.075117  0.075117  0.075117  1.300000  1.324766
   20  GST   H12   hc    0.075117  0.075117  0.075117  1.300000  1.324766
   21  GST   H13   hx    0.104117  0.104117  0.104117  1.300000  0.979989
   22  GST   H14   hn    0.457917  0.457917  0.457917  1.300000  0.534539
   23  GST   H15   hn    0.457917  0.457917  0.457917  1.300000  0.534539
   24  GST   H16   hn    0.457917  0.457917  0.457917  1.300000  0.534539

 total system charges (+/-) for PB        1.0000        2.3971       -1.3971
 cavity_surften =        0.0050 cavity_offset =        0.0000

   SAS Surface: surface dots generated:    366

--------------------------------------------------------------------------------
   3.  ATOMIC COORDINATES AND VELOCITIES
--------------------------------------------------------------------------------

Cpptraj Generated Restart                                                       
 begin time read from input coords =     0.000 ps

 Number of triangulated 3-point waters found:        0

--------------------------------------------------------------------------------
   4.  RESULTS
--------------------------------------------------------------------------------

  NB-update: atom-based nb list      276


======== Setting up Grid Parameters ========
Using bounding box for grid setup
 Bounding Box at level:           2
 Bounding Box Center:      22.000    23.000    23.500
 Xmin, Xmax, Xmax-Xmin:    18.851    25.164     6.313
 Ymin, Ymax, Ymax-Ymin:    19.065    27.354     8.289
 Zmin, Zmax, Zmax-Zmin:    20.045    27.418     7.373
 Grid dimension at level     2    31   35   33
 Grid origin corrected at level     2     14.000    14.000    15.000
 Bounding Box at level:           1
 Bounding Box Center:      22.000    23.000    23.500
 Xmin, Xmax, Xmax-Xmin:    18.851    25.164     6.313
 Ymin, Ymax, Ymax-Ymin:    19.065    27.354     8.289
 Zmin, Zmax, Zmax-Zmin:    20.045    27.418     7.373
PB Warn in setgrd(): focusing grid too large    2
 fillratio is automatically increased to 2.500
 Grid dimension at level     1     5    7    7
 Grid origin corrected at level     1     10.000     7.000     7.500
------- VMD goodie --------
#First Level Geometric Box
draw materials off
draw color green
draw line "   10.000    7.000    7.500" "   30.000    7.000    7.500"
draw line "   10.000    7.000    7.500" "   10.000   35.000    7.500"
draw line "   10.000    7.000    7.500" "   10.000    7.000   35.500"
draw line "   30.000    7.000    7.500" "   30.000   35.000    7.500"
draw line "   30.000    7.000    7.500" "   30.000    7.000   35.500"
draw line "   10.000   35.000    7.500" "   30.000   35.000    7.500"
draw line "   10.000   35.000    7.500" "   10.000   35.000   35.500"
draw line "   10.000    7.000   35.500" "   30.000    7.000   35.500"
draw line "   10.000    7.000   35.500" "   10.000   35.000   35.500"
draw line "   30.000   35.000   35.500" "   30.000   35.000    7.500"
draw line "   30.000   35.000   35.500" "   10.000   35.000   35.500"
draw line "   30.000   35.000   35.500" "   30.000    7.000   35.500"
#2nd Level Geometric Box
draw color blue
draw line "   14.000   14.000   15.000" "   30.000   14.000   15.000"
draw line "   14.000   14.000   15.000" "   14.000   32.000   15.000"
draw line "   14.000   14.000   15.000" "   14.000   14.000   32.000"
draw line "   30.000   14.000   15.000" "   30.000   32.000   15.000"
draw line "   30.000   14.000   15.000" "   30.000   14.000   32.000"
draw line "   14.000   32.000   15.000" "   30.000   32.000   15.000"
draw line "   14.000   32.000   15.000" "   14.000   32.000   32.000"
draw line "   14.000   14.000   32.000" "   30.000   14.000   32.000"
draw line "   14.000   14.000   32.000" "   14.000   32.000   32.000"
draw line "   30.000   32.000   32.000" "   30.000   32.000   15.000"
draw line "   30.000   32.000   32.000" "   14.000   32.000   32.000"
draw line "   30.000   32.000   32.000" "   30.000   14.000   32.000"
--- End VMD goodie --------

======== Setting up Solvent Accessibility Data ========
Setting up working radii
Number of SA srf points exposed  1276
 Number of SA arcs generated   272
 Number of SA arc points exposed         538 Number of trimer arc points exposed          52
 with resolution (A) = .250000E+00

Atomic solvent accessible surface area:
           1    0.0000000000000
           2    0.3299530644918
           3    0.0000000000000
           4    0.0000000000000
           5    0.0000000000000
           6    0.0000000000000
           7    0.0000000000000
           8    0.0000000000000
           9   13.2657612411747
          10   25.2800355728047
          11   19.2728984069897
          12   24.2788460451689
          13   19.5231957888987
          14   22.5267643718062
          15   19.2728984069897
          16   24.0285486632599
          17   21.2752774622614
          18   14.2669507688106
          19   22.7770617537151
          20   11.7639769497210
          21   18.7723036431718
          22   27.7830093918943
          23   17.5208167336270
          24   17.5208167336270

 ======== FDPB Summary ========

 Do FDPB every           1 steps
 Nonbonded Update
   residue cutoff is set to   99.9000000000000
   fdpb cutoff is set to    5.0000000000000
   sas cutoff is set to    9.0000000000000
   nonbonded cutoff is set to    0.0000000000000
 Grid Constants
   Grid dimension       5       7       7
   Grid spacing set to     4.000
   Grid boundary
        10.000    34.000
         7.000    39.000
         7.500    39.500

 Dielectric Map
   Use cavity radii in the prmtop file

   Use probe-based SES definition
     Compute SAS/SAR every           1 steps
     Solvent probe radius   1.40000000000000
     Surface dots per atom     366
     Buried atom radii increment   0.79800000000000
     Threshhold for exposed atom   0.08000000000000
     Current SAS 319.45911499841236

 Boundary conditions
   sum of grid charges as independent DH spheres

 Physical constants
   Solute dielectric constant  :   1.00000000000000
   Solvent dielectric constant :   80.0000000000000
   Temperature (K)             :   300.000000000000
   Ionic strength (mM)         :   0.00000000000000
   Debye-Huckel parameter (1/A):   0.00000000000000

FD Solver Option
   Use Modified ICCG solver

 Iteration data
   Maximum iterations  :         100
   Convergence criteria:  1.000000000000000E-03
   Iterations required        :     5
   Norm of the constant vector:       217.4494206376
   Norm of the residual vector:      0.0575394394531
   Convergence achieved       :  2.6461068180535661E-04

 Total molecular surface    160.4991

 ======== FDPB Summary ========

 Do FDPB every           1 steps
 Nonbonded Update
   residue cutoff is set to   99.9000000000000
   fdpb cutoff is set to    5.0000000000000
   sas cutoff is set to    9.0000000000000
   nonbonded cutoff is set to    0.0000000000000
 Grid Constants
   Grid dimension      31      35      33
   Grid spacing set to     0.500
   Grid boundary
        14.000    30.000
        14.000    32.000
        15.000    32.000

 Dielectric Map
   Use cavity radii in the prmtop file

   Use probe-based SES definition
     Compute SAS/SAR every           1 steps
     Solvent probe radius   1.40000000000000
     Surface dots per atom     366
     Buried atom radii increment   0.79800000000000
     Threshhold for exposed atom   0.08000000000000
     Current SAS 319.45911499841236

 Boundary conditions
   sum of grid charges as independent DH spheres

 Physical constants
   Solute dielectric constant  :   1.00000000000000
   Solvent dielectric constant :   80.0000000000000
   Temperature (K)             :   300.000000000000
   Ionic strength (mM)         :   0.00000000000000
   Debye-Huckel parameter (1/A):   0.00000000000000

FD Solver Option
   Use Modified ICCG solver

 Iteration data
   Maximum iterations  :         100
   Convergence criteria:  1.000000000000000E-03
   Iterations required        :    14
   Norm of the constant vector:     20785.6455921348
   Norm of the residual vector:     13.0999285652922
   Convergence achieved       :  6.3023919595016711E-04

 Total surface charge      -0.9875
 Reaction field energy    -60.8356
 Nonpolar SAS/SAV    319.4591      0.0000
 Cavity solvation energy      1.5973

 NSTEP =        1   TIME(PS) =       0.000  TEMP(K) =     0.00  PRESS =     0.0
 Etot   =       -14.3304  EKtot   =         0.0000  EPtot      =         0.0000
 BOND   =         0.0000  ANGLE   =         0.0000  DIHED      =         0.0000
 1-4 NB =         0.0000  1-4 EEL =         0.0000  VDWAALS    =         0.7079
 EELEC  =        44.1999  EPB     =       -60.8356  RESTRAINT  =         0.0000
 ECAVITY=         1.5973  EDISPER =         0.0000
 ------------------------------------------------------------------------------



  Maximum number of minimization cycles reached.


                    FINAL RESULTS


 NSTEP =        1   TIME(PS) =       0.000  TEMP(K) =     0.00  PRESS =     0.0
 Etot   =       -14.3304  EKtot   =         0.0000  EPtot      =         0.0000
 BOND   =         0.0000  ANGLE   =         0.0000  DIHED      =         0.0000
 1-4 NB =         0.0000  1-4 EEL =         0.0000  VDWAALS    =         0.7079
 EELEC  =        44.1999  EPB     =       -60.8356  RESTRAINT  =         0.0000
 ECAVITY=         1.5973  EDISPER =         0.0000
 ------------------------------------------------------------------------------


--------------------------------------------------------------------------------
   5.  TIMINGS
--------------------------------------------------------------------------------

| Total time                     0.04
| Read prm/crd time              0.00
| Force time                     0.03
| Nonbond force                  0.03
| PB Nonbond                     0.03
| PB FD grid                     0.00
| PB Sasa                        0.00
| PB FD force                    0.03
| PB Set linear sys              0.01
| PB Solver                      0.02
| PB SA arc                      0.00
| PB circle                      0.00
| PB exmol                       0.01
| PB exmol setup                 0.00
| PB exmol part a                0.00
| PB exmol part c                0.00
| PB exmol part f                0.00
| PB epsbnd                      0.00
| PB epsmap                      0.00
|           Job began  at 22:28:45.537  on 09/29/2021
|           Setup done at 22:28:45.540  on 09/29/2021
|           Run   done at 22:28:45.574  on 09/29/2021
|     wallclock() was called     110 times
