
          -------------------------------------------------------
          PBSA VERSION 2019                       UC Irvine
          -------------------------------------------------------

| Run on 08/29/2021 at 20:53:20

File Assignments:
|  MDIN: ../pbsa-script/mdin.in                                                
| MDOUT: guest-pb.out                                                          
|INPCRD: guest.crd                                                             
|  PARM: guest.prmtop                                                          
|

 Here is the input file:

Sample single point PB calculation                                             
&cntrl                                                                         
ipb=1, inp=1                                                                   
/                                                                              
&pb                                                                            
npbverb=1, fillratio=1.5, saopt=1, radiopt=0, epsin=1.0, epsout=80             
/                                                                              
 PBSA Warning in pb_read(): sprob=0.557 is optimized for inp=2 and  should not be used with inp=1. It has been reset to 1.4.
 PBSA Warning in pb_read(): cavity_surften=0.0378 is optimized for inp=2  and should not be used with inp=1. It has been reset to 0.005000.
 PBSA Warning in pb_read(): cavity_offset=-0.5692 is optimized for inp=2  and should not be used with inp=1. It has been reset to 0.000.

--------------------------------------------------------------------------------
   1.  RESOURCE   USE: 
--------------------------------------------------------------------------------

| Flags:                                                                        
| New format PARM file being parsed.
| Version =    1.000 Date = 08/29/21 Time = 13:42:32
 NATOM  =      22 NTYPES =       4 NBONH =      14 MBONA  =       8
 NTHETH =      32 MTHETA =      11 NPHIH =      66 MPHIA  =      26
 NHPARM =       0 NPARM  =       0 NNB   =     129 NRES   =       1
 NBONA  =       8 NTHETA =      11 NPHIA =      26 NUMBND =       4
 NUMANG =       5 NPTRA  =       8 NATYP =      14 NPHB   =       0
 IFBOX  =       1 NMXRS  =      22 IFCAP =       0 NEXTRA =       0
 NCOPY  =       0


|     Memory Use     Allocated
|     Real                 855
|     Hollerith             69
|     Integer            21064
|     Max Pairs              1
|     Max Rstack             1
|     Max Istack             1
|       Total               89 kbytes

     BOX TYPE: RECTILINEAR

--------------------------------------------------------------------------------
   2.  CONTROL  DATA  FOR  THE  RUN
--------------------------------------------------------------------------------

default_name                                                                    

General flags:
     imin    =       1, nmropt  =       0

Nature and format of input:
     ntx     =       1, irest   =       0, ntrx    =       1

Nature and format of output:
     ntxo    =       1, ntpr    =      50, ntrx    =       1, ntwr    =     500
     iwrap   =       0, ntwx    =       0, ntwv    =       0, ntwe    =       0
     ioutfm  =       0, ntwprt  =       0, idecomp =       0, rbornstat=      0

Potential function:
     ntf     =       1, ntb     =       1, ipb     =       1, nsnb    =      25
     ipol    =       0, gbsa    =       0, iesp    =       0
     dielc   =   1.00000, cut     =   8.00000, intdiel =   1.00000

Frozen or restrained atoms:
     ibelly  =       0, ntr     =       0

Energy minimization:
     maxcyc  =       1, ncyc    =      10, ntmin   =       1
     dx0     =   0.01000, drms    =   0.00010

======== Implicit Solvent Initialization ========

     Max Nonbonded Pairs:      242      242

 no. of atoms processed in PB initialization:    22
  NUM  RESI  NAME  TYPE    CHARGE ATM CRG/H   GRP CRG   PB RADI   NP RADI
    1  MOL   C1    c3   -0.100500 -0.033000  0.425600  1.700000  1.699835
    2  MOL   H2    hc    0.022500  0.022500  0.022500  1.300000  1.324766
    3  MOL   H3    hc    0.022500  0.022500  0.022500  1.300000  1.324766
    4  MOL   H4    hc    0.022500  0.022500  0.022500  1.300000  1.324766
    5  MOL   C2    c3    0.458600  0.458600  0.000800  1.700000  1.699835
    6  MOL   C3    c3   -0.066400 -0.060200  0.404200  1.700000  1.699835
    7  MOL   H5    hc    0.003100  0.003100  0.003100  1.300000  1.324766
    8  MOL   H6    hc    0.003100  0.003100  0.003100  1.300000  1.324766
    9  MOL   C4    c3   -0.014800  0.005800 -0.066800  1.700000  1.699835
   10  MOL   H7    hc    0.010300  0.010300  0.010300  1.300000  1.324766
   11  MOL   H8    hc    0.010300  0.010300  0.010300  1.300000  1.324766
   12  MOL   C5    c3   -0.006000 -0.012400 -0.000800  1.700000  1.699835
   13  MOL   H9    hc   -0.003200 -0.003200 -0.003200  1.300000  1.324766
   14  MOL   H10   hc   -0.003200 -0.003200 -0.003200  1.300000  1.324766
   15  MOL   C6    c3   -0.014800  0.005800 -0.066800  1.700000  1.699835
   16  MOL   H11   hc    0.010300  0.010300  0.010300  1.300000  1.324766
   17  MOL   H12   hc    0.010300  0.010300  0.010300  1.300000  1.324766
   18  MOL   C7    c3   -0.066400 -0.060200  0.404200  1.700000  1.699835
   19  MOL   H13   hc    0.003100  0.003100  0.003100  1.300000  1.324766
   20  MOL   H14   hc    0.003100  0.003100  0.003100  1.300000  1.324766
   21  MOL   O1    oh   -0.734400 -0.304400  0.154200  1.500000  1.533237
   22  MOL   H1    ho    0.430000  0.430000  0.430000  0.800000  0.000000

 total system charges (+/-) for PB        0.0000        1.0097       -1.0097
 cavity_surften =        0.0050 cavity_offset =        0.0000

   SAS Surface: surface dots generated:    366

--------------------------------------------------------------------------------
   3.  ATOMIC COORDINATES AND VELOCITIES
--------------------------------------------------------------------------------

Cpptraj Generated Restart                                                       
 begin time read from input coords =   551.000 ps

 Number of triangulated 3-point waters found:        0

--------------------------------------------------------------------------------
   4.  RESULTS
--------------------------------------------------------------------------------

  NB-update: atom-based nb list      231


======== Setting up Grid Parameters ========
Using bounding box for grid setup
 Bounding Box at level:           2
 Bounding Box Center:      17.500    18.500    18.500
 Xmin, Xmax, Xmax-Xmin:    14.016    21.110     7.094
 Ymin, Ymax, Ymax-Ymin:    15.167    21.946     6.778
 Zmin, Zmax, Zmax-Zmin:    14.436    22.362     7.926
 Grid dimension at level     2    33   33   35
 Grid origin corrected at level     2      9.000    10.000     9.500
 Bounding Box at level:           1
 Bounding Box Center:      17.500    18.500    18.500
 Xmin, Xmax, Xmax-Xmin:    14.016    21.110     7.094
 Ymin, Ymax, Ymax-Ymin:    15.167    21.946     6.778
 Zmin, Zmax, Zmax-Zmin:    14.436    22.362     7.926
PB Warn in setgrd(): focusing grid too large    2
 fillratio is automatically increased to 2.500
PB Warn in setgrd(): focusing grid too large    2
 fillratio is automatically increased to 3.500
 Grid dimension at level     1     7    7    9
 Grid origin corrected at level     1      1.500     2.500    -1.500
------- VMD goodie --------
#First Level Geometric Box
draw materials off
draw color green
draw line "    1.500    2.500   -1.500" "   29.500    2.500   -1.500"
draw line "    1.500    2.500   -1.500" "    1.500   30.500   -1.500"
draw line "    1.500    2.500   -1.500" "    1.500    2.500   34.500"
draw line "   29.500    2.500   -1.500" "   29.500   30.500   -1.500"
draw line "   29.500    2.500   -1.500" "   29.500    2.500   34.500"
draw line "    1.500   30.500   -1.500" "   29.500   30.500   -1.500"
draw line "    1.500   30.500   -1.500" "    1.500   30.500   34.500"
draw line "    1.500    2.500   34.500" "   29.500    2.500   34.500"
draw line "    1.500    2.500   34.500" "    1.500   30.500   34.500"
draw line "   29.500   30.500   34.500" "   29.500   30.500   -1.500"
draw line "   29.500   30.500   34.500" "    1.500   30.500   34.500"
draw line "   29.500   30.500   34.500" "   29.500    2.500   34.500"
#2nd Level Geometric Box
draw color blue
draw line "    9.000   10.000    9.500" "   26.000   10.000    9.500"
draw line "    9.000   10.000    9.500" "    9.000   27.000    9.500"
draw line "    9.000   10.000    9.500" "    9.000   10.000   27.500"
draw line "   26.000   10.000    9.500" "   26.000   27.000    9.500"
draw line "   26.000   10.000    9.500" "   26.000   10.000   27.500"
draw line "    9.000   27.000    9.500" "   26.000   27.000    9.500"
draw line "    9.000   27.000    9.500" "    9.000   27.000   27.500"
draw line "    9.000   10.000   27.500" "   26.000   10.000   27.500"
draw line "    9.000   10.000   27.500" "    9.000   27.000   27.500"
draw line "   26.000   27.000   27.500" "   26.000   27.000    9.500"
draw line "   26.000   27.000   27.500" "    9.000   27.000   27.500"
draw line "   26.000   27.000   27.500" "   26.000   10.000   27.500"
--- End VMD goodie --------

======== Setting up Solvent Accessibility Data ========
Setting up working radii
Number of SA srf points exposed  1255
 Number of SA arcs generated   224
 Number of SA arc points exposed         516 Number of trimer arc points exposed          44
 with resolution (A) = .250000E+00

Atomic solvent accessible surface area:
           1    1.6497653224589
           2   25.0297381908957
           3   25.5303329547136
           4   21.2752774622614
           5    0.0000000000000
           6    0.6599061289836
           7   16.7699245879001
           8   17.7711141155360
           9    0.3299530644918
          10   23.5279538994420
          11   23.0273591356241
          12    0.6599061289836
          13   23.7782512813509
          14   23.7782512813509
          15    0.0000000000000
          16   25.7806303366226
          17   18.0214114974449
          18    0.0000000000000
          19   22.7770617537151
          20   16.5196272059912
          21   21.6563887022050
          22    6.1485946710914

 ======== FDPB Summary ========

 Do FDPB every           1 steps
 Nonbonded Update
   residue cutoff is set to   99.9000000000000
   fdpb cutoff is set to    5.0000000000000
   sas cutoff is set to    9.0000000000000
   nonbonded cutoff is set to    0.0000000000000
 Grid Constants
   Grid dimension       7       7       9
   Grid spacing set to     4.000
   Grid boundary
         1.500    33.500
         2.500    34.500
        -1.500    38.500

 Dielectric Map
   Use cavity radii in the prmtop file

   Use probe-based SES definition
     Compute SAS/SAR every           1 steps
     Solvent probe radius   1.40000000000000
     Surface dots per atom     366
     Buried atom radii increment   0.79800000000000
     Threshhold for exposed atom   0.08000000000000
     Current SAS 314.69144772106284

 Boundary conditions
   sum of grid charges as independent DH spheres

 Physical constants
   Solute dielectric constant  :   1.00000000000000
   Solvent dielectric constant :   80.0000000000000
   Temperature (K)             :   300.000000000000
   Ionic strength (mM)         :   0.00000000000000
   Debye-Huckel parameter (1/A):   0.00000000000000

FD Solver Option
   Use Modified ICCG solver

 Iteration data
   Maximum iterations  :         100
   Convergence criteria:  1.000000000000000E-03
   Iterations required        :     5
   Norm of the constant vector:        13.0213514630
   Norm of the residual vector:      0.0114602503945
   Convergence achieved       :  8.8011220855601648E-04

 Total molecular surface    154.4225

 ======== FDPB Summary ========

 Do FDPB every           1 steps
 Nonbonded Update
   residue cutoff is set to   99.9000000000000
   fdpb cutoff is set to    5.0000000000000
   sas cutoff is set to    9.0000000000000
   nonbonded cutoff is set to    0.0000000000000
 Grid Constants
   Grid dimension      33      33      35
   Grid spacing set to     0.500
   Grid boundary
         9.000    26.000
        10.000    27.000
         9.500    27.500

 Dielectric Map
   Use cavity radii in the prmtop file

   Use probe-based SES definition
     Compute SAS/SAR every           1 steps
     Solvent probe radius   1.40000000000000
     Surface dots per atom     366
     Buried atom radii increment   0.79800000000000
     Threshhold for exposed atom   0.08000000000000
     Current SAS 314.69144772106284

 Boundary conditions
   sum of grid charges as independent DH spheres

 Physical constants
   Solute dielectric constant  :   1.00000000000000
   Solvent dielectric constant :   80.0000000000000
   Temperature (K)             :   300.000000000000
   Ionic strength (mM)         :   0.00000000000000
   Debye-Huckel parameter (1/A):   0.00000000000000

FD Solver Option
   Use Modified ICCG solver

 Iteration data
   Maximum iterations  :         100
   Convergence criteria:  1.000000000000000E-03
   Iterations required        :    12
   Norm of the constant vector:      6897.4375578960
   Norm of the residual vector:      5.5341150608118
   Convergence achieved       :  8.0234362607261829E-04

 Total surface charge       0.0001
 Reaction field energy     -8.4550
 Nonpolar SAS/SAV    314.6914      0.0000
 Cavity solvation energy      1.5735

 NSTEP =        1   TIME(PS) =       0.000  TEMP(K) =     0.00  PRESS =     0.0
 Etot   =        -6.1893  EKtot   =         0.0000  EPtot      =         0.0000
 BOND   =         0.0000  ANGLE   =         0.0000  DIHED      =         0.0000
 1-4 NB =         0.0000  1-4 EEL =         0.0000  VDWAALS    =        -0.4414
 EELEC  =         1.1336  EPB     =        -8.4550  RESTRAINT  =         0.0000
 ECAVITY=         1.5735  EDISPER =         0.0000
 ------------------------------------------------------------------------------



  Maximum number of minimization cycles reached.


                    FINAL RESULTS


 NSTEP =        1   TIME(PS) =       0.000  TEMP(K) =     0.00  PRESS =     0.0
 Etot   =        -6.1893  EKtot   =         0.0000  EPtot      =         0.0000
 BOND   =         0.0000  ANGLE   =         0.0000  DIHED      =         0.0000
 1-4 NB =         0.0000  1-4 EEL =         0.0000  VDWAALS    =        -0.4414
 EELEC  =         1.1336  EPB     =        -8.4550  RESTRAINT  =         0.0000
 ECAVITY=         1.5735  EDISPER =         0.0000
 ------------------------------------------------------------------------------


--------------------------------------------------------------------------------
   5.  TIMINGS
--------------------------------------------------------------------------------

| Total time                     0.04
| Read prm/crd time              0.00
| Force time                     0.03
| Nonbond force                  0.03
| PB Nonbond                     0.03
| PB FD grid                     0.00
| PB Sasa                        0.00
| PB FD force                    0.03
| PB Set linear sys              0.01
| PB Solver                      0.02
| PB SA arc                      0.00
| PB circle                      0.00
| PB exmol                       0.01
| PB exmol setup                 0.00
| PB exmol part b                0.00
| PB exmol part e                0.00
| PB exmol part f                0.00
| PB epsmap                      0.00
|           Job began  at 20:53:20.619  on 08/29/2021
|           Setup done at 20:53:20.624  on 08/29/2021
|           Run   done at 20:53:20.660  on 08/29/2021
|     wallclock() was called     110 times
