
          -------------------------------------------------------
          GBNSR6 2015                       
          -------------------------------------------------------

| Run on 11/07/2021 at 11:49:02
  [-O]verwriting output

File Assignments:
|  MDIN: ../scripts/gbnsr6.in                                                  
| MDOUT: guest-gb-radii.out                                                    
|INPCRD: guest.crd                                                             
|  PARM: guest.prmtop                                                          
|

 Here is the input file:

compute                                                                        
&cntrl                                                                         
inp=1                                                                          
/                                                                              
&gb                                                                            
epsin=1.0, epsout=80, istrng=0, space=0.5,                                     
arcres=0.2, B=0.028, alpb=1, rbornstat=1, cavity_surften=0.005                 
/                                                                              

--------------------------------------------------------------------------------
   1.  RESOURCE   USE: 
--------------------------------------------------------------------------------

| Flags:                                                                        
| New format PARM file being parsed.
| Version =    1.000 Date = 08/29/21 Time = 13:42:32
 NATOM  =      22 NTYPES =       4 NBONH =      14 MBONA  =       8
 NTHETH =      32 MTHETA =      11 NPHIH =      66 MPHIA  =      26
 NHPARM =       0 NPARM  =       0 NNB   =     129 NRES   =       1
 NBONA  =       8 NTHETA =      11 NPHIA =      26 NUMBND =       4
 NUMANG =       5 NPTRA  =       8 NATYP =      14 NPHB   =       0
 IFBOX  =       1 NMXRS  =      22 IFCAP =       0 NEXTRA =       0
 NCOPY  =       0

GB Warning in  gb_read(): B=0 is recommended for molecules with more than 50 atoms

|     Memory Use     Allocated
|     Real                 855
|     Hollerith            135
|     Integer            19082
|     Max Pairs              1
|     Max Rstack             1
|     Max Istack             1
|       Total               81 kbytes

| Note: 1-4 EEL scale factors are being read from the topology file.

     BOX TYPE: RECTILINEAR

--------------------------------------------------------------------------------
   2.  ATOMIC COORDINATES AND VELOCITIES
--------------------------------------------------------------------------------

Cpptraj Generated Restart                                                       
 begin time read from input coords =   551.000 ps

 Number of triangulated 3-point waters found:        0

--------------------------------------------------------------------------------
   3.  RESULTS
--------------------------------------------------------------------------------

Print:    Atom number      Inverse Effective Born Radii
rinv           1            0.47001563
rinv           2            0.64671351
rinv           3            0.64531572
rinv           4            0.62808231
rinv           5            0.37155905
rinv           6            0.41925027
rinv           7            0.59415078
rinv           8            0.60805342
rinv           9            0.43703822
rinv          10            0.63346731
rinv          11            0.63016723
rinv          12            0.44054943
rinv          13            0.63672886
rinv          14            0.62806389
rinv          15            0.43336672
rinv          16            0.64381803
rinv          17            0.60276797
rinv          18            0.42379381
rinv          19            0.62542006
rinv          20            0.59793143
rinv          21            0.54088432
rinv          22            0.89813690

 Cavity solvation energy      1.5735

 NSTEP =        1   TIME(PS) =       0.000  TEMP(K) =     0.00  PRESS =     0.0
 Etot   =       -17.5092  EKtot   =         0.0000  EPtot      =         0.0000
 BOND   =         0.0000  ANGLE   =         0.0000  DIHED      =         0.0000
 1-4 NB =         0.0000  1-4 EEL =       -13.0889  VDWAALS    =         0.0000
 EELEC  =         1.1336  EGB     =        -7.1274  RESTRAINT  =         0.0000
 ESURF  =         1.5735
 ------------------------------------------------------------------------------



  Maximum number of minimization cycles reached.


                    FINAL RESULTS


 NSTEP =        1   TIME(PS) =       0.000  TEMP(K) =     0.00  PRESS =     0.0
 Etot   =       -17.5092  EKtot   =         0.0000  EPtot      =         0.0000
 BOND   =         0.0000  ANGLE   =         0.0000  DIHED      =         0.0000
 1-4 NB =         0.0000  1-4 EEL =       -13.0889  VDWAALS    =         0.0000
 EELEC  =         1.1336  EGB     =        -7.1274  RESTRAINT  =         0.0000
 ESURF  =         1.5735
 ------------------------------------------------------------------------------

|           Job began  at 11:49:02.194  on 11/07/2021
|           Setup done at 11:49:02.197  on 11/07/2021
|           Run   done at 11:49:02.207  on 11/07/2021
|     wallclock() was called      72 times
