
          -------------------------------------------------------
          GBNSR6 2015                       
          -------------------------------------------------------

| Run on 11/07/2021 at 11:49:02
  [-O]verwriting output

File Assignments:
|  MDIN: ../scripts/gbnsr6.in                                                  
| MDOUT: host-gb-radii.out                                                     
|INPCRD: host.crd                                                              
|  PARM: host.prmtop                                                           
|

 Here is the input file:

compute                                                                        
&cntrl                                                                         
inp=1                                                                          
/                                                                              
&gb                                                                            
epsin=1.0, epsout=80, istrng=0, space=0.5,                                     
arcres=0.2, B=0.028, alpb=1, rbornstat=1, cavity_surften=0.005                 
/                                                                              

--------------------------------------------------------------------------------
   1.  RESOURCE   USE: 
--------------------------------------------------------------------------------

| Flags:                                                                        
| New format PARM file being parsed.
| Version =    1.000 Date = 08/29/21 Time = 13:42:32
 NATOM  =     147 NTYPES =       6 NBONH =      70 MBONA  =      84
 NTHETH =     161 MTHETA =     126 NPHIH =     294 MPHIA  =     252
 NHPARM =       0 NPARM  =       0 NNB   =     889 NRES   =       7
 NBONA  =      84 NTHETA =     126 NPHIA =     252 NUMBND =       6
 NUMANG =      12 NPTRA  =      20 NATYP =      14 NPHB   =       0
 IFBOX  =       1 NMXRS  =      21 IFCAP =       0 NEXTRA =       0
 NCOPY  =       0


|     Memory Use     Allocated
|     Real                5501
|     Hollerith            891
|     Integer            24794
|     Max Pairs              1
|     Max Rstack             1
|     Max Istack             1
|       Total              143 kbytes

| Note: 1-4 EEL scale factors are being read from the topology file.

     BOX TYPE: RECTILINEAR

--------------------------------------------------------------------------------
   2.  ATOMIC COORDINATES AND VELOCITIES
--------------------------------------------------------------------------------

Cpptraj Generated Restart                                                       
 begin time read from input coords =   551.000 ps

 Number of triangulated 3-point waters found:        0

--------------------------------------------------------------------------------
   3.  RESULTS
--------------------------------------------------------------------------------

Print:    Atom number      Inverse Effective Born Radii
rinv           1            0.36529425
rinv           2            0.57753298
rinv           3            0.36541157
rinv           4            0.38735784
rinv           5            0.59430765
rinv           6            0.54096000
rinv           7            0.54573290
rinv           8            0.37502619
rinv           9            0.56292913
rinv          10            0.53220724
rinv          11            0.55949691
rinv          12            0.33364967
rinv          13            0.50885350
rinv          14            0.34173364
rinv          15            0.51177119
rinv          16            0.43546468
rinv          17            0.43065658
rinv          18            0.54778916
rinv          19            0.61094999
rinv          20            0.57435078
rinv          21            0.83937633
rinv          22            0.36644450
rinv          23            0.57265073
rinv          24            0.36956446
rinv          25            0.39713575
rinv          26            0.60179244
rinv          27            0.55328008
rinv          28            0.72006671
rinv          29            0.37280781
rinv          30            0.56352902
rinv          31            0.53622879
rinv          32            0.90388257
rinv          33            0.33407652
rinv          34            0.50323778
rinv          35            0.34507332
rinv          36            0.51512823
rinv          37            0.44787676
rinv          38            0.42985257
rinv          39            0.56124674
rinv          40            0.61361886
rinv          41            0.54685682
rinv          42            0.90513248
rinv          43            0.36693768
rinv          44            0.57621778
rinv          45            0.36752870
rinv          46            0.39598712
rinv          47            0.60701719
rinv          48            0.53394754
rinv          49            0.51280046
rinv          50            0.37340645
rinv          51            0.55861529
rinv          52            0.54635534
rinv          53            0.87357998
rinv          54            0.33791693
rinv          55            0.51746522
rinv          56            0.33308874
rinv          57            0.47051472
rinv          58            0.43442808
rinv          59            0.42139354
rinv          60            0.49423293
rinv          61            0.60379449
rinv          62            0.56158766
rinv          63            0.84209614
rinv          64            0.37348431
rinv          65            0.57969621
rinv          66            0.34888262
rinv          67            0.38905736
rinv          68            0.60183270
rinv          69            0.53646090
rinv          70            0.52850010
rinv          71            0.37338091
rinv          72            0.55582756
rinv          73            0.53516719
rinv          74            0.88738426
rinv          75            0.33851472
rinv          76            0.52197929
rinv          77            0.34769282
rinv          78            0.51242716
rinv          79            0.43403269
rinv          80            0.42902778
rinv          81            0.56582756
rinv          82            0.61195323
rinv          83            0.54230091
rinv          84            0.62396988
rinv          85            0.37106171
rinv          86            0.58673381
rinv          87            0.37185604
rinv          88            0.39863849
rinv          89            0.60900153
rinv          90            0.54991062
rinv          91            0.57994226
rinv          92            0.37138611
rinv          93            0.55039928
rinv          94            0.53430488
rinv          95            0.92672725
rinv          96            0.33762689
rinv          97            0.52800303
rinv          98            0.34187283
rinv          99            0.50621712
rinv         100            0.43424150
rinv         101            0.42147903
rinv         102            0.51031680
rinv         103            0.61593654
rinv         104            0.56644162
rinv         105            0.87653913
rinv         106            0.36666768
rinv         107            0.54694167
rinv         108            0.35693464
rinv         109            0.40024556
rinv         110            0.61807655
rinv         111            0.55429870
rinv         112            0.56032629
rinv         113            0.38057560
rinv         114            0.54420295
rinv         115            0.53942597
rinv         116            0.92121258
rinv         117            0.34310430
rinv         118            0.52589833
rinv         119            0.35278849
rinv         120            0.51624208
rinv         121            0.44253151
rinv         122            0.43924722
rinv         123            0.53862673
rinv         124            0.62944980
rinv         125            0.54923467
rinv         126            0.72243152
rinv         127            0.36083751
rinv         128            0.56853255
rinv         129            0.38042317
rinv         130            0.38839299
rinv         131            0.59522755
rinv         132            0.54369085
rinv         133            0.91387877
rinv         134            0.37313597
rinv         135            0.55265406
rinv         136            0.53286796
rinv         137            0.92144825
rinv         138            0.33149109
rinv         139            0.50714497
rinv         140            0.34132589
rinv         141            0.50034966
rinv         142            0.44623968
rinv         143            0.42956911
rinv         144            0.53756490
rinv         145            0.61857803
rinv         146            0.56665124
rinv         147            0.89462013

 Cavity solvation energy      5.9483

 NSTEP =        1   TIME(PS) =       0.000  TEMP(K) =     0.00  PRESS =     0.0
 Etot   =      -108.9503  EKtot   =         0.0000  EPtot      =         0.0000
 BOND   =         0.0000  ANGLE   =         0.0000  DIHED      =         0.0000
 1-4 NB =         0.0000  1-4 EEL =       500.9283  VDWAALS    =         0.0000
 EELEC  =      -493.6747  EGB     =      -122.1523  RESTRAINT  =         0.0000
 ESURF  =         5.9483
 ------------------------------------------------------------------------------



  Maximum number of minimization cycles reached.


                    FINAL RESULTS


 NSTEP =        1   TIME(PS) =       0.000  TEMP(K) =     0.00  PRESS =     0.0
 Etot   =      -108.9503  EKtot   =         0.0000  EPtot      =         0.0000
 BOND   =         0.0000  ANGLE   =         0.0000  DIHED      =         0.0000
 1-4 NB =         0.0000  1-4 EEL =       500.9283  VDWAALS    =         0.0000
 EELEC  =      -493.6747  EGB     =      -122.1523  RESTRAINT  =         0.0000
 ESURF  =         5.9483
 ------------------------------------------------------------------------------

|           Job began  at 11:49:02.225  on 11/07/2021
|           Setup done at 11:49:02.231  on 11/07/2021
|           Run   done at 11:49:02.307  on 11/07/2021
|     wallclock() was called      72 times
