
          -------------------------------------------------------
          PBSA VERSION 2019                       UC Irvine
          -------------------------------------------------------

| Run on 08/29/2021 at 20:51:44

File Assignments:
|  MDIN: ../pbsa-script/mdin.in                                                
| MDOUT: complex-pb.out                                                        
|INPCRD: complex.crd                                                           
|  PARM: complex.prmtop                                                        
|

 Here is the input file:

Sample single point PB calculation                                             
&cntrl                                                                         
ipb=1, inp=1                                                                   
/                                                                              
&pb                                                                            
npbverb=1, fillratio=1.5, saopt=1, radiopt=0, epsin=1.0, epsout=80             
/                                                                              
 PBSA Warning in pb_read(): sprob=0.557 is optimized for inp=2 and  should not be used with inp=1. It has been reset to 1.4.
 PBSA Warning in pb_read(): cavity_surften=0.0378 is optimized for inp=2  and should not be used with inp=1. It has been reset to 0.005000.
 PBSA Warning in pb_read(): cavity_offset=-0.5692 is optimized for inp=2  and should not be used with inp=1. It has been reset to 0.000.

--------------------------------------------------------------------------------
   1.  RESOURCE   USE: 
--------------------------------------------------------------------------------

| Flags:                                                                        
| New format PARM file being parsed.
| Version =    1.000 Date = 08/29/21 Time = 13:29:59
 NATOM  =     139 NTYPES =       9 NBONH =      68 MBONA  =      77
 NTHETH =     157 MTHETA =     114 NPHIH =     287 MPHIA  =     222
 NHPARM =       0 NPARM  =       0 NNB   =     826 NRES   =       7
 NBONA  =      77 NTHETA =     114 NPHIA =     222 NUMBND =      11
 NUMANG =      19 NPTRA  =      23 NATYP =      15 NPHB   =       0
 IFBOX  =       1 NMXRS  =      21 IFCAP =       0 NEXTRA =       0
 NCOPY  =       0


|     Memory Use     Allocated
|     Real                5202
|     Hollerith            426
|     Integer            26363
|     Max Pairs              1
|     Max Rstack             1
|     Max Istack             1
|       Total              145 kbytes

     BOX TYPE: RECTILINEAR

--------------------------------------------------------------------------------
   2.  CONTROL  DATA  FOR  THE  RUN
--------------------------------------------------------------------------------

default_name                                                                    

General flags:
     imin    =       1, nmropt  =       0

Nature and format of input:
     ntx     =       1, irest   =       0, ntrx    =       1

Nature and format of output:
     ntxo    =       1, ntpr    =      50, ntrx    =       1, ntwr    =     500
     iwrap   =       0, ntwx    =       0, ntwv    =       0, ntwe    =       0
     ioutfm  =       0, ntwprt  =       0, idecomp =       0, rbornstat=      0

Potential function:
     ntf     =       1, ntb     =       1, ipb     =       1, nsnb    =      25
     ipol    =       0, gbsa    =       0, iesp    =       0
     dielc   =   1.00000, cut     =   8.00000, intdiel =   1.00000

Frozen or restrained atoms:
     ibelly  =       0, ntr     =       0

Energy minimization:
     maxcyc  =       1, ncyc    =      10, ntmin   =       1
     dx0     =   0.01000, drms    =   0.00010

======== Implicit Solvent Initialization ========

     Max Nonbonded Pairs:     9661     9661

 no. of atoms processed in PB initialization:   139
  NUM  RESI  NAME  TYPE    CHARGE ATM CRG/H   GRP CRG   PB RADI   NP RADI
    1  MGO   C1    CG    0.042700  0.203700 -0.283400  1.700000  1.699835
    2  MGO   H1    H2    0.161000  0.000000  0.000000  1.300000  1.146587
    3  MGO   O1    OS   -0.322900 -0.322900  0.080400  1.500000  1.500006
    4  MGO   C2    CG    0.137600  0.202600  0.508600  1.700000  1.699835
    5  MGO   H2    H1    0.065000  0.000000  0.000000  1.300000  1.235677
    6  MGO   O2    OH   -0.634600 -0.198000  0.004600  1.500000  1.533237
    7  MGO   HO2   HO    0.436600  0.000000  0.000000  0.800000  0.000000
    8  MGO   C3    CG    0.122400  0.300300  0.504500  1.700000  1.699835
    9  MGO   H3    H1    0.177900  0.000000  0.000000  1.300000  1.235677
   10  MGO   O3    OH   -0.620000 -0.198000  0.102300  1.500000  1.533237
   11  MGO   HO3   HO    0.422000  0.000000  0.000000  0.800000  0.000000
   12  MGO   C4    CG    0.040100  0.199600  0.311900  1.700000  1.699835
   13  MGO   H4    H1    0.159500  0.000000  0.000000  1.300000  1.235677
   14  MGO   C5    CG    0.019300  0.134900  0.210300  1.700000  1.699835
   15  MGO   H5    H1    0.115600  0.000000  0.000000  1.300000  1.235677
   16  MGO   O5    OS   -0.366800 -0.366800 -0.028200  1.500000  1.500006
   17  MGO   C6    CG    0.191800  0.242600  0.179500  1.700000  1.699835
   18  MGO   H61   H1    0.025400  0.000000  0.000000  1.300000  1.235677
   19  MGO   H62   H1    0.025400  0.000000  0.000000  1.300000  1.235677
   20  MGO   O6    OH   -0.607700 -0.198000  0.044600  1.500000  1.533237
   21  MGO   HO6   HO    0.409700  0.000000  0.000000  0.800000  0.000000
   22  MGO   C1    CG    0.042700  0.203700 -0.283400  1.700000  1.699835
   23  MGO   H1    H2    0.161000  0.000000  0.000000  1.300000  1.146587
   24  MGO   O1    OS   -0.322900 -0.322900  0.080400  1.500000  1.500006
   25  MGO   C2    CG    0.137600  0.202600  0.508600  1.700000  1.699835
   26  MGO   H2    H1    0.065000  0.000000  0.000000  1.300000  1.235677
   27  MGO   O2    OH   -0.634600 -0.198000  0.004600  1.500000  1.533237
   28  MGO   HO2   HO    0.436600  0.000000  0.000000  0.800000  0.000000
   29  MGO   C3    CG    0.122400  0.300300  0.504500  1.700000  1.699835
   30  MGO   H3    H1    0.177900  0.000000  0.000000  1.300000  1.235677
   31  MGO   O3    OH   -0.620000 -0.198000  0.102300  1.500000  1.533237
   32  MGO   HO3   HO    0.422000  0.000000  0.000000  0.800000  0.000000
   33  MGO   C4    CG    0.040100  0.199600  0.311900  1.700000  1.699835
   34  MGO   H4    H1    0.159500  0.000000  0.000000  1.300000  1.235677
   35  MGO   C5    CG    0.019300  0.134900  0.210300  1.700000  1.699835
   36  MGO   H5    H1    0.115600  0.000000  0.000000  1.300000  1.235677
   37  MGO   O5    OS   -0.366800 -0.366800 -0.028200  1.500000  1.500006
   38  MGO   C6    CG    0.191800  0.242600  0.179500  1.700000  1.699835
   39  MGO   H61   H1    0.025400  0.000000  0.000000  1.300000  1.235677
   40  MGO   H62   H1    0.025400  0.000000  0.000000  1.300000  1.235677
   41  MGO   O6    OH   -0.607700 -0.198000  0.044600  1.500000  1.533237
   42  MGO   HO6   HO    0.409700  0.000000  0.000000  0.800000  0.000000
   43  MGO   C1    CG    0.042700  0.203700 -0.283400  1.700000  1.699835
   44  MGO   H1    H2    0.161000  0.000000  0.000000  1.300000  1.146587
   45  MGO   O1    OS   -0.322900 -0.322900  0.080400  1.500000  1.500006
   46  MGO   C2    CG    0.137600  0.202600  0.508600  1.700000  1.699835
   47  MGO   H2    H1    0.065000  0.000000  0.000000  1.300000  1.235677
   48  MGO   O2    OH   -0.634600 -0.198000  0.004600  1.500000  1.533237
   49  MGO   HO2   HO    0.436600  0.000000  0.000000  0.800000  0.000000
   50  MGO   C3    CG    0.122400  0.300300  0.504500  1.700000  1.699835
   51  MGO   H3    H1    0.177900  0.000000  0.000000  1.300000  1.235677
   52  MGO   O3    OH   -0.620000 -0.198000  0.102300  1.500000  1.533237
   53  MGO   HO3   HO    0.422000  0.000000  0.000000  0.800000  0.000000
   54  MGO   C4    CG    0.040100  0.199600  0.311900  1.700000  1.699835
   55  MGO   H4    H1    0.159500  0.000000  0.000000  1.300000  1.235677
   56  MGO   C5    CG    0.019300  0.134900  0.210300  1.700000  1.699835
   57  MGO   H5    H1    0.115600  0.000000  0.000000  1.300000  1.235677
   58  MGO   O5    OS   -0.366800 -0.366800 -0.028200  1.500000  1.500006
   59  MGO   C6    CG    0.191800  0.242600  0.179500  1.700000  1.699835
   60  MGO   H61   H1    0.025400  0.000000  0.000000  1.300000  1.235677
   61  MGO   H62   H1    0.025400  0.000000  0.000000  1.300000  1.235677
   62  MGO   O6    OH   -0.607700 -0.198000  0.044600  1.500000  1.533237
   63  MGO   HO6   HO    0.409700  0.000000  0.000000  0.800000  0.000000
   64  MGO   C1    CG    0.042700  0.203700 -0.283400  1.700000  1.699835
   65  MGO   H1    H2    0.161000  0.000000  0.000000  1.300000  1.146587
   66  MGO   O1    OS   -0.322900 -0.322900  0.080400  1.500000  1.500006
   67  MGO   C2    CG    0.137600  0.202600  0.508600  1.700000  1.699835
   68  MGO   H2    H1    0.065000  0.000000  0.000000  1.300000  1.235677
   69  MGO   O2    OH   -0.634600 -0.198000  0.004600  1.500000  1.533237
   70  MGO   HO2   HO    0.436600  0.000000  0.000000  0.800000  0.000000
   71  MGO   C3    CG    0.122400  0.300300  0.504500  1.700000  1.699835
   72  MGO   H3    H1    0.177900  0.000000  0.000000  1.300000  1.235677
   73  MGO   O3    OH   -0.620000 -0.198000  0.102300  1.500000  1.533237
   74  MGO   HO3   HO    0.422000  0.000000  0.000000  0.800000  0.000000
   75  MGO   C4    CG    0.040100  0.199600  0.311900  1.700000  1.699835
   76  MGO   H4    H1    0.159500  0.000000  0.000000  1.300000  1.235677
   77  MGO   C5    CG    0.019300  0.134900  0.210300  1.700000  1.699835
   78  MGO   H5    H1    0.115600  0.000000  0.000000  1.300000  1.235677
   79  MGO   O5    OS   -0.366800 -0.366800 -0.028200  1.500000  1.500006
   80  MGO   C6    CG    0.191800  0.242600  0.179500  1.700000  1.699835
   81  MGO   H61   H1    0.025400  0.000000  0.000000  1.300000  1.235677
   82  MGO   H62   H1    0.025400  0.000000  0.000000  1.300000  1.235677
   83  MGO   O6    OH   -0.607700 -0.198000  0.044600  1.500000  1.533237
   84  MGO   HO6   HO    0.409700  0.000000  0.000000  0.800000  0.000000
   85  MGO   C1    CG    0.042700  0.203700 -0.283400  1.700000  1.699835
   86  MGO   H1    H2    0.161000  0.000000  0.000000  1.300000  1.146587
   87  MGO   O1    OS   -0.322900 -0.322900  0.080400  1.500000  1.500006
   88  MGO   C2    CG    0.137600  0.202600  0.508600  1.700000  1.699835
   89  MGO   H2    H1    0.065000  0.000000  0.000000  1.300000  1.235677
   90  MGO   O2    OH   -0.634600 -0.198000  0.004600  1.500000  1.533237
   91  MGO   HO2   HO    0.436600  0.000000  0.000000  0.800000  0.000000
   92  MGO   C3    CG    0.122400  0.300300  0.504500  1.700000  1.699835
   93  MGO   H3    H1    0.177900  0.000000  0.000000  1.300000  1.235677
   94  MGO   O3    OH   -0.620000 -0.198000  0.102300  1.500000  1.533237
   95  MGO   HO3   HO    0.422000  0.000000  0.000000  0.800000  0.000000
   96  MGO   C4    CG    0.040100  0.199600  0.311900  1.700000  1.699835
   97  MGO   H4    H1    0.159500  0.000000  0.000000  1.300000  1.235677
   98  MGO   C5    CG    0.019300  0.134900  0.210300  1.700000  1.699835
   99  MGO   H5    H1    0.115600  0.000000  0.000000  1.300000  1.235677
  100  MGO   O5    OS   -0.366800 -0.366800 -0.028200  1.500000  1.500006
  101  MGO   C6    CG    0.191800  0.242600  0.179500  1.700000  1.699835
  102  MGO   H61   H1    0.025400  0.000000  0.000000  1.300000  1.235677
  103  MGO   H62   H1    0.025400  0.000000  0.000000  1.300000  1.235677
  104  MGO   O6    OH   -0.607700 -0.198000  0.044600  1.500000  1.533237
  105  MGO   HO6   HO    0.409700  0.000000  0.000000  0.800000  0.000000
  106  MGO   C1    CG    0.042700  0.203700 -0.283400  1.700000  1.699835
  107  MGO   H1    H2    0.161000  0.000000  0.000000  1.300000  1.146587
  108  MGO   O1    OS   -0.322900 -0.322900  0.080400  1.500000  1.500006
  109  MGO   C2    CG    0.137600  0.202600  0.508600  1.700000  1.699835
  110  MGO   H2    H1    0.065000  0.000000  0.000000  1.300000  1.235677
  111  MGO   O2    OH   -0.634600 -0.198000  0.004600  1.500000  1.533237
  112  MGO   HO2   HO    0.436600  0.000000  0.000000  0.800000  0.000000
  113  MGO   C3    CG    0.122400  0.300300  0.504500  1.700000  1.699835
  114  MGO   H3    H1    0.177900  0.000000  0.000000  1.300000  1.235677
  115  MGO   O3    OH   -0.620000 -0.198000  0.102300  1.500000  1.533237
  116  MGO   HO3   HO    0.422000  0.000000  0.000000  0.800000  0.000000
  117  MGO   C4    CG    0.040100  0.199600  0.311900  1.700000  1.699835
  118  MGO   H4    H1    0.159500  0.000000  0.000000  1.300000  1.235677
  119  MGO   C5    CG    0.019300  0.134900  0.210300  1.700000  1.699835
  120  MGO   H5    H1    0.115600  0.000000  0.000000  1.300000  1.235677
  121  MGO   O5    OS   -0.366800 -0.366800 -0.028200  1.500000  1.500006
  122  MGO   C6    CG    0.191800  0.242600  0.179500  1.700000  1.699835
  123  MGO   H61   H1    0.025400  0.000000  0.000000  1.300000  1.235677
  124  MGO   H62   H1    0.025400  0.000000  0.000000  1.300000  1.235677
  125  MGO   O6    OH   -0.607700 -0.198000  0.044600  1.500000  1.533237
  126  MGO   HO6   HO    0.409700  0.000000  0.000000  0.800000  0.000000
  127  MOL   C1    cy   -0.086700 -0.022100 -0.020300  1.700000  1.699835
  128  MOL   H2    hc    0.032300  0.032300  0.032300  1.300000  1.324766
  129  MOL   H3    hc    0.032300  0.032300  0.032300  1.300000  1.324766
  130  MOL   C2    cy   -0.135100  0.000900  0.276300  1.700000  1.699835
  131  MOL   H4    hc    0.068000  0.068000  0.068000  1.300000  1.324766
  132  MOL   H5    hc    0.068000  0.068000  0.068000  1.300000  1.324766
  133  MOL   C3    cy    0.280700  0.297500  0.022100  1.700000  1.699835
  134  MOL   H6    h1    0.016800  0.016800  0.016800  1.300000  1.235677
  135  MOL   C4    cy   -0.135100  0.000900  0.276300  1.700000  1.699835
  136  MOL   H7    hc    0.068000  0.068000  0.068000  1.300000  1.324766
  137  MOL   H8    hc    0.068000  0.068000  0.068000  1.300000  1.324766
  138  MOL   O1    oh   -0.694900 -0.277200  0.020300  1.500000  1.533237
  139  MOL   H1    ho    0.417700  0.417700  0.417700  0.800000  0.000000

 total system charges (+/-) for PB       -0.0000       16.3638      -16.3638
 cavity_surften =        0.0050 cavity_offset =        0.0000

   SAS Surface: surface dots generated:    366

--------------------------------------------------------------------------------
   3.  ATOMIC COORDINATES AND VELOCITIES
--------------------------------------------------------------------------------

Cpptraj Generated Restart                                                       
 begin time read from input coords =   551.000 ps

 Number of triangulated 3-point waters found:        0

--------------------------------------------------------------------------------
   4.  RESULTS
--------------------------------------------------------------------------------

  NB-update: atom-based nb list     6835


======== Setting up Grid Parameters ========
Using bounding box for grid setup
 Bounding Box at level:           2
 Bounding Box Center:      17.500    17.000    19.500
 Xmin, Xmax, Xmax-Xmin:     9.614    25.190    15.576
 Ymin, Ymax, Ymax-Ymin:     9.072    24.451    15.379
 Zmin, Zmax, Zmax-Zmin:    14.795    24.415     9.620
 Grid dimension at level     2    49   49   37
 Grid origin corrected at level     2      5.000     4.500    10.000
 Bounding Box at level:           1
 Bounding Box Center:      17.500    17.000    19.500
 Xmin, Xmax, Xmax-Xmin:     9.614    25.190    15.576
 Ymin, Ymax, Ymax-Ymin:     9.072    24.451    15.379
 Zmin, Zmax, Zmax-Zmin:    14.795    24.415     9.620
PB Warn in setgrd(): focusing grid too large    2
 fillratio is automatically increased to 2.500
 Grid dimension at level     1    11   11    7
 Grid origin corrected at level     1     -6.500    -7.000     3.500
------- VMD goodie --------
#First Level Geometric Box
draw materials off
draw color green
draw line "   -6.500   -7.000    3.500" "   37.500   -7.000    3.500"
draw line "   -6.500   -7.000    3.500" "   -6.500   37.000    3.500"
draw line "   -6.500   -7.000    3.500" "   -6.500   -7.000   31.500"
draw line "   37.500   -7.000    3.500" "   37.500   37.000    3.500"
draw line "   37.500   -7.000    3.500" "   37.500   -7.000   31.500"
draw line "   -6.500   37.000    3.500" "   37.500   37.000    3.500"
draw line "   -6.500   37.000    3.500" "   -6.500   37.000   31.500"
draw line "   -6.500   -7.000   31.500" "   37.500   -7.000   31.500"
draw line "   -6.500   -7.000   31.500" "   -6.500   37.000   31.500"
draw line "   37.500   37.000   31.500" "   37.500   37.000    3.500"
draw line "   37.500   37.000   31.500" "   -6.500   37.000   31.500"
draw line "   37.500   37.000   31.500" "   37.500   -7.000   31.500"
#2nd Level Geometric Box
draw color blue
draw line "    5.000    4.500   10.000" "   30.000    4.500   10.000"
draw line "    5.000    4.500   10.000" "    5.000   29.500   10.000"
draw line "    5.000    4.500   10.000" "    5.000    4.500   29.000"
draw line "   30.000    4.500   10.000" "   30.000   29.500   10.000"
draw line "   30.000    4.500   10.000" "   30.000    4.500   29.000"
draw line "    5.000   29.500   10.000" "   30.000   29.500   10.000"
draw line "    5.000   29.500   10.000" "    5.000   29.500   29.000"
draw line "    5.000    4.500   29.000" "   30.000    4.500   29.000"
draw line "    5.000    4.500   29.000" "    5.000   29.500   29.000"
draw line "   30.000   29.500   29.000" "   30.000   29.500   10.000"
draw line "   30.000   29.500   29.000" "    5.000   29.500   29.000"
draw line "   30.000   29.500   29.000" "   30.000    4.500   29.000"
--- End VMD goodie --------

======== Setting up Solvent Accessibility Data ========
Setting up working radii
Number of SA srf points exposed  3804
 Number of SA arcs generated  3154
 Number of SA arc points exposed        2212 Number of trimer arc points exposed         200
 with resolution (A) = .250000E+00

Atomic solvent accessible surface area:
           1    0.0000000000000
           2   12.5148690954479
           3    0.0000000000000
           4    0.0000000000000
           5   19.5231957888987
           6   18.4801183592150
           7    5.6500599680299
           8    0.0000000000000
           9    2.0023790552717
          10   20.7901331541168
          11    4.9853470306146
          12    0.0000000000000
          13    6.2574345477239
          14    0.0000000000000
          15    0.0000000000000
          16    3.7537740417155
          17    0.9898591934753
          18    3.5041633467254
          19   21.7758722260793
          20   32.3402071286262
          21    2.8250299840150
          22    0.0000000000000
          23   13.5160586230837
          24    0.0000000000000
          25    0.0000000000000
          26   18.0214114974449
          27   24.2551553464697
          28    8.9736246551063
          29    0.0000000000000
          30    1.5017842914537
          31   21.9451405515678
          32    0.0000000000000
          33    0.0000000000000
          34    7.5089214572687
          35    0.0000000000000
          36    0.0000000000000
          37    6.3525406859801
          38    0.3299530644918
          39    1.2514869095448
          40   18.0214114974449
          41   28.8751849362734
          42    8.9736246551063
          43    0.0000000000000
          44   12.2645717135389
          45    0.0000000000000
          46    0.0000000000000
          47   20.7746826984435
          48   20.5013813047541
          49    0.0000000000000
          50    0.0000000000000
          51    1.5017842914537
          52   23.9664034971069
          53    5.3177034993223
          54    0.0000000000000
          55    7.0083266934508
          56    0.0000000000000
          57    0.2502973819090
          58    6.3525406859801
          59    0.6599061289836
          60    0.7508921457269
          61   16.2693298240822
          62   33.2064626767144
          63    2.8250299840150
          64    0.0000000000000
          65   10.7627874220852
          66    0.0000000000000
          67    0.0000000000000
          68   20.7746826984435
          69   17.3251109617640
          70    5.8162382023837
          71    0.0000000000000
          72    2.5029738190896
          73   21.0788850034796
          74    4.8191687962608
          75    0.0000000000000
          76    6.0071371658150
          77    0.0000000000000
          78    0.0000000000000
          79    6.6412925353429
          80    0.6599061289836
          81    4.2550554924523
          82   19.2728984069897
          83   30.0301923337243
          84    7.3118423115681
          85    0.0000000000000
          86   14.0166533869016
          87    0.0000000000000
          88    0.0000000000000
          89   20.7746826984435
          90   25.4101627439206
          91    0.0000000000000
          92    0.0000000000000
          93    0.7508921457269
          94   23.9664034971069
          95    0.0000000000000
          96    0.0000000000000
          97    6.7580293115418
          98    0.0000000000000
          99    0.0000000000000
         100    6.6412925353429
         101    0.9898591934753
         102    5.7568397839060
         103   18.0214114974449
         104   29.4526886349989
         105    6.8133076085067
         106    0.0000000000000
         107   13.5160586230837
         108    0.0000000000000
         109    0.0000000000000
         110   19.5231957888987
         111   26.2764182920088
         112    2.3264952809535
         113    0.0000000000000
         114    4.5053528743612
         115   20.7901331541168
         116    4.3206340931993
         117    0.0000000000000
         118    5.2562450200881
         119    0.0000000000000
         120    0.0000000000000
         121    6.6412925353429
         122    0.3299530644918
         123    0.2502973819090
         124   17.5208167336270
         125   27.4314256894597
         126    4.3206340931993
         127    0.0000000000000
         128    1.0011895276358
         129    5.5065424019971
         130    0.3299530644918
         131    0.0000000000000
         132    1.0011895276358
         133    0.9898591934753
         134    0.0000000000000
         135    0.0000000000000
         136    0.0000000000000
         137    0.0000000000000
         138   30.8964478818125
         139    5.1515252649684

 ======== FDPB Summary ========

 Do FDPB every           1 steps
 Nonbonded Update
   residue cutoff is set to   99.9000000000000
   fdpb cutoff is set to    5.0000000000000
   sas cutoff is set to    9.0000000000000
   nonbonded cutoff is set to    0.0000000000000
 Grid Constants
   Grid dimension      11      11       7
   Grid spacing set to     4.000
   Grid boundary
        -6.500    41.500
        -7.000    41.000
         3.500    35.500

 Dielectric Map
   Use cavity radii in the prmtop file

   Use probe-based SES definition
     Compute SAS/SAR every           1 steps
     Solvent probe radius   1.40000000000000
     Surface dots per atom     366
     Buried atom radii increment   0.79800000000000
     Threshhold for exposed atom   0.08000000000000
     Current SAS 981.06410741912782

 Boundary conditions
   sum of grid charges as independent DH spheres

 Physical constants
   Solute dielectric constant  :   1.00000000000000
   Solvent dielectric constant :   80.0000000000000
   Temperature (K)             :   300.000000000000
   Ionic strength (mM)         :   0.00000000000000
   Debye-Huckel parameter (1/A):   0.00000000000000

FD Solver Option
   Use Modified ICCG solver

 Iteration data
   Maximum iterations  :         100
   Convergence criteria:  1.000000000000000E-03
   Iterations required        :     6
   Norm of the constant vector:       208.9100495448
   Norm of the residual vector:      0.0490034099770
   Convergence achieved       :  2.3456703056526690E-04

 Total molecular surface    676.6913

 ======== FDPB Summary ========

 Do FDPB every           1 steps
 Nonbonded Update
   residue cutoff is set to   99.9000000000000
   fdpb cutoff is set to    5.0000000000000
   sas cutoff is set to    9.0000000000000
   nonbonded cutoff is set to    0.0000000000000
 Grid Constants
   Grid dimension      49      49      37
   Grid spacing set to     0.500
   Grid boundary
         5.000    30.000
         4.500    29.500
        10.000    29.000

 Dielectric Map
   Use cavity radii in the prmtop file

   Use probe-based SES definition
     Compute SAS/SAR every           1 steps
     Solvent probe radius   1.40000000000000
     Surface dots per atom     366
     Buried atom radii increment   0.79800000000000
     Threshhold for exposed atom   0.08000000000000
     Current SAS 981.06410741912782

 Boundary conditions
   sum of grid charges as independent DH spheres

 Physical constants
   Solute dielectric constant  :   1.00000000000000
   Solvent dielectric constant :   80.0000000000000
   Temperature (K)             :   300.000000000000
   Ionic strength (mM)         :   0.00000000000000
   Debye-Huckel parameter (1/A):   0.00000000000000

FD Solver Option
   Use Modified ICCG solver

 Iteration data
   Maximum iterations  :         100
   Convergence criteria:  1.000000000000000E-03
   Iterations required        :    11
   Norm of the constant vector:    120425.4828083828
   Norm of the residual vector:    104.7729812178366
   Convergence achieved       :  8.7002334368505756E-04

 Total surface charge      -0.0009
 Reaction field energy   -135.8925
 Nonpolar SAS/SAV    981.0641      0.0000
 Cavity solvation energy      4.9053

 NSTEP =        1   TIME(PS) =       0.000  TEMP(K) =     0.00  PRESS =     0.0
 Etot   =      -570.6270  EKtot   =         0.0000  EPtot      =         0.0000
 BOND   =         0.0000  ANGLE   =         0.0000  DIHED      =         0.0000
 1-4 NB =         0.0000  1-4 EEL =         0.0000  VDWAALS    =       -39.9059
 EELEC  =      -399.7340  EPB     =      -135.8925  RESTRAINT  =         0.0000
 ECAVITY=         4.9053  EDISPER =         0.0000
 ------------------------------------------------------------------------------



  Maximum number of minimization cycles reached.


                    FINAL RESULTS


 NSTEP =        1   TIME(PS) =       0.000  TEMP(K) =     0.00  PRESS =     0.0
 Etot   =      -570.6270  EKtot   =         0.0000  EPtot      =         0.0000
 BOND   =         0.0000  ANGLE   =         0.0000  DIHED      =         0.0000
 1-4 NB =         0.0000  1-4 EEL =         0.0000  VDWAALS    =       -39.9059
 EELEC  =      -399.7340  EPB     =      -135.8925  RESTRAINT  =         0.0000
 ECAVITY=         4.9053  EDISPER =         0.0000
 ------------------------------------------------------------------------------


--------------------------------------------------------------------------------
   5.  TIMINGS
--------------------------------------------------------------------------------

| Total time                     0.10
| Read prm/crd time              0.01
| Force time                     0.09
| Nonbond force                  0.09
| PB Nonbond                     0.09
| PB NB list                     0.00
| PB Sasa                        0.02
| PB FD force                    0.09
| PB Set linear sys              0.05
| PB Solver                      0.04
| PB SA srf                      0.00
| PB SA arc                      0.02
| PB SA arc setup                0.00
| PB circle                      0.01
| PB exclude                     0.01
| PB exmol                       0.05
| PB exmol setup                 0.00
| PB exmol part b                0.00
| PB exmol part c                0.00
| PB exmol part e                0.00
| PB exmol part f                0.01
| PB epsmap                      0.00
|           Job began  at 20:51:44.858  on 08/29/2021
|           Setup done at 20:51:44.864  on 08/29/2021
|           Run   done at 20:51:44.959  on 08/29/2021
|     wallclock() was called     110 times
