
          -------------------------------------------------------
          GBNSR6 2015                       
          -------------------------------------------------------

| Run on 11/06/2021 at 09:46:50
  [-O]verwriting output

File Assignments:
|  MDIN: ../scripts/gbnsr6.in                                                  
| MDOUT: host-gb-radii.out                                                     
|INPCRD: host.crd                                                              
|  PARM: host.prmtop                                                           
|

 Here is the input file:

compute                                                                        
&cntrl                                                                         
inp=1                                                                          
/                                                                              
&gb                                                                            
epsin=1.0, epsout=80, istrng=0, space=0.5,                                     
arcres=0.2, B=0.028, alpb=1, rbornstat=0, rbornstat=1, cavity_surften=0.005    
/                                                                              

--------------------------------------------------------------------------------
   1.  RESOURCE   USE: 
--------------------------------------------------------------------------------

| Flags:                                                                        
| New format PARM file being parsed.
| Version =    1.000 Date = 08/29/21 Time = 13:29:59
 NATOM  =     126 NTYPES =       6 NBONH =      60 MBONA  =      72
 NTHETH =     138 MTHETA =     108 NPHIH =     252 MPHIA  =     216
 NHPARM =       0 NPARM  =       0 NNB   =     762 NRES   =       6
 NBONA  =      72 NTHETA =     108 NPHIA =     216 NUMBND =       6
 NUMANG =      12 NPTRA  =      20 NATYP =      15 NPHB   =       0
 IFBOX  =       1 NMXRS  =      21 IFCAP =       0 NEXTRA =       0
 NCOPY  =       0


|     Memory Use     Allocated
|     Real                4721
|     Hollerith            764
|     Integer            23829
|     Max Pairs              1
|     Max Rstack             1
|     Max Istack             1
|       Total              132 kbytes

| Note: 1-4 EEL scale factors are being read from the topology file.

     BOX TYPE: RECTILINEAR

--------------------------------------------------------------------------------
   2.  ATOMIC COORDINATES AND VELOCITIES
--------------------------------------------------------------------------------

Cpptraj Generated Restart                                                       
 begin time read from input coords =   551.000 ps

 Number of triangulated 3-point waters found:        0

--------------------------------------------------------------------------------
   3.  RESULTS
--------------------------------------------------------------------------------

Print:    Atom number      Inverse Effective Born Radii
rinv           1            0.36367772
rinv           2            0.57146961
rinv           3            0.36022483
rinv           4            0.39475117
rinv           5            0.61055079
rinv           6            0.53808318
rinv           7            0.87390771
rinv           8            0.36850962
rinv           9            0.53531271
rinv          10            0.54303329
rinv          11            0.86056881
rinv          12            0.33515786
rinv          13            0.51327694
rinv          14            0.33692720
rinv          15            0.50263903
rinv          16            0.42624376
rinv          17            0.43260115
rinv          18            0.53467297
rinv          19            0.62151495
rinv          20            0.57009030
rinv          21            0.80710923
rinv          22            0.36677351
rinv          23            0.56920696
rinv          24            0.38435312
rinv          25            0.39693393
rinv          26            0.59283222
rinv          27            0.56253247
rinv          28            0.93057933
rinv          29            0.37931069
rinv          30            0.55306018
rinv          31            0.54240002
rinv          32            0.54788719
rinv          33            0.33684502
rinv          34            0.51514757
rinv          35            0.34261411
rinv          36            0.48237212
rinv          37            0.44703708
rinv          38            0.42950544
rinv          39            0.51379943
rinv          40            0.61605491
rinv          41            0.57157291
rinv          42            0.93822551
rinv          43            0.36734788
rinv          44            0.56671248
rinv          45            0.34895561
rinv          46            0.39474972
rinv          47            0.61255071
rinv          48            0.53382704
rinv          49            0.52861213
rinv          50            0.37559473
rinv          51            0.54972830
rinv          52            0.55536249
rinv          53            0.89205734
rinv          54            0.33858892
rinv          55            0.51712905
rinv          56            0.33962322
rinv          57            0.48404468
rinv          58            0.44582869
rinv          59            0.42438173
rinv          60            0.51432853
rinv          61            0.60999608
rinv          62            0.56911988
rinv          63            0.81745800
rinv          64            0.36404235
rinv          65            0.55120103
rinv          66            0.36736682
rinv          67            0.39333335
rinv          68            0.61400613
rinv          69            0.53509510
rinv          70            0.90445241
rinv          71            0.37317607
rinv          72            0.52620245
rinv          73            0.54142107
rinv          74            0.88428282
rinv          75            0.33584425
rinv          76            0.51306807
rinv          77            0.34575495
rinv          78            0.49345108
rinv          79            0.45060811
rinv          80            0.43434765
rinv          81            0.53345962
rinv          82            0.61584557
rinv          83            0.57280697
rinv          84            0.93220166
rinv          85            0.36009409
rinv          86            0.56974800
rinv          87            0.36861438
rinv          88            0.39267258
rinv          89            0.60227008
rinv          90            0.54837061
rinv          91            0.54723601
rinv          92            0.37702276
rinv          93            0.55477196
rinv          94            0.54472206
rinv          95            0.60581330
rinv          96            0.33826270
rinv          97            0.51928366
rinv          98            0.34064915
rinv          99            0.47823364
rinv         100            0.44897540
rinv         101            0.43285212
rinv         102            0.55726083
rinv         103            0.61412900
rinv         104            0.57254606
rinv         105            0.90795273
rinv         106            0.36513812
rinv         107            0.57339016
rinv         108            0.35417644
rinv         109            0.40415910
rinv         110            0.61335247
rinv         111            0.55685851
rinv         112            0.80266731
rinv         113            0.37146845
rinv         114            0.54771945
rinv         115            0.54159294
rinv         116            0.86773029
rinv         117            0.33346772
rinv         118            0.50225522
rinv         119            0.33843203
rinv         120            0.49353360
rinv         121            0.44348630
rinv         122            0.41611560
rinv         123            0.46416870
rinv         124            0.60952917
rinv         125            0.55388308
rinv         126            0.85858852

 Cavity solvation energy      5.0720

 NSTEP =        1   TIME(PS) =       0.000  TEMP(K) =     0.00  PRESS =     0.0
 Etot   =       -92.8026  EKtot   =         0.0000  EPtot      =         0.0000
 BOND   =         0.0000  ANGLE   =         0.0000  DIHED      =         0.0000
 1-4 NB =         0.0000  1-4 EEL =       419.5804  VDWAALS    =         0.0000
 EELEC  =      -406.7168  EGB     =      -110.7382  RESTRAINT  =         0.0000
 ESURF  =         5.0720
 ------------------------------------------------------------------------------



  Maximum number of minimization cycles reached.


                    FINAL RESULTS


 NSTEP =        1   TIME(PS) =       0.000  TEMP(K) =     0.00  PRESS =     0.0
 Etot   =       -92.8026  EKtot   =         0.0000  EPtot      =         0.0000
 BOND   =         0.0000  ANGLE   =         0.0000  DIHED      =         0.0000
 1-4 NB =         0.0000  1-4 EEL =       419.5804  VDWAALS    =         0.0000
 EELEC  =      -406.7168  EGB     =      -110.7382  RESTRAINT  =         0.0000
 ESURF  =         5.0720
 ------------------------------------------------------------------------------

|           Job began  at 09:46:50.666  on 11/06/2021
|           Setup done at 09:46:50.669  on 11/06/2021
|           Run   done at 09:46:50.721  on 11/06/2021
|     wallclock() was called      72 times
