
          -------------------------------------------------------
          PBSA VERSION 2019                       UC Irvine
          -------------------------------------------------------

| Run on 09/29/2021 at 22:28:56

File Assignments:
|  MDIN: ../../../scripts/pbsa.in                                              
| MDOUT: guest-pb.out                                                          
|INPCRD: guest.crd                                                             
|  PARM: guest.prmtop                                                          
|

 Here is the input file:

Sample single point PB calculation                                             
&cntrl                                                                         
ipb=1, inp=1                                                                   
/                                                                              
&pb                                                                            
npbverb=1, fillratio=1.5, saopt=1, radiopt=0, epsin=1.0, epsout=80             
/                                                                              
 PBSA Warning in pb_read(): sprob=0.557 is optimized for inp=2 and  should not be used with inp=1. It has been reset to 1.4.
 PBSA Warning in pb_read(): cavity_surften=0.0378 is optimized for inp=2  and should not be used with inp=1. It has been reset to 0.005000.
 PBSA Warning in pb_read(): cavity_offset=-0.5692 is optimized for inp=2  and should not be used with inp=1. It has been reset to 0.000.

--------------------------------------------------------------------------------
   1.  RESOURCE   USE: 
--------------------------------------------------------------------------------

| Flags:                                                                        
| New format PARM file being parsed.
| Version =    1.000 Date = 09/29/21 Time = 22:19:41
 NATOM  =      19 NTYPES =       4 NBONH =      11 MBONA  =       7
 NTHETH =      25 MTHETA =       8 NPHIH =      45 MPHIA  =      10
 NHPARM =       0 NPARM  =       0 NNB   =      94 NRES   =       1
 NBONA  =       7 NTHETA =       8 NPHIA =      10 NUMBND =       4
 NUMANG =       7 NPTRA  =      11 NATYP =      13 NPHB   =       0
 IFBOX  =       1 NMXRS  =      19 IFCAP =       0 NEXTRA =       0
 NCOPY  =       0


|     Memory Use     Allocated
|     Real                 741
|     Hollerith             60
|     Integer            20745
|     Max Pairs              1
|     Max Rstack             1
|     Max Istack             1
|       Total               87 kbytes

     BOX TYPE: RECTILINEAR

--------------------------------------------------------------------------------
   2.  CONTROL  DATA  FOR  THE  RUN
--------------------------------------------------------------------------------

HST1                                                                            

General flags:
     imin    =       1, nmropt  =       0

Nature and format of input:
     ntx     =       1, irest   =       0, ntrx    =       1

Nature and format of output:
     ntxo    =       1, ntpr    =      50, ntrx    =       1, ntwr    =     500
     iwrap   =       0, ntwx    =       0, ntwv    =       0, ntwe    =       0
     ioutfm  =       0, ntwprt  =       0, idecomp =       0, rbornstat=      0

Potential function:
     ntf     =       1, ntb     =       1, ipb     =       1, nsnb    =      25
     ipol    =       0, gbsa    =       0, iesp    =       0
     dielc   =   1.00000, cut     =   8.00000, intdiel =   1.00000

Frozen or restrained atoms:
     ibelly  =       0, ntr     =       0

Energy minimization:
     maxcyc  =       1, ncyc    =      10, ntmin   =       1
     dx0     =   0.01000, drms    =   0.00010

======== Implicit Solvent Initialization ========

     Max Nonbonded Pairs:      181      181

 no. of atoms processed in PB initialization:    19
  NUM  RESI  NAME  TYPE    CHARGE ATM CRG/H   GRP CRG   PB RADI   NP RADI
    1  GST   C1    c     0.907712  0.907712 -0.955308  1.700000  1.699835
    2  GST   C2    c3   -0.083484 -0.017736 -0.030304  1.700000  1.699835
    3  GST   C3    c3   -0.083484 -0.017736 -0.030304  1.700000  1.699835
    4  GST   C4    c3   -0.194484 -0.153652  0.757408  1.700000  1.699835
    5  GST   C5    c3   -0.047484  0.003348 -0.162872  1.700000  1.699835
    6  GST   C6    c3   -0.073084 -0.012568 -0.044692  1.700000  1.699835
    7  GST   O1    o    -0.854684 -0.854684  0.053028  1.500000  1.479961
    8  GST   O2    o    -0.854684 -0.854684  0.053028  1.500000  1.479961
    9  GST   H1    hc    0.021916  0.021916  0.021916  1.300000  1.324766
   10  GST   H2    hc    0.021916  0.021916  0.021916  1.300000  1.324766
   11  GST   H3    hc    0.021916  0.021916  0.021916  1.300000  1.324766
   12  GST   H4    hc    0.021916  0.021916  0.021916  1.300000  1.324766
   13  GST   H5    hc    0.021916  0.021916  0.021916  1.300000  1.324766
   14  GST   H6    hc    0.021916  0.021916  0.021916  1.300000  1.324766
   15  GST   H7    hc    0.020416  0.020416  0.020416  1.300000  1.324766
   16  GST   H8    hc    0.020416  0.020416  0.020416  1.300000  1.324766
   17  GST   H9    hc    0.025416  0.025416  0.025416  1.300000  1.324766
   18  GST   H10   hc    0.025416  0.025416  0.025416  1.300000  1.324766
   19  GST   H11   hc    0.060516  0.060516  0.060516  1.300000  1.324766

 total system charges (+/-) for PB       -1.0000        1.1914       -2.1914
 cavity_surften =        0.0050 cavity_offset =        0.0000

   SAS Surface: surface dots generated:    366

--------------------------------------------------------------------------------
   3.  ATOMIC COORDINATES AND VELOCITIES
--------------------------------------------------------------------------------

Cpptraj Generated Restart                                                       
 begin time read from input coords =     0.000 ps

 Number of triangulated 3-point waters found:        0

--------------------------------------------------------------------------------
   4.  RESULTS
--------------------------------------------------------------------------------

  NB-update: atom-based nb list      171


======== Setting up Grid Parameters ========
Using bounding box for grid setup
 Bounding Box at level:           2
 Bounding Box Center:      24.500    24.500    22.000
 Xmin, Xmax, Xmax-Xmin:    21.169    28.105     6.937
 Ymin, Ymax, Ymax-Ymin:    21.583    27.306     5.723
 Zmin, Zmax, Zmax-Zmin:    17.615    26.447     8.832
 Grid dimension at level     2    33   29   37
 Grid origin corrected at level     2     16.000    17.000    12.500
 Bounding Box at level:           1
 Bounding Box Center:      24.500    24.500    22.000
 Xmin, Xmax, Xmax-Xmin:    21.169    28.105     6.937
 Ymin, Ymax, Ymax-Ymin:    21.583    27.306     5.723
 Zmin, Zmax, Zmax-Zmin:    17.615    26.447     8.832
PB Warn in setgrd(): focusing grid too large    2
 fillratio is automatically increased to 2.500
PB Warn in setgrd(): focusing grid too large    2
 fillratio is automatically increased to 3.500
 Grid dimension at level     1     7    7    9
 Grid origin corrected at level     1      8.500     8.500     2.000
------- VMD goodie --------
#First Level Geometric Box
draw materials off
draw color green
draw line "    8.500    8.500    2.000" "   36.500    8.500    2.000"
draw line "    8.500    8.500    2.000" "    8.500   36.500    2.000"
draw line "    8.500    8.500    2.000" "    8.500    8.500   38.000"
draw line "   36.500    8.500    2.000" "   36.500   36.500    2.000"
draw line "   36.500    8.500    2.000" "   36.500    8.500   38.000"
draw line "    8.500   36.500    2.000" "   36.500   36.500    2.000"
draw line "    8.500   36.500    2.000" "    8.500   36.500   38.000"
draw line "    8.500    8.500   38.000" "   36.500    8.500   38.000"
draw line "    8.500    8.500   38.000" "    8.500   36.500   38.000"
draw line "   36.500   36.500   38.000" "   36.500   36.500    2.000"
draw line "   36.500   36.500   38.000" "    8.500   36.500   38.000"
draw line "   36.500   36.500   38.000" "   36.500    8.500   38.000"
#2nd Level Geometric Box
draw color blue
draw line "   16.000   17.000   12.500" "   33.000   17.000   12.500"
draw line "   16.000   17.000   12.500" "   16.000   32.000   12.500"
draw line "   16.000   17.000   12.500" "   16.000   17.000   31.500"
draw line "   33.000   17.000   12.500" "   33.000   32.000   12.500"
draw line "   33.000   17.000   12.500" "   33.000   17.000   31.500"
draw line "   16.000   32.000   12.500" "   33.000   32.000   12.500"
draw line "   16.000   32.000   12.500" "   16.000   32.000   31.500"
draw line "   16.000   17.000   31.500" "   33.000   17.000   31.500"
draw line "   16.000   17.000   31.500" "   16.000   32.000   31.500"
draw line "   33.000   32.000   31.500" "   33.000   32.000   12.500"
draw line "   33.000   32.000   31.500" "   16.000   32.000   31.500"
draw line "   33.000   32.000   31.500" "   33.000   17.000   31.500"
--- End VMD goodie --------

======== Setting up Solvent Accessibility Data ========
Setting up working radii
Number of SA srf points exposed  1183
 Number of SA arcs generated   167
 Number of SA arc points exposed         490 Number of trimer arc points exposed          38
 with resolution (A) = .250000E+00

Atomic solvent accessible surface area:
           1    3.6294837094096
           2    1.9797183869507
           3    2.3096714514425
           4    0.0000000000000
           5    0.0000000000000
           6    0.0000000000000
           7   43.3127774044101
           8   30.0301923337243
           9   15.5184376783554
          10   26.0309277185316
          11   10.7627874220852
          12   22.0261696079882
          13   25.2800355728047
          14   25.7806303366226
          15   28.2836041557122
          16   19.0226010250808
          17   15.0178429145374
          18   19.7734931708076
          19   19.0226010250808

 ======== FDPB Summary ========

 Do FDPB every           1 steps
 Nonbonded Update
   residue cutoff is set to   99.9000000000000
   fdpb cutoff is set to    5.0000000000000
   sas cutoff is set to    9.0000000000000
   nonbonded cutoff is set to    0.0000000000000
 Grid Constants
   Grid dimension       7       7       9
   Grid spacing set to     4.000
   Grid boundary
         8.500    40.500
         8.500    40.500
         2.000    42.000

 Dielectric Map
   Use cavity radii in the prmtop file

   Use probe-based SES definition
     Compute SAS/SAR every           1 steps
     Solvent probe radius   1.40000000000000
     Surface dots per atom     366
     Buried atom radii increment   0.79800000000000
     Threshhold for exposed atom   0.08000000000000
     Current SAS 307.78097391354351

 Boundary conditions
   sum of grid charges as independent DH spheres

 Physical constants
   Solute dielectric constant  :   1.00000000000000
   Solvent dielectric constant :   80.0000000000000
   Temperature (K)             :   300.000000000000
   Ionic strength (mM)         :   0.00000000000000
   Debye-Huckel parameter (1/A):   0.00000000000000

FD Solver Option
   Use Modified ICCG solver

 Iteration data
   Maximum iterations  :         100
   Convergence criteria:  1.000000000000000E-03
   Iterations required        :     5
   Norm of the constant vector:       315.2033171160
   Norm of the residual vector:      0.2752558665178
   Convergence achieved       :  8.7326449809047469E-04

 Total molecular surface    148.7209

 ======== FDPB Summary ========

 Do FDPB every           1 steps
 Nonbonded Update
   residue cutoff is set to   99.9000000000000
   fdpb cutoff is set to    5.0000000000000
   sas cutoff is set to    9.0000000000000
   nonbonded cutoff is set to    0.0000000000000
 Grid Constants
   Grid dimension      33      29      37
   Grid spacing set to     0.500
   Grid boundary
        16.000    33.000
        17.000    32.000
        12.500    31.500

 Dielectric Map
   Use cavity radii in the prmtop file

   Use probe-based SES definition
     Compute SAS/SAR every           1 steps
     Solvent probe radius   1.40000000000000
     Surface dots per atom     366
     Buried atom radii increment   0.79800000000000
     Threshhold for exposed atom   0.08000000000000
     Current SAS 307.78097391354351

 Boundary conditions
   sum of grid charges as independent DH spheres

 Physical constants
   Solute dielectric constant  :   1.00000000000000
   Solvent dielectric constant :   80.0000000000000
   Temperature (K)             :   300.000000000000
   Ionic strength (mM)         :   0.00000000000000
   Debye-Huckel parameter (1/A):   0.00000000000000

FD Solver Option
   Use Modified ICCG solver

 Iteration data
   Maximum iterations  :         100
   Convergence criteria:  1.000000000000000E-03
   Iterations required        :    14
   Norm of the constant vector:     20967.7025488758
   Norm of the residual vector:     19.0214347160608
   Convergence achieved       :  9.0717782130501901E-04

 Total surface charge       0.9876
 Reaction field energy    -78.6457
 Nonpolar SAS/SAV    307.7810      0.0000
 Cavity solvation energy      1.5389

 NSTEP =        1   TIME(PS) =       0.000  TEMP(K) =     0.00  PRESS =     0.0
 Etot   =       -66.0039  EKtot   =         0.0000  EPtot      =         0.0000
 BOND   =         0.0000  ANGLE   =         0.0000  DIHED      =         0.0000
 1-4 NB =         0.0000  1-4 EEL =         0.0000  VDWAALS    =         9.9192
 EELEC  =         1.1837  EPB     =       -78.6457  RESTRAINT  =         0.0000
 ECAVITY=         1.5389  EDISPER =         0.0000
 ------------------------------------------------------------------------------



  Maximum number of minimization cycles reached.


                    FINAL RESULTS


 NSTEP =        1   TIME(PS) =       0.000  TEMP(K) =     0.00  PRESS =     0.0
 Etot   =       -66.0039  EKtot   =         0.0000  EPtot      =         0.0000
 BOND   =         0.0000  ANGLE   =         0.0000  DIHED      =         0.0000
 1-4 NB =         0.0000  1-4 EEL =         0.0000  VDWAALS    =         9.9192
 EELEC  =         1.1837  EPB     =       -78.6457  RESTRAINT  =         0.0000
 ECAVITY=         1.5389  EDISPER =         0.0000
 ------------------------------------------------------------------------------


--------------------------------------------------------------------------------
   5.  TIMINGS
--------------------------------------------------------------------------------

| Total time                     0.03
| Read prm/crd time              0.00
| Force time                     0.03
| Nonbond force                  0.03
| PB Nonbond                     0.03
| PB FD grid                     0.00
| PB Sasa                        0.00
| PB FD force                    0.03
| PB Set linear sys              0.01
| PB Solver                      0.02
| PB SA arc                      0.00
| PB circle                      0.00
| PB exmol                       0.01
| PB exmol setup                 0.00
| PB exmol part b                0.00
| PB exmol part f                0.00
| PB epsbnd                      0.00
|           Job began  at 22:28:56.257  on 09/29/2021
|           Setup done at 22:28:56.259  on 09/29/2021
|           Run   done at 22:28:56.289  on 09/29/2021
|     wallclock() was called     110 times
