
          -------------------------------------------------------
          PBSA VERSION 2019                       UC Irvine
          -------------------------------------------------------

| Run on 08/29/2021 at 20:55:56

File Assignments:
|  MDIN: ../pbsa-script/mdin.in                                                
| MDOUT: complex-pb.out                                                        
|INPCRD: complex.crd                                                           
|  PARM: complex.prmtop                                                        
|

 Here is the input file:

Sample single point PB calculation                                             
&cntrl                                                                         
ipb=1, inp=1                                                                   
/                                                                              
&pb                                                                            
npbverb=1, fillratio=1.5, saopt=1, radiopt=0, epsin=1.0, epsout=80             
/                                                                              
 PBSA Warning in pb_read(): sprob=0.557 is optimized for inp=2 and  should not be used with inp=1. It has been reset to 1.4.
 PBSA Warning in pb_read(): cavity_surften=0.0378 is optimized for inp=2  and should not be used with inp=1. It has been reset to 0.005000.
 PBSA Warning in pb_read(): cavity_offset=-0.5692 is optimized for inp=2  and should not be used with inp=1. It has been reset to 0.000.

--------------------------------------------------------------------------------
   1.  RESOURCE   USE: 
--------------------------------------------------------------------------------

| Flags:                                                                        
| New format PARM file being parsed.
| Version =    1.000 Date = 08/29/21 Time = 16:02:27
 NATOM  =     200 NTYPES =       8 NBONH =      60 MBONA  =     160
 NTHETH =     136 MTHETA =     240 NPHIH =     308 MPHIA  =     377
 NHPARM =       0 NPARM  =       0 NNB   =    1179 NRES   =       2
 NBONA  =     160 NTHETA =     240 NPHIA =     377 NUMBND =      13
 NUMANG =      25 NPTRA  =      13 NATYP =      12 NPHB   =       0
 IFBOX  =       1 NMXRS  =     184 IFCAP =       0 NEXTRA =       0
 NCOPY  =       0


|     Memory Use     Allocated
|     Real                7501
|     Hollerith            604
|     Integer            28816
|     Max Pairs              1
|     Max Rstack             1
|     Max Istack             1
|       Total              173 kbytes

     BOX TYPE: RECTILINEAR

--------------------------------------------------------------------------------
   2.  CONTROL  DATA  FOR  THE  RUN
--------------------------------------------------------------------------------

default_name                                                                    

General flags:
     imin    =       1, nmropt  =       0

Nature and format of input:
     ntx     =       1, irest   =       0, ntrx    =       1

Nature and format of output:
     ntxo    =       1, ntpr    =      50, ntrx    =       1, ntwr    =     500
     iwrap   =       0, ntwx    =       0, ntwv    =       0, ntwe    =       0
     ioutfm  =       0, ntwprt  =       0, idecomp =       0, rbornstat=      0

Potential function:
     ntf     =       1, ntb     =       1, ipb     =       1, nsnb    =      25
     ipol    =       0, gbsa    =       0, iesp    =       0
     dielc   =   1.00000, cut     =   8.00000, intdiel =   1.00000

Frozen or restrained atoms:
     ibelly  =       0, ntr     =       0

Energy minimization:
     maxcyc  =       1, ncyc    =      10, ntmin   =       1
     dx0     =   0.01000, drms    =   0.00010

======== Implicit Solvent Initialization ========

     Max Nonbonded Pairs:    20000    20000

 no. of atoms processed in PB initialization:   200
  NUM  RESI  NAME  TYPE    CHARGE ATM CRG/H   GRP CRG   PB RADI   NP RADI
    1  OCT   C1    ca    0.007966  0.007966  0.096735  1.700000  1.699835
    2  OCT   C2    ca    0.023462  0.023462 -0.147830  1.700000  1.699835
    3  OCT   C3    ca   -0.215113 -0.071988 -0.056056  1.700000  1.699835
    4  OCT   C4    ca    0.023462  0.023462 -0.147830  1.700000  1.699835
    5  OCT   C5    ca   -0.124092  0.070573  0.117497  1.700000  1.699835
    6  OCT   C6    ca    0.007966  0.007966  0.096735  1.700000  1.699835
    7  OCT   O1    os   -0.249831 -0.249831 -0.014133  1.500000  1.500006
    8  OCT   C7    c3    0.014967  0.137295  0.282939  1.700000  1.699835
    9  OCT   C8    c3    0.068147  0.212236 -0.292992  1.700000  1.699835
   10  OCT   O2    os   -0.249831 -0.249831 -0.014133  1.500000  1.500006
   11  OCT   C9    ca    0.023462  0.023462 -0.147830  1.700000  1.699835
   12  OCT   C10   ca    0.007966  0.007966  0.096735  1.700000  1.699835
   13  OCT   C11   ca   -0.215113 -0.071988 -0.056056  1.700000  1.699835
   14  OCT   C12   ca   -0.124092  0.070573  0.117497  1.700000  1.699835
   15  OCT   C13   ca    0.007966  0.007966  0.096735  1.700000  1.699835
   16  OCT   C14   ca    0.023462  0.023462 -0.147830  1.700000  1.699835
   17  OCT   O3    os   -0.249831 -0.249831 -0.014133  1.500000  1.500006
   18  OCT   C15   c3    0.014967  0.137295  0.282939  1.700000  1.699835
   19  OCT   C16   ca    0.007966  0.007966  0.096735  1.700000  1.699835
   20  OCT   C17   ca    0.023462  0.023462 -0.147830  1.700000  1.699835
   21  OCT   C18   c3    0.068147  0.212236 -0.292992  1.700000  1.699835
   22  OCT   O4    os   -0.249831 -0.249831 -0.014133  1.500000  1.500006
   23  OCT   O5    os   -0.249831 -0.249831 -0.014133  1.500000  1.500006
   24  OCT   C19   c3    0.014967  0.137295  0.282939  1.700000  1.699835
   25  OCT   C20   ca    0.007966  0.007966  0.096735  1.700000  1.699835
   26  OCT   O6    os   -0.249831 -0.249831 -0.014133  1.500000  1.500006
   27  OCT   C21   ca    0.023462  0.023462 -0.147830  1.700000  1.699835
   28  OCT   C22   ca   -0.124092  0.070573  0.117497  1.700000  1.699835
   29  OCT   C23   ca    0.023462  0.023462 -0.147830  1.700000  1.699835
   30  OCT   C24   ca   -0.124092  0.070573  0.117497  1.700000  1.699835
   31  OCT   C25   ca    0.023462  0.023462 -0.147830  1.700000  1.699835
   32  OCT   O7    os   -0.249831 -0.249831 -0.014133  1.500000  1.500006
   33  OCT   O8    os   -0.249831 -0.249831 -0.014133  1.500000  1.500006
   34  OCT   C26   c3    0.068147  0.212236 -0.292992  1.700000  1.699835
   35  OCT   C27   ca   -0.215113 -0.071988 -0.056056  1.700000  1.699835
   36  OCT   C28   ca    0.007966  0.007966  0.096735  1.700000  1.699835
   37  OCT   C29   ca   -0.215113 -0.071988 -0.056056  1.700000  1.699835
   38  OCT   C30   c3    0.014967  0.137295  0.282939  1.700000  1.699835
   39  OCT   C31   ca    0.007966  0.007966  0.096735  1.700000  1.699835
   40  OCT   C32   c3    0.068147  0.212236 -0.292992  1.700000  1.699835
   41  OCT   C33   c3    0.142268  0.129712  0.083089  1.700000  1.699835
   42  OCT   C34   c3   -0.082342 -0.183918  0.828892  1.700000  1.699835
   43  OCT   C35   c     0.883098  0.883098 -1.002556  1.700000  1.699835
   44  OCT   O9    o    -0.850868 -0.850868  0.032230  1.500000  1.479961
   45  OCT   C36   c3    0.142268  0.129712  0.083089  1.700000  1.699835
   46  OCT   C37   c3   -0.082342 -0.183918  0.828892  1.700000  1.699835
   47  OCT   C38   c     0.883098  0.883098 -1.002556  1.700000  1.699835
   48  OCT   O10   o    -0.850868 -0.850868  0.032230  1.500000  1.479961
   49  OCT   C39   c3    0.142268  0.129712  0.083089  1.700000  1.699835
   50  OCT   C40   c3   -0.082342 -0.183918  0.828892  1.700000  1.699835
   51  OCT   C41   c     0.883098  0.883098 -1.002556  1.700000  1.699835
   52  OCT   O11   o    -0.850868 -0.850868  0.032230  1.500000  1.479961
   53  OCT   C42   c3    0.142268  0.129712  0.083089  1.700000  1.699835
   54  OCT   C43   c3   -0.082342 -0.183918  0.828892  1.700000  1.699835
   55  OCT   C44   c     0.883098  0.883098 -1.002556  1.700000  1.699835
   56  OCT   O12   o    -0.850868 -0.850868  0.032230  1.500000  1.479961
   57  OCT   C45   ca   -0.005566 -0.005566  0.219000  1.700000  1.699835
   58  OCT   C46   ca   -0.283538 -0.171031  0.288973  1.700000  1.699835
   59  OCT   C47   ca   -0.137849  0.006165  0.230601  1.700000  1.699835
   60  OCT   C48   ca   -0.137849  0.006165  0.230601  1.700000  1.699835
   61  OCT   C49   ca    0.230002  0.230002 -0.226710  1.700000  1.699835
   62  OCT   C50   ca    0.230002  0.230002 -0.226710  1.700000  1.699835
   63  OCT   C51   ca   -0.005566 -0.005566  0.219000  1.700000  1.699835
   64  OCT   C52   ca   -0.283538 -0.171031  0.288973  1.700000  1.699835
   65  OCT   C53   ca   -0.137849  0.006165  0.230601  1.700000  1.699835
   66  OCT   C54   ca   -0.137849  0.006165  0.230601  1.700000  1.699835
   67  OCT   C55   ca    0.230002  0.230002 -0.226710  1.700000  1.699835
   68  OCT   C56   ca    0.230002  0.230002 -0.226710  1.700000  1.699835
   69  OCT   C57   ca   -0.005566 -0.005566  0.219000  1.700000  1.699835
   70  OCT   C58   ca   -0.283538 -0.171031  0.288973  1.700000  1.699835
   71  OCT   C59   ca   -0.137849  0.006165  0.230601  1.700000  1.699835
   72  OCT   C60   ca   -0.137849  0.006165  0.230601  1.700000  1.699835
   73  OCT   C61   ca    0.230002  0.230002 -0.226710  1.700000  1.699835
   74  OCT   C62   ca    0.230002  0.230002 -0.226710  1.700000  1.699835
   75  OCT   C63   ca   -0.005566 -0.005566  0.219000  1.700000  1.699835
   76  OCT   C64   ca   -0.283538 -0.171031  0.288973  1.700000  1.699835
   77  OCT   C65   ca   -0.137849  0.006165  0.230601  1.700000  1.699835
   78  OCT   C66   ca   -0.137849  0.006165  0.230601  1.700000  1.699835
   79  OCT   C67   ca    0.230002  0.230002 -0.226710  1.700000  1.699835
   80  OCT   C68   ca    0.230002  0.230002 -0.226710  1.700000  1.699835
   81  OCT   O13   os   -0.291846 -0.291846 -0.022080  1.500000  1.500006
   82  OCT   O14   os   -0.291846 -0.291846 -0.022080  1.500000  1.500006
   83  OCT   O15   os   -0.291846 -0.291846 -0.022080  1.500000  1.500006
   84  OCT   O16   os   -0.291846 -0.291846 -0.022080  1.500000  1.500006
   85  OCT   O17   os   -0.291846 -0.291846 -0.022080  1.500000  1.500006
   86  OCT   O18   os   -0.291846 -0.291846 -0.022080  1.500000  1.500006
   87  OCT   O19   os   -0.291846 -0.291846 -0.022080  1.500000  1.500006
   88  OCT   C69   ca    0.039764  0.039764 -0.212515  1.700000  1.699835
   89  OCT   C70   ca   -0.099238  0.028350 -0.087706  1.700000  1.699835
   90  OCT   C71   ca   -0.122366  0.011217  0.090745  1.700000  1.699835
   91  OCT   C72   ca   -0.099238  0.028350 -0.087706  1.700000  1.699835
   92  OCT   C73   ca   -0.155820 -0.155820  0.780593  1.700000  1.699835
   93  OCT   C74   ca    0.039764  0.039764 -0.212515  1.700000  1.699835
   94  OCT   O20   os   -0.291846 -0.291846 -0.022080  1.500000  1.500006
   95  OCT   C75   ca    0.039764  0.039764 -0.212515  1.700000  1.699835
   96  OCT   C76   ca   -0.099238  0.028350 -0.087706  1.700000  1.699835
   97  OCT   C77   ca   -0.099238  0.028350 -0.087706  1.700000  1.699835
   98  OCT   C78   ca   -0.122366  0.011217  0.090745  1.700000  1.699835
   99  OCT   C79   ca    0.039764  0.039764 -0.212515  1.700000  1.699835
  100  OCT   C80   ca   -0.155820 -0.155820  0.780593  1.700000  1.699835
  101  OCT   C81   ca    0.039764  0.039764 -0.212515  1.700000  1.699835
  102  OCT   C82   ca   -0.099238  0.028350 -0.087706  1.700000  1.699835
  103  OCT   C83   ca   -0.099238  0.028350 -0.087706  1.700000  1.699835
  104  OCT   C84   ca   -0.122366  0.011217  0.090745  1.700000  1.699835
  105  OCT   C85   ca    0.039764  0.039764 -0.212515  1.700000  1.699835
  106  OCT   C86   ca   -0.155820 -0.155820  0.780593  1.700000  1.699835
  107  OCT   C87   c     0.879713  0.879713 -0.897957  1.700000  1.699835
  108  OCT   O21   o    -0.810925 -0.810925  0.068788  1.500000  1.479961
  109  OCT   C88   c     0.879713  0.879713 -0.897957  1.700000  1.699835
  110  OCT   O22   o    -0.810925 -0.810925  0.068788  1.500000  1.479961
  111  OCT   C89   c     0.879713  0.879713 -0.897957  1.700000  1.699835
  112  OCT   O23   o    -0.810925 -0.810925  0.068788  1.500000  1.479961
  113  OCT   O24   o    -0.850868 -0.850868  0.032230  1.500000  1.479961
  114  OCT   O25   o    -0.850868 -0.850868  0.032230  1.500000  1.479961
  115  OCT   O26   o    -0.850868 -0.850868  0.032230  1.500000  1.479961
  116  OCT   C90   c     0.879713  0.879713 -0.897957  1.700000  1.699835
  117  OCT   O27   o    -0.810925 -0.810925  0.068788  1.500000  1.479961
  118  OCT   O28   o    -0.810925 -0.810925  0.068788  1.500000  1.479961
  119  OCT   O29   o    -0.810925 -0.810925  0.068788  1.500000  1.479961
  120  OCT   O30   o    -0.810925 -0.810925  0.068788  1.500000  1.479961
  121  OCT   O31   o    -0.810925 -0.810925  0.068788  1.500000  1.479961
  122  OCT   O32   o    -0.850868 -0.850868  0.032230  1.500000  1.479961
  123  OCT   C91   ca    0.039764  0.039764 -0.212515  1.700000  1.699835
  124  OCT   C92   ca   -0.099238  0.028350 -0.087706  1.700000  1.699835
  125  OCT   C93   ca   -0.122366  0.011217  0.090745  1.700000  1.699835
  126  OCT   C94   ca   -0.099238  0.028350 -0.087706  1.700000  1.699835
  127  OCT   C95   ca   -0.155820 -0.155820  0.780593  1.700000  1.699835
  128  OCT   C96   ca    0.039764  0.039764 -0.212515  1.700000  1.699835
  129  OCT   H1    ha    0.143125  0.143125  0.143125  1.300000  1.299821
  130  OCT   H2    ha    0.194665  0.194665  0.194665  1.300000  1.299821
  131  OCT   H3    hc    0.122328  0.122328  0.122328  1.300000  1.324766
  132  OCT   H4    h2    0.144089  0.144089  0.144089  1.300000  1.146587
  133  OCT   H5    ha    0.143125  0.143125  0.143125  1.300000  1.299821
  134  OCT   H6    ha    0.194665  0.194665  0.194665  1.300000  1.299821
  135  OCT   H7    hc    0.122328  0.122328  0.122328  1.300000  1.324766
  136  OCT   H8    h2    0.144089  0.144089  0.144089  1.300000  1.146587
  137  OCT   H9    hc    0.122328  0.122328  0.122328  1.300000  1.324766
  138  OCT   H10   ha    0.194665  0.194665  0.194665  1.300000  1.299821
  139  OCT   H11   ha    0.194665  0.194665  0.194665  1.300000  1.299821
  140  OCT   H12   h2    0.144089  0.144089  0.144089  1.300000  1.146587
  141  OCT   H13   ha    0.143125  0.143125  0.143125  1.300000  1.299821
  142  OCT   H14   ha    0.143125  0.143125  0.143125  1.300000  1.299821
  143  OCT   H15   hc    0.122328  0.122328  0.122328  1.300000  1.324766
  144  OCT   H16   h2    0.144089  0.144089  0.144089  1.300000  1.146587
  145  OCT   H17   hc   -0.006278 -0.006278 -0.006278  1.300000  1.324766
  146  OCT   H18   hc   -0.006278 -0.006278 -0.006278  1.300000  1.324766
  147  OCT   H19   hc   -0.050788 -0.050788 -0.050788  1.300000  1.324766
  148  OCT   H20   hc   -0.050788 -0.050788 -0.050788  1.300000  1.324766
  149  OCT   H21   hc   -0.006278 -0.006278 -0.006278  1.300000  1.324766
  150  OCT   H22   hc   -0.006278 -0.006278 -0.006278  1.300000  1.324766
  151  OCT   H23   hc   -0.050788 -0.050788 -0.050788  1.300000  1.324766
  152  OCT   H24   hc   -0.050788 -0.050788 -0.050788  1.300000  1.324766
  153  OCT   H25   hc   -0.006278 -0.006278 -0.006278  1.300000  1.324766
  154  OCT   H26   hc   -0.006278 -0.006278 -0.006278  1.300000  1.324766
  155  OCT   H27   hc   -0.050788 -0.050788 -0.050788  1.300000  1.324766
  156  OCT   H28   hc   -0.050788 -0.050788 -0.050788  1.300000  1.324766
  157  OCT   H29   hc   -0.006278 -0.006278 -0.006278  1.300000  1.324766
  158  OCT   H30   hc   -0.006278 -0.006278 -0.006278  1.300000  1.324766
  159  OCT   H31   hc   -0.050788 -0.050788 -0.050788  1.300000  1.324766
  160  OCT   H32   hc   -0.050788 -0.050788 -0.050788  1.300000  1.324766
  161  OCT   H33   ha    0.112507  0.112507  0.112507  1.300000  1.299821
  162  OCT   H34   ha    0.144014  0.144014  0.144014  1.300000  1.299821
  163  OCT   H35   ha    0.144014  0.144014  0.144014  1.300000  1.299821
  164  OCT   H36   ha    0.112507  0.112507  0.112507  1.300000  1.299821
  165  OCT   H37   ha    0.144014  0.144014  0.144014  1.300000  1.299821
  166  OCT   H38   ha    0.144014  0.144014  0.144014  1.300000  1.299821
  167  OCT   H39   ha    0.112507  0.112507  0.112507  1.300000  1.299821
  168  OCT   H40   ha    0.144014  0.144014  0.144014  1.300000  1.299821
  169  OCT   H41   ha    0.144014  0.144014  0.144014  1.300000  1.299821
  170  OCT   H42   ha    0.112507  0.112507  0.112507  1.300000  1.299821
  171  OCT   H43   ha    0.144014  0.144014  0.144014  1.300000  1.299821
  172  OCT   H44   ha    0.144014  0.144014  0.144014  1.300000  1.299821
  173  OCT   H45   ha    0.127588  0.127588  0.127588  1.300000  1.299821
  174  OCT   H46   ha    0.133583  0.133583  0.133583  1.300000  1.299821
  175  OCT   H47   ha    0.127588  0.127588  0.127588  1.300000  1.299821
  176  OCT   H48   ha    0.127588  0.127588  0.127588  1.300000  1.299821
  177  OCT   H49   ha    0.127588  0.127588  0.127588  1.300000  1.299821
  178  OCT   H50   ha    0.133583  0.133583  0.133583  1.300000  1.299821
  179  OCT   H51   ha    0.127588  0.127588  0.127588  1.300000  1.299821
  180  OCT   H52   ha    0.127588  0.127588  0.127588  1.300000  1.299821
  181  OCT   H53   ha    0.133583  0.133583  0.133583  1.300000  1.299821
  182  OCT   H54   ha    0.127588  0.127588  0.127588  1.300000  1.299821
  183  OCT   H55   ha    0.133583  0.133583  0.133583  1.300000  1.299821
  184  OCT   H56   ha    0.127588  0.127588  0.127588  1.300000  1.299821
  185  MOL   O1    o    -0.464493 -0.464493  0.225826  1.500000  1.479961
  186  MOL   O2    o    -0.464493 -0.464493  0.225826  1.500000  1.479961
  187  MOL   N1    no    0.690319  0.690319 -0.222640  1.550000  1.624999
  188  MOL   C1    ca    0.016027  0.016027  0.729901  1.700000  1.699835
  189  MOL   C2    ca   -0.117290  0.056621  0.026400  1.700000  1.699835
  190  MOL   C3    ca   -0.190393 -0.033066 -0.077461  1.700000  1.699835
  191  MOL   C4    ca   -0.046248 -0.046248  0.835049  1.700000  1.699835
  192  MOL   C5    ca   -0.197947 -0.060422 -0.031535  1.700000  1.699835
  193  MOL   C6    ca   -0.081019  0.061953 -0.044717  1.700000  1.699835
  194  MOL   C7    c     0.762723  0.762723 -0.802447  1.700000  1.699835
  195  MOL   O3    o    -0.759461 -0.759461  0.003262  1.500000  1.479961
  196  MOL   O4    o    -0.759461 -0.759461  0.003262  1.500000  1.479961
  197  MOL   H1    ha    0.173911  0.173911  0.173911  1.300000  1.299821
  198  MOL   H2    ha    0.157327  0.157327  0.157327  1.300000  1.299821
  199  MOL   H3    ha    0.137525  0.137525  0.137525  1.300000  1.299821
  200  MOL   H4    ha    0.142972  0.142972  0.142972  1.300000  1.299821

 total system charges (+/-) for PB       -9.0000       18.0171      -27.0171
 cavity_surften =        0.0050 cavity_offset =        0.0000

   SAS Surface: surface dots generated:    366

--------------------------------------------------------------------------------
   3.  ATOMIC COORDINATES AND VELOCITIES
--------------------------------------------------------------------------------

Cpptraj Generated Restart                                                       
 begin time read from input coords =     1.000 ps

 Number of triangulated 3-point waters found:        0

--------------------------------------------------------------------------------
   4.  RESULTS
--------------------------------------------------------------------------------

  NB-update: atom-based nb list    10728


======== Setting up Grid Parameters ========
Using bounding box for grid setup
 Bounding Box at level:           2
 Bounding Box Center:      19.500    21.000    20.500
 Xmin, Xmax, Xmax-Xmin:     9.729    29.474    19.745
 Ymin, Ymax, Ymax-Ymin:    11.641    30.218    18.577
 Zmin, Zmax, Zmax-Zmin:    10.624    30.399    19.775
 Grid dimension at level     2    57   55   59
 Grid origin corrected at level     2      5.000     7.000     5.500
 Bounding Box at level:           1
 Bounding Box Center:      19.500    21.000    20.500
 Xmin, Xmax, Xmax-Xmin:     9.729    29.474    19.745
 Ymin, Ymax, Ymax-Ymin:    11.641    30.218    18.577
 Zmin, Zmax, Zmax-Zmin:    10.624    30.399    19.775
 Grid dimension at level     1     9    9    9
 Grid origin corrected at level     1     -0.500     1.000     0.500
------- VMD goodie --------
#First Level Geometric Box
draw materials off
draw color green
draw line "   -0.500    1.000    0.500" "   35.500    1.000    0.500"
draw line "   -0.500    1.000    0.500" "   -0.500   37.000    0.500"
draw line "   -0.500    1.000    0.500" "   -0.500    1.000   36.500"
draw line "   35.500    1.000    0.500" "   35.500   37.000    0.500"
draw line "   35.500    1.000    0.500" "   35.500    1.000   36.500"
draw line "   -0.500   37.000    0.500" "   35.500   37.000    0.500"
draw line "   -0.500   37.000    0.500" "   -0.500   37.000   36.500"
draw line "   -0.500    1.000   36.500" "   35.500    1.000   36.500"
draw line "   -0.500    1.000   36.500" "   -0.500   37.000   36.500"
draw line "   35.500   37.000   36.500" "   35.500   37.000    0.500"
draw line "   35.500   37.000   36.500" "   -0.500   37.000   36.500"
draw line "   35.500   37.000   36.500" "   35.500    1.000   36.500"
#2nd Level Geometric Box
draw color blue
draw line "    5.000    7.000    5.500" "   34.000    7.000    5.500"
draw line "    5.000    7.000    5.500" "    5.000   35.000    5.500"
draw line "    5.000    7.000    5.500" "    5.000    7.000   35.500"
draw line "   34.000    7.000    5.500" "   34.000   35.000    5.500"
draw line "   34.000    7.000    5.500" "   34.000    7.000   35.500"
draw line "    5.000   35.000    5.500" "   34.000   35.000    5.500"
draw line "    5.000   35.000    5.500" "    5.000   35.000   35.500"
draw line "    5.000    7.000   35.500" "   34.000    7.000   35.500"
draw line "    5.000    7.000   35.500" "    5.000   35.000   35.500"
draw line "   34.000   35.000   35.500" "   34.000   35.000    5.500"
draw line "   34.000   35.000   35.500" "    5.000   35.000   35.500"
draw line "   34.000   35.000   35.500" "   34.000    7.000   35.500"
--- End VMD goodie --------

======== Setting up Solvent Accessibility Data ========
Setting up working radii
Number of SA srf points exposed  5875
 Number of SA arcs generated  4370
 Number of SA arc points exposed        4013 Number of trimer arc points exposed         398
 with resolution (A) = .250000E+00

Atomic solvent accessible surface area:
           1    0.3299530644918
           2    4.9492959673767
           3    0.3299530644918
           4    4.6193429028849
           5    3.9594367739014
           6    0.6599061289836
           7    6.0637888366174
           8    0.0000000000000
           9    0.0000000000000
          10    8.9513073302448
          11    3.6294837094096
          12    0.0000000000000
          13    0.0000000000000
          14    5.6092020963603
          15    0.6599061289836
          16    5.6092020963603
          17    8.9513073302448
          18    0.0000000000000
          19    0.0000000000000
          20    3.2995306449178
          21    0.0000000000000
          22    8.9513073302448
          23    8.0850517821566
          24    0.0000000000000
          25    0.0000000000000
          26    6.6412925353429
          27    2.6396245159342
          28    7.2589674188192
          29    4.6193429028849
          30    2.9695775804260
          31    3.6294837094096
          32    9.2400591796075
          33    6.0637888366174
          34    0.0000000000000
          35    0.0000000000000
          36    0.0000000000000
          37    0.0000000000000
          38    0.0000000000000
          39    0.3299530644918
          40    0.0000000000000
          41    0.0000000000000
          42    1.3198122579671
          43    7.2589674188192
          44   44.7565366512238
          45    0.0000000000000
          46    0.6599061289836
          47    6.5990612898356
          48   43.0240255550474
          49    0.0000000000000
          50    0.0000000000000
          51    7.2589674188192
          52   42.7352737056846
          53    0.0000000000000
          54    0.6599061289836
          55    6.5990612898356
          56   43.6015292537728
          57    2.3096714514425
          58    5.9391551608520
          59    1.3198122579671
          60    1.9797183869507
          61    0.9898591934753
          62    1.6497653224589
          63    0.9898591934753
          64    4.6193429028849
          65    2.9695775804260
          66    3.2995306449178
          67    1.9797183869507
          68    4.6193429028849
          69    1.6497653224589
          70    8.5787796767863
          71    2.6396245159342
          72    2.3096714514425
          73    1.3198122579671
          74    1.9797183869507
          75    3.2995306449178
          76    8.5787796767863
          77    4.2893898383931
          78    3.6294837094096
          79    4.2893898383931
          80    1.3198122579671
          81   10.6838184264212
          82    9.5288110289702
          83    8.0850517821566
          84    4.6200295898037
          85    9.5288110289702
          86    6.9300443847056
          87   10.9725702757839
          88    3.9594367739014
          89    4.9492959673767
          90    6.2691082253438
          91    5.9391551608520
          92    4.2893898383931
          93    3.9594367739014
          94   11.2613221251466
          95    4.6193429028849
          96    4.6193429028849
          97    6.5990612898356
          98    6.5990612898356
          99    4.2893898383931
         100    3.9594367739014
         101    3.2995306449178
         102    5.2792490318685
         103    5.9391551608520
         104    5.6092020963603
         105    4.2893898383931
         106    4.2893898383931
         107   10.5584980637370
         108   41.5802663082337
         109   10.2285449992452
         110   39.2702515133318
         111    7.2589674188192
         112   39.2702515133318
         113   31.1851997311753
         114   23.9664034971069
         115   28.0089293881852
         116    8.9087327412781
         117   40.4252589107828
         118   41.5802663082337
         119   41.0027626095082
         120   38.9814996639691
         121   41.8690181575964
         122   44.7565366512238
         123    3.6294837094096
         124    7.5889204833109
         125    3.9594367739014
         126    6.2691082253438
         127    3.6294837094096
         128    2.3096714514425
         129    0.0000000000000
         130    0.2502973819090
         131    6.2574345477239
         132    0.0000000000000
         133    0.0000000000000
         134    1.5017842914537
         135    7.0083266934508
         136    0.0000000000000
         137    6.0071371658150
         138    5.5065424019971
         139    0.0000000000000
         140    0.2502973819090
         141    0.2502973819090
         142    0.0000000000000
         143    6.7580293115418
         144    0.0000000000000
         145    0.5005947638179
         146   11.0130848039941
         147   18.5220062612628
         148    7.7592188391777
         149   10.2621926582673
         150    4.0047581105433
         151   18.2717088793539
         152   13.7663560049927
         153   11.5136795678120
         154    5.2562450200881
         155   14.2669507688106
         156   21.2752774622614
         157    0.0000000000000
         158   13.5160586230837
         159   20.5243853165345
         160   11.0130848039941
         161   16.7699245879001
         162    0.0000000000000
         163    0.0000000000000
         164   24.0285486632599
         165    1.2514869095448
         166    0.2502973819090
         167   26.0309277185316
         168    0.5005947638179
         169    0.0000000000000
         170   25.7806303366226
         171    1.5017842914537
         172    3.0035685829075
         173   19.5231957888987
         174    9.5113005125404
         175   15.5184376783554
         176   19.0226010250808
         177   14.7675455326285
         178    1.5017842914537
         179   20.2740879346255
         180   19.2728984069897
         181   12.5148690954479
         182   19.0226010250808
         183   12.5148690954479
         184   17.2705193517181
         185    2.3100147949019
         186    0.2887518493627
         187    0.0000000000000
         188    0.9898591934753
         189    3.9594367739014
         190    0.3299530644918
         191    2.9695775804260
         192    0.3299530644918
         193    2.9695775804260
         194    6.5990612898356
         195   24.2551553464697
         196   37.5377404171554
         197    2.0023790552717
         198    0.0000000000000
         199    0.0000000000000
         200    5.5065424019971

 ======== FDPB Summary ========

 Do FDPB every           1 steps
 Nonbonded Update
   residue cutoff is set to   99.9000000000000
   fdpb cutoff is set to    5.0000000000000
   sas cutoff is set to    9.0000000000000
   nonbonded cutoff is set to    0.0000000000000
 Grid Constants
   Grid dimension       9       9       9
   Grid spacing set to     4.000
   Grid boundary
        -0.500    39.500
         1.000    41.000
         0.500    40.500

 Dielectric Map
   Use cavity radii in the prmtop file

   Use probe-based SES definition
     Compute SAS/SAR every           1 steps
     Solvent probe radius   1.40000000000000
     Surface dots per atom     366
     Buried atom radii increment   0.79800000000000
     Threshhold for exposed atom   0.08000000000000
     Current SAS1660.81377163921502

 Boundary conditions
   sum of grid charges as independent DH spheres

 Physical constants
   Solute dielectric constant  :   1.00000000000000
   Solvent dielectric constant :   80.0000000000000
   Temperature (K)             :   300.000000000000
   Ionic strength (mM)         :   0.00000000000000
   Debye-Huckel parameter (1/A):   0.00000000000000

FD Solver Option
   Use Modified ICCG solver

 Iteration data
   Maximum iterations  :         100
   Convergence criteria:  1.000000000000000E-03
   Iterations required        :     6
   Norm of the constant vector:      3226.7976753114
   Norm of the residual vector:      0.8761977976317
   Convergence achieved       :  2.7153787928373119E-04

 Total molecular surface   1181.3801

 ======== FDPB Summary ========

 Do FDPB every           1 steps
 Nonbonded Update
   residue cutoff is set to   99.9000000000000
   fdpb cutoff is set to    5.0000000000000
   sas cutoff is set to    9.0000000000000
   nonbonded cutoff is set to    0.0000000000000
 Grid Constants
   Grid dimension      57      55      59
   Grid spacing set to     0.500
   Grid boundary
         5.000    34.000
         7.000    35.000
         5.500    35.500

 Dielectric Map
   Use cavity radii in the prmtop file

   Use probe-based SES definition
     Compute SAS/SAR every           1 steps
     Solvent probe radius   1.40000000000000
     Surface dots per atom     366
     Buried atom radii increment   0.79800000000000
     Threshhold for exposed atom   0.08000000000000
     Current SAS1660.81377163921502

 Boundary conditions
   sum of grid charges as independent DH spheres

 Physical constants
   Solute dielectric constant  :   1.00000000000000
   Solvent dielectric constant :   80.0000000000000
   Temperature (K)             :   300.000000000000
   Ionic strength (mM)         :   0.00000000000000
   Debye-Huckel parameter (1/A):   0.00000000000000

FD Solver Option
   Use Modified ICCG solver

 Iteration data
   Maximum iterations  :         100
   Convergence criteria:  1.000000000000000E-03
   Iterations required        :    27
   Norm of the constant vector:    301454.8970846305
   Norm of the residual vector:    273.3796406186461
   Convergence achieved       :  9.0686747258876836E-04

 Total surface charge       8.8862
 Reaction field energy  -1673.1803
 Nonpolar SAS/SAV   1660.8138      0.0000
 Cavity solvation energy      8.3041

 NSTEP =        1   TIME(PS) =       0.000  TEMP(K) =     0.00  PRESS =     0.0
 Etot   =      -855.4175  EKtot   =         0.0000  EPtot      =         0.0000
 BOND   =         0.0000  ANGLE   =         0.0000  DIHED      =         0.0000
 1-4 NB =         0.0000  1-4 EEL =         0.0000  VDWAALS    =       -63.0672
 EELEC  =       872.5259  EPB     =     -1673.1803  RESTRAINT  =         0.0000
 ECAVITY=         8.3041  EDISPER =         0.0000
 ------------------------------------------------------------------------------



  Maximum number of minimization cycles reached.


                    FINAL RESULTS


 NSTEP =        1   TIME(PS) =       0.000  TEMP(K) =     0.00  PRESS =     0.0
 Etot   =      -855.4175  EKtot   =         0.0000  EPtot      =         0.0000
 BOND   =         0.0000  ANGLE   =         0.0000  DIHED      =         0.0000
 1-4 NB =         0.0000  1-4 EEL =         0.0000  VDWAALS    =       -63.0672
 EELEC  =       872.5259  EPB     =     -1673.1803  RESTRAINT  =         0.0000
 ECAVITY=         8.3041  EDISPER =         0.0000
 ------------------------------------------------------------------------------


--------------------------------------------------------------------------------
   5.  TIMINGS
--------------------------------------------------------------------------------

| Total time                     0.30
| Read prm/crd time              0.01
| Force time                     0.29
| Nonbond force                  0.29
| PB Nonbond                     0.29
| PB NB list                     0.00
| PB FD grid                     0.00
| PB Sasa                        0.03
| PB FD force                    0.29
| PB Set linear sys              0.09
| PB Solver                      0.19
| PB Direct                      0.00
| PB SA srf                      0.00
| PB SA arc                      0.03
| PB SA arc setup                0.00
| PB circle                      0.02
| PB exclude                     0.01
| PB exmol                       0.09
| PB exmol setup                 0.01
| PB exmol part a                0.00
| PB exmol part b                0.01
| PB exmol part c                0.00
| PB exmol part e                0.00
| PB exmol part f                0.03
| PB epsbnd                      0.00
| PB epsmap                      0.00
|           Job began  at 20:55:56.458  on 08/29/2021
|           Setup done at 20:55:56.466  on 08/29/2021
|           Run   done at 20:55:56.758  on 08/29/2021
|     wallclock() was called     110 times
