
          -------------------------------------------------------
          PBSA VERSION 2019                       UC Irvine
          -------------------------------------------------------

| Run on 09/29/2021 at 22:28:42

File Assignments:
|  MDIN: ../../../scripts/pbsa.in                                              
| MDOUT: complex-pb.out                                                        
|INPCRD: complex.crd                                                           
|  PARM: complex.prmtop                                                        
|

 Here is the input file:

Sample single point PB calculation                                             
&cntrl                                                                         
ipb=1, inp=1                                                                   
/                                                                              
&pb                                                                            
npbverb=1, fillratio=1.5, saopt=1, radiopt=0, epsin=1.0, epsout=80             
/                                                                              
 PBSA Warning in pb_read(): sprob=0.557 is optimized for inp=2 and  should not be used with inp=1. It has been reset to 1.4.
 PBSA Warning in pb_read(): cavity_surften=0.0378 is optimized for inp=2  and should not be used with inp=1. It has been reset to 0.005000.
 PBSA Warning in pb_read(): cavity_offset=-0.5692 is optimized for inp=2  and should not be used with inp=1. It has been reset to 0.000.

--------------------------------------------------------------------------------
   1.  RESOURCE   USE: 
--------------------------------------------------------------------------------

| Flags:                                                                        
| New format PARM file being parsed.
| Version =    1.000 Date = 09/29/21 Time = 22:19:36
 NATOM  =     202 NTYPES =      11 NBONH =      78 MBONA  =     151
 NTHETH =     198 MTHETA =     251 NPHIH =     353 MPHIA  =     576
 NHPARM =       0 NPARM  =       0 NNB   =    1371 NRES   =       2
 NBONA  =     151 NTHETA =     251 NPHIA =     576 NUMBND =      17
 NUMANG =      35 NPTRA  =      21 NATYP =      18 NPHB   =       0
 IFBOX  =       1 NMXRS  =     144 IFCAP =       0 NEXTRA =       0
 NCOPY  =       0


|     Memory Use     Allocated
|     Real                7596
|     Hollerith            610
|     Integer            30804
|     Max Pairs              1
|     Max Rstack             1
|     Max Istack             1
|       Total              182 kbytes

     BOX TYPE: RECTILINEAR

--------------------------------------------------------------------------------
   2.  CONTROL  DATA  FOR  THE  RUN
--------------------------------------------------------------------------------

HST1                                                                            

General flags:
     imin    =       1, nmropt  =       0

Nature and format of input:
     ntx     =       1, irest   =       0, ntrx    =       1

Nature and format of output:
     ntxo    =       1, ntpr    =      50, ntrx    =       1, ntwr    =     500
     iwrap   =       0, ntwx    =       0, ntwv    =       0, ntwe    =       0
     ioutfm  =       0, ntwprt  =       0, idecomp =       0, rbornstat=      0

Potential function:
     ntf     =       1, ntb     =       1, ipb     =       1, nsnb    =      25
     ipol    =       0, gbsa    =       0, iesp    =       0
     dielc   =   1.00000, cut     =   8.00000, intdiel =   1.00000

Frozen or restrained atoms:
     ibelly  =       0, ntr     =       0

Energy minimization:
     maxcyc  =       1, ncyc    =      10, ntmin   =       1
     dx0     =   0.01000, drms    =   0.00010

======== Implicit Solvent Initialization ========

     Max Nonbonded Pairs:    20402    20402

 no. of atoms processed in PB initialization:   202
  NUM  RESI  NAME  TYPE    CHARGE ATM CRG/H   GRP CRG   PB RADI   NP RADI
    1  HST   O1    o    -0.582429 -0.582429  0.221474  1.500000  1.479961
    2  HST   C1    c     0.803903  0.803903 -0.794120  1.700000  1.699835
    3  HST   N1    n    -0.507797 -0.507797  1.089821  1.550000  1.624999
    4  HST   C2    c3    0.235003  0.324106 -0.367382  1.700000  1.699835
    5  HST   C3    c3    0.293003  0.469609 -0.545985  1.700000  1.699835
    6  HST   N2    n    -0.507797 -0.507797  1.089821  1.550000  1.624999
    7  HST   C4    c3    0.235003  0.324106 -0.367382  1.700000  1.699835
    8  HST   C5    c     0.803903  0.803903 -0.793688  1.700000  1.699835
    9  HST   O2    o    -0.581997 -0.581997  0.221906  1.500000  1.479961
   10  HST   N3    n    -0.507797 -0.507797  1.089821  1.550000  1.624999
   11  HST   C6    c3    0.235003  0.324106 -0.367382  1.700000  1.699835
   12  HST   C7    c3    0.293003  0.469609 -0.545985  1.700000  1.699835
   13  HST   N4    n    -0.507797 -0.507797  1.089821  1.550000  1.624999
   14  HST   C8    c3    0.235003  0.324106 -0.367382  1.700000  1.699835
   15  HST   C9    c     0.803903  0.803903 -0.793688  1.700000  1.699835
   16  HST   O3    o    -0.581997 -0.581997  0.221906  1.500000  1.479961
   17  HST   N5    n    -0.507797 -0.507797  1.089821  1.550000  1.624999
   18  HST   C10   c3    0.235003  0.324106 -0.367382  1.700000  1.699835
   19  HST   C11   c3    0.293003  0.469609 -0.545985  1.700000  1.699835
   20  HST   N6    n    -0.507797 -0.507797  1.089821  1.550000  1.624999
   21  HST   C12   c3    0.235003  0.324106 -0.367382  1.700000  1.699835
   22  HST   C13   c     0.803903  0.803903 -0.793688  1.700000  1.699835
   23  HST   O4    o    -0.581997 -0.581997  0.221906  1.500000  1.479961
   24  HST   N7    n    -0.507797 -0.507797  1.089821  1.550000  1.624999
   25  HST   C14   c3    0.235003  0.324106 -0.367382  1.700000  1.699835
   26  HST   C15   c3    0.293003  0.469609 -0.545985  1.700000  1.699835
   27  HST   N8    n    -0.507797 -0.507797  1.089821  1.550000  1.624999
   28  HST   C16   c3    0.235003  0.324106 -0.367382  1.700000  1.699835
   29  HST   C17   c     0.803903  0.803903 -0.793688  1.700000  1.699835
   30  HST   O5    o    -0.581997 -0.581997  0.221906  1.500000  1.479961
   31  HST   N9    n    -0.507797 -0.507797  1.089821  1.550000  1.624999
   32  HST   C18   c3    0.235003  0.324106 -0.367382  1.700000  1.699835
   33  HST   C19   c3    0.293003  0.469609 -0.545985  1.700000  1.699835
   34  HST   N10   n    -0.507797 -0.507797  1.089821  1.550000  1.624999
   35  HST   C20   c3    0.235003  0.324106 -0.367382  1.700000  1.699835
   36  HST   C21   c     0.803903  0.803903 -0.793688  1.700000  1.699835
   37  HST   O6    o    -0.581997 -0.581997  0.221906  1.500000  1.479961
   38  HST   N11   n    -0.507797 -0.507797  1.089821  1.550000  1.624999
   39  HST   C22   c3    0.235003  0.324106 -0.367382  1.700000  1.699835
   40  HST   C23   c3    0.293003  0.469609 -0.545985  1.700000  1.699835
   41  HST   N12   n    -0.507797 -0.507797  1.089821  1.550000  1.624999
   42  HST   C24   c3    0.235003  0.324106 -0.367382  1.700000  1.699835
   43  HST   C25   c     0.803903  0.803903 -0.793688  1.700000  1.699835
   44  HST   O7    o    -0.581997 -0.581997  0.221906  1.500000  1.479961
   45  HST   N13   n    -0.507797 -0.507797  1.089821  1.550000  1.624999
   46  HST   C26   c3    0.235003  0.324106 -0.367382  1.700000  1.699835
   47  HST   C27   c3    0.293003  0.469609 -0.545985  1.700000  1.699835
   48  HST   N14   n    -0.507797 -0.507797  1.089821  1.550000  1.624999
   49  HST   C28   c3    0.235003  0.324106 -0.367382  1.700000  1.699835
   50  HST   C29   c     0.803903  0.803903 -0.793688  1.700000  1.699835
   51  HST   O8    o    -0.581997 -0.581997  0.221906  1.500000  1.479961
   52  HST   N15   n    -0.507797 -0.507797  1.089821  1.550000  1.624999
   53  HST   C30   c3    0.293003  0.469609 -0.545985  1.700000  1.699835
   54  HST   C31   c3    0.235003  0.324106 -0.367382  1.700000  1.699835
   55  HST   N16   n    -0.507797 -0.507797  1.089821  1.550000  1.624999
   56  HST   C32   c3    0.235003  0.324106 -0.367382  1.700000  1.699835
   57  HST   N17   n    -0.507797 -0.507797  1.089821  1.550000  1.624999
   58  HST   C33   c3    0.293003  0.469609 -0.545985  1.700000  1.699835
   59  HST   C34   c     0.803903  0.803903 -0.793688  1.700000  1.699835
   60  HST   O9    o    -0.581997 -0.581997  0.221906  1.500000  1.479961
   61  HST   N18   n    -0.507797 -0.507797  1.089821  1.550000  1.624999
   62  HST   C35   c3    0.293003  0.469609 -0.545985  1.700000  1.699835
   63  HST   N19   n    -0.507797 -0.507797  1.089821  1.550000  1.624999
   64  HST   C36   c     0.803903  0.803903 -0.793688  1.700000  1.699835
   65  HST   O10   o    -0.581997 -0.581997  0.221906  1.500000  1.479961
   66  HST   N20   n    -0.507797 -0.507797  1.089821  1.550000  1.624999
   67  HST   C37   c3    0.293003  0.469609 -0.545985  1.700000  1.699835
   68  HST   N21   n    -0.507797 -0.507797  1.089821  1.550000  1.624999
   69  HST   C38   c     0.803903  0.803903 -0.793688  1.700000  1.699835
   70  HST   O11   o    -0.581997 -0.581997  0.221906  1.500000  1.479961
   71  HST   N22   n    -0.507797 -0.507797  1.089821  1.550000  1.624999
   72  HST   C39   c3    0.293003  0.469609 -0.545985  1.700000  1.699835
   73  HST   N23   n    -0.507797 -0.507797  1.089821  1.550000  1.624999
   74  HST   C40   c     0.803903  0.803903 -0.793688  1.700000  1.699835
   75  HST   O12   o    -0.581997 -0.581997  0.221906  1.500000  1.479961
   76  HST   N24   n    -0.507797 -0.507797  1.089821  1.550000  1.624999
   77  HST   C41   c3    0.293003  0.469609 -0.545985  1.700000  1.699835
   78  HST   N25   n    -0.507797 -0.507797  1.089821  1.550000  1.624999
   79  HST   C42   c     0.803903  0.803903 -0.793688  1.700000  1.699835
   80  HST   O13   o    -0.581997 -0.581997  0.221906  1.500000  1.479961
   81  HST   N26   n    -0.507797 -0.507797  1.089821  1.550000  1.624999
   82  HST   C43   c3    0.293003  0.469609 -0.545985  1.700000  1.699835
   83  HST   N27   n    -0.507797 -0.507797  1.089821  1.550000  1.624999
   84  HST   C44   c     0.803903  0.803903 -0.793688  1.700000  1.699835
   85  HST   O14   o    -0.581997 -0.581997  0.221906  1.500000  1.479961
   86  HST   N28   n    -0.507797 -0.507797  1.089821  1.550000  1.624999
   87  HST   C45   c3    0.293003  0.469609 -0.545985  1.700000  1.699835
   88  HST   N29   n    -0.507797 -0.507797  1.089821  1.550000  1.624999
   89  HST   C46   c     0.803903  0.803903 -0.793688  1.700000  1.699835
   90  HST   O15   o    -0.581997 -0.581997  0.221906  1.500000  1.479961
   91  HST   N30   n    -0.507797 -0.507797  1.089821  1.550000  1.624999
   92  HST   C47   c3    0.293003  0.469609 -0.545985  1.700000  1.699835
   93  HST   N31   n    -0.507797 -0.507797  1.089821  1.550000  1.624999
   94  HST   C48   c     0.803903  0.803903 -0.793688  1.700000  1.699835
   95  HST   N32   n    -0.507797 -0.507797  1.089821  1.550000  1.624999
   96  HST   O16   o    -0.581997 -0.581997  0.221906  1.500000  1.479961
   97  HST   H1    h2    0.089103  0.089103  0.089103  1.300000  1.146587
   98  HST   H2    h2    0.088303  0.088303  0.088303  1.300000  1.146587
   99  HST   H3    h2    0.088303  0.088303  0.088303  1.300000  1.146587
  100  HST   H4    h2    0.089103  0.089103  0.089103  1.300000  1.146587
  101  HST   H5    h2    0.089103  0.089103  0.089103  1.300000  1.146587
  102  HST   H6    h2    0.088303  0.088303  0.088303  1.300000  1.146587
  103  HST   H7    h2    0.088303  0.088303  0.088303  1.300000  1.146587
  104  HST   H8    h2    0.089103  0.089103  0.089103  1.300000  1.146587
  105  HST   H9    h2    0.089103  0.089103  0.089103  1.300000  1.146587
  106  HST   H10   h2    0.088303  0.088303  0.088303  1.300000  1.146587
  107  HST   H11   h2    0.088303  0.088303  0.088303  1.300000  1.146587
  108  HST   H12   h2    0.089103  0.089103  0.089103  1.300000  1.146587
  109  HST   H13   h2    0.089103  0.089103  0.089103  1.300000  1.146587
  110  HST   H14   h2    0.088303  0.088303  0.088303  1.300000  1.146587
  111  HST   H15   h2    0.088303  0.088303  0.088303  1.300000  1.146587
  112  HST   H16   h2    0.089103  0.089103  0.089103  1.300000  1.146587
  113  HST   H17   h2    0.089103  0.089103  0.089103  1.300000  1.146587
  114  HST   H18   h2    0.088303  0.088303  0.088303  1.300000  1.146587
  115  HST   H19   h2    0.088303  0.088303  0.088303  1.300000  1.146587
  116  HST   H20   h2    0.089103  0.089103  0.089103  1.300000  1.146587
  117  HST   H21   h2    0.089103  0.089103  0.089103  1.300000  1.146587
  118  HST   H22   h2    0.088303  0.088303  0.088303  1.300000  1.146587
  119  HST   H23   h2    0.088303  0.088303  0.088303  1.300000  1.146587
  120  HST   H24   h2    0.089103  0.089103  0.089103  1.300000  1.146587
  121  HST   H25   h2    0.089103  0.089103  0.089103  1.300000  1.146587
  122  HST   H26   h2    0.088303  0.088303  0.088303  1.300000  1.146587
  123  HST   H27   h2    0.088303  0.088303  0.088303  1.300000  1.146587
  124  HST   H28   h2    0.089103  0.089103  0.089103  1.300000  1.146587
  125  HST   H29   h2    0.088303  0.088303  0.088303  1.300000  1.146587
  126  HST   H30   h2    0.088303  0.088303  0.088303  1.300000  1.146587
  127  HST   H31   h2    0.089103  0.089103  0.089103  1.300000  1.146587
  128  HST   H32   h2    0.089103  0.089103  0.089103  1.300000  1.146587
  129  HST   H33   h2    0.088303  0.088303  0.088303  1.300000  1.146587
  130  HST   H34   h2    0.088303  0.088303  0.088303  1.300000  1.146587
  131  HST   H35   h2    0.088303  0.088303  0.088303  1.300000  1.146587
  132  HST   H36   h2    0.088303  0.088303  0.088303  1.300000  1.146587
  133  HST   H37   h2    0.088303  0.088303  0.088303  1.300000  1.146587
  134  HST   H38   h2    0.088303  0.088303  0.088303  1.300000  1.146587
  135  HST   H39   h2    0.088303  0.088303  0.088303  1.300000  1.146587
  136  HST   H40   h2    0.088303  0.088303  0.088303  1.300000  1.146587
  137  HST   H41   h2    0.088303  0.088303  0.088303  1.300000  1.146587
  138  HST   H42   h2    0.088303  0.088303  0.088303  1.300000  1.146587
  139  HST   H43   h2    0.088303  0.088303  0.088303  1.300000  1.146587
  140  HST   H44   h2    0.088303  0.088303  0.088303  1.300000  1.146587
  141  HST   H45   h2    0.088303  0.088303  0.088303  1.300000  1.146587
  142  HST   H46   h2    0.088303  0.088303  0.088303  1.300000  1.146587
  143  HST   H47   h2    0.088303  0.088303  0.088303  1.300000  1.146587
  144  HST   H48   h2    0.088303  0.088303  0.088303  1.300000  1.146587
  145  GST   C1    ca   -0.083700  0.076600  0.165000  1.700000  1.699835
  146  GST   C2    ca   -0.115200  0.044200  0.148500  1.700000  1.699835
  147  GST   C3    ca   -0.115200  0.044200  0.148500  1.700000  1.699835
  148  GST   C4    ca   -0.108800  0.027700 -0.104100  1.700000  1.699835
  149  GST   C5    ca   -0.108800  0.027700 -0.104100  1.700000  1.699835
  150  GST   C6    ca   -0.080500  0.085900 -0.018000  1.700000  1.699835
  151  GST   C7    ca   -0.141200  0.013200  0.073700  1.700000  1.699835
  152  GST   C8    ca   -0.186300 -0.186300  0.428900  1.700000  1.699835
  153  GST   C9    ca   -0.063300 -0.063300 -0.147700  1.700000  1.699835
  154  GST   C10   ca   -0.176000 -0.176000  0.261000  1.700000  1.699835
  155  GST   C11   ca    0.082400  0.082400 -0.024900  1.700000  1.699835
  156  GST   C12   ca    0.123800  0.123800 -0.104400  1.700000  1.699835
  157  GST   C13   c     0.592600  0.592600 -0.217900  1.700000  1.699835
  158  GST   C14   c3   -0.032900  0.088700 -0.076700  1.700000  1.699835
  159  GST   C15   c3   -0.106000  0.064200  0.379500  1.700000  1.699835
  160  GST   C16   c3   -0.106000  0.064200  0.379500  1.700000  1.699835
  161  GST   C17   c3    0.110900  0.314700  0.136300  1.700000  1.699835
  162  GST   C18   c3    0.110900  0.314700  0.136300  1.700000  1.699835
  163  GST   C19   c3   -0.177200 -0.102100  0.643900  1.700000  1.699835
  164  GST   C20   c3   -0.080600  0.000600  0.193700  1.700000  1.699835
  165  GST   C21   c3    0.110600  0.260300 -0.056700  1.700000  1.699835
  166  GST   C22   c3    0.114800  0.261200 -0.062600  1.700000  1.699835
  167  GST   C23   c3    0.175200  0.381600 -0.037000  1.700000  1.699835
  168  GST   C24   c3   -0.065300  0.064700 -0.036800  1.700000  1.699835
  169  GST   N1    n4   -0.687800 -0.242600  0.768400  1.550000  1.624999
  170  GST   O1    o    -0.522100 -0.522100  0.070500  1.500000  1.479961
  171  GST   O2    os   -0.317000 -0.317000  0.025700  1.500000  1.500006
  172  GST   O3    os   -0.323800 -0.323800  0.061200  1.500000  1.500006
  173  GST   H1    ha    0.160300  0.160300  0.160300  1.300000  1.299821
  174  GST   H2    ha    0.159400  0.159400  0.159400  1.300000  1.299821
  175  GST   H3    ha    0.159400  0.159400  0.159400  1.300000  1.299821
  176  GST   H4    ha    0.136500  0.136500  0.136500  1.300000  1.299821
  177  GST   H5    ha    0.136500  0.136500  0.136500  1.300000  1.299821
  178  GST   H6    ha    0.166400  0.166400  0.166400  1.300000  1.299821
  179  GST   H7    ha    0.154400  0.154400  0.154400  1.300000  1.299821
  180  GST   H8    hc    0.060800  0.060800  0.060800  1.300000  1.324766
  181  GST   H9    hc    0.060800  0.060800  0.060800  1.300000  1.324766
  182  GST   H10   hc    0.085100  0.085100  0.085100  1.300000  1.324766
  183  GST   H11   hc    0.085100  0.085100  0.085100  1.300000  1.324766
  184  GST   H12   hc    0.085100  0.085100  0.085100  1.300000  1.324766
  185  GST   H13   hc    0.085100  0.085100  0.085100  1.300000  1.324766
  186  GST   H14   hx    0.101900  0.101900  0.101900  1.300000  0.979989
  187  GST   H15   hx    0.101900  0.101900  0.101900  1.300000  0.979989
  188  GST   H16   hx    0.101900  0.101900  0.101900  1.300000  0.979989
  189  GST   H17   hx    0.101900  0.101900  0.101900  1.300000  0.979989
  190  GST   H18   hc    0.075100  0.075100  0.075100  1.300000  1.324766
  191  GST   H19   hc    0.081200  0.081200  0.081200  1.300000  1.324766
  192  GST   H20   h1    0.049900  0.049900  0.049900  1.300000  1.235677
  193  GST   H21   h1    0.049900  0.049900  0.049900  1.300000  1.235677
  194  GST   H22   h1    0.049900  0.049900  0.049900  1.300000  1.235677
  195  GST   H23   h1    0.048800  0.048800  0.048800  1.300000  1.235677
  196  GST   H24   h1    0.048800  0.048800  0.048800  1.300000  1.235677
  197  GST   H25   h1    0.048800  0.048800  0.048800  1.300000  1.235677
  198  GST   H26   hx    0.103200  0.103200  0.103200  1.300000  0.979989
  199  GST   H27   hx    0.103200  0.103200  0.103200  1.300000  0.979989
  200  GST   H28   hc    0.065000  0.065000  0.065000  1.300000  1.324766
  201  GST   H29   hc    0.065000  0.065000  0.065000  1.300000  1.324766
  202  GST   H30   hn    0.445200  0.445200  0.445200  1.300000  0.534539

 total system charges (+/-) for PB        1.0000       30.1596      -29.1596
 cavity_surften =        0.0050 cavity_offset =        0.0000

   SAS Surface: surface dots generated:    366

--------------------------------------------------------------------------------
   3.  ATOMIC COORDINATES AND VELOCITIES
--------------------------------------------------------------------------------

Cpptraj Generated Restart                                                       
 begin time read from input coords =     0.000 ps

 Number of triangulated 3-point waters found:        0

--------------------------------------------------------------------------------
   4.  RESULTS
--------------------------------------------------------------------------------

  NB-update: atom-based nb list    11685


======== Setting up Grid Parameters ========
Using bounding box for grid setup
 Bounding Box at level:           2
 Bounding Box Center:      23.000    23.000    23.000
 Xmin, Xmax, Xmax-Xmin:    13.560    32.565    19.005
 Ymin, Ymax, Ymax-Ymin:    14.146    31.905    17.759
 Zmin, Zmax, Zmax-Zmin:    15.397    30.686    15.289
 Grid dimension at level     2    57   55   49
 Grid origin corrected at level     2      8.500     9.000    10.500
 Bounding Box at level:           1
 Bounding Box Center:      23.000    23.000    23.000
 Xmin, Xmax, Xmax-Xmin:    13.560    32.565    19.005
 Ymin, Ymax, Ymax-Ymin:    14.146    31.905    17.759
 Zmin, Zmax, Zmax-Zmin:    15.397    30.686    15.289
PB Warn in setgrd(): focusing grid too large    2
 fillratio is automatically increased to 2.500
 Grid dimension at level     1    13   13   11
 Grid origin corrected at level     1     -5.000    -5.000    -1.000
------- VMD goodie --------
#First Level Geometric Box
draw materials off
draw color green
draw line "   -5.000   -5.000   -1.000" "   47.000   -5.000   -1.000"
draw line "   -5.000   -5.000   -1.000" "   -5.000   47.000   -1.000"
draw line "   -5.000   -5.000   -1.000" "   -5.000   -5.000   43.000"
draw line "   47.000   -5.000   -1.000" "   47.000   47.000   -1.000"
draw line "   47.000   -5.000   -1.000" "   47.000   -5.000   43.000"
draw line "   -5.000   47.000   -1.000" "   47.000   47.000   -1.000"
draw line "   -5.000   47.000   -1.000" "   -5.000   47.000   43.000"
draw line "   -5.000   -5.000   43.000" "   47.000   -5.000   43.000"
draw line "   -5.000   -5.000   43.000" "   -5.000   47.000   43.000"
draw line "   47.000   47.000   43.000" "   47.000   47.000   -1.000"
draw line "   47.000   47.000   43.000" "   -5.000   47.000   43.000"
draw line "   47.000   47.000   43.000" "   47.000   -5.000   43.000"
#2nd Level Geometric Box
draw color blue
draw line "    8.500    9.000   10.500" "   37.500    9.000   10.500"
draw line "    8.500    9.000   10.500" "    8.500   37.000   10.500"
draw line "    8.500    9.000   10.500" "    8.500    9.000   35.500"
draw line "   37.500    9.000   10.500" "   37.500   37.000   10.500"
draw line "   37.500    9.000   10.500" "   37.500    9.000   35.500"
draw line "    8.500   37.000   10.500" "   37.500   37.000   10.500"
draw line "    8.500   37.000   10.500" "    8.500   37.000   35.500"
draw line "    8.500    9.000   35.500" "   37.500    9.000   35.500"
draw line "    8.500    9.000   35.500" "    8.500   37.000   35.500"
draw line "   37.500   37.000   35.500" "   37.500   37.000   10.500"
draw line "   37.500   37.000   35.500" "    8.500   37.000   35.500"
draw line "   37.500   37.000   35.500" "   37.500    9.000   35.500"
--- End VMD goodie --------

======== Setting up Solvent Accessibility Data ========
Setting up working radii
Number of SA srf points exposed  4929
 Number of SA arcs generated  4629
 Number of SA arc points exposed        3378 Number of trimer arc points exposed         446
 with resolution (A) = .250000E+00

Atomic solvent accessible surface area:
           1   14.7263443174994
           2    3.2995306449178
           3    0.0000000000000
           4    0.0000000000000
           5    0.6599061289836
           6    0.0000000000000
           7    0.0000000000000
           8    3.6294837094096
           9   10.1063147276957
          10    0.0000000000000
          11    0.0000000000000
          12    1.3198122579671
          13    0.2987946455504
          14    0.0000000000000
          15    2.9695775804260
          16    6.6412925353429
          17    0.0000000000000
          18    0.0000000000000
          19    1.6497653224589
          20    0.2987946455504
          21    0.0000000000000
          22    2.9695775804260
          23    0.2887518493627
          24    0.0000000000000
          25    0.0000000000000
          26    0.3299530644918
          27    0.0000000000000
          28    0.0000000000000
          29    1.3198122579671
          30    0.0000000000000
          31    0.0000000000000
          32    0.0000000000000
          33    0.6599061289836
          34    0.0000000000000
          35    0.0000000000000
          36    3.6294837094096
          37   10.9725702757839
          38    0.0000000000000
          39    0.0000000000000
          40    1.3198122579671
          41    0.0000000000000
          42    0.0000000000000
          43    2.9695775804260
          44   18.7688702085777
          45    0.2987946455504
          46    0.0000000000000
          47    1.6497653224589
          48    0.2987946455504
          49    0.0000000000000
          50    3.9594367739014
          51   17.0363591124013
          52    0.0000000000000
          53    0.6599061289836
          54    0.0000000000000
          55    0.0000000000000
          56    0.0000000000000
          57    0.0000000000000
          58    1.6497653224589
          59    3.2995306449178
          60    8.3738036315193
          61    0.0000000000000
          62    0.3299530644918
          63    0.0000000000000
          64    2.9695775804260
          65   12.1275776732348
          66    0.0000000000000
          67    0.9898591934753
          68    0.0000000000000
          69    3.9594367739014
          70   16.1701035643131
          71    0.0000000000000
          72    0.9898591934753
          73    0.0000000000000
          74    2.9695775804260
          75   12.4163295225976
          76    0.0000000000000
          77    0.6599061289836
          78    0.0000000000000
          79    3.2995306449178
          80    7.2187962340683
          81    0.0000000000000
          82    0.9898591934753
          83    0.0000000000000
          84    3.2995306449178
          85    8.9513073302448
          86    0.0000000000000
          87    0.6599061289836
          88    0.0000000000000
          89    2.9695775804260
          90   11.8388258238721
          91    0.2987946455504
          92    0.9898591934753
          93    0.2987946455504
          94    3.6294837094096
          95    0.2987946455504
          96    8.3738036315193
          97   14.7675455326285
          98    9.7615978944493
          99   19.5231957888987
         100   15.2681402964464
         101   16.5196272059912
         102   13.2657612411747
         103   17.7711141155360
         104   15.7687350602643
         105   15.5184376783554
         106   10.7627874220852
         107   18.0214114974449
         108   15.7687350602643
         109   15.7687350602643
         110   14.0166533869016
         111    0.0000000000000
         112   16.0190324421733
         113   15.0178429145374
         114   18.7723036431718
         115    2.5029738190896
         116   15.7687350602643
         117   15.0178429145374
         118   18.2717088793539
         119   12.0142743316300
         120   15.5184376783554
         121   16.5196272059912
         122   17.7711141155360
         123   13.0154638592658
         124   16.7699245879001
         125   10.7627874220852
         126   18.5220062612628
         127   15.7687350602643
         128   15.0178429145374
         129   18.0214114974449
         130   11.5136795678120
         131   19.0226010250808
         132    8.5101109849045
         133   18.5220062612628
         134   11.2633821859031
         135   18.2717088793539
         136   12.5148690954479
         137   11.2633821859031
         138   18.2717088793539
         139   10.7627874220852
         140   18.7723036431718
         141   12.0142743316300
         142   18.0214114974449
         143   12.5148690954479
         144   18.0214114974449
         145    5.9391551608520
         146    5.9391551608520
         147    5.6092020963603
         148    5.2792490318685
         149    5.9391551608520
         150    0.0000000000000
         151    0.0000000000000
         152    0.0000000000000
         153    0.0000000000000
         154    2.9695775804260
         155    0.6599061289836
         156    0.0000000000000
         157    0.3299530644918
         158    0.0000000000000
         159    0.0000000000000
         160    0.0000000000000
         161    0.3299530644918
         162    0.0000000000000
         163    0.0000000000000
         164    0.0000000000000
         165    2.9695775804260
         166    3.2995306449178
         167    0.9898591934753
         168    0.0000000000000
         169    0.0000000000000
         170    0.0000000000000
         171    6.3525406859801
         172    5.7750369872547
         173   30.7865779748018
         174   23.0273591356241
         175   26.0309277185316
         176   12.7651664773568
         177   17.0202219698091
         178    0.0000000000000
         179    0.0000000000000
         180    0.0000000000000
         181    0.0000000000000
         182    4.2550554924523
         183    0.0000000000000
         184    0.0000000000000
         185    0.2502973819090
         186   16.7699245879001
         187   16.5196272059912
         188    9.5113005125404
         189    0.0000000000000
         190    0.5005947638179
         191    5.5065424019971
         192   34.7913360853451
         193    9.5113005125404
         194    4.2550554924523
         195   31.0368753567107
         196    2.0023790552717
         197   20.2740879346255
         198   15.2681402964464
         199   15.2681402964464
         200    0.0000000000000
         201    0.0000000000000
         202    0.0000000000000

 ======== FDPB Summary ========

 Do FDPB every           1 steps
 Nonbonded Update
   residue cutoff is set to   99.9000000000000
   fdpb cutoff is set to    5.0000000000000
   sas cutoff is set to    9.0000000000000
   nonbonded cutoff is set to    0.0000000000000
 Grid Constants
   Grid dimension      13      13      11
   Grid spacing set to     4.000
   Grid boundary
        -5.000    51.000
        -5.000    51.000
        -1.000    47.000

 Dielectric Map
   Use cavity radii in the prmtop file

   Use probe-based SES definition
     Compute SAS/SAR every           1 steps
     Solvent probe radius   1.40000000000000
     Surface dots per atom     366
     Buried atom radii increment   0.79800000000000
     Threshhold for exposed atom   0.08000000000000
     Current SAS1283.32094257837934

 Boundary conditions
   sum of grid charges as independent DH spheres

 Physical constants
   Solute dielectric constant  :   1.00000000000000
   Solvent dielectric constant :   80.0000000000000
   Temperature (K)             :   300.000000000000
   Ionic strength (mM)         :   0.00000000000000
   Debye-Huckel parameter (1/A):   0.00000000000000

FD Solver Option
   Use Modified ICCG solver

 Iteration data
   Maximum iterations  :         100
   Convergence criteria:  1.000000000000000E-03
   Iterations required        :     7
   Norm of the constant vector:       807.4649090242
   Norm of the residual vector:      0.6135531681025
   Convergence achieved       :  7.5985118516662354E-04

 Total molecular surface    990.4576

 ======== FDPB Summary ========

 Do FDPB every           1 steps
 Nonbonded Update
   residue cutoff is set to   99.9000000000000
   fdpb cutoff is set to    5.0000000000000
   sas cutoff is set to    9.0000000000000
   nonbonded cutoff is set to    0.0000000000000
 Grid Constants
   Grid dimension      57      55      49
   Grid spacing set to     0.500
   Grid boundary
         8.500    37.500
         9.000    37.000
        10.500    35.500

 Dielectric Map
   Use cavity radii in the prmtop file

   Use probe-based SES definition
     Compute SAS/SAR every           1 steps
     Solvent probe radius   1.40000000000000
     Surface dots per atom     366
     Buried atom radii increment   0.79800000000000
     Threshhold for exposed atom   0.08000000000000
     Current SAS1283.32094257837934

 Boundary conditions
   sum of grid charges as independent DH spheres

 Physical constants
   Solute dielectric constant  :   1.00000000000000
   Solvent dielectric constant :   80.0000000000000
   Temperature (K)             :   300.000000000000
   Ionic strength (mM)         :   0.00000000000000
   Debye-Huckel parameter (1/A):   0.00000000000000

FD Solver Option
   Use Modified ICCG solver

 Iteration data
   Maximum iterations  :         100
   Convergence criteria:  1.000000000000000E-03
   Iterations required        :    23
   Norm of the constant vector:    236494.0747260351
   Norm of the residual vector:    215.1342976271901
   Convergence achieved       :  9.0968155492441368E-04

 Total surface charge      -0.9887
 Reaction field energy   -159.1673
 Nonpolar SAS/SAV   1283.3209      0.0000
 Cavity solvation energy      6.4166

 NSTEP =        1   TIME(PS) =       0.000  TEMP(K) =     0.00  PRESS =     0.0
 Etot   =      1468.4377  EKtot   =         0.0000  EPtot      =         0.0000
 BOND   =         0.0000  ANGLE   =         0.0000  DIHED      =         0.0000
 1-4 NB =         0.0000  1-4 EEL =         0.0000  VDWAALS    =       -64.0496
 EELEC  =      1685.2380  EPB     =      -159.1673  RESTRAINT  =         0.0000
 ECAVITY=         6.4166  EDISPER =         0.0000
 ------------------------------------------------------------------------------



  Maximum number of minimization cycles reached.


                    FINAL RESULTS


 NSTEP =        1   TIME(PS) =       0.000  TEMP(K) =     0.00  PRESS =     0.0
 Etot   =      1468.4377  EKtot   =         0.0000  EPtot      =         0.0000
 BOND   =         0.0000  ANGLE   =         0.0000  DIHED      =         0.0000
 1-4 NB =         0.0000  1-4 EEL =         0.0000  VDWAALS    =       -64.0496
 EELEC  =      1685.2380  EPB     =      -159.1673  RESTRAINT  =         0.0000
 ECAVITY=         6.4166  EDISPER =         0.0000
 ------------------------------------------------------------------------------


--------------------------------------------------------------------------------
   5.  TIMINGS
--------------------------------------------------------------------------------

| Total time                     0.27
| Read prm/crd time              0.01
| Force time                     0.26
| Nonbond force                  0.26
| PB Nonbond                     0.26
| PB NB list                     0.00
| PB FD grid                     0.00
| PB Sasa                        0.04
| PB FD force                    0.26
| PB Set linear sys              0.10
| PB Solver                      0.16
| PB Direct                      0.00
| PB SA srf                      0.00
| PB SA arc                      0.04
| PB SA arc setup                0.00
| PB circle                      0.03
| PB exclude                     0.01
| PB exmol                       0.09
| PB exmol setup                 0.01
| PB exmol part a                0.00
| PB exmol part b                0.01
| PB exmol part c                0.00
| PB exmol part e                0.01
| PB exmol part f                0.03
| PB epsbnd                      0.00
| PB epsmap                      0.00
|           Job began  at 22:28:42.774  on 09/29/2021
|           Setup done at 22:28:42.780  on 09/29/2021
|           Run   done at 22:28:43.041  on 09/29/2021
|     wallclock() was called     110 times
