
          -------------------------------------------------------
          GBNSR6 2015                       
          -------------------------------------------------------

| Run on 09/29/2021 at 22:25:28

File Assignments:
|  MDIN: ../../../scripts/gbnsr6.in                                            
| MDOUT: guest-gb.out                                                          
|INPCRD: guest.crd                                                             
|  PARM: guest.prmtop                                                          
|

 Here is the input file:

compute                                                                        
&cntrl                                                                         
inp=1                                                                          
/                                                                              
&gb                                                                            
epsin=1.0, epsout=80, istrng=0, space=0.5,                                     
arcres=0.2, B=0.028, alpb=1, rbornstat=0, cavity_surften=0.005                 
/                                                                              

--------------------------------------------------------------------------------
   1.  RESOURCE   USE: 
--------------------------------------------------------------------------------

| Flags:                                                                        
| New format PARM file being parsed.
| Version =    1.000 Date = 09/29/21 Time = 22:19:36
 NATOM  =      58 NTYPES =      10 NBONH =      30 MBONA  =      31
 NTHETH =      70 MTHETA =      43 NPHIH =     121 MPHIA  =      80
 NHPARM =       0 NPARM  =       0 NNB   =     338 NRES   =       1
 NBONA  =      31 NTHETA =      43 NPHIA =      80 NUMBND =      14
 NUMANG =      26 NPTRA  =      17 NATYP =      18 NPHB   =       0
 IFBOX  =       1 NMXRS  =      58 IFCAP =       0 NEXTRA =       0
 NCOPY  =       0


|     Memory Use     Allocated
|     Real                2196
|     Hollerith            351
|     Integer            20688
|     Max Pairs              1
|     Max Rstack             1
|     Max Istack             1
|       Total               99 kbytes

| Note: 1-4 EEL scale factors are being read from the topology file.

     BOX TYPE: RECTILINEAR

--------------------------------------------------------------------------------
   2.  ATOMIC COORDINATES AND VELOCITIES
--------------------------------------------------------------------------------

Cpptraj Generated Restart                                                       
 begin time read from input coords =     0.000 ps

 Number of triangulated 3-point waters found:        0

--------------------------------------------------------------------------------
   3.  RESULTS
--------------------------------------------------------------------------------

 Cavity solvation energy      3.5237

 NSTEP =        1   TIME(PS) =       0.000  TEMP(K) =     0.00  PRESS =     0.0
 Etot   =         9.2574  EKtot   =         0.0000  EPtot      =         0.0000
 BOND   =         0.0000  ANGLE   =         0.0000  DIHED      =         0.0000
 1-4 NB =         0.0000  1-4 EEL =        49.2525  VDWAALS    =         0.0000
 EELEC  =        15.8391  EGB     =       -59.3579  RESTRAINT  =         0.0000
 ESURF  =         3.5237
 ------------------------------------------------------------------------------



  Maximum number of minimization cycles reached.


                    FINAL RESULTS


 NSTEP =        1   TIME(PS) =       0.000  TEMP(K) =     0.00  PRESS =     0.0
 Etot   =         9.2574  EKtot   =         0.0000  EPtot      =         0.0000
 BOND   =         0.0000  ANGLE   =         0.0000  DIHED      =         0.0000
 1-4 NB =         0.0000  1-4 EEL =        49.2525  VDWAALS    =         0.0000
 EELEC  =        15.8391  EGB     =       -59.3579  RESTRAINT  =         0.0000
 ESURF  =         3.5237
 ------------------------------------------------------------------------------

|           Job began  at 22:25:28.209  on 09/29/2021
|           Setup done at 22:25:28.212  on 09/29/2021
|           Run   done at 22:25:28.241  on 09/29/2021
|     wallclock() was called      72 times
