
          -------------------------------------------------------
          GBNSR6 2015                       
          -------------------------------------------------------

| Run on 11/06/2021 at 09:46:51
  [-O]verwriting output

File Assignments:
|  MDIN: ../scripts/gbnsr6.in                                                  
| MDOUT: host-gb-radii.out                                                     
|INPCRD: host.crd                                                              
|  PARM: host.prmtop                                                           
|

 Here is the input file:

compute                                                                        
&cntrl                                                                         
inp=1                                                                          
/                                                                              
&gb                                                                            
epsin=1.0, epsout=80, istrng=0, space=0.5,                                     
arcres=0.2, B=0.028, alpb=1, rbornstat=0, rbornstat=1, cavity_surften=0.005    
/                                                                              

--------------------------------------------------------------------------------
   1.  RESOURCE   USE: 
--------------------------------------------------------------------------------

| Flags:                                                                        
| New format PARM file being parsed.
| Version =    1.000 Date = 08/29/21 Time = 13:30:01
 NATOM  =     126 NTYPES =       6 NBONH =      60 MBONA  =      72
 NTHETH =     138 MTHETA =     108 NPHIH =     252 MPHIA  =     216
 NHPARM =       0 NPARM  =       0 NNB   =     762 NRES   =       6
 NBONA  =      72 NTHETA =     108 NPHIA =     216 NUMBND =       6
 NUMANG =      12 NPTRA  =      20 NATYP =      16 NPHB   =       0
 IFBOX  =       1 NMXRS  =      21 IFCAP =       0 NEXTRA =       0
 NCOPY  =       0


|     Memory Use     Allocated
|     Real                4721
|     Hollerith            764
|     Integer            23829
|     Max Pairs              1
|     Max Rstack             1
|     Max Istack             1
|       Total              132 kbytes

| Note: 1-4 EEL scale factors are being read from the topology file.

     BOX TYPE: RECTILINEAR

--------------------------------------------------------------------------------
   2.  ATOMIC COORDINATES AND VELOCITIES
--------------------------------------------------------------------------------

Cpptraj Generated Restart                                                       
 begin time read from input coords =   551.000 ps

 Number of triangulated 3-point waters found:        0

--------------------------------------------------------------------------------
   3.  RESULTS
--------------------------------------------------------------------------------

Print:    Atom number      Inverse Effective Born Radii
rinv           1            0.37460563
rinv           2            0.58523671
rinv           3            0.34861311
rinv           4            0.39511234
rinv           5            0.59693155
rinv           6            0.56150351
rinv           7            0.77623597
rinv           8            0.37761289
rinv           9            0.54673984
rinv          10            0.54723241
rinv          11            0.86341743
rinv          12            0.33779764
rinv          13            0.51808326
rinv          14            0.33742079
rinv          15            0.47240421
rinv          16            0.44926177
rinv          17            0.42537640
rinv          18            0.52273945
rinv          19            0.60995889
rinv          20            0.55860588
rinv          21            0.94478601
rinv          22            0.36459090
rinv          23            0.57028436
rinv          24            0.36293315
rinv          25            0.39593242
rinv          26            0.59405218
rinv          27            0.56256564
rinv          28            0.71051508
rinv          29            0.37296158
rinv          30            0.56106771
rinv          31            0.54093348
rinv          32            0.83833286
rinv          33            0.33480731
rinv          34            0.52364116
rinv          35            0.33257788
rinv          36            0.47739725
rinv          37            0.43417802
rinv          38            0.41735191
rinv          39            0.49319766
rinv          40            0.59541276
rinv          41            0.56952934
rinv          42            0.77535052
rinv          43            0.36448548
rinv          44            0.55740597
rinv          45            0.36562090
rinv          46            0.39750391
rinv          47            0.61391494
rinv          48            0.53959210
rinv          49            0.51435795
rinv          50            0.37534789
rinv          51            0.55091290
rinv          52            0.54437802
rinv          53            0.87140750
rinv          54            0.33358479
rinv          55            0.51666330
rinv          56            0.34289403
rinv          57            0.50564902
rinv          58            0.44862041
rinv          59            0.43104233
rinv          60            0.51090762
rinv          61            0.61474789
rinv          62            0.55915741
rinv          63            0.91269382
rinv          64            0.36523089
rinv          65            0.57125596
rinv          66            0.36474555
rinv          67            0.39492907
rinv          68            0.59332319
rinv          69            0.55870164
rinv          70            0.77933101
rinv          71            0.37723092
rinv          72            0.56064348
rinv          73            0.53851761
rinv          74            0.92201807
rinv          75            0.33141710
rinv          76            0.50282388
rinv          77            0.33587909
rinv          78            0.49045656
rinv          79            0.43556733
rinv          80            0.42972846
rinv          81            0.54534684
rinv          82            0.60093545
rinv          83            0.57102620
rinv          84            0.94278996
rinv          85            0.36932182
rinv          86            0.57932670
rinv          87            0.35991534
rinv          88            0.39539667
rinv          89            0.59999044
rinv          90            0.54597511
rinv          91            0.54873148
rinv          92            0.37811999
rinv          93            0.55592973
rinv          94            0.55697258
rinv          95            0.92332833
rinv          96            0.33512449
rinv          97            0.51140533
rinv          98            0.34029011
rinv          99            0.49216921
rinv         100            0.44784889
rinv         101            0.42463891
rinv         102            0.48672304
rinv         103            0.62728307
rinv         104            0.56822113
rinv         105            0.88248574
rinv         106            0.36912524
rinv         107            0.57133385
rinv         108            0.38076279
rinv         109            0.39621205
rinv         110            0.60513016
rinv         111            0.55118187
rinv         112            0.77662225
rinv         113            0.36795750
rinv         114            0.54865456
rinv         115            0.53460768
rinv         116            0.83820981
rinv         117            0.33155460
rinv         118            0.49995752
rinv         119            0.34127909
rinv         120            0.50173268
rinv         121            0.42678948
rinv         122            0.43702530
rinv         123            0.53903239
rinv         124            0.62142221
rinv         125            0.57070269
rinv         126            0.86188866

 Cavity solvation energy      5.1000

 NSTEP =        1   TIME(PS) =       0.000  TEMP(K) =     0.00  PRESS =     0.0
 Etot   =       -99.2225  EKtot   =         0.0000  EPtot      =         0.0000
 BOND   =         0.0000  ANGLE   =         0.0000  DIHED      =         0.0000
 1-4 NB =         0.0000  1-4 EEL =       424.6890  VDWAALS    =         0.0000
 EELEC  =      -434.4537  EGB     =       -94.5577  RESTRAINT  =         0.0000
 ESURF  =         5.1000
 ------------------------------------------------------------------------------



  Maximum number of minimization cycles reached.


                    FINAL RESULTS


 NSTEP =        1   TIME(PS) =       0.000  TEMP(K) =     0.00  PRESS =     0.0
 Etot   =       -99.2225  EKtot   =         0.0000  EPtot      =         0.0000
 BOND   =         0.0000  ANGLE   =         0.0000  DIHED      =         0.0000
 1-4 NB =         0.0000  1-4 EEL =       424.6890  VDWAALS    =         0.0000
 EELEC  =      -434.4537  EGB     =       -94.5577  RESTRAINT  =         0.0000
 ESURF  =         5.1000
 ------------------------------------------------------------------------------

|           Job began  at 09:46:51.929  on 11/06/2021
|           Setup done at 09:46:51.932  on 11/06/2021
|           Run   done at 09:46:51.985  on 11/06/2021
|     wallclock() was called      72 times
