
          -------------------------------------------------------
          PBSA VERSION 2019                       UC Irvine
          -------------------------------------------------------

| Run on 08/29/2021 at 20:53:16

File Assignments:
|  MDIN: ../pbsa-script/mdin.in                                                
| MDOUT: complex-pb.out                                                        
|INPCRD: complex.crd                                                           
|  PARM: complex.prmtop                                                        
|

 Here is the input file:

Sample single point PB calculation                                             
&cntrl                                                                         
ipb=1, inp=1                                                                   
/                                                                              
&pb                                                                            
npbverb=1, fillratio=1.5, saopt=1, radiopt=0, epsin=1.0, epsout=80             
/                                                                              
 PBSA Warning in pb_read(): sprob=0.557 is optimized for inp=2 and  should not be used with inp=1. It has been reset to 1.4.
 PBSA Warning in pb_read(): cavity_surften=0.0378 is optimized for inp=2  and should not be used with inp=1. It has been reset to 0.005000.
 PBSA Warning in pb_read(): cavity_offset=-0.5692 is optimized for inp=2  and should not be used with inp=1. It has been reset to 0.000.

--------------------------------------------------------------------------------
   1.  RESOURCE   USE: 
--------------------------------------------------------------------------------

| Flags:                                                                        
| New format PARM file being parsed.
| Version =    1.000 Date = 08/29/21 Time = 13:42:29
 NATOM  =     163 NTYPES =       9 NBONH =      79 MBONA  =      90
 NTHETH =     182 MTHETA =     132 NPHIH =     329 MPHIA  =     259
 NHPARM =       0 NPARM  =       0 NNB   =     965 NRES   =       8
 NBONA  =      90 NTHETA =     132 NPHIA =     259 NUMBND =      10
 NUMANG =      19 NPTRA  =      28 NATYP =      14 NPHB   =       0
 IFBOX  =       1 NMXRS  =      21 IFCAP =       0 NEXTRA =       0
 NCOPY  =       0


|     Memory Use     Allocated
|     Real                6090
|     Hollerith            499
|     Integer            27377
|     Max Pairs              1
|     Max Rstack             1
|     Max Istack             1
|       Total              156 kbytes

     BOX TYPE: RECTILINEAR

--------------------------------------------------------------------------------
   2.  CONTROL  DATA  FOR  THE  RUN
--------------------------------------------------------------------------------

default_name                                                                    

General flags:
     imin    =       1, nmropt  =       0

Nature and format of input:
     ntx     =       1, irest   =       0, ntrx    =       1

Nature and format of output:
     ntxo    =       1, ntpr    =      50, ntrx    =       1, ntwr    =     500
     iwrap   =       0, ntwx    =       0, ntwv    =       0, ntwe    =       0
     ioutfm  =       0, ntwprt  =       0, idecomp =       0, rbornstat=      0

Potential function:
     ntf     =       1, ntb     =       1, ipb     =       1, nsnb    =      25
     ipol    =       0, gbsa    =       0, iesp    =       0
     dielc   =   1.00000, cut     =   8.00000, intdiel =   1.00000

Frozen or restrained atoms:
     ibelly  =       0, ntr     =       0

Energy minimization:
     maxcyc  =       1, ncyc    =      10, ntmin   =       1
     dx0     =   0.01000, drms    =   0.00010

======== Implicit Solvent Initialization ========

     Max Nonbonded Pairs:    13285    13285

 no. of atoms processed in PB initialization:   163
  NUM  RESI  NAME  TYPE    CHARGE ATM CRG/H   GRP CRG   PB RADI   NP RADI
    1  MGO   C1    CG    0.042700  0.203700 -0.283400  1.700000  1.699835
    2  MGO   H1    H2    0.161000  0.000000  0.000000  1.300000  1.146587
    3  MGO   O1    OS   -0.322900 -0.322900  0.080400  1.500000  1.500006
    4  MGO   C2    CG    0.137600  0.202600  0.508600  1.700000  1.699835
    5  MGO   H2    H1    0.065000  0.000000  0.000000  1.300000  1.235677
    6  MGO   O2    OH   -0.634600 -0.198000  0.004600  1.500000  1.533237
    7  MGO   HO2   HO    0.436600  0.000000  0.000000  0.800000  0.000000
    8  MGO   C3    CG    0.122400  0.300300  0.504500  1.700000  1.699835
    9  MGO   H3    H1    0.177900  0.000000  0.000000  1.300000  1.235677
   10  MGO   O3    OH   -0.620000 -0.198000  0.102300  1.500000  1.533237
   11  MGO   HO3   HO    0.422000  0.000000  0.000000  0.800000  0.000000
   12  MGO   C4    CG    0.040100  0.199600  0.311900  1.700000  1.699835
   13  MGO   H4    H1    0.159500  0.000000  0.000000  1.300000  1.235677
   14  MGO   C5    CG    0.019300  0.134900  0.210300  1.700000  1.699835
   15  MGO   H5    H1    0.115600  0.000000  0.000000  1.300000  1.235677
   16  MGO   O5    OS   -0.366800 -0.366800 -0.028200  1.500000  1.500006
   17  MGO   C6    CG    0.191800  0.242600  0.179500  1.700000  1.699835
   18  MGO   H61   H1    0.025400  0.000000  0.000000  1.300000  1.235677
   19  MGO   H62   H1    0.025400  0.000000  0.000000  1.300000  1.235677
   20  MGO   O6    OH   -0.607700 -0.198000  0.044600  1.500000  1.533237
   21  MGO   HO6   HO    0.409700  0.000000  0.000000  0.800000  0.000000
   22  MGO   C1    CG    0.042700  0.203700 -0.283400  1.700000  1.699835
   23  MGO   H1    H2    0.161000  0.000000  0.000000  1.300000  1.146587
   24  MGO   O1    OS   -0.322900 -0.322900  0.080400  1.500000  1.500006
   25  MGO   C2    CG    0.137600  0.202600  0.508600  1.700000  1.699835
   26  MGO   H2    H1    0.065000  0.000000  0.000000  1.300000  1.235677
   27  MGO   O2    OH   -0.634600 -0.198000  0.004600  1.500000  1.533237
   28  MGO   HO2   HO    0.436600  0.000000  0.000000  0.800000  0.000000
   29  MGO   C3    CG    0.122400  0.300300  0.504500  1.700000  1.699835
   30  MGO   H3    H1    0.177900  0.000000  0.000000  1.300000  1.235677
   31  MGO   O3    OH   -0.620000 -0.198000  0.102300  1.500000  1.533237
   32  MGO   HO3   HO    0.422000  0.000000  0.000000  0.800000  0.000000
   33  MGO   C4    CG    0.040100  0.199600  0.311900  1.700000  1.699835
   34  MGO   H4    H1    0.159500  0.000000  0.000000  1.300000  1.235677
   35  MGO   C5    CG    0.019300  0.134900  0.210300  1.700000  1.699835
   36  MGO   H5    H1    0.115600  0.000000  0.000000  1.300000  1.235677
   37  MGO   O5    OS   -0.366800 -0.366800 -0.028200  1.500000  1.500006
   38  MGO   C6    CG    0.191800  0.242600  0.179500  1.700000  1.699835
   39  MGO   H61   H1    0.025400  0.000000  0.000000  1.300000  1.235677
   40  MGO   H62   H1    0.025400  0.000000  0.000000  1.300000  1.235677
   41  MGO   O6    OH   -0.607700 -0.198000  0.044600  1.500000  1.533237
   42  MGO   HO6   HO    0.409700  0.000000  0.000000  0.800000  0.000000
   43  MGO   C1    CG    0.042700  0.203700 -0.283400  1.700000  1.699835
   44  MGO   H1    H2    0.161000  0.000000  0.000000  1.300000  1.146587
   45  MGO   O1    OS   -0.322900 -0.322900  0.080400  1.500000  1.500006
   46  MGO   C2    CG    0.137600  0.202600  0.508600  1.700000  1.699835
   47  MGO   H2    H1    0.065000  0.000000  0.000000  1.300000  1.235677
   48  MGO   O2    OH   -0.634600 -0.198000  0.004600  1.500000  1.533237
   49  MGO   HO2   HO    0.436600  0.000000  0.000000  0.800000  0.000000
   50  MGO   C3    CG    0.122400  0.300300  0.504500  1.700000  1.699835
   51  MGO   H3    H1    0.177900  0.000000  0.000000  1.300000  1.235677
   52  MGO   O3    OH   -0.620000 -0.198000  0.102300  1.500000  1.533237
   53  MGO   HO3   HO    0.422000  0.000000  0.000000  0.800000  0.000000
   54  MGO   C4    CG    0.040100  0.199600  0.311900  1.700000  1.699835
   55  MGO   H4    H1    0.159500  0.000000  0.000000  1.300000  1.235677
   56  MGO   C5    CG    0.019300  0.134900  0.210300  1.700000  1.699835
   57  MGO   H5    H1    0.115600  0.000000  0.000000  1.300000  1.235677
   58  MGO   O5    OS   -0.366800 -0.366800 -0.028200  1.500000  1.500006
   59  MGO   C6    CG    0.191800  0.242600  0.179500  1.700000  1.699835
   60  MGO   H61   H1    0.025400  0.000000  0.000000  1.300000  1.235677
   61  MGO   H62   H1    0.025400  0.000000  0.000000  1.300000  1.235677
   62  MGO   O6    OH   -0.607700 -0.198000  0.044600  1.500000  1.533237
   63  MGO   HO6   HO    0.409700  0.000000  0.000000  0.800000  0.000000
   64  MGO   C1    CG    0.042700  0.203700 -0.283400  1.700000  1.699835
   65  MGO   H1    H2    0.161000  0.000000  0.000000  1.300000  1.146587
   66  MGO   O1    OS   -0.322900 -0.322900  0.080400  1.500000  1.500006
   67  MGO   C2    CG    0.137600  0.202600  0.508600  1.700000  1.699835
   68  MGO   H2    H1    0.065000  0.000000  0.000000  1.300000  1.235677
   69  MGO   O2    OH   -0.634600 -0.198000  0.004600  1.500000  1.533237
   70  MGO   HO2   HO    0.436600  0.000000  0.000000  0.800000  0.000000
   71  MGO   C3    CG    0.122400  0.300300  0.504500  1.700000  1.699835
   72  MGO   H3    H1    0.177900  0.000000  0.000000  1.300000  1.235677
   73  MGO   O3    OH   -0.620000 -0.198000  0.102300  1.500000  1.533237
   74  MGO   HO3   HO    0.422000  0.000000  0.000000  0.800000  0.000000
   75  MGO   C4    CG    0.040100  0.199600  0.311900  1.700000  1.699835
   76  MGO   H4    H1    0.159500  0.000000  0.000000  1.300000  1.235677
   77  MGO   C5    CG    0.019300  0.134900  0.210300  1.700000  1.699835
   78  MGO   H5    H1    0.115600  0.000000  0.000000  1.300000  1.235677
   79  MGO   O5    OS   -0.366800 -0.366800 -0.028200  1.500000  1.500006
   80  MGO   C6    CG    0.191800  0.242600  0.179500  1.700000  1.699835
   81  MGO   H61   H1    0.025400  0.000000  0.000000  1.300000  1.235677
   82  MGO   H62   H1    0.025400  0.000000  0.000000  1.300000  1.235677
   83  MGO   O6    OH   -0.607700 -0.198000  0.044600  1.500000  1.533237
   84  MGO   HO6   HO    0.409700  0.000000  0.000000  0.800000  0.000000
   85  MGO   C1    CG    0.042700  0.203700 -0.283400  1.700000  1.699835
   86  MGO   H1    H2    0.161000  0.000000  0.000000  1.300000  1.146587
   87  MGO   O1    OS   -0.322900 -0.322900  0.080400  1.500000  1.500006
   88  MGO   C2    CG    0.137600  0.202600  0.508600  1.700000  1.699835
   89  MGO   H2    H1    0.065000  0.000000  0.000000  1.300000  1.235677
   90  MGO   O2    OH   -0.634600 -0.198000  0.004600  1.500000  1.533237
   91  MGO   HO2   HO    0.436600  0.000000  0.000000  0.800000  0.000000
   92  MGO   C3    CG    0.122400  0.300300  0.504500  1.700000  1.699835
   93  MGO   H3    H1    0.177900  0.000000  0.000000  1.300000  1.235677
   94  MGO   O3    OH   -0.620000 -0.198000  0.102300  1.500000  1.533237
   95  MGO   HO3   HO    0.422000  0.000000  0.000000  0.800000  0.000000
   96  MGO   C4    CG    0.040100  0.199600  0.311900  1.700000  1.699835
   97  MGO   H4    H1    0.159500  0.000000  0.000000  1.300000  1.235677
   98  MGO   C5    CG    0.019300  0.134900  0.210300  1.700000  1.699835
   99  MGO   H5    H1    0.115600  0.000000  0.000000  1.300000  1.235677
  100  MGO   O5    OS   -0.366800 -0.366800 -0.028200  1.500000  1.500006
  101  MGO   C6    CG    0.191800  0.242600  0.179500  1.700000  1.699835
  102  MGO   H61   H1    0.025400  0.000000  0.000000  1.300000  1.235677
  103  MGO   H62   H1    0.025400  0.000000  0.000000  1.300000  1.235677
  104  MGO   O6    OH   -0.607700 -0.198000  0.044600  1.500000  1.533237
  105  MGO   HO6   HO    0.409700  0.000000  0.000000  0.800000  0.000000
  106  MGO   C1    CG    0.042700  0.203700 -0.283400  1.700000  1.699835
  107  MGO   H1    H2    0.161000  0.000000  0.000000  1.300000  1.146587
  108  MGO   O1    OS   -0.322900 -0.322900  0.080400  1.500000  1.500006
  109  MGO   C2    CG    0.137600  0.202600  0.508600  1.700000  1.699835
  110  MGO   H2    H1    0.065000  0.000000  0.000000  1.300000  1.235677
  111  MGO   O2    OH   -0.634600 -0.198000  0.004600  1.500000  1.533237
  112  MGO   HO2   HO    0.436600  0.000000  0.000000  0.800000  0.000000
  113  MGO   C3    CG    0.122400  0.300300  0.504500  1.700000  1.699835
  114  MGO   H3    H1    0.177900  0.000000  0.000000  1.300000  1.235677
  115  MGO   O3    OH   -0.620000 -0.198000  0.102300  1.500000  1.533237
  116  MGO   HO3   HO    0.422000  0.000000  0.000000  0.800000  0.000000
  117  MGO   C4    CG    0.040100  0.199600  0.311900  1.700000  1.699835
  118  MGO   H4    H1    0.159500  0.000000  0.000000  1.300000  1.235677
  119  MGO   C5    CG    0.019300  0.134900  0.210300  1.700000  1.699835
  120  MGO   H5    H1    0.115600  0.000000  0.000000  1.300000  1.235677
  121  MGO   O5    OS   -0.366800 -0.366800 -0.028200  1.500000  1.500006
  122  MGO   C6    CG    0.191800  0.242600  0.179500  1.700000  1.699835
  123  MGO   H61   H1    0.025400  0.000000  0.000000  1.300000  1.235677
  124  MGO   H62   H1    0.025400  0.000000  0.000000  1.300000  1.235677
  125  MGO   O6    OH   -0.607700 -0.198000  0.044600  1.500000  1.533237
  126  MGO   HO6   HO    0.409700  0.000000  0.000000  0.800000  0.000000
  127  MGO   C1    CG    0.042700  0.203700 -0.283400  1.700000  1.699835
  128  MGO   H1    H2    0.161000  0.000000  0.000000  1.300000  1.146587
  129  MGO   O1    OS   -0.322900 -0.322900  0.080400  1.500000  1.500006
  130  MGO   C2    CG    0.137600  0.202600  0.508600  1.700000  1.699835
  131  MGO   H2    H1    0.065000  0.000000  0.000000  1.300000  1.235677
  132  MGO   O2    OH   -0.634600 -0.198000  0.004600  1.500000  1.533237
  133  MGO   HO2   HO    0.436600  0.000000  0.000000  0.800000  0.000000
  134  MGO   C3    CG    0.122400  0.300300  0.504500  1.700000  1.699835
  135  MGO   H3    H1    0.177900  0.000000  0.000000  1.300000  1.235677
  136  MGO   O3    OH   -0.620000 -0.198000  0.102300  1.500000  1.533237
  137  MGO   HO3   HO    0.422000  0.000000  0.000000  0.800000  0.000000
  138  MGO   C4    CG    0.040100  0.199600  0.311900  1.700000  1.699835
  139  MGO   H4    H1    0.159500  0.000000  0.000000  1.300000  1.235677
  140  MGO   C5    CG    0.019300  0.134900  0.210300  1.700000  1.699835
  141  MGO   H5    H1    0.115600  0.000000  0.000000  1.300000  1.235677
  142  MGO   O5    OS   -0.366800 -0.366800 -0.028200  1.500000  1.500006
  143  MGO   C6    CG    0.191800  0.242600  0.179500  1.700000  1.699835
  144  MGO   H61   H1    0.025400  0.000000  0.000000  1.300000  1.235677
  145  MGO   H62   H1    0.025400  0.000000  0.000000  1.300000  1.235677
  146  MGO   O6    OH   -0.607700 -0.198000  0.044600  1.500000  1.533237
  147  MGO   HO6   HO    0.409700  0.000000  0.000000  0.800000  0.000000
  148  MOL   C1    c     0.854600  0.854600 -0.960300  1.700000  1.699835
  149  MOL   O1    o    -0.836800 -0.836800  0.017800  1.500000  1.479961
  150  MOL   O2    o    -0.836800 -0.836800  0.017800  1.500000  1.479961
  151  MOL   C2    c3   -0.090500 -0.141300  0.760800  1.700000  1.699835
  152  MOL   H1    hc   -0.025400 -0.025400 -0.025400  1.300000  1.324766
  153  MOL   H2    hc   -0.025400 -0.025400 -0.025400  1.300000  1.324766
  154  MOL   C3    c3    0.056300  0.047500 -0.101000  1.700000  1.699835
  155  MOL   H3    hc   -0.004400 -0.004400 -0.004400  1.300000  1.324766
  156  MOL   H4    hc   -0.004400 -0.004400 -0.004400  1.300000  1.324766
  157  MOL   C4    c3    0.038400 -0.007200 -0.039700  1.700000  1.699835
  158  MOL   H5    hc   -0.022800 -0.022800 -0.022800  1.300000  1.324766
  159  MOL   H6    hc   -0.022800 -0.022800 -0.022800  1.300000  1.324766
  160  MOL   C5    c3   -0.084800 -0.080000 -0.087200  1.700000  1.699835
  161  MOL   H7    hc    0.001600  0.001600  0.001600  1.300000  1.324766
  162  MOL   H8    hc    0.001600  0.001600  0.001600  1.300000  1.324766
  163  MOL   H9    hc    0.001600  0.001600  0.001600  1.300000  1.324766

 total system charges (+/-) for PB       -1.0000       18.8181      -19.8181
 cavity_surften =        0.0050 cavity_offset =        0.0000

   SAS Surface: surface dots generated:    366

--------------------------------------------------------------------------------
   3.  ATOMIC COORDINATES AND VELOCITIES
--------------------------------------------------------------------------------

Cpptraj Generated Restart                                                       
 begin time read from input coords =   551.000 ps

 Number of triangulated 3-point waters found:        0

--------------------------------------------------------------------------------
   4.  RESULTS
--------------------------------------------------------------------------------

  NB-update: atom-based nb list     8044


======== Setting up Grid Parameters ========
Using bounding box for grid setup
 Bounding Box at level:           2
 Bounding Box Center:      18.000    18.000    17.500
 Xmin, Xmax, Xmax-Xmin:     9.184    26.338    17.153
 Ymin, Ymax, Ymax-Ymin:     9.440    26.749    17.309
 Zmin, Zmax, Zmax-Zmin:    12.653    21.974     9.320
 Grid dimension at level     2    53   53   37
 Grid origin corrected at level     2      4.500     4.500     8.000
 Bounding Box at level:           1
 Bounding Box Center:      18.000    18.000    17.500
 Xmin, Xmax, Xmax-Xmin:     9.184    26.338    17.153
 Ymin, Ymax, Ymax-Ymin:     9.440    26.749    17.309
 Zmin, Zmax, Zmax-Zmin:    12.653    21.974     9.320
PB Warn in setgrd(): focusing grid too large    2
 fillratio is automatically increased to 2.500
 Grid dimension at level     1    13   13    7
 Grid origin corrected at level     1    -10.000   -10.000     1.500
------- VMD goodie --------
#First Level Geometric Box
draw materials off
draw color green
draw line "  -10.000  -10.000    1.500" "   42.000  -10.000    1.500"
draw line "  -10.000  -10.000    1.500" "  -10.000   42.000    1.500"
draw line "  -10.000  -10.000    1.500" "  -10.000  -10.000   29.500"
draw line "   42.000  -10.000    1.500" "   42.000   42.000    1.500"
draw line "   42.000  -10.000    1.500" "   42.000  -10.000   29.500"
draw line "  -10.000   42.000    1.500" "   42.000   42.000    1.500"
draw line "  -10.000   42.000    1.500" "  -10.000   42.000   29.500"
draw line "  -10.000  -10.000   29.500" "   42.000  -10.000   29.500"
draw line "  -10.000  -10.000   29.500" "  -10.000   42.000   29.500"
draw line "   42.000   42.000   29.500" "   42.000   42.000    1.500"
draw line "   42.000   42.000   29.500" "  -10.000   42.000   29.500"
draw line "   42.000   42.000   29.500" "   42.000  -10.000   29.500"
#2nd Level Geometric Box
draw color blue
draw line "    4.500    4.500    8.000" "   31.500    4.500    8.000"
draw line "    4.500    4.500    8.000" "    4.500   31.500    8.000"
draw line "    4.500    4.500    8.000" "    4.500    4.500   27.000"
draw line "   31.500    4.500    8.000" "   31.500   31.500    8.000"
draw line "   31.500    4.500    8.000" "   31.500    4.500   27.000"
draw line "    4.500   31.500    8.000" "   31.500   31.500    8.000"
draw line "    4.500   31.500    8.000" "    4.500   31.500   27.000"
draw line "    4.500    4.500   27.000" "   31.500    4.500   27.000"
draw line "    4.500    4.500   27.000" "    4.500   31.500   27.000"
draw line "   31.500   31.500   27.000" "   31.500   31.500    8.000"
draw line "   31.500   31.500   27.000" "    4.500   31.500   27.000"
draw line "   31.500   31.500   27.000" "   31.500    4.500   27.000"
--- End VMD goodie --------

======== Setting up Solvent Accessibility Data ========
Setting up working radii
Number of SA srf points exposed  4392
 Number of SA arcs generated  3513
 Number of SA arc points exposed        2488 Number of trimer arc points exposed         222
 with resolution (A) = .250000E+00

Atomic solvent accessible surface area:
           1    0.0000000000000
           2   14.2669507688106
           3    0.0000000000000
           4    0.0000000000000
           5   19.5231957888987
           6   27.4314256894597
           7    0.0000000000000
           8    0.0000000000000
           9    7.0083266934508
          10   24.2551553464697
          11    0.0000000000000
          12    0.0000000000000
          13    4.5053528743612
          14    0.0000000000000
          15    0.0000000000000
          16    4.0425258910783
          17    0.9898591934753
          18    0.0000000000000
          19   13.5160586230837
          20   28.0089293881852
          21    9.3059811238140
          22    0.0000000000000
          23   12.0142743316300
          24    0.0000000000000
          25    0.0000000000000
          26   20.7746826984435
          27   21.0788850034796
          28    0.0000000000000
          29    0.0000000000000
          30    5.2562450200881
          31   20.7901331541168
          32    4.1544558588455
          33    0.0000000000000
          34    5.5065424019971
          35    0.0000000000000
          36    0.0000000000000
          37    6.9300443847056
          38    0.9898591934753
          39    0.0000000000000
          40   16.0190324421733
          41   27.7201775388225
          42    6.6471293741528
          43    0.0000000000000
          44   12.7651664773568
          45    0.0000000000000
          46    0.0000000000000
          47   21.2752774622614
          48   23.1001479490187
          49    0.0000000000000
          50    0.0000000000000
          51    2.5029738190896
          52   16.4588554136758
          53    7.1456640772143
          54    0.0000000000000
          55    5.0059476381791
          56    0.0000000000000
          57    0.0000000000000
          58    6.3525406859801
          59    0.3299530644918
          60    5.2562450200881
          61   21.0249800803524
          62   27.7201775388225
          63    6.1485946710914
          64    0.3299530644918
          65   14.7675455326285
          66    0.0000000000000
          67    0.0000000000000
          68   19.0226010250808
          69   23.1001479490187
          70    0.0000000000000
          71    0.0000000000000
          72    4.5053528743612
          73   18.4801183592150
          74    4.1544558588455
          75    0.0000000000000
          76    4.0047581105433
          77    0.0000000000000
          78    0.0000000000000
          79    7.2187962340683
          80    0.6599061289836
          81    1.2514869095448
          82   16.2693298240822
          83   23.9664034971069
          84    9.4721593581678
          85    0.0000000000000
          86   15.0178429145374
          87    0.0000000000000
          88    0.0000000000000
          89   17.2705193517181
          90   23.3888997983815
          91    0.6647129374153
          92    0.0000000000000
          93    1.0011895276358
          94   18.4801183592150
          95    4.3206340931993
          96    0.0000000000000
          97    9.0107057487225
          98    0.0000000000000
          99    0.0000000000000
         100    6.6412925353429
         101    0.6599061289836
         102    5.5065424019971
         103   12.5148690954479
         104   30.3189441830871
         105   10.1368722955831
         106    0.0000000000000
         107   10.7627874220852
         108    0.0000000000000
         109    0.0000000000000
         110   18.0214114974449
         111   23.6776516477442
         112    0.9970694061229
         113    0.0000000000000
         114    0.7508921457269
         115   20.7901331541168
         116    2.9912082183688
         117    0.0000000000000
         118    4.7556502562702
         119    0.0000000000000
         120    0.0000000000000
         121    4.6200295898037
         122    0.3299530644918
         123    0.0000000000000
         124   13.7663560049927
         125   24.5439071958324
         126    8.4750899520449
         127    0.0000000000000
         128   14.2669507688106
         129    0.0000000000000
         130    0.0000000000000
         131   17.0202219698091
         132   21.3676368528423
         133    4.9853470306146
         134    0.0000000000000
         135    3.0035685829075
         136   21.0788850034796
         137    3.6559211557841
         138    0.0000000000000
         139    5.5065424019971
         140    0.0000000000000
         141    0.0000000000000
         142    4.0425258910783
         143    1.3198122579671
         144    4.5053528743612
         145   19.7734931708076
         146   32.3402071286262
         147    5.3177034993223
         148    1.6497653224589
         149   25.9876664426461
         150   23.3888997983815
         151    0.0000000000000
         152    0.0000000000000
         153    0.0000000000000
         154    0.0000000000000
         155    0.0000000000000
         156    0.0000000000000
         157    0.3299530644918
         158    4.0047581105433
         159    0.5005947638179
         160    0.0000000000000
         161    4.2550554924523
         162   23.7782512813509
         163    0.0000000000000

 ======== FDPB Summary ========

 Do FDPB every           1 steps
 Nonbonded Update
   residue cutoff is set to   99.9000000000000
   fdpb cutoff is set to    5.0000000000000
   sas cutoff is set to    9.0000000000000
   nonbonded cutoff is set to    0.0000000000000
 Grid Constants
   Grid dimension      13      13       7
   Grid spacing set to     4.000
   Grid boundary
       -10.000    46.000
       -10.000    46.000
         1.500    33.500

 Dielectric Map
   Use cavity radii in the prmtop file

   Use probe-based SES definition
     Compute SAS/SAR every           1 steps
     Solvent probe radius   1.40000000000000
     Surface dots per atom     366
     Buried atom radii increment   0.79800000000000
     Threshhold for exposed atom   0.08000000000000
     Current SAS1134.51906319764021

 Boundary conditions
   sum of grid charges as independent DH spheres

 Physical constants
   Solute dielectric constant  :   1.00000000000000
   Solvent dielectric constant :   80.0000000000000
   Temperature (K)             :   300.000000000000
   Ionic strength (mM)         :   0.00000000000000
   Debye-Huckel parameter (1/A):   0.00000000000000

FD Solver Option
   Use Modified ICCG solver

 Iteration data
   Maximum iterations  :         100
   Convergence criteria:  1.000000000000000E-03
   Iterations required        :     6
   Norm of the constant vector:       542.8034264771
   Norm of the residual vector:      0.4007532287890
   Convergence achieved       :  7.3830268793620706E-04

 Total molecular surface    797.3411

 ======== FDPB Summary ========

 Do FDPB every           1 steps
 Nonbonded Update
   residue cutoff is set to   99.9000000000000
   fdpb cutoff is set to    5.0000000000000
   sas cutoff is set to    9.0000000000000
   nonbonded cutoff is set to    0.0000000000000
 Grid Constants
   Grid dimension      53      53      37
   Grid spacing set to     0.500
   Grid boundary
         4.500    31.500
         4.500    31.500
         8.000    27.000

 Dielectric Map
   Use cavity radii in the prmtop file

   Use probe-based SES definition
     Compute SAS/SAR every           1 steps
     Solvent probe radius   1.40000000000000
     Surface dots per atom     366
     Buried atom radii increment   0.79800000000000
     Threshhold for exposed atom   0.08000000000000
     Current SAS1134.51906319764021

 Boundary conditions
   sum of grid charges as independent DH spheres

 Physical constants
   Solute dielectric constant  :   1.00000000000000
   Solvent dielectric constant :   80.0000000000000
   Temperature (K)             :   300.000000000000
   Ionic strength (mM)         :   0.00000000000000
   Debye-Huckel parameter (1/A):   0.00000000000000

FD Solver Option
   Use Modified ICCG solver

 Iteration data
   Maximum iterations  :         100
   Convergence criteria:  1.000000000000000E-03
   Iterations required        :    14
   Norm of the constant vector:    155633.5380884947
   Norm of the residual vector:    130.7763438096648
   Convergence achieved       :  8.4028381938669363E-04

 Total surface charge       0.9866
 Reaction field energy   -193.0354
 Nonpolar SAS/SAV   1134.5191      0.0000
 Cavity solvation energy      5.6726

 NSTEP =        1   TIME(PS) =       0.000  TEMP(K) =     0.00  PRESS =     0.0
 Etot   =      -748.0052  EKtot   =         0.0000  EPtot      =         0.0000
 BOND   =         0.0000  ANGLE   =         0.0000  DIHED      =         0.0000
 1-4 NB =         0.0000  1-4 EEL =         0.0000  VDWAALS    =       -47.4039
 EELEC  =      -513.2384  EPB     =      -193.0354  RESTRAINT  =         0.0000
 ECAVITY=         5.6726  EDISPER =         0.0000
 ------------------------------------------------------------------------------



  Maximum number of minimization cycles reached.


                    FINAL RESULTS


 NSTEP =        1   TIME(PS) =       0.000  TEMP(K) =     0.00  PRESS =     0.0
 Etot   =      -748.0052  EKtot   =         0.0000  EPtot      =         0.0000
 BOND   =         0.0000  ANGLE   =         0.0000  DIHED      =         0.0000
 1-4 NB =         0.0000  1-4 EEL =         0.0000  VDWAALS    =       -47.4039
 EELEC  =      -513.2384  EPB     =      -193.0354  RESTRAINT  =         0.0000
 ECAVITY=         5.6726  EDISPER =         0.0000
 ------------------------------------------------------------------------------


--------------------------------------------------------------------------------
   5.  TIMINGS
--------------------------------------------------------------------------------

| Total time                     0.12
| Read prm/crd time              0.01
| Force time                     0.12
| Nonbond force                  0.12
| PB Nonbond                     0.12
| PB NB list                     0.00
| PB FD grid                     0.00
| PB Sasa                        0.02
| PB FD force                    0.12
| PB Set linear sys              0.06
| PB Solver                      0.06
| PB SA srf                      0.00
| PB SA arc                      0.02
| PB SA arc setup                0.00
| PB circle                      0.01
| PB exclude                     0.01
| PB exmol                       0.06
| PB exmol setup                 0.01
| PB exmol part b                0.01
| PB exmol part c                0.00
| PB exmol part d                0.00
| PB exmol part e                0.00
| PB exmol part f                0.01
| PB epsbnd                      0.00
| PB epsmap                      0.00
|           Job began  at 20:53:16.135  on 08/29/2021
|           Setup done at 20:53:16.141  on 08/29/2021
|           Run   done at 20:53:16.260  on 08/29/2021
|     wallclock() was called     110 times
