
          -------------------------------------------------------
          GBNSR6 2015                       
          -------------------------------------------------------

| Run on 09/26/2021 at 22:20:18
  [-O]verwriting output

File Assignments:
|  MDIN: ../../../scripts/gbnsr6.in                                            
| MDOUT: lig-gb.out                                                            
|INPCRD: ../top_crd/lig.crd                                                    
|  PARM: ../top_crd/lig.top                                                    
|

 Here is the input file:

compute                                                                        
&cntrl                                                                         
inp=1                                                                          
/                                                                              
&gb                                                                            
epsin=1.0, epsout=80, istrng=0, space=0.5,                                     
arcres=0.2, B=0.028, alpb=1, rbornstat=0, cavity_surften=0.005                 
/                                                                              

--------------------------------------------------------------------------------
   1.  RESOURCE   USE: 
--------------------------------------------------------------------------------

| Flags:                                                                        
| New format PARM file being parsed.
| Version =    1.000 Date = 09/26/21 Time = 22:07:08
 NATOM  =      66 NTYPES =       9 NBONH =      39 MBONA  =      26
 NTHETH =      91 MTHETA =      32 NPHIH =     147 MPHIA  =      68
 NHPARM =       0 NPARM  =       0 NNB   =     362 NRES   =       1
 NBONA  =      26 NTHETA =      32 NPHIA =      68 NUMBND =      11
 NUMANG =      24 NPTRA  =      31 NATYP =       9 NPHB   =       0
 IFBOX  =       0 NMXRS  =      66 IFCAP =       0 NEXTRA =       0
 NCOPY  =       0


|     Memory Use     Allocated
|     Real                2480
|     Hollerith            399
|     Integer            20899
|     Max Pairs              1
|     Max Rstack             1
|     Max Istack             1
|       Total              102 kbytes

| Note: 1-4 EEL scale factors are being read from the topology file.

--------------------------------------------------------------------------------
   2.  ATOMIC COORDINATES AND VELOCITIES
--------------------------------------------------------------------------------

default_name                                                                    
 begin time read from input coords =     0.000 ps

 Number of triangulated 3-point waters found:        0

--------------------------------------------------------------------------------
   3.  RESULTS
--------------------------------------------------------------------------------

 Cavity solvation energy      3.8457

 NSTEP =        1   TIME(PS) =       0.000  TEMP(K) =     0.00  PRESS =     0.0
 Etot   =        35.3292  EKtot   =         0.0000  EPtot      =         0.0000
 BOND   =         0.0000  ANGLE   =         0.0000  DIHED      =         0.0000
 1-4 NB =         0.0000  1-4 EEL =       373.5651  VDWAALS    =         0.0000
 EELEC  =      -308.2159  EGB     =       -33.8656  RESTRAINT  =         0.0000
 ESURF  =         3.8457
 ------------------------------------------------------------------------------



  Maximum number of minimization cycles reached.


                    FINAL RESULTS


 NSTEP =        1   TIME(PS) =       0.000  TEMP(K) =     0.00  PRESS =     0.0
 Etot   =        35.3292  EKtot   =         0.0000  EPtot      =         0.0000
 BOND   =         0.0000  ANGLE   =         0.0000  DIHED      =         0.0000
 1-4 NB =         0.0000  1-4 EEL =       373.5651  VDWAALS    =         0.0000
 EELEC  =      -308.2159  EGB     =       -33.8656  RESTRAINT  =         0.0000
 ESURF  =         3.8457
 ------------------------------------------------------------------------------

|           Job began  at 22:20:18.665  on 09/26/2021
|           Setup done at 22:20:18.671  on 09/26/2021
|           Run   done at 22:20:18.694  on 09/26/2021
|     wallclock() was called      72 times
