
          -------------------------------------------------------
          PBSA VERSION 2019                       UC Irvine
          -------------------------------------------------------

| Run on 08/29/2021 at 20:51:36

File Assignments:
|  MDIN: ../pbsa-script/mdin.in                                                
| MDOUT: complex-pb.out                                                        
|INPCRD: complex.crd                                                           
|  PARM: complex.prmtop                                                        
|

 Here is the input file:

Sample single point PB calculation                                             
&cntrl                                                                         
ipb=1, inp=1                                                                   
/                                                                              
&pb                                                                            
npbverb=1, fillratio=1.5, saopt=1, radiopt=0, epsin=1.0, epsout=80             
/                                                                              
 PBSA Warning in pb_read(): sprob=0.557 is optimized for inp=2 and  should not be used with inp=1. It has been reset to 1.4.
 PBSA Warning in pb_read(): cavity_surften=0.0378 is optimized for inp=2  and should not be used with inp=1. It has been reset to 0.005000.
 PBSA Warning in pb_read(): cavity_offset=-0.5692 is optimized for inp=2  and should not be used with inp=1. It has been reset to 0.000.

--------------------------------------------------------------------------------
   1.  RESOURCE   USE: 
--------------------------------------------------------------------------------

| Flags:                                                                        
| New format PARM file being parsed.
| Version =    1.000 Date = 08/29/21 Time = 13:29:53
 NATOM  =     155 NTYPES =      10 NBONH =      80 MBONA  =      80
 NTHETH =     185 MTHETA =     115 NPHIH =     318 MPHIA  =     232
 NHPARM =       0 NPARM  =       0 NNB   =     917 NRES   =       7
 NBONA  =      80 NTHETA =     115 NPHIA =     232 NUMBND =      11
 NUMANG =      21 NPTRA  =      24 NATYP =      15 NPHB   =       0
 IFBOX  =       1 NMXRS  =      29 IFCAP =       0 NEXTRA =       0
 NCOPY  =       0


|     Memory Use     Allocated
|     Real                5791
|     Hollerith            474
|     Integer            26994
|     Max Pairs              1
|     Max Rstack             1
|     Max Istack             1
|       Total              152 kbytes

     BOX TYPE: RECTILINEAR

--------------------------------------------------------------------------------
   2.  CONTROL  DATA  FOR  THE  RUN
--------------------------------------------------------------------------------

default_name                                                                    

General flags:
     imin    =       1, nmropt  =       0

Nature and format of input:
     ntx     =       1, irest   =       0, ntrx    =       1

Nature and format of output:
     ntxo    =       1, ntpr    =      50, ntrx    =       1, ntwr    =     500
     iwrap   =       0, ntwx    =       0, ntwv    =       0, ntwe    =       0
     ioutfm  =       0, ntwprt  =       0, idecomp =       0, rbornstat=      0

Potential function:
     ntf     =       1, ntb     =       1, ipb     =       1, nsnb    =      25
     ipol    =       0, gbsa    =       0, iesp    =       0
     dielc   =   1.00000, cut     =   8.00000, intdiel =   1.00000

Frozen or restrained atoms:
     ibelly  =       0, ntr     =       0

Energy minimization:
     maxcyc  =       1, ncyc    =      10, ntmin   =       1
     dx0     =   0.01000, drms    =   0.00010

======== Implicit Solvent Initialization ========

     Max Nonbonded Pairs:    12013    12013

 no. of atoms processed in PB initialization:   155
  NUM  RESI  NAME  TYPE    CHARGE ATM CRG/H   GRP CRG   PB RADI   NP RADI
    1  MGO   C1    CG    0.042700  0.203700 -0.283400  1.700000  1.699835
    2  MGO   H1    H2    0.161000  0.000000  0.000000  1.300000  1.146587
    3  MGO   O1    OS   -0.322900 -0.322900  0.080400  1.500000  1.500006
    4  MGO   C2    CG    0.137600  0.202600  0.508600  1.700000  1.699835
    5  MGO   H2    H1    0.065000  0.000000  0.000000  1.300000  1.235677
    6  MGO   O2    OH   -0.634600 -0.198000  0.004600  1.500000  1.533237
    7  MGO   HO2   HO    0.436600  0.000000  0.000000  0.800000  0.000000
    8  MGO   C3    CG    0.122400  0.300300  0.504500  1.700000  1.699835
    9  MGO   H3    H1    0.177900  0.000000  0.000000  1.300000  1.235677
   10  MGO   O3    OH   -0.620000 -0.198000  0.102300  1.500000  1.533237
   11  MGO   HO3   HO    0.422000  0.000000  0.000000  0.800000  0.000000
   12  MGO   C4    CG    0.040100  0.199600  0.311900  1.700000  1.699835
   13  MGO   H4    H1    0.159500  0.000000  0.000000  1.300000  1.235677
   14  MGO   C5    CG    0.019300  0.134900  0.210300  1.700000  1.699835
   15  MGO   H5    H1    0.115600  0.000000  0.000000  1.300000  1.235677
   16  MGO   O5    OS   -0.366800 -0.366800 -0.028200  1.500000  1.500006
   17  MGO   C6    CG    0.191800  0.242600  0.179500  1.700000  1.699835
   18  MGO   H61   H1    0.025400  0.000000  0.000000  1.300000  1.235677
   19  MGO   H62   H1    0.025400  0.000000  0.000000  1.300000  1.235677
   20  MGO   O6    OH   -0.607700 -0.198000  0.044600  1.500000  1.533237
   21  MGO   HO6   HO    0.409700  0.000000  0.000000  0.800000  0.000000
   22  MGO   C1    CG    0.042700  0.203700 -0.283400  1.700000  1.699835
   23  MGO   H1    H2    0.161000  0.000000  0.000000  1.300000  1.146587
   24  MGO   O1    OS   -0.322900 -0.322900  0.080400  1.500000  1.500006
   25  MGO   C2    CG    0.137600  0.202600  0.508600  1.700000  1.699835
   26  MGO   H2    H1    0.065000  0.000000  0.000000  1.300000  1.235677
   27  MGO   O2    OH   -0.634600 -0.198000  0.004600  1.500000  1.533237
   28  MGO   HO2   HO    0.436600  0.000000  0.000000  0.800000  0.000000
   29  MGO   C3    CG    0.122400  0.300300  0.504500  1.700000  1.699835
   30  MGO   H3    H1    0.177900  0.000000  0.000000  1.300000  1.235677
   31  MGO   O3    OH   -0.620000 -0.198000  0.102300  1.500000  1.533237
   32  MGO   HO3   HO    0.422000  0.000000  0.000000  0.800000  0.000000
   33  MGO   C4    CG    0.040100  0.199600  0.311900  1.700000  1.699835
   34  MGO   H4    H1    0.159500  0.000000  0.000000  1.300000  1.235677
   35  MGO   C5    CG    0.019300  0.134900  0.210300  1.700000  1.699835
   36  MGO   H5    H1    0.115600  0.000000  0.000000  1.300000  1.235677
   37  MGO   O5    OS   -0.366800 -0.366800 -0.028200  1.500000  1.500006
   38  MGO   C6    CG    0.191800  0.242600  0.179500  1.700000  1.699835
   39  MGO   H61   H1    0.025400  0.000000  0.000000  1.300000  1.235677
   40  MGO   H62   H1    0.025400  0.000000  0.000000  1.300000  1.235677
   41  MGO   O6    OH   -0.607700 -0.198000  0.044600  1.500000  1.533237
   42  MGO   HO6   HO    0.409700  0.000000  0.000000  0.800000  0.000000
   43  MGO   C1    CG    0.042700  0.203700 -0.283400  1.700000  1.699835
   44  MGO   H1    H2    0.161000  0.000000  0.000000  1.300000  1.146587
   45  MGO   O1    OS   -0.322900 -0.322900  0.080400  1.500000  1.500006
   46  MGO   C2    CG    0.137600  0.202600  0.508600  1.700000  1.699835
   47  MGO   H2    H1    0.065000  0.000000  0.000000  1.300000  1.235677
   48  MGO   O2    OH   -0.634600 -0.198000  0.004600  1.500000  1.533237
   49  MGO   HO2   HO    0.436600  0.000000  0.000000  0.800000  0.000000
   50  MGO   C3    CG    0.122400  0.300300  0.504500  1.700000  1.699835
   51  MGO   H3    H1    0.177900  0.000000  0.000000  1.300000  1.235677
   52  MGO   O3    OH   -0.620000 -0.198000  0.102300  1.500000  1.533237
   53  MGO   HO3   HO    0.422000  0.000000  0.000000  0.800000  0.000000
   54  MGO   C4    CG    0.040100  0.199600  0.311900  1.700000  1.699835
   55  MGO   H4    H1    0.159500  0.000000  0.000000  1.300000  1.235677
   56  MGO   C5    CG    0.019300  0.134900  0.210300  1.700000  1.699835
   57  MGO   H5    H1    0.115600  0.000000  0.000000  1.300000  1.235677
   58  MGO   O5    OS   -0.366800 -0.366800 -0.028200  1.500000  1.500006
   59  MGO   C6    CG    0.191800  0.242600  0.179500  1.700000  1.699835
   60  MGO   H61   H1    0.025400  0.000000  0.000000  1.300000  1.235677
   61  MGO   H62   H1    0.025400  0.000000  0.000000  1.300000  1.235677
   62  MGO   O6    OH   -0.607700 -0.198000  0.044600  1.500000  1.533237
   63  MGO   HO6   HO    0.409700  0.000000  0.000000  0.800000  0.000000
   64  MGO   C1    CG    0.042700  0.203700 -0.283400  1.700000  1.699835
   65  MGO   H1    H2    0.161000  0.000000  0.000000  1.300000  1.146587
   66  MGO   O1    OS   -0.322900 -0.322900  0.080400  1.500000  1.500006
   67  MGO   C2    CG    0.137600  0.202600  0.508600  1.700000  1.699835
   68  MGO   H2    H1    0.065000  0.000000  0.000000  1.300000  1.235677
   69  MGO   O2    OH   -0.634600 -0.198000  0.004600  1.500000  1.533237
   70  MGO   HO2   HO    0.436600  0.000000  0.000000  0.800000  0.000000
   71  MGO   C3    CG    0.122400  0.300300  0.504500  1.700000  1.699835
   72  MGO   H3    H1    0.177900  0.000000  0.000000  1.300000  1.235677
   73  MGO   O3    OH   -0.620000 -0.198000  0.102300  1.500000  1.533237
   74  MGO   HO3   HO    0.422000  0.000000  0.000000  0.800000  0.000000
   75  MGO   C4    CG    0.040100  0.199600  0.311900  1.700000  1.699835
   76  MGO   H4    H1    0.159500  0.000000  0.000000  1.300000  1.235677
   77  MGO   C5    CG    0.019300  0.134900  0.210300  1.700000  1.699835
   78  MGO   H5    H1    0.115600  0.000000  0.000000  1.300000  1.235677
   79  MGO   O5    OS   -0.366800 -0.366800 -0.028200  1.500000  1.500006
   80  MGO   C6    CG    0.191800  0.242600  0.179500  1.700000  1.699835
   81  MGO   H61   H1    0.025400  0.000000  0.000000  1.300000  1.235677
   82  MGO   H62   H1    0.025400  0.000000  0.000000  1.300000  1.235677
   83  MGO   O6    OH   -0.607700 -0.198000  0.044600  1.500000  1.533237
   84  MGO   HO6   HO    0.409700  0.000000  0.000000  0.800000  0.000000
   85  MGO   C1    CG    0.042700  0.203700 -0.283400  1.700000  1.699835
   86  MGO   H1    H2    0.161000  0.000000  0.000000  1.300000  1.146587
   87  MGO   O1    OS   -0.322900 -0.322900  0.080400  1.500000  1.500006
   88  MGO   C2    CG    0.137600  0.202600  0.508600  1.700000  1.699835
   89  MGO   H2    H1    0.065000  0.000000  0.000000  1.300000  1.235677
   90  MGO   O2    OH   -0.634600 -0.198000  0.004600  1.500000  1.533237
   91  MGO   HO2   HO    0.436600  0.000000  0.000000  0.800000  0.000000
   92  MGO   C3    CG    0.122400  0.300300  0.504500  1.700000  1.699835
   93  MGO   H3    H1    0.177900  0.000000  0.000000  1.300000  1.235677
   94  MGO   O3    OH   -0.620000 -0.198000  0.102300  1.500000  1.533237
   95  MGO   HO3   HO    0.422000  0.000000  0.000000  0.800000  0.000000
   96  MGO   C4    CG    0.040100  0.199600  0.311900  1.700000  1.699835
   97  MGO   H4    H1    0.159500  0.000000  0.000000  1.300000  1.235677
   98  MGO   C5    CG    0.019300  0.134900  0.210300  1.700000  1.699835
   99  MGO   H5    H1    0.115600  0.000000  0.000000  1.300000  1.235677
  100  MGO   O5    OS   -0.366800 -0.366800 -0.028200  1.500000  1.500006
  101  MGO   C6    CG    0.191800  0.242600  0.179500  1.700000  1.699835
  102  MGO   H61   H1    0.025400  0.000000  0.000000  1.300000  1.235677
  103  MGO   H62   H1    0.025400  0.000000  0.000000  1.300000  1.235677
  104  MGO   O6    OH   -0.607700 -0.198000  0.044600  1.500000  1.533237
  105  MGO   HO6   HO    0.409700  0.000000  0.000000  0.800000  0.000000
  106  MGO   C1    CG    0.042700  0.203700 -0.283400  1.700000  1.699835
  107  MGO   H1    H2    0.161000  0.000000  0.000000  1.300000  1.146587
  108  MGO   O1    OS   -0.322900 -0.322900  0.080400  1.500000  1.500006
  109  MGO   C2    CG    0.137600  0.202600  0.508600  1.700000  1.699835
  110  MGO   H2    H1    0.065000  0.000000  0.000000  1.300000  1.235677
  111  MGO   O2    OH   -0.634600 -0.198000  0.004600  1.500000  1.533237
  112  MGO   HO2   HO    0.436600  0.000000  0.000000  0.800000  0.000000
  113  MGO   C3    CG    0.122400  0.300300  0.504500  1.700000  1.699835
  114  MGO   H3    H1    0.177900  0.000000  0.000000  1.300000  1.235677
  115  MGO   O3    OH   -0.620000 -0.198000  0.102300  1.500000  1.533237
  116  MGO   HO3   HO    0.422000  0.000000  0.000000  0.800000  0.000000
  117  MGO   C4    CG    0.040100  0.199600  0.311900  1.700000  1.699835
  118  MGO   H4    H1    0.159500  0.000000  0.000000  1.300000  1.235677
  119  MGO   C5    CG    0.019300  0.134900  0.210300  1.700000  1.699835
  120  MGO   H5    H1    0.115600  0.000000  0.000000  1.300000  1.235677
  121  MGO   O5    OS   -0.366800 -0.366800 -0.028200  1.500000  1.500006
  122  MGO   C6    CG    0.191800  0.242600  0.179500  1.700000  1.699835
  123  MGO   H61   H1    0.025400  0.000000  0.000000  1.300000  1.235677
  124  MGO   H62   H1    0.025400  0.000000  0.000000  1.300000  1.235677
  125  MGO   O6    OH   -0.607700 -0.198000  0.044600  1.500000  1.533237
  126  MGO   HO6   HO    0.409700  0.000000  0.000000  0.800000  0.000000
  127  MOL   C1    c3   -0.078700 -0.008800  0.028300  1.700000  1.699835
  128  MOL   H3    hc    0.023300  0.023300  0.023300  1.300000  1.324766
  129  MOL   H4    hc    0.023300  0.023300  0.023300  1.300000  1.324766
  130  MOL   H5    hc    0.023300  0.023300  0.023300  1.300000  1.324766
  131  MOL   C2    c3    0.024700  0.037100  0.037800  1.700000  1.699835
  132  MOL   H6    hc    0.006200  0.006200  0.006200  1.300000  1.324766
  133  MOL   H7    hc    0.006200  0.006200  0.006200  1.300000  1.324766
  134  MOL   C3    c3   -0.006700  0.009500  0.057100  1.700000  1.699835
  135  MOL   H8    hc    0.008100  0.008100  0.008100  1.300000  1.324766
  136  MOL   H9    hc    0.008100  0.008100  0.008100  1.300000  1.324766
  137  MOL   C4    c3   -0.000300  0.010500  0.045000  1.700000  1.699835
  138  MOL   H10   hc    0.005400  0.005400  0.005400  1.300000  1.324766
  139  MOL   H11   hc    0.005400  0.005400  0.005400  1.300000  1.324766
  140  MOL   C5    c3    0.014200  0.025000  0.062100  1.700000  1.699835
  141  MOL   H12   hc    0.005400  0.005400  0.005400  1.300000  1.324766
  142  MOL   H13   hc    0.005400  0.005400  0.005400  1.300000  1.324766
  143  MOL   C6    c3   -0.006000  0.026600  0.096300  1.700000  1.699835
  144  MOL   H14   hc    0.016300  0.016300  0.016300  1.300000  1.324766
  145  MOL   H15   hc    0.016300  0.016300  0.016300  1.300000  1.324766
  146  MOL   C7    c3   -0.017900  0.044700  0.303700  1.700000  1.699835
  147  MOL   H16   hc    0.031300  0.031300  0.031300  1.300000  1.324766
  148  MOL   H17   hc    0.031300  0.031300  0.031300  1.300000  1.324766
  149  MOL   C8    c3    0.049600  0.232400  0.900100  1.700000  1.699835
  150  MOL   H18   hx    0.091400  0.091400  0.091400  1.300000  0.979989
  151  MOL   H19   hx    0.091400  0.091400  0.091400  1.300000  0.979989
  152  MOL   N1    n4   -0.324100  0.623000  0.855400  1.550000  1.624999
  153  MOL   H1    hn    0.315700  0.315700  0.315700  1.300000  0.534539
  154  MOL   H2    hn    0.315700  0.315700  0.315700  1.300000  0.534539
  155  MOL   HN11  hn    0.315700  0.315700  0.315700  1.300000  0.534539

 total system charges (+/-) for PB        1.0000       16.7457      -15.7457
 cavity_surften =        0.0050 cavity_offset =        0.0000

   SAS Surface: surface dots generated:    366

--------------------------------------------------------------------------------
   3.  ATOMIC COORDINATES AND VELOCITIES
--------------------------------------------------------------------------------

Cpptraj Generated Restart                                                       
 begin time read from input coords =   551.000 ps

 Number of triangulated 3-point waters found:        0

--------------------------------------------------------------------------------
   4.  RESULTS
--------------------------------------------------------------------------------

  NB-update: atom-based nb list     8695


======== Setting up Grid Parameters ========
Using bounding box for grid setup
 Bounding Box at level:           2
 Bounding Box Center:      17.000    17.500    20.000
 Xmin, Xmax, Xmax-Xmin:     9.042    24.703    15.661
 Ymin, Ymax, Ymax-Ymin:     9.813    25.414    15.601
 Zmin, Zmax, Zmax-Zmin:    12.706    27.025    14.319
 Grid dimension at level     2    49   49   47
 Grid origin corrected at level     2      4.500     5.000     8.000
 Bounding Box at level:           1
 Bounding Box Center:      17.000    17.500    20.000
 Xmin, Xmax, Xmax-Xmin:     9.042    24.703    15.661
 Ymin, Ymax, Ymax-Ymin:     9.813    25.414    15.601
 Zmin, Zmax, Zmax-Zmin:    12.706    27.025    14.319
PB Warn in setgrd(): focusing grid too large    2
 fillratio is automatically increased to 2.500
 Grid dimension at level     1    11   11   11
 Grid origin corrected at level     1     -7.000    -6.500    -4.000
------- VMD goodie --------
#First Level Geometric Box
draw materials off
draw color green
draw line "   -7.000   -6.500   -4.000" "   37.000   -6.500   -4.000"
draw line "   -7.000   -6.500   -4.000" "   -7.000   37.500   -4.000"
draw line "   -7.000   -6.500   -4.000" "   -7.000   -6.500   40.000"
draw line "   37.000   -6.500   -4.000" "   37.000   37.500   -4.000"
draw line "   37.000   -6.500   -4.000" "   37.000   -6.500   40.000"
draw line "   -7.000   37.500   -4.000" "   37.000   37.500   -4.000"
draw line "   -7.000   37.500   -4.000" "   -7.000   37.500   40.000"
draw line "   -7.000   -6.500   40.000" "   37.000   -6.500   40.000"
draw line "   -7.000   -6.500   40.000" "   -7.000   37.500   40.000"
draw line "   37.000   37.500   40.000" "   37.000   37.500   -4.000"
draw line "   37.000   37.500   40.000" "   -7.000   37.500   40.000"
draw line "   37.000   37.500   40.000" "   37.000   -6.500   40.000"
#2nd Level Geometric Box
draw color blue
draw line "    4.500    5.000    8.000" "   29.500    5.000    8.000"
draw line "    4.500    5.000    8.000" "    4.500   30.000    8.000"
draw line "    4.500    5.000    8.000" "    4.500    5.000   32.000"
draw line "   29.500    5.000    8.000" "   29.500   30.000    8.000"
draw line "   29.500    5.000    8.000" "   29.500    5.000   32.000"
draw line "    4.500   30.000    8.000" "   29.500   30.000    8.000"
draw line "    4.500   30.000    8.000" "    4.500   30.000   32.000"
draw line "    4.500    5.000   32.000" "   29.500    5.000   32.000"
draw line "    4.500    5.000   32.000" "    4.500   30.000   32.000"
draw line "   29.500   30.000   32.000" "   29.500   30.000    8.000"
draw line "   29.500   30.000   32.000" "    4.500   30.000   32.000"
draw line "   29.500   30.000   32.000" "   29.500    5.000   32.000"
--- End VMD goodie --------

======== Setting up Solvent Accessibility Data ========
Setting up working radii
Number of SA srf points exposed  4046
 Number of SA arcs generated  3740
 Number of SA arc points exposed        2221 Number of trimer arc points exposed         192
 with resolution (A) = .250000E+00

Atomic solvent accessible surface area:
           1    0.0000000000000
           2   14.5172481507195
           3    0.0000000000000
           4    0.0000000000000
           5   20.0237905527166
           6   25.6989145932833
           7    0.0000000000000
           8    0.0000000000000
           9    0.0000000000000
          10   15.5925998655876
          11    7.8103770146296
          12    0.0000000000000
          13    8.7604083668135
          14    0.0000000000000
          15    0.0000000000000
          16    6.3525406859801
          17    0.3299530644918
          18    0.7508921457269
          19    8.5101109849045
          20   27.1426738400970
          21    7.1456640772143
          22    0.0000000000000
          23   14.0166533869016
          24    0.0000000000000
          25    0.0000000000000
          26   16.7699245879001
          27   25.1214108945579
          28    0.0000000000000
          29    0.0000000000000
          30    0.2502973819090
          31   22.5226442502933
          32    2.8250299840150
          33    0.0000000000000
          34    6.0071371658150
          35    0.0000000000000
          36    0.0000000000000
          37    6.9300443847056
          38    0.6599061289836
          39    1.0011895276358
          40   11.2633821859031
          41   28.8751849362734
          42    8.9736246551063
          43    0.0000000000000
          44   13.5160586230837
          45    0.0000000000000
          46    0.0000000000000
          47   20.5243853165345
          48   24.8326590451951
          49    0.0000000000000
          50    0.0000000000000
          51    1.2514869095448
          52   17.0363591124013
          53    3.9882776244917
          54    0.0000000000000
          55    6.0071371658150
          56    0.0000000000000
          57    0.0000000000000
          58    5.4862851378919
          59    0.6599061289836
          60    0.2502973819090
          61   14.0166533869016
          62   27.7201775388225
          63    1.1632476404767
          64    0.0000000000000
          65   13.0154638592658
          66    0.0000000000000
          67    0.0000000000000
          68   21.2752774622614
          69   24.2551553464697
          70    0.1661782343538
          71    0.0000000000000
          72    3.2538659648164
          73   23.1001479490187
          74    4.9853470306146
          75    0.0000000000000
          76    7.5089214572687
          77    0.0000000000000
          78    0.0000000000000
          79    5.1975332885292
          80    1.3198122579671
          81    0.7508921457269
          82   18.0214114974449
          83   25.6989145932833
          84    6.6471293741528
          85    0.0000000000000
          86   14.0166533869016
          87    0.0000000000000
          88    0.0000000000000
          89   19.0226010250808
          90   23.1001479490187
          91    0.0000000000000
          92    0.0000000000000
          93    2.0023790552717
          94   24.5439071958324
          95    3.4897429214302
          96    0.0000000000000
          97    8.0095162210866
          98    0.0000000000000
          99    0.0000000000000
         100    4.0425258910783
         101    0.9898591934753
         102    1.7520816733627
         103   14.5172481507195
         104   31.4739515805380
         105    4.1544558588455
         106    0.0000000000000
         107   13.5160586230837
         108    0.0000000000000
         109    0.0000000000000
         110   20.0237905527166
         111   25.9876664426461
         112    0.0000000000000
         113    0.0000000000000
         114    0.2502973819090
         115   19.3463739073032
         116    5.3177034993223
         117    0.0000000000000
         118    5.5065424019971
         119    0.0000000000000
         120    0.0000000000000
         121    6.9300443847056
         122    0.3299530644918
         123    0.0000000000000
         124    8.0095162210866
         125   27.4314256894597
         126    6.4809511397990
         127    2.3096714514425
         128    8.5101109849045
         129   25.0297381908957
         130   11.0130848039941
         131    0.0000000000000
         132    0.0000000000000
         133    0.0000000000000
         134    0.0000000000000
         135    0.0000000000000
         136    0.0000000000000
         137    0.0000000000000
         138    0.0000000000000
         139    0.0000000000000
         140    0.0000000000000
         141    0.0000000000000
         142    0.0000000000000
         143    0.0000000000000
         144    0.0000000000000
         145    0.0000000000000
         146    0.0000000000000
         147    6.7580293115418
         148    8.7604083668135
         149    0.0000000000000
         150   15.0178429145374
         151   16.0190324421733
         152    0.0000000000000
         153   26.2812251004405
         154   29.0344963014391
         155   27.0321172461674

 ======== FDPB Summary ========

 Do FDPB every           1 steps
 Nonbonded Update
   residue cutoff is set to   99.9000000000000
   fdpb cutoff is set to    5.0000000000000
   sas cutoff is set to    9.0000000000000
   nonbonded cutoff is set to    0.0000000000000
 Grid Constants
   Grid dimension      11      11      11
   Grid spacing set to     4.000
   Grid boundary
        -7.000    41.000
        -6.500    41.500
        -4.000    44.000

 Dielectric Map
   Use cavity radii in the prmtop file

   Use probe-based SES definition
     Compute SAS/SAR every           1 steps
     Solvent probe radius   1.40000000000000
     Surface dots per atom     366
     Buried atom radii increment   0.79800000000000
     Threshhold for exposed atom   0.08000000000000
     Current SAS1045.51173481090109

 Boundary conditions
   sum of grid charges as independent DH spheres

 Physical constants
   Solute dielectric constant  :   1.00000000000000
   Solvent dielectric constant :   80.0000000000000
   Temperature (K)             :   300.000000000000
   Ionic strength (mM)         :   0.00000000000000
   Debye-Huckel parameter (1/A):   0.00000000000000

FD Solver Option
   Use Modified ICCG solver

 Iteration data
   Maximum iterations  :         100
   Convergence criteria:  1.000000000000000E-03
   Iterations required        :     6
   Norm of the constant vector:       613.4438449490
   Norm of the residual vector:      0.5977231758474
   Convergence achieved       :  9.7437309179791731E-04

 Total molecular surface    708.6371

 ======== FDPB Summary ========

 Do FDPB every           1 steps
 Nonbonded Update
   residue cutoff is set to   99.9000000000000
   fdpb cutoff is set to    5.0000000000000
   sas cutoff is set to    9.0000000000000
   nonbonded cutoff is set to    0.0000000000000
 Grid Constants
   Grid dimension      49      49      47
   Grid spacing set to     0.500
   Grid boundary
         4.500    29.500
         5.000    30.000
         8.000    32.000

 Dielectric Map
   Use cavity radii in the prmtop file

   Use probe-based SES definition
     Compute SAS/SAR every           1 steps
     Solvent probe radius   1.40000000000000
     Surface dots per atom     366
     Buried atom radii increment   0.79800000000000
     Threshhold for exposed atom   0.08000000000000
     Current SAS1045.51173481090109

 Boundary conditions
   sum of grid charges as independent DH spheres

 Physical constants
   Solute dielectric constant  :   1.00000000000000
   Solvent dielectric constant :   80.0000000000000
   Temperature (K)             :   300.000000000000
   Ionic strength (mM)         :   0.00000000000000
   Debye-Huckel parameter (1/A):   0.00000000000000

FD Solver Option
   Use Modified ICCG solver

 Iteration data
   Maximum iterations  :         100
   Convergence criteria:  1.000000000000000E-03
   Iterations required        :    16
   Norm of the constant vector:    133299.3213643304
   Norm of the residual vector:    103.7023144052157
   Convergence achieved       :  7.7796580915651548E-04

 Total surface charge      -0.9870
 Reaction field energy   -179.1839
 Nonpolar SAS/SAV   1045.5117      0.0000
 Cavity solvation energy      5.2276

 NSTEP =        1   TIME(PS) =       0.000  TEMP(K) =     0.00  PRESS =     0.0
 Etot   =      -637.3613  EKtot   =         0.0000  EPtot      =         0.0000
 BOND   =         0.0000  ANGLE   =         0.0000  DIHED      =         0.0000
 1-4 NB =         0.0000  1-4 EEL =         0.0000  VDWAALS    =       -51.6099
 EELEC  =      -411.7950  EPB     =      -179.1839  RESTRAINT  =         0.0000
 ECAVITY=         5.2276  EDISPER =         0.0000
 ------------------------------------------------------------------------------



  Maximum number of minimization cycles reached.


                    FINAL RESULTS


 NSTEP =        1   TIME(PS) =       0.000  TEMP(K) =     0.00  PRESS =     0.0
 Etot   =      -637.3613  EKtot   =         0.0000  EPtot      =         0.0000
 BOND   =         0.0000  ANGLE   =         0.0000  DIHED      =         0.0000
 1-4 NB =         0.0000  1-4 EEL =         0.0000  VDWAALS    =       -51.6099
 EELEC  =      -411.7950  EPB     =      -179.1839  RESTRAINT  =         0.0000
 ECAVITY=         5.2276  EDISPER =         0.0000
 ------------------------------------------------------------------------------


--------------------------------------------------------------------------------
   5.  TIMINGS
--------------------------------------------------------------------------------

| Total time                     0.14
| Read prm/crd time              0.01
| Force time                     0.14
| Nonbond force                  0.14
| PB Nonbond                     0.14
| PB NB list                     0.00
| PB FD grid                     0.00
| PB Sasa                        0.03
| PB FD force                    0.14
| PB Set linear sys              0.06
| PB Solver                      0.07
| PB SA srf                      0.00
| PB SA arc                      0.02
| PB SA arc setup                0.00
| PB circle                      0.02
| PB exclude                     0.01
| PB exmol                       0.06
| PB exmol setup                 0.00
| PB exmol part a                0.00
| PB exmol part b                0.00
| PB exmol part c                0.00
| PB exmol part e                0.00
| PB exmol part f                0.01
| PB epsmap                      0.00
|           Job began  at 20:51:36.780  on 08/29/2021
|           Setup done at 20:51:36.788  on 08/29/2021
|           Run   done at 20:51:36.926  on 08/29/2021
|     wallclock() was called     110 times
