
          -------------------------------------------------------
          GBNSR6 2015                       
          -------------------------------------------------------

| Run on 11/06/2021 at 09:46:45
  [-O]verwriting output

File Assignments:
|  MDIN: ../scripts/gbnsr6.in                                                  
| MDOUT: complex-gb-radii.out                                                  
|INPCRD: complex.crd                                                           
|  PARM: complex.prmtop                                                        
|

 Here is the input file:

compute                                                                        
&cntrl                                                                         
inp=1                                                                          
/                                                                              
&gb                                                                            
epsin=1.0, epsout=80, istrng=0, space=0.5,                                     
arcres=0.2, B=0.028, alpb=1, rbornstat=0, rbornstat=1, cavity_surften=0.005    
/                                                                              

--------------------------------------------------------------------------------
   1.  RESOURCE   USE: 
--------------------------------------------------------------------------------

| Flags:                                                                        
| New format PARM file being parsed.
| Version =    1.000 Date = 08/29/21 Time = 13:29:53
 NATOM  =     155 NTYPES =      10 NBONH =      80 MBONA  =      80
 NTHETH =     185 MTHETA =     115 NPHIH =     318 MPHIA  =     232
 NHPARM =       0 NPARM  =       0 NNB   =     917 NRES   =       7
 NBONA  =      80 NTHETA =     115 NPHIA =     232 NUMBND =      11
 NUMANG =      21 NPTRA  =      24 NATYP =      15 NPHB   =       0
 IFBOX  =       1 NMXRS  =      29 IFCAP =       0 NEXTRA =       0
 NCOPY  =       0


|     Memory Use     Allocated
|     Real                5791
|     Hollerith            939
|     Integer            25072
|     Max Pairs              1
|     Max Rstack             1
|     Max Istack             1
|       Total              146 kbytes

| Note: 1-4 EEL scale factors are being read from the topology file.

     BOX TYPE: RECTILINEAR

--------------------------------------------------------------------------------
   2.  ATOMIC COORDINATES AND VELOCITIES
--------------------------------------------------------------------------------

Cpptraj Generated Restart                                                       
 begin time read from input coords =   551.000 ps

 Number of triangulated 3-point waters found:        0

--------------------------------------------------------------------------------
   3.  RESULTS
--------------------------------------------------------------------------------

Print:    Atom number      Inverse Effective Born Radii
rinv           1            0.36140683
rinv           2            0.57573229
rinv           3            0.28234180
rinv           4            0.38620104
rinv           5            0.60417694
rinv           6            0.54639449
rinv           7            0.61647805
rinv           8            0.34246026
rinv           9            0.39669663
rinv          10            0.52991434
rinv          11            0.92293561
rinv          12            0.31697835
rinv          13            0.53013235
rinv          14            0.29137894
rinv          15            0.23676655
rinv          16            0.43115709
rinv          17            0.38051914
rinv          18            0.42326356
rinv          19            0.53381015
rinv          20            0.55374300
rinv          21            0.90061222
rinv          22            0.35323626
rinv          23            0.57026001
rinv          24            0.27039673
rinv          25            0.38409249
rinv          26            0.59137048
rinv          27            0.54543367
rinv          28            0.55143302
rinv          29            0.34257692
rinv          30            0.39042604
rinv          31            0.54403020
rinv          32            0.81105004
rinv          33            0.30698764
rinv          34            0.50588436
rinv          35            0.28960576
rinv          36            0.24710290
rinv          37            0.43692394
rinv          38            0.39561257
rinv          39            0.44321861
rinv          40            0.56619865
rinv          41            0.56748038
rinv          42            0.96888593
rinv          43            0.36110578
rinv          44            0.56611892
rinv          45            0.28734113
rinv          46            0.39503031
rinv          47            0.61058372
rinv          48            0.54584850
rinv          49            0.61396350
rinv          50            0.34011297
rinv          51            0.42716412
rinv          52            0.52068234
rinv          53            0.85768072
rinv          54            0.31037814
rinv          55            0.51240720
rinv          56            0.28471522
rinv          57            0.24212921
rinv          58            0.42766487
rinv          59            0.38667462
rinv          60            0.40745963
rinv          61            0.58378703
rinv          62            0.54960106
rinv          63            0.76975450
rinv          64            0.35311890
rinv          65            0.56547572
rinv          66            0.29027525
rinv          67            0.39385632
rinv          68            0.61411564
rinv          69            0.54519519
rinv          70            0.65422568
rinv          71            0.35624058
rinv          72            0.46736599
rinv          73            0.54570571
rinv          74            0.88425239
rinv          75            0.32375708
rinv          76            0.53781882
rinv          77            0.29755806
rinv          78            0.25063738
rinv          79            0.42544821
rinv          80            0.40223851
rinv          81            0.43930597
rinv          82            0.60503328
rinv          83            0.55349442
rinv          84            0.90262083
rinv          85            0.34934757
rinv          86            0.57221629
rinv          87            0.28399882
rinv          88            0.38343446
rinv          89            0.60182463
rinv          90            0.54016239
rinv          91            0.56836204
rinv          92            0.35718464
rinv          93            0.47155348
rinv          94            0.55003973
rinv          95            0.84383050
rinv          96            0.31727164
rinv          97            0.51543823
rinv          98            0.29353670
rinv          99            0.24938983
rinv         100            0.41582819
rinv         101            0.40962339
rinv         102            0.48365100
rinv         103            0.58061031
rinv         104            0.56556513
rinv         105            0.84544496
rinv         106            0.35835826
rinv         107            0.56855875
rinv         108            0.27921852
rinv         109            0.39102306
rinv         110            0.60589230
rinv         111            0.54646762
rinv         112            0.59909548
rinv         113            0.35013525
rinv         114            0.40745077
rinv         115            0.53925659
rinv         116            0.87252056
rinv         117            0.30966867
rinv         118            0.49567941
rinv         119            0.29120425
rinv         120            0.24152364
rinv         121            0.44024819
rinv         122            0.37789012
rinv         123            0.38640165
rinv         124            0.53200452
rinv         125            0.55347802
rinv         126            0.89750412
rinv         127            0.42974997
rinv         128            0.53401880
rinv         129            0.63604681
rinv         130            0.56268227
rinv         131            0.29350604
rinv         132            0.35625264
rinv         133            0.33472624
rinv         134            0.21702729
rinv         135            0.22797489
rinv         136            0.22391805
rinv         137            0.20794631
rinv         138            0.21844058
rinv         139            0.21747523
rinv         140            0.23163528
rinv         141            0.24290574
rinv         142            0.24607070
rinv         143            0.31010218
rinv         144            0.39349706
rinv         145            0.43195210
rinv         146            0.37194339
rinv         147            0.52157227
rinv         148            0.54544895
rinv         149            0.42306989
rinv         150            0.59361850
rinv         151            0.59368472
rinv         152            0.49995460
rinv         153            0.65075194
rinv         154            0.66656952
rinv         155            0.65561490

 Cavity solvation energy      5.2276

 NSTEP =        1   TIME(PS) =       0.000  TEMP(K) =     0.00  PRESS =     0.0
 Etot   =      -126.8987  EKtot   =         0.0000  EPtot      =         0.0000
 BOND   =         0.0000  ANGLE   =         0.0000  DIHED      =         0.0000
 1-4 NB =         0.0000  1-4 EEL =       442.4964  VDWAALS    =         0.0000
 EELEC  =      -411.7950  EGB     =      -162.8276  RESTRAINT  =         0.0000
 ESURF  =         5.2276
 ------------------------------------------------------------------------------



  Maximum number of minimization cycles reached.


                    FINAL RESULTS


 NSTEP =        1   TIME(PS) =       0.000  TEMP(K) =     0.00  PRESS =     0.0
 Etot   =      -126.8987  EKtot   =         0.0000  EPtot      =         0.0000
 BOND   =         0.0000  ANGLE   =         0.0000  DIHED      =         0.0000
 1-4 NB =         0.0000  1-4 EEL =       442.4964  VDWAALS    =         0.0000
 EELEC  =      -411.7950  EGB     =      -162.8276  RESTRAINT  =         0.0000
 ESURF  =         5.2276
 ------------------------------------------------------------------------------

|           Job began  at 09:46:45.994  on 11/06/2021
|           Setup done at 09:46:45.997  on 11/06/2021
|           Run   done at 09:46:46.066  on 11/06/2021
|     wallclock() was called      72 times
