
          -------------------------------------------------------
          PBSA VERSION 2019                       UC Irvine
          -------------------------------------------------------

| Run on 09/26/2021 at 23:23:52
  [-O]verwriting output

File Assignments:
|  MDIN: ../../../scripts/pbsa.in                                              
| MDOUT: lig-pb.out                                                            
|INPCRD: ../top_crd/lig.crd                                                    
|  PARM: ../top_crd/lig.top                                                    
|

 Here is the input file:

Sample single point PB calculation                                             
&cntrl                                                                         
ipb=1, inp=1                                                                   
/                                                                              
&pb                                                                            
npbverb=1, fillratio=1.5, saopt=1, radiopt=0, epsin=1.0, epsout=80             
/                                                                              
 PBSA Warning in pb_read(): sprob=0.557 is optimized for inp=2 and  should not be used with inp=1. It has been reset to 1.4.
 PBSA Warning in pb_read(): cavity_surften=0.0378 is optimized for inp=2  and should not be used with inp=1. It has been reset to 0.005000.
 PBSA Warning in pb_read(): cavity_offset=-0.5692 is optimized for inp=2  and should not be used with inp=1. It has been reset to 0.000.

--------------------------------------------------------------------------------
   1.  RESOURCE   USE: 
--------------------------------------------------------------------------------

| Flags:                                                                        
| New format PARM file being parsed.
| Version =    1.000 Date = 09/26/21 Time = 22:06:27
 NATOM  =      78 NTYPES =      13 NBONH =      40 MBONA  =      39
 NTHETH =      90 MTHETA =      53 NPHIH =     169 MPHIA  =     103
 NHPARM =       0 NPARM  =       0 NNB   =     427 NRES   =       1
 NBONA  =      39 NTHETA =      53 NPHIA =     103 NUMBND =      18
 NUMANG =      35 NPTRA  =      44 NATYP =      14 NPHB   =       0
 IFBOX  =       0 NMXRS  =      78 IFCAP =       0 NEXTRA =       0
 NCOPY  =       0


|     Memory Use     Allocated
|     Real                2930
|     Hollerith            237
|     Integer            23508
|     Max Pairs              1
|     Max Rstack             1
|     Max Istack             1
|       Total              115 kbytes

--------------------------------------------------------------------------------
   2.  CONTROL  DATA  FOR  THE  RUN
--------------------------------------------------------------------------------

default_name                                                                    

General flags:
     imin    =       1, nmropt  =       0

Nature and format of input:
     ntx     =       1, irest   =       0, ntrx    =       1

Nature and format of output:
     ntxo    =       1, ntpr    =      50, ntrx    =       1, ntwr    =     500
     iwrap   =       0, ntwx    =       0, ntwv    =       0, ntwe    =       0
     ioutfm  =       0, ntwprt  =       0, idecomp =       0, rbornstat=      0

Potential function:
     ntf     =       1, ntb     =       1, ipb     =       1, nsnb    =      25
     ipol    =       0, gbsa    =       0, iesp    =       0
     dielc   =   1.00000, cut     =   8.00000, intdiel =   1.00000

Frozen or restrained atoms:
     ibelly  =       0, ntr     =       0

Energy minimization:
     maxcyc  =       1, ncyc    =      10, ntmin   =       1
     dx0     =   0.01000, drms    =   0.00010

======== Implicit Solvent Initialization ========

     Max Nonbonded Pairs:     3042     3042

 no. of atoms processed in PB initialization:    78
  NUM  RESI  NAME  TYPE    CHARGE ATM CRG/H   GRP CRG   PB RADI   NP RADI
    1  LIG   OP1   oh   -0.779900 -0.288900  1.367600  1.500000  1.621436
    2  LIG   HO1P  ho    0.491000  0.491000  0.491000  0.800000  0.268962
    3  LIG   P     p5    1.656500  1.656500 -0.192100  1.850000  1.847011
    4  LIG   OP2   o    -0.777300 -0.777300  0.879200  1.500000  1.524060
    5  LIG   O3P   oh   -0.779900 -0.288900  1.367600  1.500000  1.621436
    6  LIG   HO3P  ho    0.491000  0.491000  0.491000  0.800000  0.268962
    7  LIG   OH    os   -0.493500 -0.493500  1.302100  1.500000  1.578049
    8  LIG   CZ    ca    0.139100  0.139100 -0.340400  1.700000  1.657606
    9  LIG   CE2   ca   -0.143000  0.007000  0.180100  1.700000  1.657606
   10  LIG   CD2   ca   -0.104500  0.034000 -0.043300  1.700000  1.657606
   11  LIG   HD2   ha    0.138500  0.138500  0.138500  1.300000  1.312739
   12  LIG   HE2   ha    0.150000  0.150000  0.150000  1.300000  1.312739
   13  LIG   CE1   ca   -0.143000  0.007000  0.180100  1.700000  1.657606
   14  LIG   HE1   ha    0.150000  0.150000  0.150000  1.300000  1.312739
   15  LIG   CD1   ca   -0.104500  0.034000 -0.043300  1.700000  1.657606
   16  LIG   HD1   ha    0.138500  0.138500  0.138500  1.300000  1.312739
   17  LIG   CG    ca   -0.084300 -0.084300  0.074000  1.700000  1.657606
   18  LIG   CB    c3   -0.045100  0.090300  0.156400  1.700000  1.698855
   19  LIG   HB1   hc    0.067700  0.067700  0.067700  1.300000  1.300089
   20  LIG   HB2   hc    0.067700  0.067700  0.067700  1.300000  1.300089
   21  LIG   CA    c3    0.042700  0.150400  0.638400  1.700000  1.698855
   22  LIG   N     n    -0.557900 -0.235400  0.577100  1.550000  1.590432
   23  LIG   C     c     0.662100  0.662100 -0.145400  1.700000  1.657606
   24  LIG   O     o    -0.607100 -0.607100  0.055000  1.500000  1.524060
   25  LIG   CH3   c3   -0.174100  0.035000  0.697100  1.700000  1.698855
   26  LIG   HH31  hc    0.069700  0.069700  0.069700  1.300000  1.300089
   27  LIG   HH32  hc    0.069700  0.069700  0.069700  1.300000  1.300089
   28  LIG   HH33  hc    0.069700  0.069700  0.069700  1.300000  1.300089
   29  LIG   HN    hn    0.322500  0.322500  0.322500  1.300000  0.553248
   30  LIG   HA    h1    0.107700  0.107700  0.107700  1.300000  1.210999
   31  LIG   C7    c     0.633100  0.633100 -0.060000  1.700000  1.657606
   32  LIG   O4    o    -0.633100 -0.633100  0.000000  1.500000  1.524060
   33  LIG   N2    n    -0.540900 -0.210400  0.565100  1.550000  1.590432
   34  LIG   HN2   hn    0.330500  0.330500  0.330500  1.300000  0.553248
   35  LIG   C9    c3    0.032700  0.142400  0.618100  1.700000  1.698855
   36  LIG   C10   c3   -0.077400  0.052000  0.221400  1.700000  1.698855
   37  LIG   C11   c3   -0.101400  0.027000  0.480600  1.700000  1.698855
   38  LIG   CD    c3    0.334900  0.401600 -0.006000  1.700000  1.698855
   39  LIG   OE1   oh   -0.645800 -0.217300  0.184300  1.500000  1.621436
   40  LIG   HOE1  ho    0.428500  0.428500  0.428500  0.800000  0.268962
   41  LIG   OE2   oh   -0.645800 -0.217300  0.184300  1.500000  1.621436
   42  LIG   HOE2  ho    0.428500  0.428500  0.428500  0.800000  0.268962
   43  LIG   HD    h2    0.066700  0.066700  0.066700  1.300000  1.121909
   44  LIG   H111  hc    0.064200  0.064200  0.064200  1.300000  1.300089
   45  LIG   H112  hc    0.064200  0.064200  0.064200  1.300000  1.300089
   46  LIG   H101  hc    0.064700  0.064700  0.064700  1.300000  1.300089
   47  LIG   H102  hc    0.064700  0.064700  0.064700  1.300000  1.300089
   48  LIG   H9    h1    0.109700  0.109700  0.109700  1.300000  1.210999
   49  LIG   C8    c     0.634100  0.634100 -0.295400  1.700000  1.657606
   50  LIG   O5    o    -0.629100 -0.629100  0.005000  1.500000  1.524060
   51  LIG   N1    n    -0.442800 -0.442800  0.606100  1.550000  1.590432
   52  LIG   C6    c3    0.079000  0.210400 -0.260400  1.700000  1.698855
   53  LIG   H61   h1    0.065700  0.065700  0.065700  1.300000  1.210999
   54  LIG   H62   h1    0.065700  0.065700  0.065700  1.300000  1.210999
   55  LIG   C2    c3    0.074000  0.204400 -0.237400  1.700000  1.698855
   56  LIG   H21   h1    0.065200  0.065200  0.065200  1.300000  1.210999
   57  LIG   H22   h1    0.065200  0.065200  0.065200  1.300000  1.210999
   58  LIG   C3    c3   -0.099400  0.001000  0.217400  1.700000  1.698855
   59  LIG   H31   hc    0.050200  0.050200  0.050200  1.300000  1.300089
   60  LIG   H32   hc    0.050200  0.050200  0.050200  1.300000  1.300089
   61  LIG   C4    c3   -0.075400  0.012000 -0.015000  1.700000  1.698855
   62  LIG   H41   hc    0.043700  0.043700  0.043700  1.300000  1.300089
   63  LIG   H42   hc    0.043700  0.043700  0.043700  1.300000  1.300089
   64  LIG   C5    c3   -0.083700 -0.028000  0.212400  1.700000  1.698855
   65  LIG   H5    hc    0.055700  0.055700  0.055700  1.300000  1.300089
   66  LIG   C1'   c3   -0.079400  0.018000 -0.012000  1.700000  1.698855
   67  LIG   H1'1  hc    0.048700  0.048700  0.048700  1.300000  1.300089
   68  LIG   H1'2  hc    0.048700  0.048700  0.048700  1.300000  1.300089
   69  LIG   C2'   c3   -0.077400 -0.002000  0.013000  1.700000  1.698855
   70  LIG   H2'   hc    0.037700  0.037700  0.037700  1.300000  1.300089
   71  LIG   H2''  hc    0.037700  0.037700  0.037700  1.300000  1.300089
   72  LIG   C3'   c3   -0.078400 -0.003000  0.002999  1.700000  1.698855
   73  LIG   H3'1  hc    0.037700  0.037700  0.037700  1.300000  1.300089
   74  LIG   H3'2  hc    0.037700  0.037700  0.037700  1.300000  1.300089
   75  LIG   C4'   c3   -0.094100  0.007999  0.004999  1.700000  1.698855
   76  LIG   H4'1  hc    0.034033  0.034033  0.034033  1.300000  1.300089
   77  LIG   H4'2  hc    0.034033  0.034033  0.034033  1.300000  1.300089
   78  LIG   H4'3  hc    0.034033  0.034033  0.034033  1.300000  1.300089

 total system charges (+/-) for PB        0.0010        9.0992       -9.0982
 cavity_surften =        0.0050 cavity_offset =        0.0000

   SAS Surface: surface dots generated:    366

--------------------------------------------------------------------------------
   3.  ATOMIC COORDINATES AND VELOCITIES
--------------------------------------------------------------------------------

default_name                                                                    
 begin time read from input coords =     0.000 ps

 Number of triangulated 3-point waters found:        0

--------------------------------------------------------------------------------
   4.  RESULTS
--------------------------------------------------------------------------------

  NB-update: atom-based nb list     2123


======== Setting up Grid Parameters ========
Using bounding box for grid setup
 Bounding Box at level:           2
 Bounding Box Center:      42.500    -7.000    41.000
 Xmin, Xmax, Xmax-Xmin:    37.120    48.192    11.072
 Ymin, Ymax, Ymax-Ymin:   -12.633    -1.277    11.356
 Zmin, Zmax, Zmax-Zmin:    31.244    51.151    19.907
 Grid dimension at level     2    41   41   59
 Grid origin corrected at level     2     32.000   -17.500    26.000
 Bounding Box at level:           1
 Bounding Box Center:      42.500    -7.000    41.000
 Xmin, Xmax, Xmax-Xmin:    37.120    48.192    11.072
 Ymin, Ymax, Ymax-Ymin:   -12.633    -1.277    11.356
 Zmin, Zmax, Zmax-Zmin:    31.244    51.151    19.907
PB Warn in setgrd(): focusing grid too large    2
 fillratio is automatically increased to 2.500
 Grid dimension at level     1     9    9   13
 Grid origin corrected at level     1     22.500   -27.000    13.000
------- VMD goodie --------
#First Level Geometric Box
draw materials off
draw color green
draw line "   22.500  -27.000   13.000" "   58.500  -27.000   13.000"
draw line "   22.500  -27.000   13.000" "   22.500    9.000   13.000"
draw line "   22.500  -27.000   13.000" "   22.500  -27.000   65.000"
draw line "   58.500  -27.000   13.000" "   58.500    9.000   13.000"
draw line "   58.500  -27.000   13.000" "   58.500  -27.000   65.000"
draw line "   22.500    9.000   13.000" "   58.500    9.000   13.000"
draw line "   22.500    9.000   13.000" "   22.500    9.000   65.000"
draw line "   22.500  -27.000   65.000" "   58.500  -27.000   65.000"
draw line "   22.500  -27.000   65.000" "   22.500    9.000   65.000"
draw line "   58.500    9.000   65.000" "   58.500    9.000   13.000"
draw line "   58.500    9.000   65.000" "   22.500    9.000   65.000"
draw line "   58.500    9.000   65.000" "   58.500  -27.000   65.000"
#2nd Level Geometric Box
draw color blue
draw line "   32.000  -17.500   26.000" "   53.000  -17.500   26.000"
draw line "   32.000  -17.500   26.000" "   32.000    3.500   26.000"
draw line "   32.000  -17.500   26.000" "   32.000  -17.500   56.000"
draw line "   53.000  -17.500   26.000" "   53.000    3.500   26.000"
draw line "   53.000  -17.500   26.000" "   53.000  -17.500   56.000"
draw line "   32.000    3.500   26.000" "   53.000    3.500   26.000"
draw line "   32.000    3.500   26.000" "   32.000    3.500   56.000"
draw line "   32.000  -17.500   56.000" "   53.000  -17.500   56.000"
draw line "   32.000  -17.500   56.000" "   32.000    3.500   56.000"
draw line "   53.000    3.500   56.000" "   53.000    3.500   26.000"
draw line "   53.000    3.500   56.000" "   32.000    3.500   56.000"
draw line "   53.000    3.500   56.000" "   53.000  -17.500   56.000"
--- End VMD goodie --------

======== Setting up Solvent Accessibility Data ========
Setting up working radii
Number of SA srf points exposed  3431
 Number of SA arcs generated  1168
 Number of SA arc points exposed        1775 Number of trimer arc points exposed         172
 with resolution (A) = .250000E+00

Atomic solvent accessible surface area:
           1   27.4314256894597
           2   10.3030505299369
           3    4.7145348770060
           4   50.5315736384784
           5   36.3827330197045
           6    0.6647129374153
           7   14.1488406187740
           8    4.2893898383931
           9    7.2589674188192
          10    7.9188735478027
          11   20.0237905527166
          12   25.5303329547136
          13    6.5990612898356
          14   19.2728984069897
          15    5.6092020963603
          16   15.2681402964464
          17    2.9695775804260
          18    0.0000000000000
          19    8.5101109849045
          20   16.2693298240822
          21    0.0000000000000
          22    0.0000000000000
          23    2.6396245159342
          24   30.0301923337243
          25    2.9695775804260
          26   25.7806303366226
          27   26.2812251004405
          28   30.5362805928928
          29    5.7568397839060
          30    4.7556502562702
          31    0.0000000000000
          32   23.1001479490187
          33    0.0000000000000
          34    4.0047581105433
          35    0.0000000000000
          36    0.0000000000000
          37    0.0000000000000
          38    0.0000000000000
          39   21.3676368528423
          40    9.4721593581678
          41   23.6776516477442
          42    1.8279605778920
          43   26.7818198642584
          44   23.5279538994420
          45   13.5160586230837
          46    1.2514869095448
          47   11.2633821859031
          48    0.2502973819090
          49    0.9898591934753
          50   15.8813517149504
          51    0.5975892911009
          52    0.3299530644918
          53   19.7734931708076
          54   16.0190324421733
          55    0.0000000000000
          56    8.5101109849045
          57   19.7734931708076
          58    0.0000000000000
          59    5.2562450200881
          60   24.5291434270778
          61    0.0000000000000
          62   15.5184376783554
          63   20.0237905527166
          64    0.0000000000000
          65   17.0202219698091
          66    0.0000000000000
          67    6.2574345477239
          68    0.0000000000000
          69    0.0000000000000
          70   12.0142743316300
          71   18.2717088793539
          72    0.3299530644918
          73   18.5220062612628
          74   25.5303329547136
          75    1.9797183869507
          76   31.2871727386197
          77   15.2681402964464
          78   25.7806303366226

 ======== FDPB Summary ========

 Do FDPB every           1 steps
 Nonbonded Update
   residue cutoff is set to   99.9000000000000
   fdpb cutoff is set to    5.0000000000000
   sas cutoff is set to    9.0000000000000
   nonbonded cutoff is set to    0.0000000000000
 Grid Constants
   Grid dimension       9       9      13
   Grid spacing set to     4.000
   Grid boundary
        22.500    62.500
       -27.000    13.000
        13.000    69.000

 Dielectric Map
   Use cavity radii in the prmtop file

   Use probe-based SES definition
     Compute SAS/SAR every           1 steps
     Solvent probe radius   1.40000000000000
     Surface dots per atom     366
     Buried atom radii increment   0.79800000000000
     Threshhold for exposed atom   0.08000000000000
     Current SAS 891.95197344140513

 Boundary conditions
   sum of grid charges as independent DH spheres

 Physical constants
   Solute dielectric constant  :   1.00000000000000
   Solvent dielectric constant :   80.0000000000000
   Temperature (K)             :   300.000000000000
   Ionic strength (mM)         :   0.00000000000000
   Debye-Huckel parameter (1/A):   0.00000000000000

FD Solver Option
   Use Modified ICCG solver

 Iteration data
   Maximum iterations  :         100
   Convergence criteria:  1.000000000000000E-03
   Iterations required        :     6
   Norm of the constant vector:       126.1511338663
   Norm of the residual vector:      0.0553908438872
   Convergence achieved       :  4.3908320273952401E-04

 Total molecular surface    530.0861

 ======== FDPB Summary ========

 Do FDPB every           1 steps
 Nonbonded Update
   residue cutoff is set to   99.9000000000000
   fdpb cutoff is set to    5.0000000000000
   sas cutoff is set to    9.0000000000000
   nonbonded cutoff is set to    0.0000000000000
 Grid Constants
   Grid dimension      41      41      59
   Grid spacing set to     0.500
   Grid boundary
        32.000    53.000
       -17.500     3.500
        26.000    56.000

 Dielectric Map
   Use cavity radii in the prmtop file

   Use probe-based SES definition
     Compute SAS/SAR every           1 steps
     Solvent probe radius   1.40000000000000
     Surface dots per atom     366
     Buried atom radii increment   0.79800000000000
     Threshhold for exposed atom   0.08000000000000
     Current SAS 891.95197344140513

 Boundary conditions
   sum of grid charges as independent DH spheres

 Physical constants
   Solute dielectric constant  :   1.00000000000000
   Solvent dielectric constant :   80.0000000000000
   Temperature (K)             :   300.000000000000
   Ionic strength (mM)         :   0.00000000000000
   Debye-Huckel parameter (1/A):   0.00000000000000

FD Solver Option
   Use Modified ICCG solver

 Iteration data
   Maximum iterations  :         100
   Convergence criteria:  1.000000000000000E-03
   Iterations required        :    12
   Norm of the constant vector:     65949.8884602525
   Norm of the residual vector:     61.3538028585289
   Convergence achieved       :  9.3030942570139984E-04

 Total surface charge      -0.0017
 Reaction field energy    -69.9064
 Nonpolar SAS/SAV    891.9520      0.0000
 Cavity solvation energy      4.4598

 NSTEP =        1   TIME(PS) =       0.000  TEMP(K) =     0.00  PRESS =     0.0
 Etot   =      -173.5190  EKtot   =         0.0000  EPtot      =         0.0000
 BOND   =         0.0000  ANGLE   =         0.0000  DIHED      =         0.0000
 1-4 NB =         0.0000  1-4 EEL =         0.0000  VDWAALS    =       -11.4008
 EELEC  =       -96.6715  EPB     =       -69.9064  RESTRAINT  =         0.0000
 ECAVITY=         4.4598  EDISPER =         0.0000
 ------------------------------------------------------------------------------



  Maximum number of minimization cycles reached.


                    FINAL RESULTS


 NSTEP =        1   TIME(PS) =       0.000  TEMP(K) =     0.00  PRESS =     0.0
 Etot   =      -173.5190  EKtot   =         0.0000  EPtot      =         0.0000
 BOND   =         0.0000  ANGLE   =         0.0000  DIHED      =         0.0000
 1-4 NB =         0.0000  1-4 EEL =         0.0000  VDWAALS    =       -11.4008
 EELEC  =       -96.6715  EPB     =       -69.9064  RESTRAINT  =         0.0000
 ECAVITY=         4.4598  EDISPER =         0.0000
 ------------------------------------------------------------------------------


--------------------------------------------------------------------------------
   5.  TIMINGS
--------------------------------------------------------------------------------

| Total time                     0.07
| Read prm/crd time              0.01
| Force time                     0.06
| Nonbond force                  0.06
| PB Nonbond                     0.06
| PB FD grid                     0.00
| PB Sasa                        0.01
| PB FD force                    0.06
| PB Set linear sys              0.03
| PB Solver                      0.04
| PB SA srf                      0.00
| PB SA arc                      0.01
| PB circle                      0.00
| PB exclude                     0.00
| PB exmol                       0.02
| PB exmol setup                 0.00
| PB exmol part b                0.00
| PB exmol part c                0.00
| PB exmol part e                0.00
| PB exmol part f                0.01
| PB epsmap                      0.00
|           Job began  at 23:23:52.742  on 09/26/2021
|           Setup done at 23:23:52.750  on 09/26/2021
|           Run   done at 23:23:52.814  on 09/26/2021
|     wallclock() was called     110 times
