log started: Sun Sep 26 21:38:58 2021

Log file: ./leap.log
>> #
>> # ----- leaprc for loading the general Amber Force field.
>> #       This file is mostly for use with Antechamber
>> #
>> #	load atom type hybridizations
>> #
>> addAtomTypes {
>> 	{ "h1"  "H" "sp3" }
>> 	{ "h2"  "H" "sp3" }
>> 	{ "h3"  "H" "sp3" }
>> 	{ "h4"  "H" "sp3" }
>> 	{ "h5"  "H" "sp3" }
>> 	{ "ha"  "H" "sp3" }
>> 	{ "hc"  "H" "sp3" }
>> 	{ "hn"  "H" "sp3" }
>> 	{ "ho"  "H" "sp3" }
>> 	{ "hp"  "H" "sp3" }
>> 	{ "hs"  "H" "sp3" }
>> 	{ "hw"  "H" "sp3" }
>> 	{ "hx"  "H" "sp3" }
>> 	{ "o"  "O" "sp2" }
>> 	{ "o2"  "O" "sp2" }
>> 	{ "oh"  "O" "sp3" }
>> 	{ "op"  "O" "sp3" }
>> 	{ "oq"  "O" "sp3" }
>> 	{ "os"  "O" "sp3" }
>> 	{ "ow"  "O" "sp3" }
>> 	{ "c"  "C" "sp2" }
>> 	{ "c1"  "C" "sp2" }
>> 	{ "c2"  "C" "sp2" }
>> 	{ "c3"  "C" "sp3" }
>> 	{ "ca"  "C" "sp2" }
>> 	{ "cc"  "C" "sp2" }
>> 	{ "cd"  "C" "sp2" }
>> 	{ "ce"  "C" "sp2" }
>> 	{ "cf"  "C" "sp2" }
>> 	{ "cg"  "C" "sp2" }
>> 	{ "ch"  "C" "sp2" }
>> 	{ "cp"  "C" "sp2" }
>> 	{ "cs"  "C" "sp2" }
>> 	{ "cq"  "C" "sp2" }
>> 	{ "cu"  "C" "sp2" }
>> 	{ "cv"  "C" "sp2" }
>> 	{ "cx"  "C" "sp2" }
>> 	{ "cy"  "C" "sp2" }
>> 	{ "cz"  "C" "sp2" }
>> 	{ "n"   "N" "sp2" }
>> 	{ "n1"  "N" "sp2" }
>> 	{ "n2"  "N" "sp2" }
>> 	{ "n3"  "N" "sp3" }
>> 	{ "n4"  "N" "sp3" }
>> 	{ "n5"  "N" "sp3" }
>> 	{ "n6"  "N" "sp3" }
>> 	{ "n7"  "N" "sp3" }
>> 	{ "n8"  "N" "sp3" }
>> 	{ "n9"  "N" "sp3" }
>> 	{ "na"  "N" "sp2" }
>> 	{ "nb"  "N" "sp2" }
>> 	{ "nc"  "N" "sp2" }
>> 	{ "nd"  "N" "sp2" }
>> 	{ "ne"  "N" "sp2" }
>> 	{ "nf"  "N" "sp2" }
>> 	{ "nh"  "N" "sp2" }
>> 	{ "ni"  "N" "sp2" }
>> 	{ "nj"  "N" "sp2" }
>> 	{ "nk"  "N" "sp3" }
>> 	{ "nl"  "N" "sp3" }
>> 	{ "nm"  "N" "sp2" }
>> 	{ "nn"  "N" "sp2" }
>> 	{ "no"  "N" "sp2" }
>> 	{ "np"  "N" "sp3" }
>> 	{ "nq"  "N" "sp3" }
>> 	{ "ns"  "N" "sp2" }
>> 	{ "nt"  "N" "sp2" }
>> 	{ "nu"  "N" "sp2" }
>> 	{ "nv"  "N" "sp2" }
>> 	{ "nx"  "N" "sp3" }
>> 	{ "ny"  "N" "sp3" }
>> 	{ "nz"  "N" "sp3" }
>> 	{ "n+"  "N" "sp3" }
>> 	{ "s"   "S" "sp2" }
>> 	{ "s2"   "S" "sp2" }
>> 	{ "s3"   "S" "sp3" }
>> 	{ "s4"   "S" "sp3" }
>> 	{ "s6"   "S" "sp3" }
>> 	{ "sh"   "S" "sp3" }
>> 	{ "sp"   "S" "sp3" }
>> 	{ "sq"   "S" "sp3" }
>> 	{ "ss"   "S" "sp3" }
>> 	{ "sx"   "S" "sp3" }
>> 	{ "sy"   "S" "sp3" }
>> 	{ "p2"   "P" "sp2" }
>> 	{ "p3"   "P" "sp3" }
>> 	{ "p4"   "P" "sp3" }
>> 	{ "p5"   "P" "sp3" }
>> 	{ "pb"   "P" "sp3" }
>> 	{ "pc"   "P" "sp3" }
>> 	{ "pd"   "P" "sp3" }
>> 	{ "pe"   "P" "sp3" }
>> 	{ "pf"   "P" "sp3" }
>> 	{ "px"   "P" "sp3" }
>> 	{ "py"   "P" "sp3" }
>> 	{ "f"   "F" "sp3" }
>> 	{ "cl"  "Cl" "sp3" }
>> 	{ "br"  "Br" "sp3" }
>> 	{ "i"   "I"  "sp3" }
>> }
>> #
>> #	Load the general force field parameter set.
>> #
>> gaff = loadamberparams gaff2.dat
Loading parameters: /Users/misspotato/Documents/amber20/dat/leap/parm/gaff2.dat
Reading title:
AMBER General Force Field for organic molecules (Version 2.11, May 2016)
> 
> lig = loadpdb lig_new.pqr
Loading PDB file: ./lig_new.pqr
Matching PDB residue names to LEaP variables.

Warning: Unknown residue: LIG   number: 0   type: Terminal/last
..relaxing end constraints to try for a dbase match

Warning:   -no luck
Creating new UNIT for residue: LIG sequence: 1
Created a new atom named: C1 within residue: .R<LIG 1>
Created a new atom named: C2 within residue: .R<LIG 1>
Created a new atom named: C3 within residue: .R<LIG 1>
Created a new atom named: C4 within residue: .R<LIG 1>
Created a new atom named: C5 within residue: .R<LIG 1>
Created a new atom named: C6 within residue: .R<LIG 1>
Created a new atom named: C7 within residue: .R<LIG 1>
Created a new atom named: C8 within residue: .R<LIG 1>
Created a new atom named: C9 within residue: .R<LIG 1>
Created a new atom named: C10 within residue: .R<LIG 1>
Created a new atom named: C11 within residue: .R<LIG 1>
Created a new atom named: C12 within residue: .R<LIG 1>
Created a new atom named: C13 within residue: .R<LIG 1>
Created a new atom named: C14 within residue: .R<LIG 1>
Created a new atom named: C15 within residue: .R<LIG 1>
Created a new atom named: C16 within residue: .R<LIG 1>
Created a new atom named: C17 within residue: .R<LIG 1>
Created a new atom named: C18 within residue: .R<LIG 1>
Created a new atom named: C19 within residue: .R<LIG 1>
Created a new atom named: C20 within residue: .R<LIG 1>
Created a new atom named: C21 within residue: .R<LIG 1>
Created a new atom named: C22 within residue: .R<LIG 1>
Created a new atom named: C23 within residue: .R<LIG 1>
Created a new atom named: C24 within residue: .R<LIG 1>
Created a new atom named: C25 within residue: .R<LIG 1>
Created a new atom named: C26 within residue: .R<LIG 1>
Created a new atom named: C27 within residue: .R<LIG 1>
Created a new atom named: C28 within residue: .R<LIG 1>
Created a new atom named: N1 within residue: .R<LIG 1>
Created a new atom named: N2 within residue: .R<LIG 1>
Created a new atom named: N3 within residue: .R<LIG 1>
Created a new atom named: N4 within residue: .R<LIG 1>
Created a new atom named: N5 within residue: .R<LIG 1>
Created a new atom named: N6 within residue: .R<LIG 1>
Created a new atom named: N7 within residue: .R<LIG 1>
Created a new atom named: N8 within residue: .R<LIG 1>
Created a new atom named: O1 within residue: .R<LIG 1>
Created a new atom named: O2 within residue: .R<LIG 1>
Created a new atom named: O3 within residue: .R<LIG 1>
Created a new atom named: O4 within residue: .R<LIG 1>
Created a new atom named: O5 within residue: .R<LIG 1>
Created a new atom named: O6 within residue: .R<LIG 1>
Created a new atom named: H11 within residue: .R<LIG 1>
Created a new atom named: H12 within residue: .R<LIG 1>
Created a new atom named: H13 within residue: .R<LIG 1>
Created a new atom named: H3 within residue: .R<LIG 1>
Created a new atom named: H41 within residue: .R<LIG 1>
Created a new atom named: H42 within residue: .R<LIG 1>
Created a new atom named: H5 within residue: .R<LIG 1>
Created a new atom named: H61 within residue: .R<LIG 1>
Created a new atom named: H62 within residue: .R<LIG 1>
Created a new atom named: H71 within residue: .R<LIG 1>
Created a new atom named: H72 within residue: .R<LIG 1>
Created a new atom named: H81 within residue: .R<LIG 1>
Created a new atom named: H82 within residue: .R<LIG 1>
Created a new atom named: H91 within residue: .R<LIG 1>
Created a new atom named: H92 within residue: .R<LIG 1>
Created a new atom named: H101 within residue: .R<LIG 1>
Created a new atom named: H102 within residue: .R<LIG 1>
Created a new atom named: H17 within residue: .R<LIG 1>
Created a new atom named: H121 within residue: .R<LIG 1>
Created a new atom named: H122 within residue: .R<LIG 1>
Created a new atom named: H21 within residue: .R<LIG 1>
Created a new atom named: H14 within residue: .R<LIG 1>
Created a new atom named: H151 within residue: .R<LIG 1>
Created a new atom named: H152 within residue: .R<LIG 1>
Created a new atom named: H153 within residue: .R<LIG 1>
Created a new atom named: H161 within residue: .R<LIG 1>
Created a new atom named: H162 within residue: .R<LIG 1>
Created a new atom named: H163 within residue: .R<LIG 1>
Created a new atom named: H18 within residue: .R<LIG 1>
Created a new atom named: H191 within residue: .R<LIG 1>
Created a new atom named: H192 within residue: .R<LIG 1>
Created a new atom named: H201 within residue: .R<LIG 1>
Created a new atom named: H202 within residue: .R<LIG 1>
Created a new atom named: H23 within residue: .R<LIG 1>
Created a new atom named: H251 within residue: .R<LIG 1>
Created a new atom named: H252 within residue: .R<LIG 1>
Created a new atom named: H261 within residue: .R<LIG 1>
Created a new atom named: H262 within residue: .R<LIG 1>
Created a new atom named: H271 within residue: .R<LIG 1>
Created a new atom named: H272 within residue: .R<LIG 1>
Created a new atom named: HN1 within residue: .R<LIG 1>
Created a new atom named: HN2 within residue: .R<LIG 1>
Created a new atom named: H31 within residue: .R<LIG 1>
Created a new atom named: H32 within residue: .R<LIG 1>
Created a new atom named: HN4 within residue: .R<LIG 1>
Created a new atom named: H51 within residue: .R<LIG 1>
Created a new atom named: H52 within residue: .R<LIG 1>
Created a new atom named: HN6 within residue: .R<LIG 1>
Created a new atom named: H22 within residue: .R<LIG 1>
Created a new atom named: H24 within residue: .R<LIG 1>
Created a new atom named: H28 within residue: .R<LIG 1>
Created a new atom named: H29 within residue: .R<LIG 1>
Created a new atom named: HO2 within residue: .R<LIG 1>
  total atoms in file: 95
  The file contained 95 atoms not in residue templates
> quit
	Quit

Exiting LEaP: Errors = 0; Warnings = 4; Notes = 0.
