
          -------------------------------------------------------
          GBNSR6 2015                       
          -------------------------------------------------------

| Run on 11/07/2021 at 11:48:58
  [-O]verwriting output

File Assignments:
|  MDIN: ../scripts/gbnsr6.in                                                  
| MDOUT: guest-gb-radii.out                                                    
|INPCRD: guest.crd                                                             
|  PARM: guest.prmtop                                                          
|

 Here is the input file:

compute                                                                        
&cntrl                                                                         
inp=1                                                                          
/                                                                              
&gb                                                                            
epsin=1.0, epsout=80, istrng=0, space=0.5,                                     
arcres=0.2, B=0.028, alpb=1, rbornstat=1, cavity_surften=0.005                 
/                                                                              

--------------------------------------------------------------------------------
   1.  RESOURCE   USE: 
--------------------------------------------------------------------------------

| Flags:                                                                        
| New format PARM file being parsed.
| Version =    1.000 Date = 08/29/21 Time = 13:42:29
 NATOM  =      22 NTYPES =       4 NBONH =      13 MBONA  =       8
 NTHETH =      31 MTHETA =       8 NPHIH =      51 MPHIA  =      13
 NHPARM =       0 NPARM  =       0 NNB   =     112 NRES   =       1
 NBONA  =       8 NTHETA =       8 NPHIA =      13 NUMBND =       4
 NUMANG =       7 NPTRA  =      10 NATYP =      14 NPHB   =       0
 IFBOX  =       1 NMXRS  =      22 IFCAP =       0 NEXTRA =       0
 NCOPY  =       0

GB Warning in  gb_read(): B=0 is recommended for molecules with more than 50 atoms

|     Memory Use     Allocated
|     Real                 852
|     Hollerith            135
|     Integer            18902
|     Max Pairs              1
|     Max Rstack             1
|     Max Istack             1
|       Total               81 kbytes

| Note: 1-4 EEL scale factors are being read from the topology file.

     BOX TYPE: RECTILINEAR

--------------------------------------------------------------------------------
   2.  ATOMIC COORDINATES AND VELOCITIES
--------------------------------------------------------------------------------

Cpptraj Generated Restart                                                       
 begin time read from input coords =   551.000 ps

 Number of triangulated 3-point waters found:        0

--------------------------------------------------------------------------------
   3.  RESULTS
--------------------------------------------------------------------------------

Print:    Atom number      Inverse Effective Born Radii
rinv           1            0.47645631
rinv           2            0.60199714
rinv           3            0.60736657
rinv           4            0.44766959
rinv           5            0.62284648
rinv           6            0.63151483
rinv           7            0.43140233
rinv           8            0.61529831
rinv           9            0.59535565
rinv          10            0.43065684
rinv          11            0.61722470
rinv          12            0.59899216
rinv          13            0.42634980
rinv          14            0.60565742
rinv          15            0.59583315
rinv          16            0.44736602
rinv          17            0.62689860
rinv          18            0.62348856
rinv          19            0.49843383
rinv          20            0.66147416
rinv          21            0.66986006
rinv          22            0.65761742

 Cavity solvation energy      1.8454

 NSTEP =        1   TIME(PS) =       0.000  TEMP(K) =     0.00  PRESS =     0.0
 Etot   =       -66.4501  EKtot   =         0.0000  EPtot      =         0.0000
 BOND   =         0.0000  ANGLE   =         0.0000  DIHED      =         0.0000
 1-4 NB =         0.0000  1-4 EEL =         5.3914  VDWAALS    =         0.0000
 EELEC  =         8.3475  EGB     =       -82.0344  RESTRAINT  =         0.0000
 ESURF  =         1.8454
 ------------------------------------------------------------------------------



  Maximum number of minimization cycles reached.


                    FINAL RESULTS


 NSTEP =        1   TIME(PS) =       0.000  TEMP(K) =     0.00  PRESS =     0.0
 Etot   =       -66.4501  EKtot   =         0.0000  EPtot      =         0.0000
 BOND   =         0.0000  ANGLE   =         0.0000  DIHED      =         0.0000
 1-4 NB =         0.0000  1-4 EEL =         5.3914  VDWAALS    =         0.0000
 EELEC  =         8.3475  EGB     =       -82.0344  RESTRAINT  =         0.0000
 ESURF  =         1.8454
 ------------------------------------------------------------------------------

|           Job began  at 11:48:58.954  on 11/07/2021
|           Setup done at 11:48:58.958  on 11/07/2021
|           Run   done at 11:48:58.969  on 11/07/2021
|     wallclock() was called      72 times
