
          -------------------------------------------------------
          GBNSR6 2015                       
          -------------------------------------------------------

| Run on 11/06/2021 at 09:46:47
  [-O]verwriting output

File Assignments:
|  MDIN: ../scripts/gbnsr6.in                                                  
| MDOUT: guest-gb-radii.out                                                    
|INPCRD: guest.crd                                                             
|  PARM: guest.prmtop                                                          
|

 Here is the input file:

compute                                                                        
&cntrl                                                                         
inp=1                                                                          
/                                                                              
&gb                                                                            
epsin=1.0, epsout=80, istrng=0, space=0.5,                                     
arcres=0.2, B=0.028, alpb=1, rbornstat=0, rbornstat=1, cavity_surften=0.005    
/                                                                              

--------------------------------------------------------------------------------
   1.  RESOURCE   USE: 
--------------------------------------------------------------------------------

| Flags:                                                                        
| New format PARM file being parsed.
| Version =    1.000 Date = 08/29/21 Time = 13:29:55
 NATOM  =      13 NTYPES =       4 NBONH =       7 MBONA  =       5
 NTHETH =      16 MTHETA =       5 NPHIH =      27 MPHIA  =       4
 NHPARM =       0 NPARM  =       0 NNB   =      58 NRES   =       1
 NBONA  =       5 NTHETA =       5 NPHIA =       4 NUMBND =       4
 NUMANG =       7 NPTRA  =       7 NATYP =      14 NPHB   =       0
 IFBOX  =       1 NMXRS  =      13 IFCAP =       0 NEXTRA =       0
 NCOPY  =       0

GB Warning in  gb_read(): B=0 is recommended for molecules with more than 50 atoms

|     Memory Use     Allocated
|     Real                 519
|     Hollerith             81
|     Integer            18485
|     Max Pairs              1
|     Max Rstack             1
|     Max Istack             1
|       Total               76 kbytes

| Note: 1-4 EEL scale factors are being read from the topology file.

     BOX TYPE: RECTILINEAR

--------------------------------------------------------------------------------
   2.  ATOMIC COORDINATES AND VELOCITIES
--------------------------------------------------------------------------------

Cpptraj Generated Restart                                                       
 begin time read from input coords =   551.000 ps

 Number of triangulated 3-point waters found:        0

--------------------------------------------------------------------------------
   3.  RESULTS
--------------------------------------------------------------------------------

Print:    Atom number      Inverse Effective Born Radii
rinv           1            0.48197279
rinv           2            0.59226609
rinv           3            0.61017886
rinv           4            0.44788435
rinv           5            0.62840054
rinv           6            0.62015999
rinv           7            0.44988227
rinv           8            0.63638822
rinv           9            0.61621405
rinv          10            0.49652776
rinv          11            0.66782840
rinv          12            0.66541007
rinv          13            0.65315906

 Cavity solvation energy      1.3466

 NSTEP =        1   TIME(PS) =       0.000  TEMP(K) =     0.00  PRESS =     0.0
 Etot   =       -71.7165  EKtot   =         0.0000  EPtot      =         0.0000
 BOND   =         0.0000  ANGLE   =         0.0000  DIHED      =         0.0000
 1-4 NB =         0.0000  1-4 EEL =       -12.8573  VDWAALS    =         0.0000
 EELEC  =        20.9950  EGB     =       -81.2008  RESTRAINT  =         0.0000
 ESURF  =         1.3466
 ------------------------------------------------------------------------------



  Maximum number of minimization cycles reached.


                    FINAL RESULTS


 NSTEP =        1   TIME(PS) =       0.000  TEMP(K) =     0.00  PRESS =     0.0
 Etot   =       -71.7165  EKtot   =         0.0000  EPtot      =         0.0000
 BOND   =         0.0000  ANGLE   =         0.0000  DIHED      =         0.0000
 1-4 NB =         0.0000  1-4 EEL =       -12.8573  VDWAALS    =         0.0000
 EELEC  =        20.9950  EGB     =       -81.2008  RESTRAINT  =         0.0000
 ESURF  =         1.3466
 ------------------------------------------------------------------------------

|           Job began  at 09:46:47.177  on 11/06/2021
|           Setup done at 09:46:47.179  on 11/06/2021
|           Run   done at 09:46:47.185  on 11/06/2021
|     wallclock() was called      72 times
