
          -------------------------------------------------------
          PBSA VERSION 2019                       UC Irvine
          -------------------------------------------------------

| Run on 08/29/2021 at 20:51:38

File Assignments:
|  MDIN: ../pbsa-script/mdin.in                                                
| MDOUT: guest-pb.out                                                          
|INPCRD: guest.crd                                                             
|  PARM: guest.prmtop                                                          
|

 Here is the input file:

Sample single point PB calculation                                             
&cntrl                                                                         
ipb=1, inp=1                                                                   
/                                                                              
&pb                                                                            
npbverb=1, fillratio=1.5, saopt=1, radiopt=0, epsin=1.0, epsout=80             
/                                                                              
 PBSA Warning in pb_read(): sprob=0.557 is optimized for inp=2 and  should not be used with inp=1. It has been reset to 1.4.
 PBSA Warning in pb_read(): cavity_surften=0.0378 is optimized for inp=2  and should not be used with inp=1. It has been reset to 0.005000.
 PBSA Warning in pb_read(): cavity_offset=-0.5692 is optimized for inp=2  and should not be used with inp=1. It has been reset to 0.000.

--------------------------------------------------------------------------------
   1.  RESOURCE   USE: 
--------------------------------------------------------------------------------

| Flags:                                                                        
| New format PARM file being parsed.
| Version =    1.000 Date = 08/29/21 Time = 13:29:55
 NATOM  =      13 NTYPES =       4 NBONH =       7 MBONA  =       5
 NTHETH =      16 MTHETA =       5 NPHIH =      27 MPHIA  =       4
 NHPARM =       0 NPARM  =       0 NNB   =      58 NRES   =       1
 NBONA  =       5 NTHETA =       5 NPHIA =       4 NUMBND =       4
 NUMANG =       7 NPTRA  =       7 NATYP =      14 NPHB   =       0
 IFBOX  =       1 NMXRS  =      13 IFCAP =       0 NEXTRA =       0
 NCOPY  =       0


|     Memory Use     Allocated
|     Real                 519
|     Hollerith             42
|     Integer            20463
|     Max Pairs              1
|     Max Rstack             1
|     Max Istack             1
|       Total               84 kbytes

     BOX TYPE: RECTILINEAR

--------------------------------------------------------------------------------
   2.  CONTROL  DATA  FOR  THE  RUN
--------------------------------------------------------------------------------

default_name                                                                    

General flags:
     imin    =       1, nmropt  =       0

Nature and format of input:
     ntx     =       1, irest   =       0, ntrx    =       1

Nature and format of output:
     ntxo    =       1, ntpr    =      50, ntrx    =       1, ntwr    =     500
     iwrap   =       0, ntwx    =       0, ntwv    =       0, ntwe    =       0
     ioutfm  =       0, ntwprt  =       0, idecomp =       0, rbornstat=      0

Potential function:
     ntf     =       1, ntb     =       1, ipb     =       1, nsnb    =      25
     ipol    =       0, gbsa    =       0, iesp    =       0
     dielc   =   1.00000, cut     =   8.00000, intdiel =   1.00000

Frozen or restrained atoms:
     ibelly  =       0, ntr     =       0

Energy minimization:
     maxcyc  =       1, ncyc    =      10, ntmin   =       1
     dx0     =   0.01000, drms    =   0.00010

======== Implicit Solvent Initialization ========

     Max Nonbonded Pairs:       85       85

 no. of atoms processed in PB initialization:    13
  NUM  RESI  NAME  TYPE    CHARGE ATM CRG/H   GRP CRG   PB RADI   NP RADI
    1  MOL   C1    c     0.824200  0.824200 -0.940400  1.700000  1.699835
    2  MOL   O1    o    -0.830600 -0.830600 -0.006400  1.500000  1.479961
    3  MOL   O2    o    -0.830600 -0.830600 -0.006400  1.500000  1.479961
    4  MOL   C2    c3   -0.039200 -0.103400  0.774900  1.700000  1.699835
    5  MOL   H1    hc   -0.032100 -0.032100 -0.032100  1.300000  1.324766
    6  MOL   H2    hc   -0.032100 -0.032100 -0.032100  1.300000  1.324766
    7  MOL   C3    c3    0.104300  0.054100 -0.163000  1.700000  1.699835
    8  MOL   H3    hc   -0.025100 -0.025100 -0.025100  1.300000  1.324766
    9  MOL   H4    hc   -0.025100 -0.025100 -0.025100  1.300000  1.324766
   10  MOL   C4    c3   -0.089100 -0.113700 -0.059600  1.700000  1.699835
   11  MOL   H5    hc   -0.008200 -0.008200 -0.008200  1.300000  1.324766
   12  MOL   H6    hc   -0.008200 -0.008200 -0.008200  1.300000  1.324766
   13  MOL   H7    hc   -0.008200 -0.008200 -0.008200  1.300000  1.324766

 total system charges (+/-) for PB       -1.0000        0.9285       -1.9285
 cavity_surften =        0.0050 cavity_offset =        0.0000

   SAS Surface: surface dots generated:    366

--------------------------------------------------------------------------------
   3.  ATOMIC COORDINATES AND VELOCITIES
--------------------------------------------------------------------------------

Cpptraj Generated Restart                                                       
 begin time read from input coords =   551.000 ps

 Number of triangulated 3-point waters found:        0

--------------------------------------------------------------------------------
   4.  RESULTS
--------------------------------------------------------------------------------

  NB-update: atom-based nb list       78


======== Setting up Grid Parameters ========
Using bounding box for grid setup
 Bounding Box at level:           2
 Bounding Box Center:      17.000    17.500    20.500
 Xmin, Xmax, Xmax-Xmin:    14.539    19.576     5.037
 Ymin, Ymax, Ymax-Ymin:    14.828    19.727     4.900
 Zmin, Zmax, Zmax-Zmin:    16.531    24.719     8.188
 Grid dimension at level     2    29   29   35
 Grid origin corrected at level     2      9.500    10.000    11.500
 Bounding Box at level:           1
 Bounding Box Center:      17.000    17.500    20.500
 Xmin, Xmax, Xmax-Xmin:    14.539    19.576     5.037
 Ymin, Ymax, Ymax-Ymin:    14.828    19.727     4.900
 Zmin, Zmax, Zmax-Zmin:    16.531    24.719     8.188
PB Warn in setgrd(): focusing grid too large    2
 fillratio is automatically increased to 2.500
 Grid dimension at level     1     5    5    7
 Grid origin corrected at level     1      5.000     5.500     4.500
------- VMD goodie --------
#First Level Geometric Box
draw materials off
draw color green
draw line "    5.000    5.500    4.500" "   25.000    5.500    4.500"
draw line "    5.000    5.500    4.500" "    5.000   25.500    4.500"
draw line "    5.000    5.500    4.500" "    5.000    5.500   32.500"
draw line "   25.000    5.500    4.500" "   25.000   25.500    4.500"
draw line "   25.000    5.500    4.500" "   25.000    5.500   32.500"
draw line "    5.000   25.500    4.500" "   25.000   25.500    4.500"
draw line "    5.000   25.500    4.500" "    5.000   25.500   32.500"
draw line "    5.000    5.500   32.500" "   25.000    5.500   32.500"
draw line "    5.000    5.500   32.500" "    5.000   25.500   32.500"
draw line "   25.000   25.500   32.500" "   25.000   25.500    4.500"
draw line "   25.000   25.500   32.500" "    5.000   25.500   32.500"
draw line "   25.000   25.500   32.500" "   25.000    5.500   32.500"
#2nd Level Geometric Box
draw color blue
draw line "    9.500   10.000   11.500" "   24.500   10.000   11.500"
draw line "    9.500   10.000   11.500" "    9.500   25.000   11.500"
draw line "    9.500   10.000   11.500" "    9.500   10.000   29.500"
draw line "   24.500   10.000   11.500" "   24.500   25.000   11.500"
draw line "   24.500   10.000   11.500" "   24.500   10.000   29.500"
draw line "    9.500   25.000   11.500" "   24.500   25.000   11.500"
draw line "    9.500   25.000   11.500" "    9.500   25.000   29.500"
draw line "    9.500   10.000   29.500" "   24.500   10.000   29.500"
draw line "    9.500   10.000   29.500" "    9.500   25.000   29.500"
draw line "   24.500   25.000   29.500" "   24.500   25.000   11.500"
draw line "   24.500   25.000   29.500" "    9.500   25.000   29.500"
draw line "   24.500   25.000   29.500" "   24.500   10.000   29.500"
--- End VMD goodie --------

======== Setting up Solvent Accessibility Data ========
Setting up working radii
Number of SA srf points exposed  1021
 Number of SA arcs generated    77
 Number of SA arc points exposed         391 Number of trimer arc points exposed          32
 with resolution (A) = .250000E+00

Atomic solvent accessible surface area:
           1    5.9391551608520
           2   39.2702515133318
           3   47.9328069942138
           4    0.6599061289836
           5   21.7758722260793
           6   21.2752774622614
           7    0.0000000000000
           8   24.5291434270778
           9   19.0226010250808
          10    2.3096714514425
          11   30.7865779748018
          12   30.5362805928928
          13   25.2800355728047

 ======== FDPB Summary ========

 Do FDPB every           1 steps
 Nonbonded Update
   residue cutoff is set to   99.9000000000000
   fdpb cutoff is set to    5.0000000000000
   sas cutoff is set to    9.0000000000000
   nonbonded cutoff is set to    0.0000000000000
 Grid Constants
   Grid dimension       5       5       7
   Grid spacing set to     4.000
   Grid boundary
         5.000    29.000
         5.500    29.500
         4.500    36.500

 Dielectric Map
   Use cavity radii in the prmtop file

   Use probe-based SES definition
     Compute SAS/SAR every           1 steps
     Solvent probe radius   1.40000000000000
     Surface dots per atom     366
     Buried atom radii increment   0.79800000000000
     Threshhold for exposed atom   0.08000000000000
     Current SAS 269.31757952982224

 Boundary conditions
   sum of grid charges as independent DH spheres

 Physical constants
   Solute dielectric constant  :   1.00000000000000
   Solvent dielectric constant :   80.0000000000000
   Temperature (K)             :   300.000000000000
   Ionic strength (mM)         :   0.00000000000000
   Debye-Huckel parameter (1/A):   0.00000000000000

FD Solver Option
   Use Modified ICCG solver

 Iteration data
   Maximum iterations  :         100
   Convergence criteria:  1.000000000000000E-03
   Iterations required        :     4
   Norm of the constant vector:       182.6223963755
   Norm of the residual vector:      0.1491800167625
   Convergence achieved       :  8.1687689858000664E-04

 Total molecular surface    120.1819

 ======== FDPB Summary ========

 Do FDPB every           1 steps
 Nonbonded Update
   residue cutoff is set to   99.9000000000000
   fdpb cutoff is set to    5.0000000000000
   sas cutoff is set to    9.0000000000000
   nonbonded cutoff is set to    0.0000000000000
 Grid Constants
   Grid dimension      29      29      35
   Grid spacing set to     0.500
   Grid boundary
         9.500    24.500
        10.000    25.000
        11.500    29.500

 Dielectric Map
   Use cavity radii in the prmtop file

   Use probe-based SES definition
     Compute SAS/SAR every           1 steps
     Solvent probe radius   1.40000000000000
     Surface dots per atom     366
     Buried atom radii increment   0.79800000000000
     Threshhold for exposed atom   0.08000000000000
     Current SAS 269.31757952982224

 Boundary conditions
   sum of grid charges as independent DH spheres

 Physical constants
   Solute dielectric constant  :   1.00000000000000
   Solvent dielectric constant :   80.0000000000000
   Temperature (K)             :   300.000000000000
   Ionic strength (mM)         :   0.00000000000000
   Debye-Huckel parameter (1/A):   0.00000000000000

FD Solver Option
   Use Modified ICCG solver

 Iteration data
   Maximum iterations  :         100
   Convergence criteria:  1.000000000000000E-03
   Iterations required        :    13
   Norm of the constant vector:     18594.9649066000
   Norm of the residual vector:     18.2001649112886
   Convergence achieved       :  9.7876844633509701E-04

 Total surface charge       0.9875
 Reaction field energy    -78.7957
 Nonpolar SAS/SAV    269.3176      0.0000
 Cavity solvation energy      1.3466

 NSTEP =        1   TIME(PS) =       0.000  TEMP(K) =     0.00  PRESS =     0.0
 Etot   =       -56.4546  EKtot   =         0.0000  EPtot      =         0.0000
 BOND   =         0.0000  ANGLE   =         0.0000  DIHED      =         0.0000
 1-4 NB =         0.0000  1-4 EEL =         0.0000  VDWAALS    =        -0.0006
 EELEC  =        20.9950  EPB     =       -78.7957  RESTRAINT  =         0.0000
 ECAVITY=         1.3466  EDISPER =         0.0000
 ------------------------------------------------------------------------------



  Maximum number of minimization cycles reached.


                    FINAL RESULTS


 NSTEP =        1   TIME(PS) =       0.000  TEMP(K) =     0.00  PRESS =     0.0
 Etot   =       -56.4546  EKtot   =         0.0000  EPtot      =         0.0000
 BOND   =         0.0000  ANGLE   =         0.0000  DIHED      =         0.0000
 1-4 NB =         0.0000  1-4 EEL =         0.0000  VDWAALS    =        -0.0006
 EELEC  =        20.9950  EPB     =       -78.7957  RESTRAINT  =         0.0000
 ECAVITY=         1.3466  EDISPER =         0.0000
 ------------------------------------------------------------------------------


--------------------------------------------------------------------------------
   5.  TIMINGS
--------------------------------------------------------------------------------

| Total time                     0.03
| Read prm/crd time              0.00
| Force time                     0.03
| Nonbond force                  0.03
| PB Nonbond                     0.03
| PB Sasa                        0.00
| PB FD force                    0.03
| PB Set linear sys              0.01
| PB Solver                      0.02
| PB SA srf                      0.00
| PB exmol                       0.01
| PB exmol setup                 0.00
| PB exmol part e                0.00
| PB exmol part f                0.00
| PB epsmap                      0.00
|           Job began  at 20:51:38.839  on 08/29/2021
|           Setup done at 20:51:38.843  on 08/29/2021
|           Run   done at 20:51:38.868  on 08/29/2021
|     wallclock() was called     110 times
