
          -------------------------------------------------------
          GBNSR6 2015                       
          -------------------------------------------------------

| Run on 08/29/2021 at 13:30:09

File Assignments:
|  MDIN: ../scripts/gbnsr6.in                                                  
| MDOUT: complex-gb.out                                                        
|INPCRD: complex.crd                                                           
|  PARM: complex.prmtop                                                        
|

 Here is the input file:

compute                                                                        
&cntrl                                                                         
inp=1                                                                          
/                                                                              
&gb                                                                            
epsin=1.0, epsout=80, istrng=0, space=0.5,                                     
arcres=0.2, B=0.028, alpb=1, rbornstat=0, cavity_surften=0.005                 
/                                                                              

--------------------------------------------------------------------------------
   1.  RESOURCE   USE: 
--------------------------------------------------------------------------------

| Flags:                                                                        
| New format PARM file being parsed.
| Version =    1.000 Date = 08/29/21 Time = 13:29:54
 NATOM  =     148 NTYPES =       8 NBONH =      74 MBONA  =      80
 NTHETH =     172 MTHETA =     117 NPHIH =     315 MPHIA  =     239
 NHPARM =       0 NPARM  =       0 NNB   =     895 NRES   =       7
 NBONA  =      80 NTHETA =     117 NPHIA =     239 NUMBND =      11
 NUMANG =      19 NPTRA  =      27 NATYP =      15 NPHB   =       0
 IFBOX  =       1 NMXRS  =      22 IFCAP =       0 NEXTRA =       0
 NCOPY  =       0


|     Memory Use     Allocated
|     Real                5535
|     Hollerith            897
|     Integer            24901
|     Max Pairs              1
|     Max Rstack             1
|     Max Istack             1
|       Total              144 kbytes

| Note: 1-4 EEL scale factors are being read from the topology file.

     BOX TYPE: RECTILINEAR

--------------------------------------------------------------------------------
   2.  ATOMIC COORDINATES AND VELOCITIES
--------------------------------------------------------------------------------

Cpptraj Generated Restart                                                       
 begin time read from input coords =   551.000 ps

 Number of triangulated 3-point waters found:        0

--------------------------------------------------------------------------------
   3.  RESULTS
--------------------------------------------------------------------------------

 Cavity solvation energy      5.0798

 NSTEP =        1   TIME(PS) =       0.000  TEMP(K) =     0.00  PRESS =     0.0
 Etot   =      -115.1652  EKtot   =         0.0000  EPtot      =         0.0000
 BOND   =         0.0000  ANGLE   =         0.0000  DIHED      =         0.0000
 1-4 NB =         0.0000  1-4 EEL =       413.2238  VDWAALS    =         0.0000
 EELEC  =      -431.5977  EGB     =      -101.8711  RESTRAINT  =         0.0000
 ESURF  =         5.0798
 ------------------------------------------------------------------------------



  Maximum number of minimization cycles reached.


                    FINAL RESULTS


 NSTEP =        1   TIME(PS) =       0.000  TEMP(K) =     0.00  PRESS =     0.0
 Etot   =      -115.1652  EKtot   =         0.0000  EPtot      =         0.0000
 BOND   =         0.0000  ANGLE   =         0.0000  DIHED      =         0.0000
 1-4 NB =         0.0000  1-4 EEL =       413.2238  VDWAALS    =         0.0000
 EELEC  =      -431.5977  EGB     =      -101.8711  RESTRAINT  =         0.0000
 ESURF  =         5.0798
 ------------------------------------------------------------------------------

|           Job began  at 13:30:09.813  on 08/29/2021
|           Setup done at 13:30:09.816  on 08/29/2021
|           Run   done at 13:30:09.885  on 08/29/2021
|     wallclock() was called      72 times
