
          -------------------------------------------------------
          GBNSR6 2015                       
          -------------------------------------------------------

| Run on 08/29/2021 at 14:14:07

File Assignments:
|  MDIN: ../scripts/gbnsr6.in                                                  
| MDOUT: host-gb.out                                                           
|INPCRD: host.crd                                                              
|  PARM: host.prmtop                                                           
|

 Here is the input file:

compute                                                                        
&cntrl                                                                         
inp=1                                                                          
/                                                                              
&gb                                                                            
epsin=1.0, epsout=80, istrng=0, space=0.5,                                     
arcres=0.2, B=0.028, alpb=1, rbornstat=0, cavity_surften=0.005                 
/                                                                              

--------------------------------------------------------------------------------
   1.  RESOURCE   USE: 
--------------------------------------------------------------------------------

| Flags:                                                                        
| New format PARM file being parsed.
| Version =    1.000 Date = 08/29/21 Time = 14:09:11
 NATOM  =     184 NTYPES =       7 NBONH =      56 MBONA  =     148
 NTHETH =     128 MTHETA =     224 NPHIH =     290 MPHIA  =     356
 NHPARM =       0 NPARM  =       0 NNB   =    1107 NRES   =       1
 NBONA  =     148 NTHETA =     224 NPHIA =     356 NUMBND =      11
 NUMANG =      22 NPTRA  =      12 NATYP =      12 NPHB   =       0
 IFBOX  =       1 NMXRS  =     184 IFCAP =       0 NEXTRA =       0
 NCOPY  =       0


|     Memory Use     Allocated
|     Real                6909
|     Hollerith           1107
|     Integer            26265
|     Max Pairs              1
|     Max Rstack             1
|     Max Istack             1
|       Total              160 kbytes

| Note: 1-4 EEL scale factors are being read from the topology file.

     BOX TYPE: RECTILINEAR

--------------------------------------------------------------------------------
   2.  ATOMIC COORDINATES AND VELOCITIES
--------------------------------------------------------------------------------

Cpptraj Generated Restart                                                       
 begin time read from input coords =     1.000 ps

 Number of triangulated 3-point waters found:        0

--------------------------------------------------------------------------------
   3.  RESULTS
--------------------------------------------------------------------------------

 Cavity solvation energy      8.4766

 NSTEP =        1   TIME(PS) =       0.000  TEMP(K) =     0.00  PRESS =     0.0
 Etot   =      -788.8171  EKtot   =         0.0000  EPtot      =         0.0000
 BOND   =         0.0000  ANGLE   =         0.0000  DIHED      =         0.0000
 1-4 NB =         0.0000  1-4 EEL =       -82.8056  VDWAALS    =         0.0000
 EELEC  =       648.4615  EGB     =     -1362.9496  RESTRAINT  =         0.0000
 ESURF  =         8.4766
 ------------------------------------------------------------------------------



  Maximum number of minimization cycles reached.


                    FINAL RESULTS


 NSTEP =        1   TIME(PS) =       0.000  TEMP(K) =     0.00  PRESS =     0.0
 Etot   =      -788.8171  EKtot   =         0.0000  EPtot      =         0.0000
 BOND   =         0.0000  ANGLE   =         0.0000  DIHED      =         0.0000
 1-4 NB =         0.0000  1-4 EEL =       -82.8056  VDWAALS    =         0.0000
 EELEC  =       648.4615  EGB     =     -1362.9496  RESTRAINT  =         0.0000
 ESURF  =         8.4766
 ------------------------------------------------------------------------------

|           Job began  at 14:14:07.223  on 08/29/2021
|           Setup done at 14:14:07.227  on 08/29/2021
|           Run   done at 14:14:07.350  on 08/29/2021
|     wallclock() was called      72 times
