
          -------------------------------------------------------
          GBNSR6 2015                       
          -------------------------------------------------------

| Run on 09/26/2021 at 19:30:32
  [-O]verwriting output

File Assignments:
|  MDIN: ../../../scripts/gbnsr6.in                                            
| MDOUT: pro-gb.out                                                            
|INPCRD: ../top_crd/pro.crd                                                    
|  PARM: ../top_crd/pro.top                                                    
|

 Here is the input file:

compute                                                                        
&cntrl                                                                         
inp=1                                                                          
/                                                                              
&gb                                                                            
epsin=1.0, epsout=80, istrng=0, space=0.5,                                     
arcres=0.2, B=0.028, alpb=1, rbornstat=0, cavity_surften=0.005                 
/                                                                              

--------------------------------------------------------------------------------
   1.  RESOURCE   USE: 
--------------------------------------------------------------------------------

| Flags:                                                                        
| New format PARM file being parsed.
| Version =    1.000 Date = 09/26/21 Time = 19:21:19
 NATOM  =    6014 NTYPES =      14 NBONH =    3036 MBONA  =    3044
 NTHETH =    6954 MTHETA =    4144 NPHIH =   13854 MPHIA  =   13304
 NHPARM =       0 NPARM  =       0 NNB   =   33552 NRES   =     380
 NBONA  =    3044 NTHETA =    4144 NPHIA =   13304 NUMBND =      69
 NUMANG =     162 NPTRA  =     208 NATYP =      34 NPHB   =       0
 IFBOX  =       0 NMXRS  =      24 IFCAP =       0 NEXTRA =       0
 NCOPY  =       0


|     Memory Use     Allocated
|     Real              222757
|     Hollerith          36466
|     Integer           306885
|     Max Pairs              1
|     Max Rstack             1
|     Max Istack             1
|       Total             3081 kbytes

| Note: 1-4 EEL scale factors are being read from the topology file.

--------------------------------------------------------------------------------
   2.  ATOMIC COORDINATES AND VELOCITIES
--------------------------------------------------------------------------------

default_name                                                                    
 begin time read from input coords =     0.000 ps

 Number of triangulated 3-point waters found:        0

--------------------------------------------------------------------------------
   3.  RESULTS
--------------------------------------------------------------------------------

 Cavity solvation energy     98.1097

 NSTEP =        1   TIME(PS) =       0.000  TEMP(K) =     0.00  PRESS =     0.0
 Etot   =    -13647.6149  EKtot   =         0.0000  EPtot      =         0.0000
 BOND   =         0.0000  ANGLE   =         0.0000  DIHED      =         0.0000
 1-4 NB =         0.0000  1-4 EEL =     18021.0326  VDWAALS    =         0.0000
 EELEC  =    -27237.1053  EGB     =     -4529.6519  RESTRAINT  =         0.0000
 ESURF  =        98.1097
 ------------------------------------------------------------------------------



  Maximum number of minimization cycles reached.


                    FINAL RESULTS


 NSTEP =        1   TIME(PS) =       0.000  TEMP(K) =     0.00  PRESS =     0.0
 Etot   =    -13647.6149  EKtot   =         0.0000  EPtot      =         0.0000
 BOND   =         0.0000  ANGLE   =         0.0000  DIHED      =         0.0000
 1-4 NB =         0.0000  1-4 EEL =     18021.0326  VDWAALS    =         0.0000
 EELEC  =    -27237.1053  EGB     =     -4529.6519  RESTRAINT  =         0.0000
 ESURF  =        98.1097
 ------------------------------------------------------------------------------

|           Job began  at 19:30:32.096  on 09/26/2021
|           Setup done at 19:30:32.153  on 09/26/2021
|           Run   done at 19:30:39.775  on 09/26/2021
|     wallclock() was called      72 times
