
          -------------------------------------------------------
          GBNSR6 2015                       
          -------------------------------------------------------

| Run on 09/26/2021 at 22:07:11
  [-O]verwriting output

File Assignments:
|  MDIN: ../../../scripts/gbnsr6.in                                            
| MDOUT: complex-gb.out                                                        
|INPCRD: ../top_crd/complex.crd                                                
|  PARM: ../top_crd/complex.top                                                
|

 Here is the input file:

compute                                                                        
&cntrl                                                                         
inp=1                                                                          
/                                                                              
&gb                                                                            
epsin=1.0, epsout=80, istrng=0, space=0.5,                                     
arcres=0.2, B=0.028, alpb=1, rbornstat=0, cavity_surften=0.005                 
/                                                                              

--------------------------------------------------------------------------------
   1.  RESOURCE   USE: 
--------------------------------------------------------------------------------

| Flags:                                                                        
| New format PARM file being parsed.
| Version =    1.000 Date = 09/26/21 Time = 22:06:27
 NATOM  =    3429 NTYPES =      27 NBONH =    1705 MBONA  =    1759
 NTHETH =    3845 MTHETA =    2371 NPHIH =    7988 MPHIA  =    7304
 NHPARM =       0 NPARM  =       0 NNB   =   18843 NRES   =     209
 NBONA  =    1759 NTHETA =    2371 NPHIA =    7304 NUMBND =      86
 NUMANG =     193 NPTRA  =     227 NATYP =      48 NPHB   =       0
 IFBOX  =       0 NMXRS  =      78 IFCAP =       0 NEXTRA =       0
 NCOPY  =       0


|     Memory Use     Allocated
|     Real              127019
|     Hollerith          20785
|     Integer           181613
|     Max Pairs              1
|     Max Rstack             1
|     Max Istack             1
|       Total             1782 kbytes

| Note: 1-4 EEL scale factors are being read from the topology file.

--------------------------------------------------------------------------------
   2.  ATOMIC COORDINATES AND VELOCITIES
--------------------------------------------------------------------------------

default_name                                                                    
 begin time read from input coords =     0.000 ps

 Number of triangulated 3-point waters found:        0

--------------------------------------------------------------------------------
   3.  RESULTS
--------------------------------------------------------------------------------

 Cavity solvation energy     56.5130

 NSTEP =        1   TIME(PS) =       0.000  TEMP(K) =     0.00  PRESS =     0.0
 Etot   =     -9777.1684  EKtot   =         0.0000  EPtot      =         0.0000
 BOND   =         0.0000  ANGLE   =         0.0000  DIHED      =         0.0000
 1-4 NB =         0.0000  1-4 EEL =      7030.7012  VDWAALS    =         0.0000
 EELEC  =    -13515.0036  EGB     =     -3349.3791  RESTRAINT  =         0.0000
 ESURF  =        56.5130
 ------------------------------------------------------------------------------



  Maximum number of minimization cycles reached.


                    FINAL RESULTS


 NSTEP =        1   TIME(PS) =       0.000  TEMP(K) =     0.00  PRESS =     0.0
 Etot   =     -9777.1684  EKtot   =         0.0000  EPtot      =         0.0000
 BOND   =         0.0000  ANGLE   =         0.0000  DIHED      =         0.0000
 1-4 NB =         0.0000  1-4 EEL =      7030.7012  VDWAALS    =         0.0000
 EELEC  =    -13515.0036  EGB     =     -3349.3791  RESTRAINT  =         0.0000
 ESURF  =        56.5130
 ------------------------------------------------------------------------------

|           Job began  at 22:07:11.426  on 09/26/2021
|           Setup done at 22:07:11.485  on 09/26/2021
|           Run   done at 22:07:13.713  on 09/26/2021
|     wallclock() was called      72 times
