            --------------------------------------------------------
                             AMBER SQM VERSION 19
 
                                     By
              Ross C. Walker, Michael F. Crowley, Scott Brozell,
                         Tim Giese, Andreas W. Goetz,
                        Tai-Sung Lee and David A. Case
 
            --------------------------------------------------------
 

--------------------------------------------------------------------------------
  QM CALCULATION INFO
--------------------------------------------------------------------------------

| QMMM: Citation for AMBER QMMM Run:
| QMMM: R.C. Walker, M.F. Crowley and D.A. Case, J. COMP. CHEM. 29:1019, 2008

QMMM: SINGLET STATE CALCULATION
QMMM: RHF CALCULATION, NO. OF DOUBLY OCCUPIED LEVELS = 87

| QMMM: *** Selected Hamiltonian *** 
| QMMM: AM1         

| QMMM: *** Parameter sets in use ***
| QMMM: P : M.J.S.DEWAR et al. THEOCHEM, 187,1, (1989)
| QMMM: O : M.J.S.DEWAR et al. JACS, 107, 3902, (1985)
| QMMM: C : M.J.S.DEWAR et al. JACS, 107, 3902, (1985)
| QMMM: N : M.J.S.DEWAR et al. JACS, 107, 3902, (1985)
| QMMM: H : M.J.S.DEWAR et al. JACS, 107, 3902, (1985)

| QMMM: *** SCF convergence criteria ***
| QMMM: Energy change                :  0.1D-09 kcal/mol
| QMMM: Error matrix |FP-PF|         :  0.1D+00 au
| QMMM: Density matrix change        :  0.5D-06
| QMMM: Maximum number of SCF cycles :     1000

| QMMM: *** Diagonalization Routine Information ***
| QMMM: Pseudo diagonalizations are allowed.
| QMMM: Auto diagonalization routine selection is in use.
| QMMM:
| QMMM: Timing diagonalization routines:
| QMMM:                              norbs =      140
| QMMM:    diag iterations used for timing =       10
| QMMM:
| QMMM:              Internal diag routine = 0.040243 seconds
| QMMM:                 Dspev diag routine = 5.571566 seconds
| QMMM:                Dspevd diag routine = 4.158652 seconds
| QMMM:                Dspevx diag routine = 2.548812 seconds
| QMMM:                 Dsyev diag routine = 6.549469 seconds
| QMMM:                Dsyevd diag routine = 2.900499 seconds
| QMMM:                Dsyevr diag routine = 1.005542 seconds
| QMMM:
| QMMM:                Pseudo diag routine = 0.027979 seconds
| QMMM:
| QMMM: Using internal diagonalization routine (diag_routine=1).

  QMMM: QM Region Cartesian Coordinates (*=link atom) 
  QMMM: QM_NO.   MM_NO.  ATOM         X         Y         Z
  QMMM:     1        1      P       -3.9270   25.1770   15.4230
  QMMM:     2        2      O       -4.4730   24.8310   16.9080
  QMMM:     3        3      O       -3.5190   26.5860   15.1790
  QMMM:     4        4      O       -5.0980   24.6150   14.4620
  QMMM:     5        5      P       -1.5750   24.2840   14.0910
  QMMM:     6        6      O       -0.9090   25.6170   14.1180
  QMMM:     7        7      O       -0.6270   22.9950   14.3520
  QMMM:     8        8      O       -2.7430   24.0940   15.2020
  QMMM:     9        9      P       -2.9080   24.8610   11.5250
  QMMM:    10       10      O       -4.1440   24.3820   10.8540
  QMMM:    11       11      O       -3.0300   26.3410   12.1910
  QMMM:    12       12      O       -2.3330   23.9040   12.7100
  QMMM:    13       13      O       -1.6150   25.0250   10.5670
  QMMM:    14       14      C       -1.2310   23.9530    9.7290
  QMMM:    15       15      C        0.1940   24.1860    9.2200
  QMMM:    16       16      O        0.1810   25.3460    8.3880
  QMMM:    17       17      C        1.2070   24.4460   10.3440
  QMMM:    18       18      O        2.4350   23.8230   10.0090
  QMMM:    19       19      C        1.3180   25.9610   10.3440
  QMMM:    20       20      O        2.5710   26.3810   10.8280
  QMMM:    21       21      C        1.0850   26.2880    8.8700
  QMMM:    22       22      N        0.4510   27.6310    8.7220
  QMMM:    23       23      C       -0.6840   28.1260    9.3260
  QMMM:    24       24      N       -0.9480   29.3820    9.0880
  QMMM:    25       25      C        0.0320   29.7520    8.1780
  QMMM:    26       26      C        0.3540   30.9590    7.5130
  QMMM:    27       27      N       -0.3020   32.1030    7.7380
  QMMM:    28       28      N        1.3640   30.9520    6.6120
  QMMM:    29       29      C        2.0370   29.8180    6.3940
  QMMM:    30       30      N        1.9060   28.6360    7.0000
  QMMM:    31       31      C        0.8750   28.6450    7.8930
  QMMM:    32       32      H       -0.0280   32.9470    7.2470
  QMMM:    33       33      H       -4.7400   25.5880   17.4090
  QMMM:    34       34      H       -5.7040   25.2760   14.1630
  QMMM:    35       35      H        0.2880   23.2180   14.4370
  QMMM:    36       36      H       -2.2960   26.9070   12.0010
  QMMM:    37       37      H       -1.9280   23.8730    8.8950
  QMMM:    38       38      H       -1.2780   23.0160   10.2860
  QMMM:    39       39      H        0.4920   23.3290    8.6180
  QMMM:    40       40      H        0.8820   24.0630   11.3120
  QMMM:    41       41      H        3.1320   24.2670   10.4760
  QMMM:    42       42      H        0.5230   26.3750   10.9590
  QMMM:    43       43      H        2.6340   27.3200   10.7350
  QMMM:    44       44      H        2.0010   26.2920    8.2780
  QMMM:    45       45      H       -1.2960   27.5350    9.9870
  QMMM:    46       46      H       -1.0460   32.1280    8.4200
  QMMM:    47       47      H        2.7620   29.8490    5.5980

--------------------------------------------------------------------------------
  RESULTS
--------------------------------------------------------------------------------

      iter         sqm energy              rms gradient
      ----    -------------------    -----------------------
xmin    10     -763.7367 kcal/mol        2.6000 kcal/(mol*A)
xmin    20     -766.5475 kcal/mol        1.2127 kcal/(mol*A)
xmin    30     -766.9966 kcal/mol        0.1543 kcal/(mol*A)
xmin    40     -767.7283 kcal/mol        1.1530 kcal/(mol*A)
xmin    50     -768.7092 kcal/mol        0.2253 kcal/(mol*A)
xmin    60     -769.0466 kcal/mol        0.5759 kcal/(mol*A)
xmin    70     -769.2190 kcal/mol        0.2110 kcal/(mol*A)
xmin    80     -769.2363 kcal/mol        0.2355 kcal/(mol*A)
xmin    90     -769.3042 kcal/mol        0.2168 kcal/(mol*A)
xmin   100     -769.7029 kcal/mol        1.8133 kcal/(mol*A)
xmin   110     -770.9514 kcal/mol        0.4066 kcal/(mol*A)
xmin   120     -771.5481 kcal/mol        0.3294 kcal/(mol*A)
xmin   130     -771.6555 kcal/mol        0.6306 kcal/(mol*A)
xmin   140     -771.9457 kcal/mol        0.3436 kcal/(mol*A)
xmin   150     -772.9569 kcal/mol        0.5851 kcal/(mol*A)
xmin   160     -773.7913 kcal/mol        0.5528 kcal/(mol*A)
xmin   170     -774.2301 kcal/mol        0.2152 kcal/(mol*A)
xmin   180     -774.4087 kcal/mol        0.3009 kcal/(mol*A)
xmin   190     -774.4490 kcal/mol        0.1327 kcal/(mol*A)
xmin   200     -774.4822 kcal/mol        0.1177 kcal/(mol*A)
xmin   210     -774.4907 kcal/mol        0.0469 kcal/(mol*A)
xmin   220     -774.4961 kcal/mol        0.0776 kcal/(mol*A)
xmin   230     -774.5000 kcal/mol        0.0443 kcal/(mol*A)
xmin   240     -774.5044 kcal/mol        0.0215 kcal/(mol*A)
xmin   250     -774.5100 kcal/mol        0.0478 kcal/(mol*A)
xmin   260     -774.5212 kcal/mol        0.0598 kcal/(mol*A)
xmin   270     -774.5383 kcal/mol        0.2292 kcal/(mol*A)
xmin   280     -774.5621 kcal/mol        0.0842 kcal/(mol*A)
xmin   290     -774.5778 kcal/mol        0.0703 kcal/(mol*A)
xmin   300     -774.5987 kcal/mol        0.0222 kcal/(mol*A)
xmin   310     -774.6043 kcal/mol        0.0227 kcal/(mol*A)
xmin   320     -774.6062 kcal/mol        0.0222 kcal/(mol*A)
xmin   330     -774.6092 kcal/mol        0.0218 kcal/(mol*A)
xmin   340     -774.6119 kcal/mol        0.0092 kcal/(mol*A)
xmin   350     -774.6128 kcal/mol        0.0100 kcal/(mol*A)
xmin   360     -774.6130 kcal/mol        0.0068 kcal/(mol*A)
xmin   370     -774.6136 kcal/mol        0.0062 kcal/(mol*A)
xmin   380     -774.6138 kcal/mol        0.0051 kcal/(mol*A)
xmin   390     -774.6139 kcal/mol        0.0063 kcal/(mol*A)
xmin   400     -774.6141 kcal/mol        0.0072 kcal/(mol*A)
xmin   410     -774.6141 kcal/mol        0.0036 kcal/(mol*A)
xmin   420     -774.6141 kcal/mol        0.0039 kcal/(mol*A)
xmin   430     -774.6142 kcal/mol        0.0041 kcal/(mol*A)
xmin   440     -774.6143 kcal/mol        0.0068 kcal/(mol*A)
xmin   450     -774.6143 kcal/mol        0.0028 kcal/(mol*A)
xmin   460     -774.6143 kcal/mol        0.0040 kcal/(mol*A)
xmin   470     -774.6144 kcal/mol        0.0017 kcal/(mol*A)
xmin   480     -774.6144 kcal/mol        0.0010 kcal/(mol*A)
xmin   490     -774.6144 kcal/mol        0.0022 kcal/(mol*A)
xmin   500     -774.6144 kcal/mol        0.0028 kcal/(mol*A)
xmin   510     -774.6144 kcal/mol        0.0006 kcal/(mol*A)
xmin   520     -774.6144 kcal/mol        0.0006 kcal/(mol*A)
  ... geometry converged !
 
 Final MO eigenvalues (eV):
 -42.6320  -41.5376  -39.3953  -39.1360  -38.4933  -38.4135  -38.1053  -38.0282
 -37.7478  -37.3755  -37.0577  -36.8980  -36.6412  -35.1885  -35.0607  -35.0297
 -34.3745  -32.6800  -31.9903  -30.5451  -29.6456  -27.0392  -24.8439  -24.3857
 -24.1989  -23.7415  -23.2652  -22.0868  -21.7285  -20.9331  -20.4898  -20.3945
 -20.1243  -19.8438  -19.6474  -19.5764  -19.4105  -18.9387  -18.2347  -17.9601
 -17.7942  -17.2991  -17.0231  -16.9274  -16.7160  -16.6370  -16.2918  -16.1528
 -16.0456  -15.9849  -15.7986  -15.6665  -15.5353  -15.5009  -15.4339  -15.2692
 -14.9747  -14.7763  -14.6718  -14.6215  -14.5634  -14.5032  -14.3737  -14.2867
 -14.2193  -14.0282  -14.0213  -13.8070  -13.6615  -13.2147  -13.1017  -13.0745
 -12.7328  -12.5187  -12.3947  -12.2940  -12.2406  -12.1779  -12.1196  -12.0613
 -11.9578  -11.8477  -11.5117  -11.1926  -10.6385  -10.2967   -9.0216   -0.4362
  -0.1784    0.0546    0.6980    0.7336    1.1033    1.6727    1.8320    1.9523
   2.0892    2.2153    2.2647    2.4978    2.5440    2.6437    2.8078    2.9088
   2.9565    3.0233    3.0529    3.0822    3.1879    3.2351    3.2972    3.4543
   3.5082    3.5743    3.6279    3.7042    3.7652    4.0419    4.2269    4.3227
   4.4572    4.6891    4.8630    4.9324    5.0730    5.1173    5.1905    5.4640
   5.5235    5.7041    5.7475    5.8636    6.0558    6.0895    6.0903    6.2937
   6.8830    6.9228    7.0266    7.4141

 Heat of formation   =       -774.61439576 kcal/mol  (      -33.58980078 eV)

 Total SCF energy    =    -163661.42349522 kcal/mol  (    -7096.89187352 eV)
 Electronic energy   =   -1193702.00232075 kcal/mol  (   -51762.80310137 eV)
 Core-core repulsion =    1030040.57882553 kcal/mol  (    44665.91122785 eV)
 
    Atomic Charges for Step       1 :
  Atom    Element       Mulliken Charge
     1      P                  2.791
     2      O                 -0.840
     3      O                 -1.084
     4      O                 -0.793
     5      P                  2.938
     6      O                 -1.128
     7      O                 -0.848
     8      O                 -1.283
     9      P                  2.781
    10      O                 -1.079
    11      O                 -0.796
    12      O                 -1.294
    13      O                 -0.781
    14      C                  0.003
    15      C                 -0.041
    16      O                 -0.255
    17      C                  0.021
    18      O                 -0.338
    19      C                 -0.033
    20      O                 -0.320
    21      C                  0.126
    22      N                 -0.211
    23      C                 -0.058
    24      N                 -0.104
    25      C                 -0.248
    26      C                  0.246
    27      N                 -0.354
    28      N                 -0.266
    29      C                  0.031
    30      N                 -0.215
    31      C                  0.083
    32      H                  0.242
    33      H                  0.294
    34      H                  0.295
    35      H                  0.308
    36      H                  0.295
    37      H                  0.110
    38      H                  0.125
    39      H                  0.129
    40      H                  0.150
    41      H                  0.236
    42      H                  0.118
    43      H                  0.227
    44      H                  0.171
    45      H                  0.204
    46      H                  0.250
    47      H                  0.192
 Total Mulliken Charge =      -0.000
 
                  X        Y        Z     TOTAL  
  QM DIPOLE     5.258    1.955    0.695    5.652
 
 Final Structure

  QMMM: QM Region Cartesian Coordinates (*=link atom) 
  QMMM: QM_NO.   MM_NO.  ATOM         X         Y         Z
  QMMM:     1        1      P       -4.3662   22.5433   15.7891
  QMMM:     2        2      O       -3.6768   22.2675   17.1913
  QMMM:     3        3      O       -5.7513   22.9382   15.8559
  QMMM:     4        4      O       -3.8831   21.2755   14.9856
  QMMM:     5        5      P       -2.3410   24.7497   14.6384
  QMMM:     6        6      O       -2.0828   25.9012   15.4642
  QMMM:     7        7      O       -1.1252   23.8309   14.2244
  QMMM:     8        8      O       -3.3546   23.6556   15.1935
  QMMM:     9        9      P       -3.5579   25.5396   11.7687
  QMMM:    10       10      O       -4.0109   24.4683   10.9144
  QMMM:    11       11      O       -4.5257   26.7098   12.1983
  QMMM:    12       12      O       -2.9651   25.1364   13.2067
  QMMM:    13       13      O       -2.3163   26.3915   11.2131
  QMMM:    14       14      C       -1.7376   26.0389    9.9793
  QMMM:    15       15      C       -0.3157   25.4935   10.1752
  QMMM:    16       16      O        0.4139   25.7146    8.9634
  QMMM:    17       17      C        0.4560   26.1532   11.3371
  QMMM:    18       18      O        0.7573   25.2271   12.3533
  QMMM:    19       19      C        1.7091   26.7837   10.6890
  QMMM:    20       20      O        2.8203   25.9807   11.0285
  QMMM:    21       21      C        1.4563   26.6861    9.1489
  QMMM:    22       22      N        1.1235   27.9504    8.5465
  QMMM:    23       23      C        0.1132   28.8688    8.9470
  QMMM:    24       24      N       -0.0806   29.8690    8.0807
  QMMM:    25       25      C        0.8101   29.6174    7.0241
  QMMM:    26       26      C        1.0905   30.3133    5.8005
  QMMM:    27       27      N        0.4364   31.4768    5.5008
  QMMM:    28       28      N        2.0426   29.7954    4.9494
  QMMM:    29       29      C        2.6719   28.6545    5.3296
  QMMM:    30       30      N        2.5177   27.9000    6.4457
  QMMM:    31       31      C        1.5673   28.3998    7.2880
  QMMM:    32       32      H        0.5905   31.9353    4.6375
  QMMM:    33       33      H       -4.0853   22.6028   17.9843
  QMMM:    34       34      H       -2.9662   21.0192   15.0630
  QMMM:    35       35      H       -0.3329   24.2312   13.8690
  QMMM:    36       36      H       -4.1850   27.3955   12.7688
  QMMM:    37       37      H       -1.6929   26.9740    9.3516
  QMMM:    38       38      H       -2.3746   25.2662    9.4641
  QMMM:    39       39      H       -0.3438   24.3755   10.3053
  QMMM:    40       40      H       -0.1659   26.9427   11.8445
  QMMM:    41       41      H        1.4505   24.6326   12.0323
  QMMM:    42       42      H        1.8587   27.8382   11.0381
  QMMM:    43       43      H        3.6146   26.4776   10.7948
  QMMM:    44       44      H        2.3509   26.2522    8.6070
  QMMM:    45       45      H       -0.4165   28.7411    9.8999
  QMMM:    46       46      H       -0.2870   31.7869    6.1004
  QMMM:    47       47      H        3.4313   28.2811    4.6077

           --------- Calculation Completed ----------

