
          -------------------------------------------------------
          GBNSR6 2015                       
          -------------------------------------------------------

| Run on 11/07/2021 at 11:49:03
  [-O]verwriting output

File Assignments:
|  MDIN: ../scripts/gbnsr6.in                                                  
| MDOUT: guest-gb-radii.out                                                    
|INPCRD: guest.crd                                                             
|  PARM: guest.prmtop                                                          
|

 Here is the input file:

compute                                                                        
&cntrl                                                                         
inp=1                                                                          
/                                                                              
&gb                                                                            
epsin=1.0, epsout=80, istrng=0, space=0.5,                                     
arcres=0.2, B=0.028, alpb=1, rbornstat=1, cavity_surften=0.005                 
/                                                                              

--------------------------------------------------------------------------------
   1.  RESOURCE   USE: 
--------------------------------------------------------------------------------

| Flags:                                                                        
| New format PARM file being parsed.
| Version =    1.000 Date = 08/29/21 Time = 13:42:33
 NATOM  =      25 NTYPES =       5 NBONH =      16 MBONA  =       9
 NTHETH =      39 MTHETA =      10 NPHIH =      71 MPHIA  =      26
 NHPARM =       0 NPARM  =       0 NNB   =     151 NRES   =       1
 NBONA  =       9 NTHETA =      10 NPHIA =      26 NUMBND =       5
 NUMANG =       7 NPTRA  =       9 NATYP =      15 NPHB   =       0
 IFBOX  =       1 NMXRS  =      25 IFCAP =       0 NEXTRA =       0
 NCOPY  =       0

GB Warning in  gb_read(): B=0 is recommended for molecules with more than 50 atoms

|     Memory Use     Allocated
|     Real                 966
|     Hollerith            153
|     Integer            19211
|     Max Pairs              1
|     Max Rstack             1
|     Max Istack             1
|       Total               83 kbytes

| Note: 1-4 EEL scale factors are being read from the topology file.

     BOX TYPE: RECTILINEAR

--------------------------------------------------------------------------------
   2.  ATOMIC COORDINATES AND VELOCITIES
--------------------------------------------------------------------------------

Cpptraj Generated Restart                                                       
 begin time read from input coords =   551.000 ps

 Number of triangulated 3-point waters found:        0

--------------------------------------------------------------------------------
   3.  RESULTS
--------------------------------------------------------------------------------

Print:    Atom number      Inverse Effective Born Radii
rinv           1            0.42468819
rinv           2            0.55979379
rinv           3            0.63209968
rinv           4            0.43497005
rinv           5            0.63223305
rinv           6            0.62628414
rinv           7            0.43102064
rinv           8            0.58739251
rinv           9            0.63329840
rinv          10            0.42013140
rinv          11            0.58562958
rinv          12            0.61986606
rinv          13            0.40789400
rinv          14            0.60629430
rinv          15            0.42405795
rinv          16            0.58223343
rinv          17            0.63100885
rinv          18            0.42781669
rinv          19            0.57552778
rinv          20            0.63602404
rinv          21            0.43500193
rinv          22            0.62422065
rinv          23            0.64147035
rinv          24            0.57515583
rinv          25            0.91989860

 Cavity solvation energy      1.6348

 NSTEP =        1   TIME(PS) =       0.000  TEMP(K) =     0.00  PRESS =     0.0
 Etot   =       -13.8078  EKtot   =         0.0000  EPtot      =         0.0000
 BOND   =         0.0000  ANGLE   =         0.0000  DIHED      =         0.0000
 1-4 NB =         0.0000  1-4 EEL =       -10.2767  VDWAALS    =         0.0000
 EELEC  =         3.2125  EGB     =        -8.3784  RESTRAINT  =         0.0000
 ESURF  =         1.6348
 ------------------------------------------------------------------------------



  Maximum number of minimization cycles reached.


                    FINAL RESULTS


 NSTEP =        1   TIME(PS) =       0.000  TEMP(K) =     0.00  PRESS =     0.0
 Etot   =       -13.8078  EKtot   =         0.0000  EPtot      =         0.0000
 BOND   =         0.0000  ANGLE   =         0.0000  DIHED      =         0.0000
 1-4 NB =         0.0000  1-4 EEL =       -10.2767  VDWAALS    =         0.0000
 EELEC  =         3.2125  EGB     =        -8.3784  RESTRAINT  =         0.0000
 ESURF  =         1.6348
 ------------------------------------------------------------------------------

|           Job began  at 11:49:03.710  on 11/07/2021
|           Setup done at 11:49:03.714  on 11/07/2021
|           Run   done at 11:49:03.729  on 11/07/2021
|     wallclock() was called      72 times
