
          -------------------------------------------------------
          PBSA VERSION 2019                       UC Irvine
          -------------------------------------------------------

| Run on 08/29/2021 at 20:53:21

File Assignments:
|  MDIN: ../pbsa-script/mdin.in                                                
| MDOUT: guest-pb.out                                                          
|INPCRD: guest.crd                                                             
|  PARM: guest.prmtop                                                          
|

 Here is the input file:

Sample single point PB calculation                                             
&cntrl                                                                         
ipb=1, inp=1                                                                   
/                                                                              
&pb                                                                            
npbverb=1, fillratio=1.5, saopt=1, radiopt=0, epsin=1.0, epsout=80             
/                                                                              
 PBSA Warning in pb_read(): sprob=0.557 is optimized for inp=2 and  should not be used with inp=1. It has been reset to 1.4.
 PBSA Warning in pb_read(): cavity_surften=0.0378 is optimized for inp=2  and should not be used with inp=1. It has been reset to 0.005000.
 PBSA Warning in pb_read(): cavity_offset=-0.5692 is optimized for inp=2  and should not be used with inp=1. It has been reset to 0.000.

--------------------------------------------------------------------------------
   1.  RESOURCE   USE: 
--------------------------------------------------------------------------------

| Flags:                                                                        
| New format PARM file being parsed.
| Version =    1.000 Date = 08/29/21 Time = 13:42:33
 NATOM  =      22 NTYPES =       5 NBONH =      14 MBONA  =       8
 NTHETH =      33 MTHETA =      10 NPHIH =      62 MPHIA  =      26
 NHPARM =       0 NPARM  =       0 NNB   =     130 NRES   =       1
 NBONA  =       8 NTHETA =      10 NPHIA =      26 NUMBND =       5
 NUMANG =       7 NPTRA  =       9 NATYP =      15 NPHB   =       0
 IFBOX  =       1 NMXRS  =      22 IFCAP =       0 NEXTRA =       0
 NCOPY  =       0


|     Memory Use     Allocated
|     Real                 855
|     Hollerith             69
|     Integer            21055
|     Max Pairs              1
|     Max Rstack             1
|     Max Istack             1
|       Total               89 kbytes

     BOX TYPE: RECTILINEAR

--------------------------------------------------------------------------------
   2.  CONTROL  DATA  FOR  THE  RUN
--------------------------------------------------------------------------------

default_name                                                                    

General flags:
     imin    =       1, nmropt  =       0

Nature and format of input:
     ntx     =       1, irest   =       0, ntrx    =       1

Nature and format of output:
     ntxo    =       1, ntpr    =      50, ntrx    =       1, ntwr    =     500
     iwrap   =       0, ntwx    =       0, ntwv    =       0, ntwe    =       0
     ioutfm  =       0, ntwprt  =       0, idecomp =       0, rbornstat=      0

Potential function:
     ntf     =       1, ntb     =       1, ipb     =       1, nsnb    =      25
     ipol    =       0, gbsa    =       0, iesp    =       0
     dielc   =   1.00000, cut     =   8.00000, intdiel =   1.00000

Frozen or restrained atoms:
     ibelly  =       0, ntr     =       0

Energy minimization:
     maxcyc  =       1, ncyc    =      10, ntmin   =       1
     dx0     =   0.01000, drms    =   0.00010

======== Implicit Solvent Initialization ========

     Max Nonbonded Pairs:      242      242

 no. of atoms processed in PB initialization:    22
  NUM  RESI  NAME  TYPE    CHARGE ATM CRG/H   GRP CRG   PB RADI   NP RADI
    1  MOL   C1    c3   -0.245800 -0.089800  0.093100  1.700000  1.699835
    2  MOL   H2    hc    0.052000  0.052000  0.052000  1.300000  1.324766
    3  MOL   H3    hc    0.052000  0.052000  0.052000  1.300000  1.324766
    4  MOL   H4    hc    0.052000  0.052000  0.052000  1.300000  1.324766
    5  MOL   C2    c3    0.205600  0.182900  0.011700  1.700000  1.699835
    6  MOL   H5    hc   -0.022700 -0.022700 -0.022700  1.300000  1.324766
    7  MOL   C3    c3   -0.081100 -0.040700  0.128000  1.700000  1.699835
    8  MOL   H6    hc    0.020200  0.020200  0.020200  1.300000  1.324766
    9  MOL   H7    hc    0.020200  0.020200  0.020200  1.300000  1.324766
   10  MOL   C4    c3   -0.131800 -0.014200  0.263800  1.700000  1.699835
   11  MOL   H8    hc    0.058800  0.058800  0.058800  1.300000  1.324766
   12  MOL   H9    hc    0.058800  0.058800  0.058800  1.300000  1.324766
   13  MOL   C5    c3    0.342400  0.318700 -0.011700  1.700000  1.699835
   14  MOL   H10   h1   -0.023700 -0.023700 -0.023700  1.300000  1.235677
   15  MOL   C6    c3   -0.131800 -0.014200  0.263800  1.700000  1.699835
   16  MOL   H11   hc    0.058800  0.058800  0.058800  1.300000  1.324766
   17  MOL   H12   hc    0.058800  0.058800  0.058800  1.300000  1.324766
   18  MOL   C7    c3   -0.081100 -0.040700  0.128000  1.700000  1.699835
   19  MOL   H13   hc    0.020200  0.020200  0.020200  1.300000  1.324766
   20  MOL   H14   hc    0.020200  0.020200  0.020200  1.300000  1.324766
   21  MOL   O1    oh   -0.733600 -0.302000  0.016700  1.500000  1.533237
   22  MOL   H1    ho    0.431600  0.431600  0.431600  0.800000  0.000000

 total system charges (+/-) for PB       -0.0000        1.4516       -1.4516
 cavity_surften =        0.0050 cavity_offset =        0.0000

   SAS Surface: surface dots generated:    366

--------------------------------------------------------------------------------
   3.  ATOMIC COORDINATES AND VELOCITIES
--------------------------------------------------------------------------------

Cpptraj Generated Restart                                                       
 begin time read from input coords =   551.000 ps

 Number of triangulated 3-point waters found:        0

--------------------------------------------------------------------------------
   4.  RESULTS
--------------------------------------------------------------------------------

  NB-update: atom-based nb list      231


======== Setting up Grid Parameters ========
Using bounding box for grid setup
 Bounding Box at level:           2
 Bounding Box Center:      18.500    18.000    18.000
 Xmin, Xmax, Xmax-Xmin:    14.754    21.790     7.036
 Ymin, Ymax, Ymax-Ymin:    15.126    21.261     6.136
 Zmin, Zmax, Zmax-Zmin:    14.078    22.277     8.199
 Grid dimension at level     2    33   31   35
 Grid origin corrected at level     2     10.000    10.000     9.000
 Bounding Box at level:           1
 Bounding Box Center:      18.500    18.000    18.000
 Xmin, Xmax, Xmax-Xmin:    14.754    21.790     7.036
 Ymin, Ymax, Ymax-Ymin:    15.126    21.261     6.136
 Zmin, Zmax, Zmax-Zmin:    14.078    22.277     8.199
PB Warn in setgrd(): focusing grid too large    2
 fillratio is automatically increased to 2.500
PB Warn in setgrd(): focusing grid too large    2
 fillratio is automatically increased to 3.500
 Grid dimension at level     1     7    7    9
 Grid origin corrected at level     1      2.500     2.000    -2.000
------- VMD goodie --------
#First Level Geometric Box
draw materials off
draw color green
draw line "    2.500    2.000   -2.000" "   30.500    2.000   -2.000"
draw line "    2.500    2.000   -2.000" "    2.500   30.000   -2.000"
draw line "    2.500    2.000   -2.000" "    2.500    2.000   34.000"
draw line "   30.500    2.000   -2.000" "   30.500   30.000   -2.000"
draw line "   30.500    2.000   -2.000" "   30.500    2.000   34.000"
draw line "    2.500   30.000   -2.000" "   30.500   30.000   -2.000"
draw line "    2.500   30.000   -2.000" "    2.500   30.000   34.000"
draw line "    2.500    2.000   34.000" "   30.500    2.000   34.000"
draw line "    2.500    2.000   34.000" "    2.500   30.000   34.000"
draw line "   30.500   30.000   34.000" "   30.500   30.000   -2.000"
draw line "   30.500   30.000   34.000" "    2.500   30.000   34.000"
draw line "   30.500   30.000   34.000" "   30.500    2.000   34.000"
#2nd Level Geometric Box
draw color blue
draw line "   10.000   10.000    9.000" "   27.000   10.000    9.000"
draw line "   10.000   10.000    9.000" "   10.000   26.000    9.000"
draw line "   10.000   10.000    9.000" "   10.000   10.000   27.000"
draw line "   27.000   10.000    9.000" "   27.000   26.000    9.000"
draw line "   27.000   10.000    9.000" "   27.000   10.000   27.000"
draw line "   10.000   26.000    9.000" "   27.000   26.000    9.000"
draw line "   10.000   26.000    9.000" "   10.000   26.000   27.000"
draw line "   10.000   10.000   27.000" "   27.000   10.000   27.000"
draw line "   10.000   10.000   27.000" "   10.000   26.000   27.000"
draw line "   27.000   26.000   27.000" "   27.000   26.000    9.000"
draw line "   27.000   26.000   27.000" "   10.000   26.000   27.000"
draw line "   27.000   26.000   27.000" "   27.000   10.000   27.000"
--- End VMD goodie --------

======== Setting up Solvent Accessibility Data ========
Setting up working radii
Number of SA srf points exposed  1238
 Number of SA arcs generated   223
 Number of SA arc points exposed         507 Number of trimer arc points exposed          42
 with resolution (A) = .250000E+00

Atomic solvent accessible surface area:
           1    3.2995306449178
           2   24.7794408089868
           3   26.0309277185316
           4   21.0249800803524
           5    0.0000000000000
           6   14.5172481507195
           7    0.0000000000000
           8   18.5220062612628
           9   15.0178429145374
          10    0.0000000000000
          11   26.0309277185316
          12   19.7734931708076
          13    0.0000000000000
          14   22.5267643718062
          15    0.0000000000000
          16   24.2788460451689
          17   19.5231957888987
          18    0.3299530644918
          19   17.5208167336270
          20   23.0273591356241
          21   30.6076960324498
          22    5.3177034993223

 ======== FDPB Summary ========

 Do FDPB every           1 steps
 Nonbonded Update
   residue cutoff is set to   99.9000000000000
   fdpb cutoff is set to    5.0000000000000
   sas cutoff is set to    9.0000000000000
   nonbonded cutoff is set to    0.0000000000000
 Grid Constants
   Grid dimension       7       7       9
   Grid spacing set to     4.000
   Grid boundary
         2.500    34.500
         2.000    34.000
        -2.000    38.000

 Dielectric Map
   Use cavity radii in the prmtop file

   Use probe-based SES definition
     Compute SAS/SAR every           1 steps
     Solvent probe radius   1.40000000000000
     Surface dots per atom     366
     Buried atom radii increment   0.79800000000000
     Threshhold for exposed atom   0.08000000000000
     Current SAS 312.12873214003616

 Boundary conditions
   sum of grid charges as independent DH spheres

 Physical constants
   Solute dielectric constant  :   1.00000000000000
   Solvent dielectric constant :   80.0000000000000
   Temperature (K)             :   300.000000000000
   Ionic strength (mM)         :   0.00000000000000
   Debye-Huckel parameter (1/A):   0.00000000000000

FD Solver Option
   Use Modified ICCG solver

 Iteration data
   Maximum iterations  :         100
   Convergence criteria:  1.000000000000000E-03
   Iterations required        :     6
   Norm of the constant vector:        19.6580828426
   Norm of the residual vector:      0.0045989124996
   Convergence achieved       :  2.3394511745946118E-04

 Total molecular surface    153.2002

 ======== FDPB Summary ========

 Do FDPB every           1 steps
 Nonbonded Update
   residue cutoff is set to   99.9000000000000
   fdpb cutoff is set to    5.0000000000000
   sas cutoff is set to    9.0000000000000
   nonbonded cutoff is set to    0.0000000000000
 Grid Constants
   Grid dimension      33      31      35
   Grid spacing set to     0.500
   Grid boundary
        10.000    27.000
        10.000    26.000
         9.000    27.000

 Dielectric Map
   Use cavity radii in the prmtop file

   Use probe-based SES definition
     Compute SAS/SAR every           1 steps
     Solvent probe radius   1.40000000000000
     Surface dots per atom     366
     Buried atom radii increment   0.79800000000000
     Threshhold for exposed atom   0.08000000000000
     Current SAS 312.12873214003616

 Boundary conditions
   sum of grid charges as independent DH spheres

 Physical constants
   Solute dielectric constant  :   1.00000000000000
   Solvent dielectric constant :   80.0000000000000
   Temperature (K)             :   300.000000000000
   Ionic strength (mM)         :   0.00000000000000
   Debye-Huckel parameter (1/A):   0.00000000000000

FD Solver Option
   Use Modified ICCG solver

 Iteration data
   Maximum iterations  :         100
   Convergence criteria:  1.000000000000000E-03
   Iterations required        :    11
   Norm of the constant vector:     10171.9135184330
   Norm of the residual vector:      9.4477133582119
   Convergence achieved       :  9.2880394048683074E-04

 Total surface charge       0.0000
 Reaction field energy    -10.4261
 Nonpolar SAS/SAV    312.1287      0.0000
 Cavity solvation energy      1.5606

 NSTEP =        1   TIME(PS) =       0.000  TEMP(K) =     0.00  PRESS =     0.0
 Etot   =       -20.4881  EKtot   =         0.0000  EPtot      =         0.0000
 BOND   =         0.0000  ANGLE   =         0.0000  DIHED      =         0.0000
 1-4 NB =         0.0000  1-4 EEL =         0.0000  VDWAALS    =        -0.8330
 EELEC  =       -10.7896  EPB     =       -10.4261  RESTRAINT  =         0.0000
 ECAVITY=         1.5606  EDISPER =         0.0000
 ------------------------------------------------------------------------------



  Maximum number of minimization cycles reached.


                    FINAL RESULTS


 NSTEP =        1   TIME(PS) =       0.000  TEMP(K) =     0.00  PRESS =     0.0
 Etot   =       -20.4881  EKtot   =         0.0000  EPtot      =         0.0000
 BOND   =         0.0000  ANGLE   =         0.0000  DIHED      =         0.0000
 1-4 NB =         0.0000  1-4 EEL =         0.0000  VDWAALS    =        -0.8330
 EELEC  =       -10.7896  EPB     =       -10.4261  RESTRAINT  =         0.0000
 ECAVITY=         1.5606  EDISPER =         0.0000
 ------------------------------------------------------------------------------


--------------------------------------------------------------------------------
   5.  TIMINGS
--------------------------------------------------------------------------------

| Total time                     0.04
| Read prm/crd time              0.00
| Force time                     0.03
| Nonbond force                  0.03
| PB Nonbond                     0.03
| PB Sasa                        0.00
| PB FD force                    0.03
| PB Set linear sys              0.01
| PB Solver                      0.02
| PB SA arc                      0.00
| PB circle                      0.00
| PB exmol                       0.01
| PB exmol setup                 0.00
| PB exmol part b                0.00
| PB exmol part f                0.00
| PB epsmap                      0.00
|           Job began  at 20:53:21.029  on 08/29/2021
|           Setup done at 20:53:21.034  on 08/29/2021
|           Run   done at 20:53:21.068  on 08/29/2021
|     wallclock() was called     110 times
