
          -------------------------------------------------------
          GBNSR6 2015                       
          -------------------------------------------------------

| Run on 11/06/2021 at 09:46:48
  [-O]verwriting output

File Assignments:
|  MDIN: ../scripts/gbnsr6.in                                                  
| MDOUT: guest-gb-radii.out                                                    
|INPCRD: guest.crd                                                             
|  PARM: guest.prmtop                                                          
|

 Here is the input file:

compute                                                                        
&cntrl                                                                         
inp=1                                                                          
/                                                                              
&gb                                                                            
epsin=1.0, epsout=80, istrng=0, space=0.5,                                     
arcres=0.2, B=0.028, alpb=1, rbornstat=0, rbornstat=1, cavity_surften=0.005    
/                                                                              

--------------------------------------------------------------------------------
   1.  RESOURCE   USE: 
--------------------------------------------------------------------------------

| Flags:                                                                        
| New format PARM file being parsed.
| Version =    1.000 Date = 08/29/21 Time = 13:29:57
 NATOM  =      20 NTYPES =       5 NBONH =      14 MBONA  =       5
 NTHETH =      32 MTHETA =       4 NPHIH =      42 MPHIA  =       7
 NHPARM =       0 NPARM  =       0 NNB   =     101 NRES   =       1
 NBONA  =       5 NTHETA =       4 NPHIA =       7 NUMBND =       5
 NUMANG =       9 NPTRA  =       6 NATYP =      15 NPHB   =       0
 IFBOX  =       1 NMXRS  =      20 IFCAP =       0 NEXTRA =       0
 NCOPY  =       0

GB Warning in  gb_read(): B=0 is recommended for molecules with more than 50 atoms

|     Memory Use     Allocated
|     Real                 778
|     Hollerith            123
|     Integer            18790
|     Max Pairs              1
|     Max Rstack             1
|     Max Istack             1
|       Total               79 kbytes

| Note: 1-4 EEL scale factors are being read from the topology file.

     BOX TYPE: RECTILINEAR

--------------------------------------------------------------------------------
   2.  ATOMIC COORDINATES AND VELOCITIES
--------------------------------------------------------------------------------

Cpptraj Generated Restart                                                       
 begin time read from input coords =   551.000 ps

 Number of triangulated 3-point waters found:        0

--------------------------------------------------------------------------------
   3.  RESULTS
--------------------------------------------------------------------------------

Print:    Atom number      Inverse Effective Born Radii
rinv           1            0.50365752
rinv           2            0.65912044
rinv           3            0.64611424
rinv           4            0.67118777
rinv           5            0.45364928
rinv           6            0.62699330
rinv           7            0.63303089
rinv           8            0.43161460
rinv           9            0.60982275
rinv          10            0.60702476
rinv          11            0.42743313
rinv          12            0.60170330
rinv          13            0.60535234
rinv          14            0.44072323
rinv          15            0.62398311
rinv          16            0.61581798
rinv          17            0.49051330
rinv          18            0.64940628
rinv          19            0.66884881
rinv          20            0.64855174

 Cavity solvation energy      1.5980

 NSTEP =        1   TIME(PS) =       0.000  TEMP(K) =     0.00  PRESS =     0.0
 Etot   =       -38.5873  EKtot   =         0.0000  EPtot      =         0.0000
 BOND   =         0.0000  ANGLE   =         0.0000  DIHED      =         0.0000
 1-4 NB =         0.0000  1-4 EEL =        14.5517  VDWAALS    =         0.0000
 EELEC  =        12.1513  EGB     =       -66.8883  RESTRAINT  =         0.0000
 ESURF  =         1.5980
 ------------------------------------------------------------------------------



  Maximum number of minimization cycles reached.


                    FINAL RESULTS


 NSTEP =        1   TIME(PS) =       0.000  TEMP(K) =     0.00  PRESS =     0.0
 Etot   =       -38.5873  EKtot   =         0.0000  EPtot      =         0.0000
 BOND   =         0.0000  ANGLE   =         0.0000  DIHED      =         0.0000
 1-4 NB =         0.0000  1-4 EEL =        14.5517  VDWAALS    =         0.0000
 EELEC  =        12.1513  EGB     =       -66.8883  RESTRAINT  =         0.0000
 ESURF  =         1.5980
 ------------------------------------------------------------------------------

|           Job began  at 09:46:48.801  on 11/06/2021
|           Setup done at 09:46:48.803  on 11/06/2021
|           Run   done at 09:46:48.811  on 11/06/2021
|     wallclock() was called      72 times
