
          -------------------------------------------------------
          GBNSR6 2015                       
          -------------------------------------------------------

| Run on 09/26/2021 at 22:18:20
  [-O]verwriting output

File Assignments:
|  MDIN: ../../../scripts/gbnsr6.in                                            
| MDOUT: pro-gb.out                                                            
|INPCRD: ../top_crd/pro.crd                                                    
|  PARM: ../top_crd/pro.top                                                    
|

 Here is the input file:

compute                                                                        
&cntrl                                                                         
inp=1                                                                          
/                                                                              
&gb                                                                            
epsin=1.0, epsout=80, istrng=0, space=0.5,                                     
arcres=0.2, B=0.028, alpb=1, rbornstat=0, cavity_surften=0.005                 
/                                                                              

--------------------------------------------------------------------------------
   1.  RESOURCE   USE: 
--------------------------------------------------------------------------------

| Flags:                                                                        
| New format PARM file being parsed.
| Version =    1.000 Date = 09/26/21 Time = 22:07:01
 NATOM  =   10911 NTYPES =      14 NBONH =    5487 MBONA  =    5558
 NTHETH =   12523 MTHETA =    7500 NPHIH =   25198 MPHIA  =   23530
 NHPARM =       0 NPARM  =       0 NNB   =   60608 NRES   =     650
 NBONA  =    5558 NTHETA =    7500 NPHIA =   23530 NUMBND =      69
 NUMANG =     162 NPTRA  =     208 NATYP =      34 NPHB   =       0
 IFBOX  =       0 NMXRS  =      24 IFCAP =       0 NEXTRA =       0
 NCOPY  =       0


|     Memory Use     Allocated
|     Real              404150
|     Hollerith          66118
|     Integer           538868
|     Max Pairs              1
|     Max Rstack             1
|     Max Istack             1
|       Total             5520 kbytes

| Note: 1-4 EEL scale factors are being read from the topology file.

--------------------------------------------------------------------------------
   2.  ATOMIC COORDINATES AND VELOCITIES
--------------------------------------------------------------------------------

default_name                                                                    
 begin time read from input coords =     0.000 ps

 Number of triangulated 3-point waters found:        0

--------------------------------------------------------------------------------
   3.  RESULTS
--------------------------------------------------------------------------------

 Cavity solvation energy    167.6245

 NSTEP =        1   TIME(PS) =       0.000  TEMP(K) =     0.00  PRESS =     0.0
 Etot   =    -27493.5841  EKtot   =         0.0000  EPtot      =         0.0000
 BOND   =         0.0000  ANGLE   =         0.0000  DIHED      =         0.0000
 1-4 NB =         0.0000  1-4 EEL =     25806.1045  VDWAALS    =         0.0000
 EELEC  =    -39193.9786  EGB     =    -14273.3345  RESTRAINT  =         0.0000
 ESURF  =       167.6245
 ------------------------------------------------------------------------------



  Maximum number of minimization cycles reached.


                    FINAL RESULTS


 NSTEP =        1   TIME(PS) =       0.000  TEMP(K) =     0.00  PRESS =     0.0
 Etot   =    -27493.5841  EKtot   =         0.0000  EPtot      =         0.0000
 BOND   =         0.0000  ANGLE   =         0.0000  DIHED      =         0.0000
 1-4 NB =         0.0000  1-4 EEL =     25806.1045  VDWAALS    =         0.0000
 EELEC  =    -39193.9786  EGB     =    -14273.3345  RESTRAINT  =         0.0000
 ESURF  =       167.6245
 ------------------------------------------------------------------------------

|           Job began  at 22:18:20.000  on 09/26/2021
|           Setup done at 22:18:20.103  on 09/26/2021
|           Run   done at 22:18:32.479  on 09/26/2021
|     wallclock() was called      72 times
