
          -------------------------------------------------------
          GBNSR6 2015                       
          -------------------------------------------------------

| Run on 11/06/2021 at 09:46:49
  [-O]verwriting output

File Assignments:
|  MDIN: ../scripts/gbnsr6.in                                                  
| MDOUT: complex-gb-radii.out                                                  
|INPCRD: complex.crd                                                           
|  PARM: complex.prmtop                                                        
|

 Here is the input file:

compute                                                                        
&cntrl                                                                         
inp=1                                                                          
/                                                                              
&gb                                                                            
epsin=1.0, epsout=80, istrng=0, space=0.5,                                     
arcres=0.2, B=0.028, alpb=1, rbornstat=0, rbornstat=1, cavity_surften=0.005    
/                                                                              

--------------------------------------------------------------------------------
   1.  RESOURCE   USE: 
--------------------------------------------------------------------------------

| Flags:                                                                        
| New format PARM file being parsed.
| Version =    1.000 Date = 08/29/21 Time = 13:29:57
 NATOM  =     152 NTYPES =      10 NBONH =      78 MBONA  =      79
 NTHETH =     180 MTHETA =     114 NPHIH =     310 MPHIA  =     227
 NHPARM =       0 NPARM  =       0 NNB   =     900 NRES   =       7
 NBONA  =      79 NTHETA =     114 NPHIA =     227 NUMBND =      11
 NUMANG =      22 NPTRA  =      24 NATYP =      15 NPHB   =       0
 IFBOX  =       1 NMXRS  =      26 IFCAP =       0 NEXTRA =       0
 NCOPY  =       0


|     Memory Use     Allocated
|     Real                5680
|     Hollerith            921
|     Integer            24927
|     Max Pairs              1
|     Max Rstack             1
|     Max Istack             1
|       Total              145 kbytes

| Note: 1-4 EEL scale factors are being read from the topology file.

     BOX TYPE: RECTILINEAR

--------------------------------------------------------------------------------
   2.  ATOMIC COORDINATES AND VELOCITIES
--------------------------------------------------------------------------------

Cpptraj Generated Restart                                                       
 begin time read from input coords =   551.000 ps

 Number of triangulated 3-point waters found:        0

--------------------------------------------------------------------------------
   3.  RESULTS
--------------------------------------------------------------------------------

Print:    Atom number      Inverse Effective Born Radii
rinv           1            0.36691756
rinv           2            0.57111061
rinv           3            0.29345923
rinv           4            0.39644056
rinv           5            0.60847814
rinv           6            0.54930259
rinv           7            0.71057913
rinv           8            0.35021619
rinv           9            0.44195226
rinv          10            0.54096927
rinv          11            0.92588784
rinv          12            0.31416988
rinv          13            0.51735667
rinv          14            0.29852138
rinv          15            0.25154130
rinv          16            0.43058245
rinv          17            0.40221906
rinv          18            0.42657595
rinv          19            0.59302652
rinv          20            0.55292395
rinv          21            0.76009195
rinv          22            0.34517141
rinv          23            0.54500383
rinv          24            0.26458969
rinv          25            0.38341308
rinv          26            0.60713984
rinv          27            0.53115174
rinv          28            0.72834478
rinv          29            0.34287097
rinv          30            0.36415074
rinv          31            0.54500877
rinv          32            0.89964415
rinv          33            0.31586907
rinv          34            0.51325548
rinv          35            0.29427730
rinv          36            0.24563363
rinv          37            0.43214013
rinv          38            0.39182870
rinv          39            0.42767587
rinv          40            0.57630300
rinv          41            0.56606276
rinv          42            0.88047772
rinv          43            0.35676743
rinv          44            0.56609122
rinv          45            0.26846557
rinv          46            0.38756088
rinv          47            0.60328067
rinv          48            0.54427820
rinv          49            0.51495016
rinv          50            0.33750798
rinv          51            0.39086028
rinv          52            0.53720062
rinv          53            0.90532219
rinv          54            0.29667671
rinv          55            0.47431463
rinv          56            0.29611788
rinv          57            0.26650960
rinv          58            0.42862266
rinv          59            0.41348778
rinv          60            0.50521267
rinv          61            0.60375848
rinv          62            0.56243479
rinv          63            0.86315682
rinv          64            0.35029420
rinv          65            0.56589400
rinv          66            0.27261057
rinv          67            0.39155492
rinv          68            0.60901033
rinv          69            0.54292358
rinv          70            0.91739048
rinv          71            0.33383490
rinv          72            0.33693511
rinv          73            0.51883539
rinv          74            0.88710884
rinv          75            0.31132115
rinv          76            0.52098684
rinv          77            0.29558109
rinv          78            0.25025302
rinv          79            0.44531932
rinv          80            0.40622959
rinv          81            0.45372170
rinv          82            0.58218989
rinv          83            0.55552913
rinv          84            0.92815402
rinv          85            0.34781739
rinv          86            0.54736154
rinv          87            0.26486662
rinv          88            0.38433053
rinv          89            0.58757733
rinv          90            0.53576568
rinv          91            0.53104264
rinv          92            0.35123320
rinv          93            0.44262577
rinv          94            0.54192844
rinv          95            0.92362981
rinv          96            0.29380656
rinv          97            0.46279259
rinv          98            0.29030933
rinv          99            0.26250362
rinv         100            0.41308458
rinv         101            0.41025439
rinv         102            0.48554624
rinv         103            0.60530916
rinv         104            0.56170178
rinv         105            0.84127404
rinv         106            0.35051586
rinv         107            0.56771362
rinv         108            0.27846682
rinv         109            0.38820336
rinv         110            0.60402950
rinv         111            0.53773493
rinv         112            0.91704469
rinv         113            0.33831627
rinv         114            0.37268338
rinv         115            0.53057087
rinv         116            0.87760357
rinv         117            0.31169048
rinv         118            0.51287017
rinv         119            0.29808251
rinv         120            0.25295467
rinv         121            0.42137005
rinv         122            0.40438493
rinv         123            0.49899323
rinv         124            0.55895548
rinv         125            0.57048058
rinv         126            0.90517476
rinv         127            0.42727764
rinv         128            0.60699718
rinv         129            0.60180392
rinv         130            0.36066166
rinv         131            0.52303079
rinv         132            0.46147634
rinv         133            0.31731428
rinv         134            0.45900056
rinv         135            0.45146472
rinv         136            0.22882695
rinv         137            0.23965447
rinv         138            0.23827579
rinv         139            0.21119086
rinv         140            0.21892363
rinv         141            0.22220218
rinv         142            0.24320404
rinv         143            0.24876867
rinv         144            0.25356388
rinv         145            0.36499137
rinv         146            0.41186671
rinv         147            0.42905719
rinv         148            0.59439248
rinv         149            0.48835955
rinv         150            0.64857214
rinv         151            0.66023335
rinv         152            0.62849322

 Cavity solvation energy      5.1137

 NSTEP =        1   TIME(PS) =       0.000  TEMP(K) =     0.00  PRESS =     0.0
 Etot   =       -97.7365  EKtot   =         0.0000  EPtot      =         0.0000
 BOND   =         0.0000  ANGLE   =         0.0000  DIHED      =         0.0000
 1-4 NB =         0.0000  1-4 EEL =       440.7783  VDWAALS    =         0.0000
 EELEC  =      -375.2795  EGB     =      -168.3490  RESTRAINT  =         0.0000
 ESURF  =         5.1137
 ------------------------------------------------------------------------------



  Maximum number of minimization cycles reached.


                    FINAL RESULTS


 NSTEP =        1   TIME(PS) =       0.000  TEMP(K) =     0.00  PRESS =     0.0
 Etot   =       -97.7365  EKtot   =         0.0000  EPtot      =         0.0000
 BOND   =         0.0000  ANGLE   =         0.0000  DIHED      =         0.0000
 1-4 NB =         0.0000  1-4 EEL =       440.7783  VDWAALS    =         0.0000
 EELEC  =      -375.2795  EGB     =      -168.3490  RESTRAINT  =         0.0000
 ESURF  =         5.1137
 ------------------------------------------------------------------------------

|           Job began  at 09:46:49.092  on 11/06/2021
|           Setup done at 09:46:49.095  on 11/06/2021
|           Run   done at 09:46:49.161  on 11/06/2021
|     wallclock() was called      72 times
