
          -------------------------------------------------------
          GBNSR6 2015                       
          -------------------------------------------------------

| Run on 08/29/2021 at 13:30:12

File Assignments:
|  MDIN: ../scripts/gbnsr6.in                                                  
| MDOUT: guest-gb.out                                                          
|INPCRD: guest.crd                                                             
|  PARM: guest.prmtop                                                          
|

 Here is the input file:

compute                                                                        
&cntrl                                                                         
inp=1                                                                          
/                                                                              
&gb                                                                            
epsin=1.0, epsout=80, istrng=0, space=0.5,                                     
arcres=0.2, B=0.028, alpb=1, rbornstat=0, cavity_surften=0.005                 
/                                                                              

--------------------------------------------------------------------------------
   1.  RESOURCE   USE: 
--------------------------------------------------------------------------------

| Flags:                                                                        
| New format PARM file being parsed.
| Version =    1.000 Date = 08/29/21 Time = 13:29:57
 NATOM  =      26 NTYPES =       5 NBONH =      18 MBONA  =       7
 NTHETH =      42 MTHETA =       6 NPHIH =      58 MPHIA  =      11
 NHPARM =       0 NPARM  =       0 NNB   =     138 NRES   =       1
 NBONA  =       7 NTHETA =       6 NPHIA =      11 NUMBND =       5
 NUMANG =      10 NPTRA  =       6 NATYP =      15 NPHB   =       0
 IFBOX  =       1 NMXRS  =      26 IFCAP =       0 NEXTRA =       0
 NCOPY  =       0

GB Warning in  gb_read(): B=0 is recommended for molecules with more than 50 atoms

|     Memory Use     Allocated
|     Real                1000
|     Hollerith            159
|     Integer            19062
|     Max Pairs              1
|     Max Rstack             1
|     Max Istack             1
|       Total               82 kbytes

| Note: 1-4 EEL scale factors are being read from the topology file.

     BOX TYPE: RECTILINEAR

--------------------------------------------------------------------------------
   2.  ATOMIC COORDINATES AND VELOCITIES
--------------------------------------------------------------------------------

Cpptraj Generated Restart                                                       
 begin time read from input coords =   551.000 ps

 Number of triangulated 3-point waters found:        0

--------------------------------------------------------------------------------
   3.  RESULTS
--------------------------------------------------------------------------------

 Cavity solvation energy      1.9168

 NSTEP =        1   TIME(PS) =       0.000  TEMP(K) =     0.00  PRESS =     0.0
 Etot   =       -13.6899  EKtot   =         0.0000  EPtot      =         0.0000
 BOND   =         0.0000  ANGLE   =         0.0000  DIHED      =         0.0000
 1-4 NB =         0.0000  1-4 EEL =        28.3717  VDWAALS    =         0.0000
 EELEC  =        16.8307  EGB     =       -60.8091  RESTRAINT  =         0.0000
 ESURF  =         1.9168
 ------------------------------------------------------------------------------



  Maximum number of minimization cycles reached.


                    FINAL RESULTS


 NSTEP =        1   TIME(PS) =       0.000  TEMP(K) =     0.00  PRESS =     0.0
 Etot   =       -13.6899  EKtot   =         0.0000  EPtot      =         0.0000
 BOND   =         0.0000  ANGLE   =         0.0000  DIHED      =         0.0000
 1-4 NB =         0.0000  1-4 EEL =        28.3717  VDWAALS    =         0.0000
 EELEC  =        16.8307  EGB     =       -60.8091  RESTRAINT  =         0.0000
 ESURF  =         1.9168
 ------------------------------------------------------------------------------

|           Job began  at 13:30:12.522  on 08/29/2021
|           Setup done at 13:30:12.524  on 08/29/2021
|           Run   done at 13:30:12.534  on 08/29/2021
|     wallclock() was called      72 times
