
          -------------------------------------------------------
          PBSA VERSION 2019                       UC Irvine
          -------------------------------------------------------

| Run on 09/26/2021 at 23:36:45
  [-O]verwriting output

File Assignments:
|  MDIN: ../../../scripts/pbsa.in                                              
| MDOUT: lig-pb.out                                                            
|INPCRD: ../top_crd/lig.crd                                                    
|  PARM: ../top_crd/lig.top                                                    
|

 Here is the input file:

Sample single point PB calculation                                             
&cntrl                                                                         
ipb=1, inp=1                                                                   
/                                                                              
&pb                                                                            
npbverb=1, fillratio=1.5, saopt=1, radiopt=0, epsin=1.0, epsout=80             
/                                                                              
 PBSA Warning in pb_read(): sprob=0.557 is optimized for inp=2 and  should not be used with inp=1. It has been reset to 1.4.
 PBSA Warning in pb_read(): cavity_surften=0.0378 is optimized for inp=2  and should not be used with inp=1. It has been reset to 0.005000.
 PBSA Warning in pb_read(): cavity_offset=-0.5692 is optimized for inp=2  and should not be used with inp=1. It has been reset to 0.000.

--------------------------------------------------------------------------------
   1.  RESOURCE   USE: 
--------------------------------------------------------------------------------

| Flags:                                                                        
| New format PARM file being parsed.
| Version =    1.000 Date = 09/26/21 Time = 22:06:57
 NATOM  =      61 NTYPES =       9 NBONH =      35 MBONA  =      26
 NTHETH =      84 MTHETA =      33 NPHIH =     136 MPHIA  =      76
 NHPARM =       0 NPARM  =       0 NNB   =     344 NRES   =       1
 NBONA  =      26 NTHETA =      33 NPHIA =      76 NUMBND =      11
 NUMANG =      26 NPTRA  =      31 NATYP =       9 NPHB   =       0
 IFBOX  =       0 NMXRS  =      61 IFCAP =       0 NEXTRA =       0
 NCOPY  =       0


|     Memory Use     Allocated
|     Real                2298
|     Hollerith            186
|     Integer            22728
|     Max Pairs              1
|     Max Rstack             1
|     Max Istack             1
|       Total              107 kbytes

--------------------------------------------------------------------------------
   2.  CONTROL  DATA  FOR  THE  RUN
--------------------------------------------------------------------------------

default_name                                                                    

General flags:
     imin    =       1, nmropt  =       0

Nature and format of input:
     ntx     =       1, irest   =       0, ntrx    =       1

Nature and format of output:
     ntxo    =       1, ntpr    =      50, ntrx    =       1, ntwr    =     500
     iwrap   =       0, ntwx    =       0, ntwv    =       0, ntwe    =       0
     ioutfm  =       0, ntwprt  =       0, idecomp =       0, rbornstat=      0

Potential function:
     ntf     =       1, ntb     =       1, ipb     =       1, nsnb    =      25
     ipol    =       0, gbsa    =       0, iesp    =       0
     dielc   =   1.00000, cut     =   8.00000, intdiel =   1.00000

Frozen or restrained atoms:
     ibelly  =       0, ntr     =       0

Energy minimization:
     maxcyc  =       1, ncyc    =      10, ntmin   =       1
     dx0     =   0.01000, drms    =   0.00010

======== Implicit Solvent Initialization ========

     Max Nonbonded Pairs:     1861     1861

 no. of atoms processed in PB initialization:    61
  NUM  RESI  NAME  TYPE    CHARGE ATM CRG/H   GRP CRG   PB RADI   NP RADI
    1  LIG   NZ    n4   -1.122600 -0.209199 -0.002999  1.550000  1.249753
    2  LIG   HZ1   hn    0.304467  0.304467  0.304467  1.300000  0.553248
    3  LIG   HZ2   hn    0.304467  0.304467  0.304467  1.300000  0.553248
    4  LIG   HZ3   hn    0.304467  0.304467  0.304467  1.300000  0.553248
    5  LIG   CE    c3    0.155800  0.206200  0.002001  1.700000  1.698855
    6  LIG   HE1   hx    0.025200  0.025200  0.025200  1.300000  0.943729
    7  LIG   HE2   hx    0.025200  0.025200  0.025200  1.300000  0.943729
    8  LIG   CD    c3   -0.076400  0.005000  0.239200  1.700000  1.698855
    9  LIG   HD1   hc    0.040700  0.040700  0.040700  1.300000  1.300089
   10  LIG   HD2   hc    0.040700  0.040700  0.040700  1.300000  1.300089
   11  LIG   CG    c3   -0.087400  0.028000  0.071000  1.700000  1.698855
   12  LIG   HG1   hc    0.057700  0.057700  0.057700  1.300000  1.300089
   13  LIG   HG2   hc    0.057700  0.057700  0.057700  1.300000  1.300089
   14  LIG   CB    c3   -0.077400  0.038000  0.258200  1.700000  1.698855
   15  LIG   HB1   hc    0.057700  0.057700  0.057700  1.300000  1.300089
   16  LIG   HB2   hc    0.057700  0.057700  0.057700  1.300000  1.300089
   17  LIG   CA    c3    0.122500  0.192200  0.682100  1.700000  1.698855
   18  LIG   N     n4   -1.089600 -0.166200  0.026000  1.550000  1.249753
   19  LIG   H3    hn    0.307800  0.307800  0.307800  1.300000  0.553248
   20  LIG   H1    hn    0.307800  0.307800  0.307800  1.300000  0.553248
   21  LIG   H2    hn    0.307800  0.307800  0.307800  1.300000  0.553248
   22  LIG   HA    hx    0.069700  0.069700  0.069700  1.300000  0.943729
   23  LIG   C     c     0.618100  0.618100 -0.287600  1.700000  1.657606
   24  LIG   O     o    -0.636100 -0.636100 -0.018000  1.500000  1.524060
   25  LIG   N1    n    -0.461800 -0.461800  0.468100  1.550000  1.590432
   26  LIG   C9    c3    0.091000  0.186400 -0.248400  1.700000  1.698855
   27  LIG   C7    c3   -0.090400  0.027000  0.276400  1.700000  1.698855
   28  LIG   C5    c3   -0.087400  0.063000  0.215400  1.700000  1.698855
   29  LIG   H51   hc    0.075200  0.075200  0.075200  1.300000  1.300089
   30  LIG   H52   hc    0.075200  0.075200  0.075200  1.300000  1.300089
   31  LIG   H71   hc    0.058700  0.058700  0.058700  1.300000  1.300089
   32  LIG   H72   hc    0.058700  0.058700  0.058700  1.300000  1.300089
   33  LIG   H91   h1    0.047700  0.047700  0.047700  1.300000  1.210999
   34  LIG   H92   h1    0.047700  0.047700  0.047700  1.300000  1.210999
   35  LIG   C1    c3    0.035700  0.125400  0.384700  1.700000  1.698855
   36  LIG   H4    h1    0.089700  0.089700  0.089700  1.300000  1.210999
   37  LIG   C3    c     0.658100  0.658100 -0.038000  1.700000  1.657606
   38  LIG   O1    o    -0.617100 -0.617100  0.041000  1.500000  1.524060
   39  LIG   N2    n    -0.556900 -0.204400  0.579100  1.550000  1.590432
   40  LIG   HN2   hn    0.352500  0.352500  0.352500  1.300000  0.553248
   41  LIG   C2    c3    0.026700  0.125400  0.806600  1.700000  1.698855
   42  LIG   C4    c     0.855600  0.855600 -0.147600  1.700000  1.657606
   43  LIG   O2    o    -0.564300 -0.564300  0.291300  1.500000  1.524060
   44  LIG   OXT   o    -0.564300 -0.564300  0.291300  1.500000  1.524060
   45  LIG   H12   h1    0.098700  0.098700  0.098700  1.300000  1.210999
   46  LIG   C6    c3   -0.096400  0.030000  0.173400  1.700000  1.698855
   47  LIG   H61   hc    0.063200  0.063200  0.063200  1.300000  1.300089
   48  LIG   H62   hc    0.063200  0.063200  0.063200  1.300000  1.300089
   49  LIG   C8    c3   -0.078400  0.018000  0.057000  1.700000  1.698855
   50  LIG   H81   hc    0.048200  0.048200  0.048200  1.300000  1.300089
   51  LIG   H82   hc    0.048200  0.048200  0.048200  1.300000  1.300089
   52  LIG   C10   c3   -0.077400  0.009000  0.246200  1.700000  1.698855
   53  LIG   H101  hc    0.043200  0.043200  0.043200  1.300000  1.300089
   54  LIG   H102  hc    0.043200  0.043200  0.043200  1.300000  1.300089
   55  LIG   C11   c3    0.151800  0.219200  0.246999  1.700000  1.698855
   56  LIG   H111  hx    0.033700  0.033700  0.033700  1.300000  0.943729
   57  LIG   H112  hx    0.033700  0.033700  0.033700  1.300000  0.943729
   58  LIG   N3    n4   -1.139600  0.018799  0.237999  1.550000  1.249753
   59  LIG   H31   hn    0.386133  0.386133  0.386133  1.300000  0.553248
   60  LIG   H32   hn    0.386133  0.386133  0.386133  1.300000  0.553248
   61  LIG   H33   hn    0.386133  0.386133  0.386133  1.300000  0.553248

 total system charges (+/-) for PB       -0.0000        7.4235       -7.4235
 cavity_surften =        0.0050 cavity_offset =        0.0000

   SAS Surface: surface dots generated:    366

--------------------------------------------------------------------------------
   3.  ATOMIC COORDINATES AND VELOCITIES
--------------------------------------------------------------------------------

default_name                                                                    
 begin time read from input coords =     0.000 ps

 Number of triangulated 3-point waters found:        0

--------------------------------------------------------------------------------
   4.  RESULTS
--------------------------------------------------------------------------------

  NB-update: atom-based nb list     1455


======== Setting up Grid Parameters ========
Using bounding box for grid setup
 Bounding Box at level:           2
 Bounding Box Center:       1.500    18.000    13.500
 Xmin, Xmax, Xmax-Xmin:    -5.490     8.851    14.341
 Ymin, Ymax, Ymax-Ymin:    12.555    23.770    11.215
 Zmin, Zmax, Zmax-Zmin:     8.050    19.264    11.214
 Grid dimension at level     2    47   41   41
 Grid origin corrected at level     2    -10.500     7.500     3.000
 Bounding Box at level:           1
 Bounding Box Center:       1.500    18.000    13.500
 Xmin, Xmax, Xmax-Xmin:    -5.490     8.851    14.341
 Ymin, Ymax, Ymax-Ymin:    12.555    23.770    11.215
 Zmin, Zmax, Zmax-Zmin:     8.050    19.264    11.214
PB Warn in setgrd(): focusing grid too large    2
 fillratio is automatically increased to 2.500
 Grid dimension at level     1    11    9    9
 Grid origin corrected at level     1    -22.500    -2.000    -6.500
------- VMD goodie --------
#First Level Geometric Box
draw materials off
draw color green
draw line "  -22.500   -2.000   -6.500" "   21.500   -2.000   -6.500"
draw line "  -22.500   -2.000   -6.500" "  -22.500   34.000   -6.500"
draw line "  -22.500   -2.000   -6.500" "  -22.500   -2.000   29.500"
draw line "   21.500   -2.000   -6.500" "   21.500   34.000   -6.500"
draw line "   21.500   -2.000   -6.500" "   21.500   -2.000   29.500"
draw line "  -22.500   34.000   -6.500" "   21.500   34.000   -6.500"
draw line "  -22.500   34.000   -6.500" "  -22.500   34.000   29.500"
draw line "  -22.500   -2.000   29.500" "   21.500   -2.000   29.500"
draw line "  -22.500   -2.000   29.500" "  -22.500   34.000   29.500"
draw line "   21.500   34.000   29.500" "   21.500   34.000   -6.500"
draw line "   21.500   34.000   29.500" "  -22.500   34.000   29.500"
draw line "   21.500   34.000   29.500" "   21.500   -2.000   29.500"
#2nd Level Geometric Box
draw color blue
draw line "  -10.500    7.500    3.000" "   13.500    7.500    3.000"
draw line "  -10.500    7.500    3.000" "  -10.500   28.500    3.000"
draw line "  -10.500    7.500    3.000" "  -10.500    7.500   24.000"
draw line "   13.500    7.500    3.000" "   13.500   28.500    3.000"
draw line "   13.500    7.500    3.000" "   13.500    7.500   24.000"
draw line "  -10.500   28.500    3.000" "   13.500   28.500    3.000"
draw line "  -10.500   28.500    3.000" "  -10.500   28.500   24.000"
draw line "  -10.500    7.500   24.000" "   13.500    7.500   24.000"
draw line "  -10.500    7.500   24.000" "  -10.500   28.500   24.000"
draw line "   13.500   28.500   24.000" "   13.500   28.500    3.000"
draw line "   13.500   28.500   24.000" "  -10.500   28.500   24.000"
draw line "   13.500   28.500   24.000" "   13.500    7.500   24.000"
--- End VMD goodie --------

======== Setting up Solvent Accessibility Data ========
Setting up working radii
Number of SA srf points exposed  2793
 Number of SA arcs generated   808
 Number of SA arc points exposed        1356 Number of trimer arc points exposed         120
 with resolution (A) = .250000E+00

Atomic solvent accessible surface area:
           1    0.2987946455504
           2   30.5362805928928
           3   13.0154638592658
           4   22.7770617537151
           5    0.3299530644918
           6   18.0214114974449
           7   25.7806303366226
           8    0.3299530644918
           9   20.7746826984435
          10   21.2752774622614
          11    0.0000000000000
          12    6.7580293115418
          13    5.7568397839060
          14    0.0000000000000
          15   10.2621926582673
          16   10.5124900401762
          17    0.0000000000000
          18    0.2987946455504
          19   24.2788460451689
          20   18.5220062612628
          21   14.2669507688106
          22    8.0095162210866
          23    0.9898591934753
          24   12.9938332213230
          25    0.0000000000000
          26    0.3299530644918
          27    0.6599061289836
          28    0.0000000000000
          29   23.2776565175330
          30   18.0214114974449
          31   23.7782512813509
          32   27.5327120099853
          33   16.0190324421733
          34   17.2705193517181
          35    0.0000000000000
          36   12.7651664773568
          37    0.3299530644918
          38   18.1913665098522
          39    0.0000000000000
          40    8.0095162210866
          41    0.0000000000000
          42    4.9492959673767
          43   37.8264922665182
          44   35.8052293209790
          45    8.5101109849045
          46    0.0000000000000
          47   13.5160586230837
          48    8.0095162210866
          49    0.0000000000000
          50   11.5136795678120
          51    5.0059476381791
          52    0.0000000000000
          53   19.5231957888987
          54   18.0214114974449
          55    0.0000000000000
          56   21.5255748441703
          57   26.2812251004405
          58    0.2987946455504
          59   29.5350910652570
          60   18.5220062612628
          61   24.2788460451689

 ======== FDPB Summary ========

 Do FDPB every           1 steps
 Nonbonded Update
   residue cutoff is set to   99.9000000000000
   fdpb cutoff is set to    5.0000000000000
   sas cutoff is set to    9.0000000000000
   nonbonded cutoff is set to    0.0000000000000
 Grid Constants
   Grid dimension      11       9       9
   Grid spacing set to     4.000
   Grid boundary
       -22.500    25.500
        -2.000    38.000
        -6.500    33.500

 Dielectric Map
   Use cavity radii in the prmtop file

   Use probe-based SES definition
     Compute SAS/SAR every           1 steps
     Solvent probe radius   1.40000000000000
     Surface dots per atom     366
     Buried atom radii increment   0.79800000000000
     Threshhold for exposed atom   0.08000000000000
     Current SAS 715.09678753035109

 Boundary conditions
   sum of grid charges as independent DH spheres

 Physical constants
   Solute dielectric constant  :   1.00000000000000
   Solvent dielectric constant :   80.0000000000000
   Temperature (K)             :   300.000000000000
   Ionic strength (mM)         :   0.00000000000000
   Debye-Huckel parameter (1/A):   0.00000000000000

FD Solver Option
   Use Modified ICCG solver

 Iteration data
   Maximum iterations  :         100
   Convergence criteria:  1.000000000000000E-03
   Iterations required        :     6
   Norm of the constant vector:        58.4550127718
   Norm of the residual vector:      0.0356259866541
   Convergence achieved       :  6.0945990711223246E-04

 Total molecular surface    415.8965

 ======== FDPB Summary ========

 Do FDPB every           1 steps
 Nonbonded Update
   residue cutoff is set to   99.9000000000000
   fdpb cutoff is set to    5.0000000000000
   sas cutoff is set to    9.0000000000000
   nonbonded cutoff is set to    0.0000000000000
 Grid Constants
   Grid dimension      47      41      41
   Grid spacing set to     0.500
   Grid boundary
       -10.500    13.500
         7.500    28.500
         3.000    24.000

 Dielectric Map
   Use cavity radii in the prmtop file

   Use probe-based SES definition
     Compute SAS/SAR every           1 steps
     Solvent probe radius   1.40000000000000
     Surface dots per atom     366
     Buried atom radii increment   0.79800000000000
     Threshhold for exposed atom   0.08000000000000
     Current SAS 715.09678753035109

 Boundary conditions
   sum of grid charges as independent DH spheres

 Physical constants
   Solute dielectric constant  :   1.00000000000000
   Solvent dielectric constant :   80.0000000000000
   Temperature (K)             :   300.000000000000
   Ionic strength (mM)         :   0.00000000000000
   Debye-Huckel parameter (1/A):   0.00000000000000

FD Solver Option
   Use Modified ICCG solver

 Iteration data
   Maximum iterations  :         100
   Convergence criteria:  1.000000000000000E-03
   Iterations required        :    13
   Norm of the constant vector:     51752.4133327986
   Norm of the residual vector:     51.6145738999258
   Convergence achieved       :  9.9733656028779959E-04

 Total surface charge       0.0000
 Reaction field energy    -31.2606
 Nonpolar SAS/SAV    715.0968      0.0000
 Cavity solvation energy      3.5755

 NSTEP =        1   TIME(PS) =       0.000  TEMP(K) =     0.00  PRESS =     0.0
 Etot   =      -321.2965  EKtot   =         0.0000  EPtot      =         0.0000
 BOND   =         0.0000  ANGLE   =         0.0000  DIHED      =         0.0000
 1-4 NB =         0.0000  1-4 EEL =         0.0000  VDWAALS    =        -9.7212
 EELEC  =      -283.8901  EPB     =       -31.2606  RESTRAINT  =         0.0000
 ECAVITY=         3.5755  EDISPER =         0.0000
 ------------------------------------------------------------------------------



  Maximum number of minimization cycles reached.


                    FINAL RESULTS


 NSTEP =        1   TIME(PS) =       0.000  TEMP(K) =     0.00  PRESS =     0.0
 Etot   =      -321.2965  EKtot   =         0.0000  EPtot      =         0.0000
 BOND   =         0.0000  ANGLE   =         0.0000  DIHED      =         0.0000
 1-4 NB =         0.0000  1-4 EEL =         0.0000  VDWAALS    =        -9.7212
 EELEC  =      -283.8901  EPB     =       -31.2606  RESTRAINT  =         0.0000
 ECAVITY=         3.5755  EDISPER =         0.0000
 ------------------------------------------------------------------------------


--------------------------------------------------------------------------------
   5.  TIMINGS
--------------------------------------------------------------------------------

| Total time                     0.07
| Read prm/crd time              0.02
| Force time                     0.05
| Nonbond force                  0.05
| PB Nonbond                     0.05
| PB Sasa                        0.00
| PB FD force                    0.05
| PB Set linear sys              0.02
| PB Solver                      0.03
| PB SA arc                      0.00
| PB circle                      0.00
| PB exclude                     0.00
| PB exmol                       0.02
| PB exmol setup                 0.00
| PB exmol part a                0.00
| PB exmol part b                0.00
| PB exmol part d                0.00
| PB exmol part f                0.01
| PB epsmap                      0.00
|           Job began  at 23:36:45.597  on 09/26/2021
|           Setup done at 23:36:45.620  on 09/26/2021
|           Run   done at 23:36:45.672  on 09/26/2021
|     wallclock() was called     110 times
