
          -------------------------------------------------------
          PBSA VERSION 2019                       UC Irvine
          -------------------------------------------------------

| Run on 09/12/2021 at 11:37:49

File Assignments:
|  MDIN: ../scripts/pbsa.in                                                    
| MDOUT: guest-pb.out                                                          
|INPCRD: guest.crd                                                             
|  PARM: guest.prmtop                                                          
|

 Here is the input file:

Sample single point PB calculation                                             
&cntrl                                                                         
ipb=1, inp=1                                                                   
/                                                                              
&pb                                                                            
npbverb=1, fillratio=1.5, saopt=1, radiopt=0, epsin=1.0, epsout=80             
/                                                                              
 PBSA Warning in pb_read(): sprob=0.557 is optimized for inp=2 and  should not be used with inp=1. It has been reset to 1.4.
 PBSA Warning in pb_read(): cavity_surften=0.0378 is optimized for inp=2  and should not be used with inp=1. It has been reset to 0.005000.
 PBSA Warning in pb_read(): cavity_offset=-0.5692 is optimized for inp=2  and should not be used with inp=1. It has been reset to 0.000.

--------------------------------------------------------------------------------
   1.  RESOURCE   USE: 
--------------------------------------------------------------------------------

| Flags:                                                                        
| New format PARM file being parsed.
| Version =    1.000 Date = 09/12/21 Time = 11:22:33
 NATOM  =      15 NTYPES =       5 NBONH =       4 MBONA  =      11
 NTHETH =       8 MTHETA =      14 NPHIH =      18 MPHIA  =      19
 NHPARM =       0 NPARM  =       0 NNB   =      68 NRES   =       1
 NBONA  =      11 NTHETA =      14 NPHIA =      19 NUMBND =       6
 NUMANG =       7 NPTRA  =       4 NATYP =      13 NPHB   =       0
 IFBOX  =       1 NMXRS  =      15 IFCAP =       0 NEXTRA =       0
 NCOPY  =       0


|     Memory Use     Allocated
|     Real                 596
|     Hollerith             48
|     Integer            20543
|     Max Pairs              1
|     Max Rstack             1
|     Max Istack             1
|       Total               85 kbytes

     BOX TYPE: RECTILINEAR

--------------------------------------------------------------------------------
   2.  CONTROL  DATA  FOR  THE  RUN
--------------------------------------------------------------------------------

default_name                                                                    

General flags:
     imin    =       1, nmropt  =       0

Nature and format of input:
     ntx     =       1, irest   =       0, ntrx    =       1

Nature and format of output:
     ntxo    =       1, ntpr    =      50, ntrx    =       1, ntwr    =     500
     iwrap   =       0, ntwx    =       0, ntwv    =       0, ntwe    =       0
     ioutfm  =       0, ntwprt  =       0, idecomp =       0, rbornstat=      0

Potential function:
     ntf     =       1, ntb     =       1, ipb     =       1, nsnb    =      25
     ipol    =       0, gbsa    =       0, iesp    =       0
     dielc   =   1.00000, cut     =   8.00000, intdiel =   1.00000

Frozen or restrained atoms:
     ibelly  =       0, ntr     =       0

Energy minimization:
     maxcyc  =       1, ncyc    =      10, ntmin   =       1
     dx0     =   0.01000, drms    =   0.00010

======== Implicit Solvent Initialization ========

     Max Nonbonded Pairs:      113      113

 no. of atoms processed in PB initialization:    15
  NUM  RESI  NAME  TYPE    CHARGE ATM CRG/H   GRP CRG   PB RADI   NP RADI
    1  MOL   C1    ca   -0.117189  0.003303  0.013325  1.700000  1.699835
    2  MOL   C2    ca   -0.194555 -0.043839 -0.049322  1.700000  1.699835
    3  MOL   C3    ca   -0.008786 -0.008786  0.272890  1.700000  1.699835
    4  MOL   C4    ca   -0.194555 -0.043839 -0.049322  1.700000  1.699835
    5  MOL   C5    ca   -0.117189  0.003303  0.013325  1.700000  1.699835
    6  MOL   C6    ca    0.053861  0.053861  0.791779  1.700000  1.699835
    7  MOL   C7    cg    0.369354  0.369354 -0.168674  1.700000  1.699835
    8  MOL   N1    n1   -0.529242 -0.529242 -0.159888  1.550000  1.624999
    9  MOL   C8    c     0.731312  0.731312 -0.750253  1.700000  1.699835
   10  MOL   O1    o    -0.767713 -0.767713 -0.036401  1.500000  1.479961
   11  MOL   O2    o    -0.767713 -0.767713 -0.036401  1.500000  1.479961
   12  MOL   H1    ha    0.120492  0.120492  0.120492  1.300000  1.299821
   13  MOL   H2    ha    0.150716  0.150716  0.150716  1.300000  1.299821
   14  MOL   H3    ha    0.150716  0.150716  0.150716  1.300000  1.299821
   15  MOL   H4    ha    0.120492  0.120492  0.120492  1.300000  1.299821

 total system charges (+/-) for PB       -1.0000        1.6969       -2.6969
 cavity_surften =        0.0050 cavity_offset =        0.0000

   SAS Surface: surface dots generated:    366

--------------------------------------------------------------------------------
   3.  ATOMIC COORDINATES AND VELOCITIES
--------------------------------------------------------------------------------

Cpptraj Generated Restart                                                       
 begin time read from input coords =  1051.000 ps

 Number of triangulated 3-point waters found:        0

--------------------------------------------------------------------------------
   4.  RESULTS
--------------------------------------------------------------------------------

  NB-update: atom-based nb list      105


======== Setting up Grid Parameters ========
Using bounding box for grid setup
 Bounding Box at level:           2
 Bounding Box Center:      21.000    20.000    22.000
 Xmin, Xmax, Xmax-Xmin:    17.345    24.438     7.093
 Ymin, Ymax, Ymax-Ymin:    15.169    24.628     9.459
 Zmin, Zmax, Zmax-Zmin:    18.875    25.279     6.404
 Grid dimension at level     2    33   37   31
 Grid origin corrected at level     2     12.500    10.500    14.000
 Bounding Box at level:           1
 Bounding Box Center:      21.000    20.000    22.000
 Xmin, Xmax, Xmax-Xmin:    17.345    24.438     7.093
 Ymin, Ymax, Ymax-Ymin:    15.169    24.628     9.459
 Zmin, Zmax, Zmax-Zmin:    18.875    25.279     6.404
PB Warn in setgrd(): focusing grid too large    2
 fillratio is automatically increased to 2.500
PB Warn in setgrd(): focusing grid too large    2
 fillratio is automatically increased to 3.500
 Grid dimension at level     1     7    9    7
 Grid origin corrected at level     1      5.000     0.000     6.000
------- VMD goodie --------
#First Level Geometric Box
draw materials off
draw color green
draw line "    5.000    0.000    6.000" "   33.000    0.000    6.000"
draw line "    5.000    0.000    6.000" "    5.000   36.000    6.000"
draw line "    5.000    0.000    6.000" "    5.000    0.000   34.000"
draw line "   33.000    0.000    6.000" "   33.000   36.000    6.000"
draw line "   33.000    0.000    6.000" "   33.000    0.000   34.000"
draw line "    5.000   36.000    6.000" "   33.000   36.000    6.000"
draw line "    5.000   36.000    6.000" "    5.000   36.000   34.000"
draw line "    5.000    0.000   34.000" "   33.000    0.000   34.000"
draw line "    5.000    0.000   34.000" "    5.000   36.000   34.000"
draw line "   33.000   36.000   34.000" "   33.000   36.000    6.000"
draw line "   33.000   36.000   34.000" "    5.000   36.000   34.000"
draw line "   33.000   36.000   34.000" "   33.000    0.000   34.000"
#2nd Level Geometric Box
draw color blue
draw line "   12.500   10.500   14.000" "   29.500   10.500   14.000"
draw line "   12.500   10.500   14.000" "   12.500   29.500   14.000"
draw line "   12.500   10.500   14.000" "   12.500   10.500   30.000"
draw line "   29.500   10.500   14.000" "   29.500   29.500   14.000"
draw line "   29.500   10.500   14.000" "   29.500   10.500   30.000"
draw line "   12.500   29.500   14.000" "   29.500   29.500   14.000"
draw line "   12.500   29.500   14.000" "   12.500   29.500   30.000"
draw line "   12.500   10.500   30.000" "   29.500   10.500   30.000"
draw line "   12.500   10.500   30.000" "   12.500   29.500   30.000"
draw line "   29.500   29.500   30.000" "   29.500   29.500   14.000"
draw line "   29.500   29.500   30.000" "   12.500   29.500   30.000"
draw line "   29.500   29.500   30.000" "   29.500   10.500   30.000"
--- End VMD goodie --------

======== Setting up Solvent Accessibility Data ========
Setting up working radii
Number of SA srf points exposed  1120
 Number of SA arcs generated    98
 Number of SA arc points exposed         585 Number of trimer arc points exposed          40
 with resolution (A) = .250000E+00

Atomic solvent accessible surface area:
           1   10.5584980637370
           2    9.2386858057698
           3    5.6092020963603
           4   11.2184041927205
           5   10.2285449992452
           6    6.2691082253438
           7   18.8073246760315
           8   57.3685719456843
           9    9.5686388702616
          10   40.4252589107828
          11   40.4252589107828
          12   23.0273591356241
          13   27.2824146280763
          14   27.5327120099853
          15   22.5267643718062

 ======== FDPB Summary ========

 Do FDPB every           1 steps
 Nonbonded Update
   residue cutoff is set to   99.9000000000000
   fdpb cutoff is set to    5.0000000000000
   sas cutoff is set to    9.0000000000000
   nonbonded cutoff is set to    0.0000000000000
 Grid Constants
   Grid dimension       7       9       7
   Grid spacing set to     4.000
   Grid boundary
         5.000    37.000
         0.000    40.000
         6.000    38.000

 Dielectric Map
   Use cavity radii in the prmtop file

   Use probe-based SES definition
     Compute SAS/SAR every           1 steps
     Solvent probe radius   1.40000000000000
     Surface dots per atom     366
     Buried atom radii increment   0.79800000000000
     Threshhold for exposed atom   0.08000000000000
     Current SAS 320.08674684221143

 Boundary conditions
   sum of grid charges as independent DH spheres

 Physical constants
   Solute dielectric constant  :   1.00000000000000
   Solvent dielectric constant :   80.0000000000000
   Temperature (K)             :   300.000000000000
   Ionic strength (mM)         :   0.00000000000000
   Debye-Huckel parameter (1/A):   0.00000000000000

FD Solver Option
   Use Modified ICCG solver

 Iteration data
   Maximum iterations  :         100
   Convergence criteria:  1.000000000000000E-03
   Iterations required        :     5
   Norm of the constant vector:       267.5879453941
   Norm of the residual vector:      0.1879452759647
   Convergence achieved       :  7.0236824640157534E-04

 Total molecular surface    153.4416

 ======== FDPB Summary ========

 Do FDPB every           1 steps
 Nonbonded Update
   residue cutoff is set to   99.9000000000000
   fdpb cutoff is set to    5.0000000000000
   sas cutoff is set to    9.0000000000000
   nonbonded cutoff is set to    0.0000000000000
 Grid Constants
   Grid dimension      33      37      31
   Grid spacing set to     0.500
   Grid boundary
        12.500    29.500
        10.500    29.500
        14.000    30.000

 Dielectric Map
   Use cavity radii in the prmtop file

   Use probe-based SES definition
     Compute SAS/SAR every           1 steps
     Solvent probe radius   1.40000000000000
     Surface dots per atom     366
     Buried atom radii increment   0.79800000000000
     Threshhold for exposed atom   0.08000000000000
     Current SAS 320.08674684221143

 Boundary conditions
   sum of grid charges as independent DH spheres

 Physical constants
   Solute dielectric constant  :   1.00000000000000
   Solvent dielectric constant :   80.0000000000000
   Temperature (K)             :   300.000000000000
   Ionic strength (mM)         :   0.00000000000000
   Debye-Huckel parameter (1/A):   0.00000000000000

FD Solver Option
   Use Modified ICCG solver

 Iteration data
   Maximum iterations  :         100
   Convergence criteria:  1.000000000000000E-03
   Iterations required        :    14
   Norm of the constant vector:     24624.4215059589
   Norm of the residual vector:     21.5942128599248
   Convergence achieved       :  8.7694295091152543E-04

 Total surface charge       0.9876
 Reaction field energy    -76.2822
 Nonpolar SAS/SAV    320.0867      0.0000
 Cavity solvation energy      1.6004

 NSTEP =        1   TIME(PS) =       0.000  TEMP(K) =     0.00  PRESS =     0.0
 Etot   =       -89.4726  EKtot   =         0.0000  EPtot      =         0.0000
 BOND   =         0.0000  ANGLE   =         0.0000  DIHED      =         0.0000
 1-4 NB =         0.0000  1-4 EEL =         0.0000  VDWAALS    =        -0.6150
 EELEC  =       -14.1758  EPB     =       -76.2822  RESTRAINT  =         0.0000
 ECAVITY=         1.6004  EDISPER =         0.0000
 ------------------------------------------------------------------------------



  Maximum number of minimization cycles reached.


                    FINAL RESULTS


 NSTEP =        1   TIME(PS) =       0.000  TEMP(K) =     0.00  PRESS =     0.0
 Etot   =       -89.4726  EKtot   =         0.0000  EPtot      =         0.0000
 BOND   =         0.0000  ANGLE   =         0.0000  DIHED      =         0.0000
 1-4 NB =         0.0000  1-4 EEL =         0.0000  VDWAALS    =        -0.6150
 EELEC  =       -14.1758  EPB     =       -76.2822  RESTRAINT  =         0.0000
 ECAVITY=         1.6004  EDISPER =         0.0000
 ------------------------------------------------------------------------------


--------------------------------------------------------------------------------
   5.  TIMINGS
--------------------------------------------------------------------------------

| Total time                     0.03
| Read prm/crd time              0.00
| Force time                     0.03
| Nonbond force                  0.03
| PB Nonbond                     0.03
| PB FD grid                     0.00
| PB FD force                    0.03
| PB Set linear sys              0.01
| PB Solver                      0.02
| PB exmol                       0.01
| PB exmol setup                 0.00
| PB exmol part a                0.00
| PB exmol part e                0.00
| PB exmol part f                0.00
| PB epsmap                      0.00
|           Job began  at 11:37:49.354  on 09/12/2021
|           Setup done at 11:37:49.356  on 09/12/2021
|           Run   done at 11:37:49.386  on 09/12/2021
|     wallclock() was called     110 times
