
          -------------------------------------------------------
          GBNSR6 2015                       
          -------------------------------------------------------

| Run on 08/29/2021 at 13:30:14

File Assignments:
|  MDIN: ../scripts/gbnsr6.in                                                  
| MDOUT: guest-gb.out                                                          
|INPCRD: guest.crd                                                             
|  PARM: guest.prmtop                                                          
|

 Here is the input file:

compute                                                                        
&cntrl                                                                         
inp=1                                                                          
/                                                                              
&gb                                                                            
epsin=1.0, epsout=80, istrng=0, space=0.5,                                     
arcres=0.2, B=0.028, alpb=1, rbornstat=0, cavity_surften=0.005                 
/                                                                              

--------------------------------------------------------------------------------
   1.  RESOURCE   USE: 
--------------------------------------------------------------------------------

| Flags:                                                                        
| New format PARM file being parsed.
| Version =    1.000 Date = 08/29/21 Time = 13:29:59
 NATOM  =      25 NTYPES =       5 NBONH =      16 MBONA  =       9
 NTHETH =      39 MTHETA =      10 NPHIH =      71 MPHIA  =      26
 NHPARM =       0 NPARM  =       0 NNB   =     151 NRES   =       1
 NBONA  =       9 NTHETA =      10 NPHIA =      26 NUMBND =       5
 NUMANG =       7 NPTRA  =       9 NATYP =      15 NPHB   =       0
 IFBOX  =       1 NMXRS  =      25 IFCAP =       0 NEXTRA =       0
 NCOPY  =       0

GB Warning in  gb_read(): B=0 is recommended for molecules with more than 50 atoms

|     Memory Use     Allocated
|     Real                 966
|     Hollerith            153
|     Integer            19211
|     Max Pairs              1
|     Max Rstack             1
|     Max Istack             1
|       Total               83 kbytes

| Note: 1-4 EEL scale factors are being read from the topology file.

     BOX TYPE: RECTILINEAR

--------------------------------------------------------------------------------
   2.  ATOMIC COORDINATES AND VELOCITIES
--------------------------------------------------------------------------------

Cpptraj Generated Restart                                                       
 begin time read from input coords =   551.000 ps

 Number of triangulated 3-point waters found:        0

--------------------------------------------------------------------------------
   3.  RESULTS
--------------------------------------------------------------------------------

 Cavity solvation energy      1.6390

 NSTEP =        1   TIME(PS) =       0.000  TEMP(K) =     0.00  PRESS =     0.0
 Etot   =       -13.8208  EKtot   =         0.0000  EPtot      =         0.0000
 BOND   =         0.0000  ANGLE   =         0.0000  DIHED      =         0.0000
 1-4 NB =         0.0000  1-4 EEL =        -9.9184  VDWAALS    =         0.0000
 EELEC  =         2.8395  EGB     =        -8.3810  RESTRAINT  =         0.0000
 ESURF  =         1.6390
 ------------------------------------------------------------------------------



  Maximum number of minimization cycles reached.


                    FINAL RESULTS


 NSTEP =        1   TIME(PS) =       0.000  TEMP(K) =     0.00  PRESS =     0.0
 Etot   =       -13.8208  EKtot   =         0.0000  EPtot      =         0.0000
 BOND   =         0.0000  ANGLE   =         0.0000  DIHED      =         0.0000
 1-4 NB =         0.0000  1-4 EEL =        -9.9184  VDWAALS    =         0.0000
 EELEC  =         2.8395  EGB     =        -8.3810  RESTRAINT  =         0.0000
 ESURF  =         1.6390
 ------------------------------------------------------------------------------

|           Job began  at 13:30:14.316  on 08/29/2021
|           Setup done at 13:30:14.319  on 08/29/2021
|           Run   done at 13:30:14.329  on 08/29/2021
|     wallclock() was called      72 times
