
          -------------------------------------------------------
          PBSA VERSION 2019                       UC Irvine
          -------------------------------------------------------

| Run on 09/26/2021 at 23:33:59
  [-O]verwriting output

File Assignments:
|  MDIN: ../../../scripts/pbsa.in                                              
| MDOUT: lig-pb.out                                                            
|INPCRD: ../top_crd/lig.crd                                                    
|  PARM: ../top_crd/lig.top                                                    
|

 Here is the input file:

Sample single point PB calculation                                             
&cntrl                                                                         
ipb=1, inp=1                                                                   
/                                                                              
&pb                                                                            
npbverb=1, fillratio=1.5, saopt=1, radiopt=0, epsin=1.0, epsout=80             
/                                                                              
 PBSA Warning in pb_read(): sprob=0.557 is optimized for inp=2 and  should not be used with inp=1. It has been reset to 1.4.
 PBSA Warning in pb_read(): cavity_surften=0.0378 is optimized for inp=2  and should not be used with inp=1. It has been reset to 0.005000.
 PBSA Warning in pb_read(): cavity_offset=-0.5692 is optimized for inp=2  and should not be used with inp=1. It has been reset to 0.000.

--------------------------------------------------------------------------------
   1.  RESOURCE   USE: 
--------------------------------------------------------------------------------

| Flags:                                                                        
| New format PARM file being parsed.
| Version =    1.000 Date = 09/26/21 Time = 22:06:50
 NATOM  =      73 NTYPES =      10 NBONH =      39 MBONA  =      35
 NTHETH =      90 MTHETA =      45 NPHIH =     156 MPHIA  =      88
 NHPARM =       0 NPARM  =       0 NNB   =     401 NRES   =       1
 NBONA  =      35 NTHETA =      45 NPHIA =      88 NUMBND =      14
 NUMANG =      29 NPTRA  =      33 NATYP =      11 NPHB   =       0
 IFBOX  =       0 NMXRS  =      73 IFCAP =       0 NEXTRA =       0
 NCOPY  =       0


|     Memory Use     Allocated
|     Real                2745
|     Hollerith            222
|     Integer            23180
|     Max Pairs              1
|     Max Rstack             1
|     Max Istack             1
|       Total              112 kbytes

--------------------------------------------------------------------------------
   2.  CONTROL  DATA  FOR  THE  RUN
--------------------------------------------------------------------------------

default_name                                                                    

General flags:
     imin    =       1, nmropt  =       0

Nature and format of input:
     ntx     =       1, irest   =       0, ntrx    =       1

Nature and format of output:
     ntxo    =       1, ntpr    =      50, ntrx    =       1, ntwr    =     500
     iwrap   =       0, ntwx    =       0, ntwv    =       0, ntwe    =       0
     ioutfm  =       0, ntwprt  =       0, idecomp =       0, rbornstat=      0

Potential function:
     ntf     =       1, ntb     =       1, ipb     =       1, nsnb    =      25
     ipol    =       0, gbsa    =       0, iesp    =       0
     dielc   =   1.00000, cut     =   8.00000, intdiel =   1.00000

Frozen or restrained atoms:
     ibelly  =       0, ntr     =       0

Energy minimization:
     maxcyc  =       1, ncyc    =      10, ntmin   =       1
     dx0     =   0.01000, drms    =   0.00010

======== Implicit Solvent Initialization ========

     Max Nonbonded Pairs:     2665     2665

 no. of atoms processed in PB initialization:    73
  NUM  RESI  NAME  TYPE    CHARGE ATM CRG/H   GRP CRG   PB RADI   NP RADI
    1  LIG   NZ    n4   -1.121600 -0.211199 -0.004999  1.550000  1.249753
    2  LIG   HZ1   hn    0.303467  0.303467  0.303467  1.300000  0.553248
    3  LIG   HZ2   hn    0.303467  0.303467  0.303467  1.300000  0.553248
    4  LIG   HZ3   hn    0.303467  0.303467  0.303467  1.300000  0.553248
    5  LIG   CE    c3    0.157800  0.206200  0.003001  1.700000  1.698855
    6  LIG   HE1   hx    0.024200  0.024200  0.024200  1.300000  0.943729
    7  LIG   HE2   hx    0.024200  0.024200  0.024200  1.300000  0.943729
    8  LIG   CD    c3   -0.076400  0.008000  0.239200  1.700000  1.698855
    9  LIG   HD1   hc    0.042200  0.042200  0.042200  1.300000  1.300089
   10  LIG   HD2   hc    0.042200  0.042200  0.042200  1.300000  1.300089
   11  LIG   CG    c3   -0.087400  0.025000  0.067000  1.700000  1.698855
   12  LIG   HG1   hc    0.056200  0.056200  0.056200  1.300000  1.300089
   13  LIG   HG2   hc    0.056200  0.056200  0.056200  1.300000  1.300089
   14  LIG   CB    c3   -0.077400  0.034000  0.247200  1.700000  1.698855
   15  LIG   HB1   hc    0.055700  0.055700  0.055700  1.300000  1.300089
   16  LIG   HB2   hc    0.055700  0.055700  0.055700  1.300000  1.300089
   17  LIG   CA    c3    0.114500  0.188200  0.671099  1.700000  1.698855
   18  LIG   N     n4   -1.091600 -0.167201  0.020999  1.550000  1.249753
   19  LIG   H1    hn    0.308133  0.308133  0.308133  1.300000  0.553248
   20  LIG   H2    hn    0.308133  0.308133  0.308133  1.300000  0.553248
   21  LIG   H3    hn    0.308133  0.308133  0.308133  1.300000  0.553248
   22  LIG   HA    hx    0.073700  0.073700  0.073700  1.300000  0.943729
   23  LIG   C     c     0.616100  0.616100 -0.041200  1.700000  1.657606
   24  LIG   O     o    -0.618100 -0.618100 -0.002000  1.500000  1.524060
   25  LIG   N1    n    -0.546900 -0.227400  0.541100  1.550000  1.590432
   26  LIG   HN1   hn    0.319500  0.319500  0.319500  1.300000  0.553248
   27  LIG   C1    c3    0.042700  0.152400  0.650400  1.700000  1.698855
   28  LIG   C3    c     0.635100  0.635100 -0.049000  1.700000  1.657606
   29  LIG   O1    o    -0.615100 -0.615100  0.020000  1.500000  1.524060
   30  LIG   N2    n    -0.547900 -0.221400  0.540100  1.550000  1.590432
   31  LIG   C2    c3    0.012700  0.126400  0.787600  1.700000  1.698855
   32  LIG   C4    c     0.855600  0.855600 -0.146600  1.700000  1.657606
   33  LIG   O2    o    -0.564300 -0.564300  0.291300  1.500000  1.524060
   34  LIG   OXT   o    -0.564300 -0.564300  0.291300  1.500000  1.524060
   35  LIG   C6    c3   -0.098400  0.027000  0.175400  1.700000  1.698855
   36  LIG   C7    c3   -0.078400  0.022000  0.061000  1.700000  1.698855
   37  LIG   C8    c3   -0.080400  0.012000  0.244200  1.700000  1.698855
   38  LIG   C9    c3    0.152800  0.210200  0.251000  1.700000  1.698855
   39  LIG   N3    n4   -1.134600  0.028800  0.239000  1.550000  1.249753
   40  LIG   H37   hn    0.387800  0.387800  0.387800  1.300000  0.553248
   41  LIG   H31   hn    0.387800  0.387800  0.387800  1.300000  0.553248
   42  LIG   H32   hn    0.387800  0.387800  0.387800  1.300000  0.553248
   43  LIG   H91   hx    0.028700  0.028700  0.028700  1.300000  0.943729
   44  LIG   H92   hx    0.028700  0.028700  0.028700  1.300000  0.943729
   45  LIG   H81   hc    0.046200  0.046200  0.046200  1.300000  1.300089
   46  LIG   H82   hc    0.046200  0.046200  0.046200  1.300000  1.300089
   47  LIG   H71   hc    0.050200  0.050200  0.050200  1.300000  1.300089
   48  LIG   H72   hc    0.050200  0.050200  0.050200  1.300000  1.300089
   49  LIG   H61   hc    0.062700  0.062700  0.062700  1.300000  1.300089
   50  LIG   H62   hc    0.062700  0.062700  0.062700  1.300000  1.300089
   51  LIG   H10   h1    0.113700  0.113700  0.113700  1.300000  1.210999
   52  LIG   HN2   hn    0.326500  0.326500  0.326500  1.300000  0.553248
   53  LIG   H4    h1    0.109700  0.109700  0.109700  1.300000  1.210999
   54  LIG   C5    c3   -0.047100  0.090300  0.173400  1.700000  1.698855
   55  LIG   H51   hc    0.068700  0.068700  0.068700  1.300000  1.300089
   56  LIG   H52   hc    0.068700  0.068700  0.068700  1.300000  1.300089
   57  LIG   CG1   ca   -0.069300 -0.069300  0.012000  1.700000  1.657606
   58  LIG   CD1   ca   -0.116000  0.014000 -0.052300  1.700000  1.657606
   59  LIG   H12   ha    0.130000  0.130000  0.130000  1.300000  1.312739
   60  LIG   CE1   ca   -0.130000  0.003000  0.037000  1.700000  1.657606
   61  LIG   H13   ha    0.133000  0.133000  0.133000  1.300000  1.312739
   62  LIG   CZ1   ca   -0.113000  0.020000 -0.014000  1.700000  1.657606
   63  LIG   H14   ha    0.133000  0.133000  0.133000  1.300000  1.312739
   64  LIG   CE2   ca   -0.037000 -0.037000 -0.022000  1.700000  1.657606
   65  LIG   CD2   ca   -0.023000 -0.023000 -0.125300  1.700000  1.657606
   66  LIG   CG2   ca   -0.124000  0.004000 -0.003000  1.700000  1.657606
   67  LIG   H11   ha    0.128000  0.128000  0.128000  1.300000  1.312739
   68  LIG   CD3   ca   -0.119000  0.016000  0.026000  1.700000  1.657606
   69  LIG   HD3   ha    0.135000  0.135000  0.135000  1.300000  1.312739
   70  LIG   CE3   ca   -0.127000  0.006000  0.040000  1.700000  1.657606
   71  LIG   HE3   ha    0.133000  0.133000  0.133000  1.300000  1.312739
   72  LIG   CZ2   ca   -0.115000  0.018000 -0.013000  1.700000  1.657606
   73  LIG   H15   ha    0.133000  0.133000  0.133000  1.300000  1.312739

 total system charges (+/-) for PB       -0.0000        8.3232       -8.3232
 cavity_surften =        0.0050 cavity_offset =        0.0000

   SAS Surface: surface dots generated:    366

--------------------------------------------------------------------------------
   3.  ATOMIC COORDINATES AND VELOCITIES
--------------------------------------------------------------------------------

default_name                                                                    
 begin time read from input coords =     0.000 ps

 Number of triangulated 3-point waters found:        0

--------------------------------------------------------------------------------
   4.  RESULTS
--------------------------------------------------------------------------------

  NB-update: atom-based nb list     1867


======== Setting up Grid Parameters ========
Using bounding box for grid setup
 Bounding Box at level:           2
 Bounding Box Center:       2.000    18.500    16.000
 Xmin, Xmax, Xmax-Xmin:    -5.468     9.656    15.124
 Ymin, Ymax, Ymax-Ymin:    12.951    24.371    11.420
 Zmin, Zmax, Zmax-Zmin:     8.197    23.857    15.660
 Grid dimension at level     2    49   41   49
 Grid origin corrected at level     2    -10.500     8.000     3.500
 Bounding Box at level:           1
 Bounding Box Center:       2.000    18.500    16.000
 Xmin, Xmax, Xmax-Xmin:    -5.468     9.656    15.124
 Ymin, Ymax, Ymax-Ymin:    12.951    24.371    11.420
 Zmin, Zmax, Zmax-Zmin:     8.197    23.857    15.660
PB Warn in setgrd(): focusing grid too large    2
 fillratio is automatically increased to 2.500
 Grid dimension at level     1    11    9   11
 Grid origin corrected at level     1    -22.000    -1.500    -8.000
------- VMD goodie --------
#First Level Geometric Box
draw materials off
draw color green
draw line "  -22.000   -1.500   -8.000" "   22.000   -1.500   -8.000"
draw line "  -22.000   -1.500   -8.000" "  -22.000   34.500   -8.000"
draw line "  -22.000   -1.500   -8.000" "  -22.000   -1.500   36.000"
draw line "   22.000   -1.500   -8.000" "   22.000   34.500   -8.000"
draw line "   22.000   -1.500   -8.000" "   22.000   -1.500   36.000"
draw line "  -22.000   34.500   -8.000" "   22.000   34.500   -8.000"
draw line "  -22.000   34.500   -8.000" "  -22.000   34.500   36.000"
draw line "  -22.000   -1.500   36.000" "   22.000   -1.500   36.000"
draw line "  -22.000   -1.500   36.000" "  -22.000   34.500   36.000"
draw line "   22.000   34.500   36.000" "   22.000   34.500   -8.000"
draw line "   22.000   34.500   36.000" "  -22.000   34.500   36.000"
draw line "   22.000   34.500   36.000" "   22.000   -1.500   36.000"
#2nd Level Geometric Box
draw color blue
draw line "  -10.500    8.000    3.500" "   14.500    8.000    3.500"
draw line "  -10.500    8.000    3.500" "  -10.500   29.000    3.500"
draw line "  -10.500    8.000    3.500" "  -10.500    8.000   28.500"
draw line "   14.500    8.000    3.500" "   14.500   29.000    3.500"
draw line "   14.500    8.000    3.500" "   14.500    8.000   28.500"
draw line "  -10.500   29.000    3.500" "   14.500   29.000    3.500"
draw line "  -10.500   29.000    3.500" "  -10.500   29.000   28.500"
draw line "  -10.500    8.000   28.500" "   14.500    8.000   28.500"
draw line "  -10.500    8.000   28.500" "  -10.500   29.000   28.500"
draw line "   14.500   29.000   28.500" "   14.500   29.000    3.500"
draw line "   14.500   29.000   28.500" "  -10.500   29.000   28.500"
draw line "   14.500   29.000   28.500" "   14.500    8.000   28.500"
--- End VMD goodie --------

======== Setting up Solvent Accessibility Data ========
Setting up working radii
Number of SA srf points exposed  3293
 Number of SA arcs generated   995
 Number of SA arc points exposed        1797 Number of trimer arc points exposed         158
 with resolution (A) = .250000E+00

Atomic solvent accessible surface area:
           1    0.0000000000000
           2   29.7853884471659
           3   12.0142743316300
           4   24.0285486632599
           5    0.0000000000000
           6   17.7711141155360
           7   25.0297381908957
           8    0.0000000000000
           9   21.7758722260793
          10   21.2752774622614
          11    0.0000000000000
          12    7.0083266934508
          13    5.7568397839060
          14    0.0000000000000
          15   10.5124900401762
          16   13.2657612411747
          17    0.0000000000000
          18    0.2987946455504
          19   26.7818198642584
          20   13.2657612411747
          21   18.5220062612628
          22   14.0166533869016
          23    0.6599061289836
          24   15.8813517149504
          25    0.0000000000000
          26    3.0035685829075
          27    0.0000000000000
          28    0.3299530644918
          29   21.3676368528423
          30    0.0000000000000
          31    0.0000000000000
          32    5.2792490318685
          33   38.6927478146064
          34   32.6289589779889
          35    0.0000000000000
          36    0.0000000000000
          37    0.0000000000000
          38    0.0000000000000
          39    0.2987946455504
          40   30.7865779748018
          41   24.5291434270778
          42   17.2705193517181
          43   22.0261696079882
          44   26.2812251004405
          45   20.0237905527166
          46   18.0214114974449
          47    9.2610031306314
          48    6.0071371658150
          49   12.7651664773568
          50    9.7615978944493
          51    9.0107057487225
          52    4.7556502562702
          53    1.7520816733627
          54    0.0000000000000
          55   13.5160586230837
          56   13.7663560049927
          57    2.3096714514425
          58    5.6092020963603
          59   19.0226010250808
          60    8.9087327412781
          61   30.0356858290749
          62   10.2285449992452
          63   24.5291434270778
          64    5.9391551608520
          65    2.9695775804260
          66    6.2691082253438
          67    4.5053528743612
          68   11.5483572572123
          69   31.5374701205286
          70   10.8884511282288
          71   29.7853884471659
          72   11.8783103217041
          73   24.0285486632599

 ======== FDPB Summary ========

 Do FDPB every           1 steps
 Nonbonded Update
   residue cutoff is set to   99.9000000000000
   fdpb cutoff is set to    5.0000000000000
   sas cutoff is set to    9.0000000000000
   nonbonded cutoff is set to    0.0000000000000
 Grid Constants
   Grid dimension      11       9      11
   Grid spacing set to     4.000
   Grid boundary
       -22.000    26.000
        -1.500    38.500
        -8.000    40.000

 Dielectric Map
   Use cavity radii in the prmtop file

   Use probe-based SES definition
     Compute SAS/SAR every           1 steps
     Solvent probe radius   1.40000000000000
     Surface dots per atom     366
     Buried atom radii increment   0.79800000000000
     Threshhold for exposed atom   0.08000000000000
     Current SAS 858.77872924438805

 Boundary conditions
   sum of grid charges as independent DH spheres

 Physical constants
   Solute dielectric constant  :   1.00000000000000
   Solvent dielectric constant :   80.0000000000000
   Temperature (K)             :   300.000000000000
   Ionic strength (mM)         :   0.00000000000000
   Debye-Huckel parameter (1/A):   0.00000000000000

FD Solver Option
   Use Modified ICCG solver

 Iteration data
   Maximum iterations  :         100
   Convergence criteria:  1.000000000000000E-03
   Iterations required        :     6
   Norm of the constant vector:       118.8738371388
   Norm of the residual vector:      0.0650721817756
   Convergence achieved       :  5.4740541183656262E-04

 Total molecular surface    509.4025

 ======== FDPB Summary ========

 Do FDPB every           1 steps
 Nonbonded Update
   residue cutoff is set to   99.9000000000000
   fdpb cutoff is set to    5.0000000000000
   sas cutoff is set to    9.0000000000000
   nonbonded cutoff is set to    0.0000000000000
 Grid Constants
   Grid dimension      49      41      49
   Grid spacing set to     0.500
   Grid boundary
       -10.500    14.500
         8.000    29.000
         3.500    28.500

 Dielectric Map
   Use cavity radii in the prmtop file

   Use probe-based SES definition
     Compute SAS/SAR every           1 steps
     Solvent probe radius   1.40000000000000
     Surface dots per atom     366
     Buried atom radii increment   0.79800000000000
     Threshhold for exposed atom   0.08000000000000
     Current SAS 858.77872924438805

 Boundary conditions
   sum of grid charges as independent DH spheres

 Physical constants
   Solute dielectric constant  :   1.00000000000000
   Solvent dielectric constant :   80.0000000000000
   Temperature (K)             :   300.000000000000
   Ionic strength (mM)         :   0.00000000000000
   Debye-Huckel parameter (1/A):   0.00000000000000

FD Solver Option
   Use Modified ICCG solver

 Iteration data
   Maximum iterations  :         100
   Convergence criteria:  1.000000000000000E-03
   Iterations required        :    14
   Norm of the constant vector:     57459.4054979720
   Norm of the residual vector:     54.6437119929013
   Convergence achieved       :  9.5099682148347181E-04

 Total surface charge       0.0004
 Reaction field energy    -35.5115
 Nonpolar SAS/SAV    858.7787      0.0000
 Cavity solvation energy      4.2939

 NSTEP =        1   TIME(PS) =       0.000  TEMP(K) =     0.00  PRESS =     0.0
 Etot   =      -353.2612  EKtot   =         0.0000  EPtot      =         0.0000
 BOND   =         0.0000  ANGLE   =         0.0000  DIHED      =         0.0000
 1-4 NB =         0.0000  1-4 EEL =         0.0000  VDWAALS    =       -11.6527
 EELEC  =      -310.3909  EPB     =       -35.5115  RESTRAINT  =         0.0000
 ECAVITY=         4.2939  EDISPER =         0.0000
 ------------------------------------------------------------------------------



  Maximum number of minimization cycles reached.


                    FINAL RESULTS


 NSTEP =        1   TIME(PS) =       0.000  TEMP(K) =     0.00  PRESS =     0.0
 Etot   =      -353.2612  EKtot   =         0.0000  EPtot      =         0.0000
 BOND   =         0.0000  ANGLE   =         0.0000  DIHED      =         0.0000
 1-4 NB =         0.0000  1-4 EEL =         0.0000  VDWAALS    =       -11.6527
 EELEC  =      -310.3909  EPB     =       -35.5115  RESTRAINT  =         0.0000
 ECAVITY=         4.2939  EDISPER =         0.0000
 ------------------------------------------------------------------------------


--------------------------------------------------------------------------------
   5.  TIMINGS
--------------------------------------------------------------------------------

| Total time                     0.07
| Read prm/crd time              0.01
| Force time                     0.07
| Nonbond force                  0.07
| PB Nonbond                     0.07
| PB FD grid                     0.00
| PB Sasa                        0.01
| PB FD force                    0.07
| PB Set linear sys              0.02
| PB Solver                      0.04
| PB SA srf                      0.00
| PB SA arc                      0.00
| PB circle                      0.00
| PB exclude                     0.00
| PB exmol                       0.02
| PB exmol setup                 0.00
| PB exmol part b                0.00
| PB exmol part d                0.00
| PB exmol part e                0.00
| PB exmol part f                0.01
| PB epsmap                      0.00
|           Job began  at 23:33:59.191  on 09/26/2021
|           Setup done at 23:33:59.199  on 09/26/2021
|           Run   done at 23:33:59.266  on 09/26/2021
|     wallclock() was called     110 times
