
          -------------------------------------------------------
          PBSA VERSION 2019                       UC Irvine
          -------------------------------------------------------

| Run on 09/26/2021 at 23:33:38
  [-O]verwriting output

File Assignments:
|  MDIN: ../../../scripts/pbsa.in                                              
| MDOUT: lig-pb.out                                                            
|INPCRD: ../top_crd/lig.crd                                                    
|  PARM: ../top_crd/lig.top                                                    
|

 Here is the input file:

Sample single point PB calculation                                             
&cntrl                                                                         
ipb=1, inp=1                                                                   
/                                                                              
&pb                                                                            
npbverb=1, fillratio=1.5, saopt=1, radiopt=0, epsin=1.0, epsout=80             
/                                                                              
 PBSA Warning in pb_read(): sprob=0.557 is optimized for inp=2 and  should not be used with inp=1. It has been reset to 1.4.
 PBSA Warning in pb_read(): cavity_surften=0.0378 is optimized for inp=2  and should not be used with inp=1. It has been reset to 0.005000.
 PBSA Warning in pb_read(): cavity_offset=-0.5692 is optimized for inp=2  and should not be used with inp=1. It has been reset to 0.000.

--------------------------------------------------------------------------------
   1.  RESOURCE   USE: 
--------------------------------------------------------------------------------

| Flags:                                                                        
| New format PARM file being parsed.
| Version =    1.000 Date = 09/26/21 Time = 22:06:49
 NATOM  =      58 NTYPES =      11 NBONH =      33 MBONA  =      24
 NTHETH =      77 MTHETA =      29 NPHIH =     125 MPHIA  =      62
 NHPARM =       0 NPARM  =       0 NNB   =     313 NRES   =       1
 NBONA  =      24 NTHETA =      29 NPHIA =      62 NUMBND =      13
 NUMANG =      28 NPTRA  =      33 NATYP =      11 NPHB   =       0
 IFBOX  =       0 NMXRS  =      58 IFCAP =       0 NEXTRA =       0
 NCOPY  =       0


|     Memory Use     Allocated
|     Real                2184
|     Hollerith            177
|     Integer            22513
|     Max Pairs              1
|     Max Rstack             1
|     Max Istack             1
|       Total              105 kbytes

--------------------------------------------------------------------------------
   2.  CONTROL  DATA  FOR  THE  RUN
--------------------------------------------------------------------------------

default_name                                                                    

General flags:
     imin    =       1, nmropt  =       0

Nature and format of input:
     ntx     =       1, irest   =       0, ntrx    =       1

Nature and format of output:
     ntxo    =       1, ntpr    =      50, ntrx    =       1, ntwr    =     500
     iwrap   =       0, ntwx    =       0, ntwv    =       0, ntwe    =       0
     ioutfm  =       0, ntwprt  =       0, idecomp =       0, rbornstat=      0

Potential function:
     ntf     =       1, ntb     =       1, ipb     =       1, nsnb    =      25
     ipol    =       0, gbsa    =       0, iesp    =       0
     dielc   =   1.00000, cut     =   8.00000, intdiel =   1.00000

Frozen or restrained atoms:
     ibelly  =       0, ntr     =       0

Energy minimization:
     maxcyc  =       1, ncyc    =      10, ntmin   =       1
     dx0     =   0.01000, drms    =   0.00010

======== Implicit Solvent Initialization ========

     Max Nonbonded Pairs:     1682     1682

 no. of atoms processed in PB initialization:    58
  NUM  RESI  NAME  TYPE    CHARGE ATM CRG/H   GRP CRG   PB RADI   NP RADI
    1  LIG   NZ    n4   -1.122600 -0.209199  0.000001  1.550000  1.249753
    2  LIG   HZ1   hn    0.304467  0.304467  0.304467  1.300000  0.553248
    3  LIG   HZ2   hn    0.304467  0.304467  0.304467  1.300000  0.553248
    4  LIG   HZ3   hn    0.304467  0.304467  0.304467  1.300000  0.553248
    5  LIG   CE    c3    0.158800  0.209200  0.005001  1.700000  1.698855
    6  LIG   HE1   hx    0.025200  0.025200  0.025200  1.300000  0.943729
    7  LIG   HE2   hx    0.025200  0.025200  0.025200  1.300000  0.943729
    8  LIG   CD    c3   -0.076400  0.005000  0.238200  1.700000  1.698855
    9  LIG   HD1   hc    0.040700  0.040700  0.040700  1.300000  1.300089
   10  LIG   HD2   hc    0.040700  0.040700  0.040700  1.300000  1.300089
   11  LIG   CG    c3   -0.088400  0.024000  0.064000  1.700000  1.698855
   12  LIG   HG1   hc    0.056200  0.056200  0.056200  1.300000  1.300089
   13  LIG   HG2   hc    0.056200  0.056200  0.056200  1.300000  1.300089
   14  LIG   CB    c3   -0.076400  0.035000  0.253200  1.700000  1.698855
   15  LIG   HB1   hc    0.055700  0.055700  0.055700  1.300000  1.300089
   16  LIG   HB2   hc    0.055700  0.055700  0.055700  1.300000  1.300089
   17  LIG   CA    c3    0.118500  0.194200  0.684101  1.700000  1.698855
   18  LIG   N     n4   -1.091600 -0.163199  0.031001  1.550000  1.249753
   19  LIG   H1    hn    0.309467  0.309467  0.309467  1.300000  0.553248
   20  LIG   H2    hn    0.309467  0.309467  0.309467  1.300000  0.553248
   21  LIG   H3    hn    0.309467  0.309467  0.309467  1.300000  0.553248
   22  LIG   HA    hx    0.075700  0.075700  0.075700  1.300000  0.943729
   23  LIG   C     c     0.618100  0.618100 -0.056200  1.700000  1.657606
   24  LIG   O     o    -0.634100 -0.634100 -0.016000  1.500000  1.524060
   25  LIG   N1    n    -0.561900 -0.234400  0.547100  1.550000  1.590432
   26  LIG   HN1   hn    0.327500  0.327500  0.327500  1.300000  0.553248
   27  LIG   C1    c3    0.056700  0.163400  0.742200  1.700000  1.698855
   28  LIG   C5    c3   -0.006300  0.168100  0.171400  1.700000  1.698855
   29  LIG   SG    sh   -0.371900 -0.160100  0.008000  1.800000  1.766207
   30  LIG   HSG   hs    0.211800  0.211800  0.211800  0.800000  0.544517
   31  LIG   H51   h1    0.087200  0.087200  0.087200  1.300000  1.210999
   32  LIG   H52   h1    0.087200  0.087200  0.087200  1.300000  1.210999
   33  LIG   H10   h1    0.106700  0.106700  0.106700  1.300000  1.210999
   34  LIG   C3    c     0.645100  0.645100 -0.008000  1.700000  1.657606
   35  LIG   O1    o    -0.610100 -0.610100  0.035000  1.500000  1.524060
   36  LIG   N2    n    -0.559900 -0.206400  0.626100  1.550000  1.590432
   37  LIG   HN2   hn    0.353500  0.353500  0.353500  1.300000  0.553248
   38  LIG   C2    c3    0.067700  0.187400  0.868600  1.700000  1.698855
   39  LIG   C4    c     0.866600  0.866600 -0.140600  1.700000  1.657606
   40  LIG   O2    o    -0.597300 -0.597300  0.269300  1.500000  1.524060
   41  LIG   OE    o    -0.597300 -0.597300  0.269300  1.500000  1.524060
   42  LIG   H11   h1    0.119700  0.119700  0.119700  1.300000  1.210999
   43  LIG   C6    c3   -0.097400  0.021000  0.245400  1.700000  1.698855
   44  LIG   H61   hc    0.059200  0.059200  0.059200  1.300000  1.300089
   45  LIG   H62   hc    0.059200  0.059200  0.059200  1.300000  1.300089
   46  LIG   C7    c3   -0.082400  0.037000  0.061000  1.700000  1.698855
   47  LIG   H71   hc    0.059700  0.059700  0.059700  1.300000  1.300089
   48  LIG   H72   hc    0.059700  0.059700  0.059700  1.300000  1.300089
   49  LIG   C8    c3   -0.076400  0.003000  0.249200  1.700000  1.698855
   50  LIG   H81   hc    0.039700  0.039700  0.039700  1.300000  1.300089
   51  LIG   H82   hc    0.039700  0.039700  0.039700  1.300000  1.300089
   52  LIG   C9    c3    0.160800  0.209200  0.238000  1.700000  1.698855
   53  LIG   H91   hx    0.024200  0.024200  0.024200  1.300000  0.943729
   54  LIG   H92   hx    0.024200  0.024200  0.024200  1.300000  0.943729
   55  LIG   N3    n4   -1.122600  0.025800  0.235000  1.550000  1.249753
   56  LIG   H31   hn    0.382800  0.382800  0.382800  1.300000  0.553248
   57  LIG   H4    hn    0.382800  0.382800  0.382800  1.300000  0.553248
   58  LIG   H32   hn    0.382800  0.382800  0.382800  1.300000  0.553248

 total system charges (+/-) for PB        0.0000        7.7730       -7.7730
 cavity_surften =        0.0050 cavity_offset =        0.0000

   SAS Surface: surface dots generated:    366

--------------------------------------------------------------------------------
   3.  ATOMIC COORDINATES AND VELOCITIES
--------------------------------------------------------------------------------

default_name                                                                    
 begin time read from input coords =     0.000 ps

 Number of triangulated 3-point waters found:        0

--------------------------------------------------------------------------------
   4.  RESULTS
--------------------------------------------------------------------------------

  NB-update: atom-based nb list     1298


======== Setting up Grid Parameters ========
Using bounding box for grid setup
 Bounding Box at level:           2
 Bounding Box Center:       1.500    18.500    14.000
 Xmin, Xmax, Xmax-Xmin:    -5.917     8.967    14.884
 Ymin, Ymax, Ymax-Ymin:    12.859    24.267    11.408
 Zmin, Zmax, Zmax-Zmin:     8.131    19.516    11.385
 Grid dimension at level     2    49   41   41
 Grid origin corrected at level     2    -11.000     8.000     3.500
 Bounding Box at level:           1
 Bounding Box Center:       1.500    18.500    14.000
 Xmin, Xmax, Xmax-Xmin:    -5.917     8.967    14.884
 Ymin, Ymax, Ymax-Ymin:    12.859    24.267    11.408
 Zmin, Zmax, Zmax-Zmin:     8.131    19.516    11.385
PB Warn in setgrd(): focusing grid too large    2
 fillratio is automatically increased to 2.500
 Grid dimension at level     1    11    9    9
 Grid origin corrected at level     1    -22.500    -1.500    -6.000
------- VMD goodie --------
#First Level Geometric Box
draw materials off
draw color green
draw line "  -22.500   -1.500   -6.000" "   21.500   -1.500   -6.000"
draw line "  -22.500   -1.500   -6.000" "  -22.500   34.500   -6.000"
draw line "  -22.500   -1.500   -6.000" "  -22.500   -1.500   30.000"
draw line "   21.500   -1.500   -6.000" "   21.500   34.500   -6.000"
draw line "   21.500   -1.500   -6.000" "   21.500   -1.500   30.000"
draw line "  -22.500   34.500   -6.000" "   21.500   34.500   -6.000"
draw line "  -22.500   34.500   -6.000" "  -22.500   34.500   30.000"
draw line "  -22.500   -1.500   30.000" "   21.500   -1.500   30.000"
draw line "  -22.500   -1.500   30.000" "  -22.500   34.500   30.000"
draw line "   21.500   34.500   30.000" "   21.500   34.500   -6.000"
draw line "   21.500   34.500   30.000" "  -22.500   34.500   30.000"
draw line "   21.500   34.500   30.000" "   21.500   -1.500   30.000"
#2nd Level Geometric Box
draw color blue
draw line "  -11.000    8.000    3.500" "   14.000    8.000    3.500"
draw line "  -11.000    8.000    3.500" "  -11.000   29.000    3.500"
draw line "  -11.000    8.000    3.500" "  -11.000    8.000   24.500"
draw line "   14.000    8.000    3.500" "   14.000   29.000    3.500"
draw line "   14.000    8.000    3.500" "   14.000    8.000   24.500"
draw line "  -11.000   29.000    3.500" "   14.000   29.000    3.500"
draw line "  -11.000   29.000    3.500" "  -11.000   29.000   24.500"
draw line "  -11.000    8.000   24.500" "   14.000    8.000   24.500"
draw line "  -11.000    8.000   24.500" "  -11.000   29.000   24.500"
draw line "   14.000   29.000   24.500" "   14.000   29.000    3.500"
draw line "   14.000   29.000   24.500" "  -11.000   29.000   24.500"
draw line "   14.000   29.000   24.500" "   14.000    8.000   24.500"
--- End VMD goodie --------

======== Setting up Solvent Accessibility Data ========
Setting up working radii
Number of SA srf points exposed  2745
 Number of SA arcs generated   729
 Number of SA arc points exposed        1287 Number of trimer arc points exposed         108
 with resolution (A) = .250000E+00

Atomic solvent accessible surface area:
           1    0.2987946455504
           2   30.0356858290749
           3   12.7651664773568
           4   23.2776565175330
           5    0.0000000000000
           6   17.5208167336270
           7   26.0309277185316
           8    0.0000000000000
           9   21.2752774622614
          10   21.0249800803524
          11    0.0000000000000
          12    7.7592188391777
          13    6.2574345477239
          14    0.0000000000000
          15   10.0118952763583
          16   12.0142743316300
          17    0.0000000000000
          18    0.2987946455504
          19   18.2717088793539
          20   26.7818198642584
          21   14.2669507688106
          22   15.7687350602643
          23    0.9898591934753
          24   16.4588554136758
          25    0.0000000000000
          26    7.0083266934508
          27    0.0000000000000
          28    0.0000000000000
          29   56.6049760919593
          30   10.9677634673522
          31   19.7734931708076
          32   19.0226010250808
          33    9.2610031306314
          34    0.3299530644918
          35   19.6351257566659
          36    0.0000000000000
          37    8.5101109849045
          38    0.0000000000000
          39    4.2893898383931
          40   37.2489885677927
          41   36.9602367184300
          42    8.2598136029956
          43    0.0000000000000
          44   15.7687350602643
          45    7.7592188391777
          46    0.0000000000000
          47   13.5160586230837
          48    1.2514869095448
          49    0.0000000000000
          50   18.5220062612628
          51   20.2740879346255
          52    0.0000000000000
          53   25.7806303366226
          54   22.2764669898972
          55    0.2987946455504
          56   28.2836041557122
          57   17.0202219698091
          58   24.2788460451689

 ======== FDPB Summary ========

 Do FDPB every           1 steps
 Nonbonded Update
   residue cutoff is set to   99.9000000000000
   fdpb cutoff is set to    5.0000000000000
   sas cutoff is set to    9.0000000000000
   nonbonded cutoff is set to    0.0000000000000
 Grid Constants
   Grid dimension      11       9       9
   Grid spacing set to     4.000
   Grid boundary
       -22.500    25.500
        -1.500    38.500
        -6.000    34.000

 Dielectric Map
   Use cavity radii in the prmtop file

   Use probe-based SES definition
     Compute SAS/SAR every           1 steps
     Solvent probe radius   1.40000000000000
     Surface dots per atom     366
     Buried atom radii increment   0.79800000000000
     Threshhold for exposed atom   0.08000000000000
     Current SAS 714.01079216824144

 Boundary conditions
   sum of grid charges as independent DH spheres

 Physical constants
   Solute dielectric constant  :   1.00000000000000
   Solvent dielectric constant :   80.0000000000000
   Temperature (K)             :   300.000000000000
   Ionic strength (mM)         :   0.00000000000000
   Debye-Huckel parameter (1/A):   0.00000000000000

FD Solver Option
   Use Modified ICCG solver

 Iteration data
   Maximum iterations  :         100
   Convergence criteria:  1.000000000000000E-03
   Iterations required        :     6
   Norm of the constant vector:        85.7171541580
   Norm of the residual vector:      0.0347296958032
   Convergence achieved       :  4.0516622541103916E-04

 Total molecular surface    411.1771

 ======== FDPB Summary ========

 Do FDPB every           1 steps
 Nonbonded Update
   residue cutoff is set to   99.9000000000000
   fdpb cutoff is set to    5.0000000000000
   sas cutoff is set to    9.0000000000000
   nonbonded cutoff is set to    0.0000000000000
 Grid Constants
   Grid dimension      49      41      41
   Grid spacing set to     0.500
   Grid boundary
       -11.000    14.000
         8.000    29.000
         3.500    24.500

 Dielectric Map
   Use cavity radii in the prmtop file

   Use probe-based SES definition
     Compute SAS/SAR every           1 steps
     Solvent probe radius   1.40000000000000
     Surface dots per atom     366
     Buried atom radii increment   0.79800000000000
     Threshhold for exposed atom   0.08000000000000
     Current SAS 714.01079216824144

 Boundary conditions
   sum of grid charges as independent DH spheres

 Physical constants
   Solute dielectric constant  :   1.00000000000000
   Solvent dielectric constant :   80.0000000000000
   Temperature (K)             :   300.000000000000
   Ionic strength (mM)         :   0.00000000000000
   Debye-Huckel parameter (1/A):   0.00000000000000

FD Solver Option
   Use Modified ICCG solver

 Iteration data
   Maximum iterations  :         100
   Convergence criteria:  1.000000000000000E-03
   Iterations required        :    13
   Norm of the constant vector:     54371.9938563736
   Norm of the residual vector:     42.1044033484060
   Convergence achieved       :  7.7437666640710150E-04

 Total surface charge      -0.0001
 Reaction field energy    -35.7066
 Nonpolar SAS/SAV    714.0108      0.0000
 Cavity solvation energy      3.5701

 NSTEP =        1   TIME(PS) =       0.000  TEMP(K) =     0.00  PRESS =     0.0
 Etot   =      -365.4334  EKtot   =         0.0000  EPtot      =         0.0000
 BOND   =         0.0000  ANGLE   =         0.0000  DIHED      =         0.0000
 1-4 NB =         0.0000  1-4 EEL =         0.0000  VDWAALS    =        -9.3754
 EELEC  =      -323.9215  EPB     =       -35.7066  RESTRAINT  =         0.0000
 ECAVITY=         3.5701  EDISPER =         0.0000
 ------------------------------------------------------------------------------



  Maximum number of minimization cycles reached.


                    FINAL RESULTS


 NSTEP =        1   TIME(PS) =       0.000  TEMP(K) =     0.00  PRESS =     0.0
 Etot   =      -365.4334  EKtot   =         0.0000  EPtot      =         0.0000
 BOND   =         0.0000  ANGLE   =         0.0000  DIHED      =         0.0000
 1-4 NB =         0.0000  1-4 EEL =         0.0000  VDWAALS    =        -9.3754
 EELEC  =      -323.9215  EPB     =       -35.7066  RESTRAINT  =         0.0000
 ECAVITY=         3.5701  EDISPER =         0.0000
 ------------------------------------------------------------------------------


--------------------------------------------------------------------------------
   5.  TIMINGS
--------------------------------------------------------------------------------

| Total time                     0.06
| Read prm/crd time              0.01
| Force time                     0.05
| Nonbond force                  0.05
| PB Nonbond                     0.05
| PB FD grid                     0.00
| PB Sasa                        0.00
| PB FD force                    0.05
| PB Set linear sys              0.02
| PB Solver                      0.03
| PB SA arc                      0.00
| PB circle                      0.00
| PB exclude                     0.00
| PB exmol                       0.02
| PB exmol setup                 0.00
| PB exmol part b                0.00
| PB exmol part c                0.00
| PB exmol part e                0.00
| PB exmol part f                0.01
| PB epsmap                      0.00
|           Job began  at 23:33:38.655  on 09/26/2021
|           Setup done at 23:33:38.662  on 09/26/2021
|           Run   done at 23:33:38.716  on 09/26/2021
|     wallclock() was called     110 times
