
          -------------------------------------------------------
          GBNSR6 2015                       
          -------------------------------------------------------

| Run on 09/26/2021 at 22:09:35
  [-O]verwriting output

File Assignments:
|  MDIN: ../../../scripts/gbnsr6.in                                            
| MDOUT: complex-gb.out                                                        
|INPCRD: ../top_crd/complex.crd                                                
|  PARM: ../top_crd/complex.top                                                
|

 Here is the input file:

compute                                                                        
&cntrl                                                                         
inp=1                                                                          
/                                                                              
&gb                                                                            
epsin=1.0, epsout=80, istrng=0, space=0.5,                                     
arcres=0.2, B=0.028, alpb=1, rbornstat=0, cavity_surften=0.005                 
/                                                                              

--------------------------------------------------------------------------------
   1.  RESOURCE   USE: 
--------------------------------------------------------------------------------

| Flags:                                                                        
| New format PARM file being parsed.
| Version =    1.000 Date = 09/26/21 Time = 22:06:33
 NATOM  =   26428 NTYPES =      23 NBONH =   13173 MBONA  =   13554
 NTHETH =   29897 MTHETA =   18344 NPHIH =   60667 MPHIA  =   57577
 NHPARM =       0 NPARM  =       0 NNB   =  145844 NRES   =    1625
 NBONA  =   13554 NTHETA =   18344 NPHIA =   57577 NUMBND =      79
 NUMANG =     185 NPTRA  =     229 NATYP =      43 NPHB   =       0
 IFBOX  =       0 NMXRS  =      29 IFCAP =       0 NEXTRA =       0
 NCOPY  =       0


|     Memory Use     Allocated
|     Real              978774
|     Hollerith         160195
|     Integer          1277201
|     Max Pairs              1
|     Max Rstack             1
|     Max Istack             1
|       Total            13261 kbytes

| Note: 1-4 EEL scale factors are being read from the topology file.

--------------------------------------------------------------------------------
   2.  ATOMIC COORDINATES AND VELOCITIES
--------------------------------------------------------------------------------

default_name                                                                    
 begin time read from input coords =     0.000 ps

 Number of triangulated 3-point waters found:        0

--------------------------------------------------------------------------------
   3.  RESULTS
--------------------------------------------------------------------------------

 Cavity solvation energy    268.5345

 NSTEP =        1   TIME(PS) =       0.000  TEMP(K) =     0.00  PRESS =     0.0
 Etot   =    -71310.5668  EKtot   =         0.0000  EPtot      =         0.0000
 BOND   =         0.0000  ANGLE   =         0.0000  DIHED      =         0.0000
 1-4 NB =         0.0000  1-4 EEL =     57025.1136  VDWAALS    =         0.0000
 EELEC  =   -116547.7743  EGB     =    -12056.4407  RESTRAINT  =         0.0000
 ESURF  =       268.5345
 ------------------------------------------------------------------------------



  Maximum number of minimization cycles reached.


                    FINAL RESULTS


 NSTEP =        1   TIME(PS) =       0.000  TEMP(K) =     0.00  PRESS =     0.0
 Etot   =    -71310.5668  EKtot   =         0.0000  EPtot      =         0.0000
 BOND   =         0.0000  ANGLE   =         0.0000  DIHED      =         0.0000
 1-4 NB =         0.0000  1-4 EEL =     57025.1136  VDWAALS    =         0.0000
 EELEC  =   -116547.7743  EGB     =    -12056.4407  RESTRAINT  =         0.0000
 ESURF  =       268.5345
 ------------------------------------------------------------------------------

|           Job began  at 22:09:35.961  on 09/26/2021
|           Setup done at 22:09:36.190  on 09/26/2021
|           Run   done at 22:10:25.903  on 09/26/2021
|     wallclock() was called      72 times
