
          -------------------------------------------------------
          PBSA VERSION 2019                       UC Irvine
          -------------------------------------------------------

| Run on 08/29/2021 at 20:53:24

File Assignments:
|  MDIN: ../pbsa-script/mdin.in                                                
| MDOUT: complex-pb.out                                                        
|INPCRD: complex.crd                                                           
|  PARM: complex.prmtop                                                        
|

 Here is the input file:

Sample single point PB calculation                                             
&cntrl                                                                         
ipb=1, inp=1                                                                   
/                                                                              
&pb                                                                            
npbverb=1, fillratio=1.5, saopt=1, radiopt=0, epsin=1.0, epsout=80             
/                                                                              
 PBSA Warning in pb_read(): sprob=0.557 is optimized for inp=2 and  should not be used with inp=1. It has been reset to 1.4.
 PBSA Warning in pb_read(): cavity_surften=0.0378 is optimized for inp=2  and should not be used with inp=1. It has been reset to 0.005000.
 PBSA Warning in pb_read(): cavity_offset=-0.5692 is optimized for inp=2  and should not be used with inp=1. It has been reset to 0.000.

--------------------------------------------------------------------------------
   1.  RESOURCE   USE: 
--------------------------------------------------------------------------------

| Flags:                                                                        
| New format PARM file being parsed.
| Version =    1.000 Date = 08/29/21 Time = 13:42:35
 NATOM  =     168 NTYPES =      10 NBONH =      79 MBONA  =      96
 NTHETH =     180 MTHETA =     141 NPHIH =     327 MPHIA  =     271
 NHPARM =       0 NPARM  =       0 NNB   =     983 NRES   =       8
 NBONA  =      96 NTHETA =     141 NPHIA =     271 NUMBND =      15
 NUMANG =      25 NPTRA  =      28 NATYP =      18 NPHB   =       0
 IFBOX  =       1 NMXRS  =      21 IFCAP =       0 NEXTRA =       0
 NCOPY  =       0


|     Memory Use     Allocated
|     Real                6278
|     Hollerith            514
|     Integer            27548
|     Max Pairs              1
|     Max Rstack             1
|     Max Istack             1
|       Total              158 kbytes

     BOX TYPE: RECTILINEAR

--------------------------------------------------------------------------------
   2.  CONTROL  DATA  FOR  THE  RUN
--------------------------------------------------------------------------------

default_name                                                                    

General flags:
     imin    =       1, nmropt  =       0

Nature and format of input:
     ntx     =       1, irest   =       0, ntrx    =       1

Nature and format of output:
     ntxo    =       1, ntpr    =      50, ntrx    =       1, ntwr    =     500
     iwrap   =       0, ntwx    =       0, ntwv    =       0, ntwe    =       0
     ioutfm  =       0, ntwprt  =       0, idecomp =       0, rbornstat=      0

Potential function:
     ntf     =       1, ntb     =       1, ipb     =       1, nsnb    =      25
     ipol    =       0, gbsa    =       0, iesp    =       0
     dielc   =   1.00000, cut     =   8.00000, intdiel =   1.00000

Frozen or restrained atoms:
     ibelly  =       0, ntr     =       0

Energy minimization:
     maxcyc  =       1, ncyc    =      10, ntmin   =       1
     dx0     =   0.01000, drms    =   0.00010

======== Implicit Solvent Initialization ========

     Max Nonbonded Pairs:    14112    14112

 no. of atoms processed in PB initialization:   168
  NUM  RESI  NAME  TYPE    CHARGE ATM CRG/H   GRP CRG   PB RADI   NP RADI
    1  MGO   C1    CG    0.042700  0.203700 -0.283400  1.700000  1.699835
    2  MGO   H1    H2    0.161000  0.000000  0.000000  1.300000  1.146587
    3  MGO   O1    OS   -0.322900 -0.322900  0.080400  1.500000  1.500006
    4  MGO   C2    CG    0.137600  0.202600  0.508600  1.700000  1.699835
    5  MGO   H2    H1    0.065000  0.000000  0.000000  1.300000  1.235677
    6  MGO   O2    OH   -0.634600 -0.198000  0.004600  1.500000  1.533237
    7  MGO   HO2   HO    0.436600  0.000000  0.000000  0.800000  0.000000
    8  MGO   C3    CG    0.122400  0.300300  0.504500  1.700000  1.699835
    9  MGO   H3    H1    0.177900  0.000000  0.000000  1.300000  1.235677
   10  MGO   O3    OH   -0.620000 -0.198000  0.102300  1.500000  1.533237
   11  MGO   HO3   HO    0.422000  0.000000  0.000000  0.800000  0.000000
   12  MGO   C4    CG    0.040100  0.199600  0.311900  1.700000  1.699835
   13  MGO   H4    H1    0.159500  0.000000  0.000000  1.300000  1.235677
   14  MGO   C5    CG    0.019300  0.134900  0.210300  1.700000  1.699835
   15  MGO   H5    H1    0.115600  0.000000  0.000000  1.300000  1.235677
   16  MGO   O5    OS   -0.366800 -0.366800 -0.028200  1.500000  1.500006
   17  MGO   C6    CG    0.191800  0.242600  0.179500  1.700000  1.699835
   18  MGO   H61   H1    0.025400  0.000000  0.000000  1.300000  1.235677
   19  MGO   H62   H1    0.025400  0.000000  0.000000  1.300000  1.235677
   20  MGO   O6    OH   -0.607700 -0.198000  0.044600  1.500000  1.533237
   21  MGO   HO6   HO    0.409700  0.000000  0.000000  0.800000  0.000000
   22  MGO   C1    CG    0.042700  0.203700 -0.283400  1.700000  1.699835
   23  MGO   H1    H2    0.161000  0.000000  0.000000  1.300000  1.146587
   24  MGO   O1    OS   -0.322900 -0.322900  0.080400  1.500000  1.500006
   25  MGO   C2    CG    0.137600  0.202600  0.508600  1.700000  1.699835
   26  MGO   H2    H1    0.065000  0.000000  0.000000  1.300000  1.235677
   27  MGO   O2    OH   -0.634600 -0.198000  0.004600  1.500000  1.533237
   28  MGO   HO2   HO    0.436600  0.000000  0.000000  0.800000  0.000000
   29  MGO   C3    CG    0.122400  0.300300  0.504500  1.700000  1.699835
   30  MGO   H3    H1    0.177900  0.000000  0.000000  1.300000  1.235677
   31  MGO   O3    OH   -0.620000 -0.198000  0.102300  1.500000  1.533237
   32  MGO   HO3   HO    0.422000  0.000000  0.000000  0.800000  0.000000
   33  MGO   C4    CG    0.040100  0.199600  0.311900  1.700000  1.699835
   34  MGO   H4    H1    0.159500  0.000000  0.000000  1.300000  1.235677
   35  MGO   C5    CG    0.019300  0.134900  0.210300  1.700000  1.699835
   36  MGO   H5    H1    0.115600  0.000000  0.000000  1.300000  1.235677
   37  MGO   O5    OS   -0.366800 -0.366800 -0.028200  1.500000  1.500006
   38  MGO   C6    CG    0.191800  0.242600  0.179500  1.700000  1.699835
   39  MGO   H61   H1    0.025400  0.000000  0.000000  1.300000  1.235677
   40  MGO   H62   H1    0.025400  0.000000  0.000000  1.300000  1.235677
   41  MGO   O6    OH   -0.607700 -0.198000  0.044600  1.500000  1.533237
   42  MGO   HO6   HO    0.409700  0.000000  0.000000  0.800000  0.000000
   43  MGO   C1    CG    0.042700  0.203700 -0.283400  1.700000  1.699835
   44  MGO   H1    H2    0.161000  0.000000  0.000000  1.300000  1.146587
   45  MGO   O1    OS   -0.322900 -0.322900  0.080400  1.500000  1.500006
   46  MGO   C2    CG    0.137600  0.202600  0.508600  1.700000  1.699835
   47  MGO   H2    H1    0.065000  0.000000  0.000000  1.300000  1.235677
   48  MGO   O2    OH   -0.634600 -0.198000  0.004600  1.500000  1.533237
   49  MGO   HO2   HO    0.436600  0.000000  0.000000  0.800000  0.000000
   50  MGO   C3    CG    0.122400  0.300300  0.504500  1.700000  1.699835
   51  MGO   H3    H1    0.177900  0.000000  0.000000  1.300000  1.235677
   52  MGO   O3    OH   -0.620000 -0.198000  0.102300  1.500000  1.533237
   53  MGO   HO3   HO    0.422000  0.000000  0.000000  0.800000  0.000000
   54  MGO   C4    CG    0.040100  0.199600  0.311900  1.700000  1.699835
   55  MGO   H4    H1    0.159500  0.000000  0.000000  1.300000  1.235677
   56  MGO   C5    CG    0.019300  0.134900  0.210300  1.700000  1.699835
   57  MGO   H5    H1    0.115600  0.000000  0.000000  1.300000  1.235677
   58  MGO   O5    OS   -0.366800 -0.366800 -0.028200  1.500000  1.500006
   59  MGO   C6    CG    0.191800  0.242600  0.179500  1.700000  1.699835
   60  MGO   H61   H1    0.025400  0.000000  0.000000  1.300000  1.235677
   61  MGO   H62   H1    0.025400  0.000000  0.000000  1.300000  1.235677
   62  MGO   O6    OH   -0.607700 -0.198000  0.044600  1.500000  1.533237
   63  MGO   HO6   HO    0.409700  0.000000  0.000000  0.800000  0.000000
   64  MGO   C1    CG    0.042700  0.203700 -0.283400  1.700000  1.699835
   65  MGO   H1    H2    0.161000  0.000000  0.000000  1.300000  1.146587
   66  MGO   O1    OS   -0.322900 -0.322900  0.080400  1.500000  1.500006
   67  MGO   C2    CG    0.137600  0.202600  0.508600  1.700000  1.699835
   68  MGO   H2    H1    0.065000  0.000000  0.000000  1.300000  1.235677
   69  MGO   O2    OH   -0.634600 -0.198000  0.004600  1.500000  1.533237
   70  MGO   HO2   HO    0.436600  0.000000  0.000000  0.800000  0.000000
   71  MGO   C3    CG    0.122400  0.300300  0.504500  1.700000  1.699835
   72  MGO   H3    H1    0.177900  0.000000  0.000000  1.300000  1.235677
   73  MGO   O3    OH   -0.620000 -0.198000  0.102300  1.500000  1.533237
   74  MGO   HO3   HO    0.422000  0.000000  0.000000  0.800000  0.000000
   75  MGO   C4    CG    0.040100  0.199600  0.311900  1.700000  1.699835
   76  MGO   H4    H1    0.159500  0.000000  0.000000  1.300000  1.235677
   77  MGO   C5    CG    0.019300  0.134900  0.210300  1.700000  1.699835
   78  MGO   H5    H1    0.115600  0.000000  0.000000  1.300000  1.235677
   79  MGO   O5    OS   -0.366800 -0.366800 -0.028200  1.500000  1.500006
   80  MGO   C6    CG    0.191800  0.242600  0.179500  1.700000  1.699835
   81  MGO   H61   H1    0.025400  0.000000  0.000000  1.300000  1.235677
   82  MGO   H62   H1    0.025400  0.000000  0.000000  1.300000  1.235677
   83  MGO   O6    OH   -0.607700 -0.198000  0.044600  1.500000  1.533237
   84  MGO   HO6   HO    0.409700  0.000000  0.000000  0.800000  0.000000
   85  MGO   C1    CG    0.042700  0.203700 -0.283400  1.700000  1.699835
   86  MGO   H1    H2    0.161000  0.000000  0.000000  1.300000  1.146587
   87  MGO   O1    OS   -0.322900 -0.322900  0.080400  1.500000  1.500006
   88  MGO   C2    CG    0.137600  0.202600  0.508600  1.700000  1.699835
   89  MGO   H2    H1    0.065000  0.000000  0.000000  1.300000  1.235677
   90  MGO   O2    OH   -0.634600 -0.198000  0.004600  1.500000  1.533237
   91  MGO   HO2   HO    0.436600  0.000000  0.000000  0.800000  0.000000
   92  MGO   C3    CG    0.122400  0.300300  0.504500  1.700000  1.699835
   93  MGO   H3    H1    0.177900  0.000000  0.000000  1.300000  1.235677
   94  MGO   O3    OH   -0.620000 -0.198000  0.102300  1.500000  1.533237
   95  MGO   HO3   HO    0.422000  0.000000  0.000000  0.800000  0.000000
   96  MGO   C4    CG    0.040100  0.199600  0.311900  1.700000  1.699835
   97  MGO   H4    H1    0.159500  0.000000  0.000000  1.300000  1.235677
   98  MGO   C5    CG    0.019300  0.134900  0.210300  1.700000  1.699835
   99  MGO   H5    H1    0.115600  0.000000  0.000000  1.300000  1.235677
  100  MGO   O5    OS   -0.366800 -0.366800 -0.028200  1.500000  1.500006
  101  MGO   C6    CG    0.191800  0.242600  0.179500  1.700000  1.699835
  102  MGO   H61   H1    0.025400  0.000000  0.000000  1.300000  1.235677
  103  MGO   H62   H1    0.025400  0.000000  0.000000  1.300000  1.235677
  104  MGO   O6    OH   -0.607700 -0.198000  0.044600  1.500000  1.533237
  105  MGO   HO6   HO    0.409700  0.000000  0.000000  0.800000  0.000000
  106  MGO   C1    CG    0.042700  0.203700 -0.283400  1.700000  1.699835
  107  MGO   H1    H2    0.161000  0.000000  0.000000  1.300000  1.146587
  108  MGO   O1    OS   -0.322900 -0.322900  0.080400  1.500000  1.500006
  109  MGO   C2    CG    0.137600  0.202600  0.508600  1.700000  1.699835
  110  MGO   H2    H1    0.065000  0.000000  0.000000  1.300000  1.235677
  111  MGO   O2    OH   -0.634600 -0.198000  0.004600  1.500000  1.533237
  112  MGO   HO2   HO    0.436600  0.000000  0.000000  0.800000  0.000000
  113  MGO   C3    CG    0.122400  0.300300  0.504500  1.700000  1.699835
  114  MGO   H3    H1    0.177900  0.000000  0.000000  1.300000  1.235677
  115  MGO   O3    OH   -0.620000 -0.198000  0.102300  1.500000  1.533237
  116  MGO   HO3   HO    0.422000  0.000000  0.000000  0.800000  0.000000
  117  MGO   C4    CG    0.040100  0.199600  0.311900  1.700000  1.699835
  118  MGO   H4    H1    0.159500  0.000000  0.000000  1.300000  1.235677
  119  MGO   C5    CG    0.019300  0.134900  0.210300  1.700000  1.699835
  120  MGO   H5    H1    0.115600  0.000000  0.000000  1.300000  1.235677
  121  MGO   O5    OS   -0.366800 -0.366800 -0.028200  1.500000  1.500006
  122  MGO   C6    CG    0.191800  0.242600  0.179500  1.700000  1.699835
  123  MGO   H61   H1    0.025400  0.000000  0.000000  1.300000  1.235677
  124  MGO   H62   H1    0.025400  0.000000  0.000000  1.300000  1.235677
  125  MGO   O6    OH   -0.607700 -0.198000  0.044600  1.500000  1.533237
  126  MGO   HO6   HO    0.409700  0.000000  0.000000  0.800000  0.000000
  127  MGO   C1    CG    0.042700  0.203700 -0.283400  1.700000  1.699835
  128  MGO   H1    H2    0.161000  0.000000  0.000000  1.300000  1.146587
  129  MGO   O1    OS   -0.322900 -0.322900  0.080400  1.500000  1.500006
  130  MGO   C2    CG    0.137600  0.202600  0.508600  1.700000  1.699835
  131  MGO   H2    H1    0.065000  0.000000  0.000000  1.300000  1.235677
  132  MGO   O2    OH   -0.634600 -0.198000  0.004600  1.500000  1.533237
  133  MGO   HO2   HO    0.436600  0.000000  0.000000  0.800000  0.000000
  134  MGO   C3    CG    0.122400  0.300300  0.504500  1.700000  1.699835
  135  MGO   H3    H1    0.177900  0.000000  0.000000  1.300000  1.235677
  136  MGO   O3    OH   -0.620000 -0.198000  0.102300  1.500000  1.533237
  137  MGO   HO3   HO    0.422000  0.000000  0.000000  0.800000  0.000000
  138  MGO   C4    CG    0.040100  0.199600  0.311900  1.700000  1.699835
  139  MGO   H4    H1    0.159500  0.000000  0.000000  1.300000  1.235677
  140  MGO   C5    CG    0.019300  0.134900  0.210300  1.700000  1.699835
  141  MGO   H5    H1    0.115600  0.000000  0.000000  1.300000  1.235677
  142  MGO   O5    OS   -0.366800 -0.366800 -0.028200  1.500000  1.500006
  143  MGO   C6    CG    0.191800  0.242600  0.179500  1.700000  1.699835
  144  MGO   H61   H1    0.025400  0.000000  0.000000  1.300000  1.235677
  145  MGO   H62   H1    0.025400  0.000000  0.000000  1.300000  1.235677
  146  MGO   O6    OH   -0.607700 -0.198000  0.044600  1.500000  1.533237
  147  MGO   HO6   HO    0.409700  0.000000  0.000000  0.800000  0.000000
  148  MOL   C1    c3   -0.012500  0.193300 -0.162600  1.700000  1.699835
  149  MOL   H2    h1    0.068600  0.068600  0.068600  1.300000  1.235677
  150  MOL   H3    h1    0.068600  0.068600  0.068600  1.300000  1.235677
  151  MOL   H4    h1    0.068600  0.068600  0.068600  1.300000  1.235677
  152  MOL   O1    os   -0.355900 -0.355900  0.052100  1.500000  1.500006
  153  MOL   C2    ca    0.214700  0.214700 -0.230000  1.700000  1.699835
  154  MOL   C3    ca   -0.209800 -0.098100  0.061900  1.700000  1.699835
  155  MOL   H5    ha    0.111700  0.111700  0.111700  1.300000  1.299821
  156  MOL   C4    ca   -0.190400 -0.054700 -0.246400  1.700000  1.699835
  157  MOL   H6    ha    0.135700  0.135700  0.135700  1.300000  1.299821
  158  MOL   C5    ca   -0.220900 -0.093600 -0.135700  1.700000  1.699835
  159  MOL   H7    ha    0.127300  0.127300  0.127300  1.300000  1.299821
  160  MOL   C6    ca    0.012600  0.012600 -0.114600  1.700000  1.699835
  161  MOL   C7    ca   -0.106900  0.009300  0.236600  1.700000  1.699835
  162  MOL   H8    ha    0.116200  0.116200  0.116200  1.300000  1.299821
  163  MOL   C8    c3    0.006500 -0.042900  0.804400  1.700000  1.699835
  164  MOL   H9    hc   -0.024700 -0.024700 -0.024700  1.300000  1.324766
  165  MOL   H10   hc   -0.024700 -0.024700 -0.024700  1.300000  1.324766
  166  MOL   C9    c     0.834700  0.834700 -0.827600  1.700000  1.699835
  167  MOL   O2    o    -0.809700 -0.809700  0.025000  1.500000  1.479961
  168  MOL   O3    o    -0.809700 -0.809700  0.025000  1.500000  1.479961

 total system charges (+/-) for PB       -1.0000       19.6292      -20.6292
 cavity_surften =        0.0050 cavity_offset =        0.0000

   SAS Surface: surface dots generated:    366

--------------------------------------------------------------------------------
   3.  ATOMIC COORDINATES AND VELOCITIES
--------------------------------------------------------------------------------

Cpptraj Generated Restart                                                       
 begin time read from input coords =   551.000 ps

 Number of triangulated 3-point waters found:        0

--------------------------------------------------------------------------------
   4.  RESULTS
--------------------------------------------------------------------------------

  NB-update: atom-based nb list     8692


======== Setting up Grid Parameters ========
Using bounding box for grid setup
 Bounding Box at level:           2
 Bounding Box Center:      17.500    18.000    18.000
 Xmin, Xmax, Xmax-Xmin:     8.963    26.401    17.437
 Ymin, Ymax, Ymax-Ymin:     9.692    26.524    16.832
 Zmin, Zmax, Zmax-Zmin:    12.630    23.134    10.504
 Grid dimension at level     2    53   53   39
 Grid origin corrected at level     2      4.000     4.500     8.000
 Bounding Box at level:           1
 Bounding Box Center:      17.500    18.000    18.000
 Xmin, Xmax, Xmax-Xmin:     8.963    26.401    17.437
 Ymin, Ymax, Ymax-Ymin:     9.692    26.524    16.832
 Zmin, Zmax, Zmax-Zmin:    12.630    23.134    10.504
PB Warn in setgrd(): focusing grid too large    2
 fillratio is automatically increased to 2.500
 Grid dimension at level     1    13   13    9
 Grid origin corrected at level     1    -10.500   -10.000    -2.000
------- VMD goodie --------
#First Level Geometric Box
draw materials off
draw color green
draw line "  -10.500  -10.000   -2.000" "   41.500  -10.000   -2.000"
draw line "  -10.500  -10.000   -2.000" "  -10.500   42.000   -2.000"
draw line "  -10.500  -10.000   -2.000" "  -10.500  -10.000   34.000"
draw line "   41.500  -10.000   -2.000" "   41.500   42.000   -2.000"
draw line "   41.500  -10.000   -2.000" "   41.500  -10.000   34.000"
draw line "  -10.500   42.000   -2.000" "   41.500   42.000   -2.000"
draw line "  -10.500   42.000   -2.000" "  -10.500   42.000   34.000"
draw line "  -10.500  -10.000   34.000" "   41.500  -10.000   34.000"
draw line "  -10.500  -10.000   34.000" "  -10.500   42.000   34.000"
draw line "   41.500   42.000   34.000" "   41.500   42.000   -2.000"
draw line "   41.500   42.000   34.000" "  -10.500   42.000   34.000"
draw line "   41.500   42.000   34.000" "   41.500  -10.000   34.000"
#2nd Level Geometric Box
draw color blue
draw line "    4.000    4.500    8.000" "   31.000    4.500    8.000"
draw line "    4.000    4.500    8.000" "    4.000   31.500    8.000"
draw line "    4.000    4.500    8.000" "    4.000    4.500   28.000"
draw line "   31.000    4.500    8.000" "   31.000   31.500    8.000"
draw line "   31.000    4.500    8.000" "   31.000    4.500   28.000"
draw line "    4.000   31.500    8.000" "   31.000   31.500    8.000"
draw line "    4.000   31.500    8.000" "    4.000   31.500   28.000"
draw line "    4.000    4.500   28.000" "   31.000    4.500   28.000"
draw line "    4.000    4.500   28.000" "    4.000   31.500   28.000"
draw line "   31.000   31.500   28.000" "   31.000   31.500    8.000"
draw line "   31.000   31.500   28.000" "    4.000   31.500   28.000"
draw line "   31.000   31.500   28.000" "   31.000    4.500   28.000"
--- End VMD goodie --------

======== Setting up Solvent Accessibility Data ========
Setting up working radii
Number of SA srf points exposed  4374
 Number of SA arcs generated  3814
 Number of SA arc points exposed        2557 Number of trimer arc points exposed         232
 with resolution (A) = .250000E+00

Atomic solvent accessible surface area:
           1    0.0000000000000
           2   13.5160586230837
           3    0.0000000000000
           4    0.0000000000000
           5   19.5231957888987
           6   20.5013813047541
           7    0.0000000000000
           8    0.0000000000000
           9    0.0000000000000
          10   25.1214108945579
          11    4.1544558588455
          12    0.0000000000000
          13    5.0059476381791
          14    0.0000000000000
          15    0.0000000000000
          16    2.8875184936273
          17    0.6599061289836
          18    6.5077319296329
          19   14.5172481507195
          20   25.4101627439206
          21   10.4692287642907
          22    0.0000000000000
          23   14.7675455326285
          24    0.0000000000000
          25    0.0000000000000
          26   18.7723036431718
          27   17.9026146604895
          28    2.8250299840150
          29    0.0000000000000
          30    0.0000000000000
          31   17.6138628111268
          32    3.9882776244917
          33    0.0000000000000
          34    6.2574345477239
          35    0.0000000000000
          36    0.0000000000000
          37    4.6200295898037
          38    0.3299530644918
          39    0.7508921457269
          40    9.0107057487225
          41   25.9876664426461
          42    7.8103770146296
          43    0.0000000000000
          44   13.0154638592658
          45    0.0000000000000
          46    0.0000000000000
          47   20.5243853165345
          48   22.8113960996560
          49    0.0000000000000
          50    0.0000000000000
          51    0.0000000000000
          52   18.7688702085777
          53    0.0000000000000
          54    0.0000000000000
          55    6.7580293115418
          56    0.0000000000000
          57    0.0000000000000
          58    6.3525406859801
          59    1.6497653224589
          60    4.5053528743612
          61   19.0226010250808
          62   30.0301923337243
          63    8.1427334833372
          64    0.0000000000000
          65   13.0154638592658
          66    0.0000000000000
          67    0.0000000000000
          68   16.2693298240822
          69   23.3888997983815
          70    6.8133076085067
          71    0.0000000000000
          72    7.7592188391777
          73   19.3463739073032
          74    3.4897429214302
          75    0.0000000000000
          76    5.0059476381791
          77    0.0000000000000
          78    0.0000000000000
          79    2.3100147949019
          80    1.6497653224589
          81    0.0000000000000
          82   13.2657612411747
          83   29.7414404843616
          84    7.4780205459219
          85    0.0000000000000
          86   12.2645717135389
          87    0.0000000000000
          88    0.0000000000000
          89   20.5243853165345
          90   25.6989145932833
          91    0.0000000000000
          92    0.0000000000000
          93   13.7663560049927
          94   18.7688702085777
          95    7.1456640772143
          96    0.0000000000000
          97    5.5065424019971
          98    0.0000000000000
          99    0.0000000000000
         100    4.3312777404410
         101    0.6599061289836
         102    0.5005947638179
         103    9.7615978944493
         104   29.4526886349989
         105    0.0000000000000
         106    0.0000000000000
         107   15.2681402964464
         108    0.0000000000000
         109    0.3299530644918
         110   17.7711141155360
         111   25.1214108945579
         112    0.0000000000000
         113    0.0000000000000
         114    7.7592188391777
         115   24.2551553464697
         116    4.6529905619070
         117    0.0000000000000
         118    4.2550554924523
         119    0.0000000000000
         120    0.0000000000000
         121    4.3312777404410
         122    1.3198122579671
         123    1.7520816733627
         124   14.7675455326285
         125   28.8751849362734
         126    5.6500599680299
         127    0.0000000000000
         128   13.5160586230837
         129    0.0000000000000
         130    0.0000000000000
         131   16.7699245879001
         132   30.6076960324498
         133    2.4926735153073
         134    0.0000000000000
         135    5.0059476381791
         136   20.7901331541168
         137    4.3206340931993
         138    0.0000000000000
         139    5.2562450200881
         140    0.0000000000000
         141    0.0000000000000
         142    4.6200295898037
         143    0.3299530644918
         144    0.0000000000000
         145    6.2574345477239
         146   27.4314256894597
         147    1.1632476404767
         148    2.9695775804260
         149   24.7794408089868
         150   17.5208167336270
         151    8.5101109849045
         152    0.0000000000000
         153    0.9898591934753
         154    3.6294837094096
         155   10.5124900401762
         156    2.9695775804260
         157    5.5065424019971
         158    0.9898591934753
         159    0.0000000000000
         160    0.3299530644918
         161    0.3299530644918
         162    0.0000000000000
         163    0.0000000000000
         164    0.0000000000000
         165    1.5017842914537
         166    2.3096714514425
         167    5.1975332885292
         168   23.3888997983815

 ======== FDPB Summary ========

 Do FDPB every           1 steps
 Nonbonded Update
   residue cutoff is set to   99.9000000000000
   fdpb cutoff is set to    5.0000000000000
   sas cutoff is set to    9.0000000000000
   nonbonded cutoff is set to    0.0000000000000
 Grid Constants
   Grid dimension      13      13       9
   Grid spacing set to     4.000
   Grid boundary
       -10.500    45.500
       -10.000    46.000
        -2.000    38.000

 Dielectric Map
   Use cavity radii in the prmtop file

   Use probe-based SES definition
     Compute SAS/SAR every           1 steps
     Solvent probe radius   1.40000000000000
     Surface dots per atom     366
     Buried atom radii increment   0.79800000000000
     Threshhold for exposed atom   0.08000000000000
     Current SAS1134.51288301536965

 Boundary conditions
   sum of grid charges as independent DH spheres

 Physical constants
   Solute dielectric constant  :   1.00000000000000
   Solvent dielectric constant :   80.0000000000000
   Temperature (K)             :   300.000000000000
   Ionic strength (mM)         :   0.00000000000000
   Debye-Huckel parameter (1/A):   0.00000000000000

FD Solver Option
   Use Modified ICCG solver

 Iteration data
   Maximum iterations  :         100
   Convergence criteria:  1.000000000000000E-03
   Iterations required        :     7
   Norm of the constant vector:       605.8826606963
   Norm of the residual vector:      0.1883161130818
   Convergence achieved       :  3.1081284429783303E-04

 Total molecular surface    794.3050

 ======== FDPB Summary ========

 Do FDPB every           1 steps
 Nonbonded Update
   residue cutoff is set to   99.9000000000000
   fdpb cutoff is set to    5.0000000000000
   sas cutoff is set to    9.0000000000000
   nonbonded cutoff is set to    0.0000000000000
 Grid Constants
   Grid dimension      53      53      39
   Grid spacing set to     0.500
   Grid boundary
         4.000    31.000
         4.500    31.500
         8.000    28.000

 Dielectric Map
   Use cavity radii in the prmtop file

   Use probe-based SES definition
     Compute SAS/SAR every           1 steps
     Solvent probe radius   1.40000000000000
     Surface dots per atom     366
     Buried atom radii increment   0.79800000000000
     Threshhold for exposed atom   0.08000000000000
     Current SAS1134.51288301536965

 Boundary conditions
   sum of grid charges as independent DH spheres

 Physical constants
   Solute dielectric constant  :   1.00000000000000
   Solvent dielectric constant :   80.0000000000000
   Temperature (K)             :   300.000000000000
   Ionic strength (mM)         :   0.00000000000000
   Debye-Huckel parameter (1/A):   0.00000000000000

FD Solver Option
   Use Modified ICCG solver

 Iteration data
   Maximum iterations  :         100
   Convergence criteria:  1.000000000000000E-03
   Iterations required        :    15
   Norm of the constant vector:    163013.0953872314
   Norm of the residual vector:    136.5182147966973
   Convergence achieved       :  8.3746777810950364E-04

 Total surface charge       0.9881
 Reaction field energy   -189.4721
 Nonpolar SAS/SAV   1134.5129      0.0000
 Cavity solvation energy      5.6726

 NSTEP =        1   TIME(PS) =       0.000  TEMP(K) =     0.00  PRESS =     0.0
 Etot   =      -718.8472  EKtot   =         0.0000  EPtot      =         0.0000
 BOND   =         0.0000  ANGLE   =         0.0000  DIHED      =         0.0000
 1-4 NB =         0.0000  1-4 EEL =         0.0000  VDWAALS    =       -58.3060
 EELEC  =      -476.7417  EPB     =      -189.4721  RESTRAINT  =         0.0000
 ECAVITY=         5.6726  EDISPER =         0.0000
 ------------------------------------------------------------------------------



  Maximum number of minimization cycles reached.


                    FINAL RESULTS


 NSTEP =        1   TIME(PS) =       0.000  TEMP(K) =     0.00  PRESS =     0.0
 Etot   =      -718.8472  EKtot   =         0.0000  EPtot      =         0.0000
 BOND   =         0.0000  ANGLE   =         0.0000  DIHED      =         0.0000
 1-4 NB =         0.0000  1-4 EEL =         0.0000  VDWAALS    =       -58.3060
 EELEC  =      -476.7417  EPB     =      -189.4721  RESTRAINT  =         0.0000
 ECAVITY=         5.6726  EDISPER =         0.0000
 ------------------------------------------------------------------------------


--------------------------------------------------------------------------------
   5.  TIMINGS
--------------------------------------------------------------------------------

| Total time                     0.17
| Read prm/crd time              0.01
| Force time                     0.16
| Nonbond force                  0.16
| PB Nonbond                     0.16
| PB NB list                     0.00
| PB FD grid                     0.00
| PB Sasa                        0.03
| PB FD force                    0.16
| PB Set linear sys              0.08
| PB Solver                      0.08
| PB SA srf                      0.00
| PB SA arc                      0.03
| PB SA arc setup                0.00
| PB circle                      0.02
| PB exclude                     0.01
| PB exmol                       0.07
| PB exmol setup                 0.01
| PB exmol part a                0.00
| PB exmol part b                0.01
| PB exmol part c                0.00
| PB exmol part e                0.00
| PB exmol part f                0.02
| PB epsbnd                      0.00
| PB epsmap                      0.00
|           Job began  at 20:53:24.099  on 08/29/2021
|           Setup done at 20:53:24.107  on 08/29/2021
|           Run   done at 20:53:24.269  on 08/29/2021
|     wallclock() was called     110 times
