
          -------------------------------------------------------
          GBNSR6 2015                       
          -------------------------------------------------------

| Run on 09/26/2021 at 22:13:07
  [-O]verwriting output

File Assignments:
|  MDIN: ../../../scripts/gbnsr6.in                                            
| MDOUT: complex-gb.out                                                        
|INPCRD: ../top_crd/complex.crd                                                
|  PARM: ../top_crd/complex.top                                                
|

 Here is the input file:

compute                                                                        
&cntrl                                                                         
inp=1                                                                          
/                                                                              
&gb                                                                            
epsin=1.0, epsout=80, istrng=0, space=0.5,                                     
arcres=0.2, B=0.028, alpb=1, rbornstat=0, cavity_surften=0.005                 
/                                                                              

--------------------------------------------------------------------------------
   1.  RESOURCE   USE: 
--------------------------------------------------------------------------------

| Flags:                                                                        
| New format PARM file being parsed.
| Version =    1.000 Date = 09/26/21 Time = 22:06:41
 NATOM  =   11940 NTYPES =      18 NBONH =    5861 MBONA  =    6247
 NTHETH =   13292 MTHETA =    8509 NPHIH =   27466 MPHIA  =   26671
 NHPARM =       0 NPARM  =       0 NNB   =   65903 NRES   =     764
 NBONA  =    6247 NTHETA =    8509 NPHIA =   26671 NUMBND =      71
 NUMANG =     164 NPTRA  =     191 NATYP =      36 NPHB   =       0
 IFBOX  =       0 NMXRS  =      25 IFCAP =       0 NEXTRA =       0
 NCOPY  =       0


|     Memory Use     Allocated
|     Real              442325
|     Hollerith          72406
|     Integer           590079
|     Max Pairs              1
|     Max Rstack             1
|     Max Istack             1
|       Total             6043 kbytes

| Note: 1-4 EEL scale factors are being read from the topology file.

--------------------------------------------------------------------------------
   2.  ATOMIC COORDINATES AND VELOCITIES
--------------------------------------------------------------------------------

default_name                                                                    
 begin time read from input coords =     0.000 ps

 Number of triangulated 3-point waters found:        0

--------------------------------------------------------------------------------
   3.  RESULTS
--------------------------------------------------------------------------------

 Cavity solvation energy    139.2221

 NSTEP =        1   TIME(PS) =       0.000  TEMP(K) =     0.00  PRESS =     0.0
 Etot   =    -29280.0852  EKtot   =         0.0000  EPtot      =         0.0000
 BOND   =         0.0000  ANGLE   =         0.0000  DIHED      =         0.0000
 1-4 NB =         0.0000  1-4 EEL =     31997.2394  VDWAALS    =         0.0000
 EELEC  =    -55160.6492  EGB     =     -6255.8975  RESTRAINT  =         0.0000
 ESURF  =       139.2221
 ------------------------------------------------------------------------------



  Maximum number of minimization cycles reached.


                    FINAL RESULTS


 NSTEP =        1   TIME(PS) =       0.000  TEMP(K) =     0.00  PRESS =     0.0
 Etot   =    -29280.0852  EKtot   =         0.0000  EPtot      =         0.0000
 BOND   =         0.0000  ANGLE   =         0.0000  DIHED      =         0.0000
 1-4 NB =         0.0000  1-4 EEL =     31997.2394  VDWAALS    =         0.0000
 EELEC  =    -55160.6492  EGB     =     -6255.8975  RESTRAINT  =         0.0000
 ESURF  =       139.2221
 ------------------------------------------------------------------------------

|           Job began  at 22:13:07.375  on 09/26/2021
|           Setup done at 22:13:07.482  on 09/26/2021
|           Run   done at 22:13:20.660  on 09/26/2021
|     wallclock() was called      72 times
