
          -------------------------------------------------------
          GBNSR6 2015                       
          -------------------------------------------------------

| Run on 09/26/2021 at 22:13:07
  [-O]verwriting output

File Assignments:
|  MDIN: ../../../scripts/gbnsr6.in                                            
| MDOUT: lig-gb.out                                                            
|INPCRD: ../top_crd/lig.crd                                                    
|  PARM: ../top_crd/lig.top                                                    
|

 Here is the input file:

compute                                                                        
&cntrl                                                                         
inp=1                                                                          
/                                                                              
&gb                                                                            
epsin=1.0, epsout=80, istrng=0, space=0.5,                                     
arcres=0.2, B=0.028, alpb=1, rbornstat=0, cavity_surften=0.005                 
/                                                                              

--------------------------------------------------------------------------------
   1.  RESOURCE   USE: 
--------------------------------------------------------------------------------

| Flags:                                                                        
| New format PARM file being parsed.
| Version =    1.000 Date = 09/26/21 Time = 22:06:41
 NATOM  =      13 NTYPES =       4 NBONH =       6 MBONA  =       7
 NTHETH =      11 MTHETA =       8 NPHIH =      23 MPHIA  =       9
 NHPARM =       0 NPARM  =       0 NNB   =      56 NRES   =       1
 NBONA  =       7 NTHETA =       8 NPHIA =       9 NUMBND =       4
 NUMANG =       4 NPTRA  =       3 NATYP =       4 NPHB   =       0
 IFBOX  =       0 NMXRS  =      13 IFCAP =       0 NEXTRA =       0
 NCOPY  =       0

GB Warning in  gb_read(): B=0 is recommended for molecules with more than 50 atoms

|     Memory Use     Allocated
|     Real                 522
|     Hollerith             81
|     Integer            18476
|     Max Pairs              1
|     Max Rstack             1
|     Max Istack             1
|       Total               76 kbytes

| Note: 1-4 EEL scale factors are being read from the topology file.

--------------------------------------------------------------------------------
   2.  ATOMIC COORDINATES AND VELOCITIES
--------------------------------------------------------------------------------

default_name                                                                    
 begin time read from input coords =     0.000 ps

 Number of triangulated 3-point waters found:        0

--------------------------------------------------------------------------------
   3.  RESULTS
--------------------------------------------------------------------------------

 Cavity solvation energy      1.2975

 NSTEP =        1   TIME(PS) =       0.000  TEMP(K) =     0.00  PRESS =     0.0
 Etot   =       -24.6698  EKtot   =         0.0000  EPtot      =         0.0000
 BOND   =         0.0000  ANGLE   =         0.0000  DIHED      =         0.0000
 1-4 NB =         0.0000  1-4 EEL =       -24.8059  VDWAALS    =         0.0000
 EELEC  =         9.2827  EGB     =       -10.4441  RESTRAINT  =         0.0000
 ESURF  =         1.2975
 ------------------------------------------------------------------------------



  Maximum number of minimization cycles reached.


                    FINAL RESULTS


 NSTEP =        1   TIME(PS) =       0.000  TEMP(K) =     0.00  PRESS =     0.0
 Etot   =       -24.6698  EKtot   =         0.0000  EPtot      =         0.0000
 BOND   =         0.0000  ANGLE   =         0.0000  DIHED      =         0.0000
 1-4 NB =         0.0000  1-4 EEL =       -24.8059  VDWAALS    =         0.0000
 EELEC  =         9.2827  EGB     =       -10.4441  RESTRAINT  =         0.0000
 ESURF  =         1.2975
 ------------------------------------------------------------------------------

|           Job began  at 22:13:07.323  on 09/26/2021
|           Setup done at 22:13:07.345  on 09/26/2021
|           Run   done at 22:13:07.352  on 09/26/2021
|     wallclock() was called      72 times
