
          -------------------------------------------------------
          GBNSR6 2015                       
          -------------------------------------------------------

| Run on 08/29/2021 at 13:30:08

File Assignments:
|  MDIN: ../scripts/gbnsr6.in                                                  
| MDOUT: complex-gb.out                                                        
|INPCRD: complex.crd                                                           
|  PARM: complex.prmtop                                                        
|

 Here is the input file:

compute                                                                        
&cntrl                                                                         
inp=1                                                                          
/                                                                              
&gb                                                                            
epsin=1.0, epsout=80, istrng=0, space=0.5,                                     
arcres=0.2, B=0.028, alpb=1, rbornstat=0, cavity_surften=0.005                 
/                                                                              

--------------------------------------------------------------------------------
   1.  RESOURCE   USE: 
--------------------------------------------------------------------------------

| Flags:                                                                        
| New format PARM file being parsed.
| Version =    1.000 Date = 08/29/21 Time = 13:29:52
 NATOM  =     143 NTYPES =      10 NBONH =      72 MBONA  =      76
 NTHETH =     165 MTHETA =     111 NPHIH =     286 MPHIA  =     220
 NHPARM =       0 NPARM  =       0 NNB   =     845 NRES   =       7
 NBONA  =      76 NTHETA =     111 NPHIA =     220 NUMBND =      11
 NUMANG =      21 NPTRA  =      24 NATYP =      15 NPHB   =       0
 IFBOX  =       1 NMXRS  =      21 IFCAP =       0 NEXTRA =       0
 NCOPY  =       0


|     Memory Use     Allocated
|     Real                5347
|     Hollerith            867
|     Integer            24516
|     Max Pairs              1
|     Max Rstack             1
|     Max Istack             1
|       Total              140 kbytes

| Note: 1-4 EEL scale factors are being read from the topology file.

     BOX TYPE: RECTILINEAR

--------------------------------------------------------------------------------
   2.  ATOMIC COORDINATES AND VELOCITIES
--------------------------------------------------------------------------------

Cpptraj Generated Restart                                                       
 begin time read from input coords =   551.000 ps

 Number of triangulated 3-point waters found:        0

--------------------------------------------------------------------------------
   3.  RESULTS
--------------------------------------------------------------------------------

 Cavity solvation energy      4.9718

 NSTEP =        1   TIME(PS) =       0.000  TEMP(K) =     0.00  PRESS =     0.0
 Etot   =      -124.2654  EKtot   =         0.0000  EPtot      =         0.0000
 BOND   =         0.0000  ANGLE   =         0.0000  DIHED      =         0.0000
 1-4 NB =         0.0000  1-4 EEL =       435.8248  VDWAALS    =         0.0000
 EELEC  =      -402.7811  EGB     =      -162.2809  RESTRAINT  =         0.0000
 ESURF  =         4.9718
 ------------------------------------------------------------------------------



  Maximum number of minimization cycles reached.


                    FINAL RESULTS


 NSTEP =        1   TIME(PS) =       0.000  TEMP(K) =     0.00  PRESS =     0.0
 Etot   =      -124.2654  EKtot   =         0.0000  EPtot      =         0.0000
 BOND   =         0.0000  ANGLE   =         0.0000  DIHED      =         0.0000
 1-4 NB =         0.0000  1-4 EEL =       435.8248  VDWAALS    =         0.0000
 EELEC  =      -402.7811  EGB     =      -162.2809  RESTRAINT  =         0.0000
 ESURF  =         4.9718
 ------------------------------------------------------------------------------

|           Job began  at 13:30:08.306  on 08/29/2021
|           Setup done at 13:30:08.310  on 08/29/2021
|           Run   done at 13:30:08.375  on 08/29/2021
|     wallclock() was called      72 times
