
          -------------------------------------------------------
          GBNSR6 2015                       
          -------------------------------------------------------

| Run on 11/06/2021 at 09:46:45
  [-O]verwriting output

File Assignments:
|  MDIN: ../scripts/gbnsr6.in                                                  
| MDOUT: guest-gb-radii.out                                                    
|INPCRD: guest.crd                                                             
|  PARM: guest.prmtop                                                          
|

 Here is the input file:

compute                                                                        
&cntrl                                                                         
inp=1                                                                          
/                                                                              
&gb                                                                            
epsin=1.0, epsout=80, istrng=0, space=0.5,                                     
arcres=0.2, B=0.028, alpb=1, rbornstat=0, rbornstat=1, cavity_surften=0.005    
/                                                                              

--------------------------------------------------------------------------------
   1.  RESOURCE   USE: 
--------------------------------------------------------------------------------

| Flags:                                                                        
| New format PARM file being parsed.
| Version =    1.000 Date = 08/29/21 Time = 13:29:52
 NATOM  =      17 NTYPES =       5 NBONH =      12 MBONA  =       4
 NTHETH =      27 MTHETA =       3 NPHIH =      34 MPHIA  =       4
 NHPARM =       0 NPARM  =       0 NNB   =      83 NRES   =       1
 NBONA  =       4 NTHETA =       3 NPHIA =       4 NUMBND =       5
 NUMANG =       9 NPTRA  =       6 NATYP =      15 NPHB   =       0
 IFBOX  =       1 NMXRS  =      17 IFCAP =       0 NEXTRA =       0
 NCOPY  =       0

GB Warning in  gb_read(): B=0 is recommended for molecules with more than 50 atoms

|     Memory Use     Allocated
|     Real                 667
|     Hollerith            105
|     Integer            18651
|     Max Pairs              1
|     Max Rstack             1
|     Max Istack             1
|       Total               78 kbytes

| Note: 1-4 EEL scale factors are being read from the topology file.

     BOX TYPE: RECTILINEAR

--------------------------------------------------------------------------------
   2.  ATOMIC COORDINATES AND VELOCITIES
--------------------------------------------------------------------------------

Cpptraj Generated Restart                                                       
 begin time read from input coords =   551.000 ps

 Number of triangulated 3-point waters found:        0

--------------------------------------------------------------------------------
   3.  RESULTS
--------------------------------------------------------------------------------

Print:    Atom number      Inverse Effective Born Radii
rinv           1            0.49723299
rinv           2            0.63852118
rinv           3            0.64662446
rinv           4            0.66793989
rinv           5            0.44831318
rinv           6            0.62742042
rinv           7            0.63311140
rinv           8            0.43020598
rinv           9            0.60227452
rinv          10            0.60743713
rinv          11            0.44435215
rinv          12            0.62602578
rinv          13            0.62049211
rinv          14            0.49340404
rinv          15            0.65006513
rinv          16            0.66253663
rinv          17            0.63963097

 Cavity solvation energy      1.4344

 NSTEP =        1   TIME(PS) =       0.000  TEMP(K) =     0.00  PRESS =     0.0
 Etot   =       -37.2778  EKtot   =         0.0000  EPtot      =         0.0000
 BOND   =         0.0000  ANGLE   =         0.0000  DIHED      =         0.0000
 1-4 NB =         0.0000  1-4 EEL =        12.2487  VDWAALS    =         0.0000
 EELEC  =        16.4764  EGB     =       -67.4372  RESTRAINT  =         0.0000
 ESURF  =         1.4344
 ------------------------------------------------------------------------------



  Maximum number of minimization cycles reached.


                    FINAL RESULTS


 NSTEP =        1   TIME(PS) =       0.000  TEMP(K) =     0.00  PRESS =     0.0
 Etot   =       -37.2778  EKtot   =         0.0000  EPtot      =         0.0000
 BOND   =         0.0000  ANGLE   =         0.0000  DIHED      =         0.0000
 1-4 NB =         0.0000  1-4 EEL =        12.2487  VDWAALS    =         0.0000
 EELEC  =        16.4764  EGB     =       -67.4372  RESTRAINT  =         0.0000
 ESURF  =         1.4344
 ------------------------------------------------------------------------------

|           Job began  at 09:46:45.501  on 11/06/2021
|           Setup done at 09:46:45.503  on 11/06/2021
|           Run   done at 09:46:45.509  on 11/06/2021
|     wallclock() was called      72 times
