log started: Tue Sep  7 13:33:29 2021

Log file: ./leap.log
>> #
>> # ----- leaprc for loading the ff14SB force field
>> # ----- NOTE: this is designed for PDB format 3!
>> #
>> #	load atom type hybridizations
>> #
>> addAtomTypes {
>> 	{ "H"   "H" "sp3" }
>> 	{ "HO"  "H" "sp3" }
>> 	{ "HS"  "H" "sp3" }
>> 	{ "H1"  "H" "sp3" }
>> 	{ "H2"  "H" "sp3" }
>> 	{ "H3"  "H" "sp3" }
>> 	{ "H4"  "H" "sp3" }
>> 	{ "H5"  "H" "sp3" }
>> 	{ "HW"  "H" "sp3" }
>> 	{ "HC"  "H" "sp3" }
>> 	{ "HA"  "H" "sp3" }
>> 	{ "HP"  "H" "sp3" }
>> 	{ "HZ"  "H" "sp3" }
>> 	{ "OH"  "O" "sp3" }
>> 	{ "OS"  "O" "sp3" }
>> 	{ "O"   "O" "sp2" }
>> 	{ "O2"  "O" "sp2" }
>> 	{ "OP"  "O" "sp2" }
>> 	{ "OW"  "O" "sp3" }
>> 	{ "CT"  "C" "sp3" }
>> 	{ "CX"  "C" "sp3" }
>> 	{ "C8"  "C" "sp3" }
>> 	{ "2C"  "C" "sp3" }
>> 	{ "3C"  "C" "sp3" }
>> 	{ "CH"  "C" "sp3" }
>> 	{ "CS"  "C" "sp2" }
>> 	{ "C"   "C" "sp2" }
>> 	{ "CO"   "C" "sp2" }
>> 	{ "C*"  "C" "sp2" }
>> 	{ "CA"  "C" "sp2" }
>> 	{ "CB"  "C" "sp2" }
>> 	{ "CC"  "C" "sp2" }
>> 	{ "CN"  "C" "sp2" }
>> 	{ "CM"  "C" "sp2" }
>> 	{ "CK"  "C" "sp2" }
>> 	{ "CQ"  "C" "sp2" }
>> 	{ "CD"  "C" "sp2" }
>> 	{ "C5"  "C" "sp2" }
>> 	{ "C4"  "C" "sp2" }
>> 	{ "CP"  "C" "sp2" }
>> 	{ "CI"  "C" "sp3" }
>> 	{ "CJ"  "C" "sp2" }
>> 	{ "CW"  "C" "sp2" }
>> 	{ "CV"  "C" "sp2" }
>> 	{ "CR"  "C" "sp2" }
>> 	{ "CA"  "C" "sp2" }
>> 	{ "CY"  "C" "sp2" }
>> 	{ "C0"  "Ca" "sp3" }
>> 	{ "MG"  "Mg" "sp3" }
>> 	{ "N"   "N" "sp2" }
>> 	{ "NA"  "N" "sp2" }
>> 	{ "N2"  "N" "sp2" }
>> 	{ "N*"  "N" "sp2" }
>> 	{ "NP"  "N" "sp2" }
>> 	{ "NQ"  "N" "sp2" }
>> 	{ "NB"  "N" "sp2" }
>> 	{ "NC"  "N" "sp2" }
>> 	{ "NT"  "N" "sp3" }
>> 	{ "NY"  "N" "sp2" }
>> 	{ "N3"  "N" "sp3" }
>> 	{ "S"   "S" "sp3" }
>> 	{ "SH"  "S" "sp3" }
>> 	{ "P"   "P" "sp3" }
>> 	{ "LP"  ""  "sp3" }
>> 	{ "EP"  ""  "sp3" }
>> 	{ "F"   "F" "sp3" }
>> 	{ "Cl"  "Cl" "sp3" }
>> 	{ "Br"  "Br" "sp3" }
>> 	{ "I"   "I"  "sp3" }
>> }
>> #
>> #	Load the main parameter set.
>> #
>> parm10 = loadamberparams parm10.dat
Loading parameters: /Users/misspotato/Documents/amber20/dat/leap/parm/parm10.dat
Reading title:
PARM99 + frcmod.ff99SB + frcmod.parmbsc0 + OL3 for RNA
>> frcmod14SB = loadamberparams frcmod.ff14SB
Loading parameters: /Users/misspotato/Documents/amber20/dat/leap/parm/frcmod.ff14SB
Reading force field modification type file (frcmod)
Reading title:
ff14SB protein backbone and sidechain parameters
>> #
>> #	Load main chain and terminating amino acid libraries
>> #
>> loadOff amino12.lib
Loading library: /Users/misspotato/Documents/amber20/dat/leap/lib/amino12.lib
Loading: ALA
Loading: ARG
Loading: ASH
Loading: ASN
Loading: ASP
Loading: CYM
Loading: CYS
Loading: CYX
Loading: GLH
Loading: GLN
Loading: GLU
Loading: GLY
Loading: HID
Loading: HIE
Loading: HIP
Loading: HYP
Loading: ILE
Loading: LEU
Loading: LYN
Loading: LYS
Loading: MET
Loading: PHE
Loading: PRO
Loading: SER
Loading: THR
Loading: TRP
Loading: TYR
Loading: VAL
>> loadOff aminoct12.lib
Loading library: /Users/misspotato/Documents/amber20/dat/leap/lib/aminoct12.lib
Loading: CALA
Loading: CARG
Loading: CASN
Loading: CASP
Loading: CCYS
Loading: CCYX
Loading: CGLN
Loading: CGLU
Loading: CGLY
Loading: CHID
Loading: CHIE
Loading: CHIP
Loading: CHYP
Loading: CILE
Loading: CLEU
Loading: CLYS
Loading: CMET
Loading: CPHE
Loading: CPRO
Loading: CSER
Loading: CTHR
Loading: CTRP
Loading: CTYR
Loading: CVAL
Loading: NHE
Loading: NME
>> loadOff aminont12.lib
Loading library: /Users/misspotato/Documents/amber20/dat/leap/lib/aminont12.lib
Loading: ACE
Loading: NALA
Loading: NARG
Loading: NASN
Loading: NASP
Loading: NCYS
Loading: NCYX
Loading: NGLN
Loading: NGLU
Loading: NGLY
Loading: NHID
Loading: NHIE
Loading: NHIP
Loading: NILE
Loading: NLEU
Loading: NLYS
Loading: NMET
Loading: NPHE
Loading: NPRO
Loading: NSER
Loading: NTHR
Loading: NTRP
Loading: NTYR
Loading: NVAL
>> 
>> #
>> #	Define the PDB name map for the amino acids
>> #
>> addPdbResMap {
>>   { 0 "HYP" "HYP" } { 1 "HYP" "CHYP" }
>>   { 0 "ALA" "NALA" } { 1 "ALA" "CALA" }
>>   { 0 "ARG" "NARG" } { 1 "ARG" "CARG" }
>>   { 0 "ASN" "NASN" } { 1 "ASN" "CASN" }
>>   { 0 "ASP" "NASP" } { 1 "ASP" "CASP" }
>>   { 0 "CYS" "NCYS" } { 1 "CYS" "CCYS" }
>>   { 0 "CYX" "NCYX" } { 1 "CYX" "CCYX" }
>>   { 0 "GLN" "NGLN" } { 1 "GLN" "CGLN" }
>>   { 0 "GLU" "NGLU" } { 1 "GLU" "CGLU" }
>>   { 0 "GLY" "NGLY" } { 1 "GLY" "CGLY" }
>>   { 0 "HID" "NHID" } { 1 "HID" "CHID" }
>>   { 0 "HIE" "NHIE" } { 1 "HIE" "CHIE" }
>>   { 0 "HIP" "NHIP" } { 1 "HIP" "CHIP" }
>>   { 0 "ILE" "NILE" } { 1 "ILE" "CILE" }
>>   { 0 "LEU" "NLEU" } { 1 "LEU" "CLEU" }
>>   { 0 "LYS" "NLYS" } { 1 "LYS" "CLYS" }
>>   { 0 "MET" "NMET" } { 1 "MET" "CMET" }
>>   { 0 "PHE" "NPHE" } { 1 "PHE" "CPHE" }
>>   { 0 "PRO" "NPRO" } { 1 "PRO" "CPRO" }
>>   { 0 "SER" "NSER" } { 1 "SER" "CSER" }
>>   { 0 "THR" "NTHR" } { 1 "THR" "CTHR" }
>>   { 0 "TRP" "NTRP" } { 1 "TRP" "CTRP" }
>>   { 0 "TYR" "NTYR" } { 1 "TYR" "CTYR" }
>>   { 0 "VAL" "NVAL" } { 1 "VAL" "CVAL" }
>>   { 0 "HIS" "NHIS" } { 1 "HIS" "CHIS" }
>> }
>> 
>> #
>> # assume that most often proteins use HIE
>> #
>> NHIS = NHIE
>> HIS = HIE
>> CHIS = CHIE
> 
> charge com
Total unperturbed charge:   0.000000
Total perturbed charge:     0.000000
> source leaprc.gaff
----- Source: /Users/misspotato/Documents/amber20/dat/leap/cmd/leaprc.gaff
----- Source of /Users/misspotato/Documents/amber20/dat/leap/cmd/leaprc.gaff done
>> logFile leap.log
log started: Tue Sep  7 13:33:44 2021

Log file: ./leap.log
>> #
>> # ----- leaprc for loading the general Amber Force field.
>> #       This file is mostly for use with Antechamber
>> #
>> #	load atom type hybridizations
>> #
>> addAtomTypes {
>> 	{ "h1"  "H" "sp3" }
>> 	{ "h2"  "H" "sp3" }
>> 	{ "h3"  "H" "sp3" }
>> 	{ "h4"  "H" "sp3" }
>> 	{ "h5"  "H" "sp3" }
>> 	{ "ha"  "H" "sp3" }
>> 	{ "hc"  "H" "sp3" }
>> 	{ "hn"  "H" "sp3" }
>> 	{ "ho"  "H" "sp3" }
>> 	{ "hp"  "H" "sp3" }
>> 	{ "hs"  "H" "sp3" }
>> 	{ "hw"  "H" "sp3" }
>> 	{ "hx"  "H" "sp3" }
>> 	{ "o"  "O" "sp2" }
>> 	{ "o2"  "O" "sp2" }
>> 	{ "oh"  "O" "sp3" }
>> 	{ "op"  "O" "sp3" }
>> 	{ "oq"  "O" "sp3" }
>> 	{ "os"  "O" "sp3" }
>> 	{ "ow"  "O" "sp3" }
>> 	{ "c"  "C" "sp2" }
>> 	{ "c1"  "C" "sp2" }
>> 	{ "c2"  "C" "sp2" }
>> 	{ "c3"  "C" "sp3" }
>> 	{ "ca"  "C" "sp2" }
>> 	{ "cc"  "C" "sp2" }
>> 	{ "cd"  "C" "sp2" }
>> 	{ "ce"  "C" "sp2" }
>> 	{ "cf"  "C" "sp2" }
>> 	{ "cg"  "C" "sp2" }
>> 	{ "ch"  "C" "sp2" }
>> 	{ "cp"  "C" "sp2" }
>> 	{ "cq"  "C" "sp2" }
>> 	{ "cu"  "C" "sp2" }
>> 	{ "cv"  "C" "sp2" }
>> 	{ "cx"  "C" "sp2" }
>> 	{ "cy"  "C" "sp2" }
>> 	{ "cz"  "C" "sp2" }
>> 	{ "n"   "N" "sp2" }
>> 	{ "n1"  "N" "sp2" }
>> 	{ "n2"  "N" "sp2" }
>> 	{ "n3"  "N" "sp3" }
>> 	{ "n4"  "N" "sp3" }
>> 	{ "na"  "N" "sp2" }
>> 	{ "nb"  "N" "sp2" }
>> 	{ "nc"  "N" "sp2" }
>> 	{ "nd"  "N" "sp2" }
>> 	{ "ne"  "N" "sp2" }
>> 	{ "nf"  "N" "sp2" }
>> 	{ "nh"  "N" "sp2" }
>> 	{ "ni"  "N" "sp2" }
>> 	{ "nj"  "N" "sp2" }
>> 	{ "nk"  "N" "sp3" }
>> 	{ "nl"  "N" "sp3" }
>> 	{ "nm"  "N" "sp2" }
>> 	{ "nn"  "N" "sp2" }
>> 	{ "no"  "N" "sp2" }
>> 	{ "np"  "N" "sp3" }
>> 	{ "nq"  "N" "sp3" }
>> 	{ "s"   "S" "sp2" }
>> 	{ "s2"   "S" "sp2" }
>> 	{ "s3"   "S" "sp3" }
>> 	{ "s4"   "S" "sp3" }
>> 	{ "s6"   "S" "sp3" }
>> 	{ "sh"   "S" "sp3" }
>> 	{ "sp"   "S" "sp3" }
>> 	{ "sq"   "S" "sp3" }
>> 	{ "ss"   "S" "sp3" }
>> 	{ "sx"   "S" "sp3" }
>> 	{ "sy"   "S" "sp3" }
>> 	{ "p2"   "P" "sp2" }
>> 	{ "p3"   "P" "sp3" }
>> 	{ "p4"   "P" "sp3" }
>> 	{ "p5"   "P" "sp3" }
>> 	{ "pb"   "P" "sp3" }
>> 	{ "pc"   "P" "sp3" }
>> 	{ "pd"   "P" "sp3" }
>> 	{ "pe"   "P" "sp3" }
>> 	{ "pf"   "P" "sp3" }
>> 	{ "px"   "P" "sp3" }
>> 	{ "py"   "P" "sp3" }
>> 	{ "f"   "F" "sp3" }
>> 	{ "cl"  "Cl" "sp3" }
>> 	{ "br"  "Br" "sp3" }
>> 	{ "i"   "I"  "sp3" }
>> }
>> #
>> #	Load the general force field parameter set.
>> #
>> gaff = loadamberparams gaff.dat
Loading parameters: /Users/misspotato/Documents/amber20/dat/leap/parm/gaff.dat
Reading title:
AMBER General Force Field for organic molecules (Version 1.81, May 2017)
> 
> com=loadpdb acd-1-s.pdb
Loading PDB file: ./acd-1-s.pdb
Matching PDB residue names to LEaP variables.

Warning: Unknown residue: MGO   number: 0   type: Terminal/beginning
..relaxing end constraints to try for a dbase match

Warning:   -no luck

Warning: Unknown residue: MGO   number: 1   type: Nonterminal

Warning: Unknown residue: MGO   number: 2   type: Nonterminal

Warning: Unknown residue: MGO   number: 3   type: Nonterminal

Warning: Unknown residue: MGO   number: 4   type: Nonterminal

Warning: Unknown residue: MGO   number: 5   type: Terminal/last
..relaxing end constraints to try for a dbase match

Warning:   -no luck

Warning: Unknown residue: MOL   number: 6   type: Terminal/last
..relaxing end constraints to try for a dbase match

Warning:   -no luck
Creating new UNIT for residue: MGO sequence: 1
Created a new atom named: C1 within residue: .R<MGO 1>
Created a new atom named: H1 within residue: .R<MGO 1>
Created a new atom named: O1 within residue: .R<MGO 1>
Created a new atom named: C2 within residue: .R<MGO 1>
Created a new atom named: H2 within residue: .R<MGO 1>
Created a new atom named: O2 within residue: .R<MGO 1>
Created a new atom named: HO2 within residue: .R<MGO 1>
Created a new atom named: C3 within residue: .R<MGO 1>
Created a new atom named: H3 within residue: .R<MGO 1>
Created a new atom named: O3 within residue: .R<MGO 1>
Created a new atom named: HO3 within residue: .R<MGO 1>
Created a new atom named: C4 within residue: .R<MGO 1>
Created a new atom named: H4 within residue: .R<MGO 1>
Created a new atom named: C5 within residue: .R<MGO 1>
Created a new atom named: H5 within residue: .R<MGO 1>
Created a new atom named: O5 within residue: .R<MGO 1>
Created a new atom named: C6 within residue: .R<MGO 1>
Created a new atom named: H61 within residue: .R<MGO 1>
Created a new atom named: H62 within residue: .R<MGO 1>
Created a new atom named: O6 within residue: .R<MGO 1>
Created a new atom named: HO6 within residue: .R<MGO 1>
Creating new UNIT for residue: MGO sequence: 2
Starting new chain with 
Created a new atom named: C1 within residue: .R<MGO 2>
Created a new atom named: H1 within residue: .R<MGO 2>
Created a new atom named: O1 within residue: .R<MGO 2>
Created a new atom named: C2 within residue: .R<MGO 2>
Created a new atom named: H2 within residue: .R<MGO 2>
Created a new atom named: O2 within residue: .R<MGO 2>
Created a new atom named: HO2 within residue: .R<MGO 2>
Created a new atom named: C3 within residue: .R<MGO 2>
Created a new atom named: H3 within residue: .R<MGO 2>
Created a new atom named: O3 within residue: .R<MGO 2>
Created a new atom named: HO3 within residue: .R<MGO 2>
Created a new atom named: C4 within residue: .R<MGO 2>
Created a new atom named: H4 within residue: .R<MGO 2>
Created a new atom named: C5 within residue: .R<MGO 2>
Created a new atom named: H5 within residue: .R<MGO 2>
Created a new atom named: O5 within residue: .R<MGO 2>
Created a new atom named: C6 within residue: .R<MGO 2>
Created a new atom named: H61 within residue: .R<MGO 2>
Created a new atom named: H62 within residue: .R<MGO 2>
Created a new atom named: O6 within residue: .R<MGO 2>
Created a new atom named: HO6 within residue: .R<MGO 2>
Creating new UNIT for residue: MGO sequence: 3
Starting new chain with 
Created a new atom named: C1 within residue: .R<MGO 3>
Created a new atom named: H1 within residue: .R<MGO 3>
Created a new atom named: O1 within residue: .R<MGO 3>
Created a new atom named: C2 within residue: .R<MGO 3>
Created a new atom named: H2 within residue: .R<MGO 3>
Created a new atom named: O2 within residue: .R<MGO 3>
Created a new atom named: HO2 within residue: .R<MGO 3>
Created a new atom named: C3 within residue: .R<MGO 3>
Created a new atom named: H3 within residue: .R<MGO 3>
Created a new atom named: O3 within residue: .R<MGO 3>
Created a new atom named: HO3 within residue: .R<MGO 3>
Created a new atom named: C4 within residue: .R<MGO 3>
Created a new atom named: H4 within residue: .R<MGO 3>
Created a new atom named: C5 within residue: .R<MGO 3>
Created a new atom named: H5 within residue: .R<MGO 3>
Created a new atom named: O5 within residue: .R<MGO 3>
Created a new atom named: C6 within residue: .R<MGO 3>
Created a new atom named: H61 within residue: .R<MGO 3>
Created a new atom named: H62 within residue: .R<MGO 3>
Created a new atom named: O6 within residue: .R<MGO 3>
Created a new atom named: HO6 within residue: .R<MGO 3>
Creating new UNIT for residue: MGO sequence: 4
Starting new chain with 
Created a new atom named: C1 within residue: .R<MGO 4>
Created a new atom named: H1 within residue: .R<MGO 4>
Created a new atom named: O1 within residue: .R<MGO 4>
Created a new atom named: C2 within residue: .R<MGO 4>
Created a new atom named: H2 within residue: .R<MGO 4>
Created a new atom named: O2 within residue: .R<MGO 4>
Created a new atom named: HO2 within residue: .R<MGO 4>
Created a new atom named: C3 within residue: .R<MGO 4>
Created a new atom named: H3 within residue: .R<MGO 4>
Created a new atom named: O3 within residue: .R<MGO 4>
Created a new atom named: HO3 within residue: .R<MGO 4>
Created a new atom named: C4 within residue: .R<MGO 4>
Created a new atom named: H4 within residue: .R<MGO 4>
Created a new atom named: C5 within residue: .R<MGO 4>
Created a new atom named: H5 within residue: .R<MGO 4>
Created a new atom named: O5 within residue: .R<MGO 4>
Created a new atom named: C6 within residue: .R<MGO 4>
Created a new atom named: H61 within residue: .R<MGO 4>
Created a new atom named: H62 within residue: .R<MGO 4>
Created a new atom named: O6 within residue: .R<MGO 4>
Created a new atom named: HO6 within residue: .R<MGO 4>
Creating new UNIT for residue: MGO sequence: 5
Starting new chain with 
Created a new atom named: C1 within residue: .R<MGO 5>
Created a new atom named: H1 within residue: .R<MGO 5>
Created a new atom named: O1 within residue: .R<MGO 5>
Created a new atom named: C2 within residue: .R<MGO 5>
Created a new atom named: H2 within residue: .R<MGO 5>
Created a new atom named: O2 within residue: .R<MGO 5>
Created a new atom named: HO2 within residue: .R<MGO 5>
Created a new atom named: C3 within residue: .R<MGO 5>
Created a new atom named: H3 within residue: .R<MGO 5>
Created a new atom named: O3 within residue: .R<MGO 5>
Created a new atom named: HO3 within residue: .R<MGO 5>
Created a new atom named: C4 within residue: .R<MGO 5>
Created a new atom named: H4 within residue: .R<MGO 5>
Created a new atom named: C5 within residue: .R<MGO 5>
Created a new atom named: H5 within residue: .R<MGO 5>
Created a new atom named: O5 within residue: .R<MGO 5>
Created a new atom named: C6 within residue: .R<MGO 5>
Created a new atom named: H61 within residue: .R<MGO 5>
Created a new atom named: H62 within residue: .R<MGO 5>
Created a new atom named: O6 within residue: .R<MGO 5>
Created a new atom named: HO6 within residue: .R<MGO 5>
Creating new UNIT for residue: MGO sequence: 6
Starting new chain with 
Created a new atom named: C1 within residue: .R<MGO 6>
Created a new atom named: H1 within residue: .R<MGO 6>
Created a new atom named: O1 within residue: .R<MGO 6>
Created a new atom named: C2 within residue: .R<MGO 6>
Created a new atom named: H2 within residue: .R<MGO 6>
Created a new atom named: O2 within residue: .R<MGO 6>
Created a new atom named: HO2 within residue: .R<MGO 6>
Created a new atom named: C3 within residue: .R<MGO 6>
Created a new atom named: H3 within residue: .R<MGO 6>
Created a new atom named: O3 within residue: .R<MGO 6>
Created a new atom named: HO3 within residue: .R<MGO 6>
Created a new atom named: C4 within residue: .R<MGO 6>
Created a new atom named: H4 within residue: .R<MGO 6>
Created a new atom named: C5 within residue: .R<MGO 6>
Created a new atom named: H5 within residue: .R<MGO 6>
Created a new atom named: O5 within residue: .R<MGO 6>
Created a new atom named: C6 within residue: .R<MGO 6>
Created a new atom named: H61 within residue: .R<MGO 6>
Created a new atom named: H62 within residue: .R<MGO 6>
Created a new atom named: O6 within residue: .R<MGO 6>
Created a new atom named: HO6 within residue: .R<MGO 6>
Creating new UNIT for residue: MOL sequence: 7
Created a new atom named: N1 within residue: .R<MOL 7>
Created a new atom named: H1 within residue: .R<MOL 7>
Created a new atom named: H2 within residue: .R<MOL 7>
Created a new atom named: HN11 within residue: .R<MOL 7>
Created a new atom named: C1 within residue: .R<MOL 7>
Created a new atom named: H3 within residue: .R<MOL 7>
Created a new atom named: H4 within residue: .R<MOL 7>
Created a new atom named: C2 within residue: .R<MOL 7>
Created a new atom named: H5 within residue: .R<MOL 7>
Created a new atom named: H6 within residue: .R<MOL 7>
Created a new atom named: C3 within residue: .R<MOL 7>
Created a new atom named: H7 within residue: .R<MOL 7>
Created a new atom named: H8 within residue: .R<MOL 7>
Created a new atom named: C4 within residue: .R<MOL 7>
Created a new atom named: H9 within residue: .R<MOL 7>
Created a new atom named: H10 within residue: .R<MOL 7>
Created a new atom named: H11 within residue: .R<MOL 7>
  total atoms in file: 143
  The file contained 143 atoms not in residue templates
> quit
	Quit

Exiting LEaP: Errors = 1; Warnings = 20; Notes = 0.
log started: Tue Sep  7 13:34:11 2021

Log file: ./leap.log
>> #
>> # ----- leaprc for loading the general Amber Force field.
>> #       This file is mostly for use with Antechamber
>> #
>> #	load atom type hybridizations
>> #
>> addAtomTypes {
>> 	{ "h1"  "H" "sp3" }
>> 	{ "h2"  "H" "sp3" }
>> 	{ "h3"  "H" "sp3" }
>> 	{ "h4"  "H" "sp3" }
>> 	{ "h5"  "H" "sp3" }
>> 	{ "ha"  "H" "sp3" }
>> 	{ "hc"  "H" "sp3" }
>> 	{ "hn"  "H" "sp3" }
>> 	{ "ho"  "H" "sp3" }
>> 	{ "hp"  "H" "sp3" }
>> 	{ "hs"  "H" "sp3" }
>> 	{ "hw"  "H" "sp3" }
>> 	{ "hx"  "H" "sp3" }
>> 	{ "o"  "O" "sp2" }
>> 	{ "o2"  "O" "sp2" }
>> 	{ "oh"  "O" "sp3" }
>> 	{ "op"  "O" "sp3" }
>> 	{ "oq"  "O" "sp3" }
>> 	{ "os"  "O" "sp3" }
>> 	{ "ow"  "O" "sp3" }
>> 	{ "c"  "C" "sp2" }
>> 	{ "c1"  "C" "sp2" }
>> 	{ "c2"  "C" "sp2" }
>> 	{ "c3"  "C" "sp3" }
>> 	{ "ca"  "C" "sp2" }
>> 	{ "cc"  "C" "sp2" }
>> 	{ "cd"  "C" "sp2" }
>> 	{ "ce"  "C" "sp2" }
>> 	{ "cf"  "C" "sp2" }
>> 	{ "cg"  "C" "sp2" }
>> 	{ "ch"  "C" "sp2" }
>> 	{ "cp"  "C" "sp2" }
>> 	{ "cq"  "C" "sp2" }
>> 	{ "cu"  "C" "sp2" }
>> 	{ "cv"  "C" "sp2" }
>> 	{ "cx"  "C" "sp2" }
>> 	{ "cy"  "C" "sp2" }
>> 	{ "cz"  "C" "sp2" }
>> 	{ "n"   "N" "sp2" }
>> 	{ "n1"  "N" "sp2" }
>> 	{ "n2"  "N" "sp2" }
>> 	{ "n3"  "N" "sp3" }
>> 	{ "n4"  "N" "sp3" }
>> 	{ "na"  "N" "sp2" }
>> 	{ "nb"  "N" "sp2" }
>> 	{ "nc"  "N" "sp2" }
>> 	{ "nd"  "N" "sp2" }
>> 	{ "ne"  "N" "sp2" }
>> 	{ "nf"  "N" "sp2" }
>> 	{ "nh"  "N" "sp2" }
>> 	{ "ni"  "N" "sp2" }
>> 	{ "nj"  "N" "sp2" }
>> 	{ "nk"  "N" "sp3" }
>> 	{ "nl"  "N" "sp3" }
>> 	{ "nm"  "N" "sp2" }
>> 	{ "nn"  "N" "sp2" }
>> 	{ "no"  "N" "sp2" }
>> 	{ "np"  "N" "sp3" }
>> 	{ "nq"  "N" "sp3" }
>> 	{ "s"   "S" "sp2" }
>> 	{ "s2"   "S" "sp2" }
>> 	{ "s3"   "S" "sp3" }
>> 	{ "s4"   "S" "sp3" }
>> 	{ "s6"   "S" "sp3" }
>> 	{ "sh"   "S" "sp3" }
>> 	{ "sp"   "S" "sp3" }
>> 	{ "sq"   "S" "sp3" }
>> 	{ "ss"   "S" "sp3" }
>> 	{ "sx"   "S" "sp3" }
>> 	{ "sy"   "S" "sp3" }
>> 	{ "p2"   "P" "sp2" }
>> 	{ "p3"   "P" "sp3" }
>> 	{ "p4"   "P" "sp3" }
>> 	{ "p5"   "P" "sp3" }
>> 	{ "pb"   "P" "sp3" }
>> 	{ "pc"   "P" "sp3" }
>> 	{ "pd"   "P" "sp3" }
>> 	{ "pe"   "P" "sp3" }
>> 	{ "pf"   "P" "sp3" }
>> 	{ "px"   "P" "sp3" }
>> 	{ "py"   "P" "sp3" }
>> 	{ "f"   "F" "sp3" }
>> 	{ "cl"  "Cl" "sp3" }
>> 	{ "br"  "Br" "sp3" }
>> 	{ "i"   "I"  "sp3" }
>> }
>> #
>> #	Load the general force field parameter set.
>> #
>> gaff = loadamberparams gaff.dat
Loading parameters: /Users/misspotato/Documents/amber20/dat/leap/parm/gaff.dat
Reading title:
AMBER General Force Field for organic molecules (Version 1.81, May 2017)
> 
> lig=loadpdb guest-acd-1-s.pdb
Loading PDB file: ./guest-acd-1-s.pdb
Matching PDB residue names to LEaP variables.

Warning: Unknown residue: MOL   number: 0   type: Terminal/last
..relaxing end constraints to try for a dbase match

Warning:   -no luck
Creating new UNIT for residue: MOL sequence: 7
Created a new atom named: N1 within residue: .R<MOL 7>
Created a new atom named: H1 within residue: .R<MOL 7>
Created a new atom named: H2 within residue: .R<MOL 7>
Created a new atom named: HN11 within residue: .R<MOL 7>
Created a new atom named: C1 within residue: .R<MOL 7>
Created a new atom named: H3 within residue: .R<MOL 7>
Created a new atom named: H4 within residue: .R<MOL 7>
Created a new atom named: C2 within residue: .R<MOL 7>
Created a new atom named: H5 within residue: .R<MOL 7>
Created a new atom named: H6 within residue: .R<MOL 7>
Created a new atom named: C3 within residue: .R<MOL 7>
Created a new atom named: H7 within residue: .R<MOL 7>
Created a new atom named: H8 within residue: .R<MOL 7>
Created a new atom named: C4 within residue: .R<MOL 7>
Created a new atom named: H9 within residue: .R<MOL 7>
Created a new atom named: H10 within residue: .R<MOL 7>
Created a new atom named: H11 within residue: .R<MOL 7>
  total atoms in file: 17
  The file contained 17 atoms not in residue templates
> charge lig
Total unperturbed charge:   0.000000
Total perturbed charge:     0.000000
> quit
	Quit

Exiting LEaP: Errors = 0; Warnings = 2; Notes = 0.
