
          -------------------------------------------------------
          PBSA VERSION 2019                       UC Irvine
          -------------------------------------------------------

| Run on 09/29/2021 at 22:28:41

File Assignments:
|  MDIN: ../../../scripts/pbsa.in                                              
| MDOUT: complex-pb.out                                                        
|INPCRD: complex.crd                                                           
|  PARM: complex.prmtop                                                        
|

 Here is the input file:

Sample single point PB calculation                                             
&cntrl                                                                         
ipb=1, inp=1                                                                   
/                                                                              
&pb                                                                            
npbverb=1, fillratio=1.5, saopt=1, radiopt=0, epsin=1.0, epsout=80             
/                                                                              
 PBSA Warning in pb_read(): sprob=0.557 is optimized for inp=2 and  should not be used with inp=1. It has been reset to 1.4.
 PBSA Warning in pb_read(): cavity_surften=0.0378 is optimized for inp=2  and should not be used with inp=1. It has been reset to 0.005000.
 PBSA Warning in pb_read(): cavity_offset=-0.5692 is optimized for inp=2  and should not be used with inp=1. It has been reset to 0.000.

--------------------------------------------------------------------------------
   1.  RESOURCE   USE: 
--------------------------------------------------------------------------------

| Flags:                                                                        
| New format PARM file being parsed.
| Version =    1.000 Date = 09/29/21 Time = 22:19:35
 NATOM  =     190 NTYPES =      13 NBONH =      70 MBONA  =     146
 NTHETH =     177 MTHETA =     245 NPHIH =     319 MPHIA  =     554
 NHPARM =       0 NPARM  =       0 NNB   =    1291 NRES   =       2
 NBONA  =     146 NTHETA =     245 NPHIA =     554 NUMBND =      17
 NUMANG =      32 NPTRA  =      20 NATYP =      21 NPHB   =       0
 IFBOX  =       1 NMXRS  =     144 IFCAP =       0 NEXTRA =       0
 NCOPY  =       0


|     Memory Use     Allocated
|     Real                7149
|     Hollerith            574
|     Integer            30217
|     Max Pairs              1
|     Max Rstack             1
|     Max Istack             1
|       Total              176 kbytes

     BOX TYPE: RECTILINEAR

--------------------------------------------------------------------------------
   2.  CONTROL  DATA  FOR  THE  RUN
--------------------------------------------------------------------------------

HST1                                                                            

General flags:
     imin    =       1, nmropt  =       0

Nature and format of input:
     ntx     =       1, irest   =       0, ntrx    =       1

Nature and format of output:
     ntxo    =       1, ntpr    =      50, ntrx    =       1, ntwr    =     500
     iwrap   =       0, ntwx    =       0, ntwv    =       0, ntwe    =       0
     ioutfm  =       0, ntwprt  =       0, idecomp =       0, rbornstat=      0

Potential function:
     ntf     =       1, ntb     =       1, ipb     =       1, nsnb    =      25
     ipol    =       0, gbsa    =       0, iesp    =       0
     dielc   =   1.00000, cut     =   8.00000, intdiel =   1.00000

Frozen or restrained atoms:
     ibelly  =       0, ntr     =       0

Energy minimization:
     maxcyc  =       1, ncyc    =      10, ntmin   =       1
     dx0     =   0.01000, drms    =   0.00010

======== Implicit Solvent Initialization ========

     Max Nonbonded Pairs:    18050    18050

 no. of atoms processed in PB initialization:   190
  NUM  RESI  NAME  TYPE    CHARGE ATM CRG/H   GRP CRG   PB RADI   NP RADI
    1  HST   O1    o    -0.582429 -0.582429  0.221474  1.500000  1.479961
    2  HST   C1    c     0.803903  0.803903 -0.794120  1.700000  1.699835
    3  HST   N1    n    -0.507797 -0.507797  1.089821  1.550000  1.624999
    4  HST   C2    c3    0.235003  0.324106 -0.367382  1.700000  1.699835
    5  HST   C3    c3    0.293003  0.469609 -0.545985  1.700000  1.699835
    6  HST   N2    n    -0.507797 -0.507797  1.089821  1.550000  1.624999
    7  HST   C4    c3    0.235003  0.324106 -0.367382  1.700000  1.699835
    8  HST   C5    c     0.803903  0.803903 -0.793688  1.700000  1.699835
    9  HST   O2    o    -0.581997 -0.581997  0.221906  1.500000  1.479961
   10  HST   N3    n    -0.507797 -0.507797  1.089821  1.550000  1.624999
   11  HST   C6    c3    0.235003  0.324106 -0.367382  1.700000  1.699835
   12  HST   C7    c3    0.293003  0.469609 -0.545985  1.700000  1.699835
   13  HST   N4    n    -0.507797 -0.507797  1.089821  1.550000  1.624999
   14  HST   C8    c3    0.235003  0.324106 -0.367382  1.700000  1.699835
   15  HST   C9    c     0.803903  0.803903 -0.793688  1.700000  1.699835
   16  HST   O3    o    -0.581997 -0.581997  0.221906  1.500000  1.479961
   17  HST   N5    n    -0.507797 -0.507797  1.089821  1.550000  1.624999
   18  HST   C10   c3    0.235003  0.324106 -0.367382  1.700000  1.699835
   19  HST   C11   c3    0.293003  0.469609 -0.545985  1.700000  1.699835
   20  HST   N6    n    -0.507797 -0.507797  1.089821  1.550000  1.624999
   21  HST   C12   c3    0.235003  0.324106 -0.367382  1.700000  1.699835
   22  HST   C13   c     0.803903  0.803903 -0.793688  1.700000  1.699835
   23  HST   O4    o    -0.581997 -0.581997  0.221906  1.500000  1.479961
   24  HST   N7    n    -0.507797 -0.507797  1.089821  1.550000  1.624999
   25  HST   C14   c3    0.235003  0.324106 -0.367382  1.700000  1.699835
   26  HST   C15   c3    0.293003  0.469609 -0.545985  1.700000  1.699835
   27  HST   N8    n    -0.507797 -0.507797  1.089821  1.550000  1.624999
   28  HST   C16   c3    0.235003  0.324106 -0.367382  1.700000  1.699835
   29  HST   C17   c     0.803903  0.803903 -0.793688  1.700000  1.699835
   30  HST   O5    o    -0.581997 -0.581997  0.221906  1.500000  1.479961
   31  HST   N9    n    -0.507797 -0.507797  1.089821  1.550000  1.624999
   32  HST   C18   c3    0.235003  0.324106 -0.367382  1.700000  1.699835
   33  HST   C19   c3    0.293003  0.469609 -0.545985  1.700000  1.699835
   34  HST   N10   n    -0.507797 -0.507797  1.089821  1.550000  1.624999
   35  HST   C20   c3    0.235003  0.324106 -0.367382  1.700000  1.699835
   36  HST   C21   c     0.803903  0.803903 -0.793688  1.700000  1.699835
   37  HST   O6    o    -0.581997 -0.581997  0.221906  1.500000  1.479961
   38  HST   N11   n    -0.507797 -0.507797  1.089821  1.550000  1.624999
   39  HST   C22   c3    0.235003  0.324106 -0.367382  1.700000  1.699835
   40  HST   C23   c3    0.293003  0.469609 -0.545985  1.700000  1.699835
   41  HST   N12   n    -0.507797 -0.507797  1.089821  1.550000  1.624999
   42  HST   C24   c3    0.235003  0.324106 -0.367382  1.700000  1.699835
   43  HST   C25   c     0.803903  0.803903 -0.793688  1.700000  1.699835
   44  HST   O7    o    -0.581997 -0.581997  0.221906  1.500000  1.479961
   45  HST   N13   n    -0.507797 -0.507797  1.089821  1.550000  1.624999
   46  HST   C26   c3    0.235003  0.324106 -0.367382  1.700000  1.699835
   47  HST   C27   c3    0.293003  0.469609 -0.545985  1.700000  1.699835
   48  HST   N14   n    -0.507797 -0.507797  1.089821  1.550000  1.624999
   49  HST   C28   c3    0.235003  0.324106 -0.367382  1.700000  1.699835
   50  HST   C29   c     0.803903  0.803903 -0.793688  1.700000  1.699835
   51  HST   O8    o    -0.581997 -0.581997  0.221906  1.500000  1.479961
   52  HST   N15   n    -0.507797 -0.507797  1.089821  1.550000  1.624999
   53  HST   C30   c3    0.293003  0.469609 -0.545985  1.700000  1.699835
   54  HST   C31   c3    0.235003  0.324106 -0.367382  1.700000  1.699835
   55  HST   N16   n    -0.507797 -0.507797  1.089821  1.550000  1.624999
   56  HST   C32   c3    0.235003  0.324106 -0.367382  1.700000  1.699835
   57  HST   N17   n    -0.507797 -0.507797  1.089821  1.550000  1.624999
   58  HST   C33   c3    0.293003  0.469609 -0.545985  1.700000  1.699835
   59  HST   C34   c     0.803903  0.803903 -0.793688  1.700000  1.699835
   60  HST   O9    o    -0.581997 -0.581997  0.221906  1.500000  1.479961
   61  HST   N18   n    -0.507797 -0.507797  1.089821  1.550000  1.624999
   62  HST   C35   c3    0.293003  0.469609 -0.545985  1.700000  1.699835
   63  HST   N19   n    -0.507797 -0.507797  1.089821  1.550000  1.624999
   64  HST   C36   c     0.803903  0.803903 -0.793688  1.700000  1.699835
   65  HST   O10   o    -0.581997 -0.581997  0.221906  1.500000  1.479961
   66  HST   N20   n    -0.507797 -0.507797  1.089821  1.550000  1.624999
   67  HST   C37   c3    0.293003  0.469609 -0.545985  1.700000  1.699835
   68  HST   N21   n    -0.507797 -0.507797  1.089821  1.550000  1.624999
   69  HST   C38   c     0.803903  0.803903 -0.793688  1.700000  1.699835
   70  HST   O11   o    -0.581997 -0.581997  0.221906  1.500000  1.479961
   71  HST   N22   n    -0.507797 -0.507797  1.089821  1.550000  1.624999
   72  HST   C39   c3    0.293003  0.469609 -0.545985  1.700000  1.699835
   73  HST   N23   n    -0.507797 -0.507797  1.089821  1.550000  1.624999
   74  HST   C40   c     0.803903  0.803903 -0.793688  1.700000  1.699835
   75  HST   O12   o    -0.581997 -0.581997  0.221906  1.500000  1.479961
   76  HST   N24   n    -0.507797 -0.507797  1.089821  1.550000  1.624999
   77  HST   C41   c3    0.293003  0.469609 -0.545985  1.700000  1.699835
   78  HST   N25   n    -0.507797 -0.507797  1.089821  1.550000  1.624999
   79  HST   C42   c     0.803903  0.803903 -0.793688  1.700000  1.699835
   80  HST   O13   o    -0.581997 -0.581997  0.221906  1.500000  1.479961
   81  HST   N26   n    -0.507797 -0.507797  1.089821  1.550000  1.624999
   82  HST   C43   c3    0.293003  0.469609 -0.545985  1.700000  1.699835
   83  HST   N27   n    -0.507797 -0.507797  1.089821  1.550000  1.624999
   84  HST   C44   c     0.803903  0.803903 -0.793688  1.700000  1.699835
   85  HST   O14   o    -0.581997 -0.581997  0.221906  1.500000  1.479961
   86  HST   N28   n    -0.507797 -0.507797  1.089821  1.550000  1.624999
   87  HST   C45   c3    0.293003  0.469609 -0.545985  1.700000  1.699835
   88  HST   N29   n    -0.507797 -0.507797  1.089821  1.550000  1.624999
   89  HST   C46   c     0.803903  0.803903 -0.793688  1.700000  1.699835
   90  HST   O15   o    -0.581997 -0.581997  0.221906  1.500000  1.479961
   91  HST   N30   n    -0.507797 -0.507797  1.089821  1.550000  1.624999
   92  HST   C47   c3    0.293003  0.469609 -0.545985  1.700000  1.699835
   93  HST   N31   n    -0.507797 -0.507797  1.089821  1.550000  1.624999
   94  HST   C48   c     0.803903  0.803903 -0.793688  1.700000  1.699835
   95  HST   N32   n    -0.507797 -0.507797  1.089821  1.550000  1.624999
   96  HST   O16   o    -0.581997 -0.581997  0.221906  1.500000  1.479961
   97  HST   H1    h2    0.089103  0.089103  0.089103  1.300000  1.146587
   98  HST   H2    h2    0.088303  0.088303  0.088303  1.300000  1.146587
   99  HST   H3    h2    0.088303  0.088303  0.088303  1.300000  1.146587
  100  HST   H4    h2    0.089103  0.089103  0.089103  1.300000  1.146587
  101  HST   H5    h2    0.089103  0.089103  0.089103  1.300000  1.146587
  102  HST   H6    h2    0.088303  0.088303  0.088303  1.300000  1.146587
  103  HST   H7    h2    0.088303  0.088303  0.088303  1.300000  1.146587
  104  HST   H8    h2    0.089103  0.089103  0.089103  1.300000  1.146587
  105  HST   H9    h2    0.089103  0.089103  0.089103  1.300000  1.146587
  106  HST   H10   h2    0.088303  0.088303  0.088303  1.300000  1.146587
  107  HST   H11   h2    0.088303  0.088303  0.088303  1.300000  1.146587
  108  HST   H12   h2    0.089103  0.089103  0.089103  1.300000  1.146587
  109  HST   H13   h2    0.089103  0.089103  0.089103  1.300000  1.146587
  110  HST   H14   h2    0.088303  0.088303  0.088303  1.300000  1.146587
  111  HST   H15   h2    0.088303  0.088303  0.088303  1.300000  1.146587
  112  HST   H16   h2    0.089103  0.089103  0.089103  1.300000  1.146587
  113  HST   H17   h2    0.089103  0.089103  0.089103  1.300000  1.146587
  114  HST   H18   h2    0.088303  0.088303  0.088303  1.300000  1.146587
  115  HST   H19   h2    0.088303  0.088303  0.088303  1.300000  1.146587
  116  HST   H20   h2    0.089103  0.089103  0.089103  1.300000  1.146587
  117  HST   H21   h2    0.089103  0.089103  0.089103  1.300000  1.146587
  118  HST   H22   h2    0.088303  0.088303  0.088303  1.300000  1.146587
  119  HST   H23   h2    0.088303  0.088303  0.088303  1.300000  1.146587
  120  HST   H24   h2    0.089103  0.089103  0.089103  1.300000  1.146587
  121  HST   H25   h2    0.089103  0.089103  0.089103  1.300000  1.146587
  122  HST   H26   h2    0.088303  0.088303  0.088303  1.300000  1.146587
  123  HST   H27   h2    0.088303  0.088303  0.088303  1.300000  1.146587
  124  HST   H28   h2    0.089103  0.089103  0.089103  1.300000  1.146587
  125  HST   H29   h2    0.088303  0.088303  0.088303  1.300000  1.146587
  126  HST   H30   h2    0.088303  0.088303  0.088303  1.300000  1.146587
  127  HST   H31   h2    0.089103  0.089103  0.089103  1.300000  1.146587
  128  HST   H32   h2    0.089103  0.089103  0.089103  1.300000  1.146587
  129  HST   H33   h2    0.088303  0.088303  0.088303  1.300000  1.146587
  130  HST   H34   h2    0.088303  0.088303  0.088303  1.300000  1.146587
  131  HST   H35   h2    0.088303  0.088303  0.088303  1.300000  1.146587
  132  HST   H36   h2    0.088303  0.088303  0.088303  1.300000  1.146587
  133  HST   H37   h2    0.088303  0.088303  0.088303  1.300000  1.146587
  134  HST   H38   h2    0.088303  0.088303  0.088303  1.300000  1.146587
  135  HST   H39   h2    0.088303  0.088303  0.088303  1.300000  1.146587
  136  HST   H40   h2    0.088303  0.088303  0.088303  1.300000  1.146587
  137  HST   H41   h2    0.088303  0.088303  0.088303  1.300000  1.146587
  138  HST   H42   h2    0.088303  0.088303  0.088303  1.300000  1.146587
  139  HST   H43   h2    0.088303  0.088303  0.088303  1.300000  1.146587
  140  HST   H44   h2    0.088303  0.088303  0.088303  1.300000  1.146587
  141  HST   H45   h2    0.088303  0.088303  0.088303  1.300000  1.146587
  142  HST   H46   h2    0.088303  0.088303  0.088303  1.300000  1.146587
  143  HST   H47   h2    0.088303  0.088303  0.088303  1.300000  1.146587
  144  HST   H48   h2    0.088303  0.088303  0.088303  1.300000  1.146587
  145  GST   C1    cg    0.209400  0.209400 -0.099600  1.700000  1.699835
  146  GST   C2    ca   -0.088400  0.071000  0.119000  1.700000  1.699835
  147  GST   C3    ca   -0.107500  0.040300  0.001500  1.700000  1.699835
  148  GST   C4    ca   -0.088500  0.051700 -0.077600  1.700000  1.699835
  149  GST   C5    ca   -0.088500  0.051700 -0.077600  1.700000  1.699835
  150  GST   C6    ca   -0.166200 -0.005400  0.196300  1.700000  1.699835
  151  GST   C7    ca   -0.166200 -0.005400  0.196300  1.700000  1.699835
  152  GST   C8    ca   -0.068300  0.094700 -0.021600  1.700000  1.699835
  153  GST   C9    ca    0.007700  0.007700  0.382800  1.700000  1.699835
  154  GST   C10   ca   -0.123900 -0.123900  0.242500  1.700000  1.699835
  155  GST   C11   ca   -0.109800 -0.109800  0.069500  1.700000  1.699835
  156  GST   C12   ca   -0.124000 -0.124000  0.174200  1.700000  1.699835
  157  GST   C13   ca    0.150000  0.150000  0.015400  1.700000  1.699835
  158  GST   C14   c3    0.171500  0.313300 -0.237000  1.700000  1.699835
  159  GST   C15   c3    0.263000  0.263000 -0.352400  1.700000  1.699835
  160  GST   C16   c3    0.079400  0.400100  0.171800  1.700000  1.699835
  161  GST   C17   c3    0.079400  0.400100  0.171800  1.700000  1.699835
  162  GST   C18   c3   -0.082800  0.044600  0.355600  1.700000  1.699835
  163  GST   C19   c3   -0.114800  0.048000  0.410600  1.700000  1.699835
  164  GST   C20   c3    0.112400  0.318000  0.137700  1.700000  1.699835
  165  GST   N1    n1   -0.316700 -0.316700 -0.107300  1.550000  1.624999
  166  GST   N2    n4   -0.679800 -0.228300  0.889900  1.550000  1.624999
  167  GST   O1    os   -0.426300 -0.426300  0.150000  1.500000  1.500006
  168  GST   F1    f    -0.123800 -0.123800  0.026200  1.500000  1.559073
  169  GST   H1    ha    0.159400  0.159400  0.159400  1.300000  1.299821
  170  GST   H2    ha    0.147800  0.147800  0.147800  1.300000  1.299821
  171  GST   H3    ha    0.140200  0.140200  0.140200  1.300000  1.299821
  172  GST   H4    ha    0.140200  0.140200  0.140200  1.300000  1.299821
  173  GST   H5    ha    0.160800  0.160800  0.160800  1.300000  1.299821
  174  GST   H6    ha    0.160800  0.160800  0.160800  1.300000  1.299821
  175  GST   H7    ha    0.163000  0.163000  0.163000  1.300000  1.299821
  176  GST   H8    h1    0.070900  0.070900  0.070900  1.300000  1.235677
  177  GST   H9    h1    0.070900  0.070900  0.070900  1.300000  1.235677
  178  GST   H10   hx    0.106900  0.106900  0.106900  1.300000  0.979989
  179  GST   H11   hx    0.106900  0.106900  0.106900  1.300000  0.979989
  180  GST   H12   hx    0.106900  0.106900  0.106900  1.300000  0.979989
  181  GST   H13   hx    0.106900  0.106900  0.106900  1.300000  0.979989
  182  GST   H14   hx    0.106900  0.106900  0.106900  1.300000  0.979989
  183  GST   H15   hx    0.106900  0.106900  0.106900  1.300000  0.979989
  184  GST   H16   hc    0.063700  0.063700  0.063700  1.300000  1.324766
  185  GST   H17   hc    0.063700  0.063700  0.063700  1.300000  1.324766
  186  GST   H18   hc    0.081400  0.081400  0.081400  1.300000  1.324766
  187  GST   H19   hc    0.081400  0.081400  0.081400  1.300000  1.324766
  188  GST   H20   hx    0.102800  0.102800  0.102800  1.300000  0.979989
  189  GST   H21   hx    0.102800  0.102800  0.102800  1.300000  0.979989
  190  GST   H22   hn    0.451500  0.451500  0.451500  1.300000  0.534539

 total system charges (+/-) for PB        1.0000       29.4374      -28.4374
 cavity_surften =        0.0050 cavity_offset =        0.0000

   SAS Surface: surface dots generated:    366

--------------------------------------------------------------------------------
   3.  ATOMIC COORDINATES AND VELOCITIES
--------------------------------------------------------------------------------

Cpptraj Generated Restart                                                       
 begin time read from input coords =     0.000 ps

 Number of triangulated 3-point waters found:        0

--------------------------------------------------------------------------------
   4.  RESULTS
--------------------------------------------------------------------------------

  NB-update: atom-based nb list    10635


======== Setting up Grid Parameters ========
Using bounding box for grid setup
 Bounding Box at level:           2
 Bounding Box Center:      22.500    22.500    23.000
 Xmin, Xmax, Xmax-Xmin:    13.638    30.913    17.275
 Ymin, Ymax, Ymax-Ymin:    13.576    31.742    18.166
 Zmin, Zmax, Zmax-Zmin:    15.957    29.828    13.871
 Grid dimension at level     2    53   55   47
 Grid origin corrected at level     2      9.000     8.500    11.000
 Bounding Box at level:           1
 Bounding Box Center:      22.500    22.500    23.000
 Xmin, Xmax, Xmax-Xmin:    13.638    30.913    17.275
 Ymin, Ymax, Ymax-Ymin:    13.576    31.742    18.166
 Zmin, Zmax, Zmax-Zmin:    15.957    29.828    13.871
PB Warn in setgrd(): focusing grid too large    2
 fillratio is automatically increased to 2.500
 Grid dimension at level     1    13   13   11
 Grid origin corrected at level     1     -5.500    -5.500    -1.000
------- VMD goodie --------
#First Level Geometric Box
draw materials off
draw color green
draw line "   -5.500   -5.500   -1.000" "   46.500   -5.500   -1.000"
draw line "   -5.500   -5.500   -1.000" "   -5.500   46.500   -1.000"
draw line "   -5.500   -5.500   -1.000" "   -5.500   -5.500   43.000"
draw line "   46.500   -5.500   -1.000" "   46.500   46.500   -1.000"
draw line "   46.500   -5.500   -1.000" "   46.500   -5.500   43.000"
draw line "   -5.500   46.500   -1.000" "   46.500   46.500   -1.000"
draw line "   -5.500   46.500   -1.000" "   -5.500   46.500   43.000"
draw line "   -5.500   -5.500   43.000" "   46.500   -5.500   43.000"
draw line "   -5.500   -5.500   43.000" "   -5.500   46.500   43.000"
draw line "   46.500   46.500   43.000" "   46.500   46.500   -1.000"
draw line "   46.500   46.500   43.000" "   -5.500   46.500   43.000"
draw line "   46.500   46.500   43.000" "   46.500   -5.500   43.000"
#2nd Level Geometric Box
draw color blue
draw line "    9.000    8.500   11.000" "   36.000    8.500   11.000"
draw line "    9.000    8.500   11.000" "    9.000   36.500   11.000"
draw line "    9.000    8.500   11.000" "    9.000    8.500   35.000"
draw line "   36.000    8.500   11.000" "   36.000   36.500   11.000"
draw line "   36.000    8.500   11.000" "   36.000    8.500   35.000"
draw line "    9.000   36.500   11.000" "   36.000   36.500   11.000"
draw line "    9.000   36.500   11.000" "    9.000   36.500   35.000"
draw line "    9.000    8.500   35.000" "   36.000    8.500   35.000"
draw line "    9.000    8.500   35.000" "    9.000   36.500   35.000"
draw line "   36.000   36.500   35.000" "   36.000   36.500   11.000"
draw line "   36.000   36.500   35.000" "    9.000   36.500   35.000"
draw line "   36.000   36.500   35.000" "   36.000    8.500   35.000"
--- End VMD goodie --------

======== Setting up Solvent Accessibility Data ========
Setting up working radii
Number of SA srf points exposed  4649
 Number of SA arcs generated  4483
 Number of SA arc points exposed        3294 Number of trimer arc points exposed         430
 with resolution (A) = .250000E+00

Atomic solvent accessible surface area:
           1   10.3950665770584
           2    3.2995306449178
           3    0.0000000000000
           4    0.0000000000000
           5    0.6599061289836
           6    0.0000000000000
           7    0.0000000000000
           8    3.9594367739014
           9    8.0850517821566
          10    0.0000000000000
          11    0.0000000000000
          12    0.9898591934753
          13    0.0000000000000
          14    0.0000000000000
          15    3.2995306449178
          16    0.8662555480882
          17    0.0000000000000
          18    0.0000000000000
          19    0.9898591934753
          20    0.0000000000000
          21    0.0000000000000
          22    2.6396245159342
          23    0.2887518493627
          24    0.0000000000000
          25    0.0000000000000
          26    0.6599061289836
          27    0.2987946455504
          28    0.0000000000000
          29    3.2995306449178
          30    8.9513073302448
          31    0.0000000000000
          32    0.0000000000000
          33    0.6599061289836
          34    0.0000000000000
          35    0.0000000000000
          36    4.9492959673767
          37    7.2187962340683
          38    0.2987946455504
          39    0.0000000000000
          40    0.3299530644918
          41    0.2987946455504
          42    0.0000000000000
          43    6.5990612898356
          44    6.6412925353429
          45    0.2987946455504
          46    0.0000000000000
          47    0.9898591934753
          48    0.2987946455504
          49    0.0000000000000
          50    5.2792490318685
          51    7.5075480834311
          52    0.0000000000000
          53    1.3198122579671
          54    0.0000000000000
          55    0.0000000000000
          56    0.0000000000000
          57    0.0000000000000
          58    1.3198122579671
          59    3.2995306449178
          60   19.3463739073032
          61    0.0000000000000
          62    0.6599061289836
          63    0.0000000000000
          64    2.9695775804260
          65   17.6138628111268
          66    0.0000000000000
          67    0.9898591934753
          68    0.0000000000000
          69    3.2995306449178
          70   16.4588554136758
          71    0.0000000000000
          72    0.9898591934753
          73    0.0000000000000
          74    3.2995306449178
          75   13.8600887694112
          76    0.0000000000000
          77    0.6599061289836
          78    0.0000000000000
          79    2.9695775804260
          80   11.2613221251466
          81    0.2987946455504
          82    0.9898591934753
          83    0.0000000000000
          84    3.6294837094096
          85   13.8600887694112
          86    0.0000000000000
          87    0.6599061289836
          88    0.0000000000000
          89    6.5990612898356
          90   19.3463739073032
          91    0.0000000000000
          92    0.9898591934753
          93    0.0000000000000
          94    5.9391551608520
          95    0.0000000000000
          96   19.3463739073032
          97   14.2669507688106
          98   10.0118952763583
          99   19.7734931708076
         100   15.5184376783554
         101   16.0190324421733
         102   11.0130848039941
         103   16.7699245879001
         104   16.0190324421733
         105   16.2693298240822
         106    0.5005947638179
         107   18.0214114974449
         108   16.2693298240822
         109   15.0178429145374
         110   18.5220062612628
         111    9.5113005125404
         112   16.0190324421733
         113   14.2669507688106
         114   18.2717088793539
         115   10.2621926582673
         116   14.5172481507195
         117   15.2681402964464
         118   18.7723036431718
         119   11.0130848039941
         120   15.5184376783554
         121   16.2693298240822
         122   18.5220062612628
         123   13.0154638592658
         124   16.5196272059912
         125   10.5124900401762
         126   18.2717088793539
         127   16.0190324421733
         128   15.7687350602643
         129   17.7711141155360
         130   12.5148690954479
         131   18.5220062612628
         132    9.7615978944493
         133   17.7711141155360
         134   11.7639769497210
         135   18.0214114974449
         136   12.7651664773568
         137   11.7639769497210
         138   19.0226010250808
         139   11.0130848039941
         140   18.5220062612628
         141   11.0130848039941
         142   18.2717088793539
         143   12.7651664773568
         144   17.7711141155360
         145    2.9695775804260
         146    1.3198122579671
         147    0.9898591934753
         148    0.9898591934753
         149    1.9797183869507
         150    1.6497653224589
         151    4.6193429028849
         152    3.2995306449178
         153    0.9898591934753
         154    0.9898591934753
         155    0.6599061289836
         156    1.9797183869507
         157    3.2995306449178
         158    0.0000000000000
         159    0.0000000000000
         160    3.2995306449178
         161    2.9695775804260
         162    0.0000000000000
         163    0.0000000000000
         164    0.0000000000000
         165   38.8433039215571
         166    0.0000000000000
         167    0.0000000000000
         168   32.3402071286262
         169    0.0000000000000
         170    0.0000000000000
         171    0.0000000000000
         172    0.2502973819090
         173   10.0118952763583
         174   12.5148690954479
         175    4.2550554924523
         176    0.0000000000000
         177    1.2514869095448
         178   22.2764669898972
         179   20.7746826984435
         180   13.7663560049927
         181   21.5255748441703
         182    1.0011895276358
         183   16.5196272059912
         184    0.0000000000000
         185    0.0000000000000
         186    1.7520816733627
         187    5.0059476381791
         188    1.0011895276358
         189   17.0202219698091
         190    0.0000000000000

 ======== FDPB Summary ========

 Do FDPB every           1 steps
 Nonbonded Update
   residue cutoff is set to   99.9000000000000
   fdpb cutoff is set to    5.0000000000000
   sas cutoff is set to    9.0000000000000
   nonbonded cutoff is set to    0.0000000000000
 Grid Constants
   Grid dimension      13      13      11
   Grid spacing set to     4.000
   Grid boundary
        -5.500    50.500
        -5.500    50.500
        -1.000    47.000

 Dielectric Map
   Use cavity radii in the prmtop file

   Use probe-based SES definition
     Compute SAS/SAR every           1 steps
     Solvent probe radius   1.40000000000000
     Surface dots per atom     366
     Buried atom radii increment   0.79800000000000
     Threshhold for exposed atom   0.08000000000000
     Current SAS1225.48997282873711

 Boundary conditions
   sum of grid charges as independent DH spheres

 Physical constants
   Solute dielectric constant  :   1.00000000000000
   Solvent dielectric constant :   80.0000000000000
   Temperature (K)             :   300.000000000000
   Ionic strength (mM)         :   0.00000000000000
   Debye-Huckel parameter (1/A):   0.00000000000000

FD Solver Option
   Use Modified ICCG solver

 Iteration data
   Maximum iterations  :         100
   Convergence criteria:  1.000000000000000E-03
   Iterations required        :     8
   Norm of the constant vector:       848.7615360402
   Norm of the residual vector:      0.2870269252384
   Convergence achieved       :  3.3817145694122261E-04

 Total molecular surface    941.0919

 ======== FDPB Summary ========

 Do FDPB every           1 steps
 Nonbonded Update
   residue cutoff is set to   99.9000000000000
   fdpb cutoff is set to    5.0000000000000
   sas cutoff is set to    9.0000000000000
   nonbonded cutoff is set to    0.0000000000000
 Grid Constants
   Grid dimension      53      55      47
   Grid spacing set to     0.500
   Grid boundary
         9.000    36.000
         8.500    36.500
        11.000    35.000

 Dielectric Map
   Use cavity radii in the prmtop file

   Use probe-based SES definition
     Compute SAS/SAR every           1 steps
     Solvent probe radius   1.40000000000000
     Surface dots per atom     366
     Buried atom radii increment   0.79800000000000
     Threshhold for exposed atom   0.08000000000000
     Current SAS1225.48997282873711

 Boundary conditions
   sum of grid charges as independent DH spheres

 Physical constants
   Solute dielectric constant  :   1.00000000000000
   Solvent dielectric constant :   80.0000000000000
   Temperature (K)             :   300.000000000000
   Ionic strength (mM)         :   0.00000000000000
   Debye-Huckel parameter (1/A):   0.00000000000000

FD Solver Option
   Use Modified ICCG solver

 Iteration data
   Maximum iterations  :         100
   Convergence criteria:  1.000000000000000E-03
   Iterations required        :    20
   Norm of the constant vector:    228392.2501324897
   Norm of the residual vector:    192.0493143016247
   Convergence achieved       :  8.4087491668485891E-04

 Total surface charge      -0.9869
 Reaction field energy   -176.0102
 Nonpolar SAS/SAV   1225.4900      0.0000
 Cavity solvation energy      6.1274

 NSTEP =        1   TIME(PS) =       0.000  TEMP(K) =     0.00  PRESS =     0.0
 Etot   =      3051.9894  EKtot   =         0.0000  EPtot      =         0.0000
 BOND   =         0.0000  ANGLE   =         0.0000  DIHED      =         0.0000
 1-4 NB =         0.0000  1-4 EEL =         0.0000  VDWAALS    =      1550.8880
 EELEC  =      1670.9842  EPB     =      -176.0102  RESTRAINT  =         0.0000
 ECAVITY=         6.1274  EDISPER =         0.0000
 ------------------------------------------------------------------------------



  Maximum number of minimization cycles reached.


                    FINAL RESULTS


 NSTEP =        1   TIME(PS) =       0.000  TEMP(K) =     0.00  PRESS =     0.0
 Etot   =      3051.9894  EKtot   =         0.0000  EPtot      =         0.0000
 BOND   =         0.0000  ANGLE   =         0.0000  DIHED      =         0.0000
 1-4 NB =         0.0000  1-4 EEL =         0.0000  VDWAALS    =      1550.8880
 EELEC  =      1670.9842  EPB     =      -176.0102  RESTRAINT  =         0.0000
 ECAVITY=         6.1274  EDISPER =         0.0000
 ------------------------------------------------------------------------------


--------------------------------------------------------------------------------
   5.  TIMINGS
--------------------------------------------------------------------------------

| Total time                     0.17
| Read prm/crd time              0.00
| Force time                     0.17
| Nonbond force                  0.17
| PB Nonbond                     0.17
| PB FD grid                     0.00
| PB Sasa                        0.03
| PB FD force                    0.17
| PB Set linear sys              0.07
| PB Solver                      0.10
| PB SA srf                      0.00
| PB SA arc                      0.03
| PB SA arc setup                0.00
| PB circle                      0.02
| PB exclude                     0.01
| PB exmol                       0.07
| PB exmol setup                 0.00
| PB exmol part b                0.01
| PB exmol part c                0.00
| PB exmol part d                0.00
| PB exmol part e                0.00
| PB exmol part f                0.02
| PB epsmap                      0.00
|           Job began  at 22:28:41.141  on 09/29/2021
|           Setup done at 22:28:41.145  on 09/29/2021
|           Run   done at 22:28:41.315  on 09/29/2021
|     wallclock() was called     110 times
