
          -------------------------------------------------------
          GBNSR6 2015                       
          -------------------------------------------------------

| Run on 09/29/2021 at 22:25:31

File Assignments:
|  MDIN: ../../../scripts/gbnsr6.in                                            
| MDOUT: complex-gb.out                                                        
|INPCRD: complex.crd                                                           
|  PARM: complex.prmtop                                                        
|

 Here is the input file:

compute                                                                        
&cntrl                                                                         
inp=1                                                                          
/                                                                              
&gb                                                                            
epsin=1.0, epsout=80, istrng=0, space=0.5,                                     
arcres=0.2, B=0.028, alpb=1, rbornstat=0, cavity_surften=0.005                 
/                                                                              

--------------------------------------------------------------------------------
   1.  RESOURCE   USE: 
--------------------------------------------------------------------------------

| Flags:                                                                        
| New format PARM file being parsed.
| Version =    1.000 Date = 09/29/21 Time = 22:19:39
 NATOM  =     213 NTYPES =       7 NBONH =      73 MBONA  =     159
 NTHETH =     166 MTHETA =     237 NPHIH =     379 MPHIA  =     374
 NHPARM =       0 NPARM  =       0 NNB   =    1253 NRES   =       2
 NBONA  =     159 NTHETA =     237 NPHIA =     374 NUMBND =      14
 NUMANG =      28 NPTRA  =      19 NATYP =      14 NPHB   =       0
 IFBOX  =       1 NMXRS  =     184 IFCAP =       0 NEXTRA =       0
 NCOPY  =       0


|     Memory Use     Allocated
|     Real                7979
|     Hollerith           1282
|     Integer            27537
|     Max Pairs              1
|     Max Rstack             1
|     Max Istack             1
|       Total              174 kbytes

| Note: 1-4 EEL scale factors are being read from the topology file.

     BOX TYPE: RECTILINEAR

--------------------------------------------------------------------------------
   2.  ATOMIC COORDINATES AND VELOCITIES
--------------------------------------------------------------------------------

Cpptraj Generated Restart                                                       
 begin time read from input coords =     0.000 ps

 Number of triangulated 3-point waters found:        0

--------------------------------------------------------------------------------
   3.  RESULTS
--------------------------------------------------------------------------------

 Cavity solvation energy      8.0500

 NSTEP =        1   TIME(PS) =       0.000  TEMP(K) =     0.00  PRESS =     0.0
 Etot   =      -879.2811  EKtot   =         0.0000  EPtot      =         0.0000
 BOND   =         0.0000  ANGLE   =         0.0000  DIHED      =         0.0000
 1-4 NB =         0.0000  1-4 EEL =        48.6110  VDWAALS    =         0.0000
 EELEC  =       788.2115  EGB     =     -1724.1536  RESTRAINT  =         0.0000
 ESURF  =         8.0500
 ------------------------------------------------------------------------------



  Maximum number of minimization cycles reached.


                    FINAL RESULTS


 NSTEP =        1   TIME(PS) =       0.000  TEMP(K) =     0.00  PRESS =     0.0
 Etot   =      -879.2811  EKtot   =         0.0000  EPtot      =         0.0000
 BOND   =         0.0000  ANGLE   =         0.0000  DIHED      =         0.0000
 1-4 NB =         0.0000  1-4 EEL =        48.6110  VDWAALS    =         0.0000
 EELEC  =       788.2115  EGB     =     -1724.1536  RESTRAINT  =         0.0000
 ESURF  =         8.0500
 ------------------------------------------------------------------------------

|           Job began  at 22:25:31.574  on 09/29/2021
|           Setup done at 22:25:31.578  on 09/29/2021
|           Run   done at 22:25:31.699  on 09/29/2021
|     wallclock() was called      72 times
