
          -------------------------------------------------------
          PBSA VERSION 2019                       UC Irvine
          -------------------------------------------------------

| Run on 09/29/2021 at 22:28:49

File Assignments:
|  MDIN: ../../../scripts/pbsa.in                                              
| MDOUT: guest-pb.out                                                          
|INPCRD: guest.crd                                                             
|  PARM: guest.prmtop                                                          
|

 Here is the input file:

Sample single point PB calculation                                             
&cntrl                                                                         
ipb=1, inp=1                                                                   
/                                                                              
&pb                                                                            
npbverb=1, fillratio=1.5, saopt=1, radiopt=0, epsin=1.0, epsout=80             
/                                                                              
 PBSA Warning in pb_read(): sprob=0.557 is optimized for inp=2 and  should not be used with inp=1. It has been reset to 1.4.
 PBSA Warning in pb_read(): cavity_surften=0.0378 is optimized for inp=2  and should not be used with inp=1. It has been reset to 0.005000.
 PBSA Warning in pb_read(): cavity_offset=-0.5692 is optimized for inp=2  and should not be used with inp=1. It has been reset to 0.000.

--------------------------------------------------------------------------------
   1.  RESOURCE   USE: 
--------------------------------------------------------------------------------

| Flags:                                                                        
| New format PARM file being parsed.
| Version =    1.000 Date = 09/29/21 Time = 22:19:39
 NATOM  =      29 NTYPES =       5 NBONH =      17 MBONA  =      11
 NTHETH =      38 MTHETA =      13 NPHIH =      79 MPHIA  =      18
 NHPARM =       0 NPARM  =       0 NNB   =     146 NRES   =       1
 NBONA  =      11 NTHETA =      13 NPHIA =      18 NUMBND =       7
 NUMANG =      13 NPTRA  =      15 NATYP =      14 NPHB   =       0
 IFBOX  =       1 NMXRS  =      29 IFCAP =       0 NEXTRA =       0
 NCOPY  =       0


|     Memory Use     Allocated
|     Real                1111
|     Hollerith             90
|     Integer            21210
|     Max Pairs              1
|     Max Rstack             1
|     Max Istack             1
|       Total               91 kbytes

     BOX TYPE: RECTILINEAR

--------------------------------------------------------------------------------
   2.  CONTROL  DATA  FOR  THE  RUN
--------------------------------------------------------------------------------

HST1                                                                            

General flags:
     imin    =       1, nmropt  =       0

Nature and format of input:
     ntx     =       1, irest   =       0, ntrx    =       1

Nature and format of output:
     ntxo    =       1, ntpr    =      50, ntrx    =       1, ntwr    =     500
     iwrap   =       0, ntwx    =       0, ntwv    =       0, ntwe    =       0
     ioutfm  =       0, ntwprt  =       0, idecomp =       0, rbornstat=      0

Potential function:
     ntf     =       1, ntb     =       1, ipb     =       1, nsnb    =      25
     ipol    =       0, gbsa    =       0, iesp    =       0
     dielc   =   1.00000, cut     =   8.00000, intdiel =   1.00000

Frozen or restrained atoms:
     ibelly  =       0, ntr     =       0

Energy minimization:
     maxcyc  =       1, ncyc    =      10, ntmin   =       1
     dx0     =   0.01000, drms    =   0.00010

======== Implicit Solvent Initialization ========

     Max Nonbonded Pairs:      421      421

 no. of atoms processed in PB initialization:    29
  NUM  RESI  NAME  TYPE    CHARGE ATM CRG/H   GRP CRG   PB RADI   NP RADI
    1  GST   C1    c2   -0.140416 -0.026819 -0.139831  1.700000  1.699835
    2  GST   C2    c2   -0.149503 -0.149503 -0.082146  1.700000  1.699835
    3  GST   C3    c     0.906997  0.906997 -0.947318  1.700000  1.699835
    4  GST   C4    c3   -0.051603  0.047088 -0.102415  1.700000  1.699835
    5  GST   C5    c3   -0.051603  0.047088 -0.102415  1.700000  1.699835
    6  GST   C6    c3   -0.086303 -0.014612 -0.016218  1.700000  1.699835
    7  GST   C7    c3   -0.051303  0.036491  0.018863  1.700000  1.699835
    8  GST   C8    c3   -0.191303 -0.147309  0.758082  1.700000  1.699835
    9  GST   C9    c3   -0.070203  0.009191  0.044076  1.700000  1.699835
   10  GST   C10   c3   -0.046803 -0.001606 -0.154336  1.700000  1.699835
   11  GST   O1    o    -0.853503 -0.853503  0.053494  1.500000  1.479961
   12  GST   O2    o    -0.853503 -0.853503  0.053494  1.500000  1.479961
   13  GST   H1    ha    0.113597  0.113597  0.113597  1.300000  1.299821
   14  GST   H2    hc    0.032897  0.032897  0.032897  1.300000  1.324766
   15  GST   H3    hc    0.032897  0.032897  0.032897  1.300000  1.324766
   16  GST   H4    hc    0.032897  0.032897  0.032897  1.300000  1.324766
   17  GST   H5    hc    0.032897  0.032897  0.032897  1.300000  1.324766
   18  GST   H6    hc    0.032897  0.032897  0.032897  1.300000  1.324766
   19  GST   H7    hc    0.032897  0.032897  0.032897  1.300000  1.324766
   20  GST   H8    hc    0.023897  0.023897  0.023897  1.300000  1.324766
   21  GST   H9    hc    0.023897  0.023897  0.023897  1.300000  1.324766
   22  GST   H10   hc    0.023897  0.023897  0.023897  1.300000  1.324766
   23  GST   H11   hc    0.043897  0.043897  0.043897  1.300000  1.324766
   24  GST   H12   hc    0.043897  0.043897  0.043897  1.300000  1.324766
   25  GST   H13   hc    0.021997  0.021997  0.021997  1.300000  1.324766
   26  GST   H14   hc    0.021997  0.021997  0.021997  1.300000  1.324766
   27  GST   H15   hc    0.039697  0.039697  0.039697  1.300000  1.324766
   28  GST   H16   hc    0.039697  0.039697  0.039697  1.300000  1.324766
   29  GST   H17   hc    0.045197  0.045197  0.045197  1.300000  1.324766

 total system charges (+/-) for PB       -1.0000        1.5460       -2.5460
 cavity_surften =        0.0050 cavity_offset =        0.0000

   SAS Surface: surface dots generated:    366

--------------------------------------------------------------------------------
   3.  ATOMIC COORDINATES AND VELOCITIES
--------------------------------------------------------------------------------

Cpptraj Generated Restart                                                       
 begin time read from input coords =     0.000 ps

 Number of triangulated 3-point waters found:        0

--------------------------------------------------------------------------------
   4.  RESULTS
--------------------------------------------------------------------------------

  NB-update: atom-based nb list      406


======== Setting up Grid Parameters ========
Using bounding box for grid setup
 Bounding Box at level:           2
 Bounding Box Center:      24.000    25.000    21.000
 Xmin, Xmax, Xmax-Xmin:    20.271    28.225     7.954
 Ymin, Ymax, Ymax-Ymin:    21.085    29.261     8.176
 Zmin, Zmax, Zmax-Zmin:    16.485    25.835     9.350
 Grid dimension at level     2    35   35   37
 Grid origin corrected at level     2     15.000    16.000    11.500
 Bounding Box at level:           1
 Bounding Box Center:      24.000    25.000    21.000
 Xmin, Xmax, Xmax-Xmin:    20.271    28.225     7.954
 Ymin, Ymax, Ymax-Ymin:    21.085    29.261     8.176
 Zmin, Zmax, Zmax-Zmin:    16.485    25.835     9.350
PB Warn in setgrd(): focusing grid too large    2
 fillratio is automatically increased to 2.500
 Grid dimension at level     1     7    7    7
 Grid origin corrected at level     1      8.000     9.000     5.000
------- VMD goodie --------
#First Level Geometric Box
draw materials off
draw color green
draw line "    8.000    9.000    5.000" "   36.000    9.000    5.000"
draw line "    8.000    9.000    5.000" "    8.000   37.000    5.000"
draw line "    8.000    9.000    5.000" "    8.000    9.000   33.000"
draw line "   36.000    9.000    5.000" "   36.000   37.000    5.000"
draw line "   36.000    9.000    5.000" "   36.000    9.000   33.000"
draw line "    8.000   37.000    5.000" "   36.000   37.000    5.000"
draw line "    8.000   37.000    5.000" "    8.000   37.000   33.000"
draw line "    8.000    9.000   33.000" "   36.000    9.000   33.000"
draw line "    8.000    9.000   33.000" "    8.000   37.000   33.000"
draw line "   36.000   37.000   33.000" "   36.000   37.000    5.000"
draw line "   36.000   37.000   33.000" "    8.000   37.000   33.000"
draw line "   36.000   37.000   33.000" "   36.000    9.000   33.000"
#2nd Level Geometric Box
draw color blue
draw line "   15.000   16.000   11.500" "   33.000   16.000   11.500"
draw line "   15.000   16.000   11.500" "   15.000   34.000   11.500"
draw line "   15.000   16.000   11.500" "   15.000   16.000   30.500"
draw line "   33.000   16.000   11.500" "   33.000   34.000   11.500"
draw line "   33.000   16.000   11.500" "   33.000   16.000   30.500"
draw line "   15.000   34.000   11.500" "   33.000   34.000   11.500"
draw line "   15.000   34.000   11.500" "   15.000   34.000   30.500"
draw line "   15.000   16.000   30.500" "   33.000   16.000   30.500"
draw line "   15.000   16.000   30.500" "   15.000   34.000   30.500"
draw line "   33.000   34.000   30.500" "   33.000   34.000   11.500"
draw line "   33.000   34.000   30.500" "   15.000   34.000   30.500"
draw line "   33.000   34.000   30.500" "   33.000   16.000   30.500"
--- End VMD goodie --------

======== Setting up Solvent Accessibility Data ========
Setting up working radii
Number of SA srf points exposed  1556
 Number of SA arcs generated   341
 Number of SA arc points exposed         740 Number of trimer arc points exposed          62
 with resolution (A) = .250000E+00

Atomic solvent accessible surface area:
           1    2.9695775804260
           2    1.3198122579671
           3    3.2995306449178
           4    2.3096714514425
           5    2.9695775804260
           6    2.3096714514425
           7    0.0000000000000
           8    0.0000000000000
           9    0.3299530644918
          10    0.0000000000000
          11   43.6015292537728
          12   23.9664034971069
          13   12.7651664773568
          14   30.0356858290749
          15   26.2812251004405
          16   24.2788460451689
          17   18.0214114974449
          18   18.2717088793539
          19   24.7794408089868
          20   15.2681402964464
          21   25.0297381908957
          22   26.5315224823495
          23   24.2788460451689
          24    4.7556502562702
          25    3.7544607286344
          26   19.5231957888987
          27   13.7663560049927
          28   18.7723036431718
          29   13.0154638592658

 ======== FDPB Summary ========

 Do FDPB every           1 steps
 Nonbonded Update
   residue cutoff is set to   99.9000000000000
   fdpb cutoff is set to    5.0000000000000
   sas cutoff is set to    9.0000000000000
   nonbonded cutoff is set to    0.0000000000000
 Grid Constants
   Grid dimension       7       7       7
   Grid spacing set to     4.000
   Grid boundary
         8.000    40.000
         9.000    41.000
         5.000    37.000

 Dielectric Map
   Use cavity radii in the prmtop file

   Use probe-based SES definition
     Compute SAS/SAR every           1 steps
     Solvent probe radius   1.40000000000000
     Surface dots per atom     366
     Buried atom radii increment   0.79800000000000
     Threshhold for exposed atom   0.08000000000000
     Current SAS 402.20488871591402

 Boundary conditions
   sum of grid charges as independent DH spheres

 Physical constants
   Solute dielectric constant  :   1.00000000000000
   Solvent dielectric constant :   80.0000000000000
   Temperature (K)             :   300.000000000000
   Ionic strength (mM)         :   0.00000000000000
   Debye-Huckel parameter (1/A):   0.00000000000000

FD Solver Option
   Use Modified ICCG solver

 Iteration data
   Maximum iterations  :         100
   Convergence criteria:  1.000000000000000E-03
   Iterations required        :     5
   Norm of the constant vector:       268.1334023754
   Norm of the residual vector:      0.1532354815240
   Convergence achieved       :  5.7148971432316030E-04

 Total molecular surface    212.6041

 ======== FDPB Summary ========

 Do FDPB every           1 steps
 Nonbonded Update
   residue cutoff is set to   99.9000000000000
   fdpb cutoff is set to    5.0000000000000
   sas cutoff is set to    9.0000000000000
   nonbonded cutoff is set to    0.0000000000000
 Grid Constants
   Grid dimension      35      35      37
   Grid spacing set to     0.500
   Grid boundary
        15.000    33.000
        16.000    34.000
        11.500    30.500

 Dielectric Map
   Use cavity radii in the prmtop file

   Use probe-based SES definition
     Compute SAS/SAR every           1 steps
     Solvent probe radius   1.40000000000000
     Surface dots per atom     366
     Buried atom radii increment   0.79800000000000
     Threshhold for exposed atom   0.08000000000000
     Current SAS 402.20488871591402

 Boundary conditions
   sum of grid charges as independent DH spheres

 Physical constants
   Solute dielectric constant  :   1.00000000000000
   Solvent dielectric constant :   80.0000000000000
   Temperature (K)             :   300.000000000000
   Ionic strength (mM)         :   0.00000000000000
   Debye-Huckel parameter (1/A):   0.00000000000000

FD Solver Option
   Use Modified ICCG solver

 Iteration data
   Maximum iterations  :         100
   Convergence criteria:  1.000000000000000E-03
   Iterations required        :    15
   Norm of the constant vector:     24715.5739593893
   Norm of the residual vector:     21.5584920869174
   Convergence achieved       :  8.7226346118203274E-04

 Total surface charge       0.9874
 Reaction field energy    -77.8874
 Nonpolar SAS/SAV    402.2049      0.0000
 Cavity solvation energy      2.0110

 NSTEP =        1   TIME(PS) =       0.000  TEMP(K) =     0.00  PRESS =     0.0
 Etot   =       -54.3176  EKtot   =         0.0000  EPtot      =         0.0000
 BOND   =         0.0000  ANGLE   =         0.0000  DIHED      =         0.0000
 1-4 NB =         0.0000  1-4 EEL =         0.0000  VDWAALS    =         6.7895
 EELEC  =        14.7692  EPB     =       -77.8874  RESTRAINT  =         0.0000
 ECAVITY=         2.0110  EDISPER =         0.0000
 ------------------------------------------------------------------------------



  Maximum number of minimization cycles reached.


                    FINAL RESULTS


 NSTEP =        1   TIME(PS) =       0.000  TEMP(K) =     0.00  PRESS =     0.0
 Etot   =       -54.3176  EKtot   =         0.0000  EPtot      =         0.0000
 BOND   =         0.0000  ANGLE   =         0.0000  DIHED      =         0.0000
 1-4 NB =         0.0000  1-4 EEL =         0.0000  VDWAALS    =         6.7895
 EELEC  =        14.7692  EPB     =       -77.8874  RESTRAINT  =         0.0000
 ECAVITY=         2.0110  EDISPER =         0.0000
 ------------------------------------------------------------------------------


--------------------------------------------------------------------------------
   5.  TIMINGS
--------------------------------------------------------------------------------

| Total time                     0.05
| Read prm/crd time              0.00
| Force time                     0.05
| Nonbond force                  0.05
| PB Nonbond                     0.05
| PB Sasa                        0.00
| PB FD force                    0.05
| PB Set linear sys              0.01
| PB Solver                      0.03
| PB SA srf                      0.00
| PB SA arc                      0.00
| PB circle                      0.00
| PB exmol                       0.01
| PB exmol setup                 0.00
| PB exmol part a                0.00
| PB exmol part b                0.00
| PB exmol part f                0.01
| PB epsbnd                      0.00
| PB epsmap                      0.00
|           Job began  at 22:28:49.749  on 09/29/2021
|           Setup done at 22:28:49.752  on 09/29/2021
|           Run   done at 22:28:49.797  on 09/29/2021
|     wallclock() was called     110 times
