
          -------------------------------------------------------
          PBSA VERSION 2019                       UC Irvine
          -------------------------------------------------------

| Run on 09/29/2021 at 22:28:49

File Assignments:
|  MDIN: ../../../scripts/pbsa.in                                              
| MDOUT: host-pb.out                                                           
|INPCRD: host.crd                                                              
|  PARM: host.prmtop                                                           
|

 Here is the input file:

Sample single point PB calculation                                             
&cntrl                                                                         
ipb=1, inp=1                                                                   
/                                                                              
&pb                                                                            
npbverb=1, fillratio=1.5, saopt=1, radiopt=0, epsin=1.0, epsout=80             
/                                                                              
 PBSA Warning in pb_read(): sprob=0.557 is optimized for inp=2 and  should not be used with inp=1. It has been reset to 1.4.
 PBSA Warning in pb_read(): cavity_surften=0.0378 is optimized for inp=2  and should not be used with inp=1. It has been reset to 0.005000.
 PBSA Warning in pb_read(): cavity_offset=-0.5692 is optimized for inp=2  and should not be used with inp=1. It has been reset to 0.000.

--------------------------------------------------------------------------------
   1.  RESOURCE   USE: 
--------------------------------------------------------------------------------

| Flags:                                                                        
| New format PARM file being parsed.
| Version =    1.000 Date = 09/29/21 Time = 22:19:39
 NATOM  =     184 NTYPES =       7 NBONH =      56 MBONA  =     148
 NTHETH =     128 MTHETA =     224 NPHIH =     300 MPHIA  =     356
 NHPARM =       0 NPARM  =       0 NNB   =    1107 NRES   =       1
 NBONA  =     148 NTHETA =     224 NPHIA =     356 NUMBND =      11
 NUMANG =      22 NPTRA  =      12 NATYP =      14 NPHB   =       0
 IFBOX  =       1 NMXRS  =     184 IFCAP =       0 NEXTRA =       0
 NCOPY  =       0


|     Memory Use     Allocated
|     Real                6909
|     Hollerith            555
|     Integer            28303
|     Max Pairs              1
|     Max Rstack             1
|     Max Istack             1
|       Total              166 kbytes

     BOX TYPE: RECTILINEAR

--------------------------------------------------------------------------------
   2.  CONTROL  DATA  FOR  THE  RUN
--------------------------------------------------------------------------------

HST1                                                                            

General flags:
     imin    =       1, nmropt  =       0

Nature and format of input:
     ntx     =       1, irest   =       0, ntrx    =       1

Nature and format of output:
     ntxo    =       1, ntpr    =      50, ntrx    =       1, ntwr    =     500
     iwrap   =       0, ntwx    =       0, ntwv    =       0, ntwe    =       0
     ioutfm  =       0, ntwprt  =       0, idecomp =       0, rbornstat=      0

Potential function:
     ntf     =       1, ntb     =       1, ipb     =       1, nsnb    =      25
     ipol    =       0, gbsa    =       0, iesp    =       0
     dielc   =   1.00000, cut     =   8.00000, intdiel =   1.00000

Frozen or restrained atoms:
     ibelly  =       0, ntr     =       0

Energy minimization:
     maxcyc  =       1, ncyc    =      10, ntmin   =       1
     dx0     =   0.01000, drms    =   0.00010

======== Implicit Solvent Initialization ========

     Max Nonbonded Pairs:    16928    16928

 no. of atoms processed in PB initialization:   184
  NUM  RESI  NAME  TYPE    CHARGE ATM CRG/H   GRP CRG   PB RADI   NP RADI
    1  HST   C1    ca   -0.079381 -0.079381  0.185854  1.700000  1.699835
    2  HST   C2    ca    0.094407  0.094407 -0.330265  1.700000  1.699835
    3  HST   C3    ca   -0.086793  0.084414 -0.073460  1.700000  1.699835
    4  HST   C4    ca    0.094407  0.094407 -0.331153  1.700000  1.699835
    5  HST   C5    ca   -0.145993  0.008714  0.197528  1.700000  1.699835
    6  HST   C6    ca   -0.078493 -0.078493  0.186742  1.700000  1.699835
    7  HST   O1    os   -0.354893 -0.354893  0.193228  1.500000  1.500006
    8  HST   C7    c3    0.028407  0.086414 -0.013051  1.700000  1.699835
    9  HST   C8    c3    0.385107  0.453714 -0.333565  1.700000  1.699835
   10  HST   O2    os   -0.354893 -0.354893  0.193228  1.500000  1.500006
   11  HST   C9    ca    0.094407  0.094407 -0.330265  1.700000  1.699835
   12  HST   C10   ca   -0.078493 -0.078493  0.186742  1.700000  1.699835
   13  HST   C11   ca   -0.086793  0.084414 -0.072572  1.700000  1.699835
   14  HST   C12   ca   -0.145993  0.008714  0.197528  1.700000  1.699835
   15  HST   C13   ca   -0.078493 -0.078493  0.186742  1.700000  1.699835
   16  HST   C14   ca    0.094407  0.094407 -0.330265  1.700000  1.699835
   17  HST   O3    os   -0.354893 -0.354893  0.193228  1.500000  1.500006
   18  HST   C15   c3    0.028407  0.086414 -0.013051  1.700000  1.699835
   19  HST   C16   ca   -0.078493 -0.078493  0.186742  1.700000  1.699835
   20  HST   C17   ca    0.094407  0.094407 -0.330265  1.700000  1.699835
   21  HST   C18   c3    0.385107  0.453714 -0.333565  1.700000  1.699835
   22  HST   O4    os   -0.354893 -0.354893  0.193228  1.500000  1.500006
   23  HST   O5    os   -0.354893 -0.354893  0.193228  1.500000  1.500006
   24  HST   C19   c3    0.028407  0.086414 -0.013939  1.700000  1.699835
   25  HST   C20   ca   -0.078493 -0.078493  0.186742  1.700000  1.699835
   26  HST   O6    os   -0.354893 -0.354893  0.193228  1.500000  1.500006
   27  HST   C21   ca    0.094407  0.094407 -0.330265  1.700000  1.699835
   28  HST   C22   ca   -0.145993  0.008714  0.197528  1.700000  1.699835
   29  HST   C23   ca    0.094407  0.094407 -0.330265  1.700000  1.699835
   30  HST   C24   ca   -0.145993  0.008714  0.197528  1.700000  1.699835
   31  HST   C25   ca    0.094407  0.094407 -0.330265  1.700000  1.699835
   32  HST   O7    os   -0.354893 -0.354893  0.193228  1.500000  1.500006
   33  HST   O8    os   -0.354893 -0.354893  0.193228  1.500000  1.500006
   34  HST   C26   c3    0.385107  0.453714 -0.333565  1.700000  1.699835
   35  HST   C27   ca   -0.086793  0.084414 -0.072572  1.700000  1.699835
   36  HST   C28   ca   -0.078493 -0.078493  0.186742  1.700000  1.699835
   37  HST   C29   ca   -0.086793  0.084414 -0.072572  1.700000  1.699835
   38  HST   C30   c3    0.028407  0.086414 -0.013051  1.700000  1.699835
   39  HST   C31   ca   -0.078493 -0.078493  0.186742  1.700000  1.699835
   40  HST   C32   c3    0.385107  0.453714 -0.333565  1.700000  1.699835
   41  HST   C33   c3   -0.059693  0.057521 -0.005344  1.700000  1.699835
   42  HST   C34   c3   -0.187693 -0.149279  0.815049  1.700000  1.699835
   43  HST   C35   c     0.906807  0.906807 -0.973858  1.700000  1.699835
   44  HST   O9    o    -0.865693 -0.865693  0.041114  1.500000  1.479961
   45  HST   C36   c3   -0.059693  0.057521 -0.005344  1.700000  1.699835
   46  HST   C37   c3   -0.187693 -0.149279  0.815049  1.700000  1.699835
   47  HST   C38   c     0.906807  0.906807 -0.973858  1.700000  1.699835
   48  HST   O10   o    -0.865693 -0.865693  0.041114  1.500000  1.479961
   49  HST   C39   c3   -0.059693  0.057521 -0.005344  1.700000  1.699835
   50  HST   C40   c3   -0.187693 -0.149279  0.815049  1.700000  1.699835
   51  HST   C41   c     0.906807  0.906807 -0.973858  1.700000  1.699835
   52  HST   O11   o    -0.865693 -0.865693  0.041114  1.500000  1.479961
   53  HST   C42   c3   -0.059693  0.057521 -0.005344  1.700000  1.699835
   54  HST   C43   c3   -0.187693 -0.149279  0.815049  1.700000  1.699835
   55  HST   C44   c     0.906807  0.906807 -0.973858  1.700000  1.699835
   56  HST   O12   o    -0.865693 -0.865693  0.041114  1.500000  1.479961
   57  HST   C45   ca   -0.077493 -0.077493  0.419849  1.700000  1.699835
   58  HST   C46   ca   -0.142593  0.017314  0.234928  1.700000  1.699835
   59  HST   C47   ca   -0.129193  0.021814  0.053128  1.700000  1.699835
   60  HST   C48   ca   -0.129193  0.021814  0.053128  1.700000  1.699835
   61  HST   C49   ca    0.108807  0.108807 -0.152958  1.700000  1.699835
   62  HST   C50   ca    0.108807  0.108807 -0.152958  1.700000  1.699835
   63  HST   C51   ca   -0.077493 -0.077493  0.419849  1.700000  1.699835
   64  HST   C52   ca   -0.142593  0.017314  0.234928  1.700000  1.699835
   65  HST   C53   ca   -0.129193  0.021814  0.053128  1.700000  1.699835
   66  HST   C54   ca   -0.129193  0.021814  0.053128  1.700000  1.699835
   67  HST   C55   ca    0.108807  0.108807 -0.152958  1.700000  1.699835
   68  HST   C56   ca    0.108807  0.108807 -0.152958  1.700000  1.699835
   69  HST   C57   ca   -0.077493 -0.077493  0.419849  1.700000  1.699835
   70  HST   C58   ca   -0.142593  0.017314  0.234928  1.700000  1.699835
   71  HST   C59   ca   -0.129193  0.021814  0.053128  1.700000  1.699835
   72  HST   C60   ca   -0.129193  0.021814  0.053128  1.700000  1.699835
   73  HST   C61   ca    0.108807  0.108807 -0.152958  1.700000  1.699835
   74  HST   C62   ca    0.108807  0.108807 -0.152958  1.700000  1.699835
   75  HST   C63   ca   -0.077493 -0.077493  0.419849  1.700000  1.699835
   76  HST   C64   ca   -0.142593  0.017314  0.234928  1.700000  1.699835
   77  HST   C65   ca   -0.129193  0.021814  0.053128  1.700000  1.699835
   78  HST   C66   ca   -0.129193  0.021814  0.053128  1.700000  1.699835
   79  HST   C67   ca    0.108807  0.108807 -0.152958  1.700000  1.699835
   80  HST   C68   ca    0.108807  0.108807 -0.152958  1.700000  1.699835
   81  HST   O13   os   -0.300893 -0.300893 -0.126379  1.500000  1.500006
   82  HST   O14   os   -0.300893 -0.300893 -0.126379  1.500000  1.500006
   83  HST   O15   os   -0.300893 -0.300893 -0.126379  1.500000  1.500006
   84  HST   O16   os   -0.300893 -0.300893 -0.126379  1.500000  1.500006
   85  HST   O17   os   -0.300893 -0.300893 -0.126379  1.500000  1.500006
   86  HST   O18   os   -0.300893 -0.300893 -0.126379  1.500000  1.500006
   87  HST   O19   os   -0.300893 -0.300893 -0.126379  1.500000  1.500006
   88  HST   C69   ca    0.065707  0.065707 -0.224758  1.700000  1.699835
   89  HST   C70   ca   -0.108993  0.056514  0.036628  1.700000  1.699835
   90  HST   C71   ca   -0.176193 -0.046086  0.085328  1.700000  1.699835
   91  HST   C72   ca   -0.108993  0.056514  0.036628  1.700000  1.699835
   92  HST   C73   ca   -0.085593 -0.085593  0.947242  1.700000  1.699835
   93  HST   C74   ca    0.065707  0.065707 -0.224758  1.700000  1.699835
   94  HST   O20   os   -0.300893 -0.300893 -0.126379  1.500000  1.500006
   95  HST   C75   ca    0.065707  0.065707 -0.224758  1.700000  1.699835
   96  HST   C76   ca   -0.108993  0.056514  0.036628  1.700000  1.699835
   97  HST   C77   ca   -0.108993  0.056514  0.036628  1.700000  1.699835
   98  HST   C78   ca   -0.176193 -0.046086  0.085328  1.700000  1.699835
   99  HST   C79   ca    0.065707  0.065707 -0.224758  1.700000  1.699835
  100  HST   C80   ca   -0.085593 -0.085593  0.947242  1.700000  1.699835
  101  HST   C81   ca    0.065707  0.065707 -0.224758  1.700000  1.699835
  102  HST   C82   ca   -0.108993  0.056514  0.036628  1.700000  1.699835
  103  HST   C83   ca   -0.108993  0.056514  0.036628  1.700000  1.699835
  104  HST   C84   ca   -0.176193 -0.046086  0.085328  1.700000  1.699835
  105  HST   C85   ca    0.065707  0.065707 -0.224758  1.700000  1.699835
  106  HST   C86   ca   -0.085593 -0.085593  0.947242  1.700000  1.699835
  107  HST   C87   c     0.919807  0.919807 -0.836372  1.700000  1.699835
  108  HST   O21   o    -0.835293 -0.835293  0.084514  1.500000  1.479961
  109  HST   C88   c     0.919807  0.919807 -0.836372  1.700000  1.699835
  110  HST   O22   o    -0.835293 -0.835293  0.084514  1.500000  1.479961
  111  HST   C89   c     0.919807  0.919807 -0.836372  1.700000  1.699835
  112  HST   O23   o    -0.835293 -0.835293  0.084514  1.500000  1.479961
  113  HST   O24   o    -0.865693 -0.865693  0.041114  1.500000  1.479961
  114  HST   O25   o    -0.865693 -0.865693  0.041114  1.500000  1.479961
  115  HST   O26   o    -0.865693 -0.865693  0.041114  1.500000  1.479961
  116  HST   C90   c     0.919807  0.919807 -0.836372  1.700000  1.699835
  117  HST   O27   o    -0.835293 -0.835293  0.084514  1.500000  1.479961
  118  HST   O28   o    -0.835293 -0.835293  0.084514  1.500000  1.479961
  119  HST   O29   o    -0.835293 -0.835293  0.084514  1.500000  1.479961
  120  HST   O30   o    -0.835293 -0.835293  0.084514  1.500000  1.479961
  121  HST   O31   o    -0.835293 -0.835293  0.084514  1.500000  1.479961
  122  HST   O32   o    -0.865693 -0.865693  0.041114  1.500000  1.479961
  123  HST   C91   ca    0.065707  0.065707 -0.224758  1.700000  1.699835
  124  HST   C92   ca   -0.108993  0.056514  0.036628  1.700000  1.699835
  125  HST   C93   ca   -0.176193 -0.046086  0.085328  1.700000  1.699835
  126  HST   C94   ca   -0.108993  0.056514  0.036628  1.700000  1.699835
  127  HST   C95   ca   -0.085593 -0.085593  0.947242  1.700000  1.699835
  128  HST   C96   ca    0.065707  0.065707 -0.224758  1.700000  1.699835
  129  HST   H1    ha    0.171207  0.171207  0.171207  1.300000  1.299821
  130  HST   H2    ha    0.154707  0.154707  0.154707  1.300000  1.299821
  131  HST   H3    hc    0.058007  0.058007  0.058007  1.300000  1.324766
  132  HST   H4    h2    0.068607  0.068607  0.068607  1.300000  1.146587
  133  HST   H5    ha    0.171207  0.171207  0.171207  1.300000  1.299821
  134  HST   H6    ha    0.154707  0.154707  0.154707  1.300000  1.299821
  135  HST   H7    hc    0.058007  0.058007  0.058007  1.300000  1.324766
  136  HST   H8    h2    0.068607  0.068607  0.068607  1.300000  1.146587
  137  HST   H9    hc    0.058007  0.058007  0.058007  1.300000  1.324766
  138  HST   H10   ha    0.154707  0.154707  0.154707  1.300000  1.299821
  139  HST   H11   ha    0.154707  0.154707  0.154707  1.300000  1.299821
  140  HST   H12   h2    0.068607  0.068607  0.068607  1.300000  1.146587
  141  HST   H13   ha    0.171207  0.171207  0.171207  1.300000  1.299821
  142  HST   H14   ha    0.171207  0.171207  0.171207  1.300000  1.299821
  143  HST   H15   hc    0.058007  0.058007  0.058007  1.300000  1.324766
  144  HST   H16   h2    0.068607  0.068607  0.068607  1.300000  1.146587
  145  HST   H17   hc    0.058607  0.058607  0.058607  1.300000  1.324766
  146  HST   H18   hc    0.058607  0.058607  0.058607  1.300000  1.324766
  147  HST   H19   hc    0.019207  0.019207  0.019207  1.300000  1.324766
  148  HST   H20   hc    0.019207  0.019207  0.019207  1.300000  1.324766
  149  HST   H21   hc    0.058607  0.058607  0.058607  1.300000  1.324766
  150  HST   H22   hc    0.058607  0.058607  0.058607  1.300000  1.324766
  151  HST   H23   hc    0.019207  0.019207  0.019207  1.300000  1.324766
  152  HST   H24   hc    0.019207  0.019207  0.019207  1.300000  1.324766
  153  HST   H25   hc    0.058607  0.058607  0.058607  1.300000  1.324766
  154  HST   H26   hc    0.058607  0.058607  0.058607  1.300000  1.324766
  155  HST   H27   hc    0.019207  0.019207  0.019207  1.300000  1.324766
  156  HST   H28   hc    0.019207  0.019207  0.019207  1.300000  1.324766
  157  HST   H29   hc    0.058607  0.058607  0.058607  1.300000  1.324766
  158  HST   H30   hc    0.058607  0.058607  0.058607  1.300000  1.324766
  159  HST   H31   hc    0.019207  0.019207  0.019207  1.300000  1.324766
  160  HST   H32   hc    0.019207  0.019207  0.019207  1.300000  1.324766
  161  HST   H33   ha    0.159907  0.159907  0.159907  1.300000  1.299821
  162  HST   H34   ha    0.151007  0.151007  0.151007  1.300000  1.299821
  163  HST   H35   ha    0.151007  0.151007  0.151007  1.300000  1.299821
  164  HST   H36   ha    0.159907  0.159907  0.159907  1.300000  1.299821
  165  HST   H37   ha    0.151007  0.151007  0.151007  1.300000  1.299821
  166  HST   H38   ha    0.151007  0.151007  0.151007  1.300000  1.299821
  167  HST   H39   ha    0.159907  0.159907  0.159907  1.300000  1.299821
  168  HST   H40   ha    0.151007  0.151007  0.151007  1.300000  1.299821
  169  HST   H41   ha    0.151007  0.151007  0.151007  1.300000  1.299821
  170  HST   H42   ha    0.159907  0.159907  0.159907  1.300000  1.299821
  171  HST   H43   ha    0.151007  0.151007  0.151007  1.300000  1.299821
  172  HST   H44   ha    0.151007  0.151007  0.151007  1.300000  1.299821
  173  HST   H45   ha    0.165507  0.165507  0.165507  1.300000  1.299821
  174  HST   H46   ha    0.130107  0.130107  0.130107  1.300000  1.299821
  175  HST   H47   ha    0.165507  0.165507  0.165507  1.300000  1.299821
  176  HST   H48   ha    0.165507  0.165507  0.165507  1.300000  1.299821
  177  HST   H49   ha    0.165507  0.165507  0.165507  1.300000  1.299821
  178  HST   H50   ha    0.130107  0.130107  0.130107  1.300000  1.299821
  179  HST   H51   ha    0.165507  0.165507  0.165507  1.300000  1.299821
  180  HST   H52   ha    0.165507  0.165507  0.165507  1.300000  1.299821
  181  HST   H53   ha    0.130107  0.130107  0.130107  1.300000  1.299821
  182  HST   H54   ha    0.165507  0.165507  0.165507  1.300000  1.299821
  183  HST   H55   ha    0.130107  0.130107  0.130107  1.300000  1.299821
  184  HST   H56   ha    0.165507  0.165507  0.165507  1.300000  1.299821

 total system charges (+/-) for PB       -8.0000       17.2367      -25.2367
 cavity_surften =        0.0050 cavity_offset =        0.0000

   SAS Surface: surface dots generated:    366

--------------------------------------------------------------------------------
   3.  ATOMIC COORDINATES AND VELOCITIES
--------------------------------------------------------------------------------

Cpptraj Generated Restart                                                       
 begin time read from input coords =     0.000 ps

 Number of triangulated 3-point waters found:        0

--------------------------------------------------------------------------------
   4.  RESULTS
--------------------------------------------------------------------------------

  NB-update: atom-based nb list     8525


======== Setting up Grid Parameters ========
Using bounding box for grid setup
 Bounding Box at level:           2
 Bounding Box Center:      24.500    24.500    24.500
 Xmin, Xmax, Xmax-Xmin:    13.920    34.941    21.021
 Ymin, Ymax, Ymax-Ymin:    13.863    35.028    21.165
 Zmin, Zmax, Zmax-Zmin:    15.263    33.492    18.229
 Grid dimension at level     2    61   61   55
 Grid origin corrected at level     2      9.000     9.000    10.500
 Bounding Box at level:           1
 Bounding Box Center:      24.500    24.500    24.500
 Xmin, Xmax, Xmax-Xmin:    13.920    34.941    21.021
 Ymin, Ymax, Ymax-Ymin:    13.863    35.028    21.165
 Zmin, Zmax, Zmax-Zmin:    15.263    33.492    18.229
 Grid dimension at level     1     9    9    9
 Grid origin corrected at level     1      4.500     4.500     4.500
------- VMD goodie --------
#First Level Geometric Box
draw materials off
draw color green
draw line "    4.500    4.500    4.500" "   40.500    4.500    4.500"
draw line "    4.500    4.500    4.500" "    4.500   40.500    4.500"
draw line "    4.500    4.500    4.500" "    4.500    4.500   40.500"
draw line "   40.500    4.500    4.500" "   40.500   40.500    4.500"
draw line "   40.500    4.500    4.500" "   40.500    4.500   40.500"
draw line "    4.500   40.500    4.500" "   40.500   40.500    4.500"
draw line "    4.500   40.500    4.500" "    4.500   40.500   40.500"
draw line "    4.500    4.500   40.500" "   40.500    4.500   40.500"
draw line "    4.500    4.500   40.500" "    4.500   40.500   40.500"
draw line "   40.500   40.500   40.500" "   40.500   40.500    4.500"
draw line "   40.500   40.500   40.500" "    4.500   40.500   40.500"
draw line "   40.500   40.500   40.500" "   40.500    4.500   40.500"
#2nd Level Geometric Box
draw color blue
draw line "    9.000    9.000   10.500" "   40.000    9.000   10.500"
draw line "    9.000    9.000   10.500" "    9.000   40.000   10.500"
draw line "    9.000    9.000   10.500" "    9.000    9.000   38.500"
draw line "   40.000    9.000   10.500" "   40.000   40.000   10.500"
draw line "   40.000    9.000   10.500" "   40.000    9.000   38.500"
draw line "    9.000   40.000   10.500" "   40.000   40.000   10.500"
draw line "    9.000   40.000   10.500" "    9.000   40.000   38.500"
draw line "    9.000    9.000   38.500" "   40.000    9.000   38.500"
draw line "    9.000    9.000   38.500" "    9.000   40.000   38.500"
draw line "   40.000   40.000   38.500" "   40.000   40.000   10.500"
draw line "   40.000   40.000   38.500" "    9.000   40.000   38.500"
draw line "   40.000   40.000   38.500" "   40.000    9.000   38.500"
--- End VMD goodie --------

======== Setting up Solvent Accessibility Data ========
Setting up working radii
Number of SA srf points exposed  5932
 Number of SA arcs generated  3590
 Number of SA arc points exposed        4196 Number of trimer arc points exposed         442
 with resolution (A) = .250000E+00

Atomic solvent accessible surface area:
           1    0.9898591934753
           2    4.9492959673767
           3    1.3198122579671
           4    6.2691082253438
           5    6.9290143543274
           6    0.3299530644918
           7    5.4862851378919
           8    0.0000000000000
           9    0.0000000000000
          10    4.0425258910783
          11    1.9797183869507
          12    0.0000000000000
          13    0.3299530644918
          14    6.9290143543274
          15    0.9898591934753
          16    4.6193429028849
          17    8.9513073302448
          18    0.0000000000000
          19    0.0000000000000
          20    3.6294837094096
          21    0.0000000000000
          22    8.9513073302448
          23   10.1063147276957
          24    0.0000000000000
          25    0.0000000000000
          26    2.5987666442646
          27    0.6599061289836
          28    5.2792490318685
          29    4.9492959673767
          30    4.2893898383931
          31    3.2995306449178
          32    7.2187962340683
          33    8.6625554808820
          34    0.0000000000000
          35    0.6599061289836
          36    0.0000000000000
          37    0.0000000000000
          38    0.0000000000000
          39    0.0000000000000
          40    0.0000000000000
          41    0.0000000000000
          42    0.3299530644918
          43    3.6294837094096
          44   30.6076960324498
          45    0.0000000000000
          46    1.3198122579671
          47    5.6092020963603
          48   43.6015292537728
          49    0.0000000000000
          50    0.9898591934753
          51    6.2691082253438
          52   42.1577700069592
          53    0.0000000000000
          54    0.6599061289836
          55    4.2893898383931
          56   27.1426738400970
          57    2.9695775804260
          58    7.9188735478027
          59    5.6092020963603
          60    3.6294837094096
          61    3.6294837094096
          62    2.6396245159342
          63    3.9594367739014
          64   11.2184041927205
          65    4.9492959673767
          66    4.9492959673767
          67    3.2995306449178
          68    4.2893898383931
          69    3.6294837094096
          70    8.9087327412781
          71    4.9492959673767
          72    4.2893898383931
          73    2.9695775804260
          74    3.2995306449178
          75    4.2893898383931
          76    8.9087327412781
          77    5.2792490318685
          78    5.2792490318685
          79    3.2995306449178
          80    2.9695775804260
          81   10.3950665770584
          82   10.9725702757839
          83    8.9513073302448
          84   11.8388258238721
          85    9.2400591796075
          86   10.1063147276957
          87    9.5288110289702
          88    4.2893898383931
          89    5.9391551608520
          90    5.6092020963603
          91    4.2893898383931
          92    3.2995306449178
          93    4.2893898383931
          94   10.1063147276957
          95    4.9492959673767
          96    7.2589674188192
          97    5.2792490318685
          98    6.2691082253438
          99    3.2995306449178
         100    3.2995306449178
         101    4.9492959673767
         102    5.6092020963603
         103    5.2792490318685
         104    5.6092020963603
         105    2.3096714514425
         106    3.6294837094096
         107    8.2488266122945
         108   41.5802663082337
         109   10.8884511282288
         110   40.4252589107828
         111    8.2488266122945
         112   40.1365070614200
         113   42.7352737056846
         114   45.0452885005865
         115   29.7414404843616
         116    6.9290143543274
         117   37.5377404171554
         118   41.2915144588710
         119   39.5590033626946
         120   40.7140107601455
         121   41.2915144588710
         122   33.7839663754399
         123    4.6193429028849
         124    4.6193429028849
         125    6.2691082253438
         126    8.2488266122945
         127    4.9492959673767
         128    2.9695775804260
         129    0.0000000000000
         130    0.5005947638179
         131    0.0000000000000
         132    9.2610031306314
         133    0.0000000000000
         134    2.7532712009985
         135    7.2586240753598
         136    5.7568397839060
         137    1.5017842914537
         138    1.7520816733627
         139    0.0000000000000
         140    7.2586240753598
         141    0.0000000000000
         142    0.0000000000000
         143    8.5101109849045
         144    5.7568397839060
         145    1.2514869095448
         146   13.7663560049927
         147   21.7758722260793
         148    5.0059476381791
         149   12.2645717135389
         150    7.0083266934508
         151   13.7663560049927
         152   21.5255748441703
         153   15.2681402964464
         154    7.0083266934508
         155   22.2764669898972
         156    7.7592188391777
         157   14.0166533869016
         158    0.7508921457269
         159    7.0083266934508
         160   19.7734931708076
         161   26.2812251004405
         162    2.0023790552717
         163    1.7520816733627
         164   26.0309277185316
         165    0.0000000000000
         166    0.2502973819090
         167   24.2788460451689
         168    1.2514869095448
         169    0.2502973819090
         170   26.2812251004405
         171    1.2514869095448
         172    0.5005947638179
         173   14.0166533869016
         174   22.2764669898972
         175   18.5220062612628
         176   14.7675455326285
         177   18.2717088793539
         178   19.0226010250808
         179   17.5208167336270
         180   20.2740879346255
         181   18.2717088793539
         182   15.5184376783554
         183   16.0190324421733
         184   20.0237905527166

 ======== FDPB Summary ========

 Do FDPB every           1 steps
 Nonbonded Update
   residue cutoff is set to   99.9000000000000
   fdpb cutoff is set to    5.0000000000000
   sas cutoff is set to    9.0000000000000
   nonbonded cutoff is set to    0.0000000000000
 Grid Constants
   Grid dimension       9       9       9
   Grid spacing set to     4.000
   Grid boundary
         4.500    44.500
         4.500    44.500
         4.500    44.500

 Dielectric Map
   Use cavity radii in the prmtop file

   Use probe-based SES definition
     Compute SAS/SAR every           1 steps
     Solvent probe radius   1.40000000000000
     Surface dots per atom     366
     Buried atom radii increment   0.79800000000000
     Threshhold for exposed atom   0.08000000000000
     Current SAS1669.76027216102830

 Boundary conditions
   sum of grid charges as independent DH spheres

 Physical constants
   Solute dielectric constant  :   1.00000000000000
   Solvent dielectric constant :   80.0000000000000
   Temperature (K)             :   300.000000000000
   Ionic strength (mM)         :   0.00000000000000
   Debye-Huckel parameter (1/A):   0.00000000000000

FD Solver Option
   Use Modified ICCG solver

 Iteration data
   Maximum iterations  :         100
   Convergence criteria:  1.000000000000000E-03
   Iterations required        :     6
   Norm of the constant vector:      2795.6422521729
   Norm of the residual vector:      2.4608294568265
   Convergence achieved       :  8.8023761084376497E-04

 Total molecular surface   1225.0460

 ======== FDPB Summary ========

 Do FDPB every           1 steps
 Nonbonded Update
   residue cutoff is set to   99.9000000000000
   fdpb cutoff is set to    5.0000000000000
   sas cutoff is set to    9.0000000000000
   nonbonded cutoff is set to    0.0000000000000
 Grid Constants
   Grid dimension      61      61      55
   Grid spacing set to     0.500
   Grid boundary
         9.000    40.000
         9.000    40.000
        10.500    38.500

 Dielectric Map
   Use cavity radii in the prmtop file

   Use probe-based SES definition
     Compute SAS/SAR every           1 steps
     Solvent probe radius   1.40000000000000
     Surface dots per atom     366
     Buried atom radii increment   0.79800000000000
     Threshhold for exposed atom   0.08000000000000
     Current SAS1669.76027216102830

 Boundary conditions
   sum of grid charges as independent DH spheres

 Physical constants
   Solute dielectric constant  :   1.00000000000000
   Solvent dielectric constant :   80.0000000000000
   Temperature (K)             :   300.000000000000
   Ionic strength (mM)         :   0.00000000000000
   Debye-Huckel parameter (1/A):   0.00000000000000

FD Solver Option
   Use Modified ICCG solver

 Iteration data
   Maximum iterations  :         100
   Convergence criteria:  1.000000000000000E-03
   Iterations required        :    25
   Norm of the constant vector:    280337.2166558576
   Norm of the residual vector:    258.0110457988412
   Convergence achieved       :  9.2035959005605744E-04

 Total surface charge       7.9001
 Reaction field energy  -1403.9134
 Nonpolar SAS/SAV   1669.7603      0.0000
 Cavity solvation energy      8.3488

 NSTEP =        1   TIME(PS) =       0.000  TEMP(K) =     0.00  PRESS =     0.0
 Etot   =      -899.1529  EKtot   =         0.0000  EPtot      =         0.0000
 BOND   =         0.0000  ANGLE   =         0.0000  DIHED      =         0.0000
 1-4 NB =         0.0000  1-4 EEL =         0.0000  VDWAALS    =       -38.9342
 EELEC  =       535.3459  EPB     =     -1403.9134  RESTRAINT  =         0.0000
 ECAVITY=         8.3488  EDISPER =         0.0000
 ------------------------------------------------------------------------------



  Maximum number of minimization cycles reached.


                    FINAL RESULTS


 NSTEP =        1   TIME(PS) =       0.000  TEMP(K) =     0.00  PRESS =     0.0
 Etot   =      -899.1529  EKtot   =         0.0000  EPtot      =         0.0000
 BOND   =         0.0000  ANGLE   =         0.0000  DIHED      =         0.0000
 1-4 NB =         0.0000  1-4 EEL =         0.0000  VDWAALS    =       -38.9342
 EELEC  =       535.3459  EPB     =     -1403.9134  RESTRAINT  =         0.0000
 ECAVITY=         8.3488  EDISPER =         0.0000
 ------------------------------------------------------------------------------


--------------------------------------------------------------------------------
   5.  TIMINGS
--------------------------------------------------------------------------------

| Total time                     0.28
| Read prm/crd time              0.00
| Force time                     0.28
| Nonbond force                  0.28
| PB Nonbond                     0.28
| PB FD grid                     0.00
| PB Sasa                        0.03
| PB FD force                    0.28
| PB Set linear sys              0.08
| PB Solver                      0.19
| PB SA srf                      0.00
| PB SA arc                      0.02
| PB SA arc setup                0.00
| PB circle                      0.02
| PB exclude                     0.01
| PB exmol                       0.08
| PB exmol setup                 0.01
| PB exmol part a                0.00
| PB exmol part b                0.01
| PB exmol part c                0.00
| PB exmol part e                0.00
| PB exmol part f                0.03
| PB epsbnd                      0.00
| PB epsmap                      0.00
|           Job began  at 22:28:49.816  on 09/29/2021
|           Setup done at 22:28:49.821  on 09/29/2021
|           Run   done at 22:28:50.101  on 09/29/2021
|     wallclock() was called     110 times
